[2023-10-11T03:39:26.438+0000] {processor.py:157} INFO - Started process (PID=49) to work on /opt/airflow/dags/demo_dag.py
[2023-10-11T03:39:26.440+0000] {processor.py:829} INFO - Processing file /opt/airflow/dags/demo_dag.py for tasks to queue
[2023-10-11T03:39:26.442+0000] {logging_mixin.py:151} INFO - [2023-10-11T03:39:26.442+0000] {dagbag.py:539} INFO - Filling up the DagBag from /opt/airflow/dags/demo_dag.py
[2023-10-11T03:39:26.485+0000] {processor.py:839} INFO - DAG(s) dict_keys(['demo']) retrieved from /opt/airflow/dags/demo_dag.py
[2023-10-11T03:39:26.616+0000] {logging_mixin.py:151} INFO - [2023-10-11T03:39:26.615+0000] {security.py:708} INFO - Not syncing DAG-level permissions for DAG 'DAG:demo' as access control is unset.
[2023-10-11T03:39:26.618+0000] {logging_mixin.py:151} INFO - [2023-10-11T03:39:26.618+0000] {dag.py:2915} INFO - Sync 1 DAGs
[2023-10-11T03:39:26.643+0000] {logging_mixin.py:151} INFO - [2023-10-11T03:39:26.643+0000] {dag.py:3696} INFO - Setting next_dagrun for demo to 2022-01-17T00:00:00+00:00, run_after=2022-01-18T00:00:00+00:00
[2023-10-11T03:39:26.673+0000] {processor.py:179} INFO - Processing /opt/airflow/dags/demo_dag.py took 0.240 seconds
[2023-10-11T03:39:56.812+0000] {processor.py:157} INFO - Started process (PID=106) to work on /opt/airflow/dags/demo_dag.py
[2023-10-11T03:39:56.816+0000] {processor.py:829} INFO - Processing file /opt/airflow/dags/demo_dag.py for tasks to queue
[2023-10-11T03:39:56.820+0000] {logging_mixin.py:151} INFO - [2023-10-11T03:39:56.819+0000] {dagbag.py:539} INFO - Filling up the DagBag from /opt/airflow/dags/demo_dag.py
[2023-10-11T03:39:56.879+0000] {processor.py:839} INFO - DAG(s) dict_keys(['demo']) retrieved from /opt/airflow/dags/demo_dag.py
[2023-10-11T03:39:56.900+0000] {logging_mixin.py:151} INFO - [2023-10-11T03:39:56.900+0000] {dag.py:2915} INFO - Sync 1 DAGs
[2023-10-11T03:39:56.920+0000] {logging_mixin.py:151} INFO - [2023-10-11T03:39:56.920+0000] {dag.py:3696} INFO - Setting next_dagrun for demo to 2022-01-17T00:00:00+00:00, run_after=2022-01-18T00:00:00+00:00
[2023-10-11T03:39:56.946+0000] {processor.py:179} INFO - Processing /opt/airflow/dags/demo_dag.py took 0.138 seconds
[2023-10-11T03:40:27.455+0000] {processor.py:157} INFO - Started process (PID=163) to work on /opt/airflow/dags/demo_dag.py
[2023-10-11T03:40:27.457+0000] {processor.py:829} INFO - Processing file /opt/airflow/dags/demo_dag.py for tasks to queue
[2023-10-11T03:40:27.459+0000] {logging_mixin.py:151} INFO - [2023-10-11T03:40:27.459+0000] {dagbag.py:539} INFO - Filling up the DagBag from /opt/airflow/dags/demo_dag.py
[2023-10-11T03:40:27.505+0000] {processor.py:839} INFO - DAG(s) dict_keys(['demo']) retrieved from /opt/airflow/dags/demo_dag.py
[2023-10-11T03:40:27.520+0000] {logging_mixin.py:151} INFO - [2023-10-11T03:40:27.520+0000] {dag.py:2915} INFO - Sync 1 DAGs
[2023-10-11T03:40:27.539+0000] {logging_mixin.py:151} INFO - [2023-10-11T03:40:27.539+0000] {dag.py:3696} INFO - Setting next_dagrun for demo to 2022-01-17T00:00:00+00:00, run_after=2022-01-18T00:00:00+00:00
[2023-10-11T03:40:27.573+0000] {processor.py:179} INFO - Processing /opt/airflow/dags/demo_dag.py took 0.128 seconds
[2023-10-11T03:40:58.003+0000] {processor.py:157} INFO - Started process (PID=220) to work on /opt/airflow/dags/demo_dag.py
[2023-10-11T03:40:58.005+0000] {processor.py:829} INFO - Processing file /opt/airflow/dags/demo_dag.py for tasks to queue
[2023-10-11T03:40:58.009+0000] {logging_mixin.py:151} INFO - [2023-10-11T03:40:58.008+0000] {dagbag.py:539} INFO - Filling up the DagBag from /opt/airflow/dags/demo_dag.py
[2023-10-11T03:40:58.062+0000] {processor.py:839} INFO - DAG(s) dict_keys(['demo']) retrieved from /opt/airflow/dags/demo_dag.py
[2023-10-11T03:40:58.084+0000] {logging_mixin.py:151} INFO - [2023-10-11T03:40:58.083+0000] {dag.py:2915} INFO - Sync 1 DAGs
[2023-10-11T03:40:58.110+0000] {logging_mixin.py:151} INFO - [2023-10-11T03:40:58.109+0000] {dag.py:3696} INFO - Setting next_dagrun for demo to 2022-01-17T00:00:00+00:00, run_after=2022-01-18T00:00:00+00:00
[2023-10-11T03:40:58.142+0000] {processor.py:179} INFO - Processing /opt/airflow/dags/demo_dag.py took 0.144 seconds
[2023-10-11T03:41:28.583+0000] {processor.py:157} INFO - Started process (PID=277) to work on /opt/airflow/dags/demo_dag.py
[2023-10-11T03:41:28.586+0000] {processor.py:829} INFO - Processing file /opt/airflow/dags/demo_dag.py for tasks to queue
[2023-10-11T03:41:28.591+0000] {logging_mixin.py:151} INFO - [2023-10-11T03:41:28.591+0000] {dagbag.py:539} INFO - Filling up the DagBag from /opt/airflow/dags/demo_dag.py
[2023-10-11T03:41:28.640+0000] {processor.py:839} INFO - DAG(s) dict_keys(['demo']) retrieved from /opt/airflow/dags/demo_dag.py
[2023-10-11T03:41:28.686+0000] {logging_mixin.py:151} INFO - [2023-10-11T03:41:28.685+0000] {dag.py:2915} INFO - Sync 1 DAGs
[2023-10-11T03:41:28.738+0000] {logging_mixin.py:151} INFO - [2023-10-11T03:41:28.737+0000] {dag.py:3696} INFO - Setting next_dagrun for demo to 2022-01-17T00:00:00+00:00, run_after=2022-01-18T00:00:00+00:00
[2023-10-11T03:41:28.797+0000] {processor.py:179} INFO - Processing /opt/airflow/dags/demo_dag.py took 0.220 seconds
[2023-10-11T03:41:59.163+0000] {processor.py:157} INFO - Started process (PID=334) to work on /opt/airflow/dags/demo_dag.py
[2023-10-11T03:41:59.165+0000] {processor.py:829} INFO - Processing file /opt/airflow/dags/demo_dag.py for tasks to queue
[2023-10-11T03:41:59.168+0000] {logging_mixin.py:151} INFO - [2023-10-11T03:41:59.168+0000] {dagbag.py:539} INFO - Filling up the DagBag from /opt/airflow/dags/demo_dag.py
[2023-10-11T03:41:59.239+0000] {processor.py:839} INFO - DAG(s) dict_keys(['demo']) retrieved from /opt/airflow/dags/demo_dag.py
[2023-10-11T03:41:59.277+0000] {logging_mixin.py:151} INFO - [2023-10-11T03:41:59.277+0000] {dag.py:2915} INFO - Sync 1 DAGs
[2023-10-11T03:41:59.318+0000] {logging_mixin.py:151} INFO - [2023-10-11T03:41:59.318+0000] {dag.py:3696} INFO - Setting next_dagrun for demo to 2022-01-17T00:00:00+00:00, run_after=2022-01-18T00:00:00+00:00
[2023-10-11T03:41:59.363+0000] {processor.py:179} INFO - Processing /opt/airflow/dags/demo_dag.py took 0.202 seconds
[2023-10-11T03:42:29.819+0000] {processor.py:157} INFO - Started process (PID=391) to work on /opt/airflow/dags/demo_dag.py
[2023-10-11T03:42:29.820+0000] {processor.py:829} INFO - Processing file /opt/airflow/dags/demo_dag.py for tasks to queue
[2023-10-11T03:42:29.823+0000] {logging_mixin.py:151} INFO - [2023-10-11T03:42:29.823+0000] {dagbag.py:539} INFO - Filling up the DagBag from /opt/airflow/dags/demo_dag.py
[2023-10-11T03:42:29.869+0000] {processor.py:839} INFO - DAG(s) dict_keys(['demo']) retrieved from /opt/airflow/dags/demo_dag.py
[2023-10-11T03:42:29.893+0000] {logging_mixin.py:151} INFO - [2023-10-11T03:42:29.893+0000] {dag.py:2915} INFO - Sync 1 DAGs
[2023-10-11T03:42:29.927+0000] {logging_mixin.py:151} INFO - [2023-10-11T03:42:29.926+0000] {dag.py:3696} INFO - Setting next_dagrun for demo to 2022-01-17T00:00:00+00:00, run_after=2022-01-18T00:00:00+00:00
[2023-10-11T03:42:29.968+0000] {processor.py:179} INFO - Processing /opt/airflow/dags/demo_dag.py took 0.153 seconds
[2023-10-11T03:43:00.146+0000] {processor.py:157} INFO - Started process (PID=447) to work on /opt/airflow/dags/demo_dag.py
[2023-10-11T03:43:00.148+0000] {processor.py:829} INFO - Processing file /opt/airflow/dags/demo_dag.py for tasks to queue
[2023-10-11T03:43:00.155+0000] {logging_mixin.py:151} INFO - [2023-10-11T03:43:00.154+0000] {dagbag.py:539} INFO - Filling up the DagBag from /opt/airflow/dags/demo_dag.py
[2023-10-11T03:43:00.229+0000] {processor.py:839} INFO - DAG(s) dict_keys(['demo']) retrieved from /opt/airflow/dags/demo_dag.py
[2023-10-11T03:43:00.276+0000] {logging_mixin.py:151} INFO - [2023-10-11T03:43:00.275+0000] {dag.py:2915} INFO - Sync 1 DAGs
[2023-10-11T03:43:00.312+0000] {logging_mixin.py:151} INFO - [2023-10-11T03:43:00.312+0000] {dag.py:3696} INFO - Setting next_dagrun for demo to 2022-01-17T00:00:00+00:00, run_after=2022-01-18T00:00:00+00:00
[2023-10-11T03:43:00.357+0000] {processor.py:179} INFO - Processing /opt/airflow/dags/demo_dag.py took 0.216 seconds
[2023-10-11T03:43:30.761+0000] {processor.py:157} INFO - Started process (PID=504) to work on /opt/airflow/dags/demo_dag.py
[2023-10-11T03:43:30.763+0000] {processor.py:829} INFO - Processing file /opt/airflow/dags/demo_dag.py for tasks to queue
[2023-10-11T03:43:30.769+0000] {logging_mixin.py:151} INFO - [2023-10-11T03:43:30.768+0000] {dagbag.py:539} INFO - Filling up the DagBag from /opt/airflow/dags/demo_dag.py
[2023-10-11T03:43:30.800+0000] {processor.py:839} INFO - DAG(s) dict_keys(['demo']) retrieved from /opt/airflow/dags/demo_dag.py
[2023-10-11T03:43:30.825+0000] {logging_mixin.py:151} INFO - [2023-10-11T03:43:30.825+0000] {dag.py:2915} INFO - Sync 1 DAGs
[2023-10-11T03:43:30.850+0000] {logging_mixin.py:151} INFO - [2023-10-11T03:43:30.849+0000] {dag.py:3696} INFO - Setting next_dagrun for demo to 2022-01-17T00:00:00+00:00, run_after=2022-01-18T00:00:00+00:00
[2023-10-11T03:43:30.873+0000] {processor.py:179} INFO - Processing /opt/airflow/dags/demo_dag.py took 0.116 seconds
[2023-10-11T03:44:01.528+0000] {processor.py:157} INFO - Started process (PID=561) to work on /opt/airflow/dags/demo_dag.py
[2023-10-11T03:44:01.531+0000] {processor.py:829} INFO - Processing file /opt/airflow/dags/demo_dag.py for tasks to queue
[2023-10-11T03:44:01.536+0000] {logging_mixin.py:151} INFO - [2023-10-11T03:44:01.536+0000] {dagbag.py:539} INFO - Filling up the DagBag from /opt/airflow/dags/demo_dag.py
[2023-10-11T03:44:01.611+0000] {processor.py:839} INFO - DAG(s) dict_keys(['demo']) retrieved from /opt/airflow/dags/demo_dag.py
[2023-10-11T03:44:01.654+0000] {logging_mixin.py:151} INFO - [2023-10-11T03:44:01.654+0000] {dag.py:2915} INFO - Sync 1 DAGs
[2023-10-11T03:44:01.686+0000] {logging_mixin.py:151} INFO - [2023-10-11T03:44:01.685+0000] {dag.py:3696} INFO - Setting next_dagrun for demo to 2022-01-17T00:00:00+00:00, run_after=2022-01-18T00:00:00+00:00
[2023-10-11T03:44:01.724+0000] {processor.py:179} INFO - Processing /opt/airflow/dags/demo_dag.py took 0.200 seconds
[2023-10-11T03:44:32.073+0000] {processor.py:157} INFO - Started process (PID=618) to work on /opt/airflow/dags/demo_dag.py
[2023-10-11T03:44:32.075+0000] {processor.py:829} INFO - Processing file /opt/airflow/dags/demo_dag.py for tasks to queue
[2023-10-11T03:44:32.083+0000] {logging_mixin.py:151} INFO - [2023-10-11T03:44:32.082+0000] {dagbag.py:539} INFO - Filling up the DagBag from /opt/airflow/dags/demo_dag.py
[2023-10-11T03:44:32.154+0000] {processor.py:839} INFO - DAG(s) dict_keys(['demo']) retrieved from /opt/airflow/dags/demo_dag.py
[2023-10-11T03:44:32.204+0000] {logging_mixin.py:151} INFO - [2023-10-11T03:44:32.204+0000] {dag.py:2915} INFO - Sync 1 DAGs
[2023-10-11T03:44:32.244+0000] {logging_mixin.py:151} INFO - [2023-10-11T03:44:32.244+0000] {dag.py:3696} INFO - Setting next_dagrun for demo to 2022-01-17T00:00:00+00:00, run_after=2022-01-18T00:00:00+00:00
[2023-10-11T03:44:32.293+0000] {processor.py:179} INFO - Processing /opt/airflow/dags/demo_dag.py took 0.225 seconds
[2023-10-11T03:45:02.408+0000] {processor.py:157} INFO - Started process (PID=674) to work on /opt/airflow/dags/demo_dag.py
[2023-10-11T03:45:02.410+0000] {processor.py:829} INFO - Processing file /opt/airflow/dags/demo_dag.py for tasks to queue
[2023-10-11T03:45:02.414+0000] {logging_mixin.py:151} INFO - [2023-10-11T03:45:02.413+0000] {dagbag.py:539} INFO - Filling up the DagBag from /opt/airflow/dags/demo_dag.py
[2023-10-11T03:45:02.449+0000] {processor.py:839} INFO - DAG(s) dict_keys(['demo']) retrieved from /opt/airflow/dags/demo_dag.py
[2023-10-11T03:45:02.471+0000] {logging_mixin.py:151} INFO - [2023-10-11T03:45:02.470+0000] {dag.py:2915} INFO - Sync 1 DAGs
[2023-10-11T03:45:02.490+0000] {logging_mixin.py:151} INFO - [2023-10-11T03:45:02.490+0000] {dag.py:3696} INFO - Setting next_dagrun for demo to 2022-01-17T00:00:00+00:00, run_after=2022-01-18T00:00:00+00:00
[2023-10-11T03:45:02.521+0000] {processor.py:179} INFO - Processing /opt/airflow/dags/demo_dag.py took 0.117 seconds
[2023-10-11T03:45:32.704+0000] {processor.py:157} INFO - Started process (PID=731) to work on /opt/airflow/dags/demo_dag.py
[2023-10-11T03:45:32.706+0000] {processor.py:829} INFO - Processing file /opt/airflow/dags/demo_dag.py for tasks to queue
[2023-10-11T03:45:32.709+0000] {logging_mixin.py:151} INFO - [2023-10-11T03:45:32.709+0000] {dagbag.py:539} INFO - Filling up the DagBag from /opt/airflow/dags/demo_dag.py
[2023-10-11T03:45:32.757+0000] {processor.py:839} INFO - DAG(s) dict_keys(['demo']) retrieved from /opt/airflow/dags/demo_dag.py
[2023-10-11T03:45:32.779+0000] {logging_mixin.py:151} INFO - [2023-10-11T03:45:32.779+0000] {dag.py:2915} INFO - Sync 1 DAGs
[2023-10-11T03:45:32.799+0000] {logging_mixin.py:151} INFO - [2023-10-11T03:45:32.799+0000] {dag.py:3696} INFO - Setting next_dagrun for demo to 2022-01-17T00:00:00+00:00, run_after=2022-01-18T00:00:00+00:00
[2023-10-11T03:45:32.825+0000] {processor.py:179} INFO - Processing /opt/airflow/dags/demo_dag.py took 0.124 seconds
[2023-10-11T03:46:03.113+0000] {processor.py:157} INFO - Started process (PID=788) to work on /opt/airflow/dags/demo_dag.py
[2023-10-11T03:46:03.114+0000] {processor.py:829} INFO - Processing file /opt/airflow/dags/demo_dag.py for tasks to queue
[2023-10-11T03:46:03.118+0000] {logging_mixin.py:151} INFO - [2023-10-11T03:46:03.117+0000] {dagbag.py:539} INFO - Filling up the DagBag from /opt/airflow/dags/demo_dag.py
[2023-10-11T03:46:03.176+0000] {processor.py:839} INFO - DAG(s) dict_keys(['demo']) retrieved from /opt/airflow/dags/demo_dag.py
[2023-10-11T03:46:03.199+0000] {logging_mixin.py:151} INFO - [2023-10-11T03:46:03.198+0000] {dag.py:2915} INFO - Sync 1 DAGs
[2023-10-11T03:46:03.219+0000] {logging_mixin.py:151} INFO - [2023-10-11T03:46:03.219+0000] {dag.py:3696} INFO - Setting next_dagrun for demo to 2022-01-17T00:00:00+00:00, run_after=2022-01-18T00:00:00+00:00
[2023-10-11T03:46:03.245+0000] {processor.py:179} INFO - Processing /opt/airflow/dags/demo_dag.py took 0.135 seconds
[2023-10-11T03:46:34.104+0000] {processor.py:157} INFO - Started process (PID=846) to work on /opt/airflow/dags/demo_dag.py
[2023-10-11T03:46:34.106+0000] {processor.py:829} INFO - Processing file /opt/airflow/dags/demo_dag.py for tasks to queue
[2023-10-11T03:46:34.110+0000] {logging_mixin.py:151} INFO - [2023-10-11T03:46:34.110+0000] {dagbag.py:539} INFO - Filling up the DagBag from /opt/airflow/dags/demo_dag.py
[2023-10-11T03:46:34.158+0000] {processor.py:839} INFO - DAG(s) dict_keys(['demo']) retrieved from /opt/airflow/dags/demo_dag.py
[2023-10-11T03:46:34.179+0000] {logging_mixin.py:151} INFO - [2023-10-11T03:46:34.179+0000] {dag.py:2915} INFO - Sync 1 DAGs
[2023-10-11T03:46:34.199+0000] {logging_mixin.py:151} INFO - [2023-10-11T03:46:34.198+0000] {dag.py:3696} INFO - Setting next_dagrun for demo to 2022-01-17T00:00:00+00:00, run_after=2022-01-18T00:00:00+00:00
[2023-10-11T03:46:34.222+0000] {processor.py:179} INFO - Processing /opt/airflow/dags/demo_dag.py took 0.123 seconds
[2023-10-11T03:47:04.553+0000] {processor.py:157} INFO - Started process (PID=903) to work on /opt/airflow/dags/demo_dag.py
[2023-10-11T03:47:04.554+0000] {processor.py:829} INFO - Processing file /opt/airflow/dags/demo_dag.py for tasks to queue
[2023-10-11T03:47:04.559+0000] {logging_mixin.py:151} INFO - [2023-10-11T03:47:04.558+0000] {dagbag.py:539} INFO - Filling up the DagBag from /opt/airflow/dags/demo_dag.py
[2023-10-11T03:47:04.600+0000] {processor.py:839} INFO - DAG(s) dict_keys(['demo']) retrieved from /opt/airflow/dags/demo_dag.py
[2023-10-11T03:47:04.630+0000] {logging_mixin.py:151} INFO - [2023-10-11T03:47:04.629+0000] {dag.py:2915} INFO - Sync 1 DAGs
[2023-10-11T03:47:04.655+0000] {logging_mixin.py:151} INFO - [2023-10-11T03:47:04.655+0000] {dag.py:3696} INFO - Setting next_dagrun for demo to 2022-01-17T00:00:00+00:00, run_after=2022-01-18T00:00:00+00:00
[2023-10-11T03:47:04.684+0000] {processor.py:179} INFO - Processing /opt/airflow/dags/demo_dag.py took 0.135 seconds
[2023-10-11T03:47:34.944+0000] {processor.py:157} INFO - Started process (PID=960) to work on /opt/airflow/dags/demo_dag.py
[2023-10-11T03:47:34.945+0000] {processor.py:829} INFO - Processing file /opt/airflow/dags/demo_dag.py for tasks to queue
[2023-10-11T03:47:34.948+0000] {logging_mixin.py:151} INFO - [2023-10-11T03:47:34.948+0000] {dagbag.py:539} INFO - Filling up the DagBag from /opt/airflow/dags/demo_dag.py
[2023-10-11T03:47:34.995+0000] {processor.py:839} INFO - DAG(s) dict_keys(['demo']) retrieved from /opt/airflow/dags/demo_dag.py
[2023-10-11T03:47:35.029+0000] {logging_mixin.py:151} INFO - [2023-10-11T03:47:35.029+0000] {dag.py:2915} INFO - Sync 1 DAGs
[2023-10-11T03:47:35.051+0000] {logging_mixin.py:151} INFO - [2023-10-11T03:47:35.051+0000] {dag.py:3696} INFO - Setting next_dagrun for demo to 2022-01-17T00:00:00+00:00, run_after=2022-01-18T00:00:00+00:00
[2023-10-11T03:47:35.077+0000] {processor.py:179} INFO - Processing /opt/airflow/dags/demo_dag.py took 0.137 seconds
[2023-10-11T03:48:05.414+0000] {processor.py:157} INFO - Started process (PID=1017) to work on /opt/airflow/dags/demo_dag.py
[2023-10-11T03:48:05.416+0000] {processor.py:829} INFO - Processing file /opt/airflow/dags/demo_dag.py for tasks to queue
[2023-10-11T03:48:05.419+0000] {logging_mixin.py:151} INFO - [2023-10-11T03:48:05.418+0000] {dagbag.py:539} INFO - Filling up the DagBag from /opt/airflow/dags/demo_dag.py
[2023-10-11T03:48:05.462+0000] {processor.py:839} INFO - DAG(s) dict_keys(['demo']) retrieved from /opt/airflow/dags/demo_dag.py
[2023-10-11T03:48:05.485+0000] {logging_mixin.py:151} INFO - [2023-10-11T03:48:05.485+0000] {dag.py:2915} INFO - Sync 1 DAGs
[2023-10-11T03:48:05.505+0000] {logging_mixin.py:151} INFO - [2023-10-11T03:48:05.505+0000] {dag.py:3696} INFO - Setting next_dagrun for demo to 2022-01-17T00:00:00+00:00, run_after=2022-01-18T00:00:00+00:00
[2023-10-11T03:48:05.534+0000] {processor.py:179} INFO - Processing /opt/airflow/dags/demo_dag.py took 0.122 seconds
[2023-10-11T03:48:35.936+0000] {processor.py:157} INFO - Started process (PID=1074) to work on /opt/airflow/dags/demo_dag.py
[2023-10-11T03:48:35.937+0000] {processor.py:829} INFO - Processing file /opt/airflow/dags/demo_dag.py for tasks to queue
[2023-10-11T03:48:35.940+0000] {logging_mixin.py:151} INFO - [2023-10-11T03:48:35.940+0000] {dagbag.py:539} INFO - Filling up the DagBag from /opt/airflow/dags/demo_dag.py
[2023-10-11T03:48:35.994+0000] {processor.py:839} INFO - DAG(s) dict_keys(['demo']) retrieved from /opt/airflow/dags/demo_dag.py
[2023-10-11T03:48:36.027+0000] {logging_mixin.py:151} INFO - [2023-10-11T03:48:36.026+0000] {dag.py:2915} INFO - Sync 1 DAGs
[2023-10-11T03:48:36.047+0000] {logging_mixin.py:151} INFO - [2023-10-11T03:48:36.047+0000] {dag.py:3696} INFO - Setting next_dagrun for demo to 2022-01-17T00:00:00+00:00, run_after=2022-01-18T00:00:00+00:00
[2023-10-11T03:48:36.072+0000] {processor.py:179} INFO - Processing /opt/airflow/dags/demo_dag.py took 0.141 seconds
[2023-10-11T03:49:06.382+0000] {processor.py:157} INFO - Started process (PID=1131) to work on /opt/airflow/dags/demo_dag.py
[2023-10-11T03:49:06.384+0000] {processor.py:829} INFO - Processing file /opt/airflow/dags/demo_dag.py for tasks to queue
[2023-10-11T03:49:06.387+0000] {logging_mixin.py:151} INFO - [2023-10-11T03:49:06.387+0000] {dagbag.py:539} INFO - Filling up the DagBag from /opt/airflow/dags/demo_dag.py
[2023-10-11T03:49:06.438+0000] {processor.py:839} INFO - DAG(s) dict_keys(['demo']) retrieved from /opt/airflow/dags/demo_dag.py
[2023-10-11T03:49:06.467+0000] {logging_mixin.py:151} INFO - [2023-10-11T03:49:06.467+0000] {dag.py:2915} INFO - Sync 1 DAGs
[2023-10-11T03:49:06.491+0000] {logging_mixin.py:151} INFO - [2023-10-11T03:49:06.490+0000] {dag.py:3696} INFO - Setting next_dagrun for demo to 2022-01-17T00:00:00+00:00, run_after=2022-01-18T00:00:00+00:00
[2023-10-11T03:49:06.518+0000] {processor.py:179} INFO - Processing /opt/airflow/dags/demo_dag.py took 0.139 seconds
[2023-10-11T03:49:36.704+0000] {processor.py:157} INFO - Started process (PID=1188) to work on /opt/airflow/dags/demo_dag.py
[2023-10-11T03:49:36.706+0000] {processor.py:829} INFO - Processing file /opt/airflow/dags/demo_dag.py for tasks to queue
[2023-10-11T03:49:36.709+0000] {logging_mixin.py:151} INFO - [2023-10-11T03:49:36.708+0000] {dagbag.py:539} INFO - Filling up the DagBag from /opt/airflow/dags/demo_dag.py
[2023-10-11T03:49:36.767+0000] {processor.py:839} INFO - DAG(s) dict_keys(['demo']) retrieved from /opt/airflow/dags/demo_dag.py
[2023-10-11T03:49:36.794+0000] {logging_mixin.py:151} INFO - [2023-10-11T03:49:36.794+0000] {dag.py:2915} INFO - Sync 1 DAGs
[2023-10-11T03:49:36.818+0000] {logging_mixin.py:151} INFO - [2023-10-11T03:49:36.818+0000] {dag.py:3696} INFO - Setting next_dagrun for demo to 2022-01-17T00:00:00+00:00, run_after=2022-01-18T00:00:00+00:00
[2023-10-11T03:49:36.840+0000] {processor.py:179} INFO - Processing /opt/airflow/dags/demo_dag.py took 0.140 seconds
[2023-10-11T03:50:07.031+0000] {processor.py:157} INFO - Started process (PID=1245) to work on /opt/airflow/dags/demo_dag.py
[2023-10-11T03:50:07.033+0000] {processor.py:829} INFO - Processing file /opt/airflow/dags/demo_dag.py for tasks to queue
[2023-10-11T03:50:07.036+0000] {logging_mixin.py:151} INFO - [2023-10-11T03:50:07.036+0000] {dagbag.py:539} INFO - Filling up the DagBag from /opt/airflow/dags/demo_dag.py
[2023-10-11T03:50:07.085+0000] {processor.py:839} INFO - DAG(s) dict_keys(['demo']) retrieved from /opt/airflow/dags/demo_dag.py
[2023-10-11T03:50:07.114+0000] {logging_mixin.py:151} INFO - [2023-10-11T03:50:07.114+0000] {dag.py:2915} INFO - Sync 1 DAGs
[2023-10-11T03:50:07.137+0000] {logging_mixin.py:151} INFO - [2023-10-11T03:50:07.136+0000] {dag.py:3696} INFO - Setting next_dagrun for demo to 2022-01-17T00:00:00+00:00, run_after=2022-01-18T00:00:00+00:00
[2023-10-11T03:50:07.159+0000] {processor.py:179} INFO - Processing /opt/airflow/dags/demo_dag.py took 0.131 seconds
[2023-10-11T03:50:37.609+0000] {processor.py:157} INFO - Started process (PID=1302) to work on /opt/airflow/dags/demo_dag.py
[2023-10-11T03:50:37.612+0000] {processor.py:829} INFO - Processing file /opt/airflow/dags/demo_dag.py for tasks to queue
[2023-10-11T03:50:37.617+0000] {logging_mixin.py:151} INFO - [2023-10-11T03:50:37.616+0000] {dagbag.py:539} INFO - Filling up the DagBag from /opt/airflow/dags/demo_dag.py
[2023-10-11T03:50:37.660+0000] {processor.py:839} INFO - DAG(s) dict_keys(['demo']) retrieved from /opt/airflow/dags/demo_dag.py
[2023-10-11T03:50:37.688+0000] {logging_mixin.py:151} INFO - [2023-10-11T03:50:37.688+0000] {dag.py:2915} INFO - Sync 1 DAGs
[2023-10-11T03:50:37.709+0000] {logging_mixin.py:151} INFO - [2023-10-11T03:50:37.709+0000] {dag.py:3696} INFO - Setting next_dagrun for demo to 2022-01-17T00:00:00+00:00, run_after=2022-01-18T00:00:00+00:00
[2023-10-11T03:50:37.734+0000] {processor.py:179} INFO - Processing /opt/airflow/dags/demo_dag.py took 0.129 seconds
[2023-10-11T03:51:07.989+0000] {processor.py:157} INFO - Started process (PID=1366) to work on /opt/airflow/dags/demo_dag.py
[2023-10-11T03:51:07.991+0000] {processor.py:829} INFO - Processing file /opt/airflow/dags/demo_dag.py for tasks to queue
[2023-10-11T03:51:07.995+0000] {logging_mixin.py:151} INFO - [2023-10-11T03:51:07.995+0000] {dagbag.py:539} INFO - Filling up the DagBag from /opt/airflow/dags/demo_dag.py
[2023-10-11T03:51:08.048+0000] {processor.py:839} INFO - DAG(s) dict_keys(['demo']) retrieved from /opt/airflow/dags/demo_dag.py
[2023-10-11T03:51:08.085+0000] {logging_mixin.py:151} INFO - [2023-10-11T03:51:08.084+0000] {dag.py:2915} INFO - Sync 1 DAGs
[2023-10-11T03:51:08.111+0000] {logging_mixin.py:151} INFO - [2023-10-11T03:51:08.111+0000] {dag.py:3696} INFO - Setting next_dagrun for demo to 2022-01-17T00:00:00+00:00, run_after=2022-01-18T00:00:00+00:00
[2023-10-11T03:51:08.141+0000] {processor.py:179} INFO - Processing /opt/airflow/dags/demo_dag.py took 0.157 seconds
[2023-10-11T03:51:38.404+0000] {processor.py:157} INFO - Started process (PID=1423) to work on /opt/airflow/dags/demo_dag.py
[2023-10-11T03:51:38.405+0000] {processor.py:829} INFO - Processing file /opt/airflow/dags/demo_dag.py for tasks to queue
[2023-10-11T03:51:38.409+0000] {logging_mixin.py:151} INFO - [2023-10-11T03:51:38.408+0000] {dagbag.py:539} INFO - Filling up the DagBag from /opt/airflow/dags/demo_dag.py
[2023-10-11T03:51:38.458+0000] {processor.py:839} INFO - DAG(s) dict_keys(['demo']) retrieved from /opt/airflow/dags/demo_dag.py
[2023-10-11T03:51:38.484+0000] {logging_mixin.py:151} INFO - [2023-10-11T03:51:38.484+0000] {dag.py:2915} INFO - Sync 1 DAGs
[2023-10-11T03:51:38.507+0000] {logging_mixin.py:151} INFO - [2023-10-11T03:51:38.507+0000] {dag.py:3696} INFO - Setting next_dagrun for demo to 2022-01-17T00:00:00+00:00, run_after=2022-01-18T00:00:00+00:00
[2023-10-11T03:51:38.533+0000] {processor.py:179} INFO - Processing /opt/airflow/dags/demo_dag.py took 0.132 seconds
[2023-10-11T03:52:09.187+0000] {processor.py:157} INFO - Started process (PID=1480) to work on /opt/airflow/dags/demo_dag.py
[2023-10-11T03:52:09.190+0000] {processor.py:829} INFO - Processing file /opt/airflow/dags/demo_dag.py for tasks to queue
[2023-10-11T03:52:09.194+0000] {logging_mixin.py:151} INFO - [2023-10-11T03:52:09.193+0000] {dagbag.py:539} INFO - Filling up the DagBag from /opt/airflow/dags/demo_dag.py
[2023-10-11T03:52:09.235+0000] {processor.py:839} INFO - DAG(s) dict_keys(['demo']) retrieved from /opt/airflow/dags/demo_dag.py
[2023-10-11T03:52:09.262+0000] {logging_mixin.py:151} INFO - [2023-10-11T03:52:09.262+0000] {dag.py:2915} INFO - Sync 1 DAGs
[2023-10-11T03:52:09.287+0000] {logging_mixin.py:151} INFO - [2023-10-11T03:52:09.287+0000] {dag.py:3696} INFO - Setting next_dagrun for demo to 2022-01-17T00:00:00+00:00, run_after=2022-01-18T00:00:00+00:00
[2023-10-11T03:52:09.311+0000] {processor.py:179} INFO - Processing /opt/airflow/dags/demo_dag.py took 0.128 seconds
[2023-10-11T03:52:39.570+0000] {processor.py:157} INFO - Started process (PID=1537) to work on /opt/airflow/dags/demo_dag.py
[2023-10-11T03:52:39.572+0000] {processor.py:829} INFO - Processing file /opt/airflow/dags/demo_dag.py for tasks to queue
[2023-10-11T03:52:39.575+0000] {logging_mixin.py:151} INFO - [2023-10-11T03:52:39.574+0000] {dagbag.py:539} INFO - Filling up the DagBag from /opt/airflow/dags/demo_dag.py
[2023-10-11T03:52:39.621+0000] {processor.py:839} INFO - DAG(s) dict_keys(['demo']) retrieved from /opt/airflow/dags/demo_dag.py
[2023-10-11T03:52:39.647+0000] {logging_mixin.py:151} INFO - [2023-10-11T03:52:39.646+0000] {dag.py:2915} INFO - Sync 1 DAGs
[2023-10-11T03:52:39.667+0000] {logging_mixin.py:151} INFO - [2023-10-11T03:52:39.666+0000] {dag.py:3696} INFO - Setting next_dagrun for demo to 2022-01-17T00:00:00+00:00, run_after=2022-01-18T00:00:00+00:00
[2023-10-11T03:52:39.693+0000] {processor.py:179} INFO - Processing /opt/airflow/dags/demo_dag.py took 0.128 seconds
[2023-10-11T03:53:09.839+0000] {processor.py:157} INFO - Started process (PID=1594) to work on /opt/airflow/dags/demo_dag.py
[2023-10-11T03:53:09.842+0000] {processor.py:829} INFO - Processing file /opt/airflow/dags/demo_dag.py for tasks to queue
[2023-10-11T03:53:09.847+0000] {logging_mixin.py:151} INFO - [2023-10-11T03:53:09.846+0000] {dagbag.py:539} INFO - Filling up the DagBag from /opt/airflow/dags/demo_dag.py
[2023-10-11T03:53:09.898+0000] {processor.py:839} INFO - DAG(s) dict_keys(['demo']) retrieved from /opt/airflow/dags/demo_dag.py
[2023-10-11T03:53:09.930+0000] {logging_mixin.py:151} INFO - [2023-10-11T03:53:09.930+0000] {dag.py:2915} INFO - Sync 1 DAGs
[2023-10-11T03:53:09.957+0000] {logging_mixin.py:151} INFO - [2023-10-11T03:53:09.956+0000] {dag.py:3696} INFO - Setting next_dagrun for demo to 2022-01-17T00:00:00+00:00, run_after=2022-01-18T00:00:00+00:00
[2023-10-11T03:53:09.981+0000] {processor.py:179} INFO - Processing /opt/airflow/dags/demo_dag.py took 0.147 seconds
[2023-10-11T03:53:40.964+0000] {processor.py:157} INFO - Started process (PID=1651) to work on /opt/airflow/dags/demo_dag.py
[2023-10-11T03:53:40.965+0000] {processor.py:829} INFO - Processing file /opt/airflow/dags/demo_dag.py for tasks to queue
[2023-10-11T03:53:40.969+0000] {logging_mixin.py:151} INFO - [2023-10-11T03:53:40.968+0000] {dagbag.py:539} INFO - Filling up the DagBag from /opt/airflow/dags/demo_dag.py
[2023-10-11T03:53:41.024+0000] {processor.py:839} INFO - DAG(s) dict_keys(['demo']) retrieved from /opt/airflow/dags/demo_dag.py
[2023-10-11T03:53:41.063+0000] {logging_mixin.py:151} INFO - [2023-10-11T03:53:41.062+0000] {dag.py:2915} INFO - Sync 1 DAGs
[2023-10-11T03:53:41.084+0000] {logging_mixin.py:151} INFO - [2023-10-11T03:53:41.084+0000] {dag.py:3696} INFO - Setting next_dagrun for demo to 2022-01-17T00:00:00+00:00, run_after=2022-01-18T00:00:00+00:00
[2023-10-11T03:53:41.111+0000] {processor.py:179} INFO - Processing /opt/airflow/dags/demo_dag.py took 0.150 seconds
[2023-10-11T03:54:11.192+0000] {processor.py:157} INFO - Started process (PID=1707) to work on /opt/airflow/dags/demo_dag.py
[2023-10-11T03:54:11.193+0000] {processor.py:829} INFO - Processing file /opt/airflow/dags/demo_dag.py for tasks to queue
[2023-10-11T03:54:11.197+0000] {logging_mixin.py:151} INFO - [2023-10-11T03:54:11.197+0000] {dagbag.py:539} INFO - Filling up the DagBag from /opt/airflow/dags/demo_dag.py
[2023-10-11T03:54:11.242+0000] {processor.py:839} INFO - DAG(s) dict_keys(['demo']) retrieved from /opt/airflow/dags/demo_dag.py
[2023-10-11T03:54:11.263+0000] {logging_mixin.py:151} INFO - [2023-10-11T03:54:11.263+0000] {dag.py:2915} INFO - Sync 1 DAGs
[2023-10-11T03:54:11.286+0000] {logging_mixin.py:151} INFO - [2023-10-11T03:54:11.286+0000] {dag.py:3696} INFO - Setting next_dagrun for demo to 2022-01-17T00:00:00+00:00, run_after=2022-01-18T00:00:00+00:00
[2023-10-11T03:54:11.311+0000] {processor.py:179} INFO - Processing /opt/airflow/dags/demo_dag.py took 0.123 seconds
[2023-10-11T03:54:41.587+0000] {processor.py:157} INFO - Started process (PID=1764) to work on /opt/airflow/dags/demo_dag.py
[2023-10-11T03:54:41.588+0000] {processor.py:829} INFO - Processing file /opt/airflow/dags/demo_dag.py for tasks to queue
[2023-10-11T03:54:41.591+0000] {logging_mixin.py:151} INFO - [2023-10-11T03:54:41.591+0000] {dagbag.py:539} INFO - Filling up the DagBag from /opt/airflow/dags/demo_dag.py
[2023-10-11T03:54:41.650+0000] {processor.py:839} INFO - DAG(s) dict_keys(['demo']) retrieved from /opt/airflow/dags/demo_dag.py
[2023-10-11T03:54:41.677+0000] {logging_mixin.py:151} INFO - [2023-10-11T03:54:41.677+0000] {dag.py:2915} INFO - Sync 1 DAGs
[2023-10-11T03:54:41.706+0000] {logging_mixin.py:151} INFO - [2023-10-11T03:54:41.706+0000] {dag.py:3696} INFO - Setting next_dagrun for demo to 2022-01-17T00:00:00+00:00, run_after=2022-01-18T00:00:00+00:00
[2023-10-11T03:54:41.729+0000] {processor.py:179} INFO - Processing /opt/airflow/dags/demo_dag.py took 0.147 seconds
[2023-10-11T03:55:11.889+0000] {processor.py:157} INFO - Started process (PID=1821) to work on /opt/airflow/dags/demo_dag.py
[2023-10-11T03:55:11.891+0000] {processor.py:829} INFO - Processing file /opt/airflow/dags/demo_dag.py for tasks to queue
[2023-10-11T03:55:11.894+0000] {logging_mixin.py:151} INFO - [2023-10-11T03:55:11.894+0000] {dagbag.py:539} INFO - Filling up the DagBag from /opt/airflow/dags/demo_dag.py
[2023-10-11T03:55:11.952+0000] {processor.py:839} INFO - DAG(s) dict_keys(['demo']) retrieved from /opt/airflow/dags/demo_dag.py
[2023-10-11T03:55:11.974+0000] {logging_mixin.py:151} INFO - [2023-10-11T03:55:11.974+0000] {dag.py:2915} INFO - Sync 1 DAGs
[2023-10-11T03:55:11.996+0000] {logging_mixin.py:151} INFO - [2023-10-11T03:55:11.995+0000] {dag.py:3696} INFO - Setting next_dagrun for demo to 2022-01-17T00:00:00+00:00, run_after=2022-01-18T00:00:00+00:00
[2023-10-11T03:55:12.025+0000] {processor.py:179} INFO - Processing /opt/airflow/dags/demo_dag.py took 0.140 seconds
[2023-10-11T03:55:42.254+0000] {processor.py:157} INFO - Started process (PID=1878) to work on /opt/airflow/dags/demo_dag.py
[2023-10-11T03:55:42.258+0000] {processor.py:829} INFO - Processing file /opt/airflow/dags/demo_dag.py for tasks to queue
[2023-10-11T03:55:42.262+0000] {logging_mixin.py:151} INFO - [2023-10-11T03:55:42.261+0000] {dagbag.py:539} INFO - Filling up the DagBag from /opt/airflow/dags/demo_dag.py
[2023-10-11T03:55:42.308+0000] {processor.py:839} INFO - DAG(s) dict_keys(['demo']) retrieved from /opt/airflow/dags/demo_dag.py
[2023-10-11T03:55:42.327+0000] {logging_mixin.py:151} INFO - [2023-10-11T03:55:42.327+0000] {dag.py:2915} INFO - Sync 1 DAGs
[2023-10-11T03:55:42.348+0000] {logging_mixin.py:151} INFO - [2023-10-11T03:55:42.348+0000] {dag.py:3696} INFO - Setting next_dagrun for demo to 2022-01-17T00:00:00+00:00, run_after=2022-01-18T00:00:00+00:00
[2023-10-11T03:55:42.374+0000] {processor.py:179} INFO - Processing /opt/airflow/dags/demo_dag.py took 0.126 seconds
[2023-10-11T03:56:12.858+0000] {processor.py:157} INFO - Started process (PID=1936) to work on /opt/airflow/dags/demo_dag.py
[2023-10-11T03:56:12.861+0000] {processor.py:829} INFO - Processing file /opt/airflow/dags/demo_dag.py for tasks to queue
[2023-10-11T03:56:12.867+0000] {logging_mixin.py:151} INFO - [2023-10-11T03:56:12.866+0000] {dagbag.py:539} INFO - Filling up the DagBag from /opt/airflow/dags/demo_dag.py
[2023-10-11T03:56:12.937+0000] {processor.py:839} INFO - DAG(s) dict_keys(['demo']) retrieved from /opt/airflow/dags/demo_dag.py
[2023-10-11T03:56:12.967+0000] {logging_mixin.py:151} INFO - [2023-10-11T03:56:12.966+0000] {dag.py:2915} INFO - Sync 1 DAGs
[2023-10-11T03:56:12.988+0000] {logging_mixin.py:151} INFO - [2023-10-11T03:56:12.988+0000] {dag.py:3696} INFO - Setting next_dagrun for demo to 2022-01-17T00:00:00+00:00, run_after=2022-01-18T00:00:00+00:00
[2023-10-11T03:56:13.010+0000] {processor.py:179} INFO - Processing /opt/airflow/dags/demo_dag.py took 0.158 seconds
[2023-10-11T03:56:43.225+0000] {processor.py:157} INFO - Started process (PID=1993) to work on /opt/airflow/dags/demo_dag.py
[2023-10-11T03:56:43.227+0000] {processor.py:829} INFO - Processing file /opt/airflow/dags/demo_dag.py for tasks to queue
[2023-10-11T03:56:43.232+0000] {logging_mixin.py:151} INFO - [2023-10-11T03:56:43.231+0000] {dagbag.py:539} INFO - Filling up the DagBag from /opt/airflow/dags/demo_dag.py
[2023-10-11T03:56:43.290+0000] {processor.py:839} INFO - DAG(s) dict_keys(['demo']) retrieved from /opt/airflow/dags/demo_dag.py
[2023-10-11T03:56:43.320+0000] {logging_mixin.py:151} INFO - [2023-10-11T03:56:43.319+0000] {dag.py:2915} INFO - Sync 1 DAGs
[2023-10-11T03:56:43.345+0000] {logging_mixin.py:151} INFO - [2023-10-11T03:56:43.345+0000] {dag.py:3696} INFO - Setting next_dagrun for demo to 2022-01-17T00:00:00+00:00, run_after=2022-01-18T00:00:00+00:00
[2023-10-11T03:56:43.369+0000] {processor.py:179} INFO - Processing /opt/airflow/dags/demo_dag.py took 0.149 seconds
[2023-10-11T03:57:13.722+0000] {processor.py:157} INFO - Started process (PID=2050) to work on /opt/airflow/dags/demo_dag.py
[2023-10-11T03:57:13.723+0000] {processor.py:829} INFO - Processing file /opt/airflow/dags/demo_dag.py for tasks to queue
[2023-10-11T03:57:13.726+0000] {logging_mixin.py:151} INFO - [2023-10-11T03:57:13.726+0000] {dagbag.py:539} INFO - Filling up the DagBag from /opt/airflow/dags/demo_dag.py
[2023-10-11T03:57:13.767+0000] {processor.py:839} INFO - DAG(s) dict_keys(['demo']) retrieved from /opt/airflow/dags/demo_dag.py
[2023-10-11T03:57:13.793+0000] {logging_mixin.py:151} INFO - [2023-10-11T03:57:13.793+0000] {dag.py:2915} INFO - Sync 1 DAGs
[2023-10-11T03:57:13.814+0000] {logging_mixin.py:151} INFO - [2023-10-11T03:57:13.814+0000] {dag.py:3696} INFO - Setting next_dagrun for demo to 2022-01-17T00:00:00+00:00, run_after=2022-01-18T00:00:00+00:00
[2023-10-11T03:57:13.838+0000] {processor.py:179} INFO - Processing /opt/airflow/dags/demo_dag.py took 0.119 seconds
[2023-10-11T03:57:44.509+0000] {processor.py:157} INFO - Started process (PID=2107) to work on /opt/airflow/dags/demo_dag.py
[2023-10-11T03:57:44.510+0000] {processor.py:829} INFO - Processing file /opt/airflow/dags/demo_dag.py for tasks to queue
[2023-10-11T03:57:44.513+0000] {logging_mixin.py:151} INFO - [2023-10-11T03:57:44.513+0000] {dagbag.py:539} INFO - Filling up the DagBag from /opt/airflow/dags/demo_dag.py
[2023-10-11T03:57:44.560+0000] {processor.py:839} INFO - DAG(s) dict_keys(['demo']) retrieved from /opt/airflow/dags/demo_dag.py
[2023-10-11T03:57:44.587+0000] {logging_mixin.py:151} INFO - [2023-10-11T03:57:44.587+0000] {dag.py:2915} INFO - Sync 1 DAGs
[2023-10-11T03:57:44.608+0000] {logging_mixin.py:151} INFO - [2023-10-11T03:57:44.608+0000] {dag.py:3696} INFO - Setting next_dagrun for demo to 2022-01-17T00:00:00+00:00, run_after=2022-01-18T00:00:00+00:00
[2023-10-11T03:57:44.633+0000] {processor.py:179} INFO - Processing /opt/airflow/dags/demo_dag.py took 0.127 seconds
[2023-10-11T03:58:14.801+0000] {processor.py:157} INFO - Started process (PID=2164) to work on /opt/airflow/dags/demo_dag.py
[2023-10-11T03:58:14.803+0000] {processor.py:829} INFO - Processing file /opt/airflow/dags/demo_dag.py for tasks to queue
[2023-10-11T03:58:14.805+0000] {logging_mixin.py:151} INFO - [2023-10-11T03:58:14.805+0000] {dagbag.py:539} INFO - Filling up the DagBag from /opt/airflow/dags/demo_dag.py
[2023-10-11T03:58:14.855+0000] {processor.py:839} INFO - DAG(s) dict_keys(['demo']) retrieved from /opt/airflow/dags/demo_dag.py
[2023-10-11T03:58:14.878+0000] {logging_mixin.py:151} INFO - [2023-10-11T03:58:14.878+0000] {dag.py:2915} INFO - Sync 1 DAGs
[2023-10-11T03:58:14.898+0000] {logging_mixin.py:151} INFO - [2023-10-11T03:58:14.898+0000] {dag.py:3696} INFO - Setting next_dagrun for demo to 2022-01-17T00:00:00+00:00, run_after=2022-01-18T00:00:00+00:00
[2023-10-11T03:58:14.924+0000] {processor.py:179} INFO - Processing /opt/airflow/dags/demo_dag.py took 0.127 seconds
[2023-10-11T03:58:45.098+0000] {processor.py:157} INFO - Started process (PID=2221) to work on /opt/airflow/dags/demo_dag.py
[2023-10-11T03:58:45.100+0000] {processor.py:829} INFO - Processing file /opt/airflow/dags/demo_dag.py for tasks to queue
[2023-10-11T03:58:45.103+0000] {logging_mixin.py:151} INFO - [2023-10-11T03:58:45.103+0000] {dagbag.py:539} INFO - Filling up the DagBag from /opt/airflow/dags/demo_dag.py
[2023-10-11T03:58:45.142+0000] {processor.py:839} INFO - DAG(s) dict_keys(['demo']) retrieved from /opt/airflow/dags/demo_dag.py
[2023-10-11T03:58:45.165+0000] {logging_mixin.py:151} INFO - [2023-10-11T03:58:45.165+0000] {dag.py:2915} INFO - Sync 1 DAGs
[2023-10-11T03:58:45.187+0000] {logging_mixin.py:151} INFO - [2023-10-11T03:58:45.186+0000] {dag.py:3696} INFO - Setting next_dagrun for demo to 2022-01-17T00:00:00+00:00, run_after=2022-01-18T00:00:00+00:00
[2023-10-11T03:58:45.209+0000] {processor.py:179} INFO - Processing /opt/airflow/dags/demo_dag.py took 0.114 seconds
[2023-10-11T03:59:15.476+0000] {processor.py:157} INFO - Started process (PID=2278) to work on /opt/airflow/dags/demo_dag.py
[2023-10-11T03:59:15.478+0000] {processor.py:829} INFO - Processing file /opt/airflow/dags/demo_dag.py for tasks to queue
[2023-10-11T03:59:15.481+0000] {logging_mixin.py:151} INFO - [2023-10-11T03:59:15.480+0000] {dagbag.py:539} INFO - Filling up the DagBag from /opt/airflow/dags/demo_dag.py
[2023-10-11T03:59:15.529+0000] {processor.py:839} INFO - DAG(s) dict_keys(['demo']) retrieved from /opt/airflow/dags/demo_dag.py
[2023-10-11T03:59:15.558+0000] {logging_mixin.py:151} INFO - [2023-10-11T03:59:15.557+0000] {dag.py:2915} INFO - Sync 1 DAGs
[2023-10-11T03:59:15.582+0000] {logging_mixin.py:151} INFO - [2023-10-11T03:59:15.581+0000] {dag.py:3696} INFO - Setting next_dagrun for demo to 2022-01-17T00:00:00+00:00, run_after=2022-01-18T00:00:00+00:00
[2023-10-11T03:59:15.607+0000] {processor.py:179} INFO - Processing /opt/airflow/dags/demo_dag.py took 0.134 seconds
[2023-10-11T03:59:46.163+0000] {processor.py:157} INFO - Started process (PID=2335) to work on /opt/airflow/dags/demo_dag.py
[2023-10-11T03:59:46.165+0000] {processor.py:829} INFO - Processing file /opt/airflow/dags/demo_dag.py for tasks to queue
[2023-10-11T03:59:46.169+0000] {logging_mixin.py:151} INFO - [2023-10-11T03:59:46.168+0000] {dagbag.py:539} INFO - Filling up the DagBag from /opt/airflow/dags/demo_dag.py
[2023-10-11T03:59:46.221+0000] {processor.py:839} INFO - DAG(s) dict_keys(['demo']) retrieved from /opt/airflow/dags/demo_dag.py
[2023-10-11T03:59:46.249+0000] {logging_mixin.py:151} INFO - [2023-10-11T03:59:46.249+0000] {dag.py:2915} INFO - Sync 1 DAGs
[2023-10-11T03:59:46.269+0000] {logging_mixin.py:151} INFO - [2023-10-11T03:59:46.269+0000] {dag.py:3696} INFO - Setting next_dagrun for demo to 2022-01-17T00:00:00+00:00, run_after=2022-01-18T00:00:00+00:00
[2023-10-11T03:59:46.294+0000] {processor.py:179} INFO - Processing /opt/airflow/dags/demo_dag.py took 0.133 seconds
[2023-10-11T04:00:16.485+0000] {processor.py:157} INFO - Started process (PID=2392) to work on /opt/airflow/dags/demo_dag.py
[2023-10-11T04:00:16.486+0000] {processor.py:829} INFO - Processing file /opt/airflow/dags/demo_dag.py for tasks to queue
[2023-10-11T04:00:16.489+0000] {logging_mixin.py:151} INFO - [2023-10-11T04:00:16.489+0000] {dagbag.py:539} INFO - Filling up the DagBag from /opt/airflow/dags/demo_dag.py
[2023-10-11T04:00:16.537+0000] {processor.py:839} INFO - DAG(s) dict_keys(['demo']) retrieved from /opt/airflow/dags/demo_dag.py
[2023-10-11T04:00:16.565+0000] {logging_mixin.py:151} INFO - [2023-10-11T04:00:16.564+0000] {dag.py:2915} INFO - Sync 1 DAGs
[2023-10-11T04:00:16.588+0000] {logging_mixin.py:151} INFO - [2023-10-11T04:00:16.588+0000] {dag.py:3696} INFO - Setting next_dagrun for demo to 2022-01-17T00:00:00+00:00, run_after=2022-01-18T00:00:00+00:00
[2023-10-11T04:00:16.611+0000] {processor.py:179} INFO - Processing /opt/airflow/dags/demo_dag.py took 0.130 seconds
[2023-10-11T04:00:46.934+0000] {processor.py:157} INFO - Started process (PID=2449) to work on /opt/airflow/dags/demo_dag.py
[2023-10-11T04:00:46.936+0000] {processor.py:829} INFO - Processing file /opt/airflow/dags/demo_dag.py for tasks to queue
[2023-10-11T04:00:46.939+0000] {logging_mixin.py:151} INFO - [2023-10-11T04:00:46.939+0000] {dagbag.py:539} INFO - Filling up the DagBag from /opt/airflow/dags/demo_dag.py
[2023-10-11T04:00:46.983+0000] {processor.py:839} INFO - DAG(s) dict_keys(['demo']) retrieved from /opt/airflow/dags/demo_dag.py
[2023-10-11T04:00:47.005+0000] {logging_mixin.py:151} INFO - [2023-10-11T04:00:47.005+0000] {dag.py:2915} INFO - Sync 1 DAGs
[2023-10-11T04:00:47.024+0000] {logging_mixin.py:151} INFO - [2023-10-11T04:00:47.024+0000] {dag.py:3696} INFO - Setting next_dagrun for demo to 2022-01-17T00:00:00+00:00, run_after=2022-01-18T00:00:00+00:00
[2023-10-11T04:00:47.047+0000] {processor.py:179} INFO - Processing /opt/airflow/dags/demo_dag.py took 0.116 seconds
[2023-10-11T04:01:17.264+0000] {processor.py:157} INFO - Started process (PID=2506) to work on /opt/airflow/dags/demo_dag.py
[2023-10-11T04:01:17.265+0000] {processor.py:829} INFO - Processing file /opt/airflow/dags/demo_dag.py for tasks to queue
[2023-10-11T04:01:17.269+0000] {logging_mixin.py:151} INFO - [2023-10-11T04:01:17.269+0000] {dagbag.py:539} INFO - Filling up the DagBag from /opt/airflow/dags/demo_dag.py
[2023-10-11T04:01:17.320+0000] {processor.py:839} INFO - DAG(s) dict_keys(['demo']) retrieved from /opt/airflow/dags/demo_dag.py
[2023-10-11T04:01:17.345+0000] {logging_mixin.py:151} INFO - [2023-10-11T04:01:17.344+0000] {dag.py:2915} INFO - Sync 1 DAGs
[2023-10-11T04:01:17.365+0000] {logging_mixin.py:151} INFO - [2023-10-11T04:01:17.365+0000] {dag.py:3696} INFO - Setting next_dagrun for demo to 2022-01-17T00:00:00+00:00, run_after=2022-01-18T00:00:00+00:00
[2023-10-11T04:01:17.389+0000] {processor.py:179} INFO - Processing /opt/airflow/dags/demo_dag.py took 0.128 seconds
[2023-10-11T04:01:47.837+0000] {processor.py:157} INFO - Started process (PID=2563) to work on /opt/airflow/dags/demo_dag.py
[2023-10-11T04:01:47.839+0000] {processor.py:829} INFO - Processing file /opt/airflow/dags/demo_dag.py for tasks to queue
[2023-10-11T04:01:47.842+0000] {logging_mixin.py:151} INFO - [2023-10-11T04:01:47.842+0000] {dagbag.py:539} INFO - Filling up the DagBag from /opt/airflow/dags/demo_dag.py
[2023-10-11T04:01:47.882+0000] {processor.py:839} INFO - DAG(s) dict_keys(['demo']) retrieved from /opt/airflow/dags/demo_dag.py
[2023-10-11T04:01:47.908+0000] {logging_mixin.py:151} INFO - [2023-10-11T04:01:47.907+0000] {dag.py:2915} INFO - Sync 1 DAGs
[2023-10-11T04:01:47.926+0000] {logging_mixin.py:151} INFO - [2023-10-11T04:01:47.926+0000] {dag.py:3696} INFO - Setting next_dagrun for demo to 2022-01-17T00:00:00+00:00, run_after=2022-01-18T00:00:00+00:00
[2023-10-11T04:01:47.946+0000] {processor.py:179} INFO - Processing /opt/airflow/dags/demo_dag.py took 0.112 seconds
[2023-10-11T04:02:18.390+0000] {processor.py:157} INFO - Started process (PID=2620) to work on /opt/airflow/dags/demo_dag.py
[2023-10-11T04:02:18.392+0000] {processor.py:829} INFO - Processing file /opt/airflow/dags/demo_dag.py for tasks to queue
[2023-10-11T04:02:18.396+0000] {logging_mixin.py:151} INFO - [2023-10-11T04:02:18.395+0000] {dagbag.py:539} INFO - Filling up the DagBag from /opt/airflow/dags/demo_dag.py
[2023-10-11T04:02:18.440+0000] {processor.py:839} INFO - DAG(s) dict_keys(['demo']) retrieved from /opt/airflow/dags/demo_dag.py
[2023-10-11T04:02:18.473+0000] {logging_mixin.py:151} INFO - [2023-10-11T04:02:18.472+0000] {dag.py:2915} INFO - Sync 1 DAGs
[2023-10-11T04:02:18.499+0000] {logging_mixin.py:151} INFO - [2023-10-11T04:02:18.499+0000] {dag.py:3696} INFO - Setting next_dagrun for demo to 2022-01-17T00:00:00+00:00, run_after=2022-01-18T00:00:00+00:00
[2023-10-11T04:02:18.524+0000] {processor.py:179} INFO - Processing /opt/airflow/dags/demo_dag.py took 0.138 seconds
[2023-10-11T04:02:49.264+0000] {processor.py:157} INFO - Started process (PID=2677) to work on /opt/airflow/dags/demo_dag.py
[2023-10-11T04:02:49.266+0000] {processor.py:829} INFO - Processing file /opt/airflow/dags/demo_dag.py for tasks to queue
[2023-10-11T04:02:49.268+0000] {logging_mixin.py:151} INFO - [2023-10-11T04:02:49.268+0000] {dagbag.py:539} INFO - Filling up the DagBag from /opt/airflow/dags/demo_dag.py
[2023-10-11T04:02:49.308+0000] {processor.py:839} INFO - DAG(s) dict_keys(['demo']) retrieved from /opt/airflow/dags/demo_dag.py
[2023-10-11T04:02:49.330+0000] {logging_mixin.py:151} INFO - [2023-10-11T04:02:49.330+0000] {dag.py:2915} INFO - Sync 1 DAGs
[2023-10-11T04:02:49.350+0000] {logging_mixin.py:151} INFO - [2023-10-11T04:02:49.350+0000] {dag.py:3696} INFO - Setting next_dagrun for demo to 2022-01-17T00:00:00+00:00, run_after=2022-01-18T00:00:00+00:00
[2023-10-11T04:02:49.375+0000] {processor.py:179} INFO - Processing /opt/airflow/dags/demo_dag.py took 0.114 seconds
[2023-10-11T04:03:20.007+0000] {processor.py:157} INFO - Started process (PID=2734) to work on /opt/airflow/dags/demo_dag.py
[2023-10-11T04:03:20.008+0000] {processor.py:829} INFO - Processing file /opt/airflow/dags/demo_dag.py for tasks to queue
[2023-10-11T04:03:20.012+0000] {logging_mixin.py:151} INFO - [2023-10-11T04:03:20.011+0000] {dagbag.py:539} INFO - Filling up the DagBag from /opt/airflow/dags/demo_dag.py
[2023-10-11T04:03:20.052+0000] {processor.py:839} INFO - DAG(s) dict_keys(['demo']) retrieved from /opt/airflow/dags/demo_dag.py
[2023-10-11T04:03:20.078+0000] {logging_mixin.py:151} INFO - [2023-10-11T04:03:20.078+0000] {dag.py:2915} INFO - Sync 1 DAGs
[2023-10-11T04:03:20.098+0000] {logging_mixin.py:151} INFO - [2023-10-11T04:03:20.098+0000] {dag.py:3696} INFO - Setting next_dagrun for demo to 2022-01-17T00:00:00+00:00, run_after=2022-01-18T00:00:00+00:00
[2023-10-11T04:03:20.121+0000] {processor.py:179} INFO - Processing /opt/airflow/dags/demo_dag.py took 0.117 seconds
[2023-10-11T04:03:50.843+0000] {processor.py:157} INFO - Started process (PID=2793) to work on /opt/airflow/dags/demo_dag.py
[2023-10-11T04:03:50.844+0000] {processor.py:829} INFO - Processing file /opt/airflow/dags/demo_dag.py for tasks to queue
[2023-10-11T04:03:50.847+0000] {logging_mixin.py:151} INFO - [2023-10-11T04:03:50.847+0000] {dagbag.py:539} INFO - Filling up the DagBag from /opt/airflow/dags/demo_dag.py
[2023-10-11T04:03:50.889+0000] {processor.py:839} INFO - DAG(s) dict_keys(['demo']) retrieved from /opt/airflow/dags/demo_dag.py
[2023-10-11T04:03:50.913+0000] {logging_mixin.py:151} INFO - [2023-10-11T04:03:50.913+0000] {dag.py:2915} INFO - Sync 1 DAGs
[2023-10-11T04:03:50.936+0000] {logging_mixin.py:151} INFO - [2023-10-11T04:03:50.936+0000] {dag.py:3696} INFO - Setting next_dagrun for demo to 2022-01-17T00:00:00+00:00, run_after=2022-01-18T00:00:00+00:00
[2023-10-11T04:03:50.961+0000] {processor.py:179} INFO - Processing /opt/airflow/dags/demo_dag.py took 0.122 seconds
[2023-10-11T04:04:21.107+0000] {processor.py:157} INFO - Started process (PID=2859) to work on /opt/airflow/dags/demo_dag.py
[2023-10-11T04:04:21.108+0000] {processor.py:829} INFO - Processing file /opt/airflow/dags/demo_dag.py for tasks to queue
[2023-10-11T04:04:21.111+0000] {logging_mixin.py:151} INFO - [2023-10-11T04:04:21.111+0000] {dagbag.py:539} INFO - Filling up the DagBag from /opt/airflow/dags/demo_dag.py
[2023-10-11T04:04:21.152+0000] {processor.py:839} INFO - DAG(s) dict_keys(['demo']) retrieved from /opt/airflow/dags/demo_dag.py
[2023-10-11T04:04:21.181+0000] {logging_mixin.py:151} INFO - [2023-10-11T04:04:21.181+0000] {dag.py:2915} INFO - Sync 1 DAGs
[2023-10-11T04:04:21.203+0000] {logging_mixin.py:151} INFO - [2023-10-11T04:04:21.203+0000] {dag.py:3696} INFO - Setting next_dagrun for demo to 2022-01-17T00:00:00+00:00, run_after=2022-01-18T00:00:00+00:00
[2023-10-11T04:04:21.227+0000] {processor.py:179} INFO - Processing /opt/airflow/dags/demo_dag.py took 0.122 seconds
[2023-10-11T04:04:51.803+0000] {processor.py:157} INFO - Started process (PID=2916) to work on /opt/airflow/dags/demo_dag.py
[2023-10-11T04:04:51.818+0000] {processor.py:829} INFO - Processing file /opt/airflow/dags/demo_dag.py for tasks to queue
[2023-10-11T04:04:51.851+0000] {logging_mixin.py:151} INFO - [2023-10-11T04:04:51.847+0000] {dagbag.py:539} INFO - Filling up the DagBag from /opt/airflow/dags/demo_dag.py
[2023-10-11T04:04:51.945+0000] {processor.py:839} INFO - DAG(s) dict_keys(['demo']) retrieved from /opt/airflow/dags/demo_dag.py
[2023-10-11T04:04:52.004+0000] {logging_mixin.py:151} INFO - [2023-10-11T04:04:52.004+0000] {dag.py:2915} INFO - Sync 1 DAGs
[2023-10-11T04:04:52.045+0000] {logging_mixin.py:151} INFO - [2023-10-11T04:04:52.045+0000] {dag.py:3696} INFO - Setting next_dagrun for demo to 2022-01-17T00:00:00+00:00, run_after=2022-01-18T00:00:00+00:00
[2023-10-11T04:04:52.075+0000] {processor.py:179} INFO - Processing /opt/airflow/dags/demo_dag.py took 0.301 seconds
