[2023-10-11T03:39:25.904+0000] {processor.py:157} INFO - Started process (PID=47) to work on /opt/airflow/dags/etl_sql_dag.py
[2023-10-11T03:39:25.906+0000] {processor.py:829} INFO - Processing file /opt/airflow/dags/etl_sql_dag.py for tasks to queue
[2023-10-11T03:39:25.910+0000] {logging_mixin.py:151} INFO - [2023-10-11T03:39:25.910+0000] {dagbag.py:539} INFO - Filling up the DagBag from /opt/airflow/dags/etl_sql_dag.py
[2023-10-11T03:39:26.084+0000] {processor.py:839} INFO - DAG(s) dict_keys(['etl_sql_dag']) retrieved from /opt/airflow/dags/etl_sql_dag.py
[2023-10-11T03:39:26.310+0000] {logging_mixin.py:151} INFO - [2023-10-11T03:39:26.310+0000] {security.py:708} INFO - Not syncing DAG-level permissions for DAG 'DAG:etl_sql_dag' as access control is unset.
[2023-10-11T03:39:26.311+0000] {logging_mixin.py:151} INFO - [2023-10-11T03:39:26.311+0000] {dag.py:2915} INFO - Sync 1 DAGs
[2023-10-11T03:39:26.336+0000] {logging_mixin.py:151} INFO - [2023-10-11T03:39:26.335+0000] {dag.py:3696} INFO - Setting next_dagrun for etl_sql_dag to None, run_after=None
[2023-10-11T03:39:26.376+0000] {processor.py:179} INFO - Processing /opt/airflow/dags/etl_sql_dag.py took 0.477 seconds
[2023-10-11T03:39:56.572+0000] {processor.py:157} INFO - Started process (PID=104) to work on /opt/airflow/dags/etl_sql_dag.py
[2023-10-11T03:39:56.575+0000] {processor.py:829} INFO - Processing file /opt/airflow/dags/etl_sql_dag.py for tasks to queue
[2023-10-11T03:39:56.580+0000] {logging_mixin.py:151} INFO - [2023-10-11T03:39:56.579+0000] {dagbag.py:539} INFO - Filling up the DagBag from /opt/airflow/dags/etl_sql_dag.py
[2023-10-11T03:39:56.668+0000] {processor.py:839} INFO - DAG(s) dict_keys(['etl_sql_dag']) retrieved from /opt/airflow/dags/etl_sql_dag.py
[2023-10-11T03:39:56.691+0000] {logging_mixin.py:151} INFO - [2023-10-11T03:39:56.690+0000] {dag.py:2915} INFO - Sync 1 DAGs
[2023-10-11T03:39:56.709+0000] {logging_mixin.py:151} INFO - [2023-10-11T03:39:56.709+0000] {dag.py:3696} INFO - Setting next_dagrun for etl_sql_dag to None, run_after=None
[2023-10-11T03:39:56.739+0000] {processor.py:179} INFO - Processing /opt/airflow/dags/etl_sql_dag.py took 0.172 seconds
[2023-10-11T03:40:27.241+0000] {processor.py:157} INFO - Started process (PID=161) to work on /opt/airflow/dags/etl_sql_dag.py
[2023-10-11T03:40:27.243+0000] {processor.py:829} INFO - Processing file /opt/airflow/dags/etl_sql_dag.py for tasks to queue
[2023-10-11T03:40:27.246+0000] {logging_mixin.py:151} INFO - [2023-10-11T03:40:27.245+0000] {dagbag.py:539} INFO - Filling up the DagBag from /opt/airflow/dags/etl_sql_dag.py
[2023-10-11T03:40:27.330+0000] {processor.py:839} INFO - DAG(s) dict_keys(['etl_sql_dag']) retrieved from /opt/airflow/dags/etl_sql_dag.py
[2023-10-11T03:40:27.353+0000] {logging_mixin.py:151} INFO - [2023-10-11T03:40:27.352+0000] {dag.py:2915} INFO - Sync 1 DAGs
[2023-10-11T03:40:27.371+0000] {logging_mixin.py:151} INFO - [2023-10-11T03:40:27.371+0000] {dag.py:3696} INFO - Setting next_dagrun for etl_sql_dag to None, run_after=None
[2023-10-11T03:40:27.394+0000] {processor.py:179} INFO - Processing /opt/airflow/dags/etl_sql_dag.py took 0.156 seconds
[2023-10-11T03:40:57.731+0000] {processor.py:157} INFO - Started process (PID=218) to work on /opt/airflow/dags/etl_sql_dag.py
[2023-10-11T03:40:57.732+0000] {processor.py:829} INFO - Processing file /opt/airflow/dags/etl_sql_dag.py for tasks to queue
[2023-10-11T03:40:57.736+0000] {logging_mixin.py:151} INFO - [2023-10-11T03:40:57.735+0000] {dagbag.py:539} INFO - Filling up the DagBag from /opt/airflow/dags/etl_sql_dag.py
[2023-10-11T03:40:57.847+0000] {processor.py:839} INFO - DAG(s) dict_keys(['etl_sql_dag']) retrieved from /opt/airflow/dags/etl_sql_dag.py
[2023-10-11T03:40:57.883+0000] {logging_mixin.py:151} INFO - [2023-10-11T03:40:57.882+0000] {dag.py:2915} INFO - Sync 1 DAGs
[2023-10-11T03:40:57.910+0000] {logging_mixin.py:151} INFO - [2023-10-11T03:40:57.910+0000] {dag.py:3696} INFO - Setting next_dagrun for etl_sql_dag to None, run_after=None
[2023-10-11T03:40:57.935+0000] {processor.py:179} INFO - Processing /opt/airflow/dags/etl_sql_dag.py took 0.208 seconds
[2023-10-11T03:41:28.323+0000] {processor.py:157} INFO - Started process (PID=275) to work on /opt/airflow/dags/etl_sql_dag.py
[2023-10-11T03:41:28.325+0000] {processor.py:829} INFO - Processing file /opt/airflow/dags/etl_sql_dag.py for tasks to queue
[2023-10-11T03:41:28.330+0000] {logging_mixin.py:151} INFO - [2023-10-11T03:41:28.329+0000] {dagbag.py:539} INFO - Filling up the DagBag from /opt/airflow/dags/etl_sql_dag.py
[2023-10-11T03:41:28.422+0000] {processor.py:839} INFO - DAG(s) dict_keys(['etl_sql_dag']) retrieved from /opt/airflow/dags/etl_sql_dag.py
[2023-10-11T03:41:28.448+0000] {logging_mixin.py:151} INFO - [2023-10-11T03:41:28.448+0000] {dag.py:2915} INFO - Sync 1 DAGs
[2023-10-11T03:41:28.474+0000] {logging_mixin.py:151} INFO - [2023-10-11T03:41:28.474+0000] {dag.py:3696} INFO - Setting next_dagrun for etl_sql_dag to None, run_after=None
[2023-10-11T03:41:28.509+0000] {processor.py:179} INFO - Processing /opt/airflow/dags/etl_sql_dag.py took 0.191 seconds
[2023-10-11T03:41:58.949+0000] {processor.py:157} INFO - Started process (PID=332) to work on /opt/airflow/dags/etl_sql_dag.py
[2023-10-11T03:41:58.951+0000] {processor.py:829} INFO - Processing file /opt/airflow/dags/etl_sql_dag.py for tasks to queue
[2023-10-11T03:41:58.954+0000] {logging_mixin.py:151} INFO - [2023-10-11T03:41:58.954+0000] {dagbag.py:539} INFO - Filling up the DagBag from /opt/airflow/dags/etl_sql_dag.py
[2023-10-11T03:41:59.045+0000] {processor.py:839} INFO - DAG(s) dict_keys(['etl_sql_dag']) retrieved from /opt/airflow/dags/etl_sql_dag.py
[2023-10-11T03:41:59.069+0000] {logging_mixin.py:151} INFO - [2023-10-11T03:41:59.069+0000] {dag.py:2915} INFO - Sync 1 DAGs
[2023-10-11T03:41:59.089+0000] {logging_mixin.py:151} INFO - [2023-10-11T03:41:59.089+0000] {dag.py:3696} INFO - Setting next_dagrun for etl_sql_dag to None, run_after=None
[2023-10-11T03:41:59.113+0000] {processor.py:179} INFO - Processing /opt/airflow/dags/etl_sql_dag.py took 0.167 seconds
[2023-10-11T03:42:29.532+0000] {processor.py:157} INFO - Started process (PID=389) to work on /opt/airflow/dags/etl_sql_dag.py
[2023-10-11T03:42:29.533+0000] {processor.py:829} INFO - Processing file /opt/airflow/dags/etl_sql_dag.py for tasks to queue
[2023-10-11T03:42:29.537+0000] {logging_mixin.py:151} INFO - [2023-10-11T03:42:29.536+0000] {dagbag.py:539} INFO - Filling up the DagBag from /opt/airflow/dags/etl_sql_dag.py
[2023-10-11T03:42:29.638+0000] {processor.py:839} INFO - DAG(s) dict_keys(['etl_sql_dag']) retrieved from /opt/airflow/dags/etl_sql_dag.py
[2023-10-11T03:42:29.681+0000] {logging_mixin.py:151} INFO - [2023-10-11T03:42:29.681+0000] {dag.py:2915} INFO - Sync 1 DAGs
[2023-10-11T03:42:29.714+0000] {logging_mixin.py:151} INFO - [2023-10-11T03:42:29.714+0000] {dag.py:3696} INFO - Setting next_dagrun for etl_sql_dag to None, run_after=None
[2023-10-11T03:42:29.753+0000] {processor.py:179} INFO - Processing /opt/airflow/dags/etl_sql_dag.py took 0.225 seconds
[2023-10-11T03:42:51.955+0000] {processor.py:157} INFO - Started process (PID=445) to work on /opt/airflow/dags/etl_sql_dag.py
[2023-10-11T03:42:51.956+0000] {processor.py:829} INFO - Processing file /opt/airflow/dags/etl_sql_dag.py for tasks to queue
[2023-10-11T03:42:51.959+0000] {logging_mixin.py:151} INFO - [2023-10-11T03:42:51.959+0000] {dagbag.py:539} INFO - Filling up the DagBag from /opt/airflow/dags/etl_sql_dag.py
[2023-10-11T03:42:52.081+0000] {processor.py:839} INFO - DAG(s) dict_keys(['etl_sql_dag']) retrieved from /opt/airflow/dags/etl_sql_dag.py
[2023-10-11T03:42:52.102+0000] {logging_mixin.py:151} INFO - [2023-10-11T03:42:52.101+0000] {dag.py:2915} INFO - Sync 1 DAGs
[2023-10-11T03:42:52.119+0000] {logging_mixin.py:151} INFO - [2023-10-11T03:42:52.119+0000] {dag.py:3696} INFO - Setting next_dagrun for etl_sql_dag to None, run_after=None
[2023-10-11T03:42:52.155+0000] {processor.py:179} INFO - Processing /opt/airflow/dags/etl_sql_dag.py took 0.204 seconds
[2023-10-11T03:43:22.633+0000] {processor.py:157} INFO - Started process (PID=502) to work on /opt/airflow/dags/etl_sql_dag.py
[2023-10-11T03:43:22.636+0000] {processor.py:829} INFO - Processing file /opt/airflow/dags/etl_sql_dag.py for tasks to queue
[2023-10-11T03:43:22.640+0000] {logging_mixin.py:151} INFO - [2023-10-11T03:43:22.640+0000] {dagbag.py:539} INFO - Filling up the DagBag from /opt/airflow/dags/etl_sql_dag.py
[2023-10-11T03:43:22.729+0000] {processor.py:839} INFO - DAG(s) dict_keys(['etl_sql_dag']) retrieved from /opt/airflow/dags/etl_sql_dag.py
[2023-10-11T03:43:22.755+0000] {logging_mixin.py:151} INFO - [2023-10-11T03:43:22.754+0000] {dag.py:2915} INFO - Sync 1 DAGs
[2023-10-11T03:43:22.777+0000] {logging_mixin.py:151} INFO - [2023-10-11T03:43:22.777+0000] {dag.py:3696} INFO - Setting next_dagrun for etl_sql_dag to None, run_after=None
[2023-10-11T03:43:22.804+0000] {processor.py:179} INFO - Processing /opt/airflow/dags/etl_sql_dag.py took 0.173 seconds
[2023-10-11T03:43:53.335+0000] {processor.py:157} INFO - Started process (PID=559) to work on /opt/airflow/dags/etl_sql_dag.py
[2023-10-11T03:43:53.337+0000] {processor.py:829} INFO - Processing file /opt/airflow/dags/etl_sql_dag.py for tasks to queue
[2023-10-11T03:43:53.341+0000] {logging_mixin.py:151} INFO - [2023-10-11T03:43:53.340+0000] {dagbag.py:539} INFO - Filling up the DagBag from /opt/airflow/dags/etl_sql_dag.py
[2023-10-11T03:43:53.425+0000] {processor.py:839} INFO - DAG(s) dict_keys(['etl_sql_dag']) retrieved from /opt/airflow/dags/etl_sql_dag.py
[2023-10-11T03:43:53.455+0000] {logging_mixin.py:151} INFO - [2023-10-11T03:43:53.455+0000] {dag.py:2915} INFO - Sync 1 DAGs
[2023-10-11T03:43:53.476+0000] {logging_mixin.py:151} INFO - [2023-10-11T03:43:53.475+0000] {dag.py:3696} INFO - Setting next_dagrun for etl_sql_dag to None, run_after=None
[2023-10-11T03:43:53.502+0000] {processor.py:179} INFO - Processing /opt/airflow/dags/etl_sql_dag.py took 0.170 seconds
[2023-10-11T03:44:23.617+0000] {processor.py:157} INFO - Started process (PID=616) to work on /opt/airflow/dags/etl_sql_dag.py
[2023-10-11T03:44:23.619+0000] {processor.py:829} INFO - Processing file /opt/airflow/dags/etl_sql_dag.py for tasks to queue
[2023-10-11T03:44:23.623+0000] {logging_mixin.py:151} INFO - [2023-10-11T03:44:23.622+0000] {dagbag.py:539} INFO - Filling up the DagBag from /opt/airflow/dags/etl_sql_dag.py
[2023-10-11T03:44:23.711+0000] {processor.py:839} INFO - DAG(s) dict_keys(['etl_sql_dag']) retrieved from /opt/airflow/dags/etl_sql_dag.py
[2023-10-11T03:44:23.741+0000] {logging_mixin.py:151} INFO - [2023-10-11T03:44:23.740+0000] {dag.py:2915} INFO - Sync 1 DAGs
[2023-10-11T03:44:23.761+0000] {logging_mixin.py:151} INFO - [2023-10-11T03:44:23.761+0000] {dag.py:3696} INFO - Setting next_dagrun for etl_sql_dag to None, run_after=None
[2023-10-11T03:44:23.786+0000] {processor.py:179} INFO - Processing /opt/airflow/dags/etl_sql_dag.py took 0.174 seconds
[2023-10-11T03:44:54.041+0000] {processor.py:157} INFO - Started process (PID=673) to work on /opt/airflow/dags/etl_sql_dag.py
[2023-10-11T03:44:54.042+0000] {processor.py:829} INFO - Processing file /opt/airflow/dags/etl_sql_dag.py for tasks to queue
[2023-10-11T03:44:54.046+0000] {logging_mixin.py:151} INFO - [2023-10-11T03:44:54.046+0000] {dagbag.py:539} INFO - Filling up the DagBag from /opt/airflow/dags/etl_sql_dag.py
[2023-10-11T03:44:54.129+0000] {processor.py:839} INFO - DAG(s) dict_keys(['etl_sql_dag']) retrieved from /opt/airflow/dags/etl_sql_dag.py
[2023-10-11T03:44:54.155+0000] {logging_mixin.py:151} INFO - [2023-10-11T03:44:54.154+0000] {dag.py:2915} INFO - Sync 1 DAGs
[2023-10-11T03:44:54.175+0000] {logging_mixin.py:151} INFO - [2023-10-11T03:44:54.175+0000] {dag.py:3696} INFO - Setting next_dagrun for etl_sql_dag to None, run_after=None
[2023-10-11T03:44:54.204+0000] {processor.py:179} INFO - Processing /opt/airflow/dags/etl_sql_dag.py took 0.167 seconds
[2023-10-11T03:45:24.553+0000] {processor.py:157} INFO - Started process (PID=730) to work on /opt/airflow/dags/etl_sql_dag.py
[2023-10-11T03:45:24.555+0000] {processor.py:829} INFO - Processing file /opt/airflow/dags/etl_sql_dag.py for tasks to queue
[2023-10-11T03:45:24.557+0000] {logging_mixin.py:151} INFO - [2023-10-11T03:45:24.557+0000] {dagbag.py:539} INFO - Filling up the DagBag from /opt/airflow/dags/etl_sql_dag.py
[2023-10-11T03:45:24.637+0000] {processor.py:839} INFO - DAG(s) dict_keys(['etl_sql_dag']) retrieved from /opt/airflow/dags/etl_sql_dag.py
[2023-10-11T03:45:24.658+0000] {logging_mixin.py:151} INFO - [2023-10-11T03:45:24.657+0000] {dag.py:2915} INFO - Sync 1 DAGs
[2023-10-11T03:45:24.675+0000] {logging_mixin.py:151} INFO - [2023-10-11T03:45:24.675+0000] {dag.py:3696} INFO - Setting next_dagrun for etl_sql_dag to None, run_after=None
[2023-10-11T03:45:24.698+0000] {processor.py:179} INFO - Processing /opt/airflow/dags/etl_sql_dag.py took 0.148 seconds
[2023-10-11T03:45:54.966+0000] {processor.py:157} INFO - Started process (PID=787) to work on /opt/airflow/dags/etl_sql_dag.py
[2023-10-11T03:45:54.968+0000] {processor.py:829} INFO - Processing file /opt/airflow/dags/etl_sql_dag.py for tasks to queue
[2023-10-11T03:45:54.970+0000] {logging_mixin.py:151} INFO - [2023-10-11T03:45:54.970+0000] {dagbag.py:539} INFO - Filling up the DagBag from /opt/airflow/dags/etl_sql_dag.py
[2023-10-11T03:45:55.047+0000] {processor.py:839} INFO - DAG(s) dict_keys(['etl_sql_dag']) retrieved from /opt/airflow/dags/etl_sql_dag.py
[2023-10-11T03:45:55.068+0000] {logging_mixin.py:151} INFO - [2023-10-11T03:45:55.068+0000] {dag.py:2915} INFO - Sync 1 DAGs
[2023-10-11T03:45:55.085+0000] {logging_mixin.py:151} INFO - [2023-10-11T03:45:55.085+0000] {dag.py:3696} INFO - Setting next_dagrun for etl_sql_dag to None, run_after=None
[2023-10-11T03:45:55.106+0000] {processor.py:179} INFO - Processing /opt/airflow/dags/etl_sql_dag.py took 0.142 seconds
[2023-10-11T03:46:25.938+0000] {processor.py:157} INFO - Started process (PID=844) to work on /opt/airflow/dags/etl_sql_dag.py
[2023-10-11T03:46:25.940+0000] {processor.py:829} INFO - Processing file /opt/airflow/dags/etl_sql_dag.py for tasks to queue
[2023-10-11T03:46:25.943+0000] {logging_mixin.py:151} INFO - [2023-10-11T03:46:25.943+0000] {dagbag.py:539} INFO - Filling up the DagBag from /opt/airflow/dags/etl_sql_dag.py
[2023-10-11T03:46:26.035+0000] {processor.py:839} INFO - DAG(s) dict_keys(['etl_sql_dag']) retrieved from /opt/airflow/dags/etl_sql_dag.py
[2023-10-11T03:46:26.059+0000] {logging_mixin.py:151} INFO - [2023-10-11T03:46:26.059+0000] {dag.py:2915} INFO - Sync 1 DAGs
[2023-10-11T03:46:26.089+0000] {logging_mixin.py:151} INFO - [2023-10-11T03:46:26.089+0000] {dag.py:3696} INFO - Setting next_dagrun for etl_sql_dag to None, run_after=None
[2023-10-11T03:46:26.117+0000] {processor.py:179} INFO - Processing /opt/airflow/dags/etl_sql_dag.py took 0.184 seconds
[2023-10-11T03:46:56.390+0000] {processor.py:157} INFO - Started process (PID=901) to work on /opt/airflow/dags/etl_sql_dag.py
[2023-10-11T03:46:56.392+0000] {processor.py:829} INFO - Processing file /opt/airflow/dags/etl_sql_dag.py for tasks to queue
[2023-10-11T03:46:56.394+0000] {logging_mixin.py:151} INFO - [2023-10-11T03:46:56.394+0000] {dagbag.py:539} INFO - Filling up the DagBag from /opt/airflow/dags/etl_sql_dag.py
[2023-10-11T03:46:56.482+0000] {processor.py:839} INFO - DAG(s) dict_keys(['etl_sql_dag']) retrieved from /opt/airflow/dags/etl_sql_dag.py
[2023-10-11T03:46:56.507+0000] {logging_mixin.py:151} INFO - [2023-10-11T03:46:56.507+0000] {dag.py:2915} INFO - Sync 1 DAGs
[2023-10-11T03:46:56.527+0000] {logging_mixin.py:151} INFO - [2023-10-11T03:46:56.526+0000] {dag.py:3696} INFO - Setting next_dagrun for etl_sql_dag to None, run_after=None
[2023-10-11T03:46:56.550+0000] {processor.py:179} INFO - Processing /opt/airflow/dags/etl_sql_dag.py took 0.163 seconds
[2023-10-11T03:47:26.785+0000] {processor.py:157} INFO - Started process (PID=958) to work on /opt/airflow/dags/etl_sql_dag.py
[2023-10-11T03:47:26.786+0000] {processor.py:829} INFO - Processing file /opt/airflow/dags/etl_sql_dag.py for tasks to queue
[2023-10-11T03:47:26.789+0000] {logging_mixin.py:151} INFO - [2023-10-11T03:47:26.788+0000] {dagbag.py:539} INFO - Filling up the DagBag from /opt/airflow/dags/etl_sql_dag.py
[2023-10-11T03:47:26.882+0000] {processor.py:839} INFO - DAG(s) dict_keys(['etl_sql_dag']) retrieved from /opt/airflow/dags/etl_sql_dag.py
[2023-10-11T03:47:26.904+0000] {logging_mixin.py:151} INFO - [2023-10-11T03:47:26.904+0000] {dag.py:2915} INFO - Sync 1 DAGs
[2023-10-11T03:47:26.923+0000] {logging_mixin.py:151} INFO - [2023-10-11T03:47:26.923+0000] {dag.py:3696} INFO - Setting next_dagrun for etl_sql_dag to None, run_after=None
[2023-10-11T03:47:26.945+0000] {processor.py:179} INFO - Processing /opt/airflow/dags/etl_sql_dag.py took 0.163 seconds
[2023-10-11T03:47:57.229+0000] {processor.py:157} INFO - Started process (PID=1015) to work on /opt/airflow/dags/etl_sql_dag.py
[2023-10-11T03:47:57.231+0000] {processor.py:829} INFO - Processing file /opt/airflow/dags/etl_sql_dag.py for tasks to queue
[2023-10-11T03:47:57.234+0000] {logging_mixin.py:151} INFO - [2023-10-11T03:47:57.233+0000] {dagbag.py:539} INFO - Filling up the DagBag from /opt/airflow/dags/etl_sql_dag.py
[2023-10-11T03:47:57.314+0000] {processor.py:839} INFO - DAG(s) dict_keys(['etl_sql_dag']) retrieved from /opt/airflow/dags/etl_sql_dag.py
[2023-10-11T03:47:57.336+0000] {logging_mixin.py:151} INFO - [2023-10-11T03:47:57.336+0000] {dag.py:2915} INFO - Sync 1 DAGs
[2023-10-11T03:47:57.357+0000] {logging_mixin.py:151} INFO - [2023-10-11T03:47:57.357+0000] {dag.py:3696} INFO - Setting next_dagrun for etl_sql_dag to None, run_after=None
[2023-10-11T03:47:57.383+0000] {processor.py:179} INFO - Processing /opt/airflow/dags/etl_sql_dag.py took 0.159 seconds
[2023-10-11T03:48:27.734+0000] {processor.py:157} INFO - Started process (PID=1072) to work on /opt/airflow/dags/etl_sql_dag.py
[2023-10-11T03:48:27.735+0000] {processor.py:829} INFO - Processing file /opt/airflow/dags/etl_sql_dag.py for tasks to queue
[2023-10-11T03:48:27.739+0000] {logging_mixin.py:151} INFO - [2023-10-11T03:48:27.738+0000] {dagbag.py:539} INFO - Filling up the DagBag from /opt/airflow/dags/etl_sql_dag.py
[2023-10-11T03:48:27.809+0000] {processor.py:839} INFO - DAG(s) dict_keys(['etl_sql_dag']) retrieved from /opt/airflow/dags/etl_sql_dag.py
[2023-10-11T03:48:27.831+0000] {logging_mixin.py:151} INFO - [2023-10-11T03:48:27.831+0000] {dag.py:2915} INFO - Sync 1 DAGs
[2023-10-11T03:48:27.851+0000] {logging_mixin.py:151} INFO - [2023-10-11T03:48:27.851+0000] {dag.py:3696} INFO - Setting next_dagrun for etl_sql_dag to None, run_after=None
[2023-10-11T03:48:27.876+0000] {processor.py:179} INFO - Processing /opt/airflow/dags/etl_sql_dag.py took 0.145 seconds
[2023-10-11T03:48:58.226+0000] {processor.py:157} INFO - Started process (PID=1129) to work on /opt/airflow/dags/etl_sql_dag.py
[2023-10-11T03:48:58.228+0000] {processor.py:829} INFO - Processing file /opt/airflow/dags/etl_sql_dag.py for tasks to queue
[2023-10-11T03:48:58.231+0000] {logging_mixin.py:151} INFO - [2023-10-11T03:48:58.231+0000] {dagbag.py:539} INFO - Filling up the DagBag from /opt/airflow/dags/etl_sql_dag.py
[2023-10-11T03:48:58.318+0000] {processor.py:839} INFO - DAG(s) dict_keys(['etl_sql_dag']) retrieved from /opt/airflow/dags/etl_sql_dag.py
[2023-10-11T03:48:58.347+0000] {logging_mixin.py:151} INFO - [2023-10-11T03:48:58.346+0000] {dag.py:2915} INFO - Sync 1 DAGs
[2023-10-11T03:48:58.370+0000] {logging_mixin.py:151} INFO - [2023-10-11T03:48:58.370+0000] {dag.py:3696} INFO - Setting next_dagrun for etl_sql_dag to None, run_after=None
[2023-10-11T03:48:58.395+0000] {processor.py:179} INFO - Processing /opt/airflow/dags/etl_sql_dag.py took 0.172 seconds
[2023-10-11T03:49:28.481+0000] {processor.py:157} INFO - Started process (PID=1186) to work on /opt/airflow/dags/etl_sql_dag.py
[2023-10-11T03:49:28.483+0000] {processor.py:829} INFO - Processing file /opt/airflow/dags/etl_sql_dag.py for tasks to queue
[2023-10-11T03:49:28.485+0000] {logging_mixin.py:151} INFO - [2023-10-11T03:49:28.484+0000] {dagbag.py:539} INFO - Filling up the DagBag from /opt/airflow/dags/etl_sql_dag.py
[2023-10-11T03:49:28.568+0000] {processor.py:839} INFO - DAG(s) dict_keys(['etl_sql_dag']) retrieved from /opt/airflow/dags/etl_sql_dag.py
[2023-10-11T03:49:28.594+0000] {logging_mixin.py:151} INFO - [2023-10-11T03:49:28.593+0000] {dag.py:2915} INFO - Sync 1 DAGs
[2023-10-11T03:49:28.621+0000] {logging_mixin.py:151} INFO - [2023-10-11T03:49:28.621+0000] {dag.py:3696} INFO - Setting next_dagrun for etl_sql_dag to None, run_after=None
[2023-10-11T03:49:28.656+0000] {processor.py:179} INFO - Processing /opt/airflow/dags/etl_sql_dag.py took 0.179 seconds
[2023-10-11T03:49:58.852+0000] {processor.py:157} INFO - Started process (PID=1243) to work on /opt/airflow/dags/etl_sql_dag.py
[2023-10-11T03:49:58.854+0000] {processor.py:829} INFO - Processing file /opt/airflow/dags/etl_sql_dag.py for tasks to queue
[2023-10-11T03:49:58.858+0000] {logging_mixin.py:151} INFO - [2023-10-11T03:49:58.858+0000] {dagbag.py:539} INFO - Filling up the DagBag from /opt/airflow/dags/etl_sql_dag.py
[2023-10-11T03:49:58.934+0000] {processor.py:839} INFO - DAG(s) dict_keys(['etl_sql_dag']) retrieved from /opt/airflow/dags/etl_sql_dag.py
[2023-10-11T03:49:58.957+0000] {logging_mixin.py:151} INFO - [2023-10-11T03:49:58.956+0000] {dag.py:2915} INFO - Sync 1 DAGs
[2023-10-11T03:49:58.977+0000] {logging_mixin.py:151} INFO - [2023-10-11T03:49:58.977+0000] {dag.py:3696} INFO - Setting next_dagrun for etl_sql_dag to None, run_after=None
[2023-10-11T03:49:59.000+0000] {processor.py:179} INFO - Processing /opt/airflow/dags/etl_sql_dag.py took 0.151 seconds
[2023-10-11T03:50:29.424+0000] {processor.py:157} INFO - Started process (PID=1300) to work on /opt/airflow/dags/etl_sql_dag.py
[2023-10-11T03:50:29.426+0000] {processor.py:829} INFO - Processing file /opt/airflow/dags/etl_sql_dag.py for tasks to queue
[2023-10-11T03:50:29.428+0000] {logging_mixin.py:151} INFO - [2023-10-11T03:50:29.428+0000] {dagbag.py:539} INFO - Filling up the DagBag from /opt/airflow/dags/etl_sql_dag.py
[2023-10-11T03:50:29.518+0000] {processor.py:839} INFO - DAG(s) dict_keys(['etl_sql_dag']) retrieved from /opt/airflow/dags/etl_sql_dag.py
[2023-10-11T03:50:29.539+0000] {logging_mixin.py:151} INFO - [2023-10-11T03:50:29.539+0000] {dag.py:2915} INFO - Sync 1 DAGs
[2023-10-11T03:50:29.558+0000] {logging_mixin.py:151} INFO - [2023-10-11T03:50:29.558+0000] {dag.py:3696} INFO - Setting next_dagrun for etl_sql_dag to None, run_after=None
[2023-10-11T03:50:29.581+0000] {processor.py:179} INFO - Processing /opt/airflow/dags/etl_sql_dag.py took 0.161 seconds
[2023-10-11T03:50:59.792+0000] {processor.py:157} INFO - Started process (PID=1357) to work on /opt/airflow/dags/etl_sql_dag.py
[2023-10-11T03:50:59.794+0000] {processor.py:829} INFO - Processing file /opt/airflow/dags/etl_sql_dag.py for tasks to queue
[2023-10-11T03:50:59.798+0000] {logging_mixin.py:151} INFO - [2023-10-11T03:50:59.797+0000] {dagbag.py:539} INFO - Filling up the DagBag from /opt/airflow/dags/etl_sql_dag.py
[2023-10-11T03:50:59.894+0000] {processor.py:839} INFO - DAG(s) dict_keys(['etl_sql_dag']) retrieved from /opt/airflow/dags/etl_sql_dag.py
[2023-10-11T03:50:59.919+0000] {logging_mixin.py:151} INFO - [2023-10-11T03:50:59.919+0000] {dag.py:2915} INFO - Sync 1 DAGs
[2023-10-11T03:50:59.938+0000] {logging_mixin.py:151} INFO - [2023-10-11T03:50:59.938+0000] {dag.py:3696} INFO - Setting next_dagrun for etl_sql_dag to None, run_after=None
[2023-10-11T03:50:59.962+0000] {processor.py:179} INFO - Processing /opt/airflow/dags/etl_sql_dag.py took 0.174 seconds
[2023-10-11T03:51:30.256+0000] {processor.py:157} INFO - Started process (PID=1414) to work on /opt/airflow/dags/etl_sql_dag.py
[2023-10-11T03:51:30.258+0000] {processor.py:829} INFO - Processing file /opt/airflow/dags/etl_sql_dag.py for tasks to queue
[2023-10-11T03:51:30.261+0000] {logging_mixin.py:151} INFO - [2023-10-11T03:51:30.261+0000] {dagbag.py:539} INFO - Filling up the DagBag from /opt/airflow/dags/etl_sql_dag.py
[2023-10-11T03:51:30.349+0000] {processor.py:839} INFO - DAG(s) dict_keys(['etl_sql_dag']) retrieved from /opt/airflow/dags/etl_sql_dag.py
[2023-10-11T03:51:30.374+0000] {logging_mixin.py:151} INFO - [2023-10-11T03:51:30.374+0000] {dag.py:2915} INFO - Sync 1 DAGs
[2023-10-11T03:51:30.393+0000] {logging_mixin.py:151} INFO - [2023-10-11T03:51:30.393+0000] {dag.py:3696} INFO - Setting next_dagrun for etl_sql_dag to None, run_after=None
[2023-10-11T03:51:30.418+0000] {processor.py:179} INFO - Processing /opt/airflow/dags/etl_sql_dag.py took 0.166 seconds
[2023-10-11T03:52:00.840+0000] {processor.py:157} INFO - Started process (PID=1471) to work on /opt/airflow/dags/etl_sql_dag.py
[2023-10-11T03:52:00.843+0000] {processor.py:829} INFO - Processing file /opt/airflow/dags/etl_sql_dag.py for tasks to queue
[2023-10-11T03:52:00.846+0000] {logging_mixin.py:151} INFO - [2023-10-11T03:52:00.845+0000] {dagbag.py:539} INFO - Filling up the DagBag from /opt/airflow/dags/etl_sql_dag.py
[2023-10-11T03:52:00.931+0000] {processor.py:839} INFO - DAG(s) dict_keys(['etl_sql_dag']) retrieved from /opt/airflow/dags/etl_sql_dag.py
[2023-10-11T03:52:00.955+0000] {logging_mixin.py:151} INFO - [2023-10-11T03:52:00.954+0000] {dag.py:2915} INFO - Sync 1 DAGs
[2023-10-11T03:52:00.973+0000] {logging_mixin.py:151} INFO - [2023-10-11T03:52:00.973+0000] {dag.py:3696} INFO - Setting next_dagrun for etl_sql_dag to None, run_after=None
[2023-10-11T03:52:00.999+0000] {processor.py:179} INFO - Processing /opt/airflow/dags/etl_sql_dag.py took 0.162 seconds
[2023-10-11T03:52:31.200+0000] {processor.py:157} INFO - Started process (PID=1528) to work on /opt/airflow/dags/etl_sql_dag.py
[2023-10-11T03:52:31.201+0000] {processor.py:829} INFO - Processing file /opt/airflow/dags/etl_sql_dag.py for tasks to queue
[2023-10-11T03:52:31.205+0000] {logging_mixin.py:151} INFO - [2023-10-11T03:52:31.205+0000] {dagbag.py:539} INFO - Filling up the DagBag from /opt/airflow/dags/etl_sql_dag.py
[2023-10-11T03:52:31.277+0000] {processor.py:839} INFO - DAG(s) dict_keys(['etl_sql_dag']) retrieved from /opt/airflow/dags/etl_sql_dag.py
[2023-10-11T03:52:31.302+0000] {logging_mixin.py:151} INFO - [2023-10-11T03:52:31.301+0000] {dag.py:2915} INFO - Sync 1 DAGs
[2023-10-11T03:52:31.321+0000] {logging_mixin.py:151} INFO - [2023-10-11T03:52:31.321+0000] {dag.py:3696} INFO - Setting next_dagrun for etl_sql_dag to None, run_after=None
[2023-10-11T03:52:31.345+0000] {processor.py:179} INFO - Processing /opt/airflow/dags/etl_sql_dag.py took 0.148 seconds
[2023-10-11T03:53:01.687+0000] {processor.py:157} INFO - Started process (PID=1585) to work on /opt/airflow/dags/etl_sql_dag.py
[2023-10-11T03:53:01.689+0000] {processor.py:829} INFO - Processing file /opt/airflow/dags/etl_sql_dag.py for tasks to queue
[2023-10-11T03:53:01.694+0000] {logging_mixin.py:151} INFO - [2023-10-11T03:53:01.694+0000] {dagbag.py:539} INFO - Filling up the DagBag from /opt/airflow/dags/etl_sql_dag.py
[2023-10-11T03:53:01.805+0000] {processor.py:839} INFO - DAG(s) dict_keys(['etl_sql_dag']) retrieved from /opt/airflow/dags/etl_sql_dag.py
[2023-10-11T03:53:01.834+0000] {logging_mixin.py:151} INFO - [2023-10-11T03:53:01.833+0000] {dag.py:2915} INFO - Sync 1 DAGs
[2023-10-11T03:53:01.859+0000] {logging_mixin.py:151} INFO - [2023-10-11T03:53:01.859+0000] {dag.py:3696} INFO - Setting next_dagrun for etl_sql_dag to None, run_after=None
[2023-10-11T03:53:01.884+0000] {processor.py:179} INFO - Processing /opt/airflow/dags/etl_sql_dag.py took 0.203 seconds
[2023-10-11T03:53:32.690+0000] {processor.py:157} INFO - Started process (PID=1642) to work on /opt/airflow/dags/etl_sql_dag.py
[2023-10-11T03:53:32.693+0000] {processor.py:829} INFO - Processing file /opt/airflow/dags/etl_sql_dag.py for tasks to queue
[2023-10-11T03:53:32.696+0000] {logging_mixin.py:151} INFO - [2023-10-11T03:53:32.695+0000] {dagbag.py:539} INFO - Filling up the DagBag from /opt/airflow/dags/etl_sql_dag.py
[2023-10-11T03:53:32.777+0000] {processor.py:839} INFO - DAG(s) dict_keys(['etl_sql_dag']) retrieved from /opt/airflow/dags/etl_sql_dag.py
[2023-10-11T03:53:32.800+0000] {logging_mixin.py:151} INFO - [2023-10-11T03:53:32.799+0000] {dag.py:2915} INFO - Sync 1 DAGs
[2023-10-11T03:53:32.819+0000] {logging_mixin.py:151} INFO - [2023-10-11T03:53:32.819+0000] {dag.py:3696} INFO - Setting next_dagrun for etl_sql_dag to None, run_after=None
[2023-10-11T03:53:32.845+0000] {processor.py:179} INFO - Processing /opt/airflow/dags/etl_sql_dag.py took 0.158 seconds
[2023-10-11T03:54:03.043+0000] {processor.py:157} INFO - Started process (PID=1699) to work on /opt/airflow/dags/etl_sql_dag.py
[2023-10-11T03:54:03.044+0000] {processor.py:829} INFO - Processing file /opt/airflow/dags/etl_sql_dag.py for tasks to queue
[2023-10-11T03:54:03.047+0000] {logging_mixin.py:151} INFO - [2023-10-11T03:54:03.047+0000] {dagbag.py:539} INFO - Filling up the DagBag from /opt/airflow/dags/etl_sql_dag.py
[2023-10-11T03:54:03.127+0000] {processor.py:839} INFO - DAG(s) dict_keys(['etl_sql_dag']) retrieved from /opt/airflow/dags/etl_sql_dag.py
[2023-10-11T03:54:03.149+0000] {logging_mixin.py:151} INFO - [2023-10-11T03:54:03.149+0000] {dag.py:2915} INFO - Sync 1 DAGs
[2023-10-11T03:54:03.173+0000] {logging_mixin.py:151} INFO - [2023-10-11T03:54:03.173+0000] {dag.py:3696} INFO - Setting next_dagrun for etl_sql_dag to None, run_after=None
[2023-10-11T03:54:03.196+0000] {processor.py:179} INFO - Processing /opt/airflow/dags/etl_sql_dag.py took 0.156 seconds
[2023-10-11T03:54:33.383+0000] {processor.py:157} INFO - Started process (PID=1756) to work on /opt/airflow/dags/etl_sql_dag.py
[2023-10-11T03:54:33.385+0000] {processor.py:829} INFO - Processing file /opt/airflow/dags/etl_sql_dag.py for tasks to queue
[2023-10-11T03:54:33.388+0000] {logging_mixin.py:151} INFO - [2023-10-11T03:54:33.388+0000] {dagbag.py:539} INFO - Filling up the DagBag from /opt/airflow/dags/etl_sql_dag.py
[2023-10-11T03:54:33.473+0000] {processor.py:839} INFO - DAG(s) dict_keys(['etl_sql_dag']) retrieved from /opt/airflow/dags/etl_sql_dag.py
[2023-10-11T03:54:33.495+0000] {logging_mixin.py:151} INFO - [2023-10-11T03:54:33.495+0000] {dag.py:2915} INFO - Sync 1 DAGs
[2023-10-11T03:54:33.517+0000] {logging_mixin.py:151} INFO - [2023-10-11T03:54:33.517+0000] {dag.py:3696} INFO - Setting next_dagrun for etl_sql_dag to None, run_after=None
[2023-10-11T03:54:33.542+0000] {processor.py:179} INFO - Processing /opt/airflow/dags/etl_sql_dag.py took 0.162 seconds
[2023-10-11T03:55:03.712+0000] {processor.py:157} INFO - Started process (PID=1813) to work on /opt/airflow/dags/etl_sql_dag.py
[2023-10-11T03:55:03.714+0000] {processor.py:829} INFO - Processing file /opt/airflow/dags/etl_sql_dag.py for tasks to queue
[2023-10-11T03:55:03.718+0000] {logging_mixin.py:151} INFO - [2023-10-11T03:55:03.717+0000] {dagbag.py:539} INFO - Filling up the DagBag from /opt/airflow/dags/etl_sql_dag.py
[2023-10-11T03:55:03.806+0000] {processor.py:839} INFO - DAG(s) dict_keys(['etl_sql_dag']) retrieved from /opt/airflow/dags/etl_sql_dag.py
[2023-10-11T03:55:03.826+0000] {logging_mixin.py:151} INFO - [2023-10-11T03:55:03.826+0000] {dag.py:2915} INFO - Sync 1 DAGs
[2023-10-11T03:55:03.847+0000] {logging_mixin.py:151} INFO - [2023-10-11T03:55:03.847+0000] {dag.py:3696} INFO - Setting next_dagrun for etl_sql_dag to None, run_after=None
[2023-10-11T03:55:03.874+0000] {processor.py:179} INFO - Processing /opt/airflow/dags/etl_sql_dag.py took 0.165 seconds
[2023-10-11T03:55:34.097+0000] {processor.py:157} INFO - Started process (PID=1870) to work on /opt/airflow/dags/etl_sql_dag.py
[2023-10-11T03:55:34.098+0000] {processor.py:829} INFO - Processing file /opt/airflow/dags/etl_sql_dag.py for tasks to queue
[2023-10-11T03:55:34.101+0000] {logging_mixin.py:151} INFO - [2023-10-11T03:55:34.101+0000] {dagbag.py:539} INFO - Filling up the DagBag from /opt/airflow/dags/etl_sql_dag.py
[2023-10-11T03:55:34.195+0000] {processor.py:839} INFO - DAG(s) dict_keys(['etl_sql_dag']) retrieved from /opt/airflow/dags/etl_sql_dag.py
[2023-10-11T03:55:34.217+0000] {logging_mixin.py:151} INFO - [2023-10-11T03:55:34.217+0000] {dag.py:2915} INFO - Sync 1 DAGs
[2023-10-11T03:55:34.235+0000] {logging_mixin.py:151} INFO - [2023-10-11T03:55:34.235+0000] {dag.py:3696} INFO - Setting next_dagrun for etl_sql_dag to None, run_after=None
[2023-10-11T03:55:34.257+0000] {processor.py:179} INFO - Processing /opt/airflow/dags/etl_sql_dag.py took 0.164 seconds
[2023-10-11T03:56:04.666+0000] {processor.py:157} INFO - Started process (PID=1927) to work on /opt/airflow/dags/etl_sql_dag.py
[2023-10-11T03:56:04.668+0000] {processor.py:829} INFO - Processing file /opt/airflow/dags/etl_sql_dag.py for tasks to queue
[2023-10-11T03:56:04.670+0000] {logging_mixin.py:151} INFO - [2023-10-11T03:56:04.670+0000] {dagbag.py:539} INFO - Filling up the DagBag from /opt/airflow/dags/etl_sql_dag.py
[2023-10-11T03:56:04.746+0000] {processor.py:839} INFO - DAG(s) dict_keys(['etl_sql_dag']) retrieved from /opt/airflow/dags/etl_sql_dag.py
[2023-10-11T03:56:04.775+0000] {logging_mixin.py:151} INFO - [2023-10-11T03:56:04.774+0000] {dag.py:2915} INFO - Sync 1 DAGs
[2023-10-11T03:56:04.796+0000] {logging_mixin.py:151} INFO - [2023-10-11T03:56:04.796+0000] {dag.py:3696} INFO - Setting next_dagrun for etl_sql_dag to None, run_after=None
[2023-10-11T03:56:04.819+0000] {processor.py:179} INFO - Processing /opt/airflow/dags/etl_sql_dag.py took 0.156 seconds
[2023-10-11T03:56:34.944+0000] {processor.py:157} INFO - Started process (PID=1984) to work on /opt/airflow/dags/etl_sql_dag.py
[2023-10-11T03:56:34.946+0000] {processor.py:829} INFO - Processing file /opt/airflow/dags/etl_sql_dag.py for tasks to queue
[2023-10-11T03:56:34.948+0000] {logging_mixin.py:151} INFO - [2023-10-11T03:56:34.948+0000] {dagbag.py:539} INFO - Filling up the DagBag from /opt/airflow/dags/etl_sql_dag.py
[2023-10-11T03:56:35.039+0000] {processor.py:839} INFO - DAG(s) dict_keys(['etl_sql_dag']) retrieved from /opt/airflow/dags/etl_sql_dag.py
[2023-10-11T03:56:35.060+0000] {logging_mixin.py:151} INFO - [2023-10-11T03:56:35.059+0000] {dag.py:2915} INFO - Sync 1 DAGs
[2023-10-11T03:56:35.077+0000] {logging_mixin.py:151} INFO - [2023-10-11T03:56:35.077+0000] {dag.py:3696} INFO - Setting next_dagrun for etl_sql_dag to None, run_after=None
[2023-10-11T03:56:35.099+0000] {processor.py:179} INFO - Processing /opt/airflow/dags/etl_sql_dag.py took 0.160 seconds
[2023-10-11T03:57:05.576+0000] {processor.py:157} INFO - Started process (PID=2041) to work on /opt/airflow/dags/etl_sql_dag.py
[2023-10-11T03:57:05.578+0000] {processor.py:829} INFO - Processing file /opt/airflow/dags/etl_sql_dag.py for tasks to queue
[2023-10-11T03:57:05.588+0000] {logging_mixin.py:151} INFO - [2023-10-11T03:57:05.587+0000] {dagbag.py:539} INFO - Filling up the DagBag from /opt/airflow/dags/etl_sql_dag.py
[2023-10-11T03:57:05.725+0000] {processor.py:839} INFO - DAG(s) dict_keys(['etl_sql_dag']) retrieved from /opt/airflow/dags/etl_sql_dag.py
[2023-10-11T03:57:05.760+0000] {logging_mixin.py:151} INFO - [2023-10-11T03:57:05.760+0000] {dag.py:2915} INFO - Sync 1 DAGs
[2023-10-11T03:57:05.784+0000] {logging_mixin.py:151} INFO - [2023-10-11T03:57:05.784+0000] {dag.py:3696} INFO - Setting next_dagrun for etl_sql_dag to None, run_after=None
[2023-10-11T03:57:05.813+0000] {processor.py:179} INFO - Processing /opt/airflow/dags/etl_sql_dag.py took 0.245 seconds
[2023-10-11T03:57:36.167+0000] {processor.py:157} INFO - Started process (PID=2098) to work on /opt/airflow/dags/etl_sql_dag.py
[2023-10-11T03:57:36.169+0000] {processor.py:829} INFO - Processing file /opt/airflow/dags/etl_sql_dag.py for tasks to queue
[2023-10-11T03:57:36.172+0000] {logging_mixin.py:151} INFO - [2023-10-11T03:57:36.171+0000] {dagbag.py:539} INFO - Filling up the DagBag from /opt/airflow/dags/etl_sql_dag.py
[2023-10-11T03:57:36.245+0000] {processor.py:839} INFO - DAG(s) dict_keys(['etl_sql_dag']) retrieved from /opt/airflow/dags/etl_sql_dag.py
[2023-10-11T03:57:36.267+0000] {logging_mixin.py:151} INFO - [2023-10-11T03:57:36.266+0000] {dag.py:2915} INFO - Sync 1 DAGs
[2023-10-11T03:57:36.288+0000] {logging_mixin.py:151} INFO - [2023-10-11T03:57:36.288+0000] {dag.py:3696} INFO - Setting next_dagrun for etl_sql_dag to None, run_after=None
[2023-10-11T03:57:36.313+0000] {processor.py:179} INFO - Processing /opt/airflow/dags/etl_sql_dag.py took 0.150 seconds
[2023-10-11T03:58:06.425+0000] {processor.py:157} INFO - Started process (PID=2155) to work on /opt/airflow/dags/etl_sql_dag.py
[2023-10-11T03:58:06.426+0000] {processor.py:829} INFO - Processing file /opt/airflow/dags/etl_sql_dag.py for tasks to queue
[2023-10-11T03:58:06.429+0000] {logging_mixin.py:151} INFO - [2023-10-11T03:58:06.429+0000] {dagbag.py:539} INFO - Filling up the DagBag from /opt/airflow/dags/etl_sql_dag.py
[2023-10-11T03:58:06.508+0000] {processor.py:839} INFO - DAG(s) dict_keys(['etl_sql_dag']) retrieved from /opt/airflow/dags/etl_sql_dag.py
[2023-10-11T03:58:06.531+0000] {logging_mixin.py:151} INFO - [2023-10-11T03:58:06.531+0000] {dag.py:2915} INFO - Sync 1 DAGs
[2023-10-11T03:58:06.549+0000] {logging_mixin.py:151} INFO - [2023-10-11T03:58:06.549+0000] {dag.py:3696} INFO - Setting next_dagrun for etl_sql_dag to None, run_after=None
[2023-10-11T03:58:06.573+0000] {processor.py:179} INFO - Processing /opt/airflow/dags/etl_sql_dag.py took 0.152 seconds
[2023-10-11T03:58:36.937+0000] {processor.py:157} INFO - Started process (PID=2212) to work on /opt/airflow/dags/etl_sql_dag.py
[2023-10-11T03:58:36.938+0000] {processor.py:829} INFO - Processing file /opt/airflow/dags/etl_sql_dag.py for tasks to queue
[2023-10-11T03:58:36.941+0000] {logging_mixin.py:151} INFO - [2023-10-11T03:58:36.941+0000] {dagbag.py:539} INFO - Filling up the DagBag from /opt/airflow/dags/etl_sql_dag.py
[2023-10-11T03:58:37.023+0000] {processor.py:839} INFO - DAG(s) dict_keys(['etl_sql_dag']) retrieved from /opt/airflow/dags/etl_sql_dag.py
[2023-10-11T03:58:37.048+0000] {logging_mixin.py:151} INFO - [2023-10-11T03:58:37.048+0000] {dag.py:2915} INFO - Sync 1 DAGs
[2023-10-11T03:58:37.068+0000] {logging_mixin.py:151} INFO - [2023-10-11T03:58:37.068+0000] {dag.py:3696} INFO - Setting next_dagrun for etl_sql_dag to None, run_after=None
[2023-10-11T03:58:37.092+0000] {processor.py:179} INFO - Processing /opt/airflow/dags/etl_sql_dag.py took 0.159 seconds
[2023-10-11T03:59:07.293+0000] {processor.py:157} INFO - Started process (PID=2269) to work on /opt/airflow/dags/etl_sql_dag.py
[2023-10-11T03:59:07.295+0000] {processor.py:829} INFO - Processing file /opt/airflow/dags/etl_sql_dag.py for tasks to queue
[2023-10-11T03:59:07.298+0000] {logging_mixin.py:151} INFO - [2023-10-11T03:59:07.297+0000] {dagbag.py:539} INFO - Filling up the DagBag from /opt/airflow/dags/etl_sql_dag.py
[2023-10-11T03:59:07.387+0000] {processor.py:839} INFO - DAG(s) dict_keys(['etl_sql_dag']) retrieved from /opt/airflow/dags/etl_sql_dag.py
[2023-10-11T03:59:07.408+0000] {logging_mixin.py:151} INFO - [2023-10-11T03:59:07.408+0000] {dag.py:2915} INFO - Sync 1 DAGs
[2023-10-11T03:59:07.426+0000] {logging_mixin.py:151} INFO - [2023-10-11T03:59:07.425+0000] {dag.py:3696} INFO - Setting next_dagrun for etl_sql_dag to None, run_after=None
[2023-10-11T03:59:07.452+0000] {processor.py:179} INFO - Processing /opt/airflow/dags/etl_sql_dag.py took 0.163 seconds
[2023-10-11T03:59:37.993+0000] {processor.py:157} INFO - Started process (PID=2326) to work on /opt/airflow/dags/etl_sql_dag.py
[2023-10-11T03:59:37.996+0000] {processor.py:829} INFO - Processing file /opt/airflow/dags/etl_sql_dag.py for tasks to queue
[2023-10-11T03:59:37.998+0000] {logging_mixin.py:151} INFO - [2023-10-11T03:59:37.998+0000] {dagbag.py:539} INFO - Filling up the DagBag from /opt/airflow/dags/etl_sql_dag.py
[2023-10-11T03:59:38.093+0000] {processor.py:839} INFO - DAG(s) dict_keys(['etl_sql_dag']) retrieved from /opt/airflow/dags/etl_sql_dag.py
[2023-10-11T03:59:38.117+0000] {logging_mixin.py:151} INFO - [2023-10-11T03:59:38.117+0000] {dag.py:2915} INFO - Sync 1 DAGs
[2023-10-11T03:59:38.136+0000] {logging_mixin.py:151} INFO - [2023-10-11T03:59:38.136+0000] {dag.py:3696} INFO - Setting next_dagrun for etl_sql_dag to None, run_after=None
[2023-10-11T03:59:38.159+0000] {processor.py:179} INFO - Processing /opt/airflow/dags/etl_sql_dag.py took 0.168 seconds
[2023-10-11T04:00:08.314+0000] {processor.py:157} INFO - Started process (PID=2383) to work on /opt/airflow/dags/etl_sql_dag.py
[2023-10-11T04:00:08.316+0000] {processor.py:829} INFO - Processing file /opt/airflow/dags/etl_sql_dag.py for tasks to queue
[2023-10-11T04:00:08.318+0000] {logging_mixin.py:151} INFO - [2023-10-11T04:00:08.318+0000] {dagbag.py:539} INFO - Filling up the DagBag from /opt/airflow/dags/etl_sql_dag.py
[2023-10-11T04:00:08.408+0000] {processor.py:839} INFO - DAG(s) dict_keys(['etl_sql_dag']) retrieved from /opt/airflow/dags/etl_sql_dag.py
[2023-10-11T04:00:08.437+0000] {logging_mixin.py:151} INFO - [2023-10-11T04:00:08.437+0000] {dag.py:2915} INFO - Sync 1 DAGs
[2023-10-11T04:00:08.467+0000] {logging_mixin.py:151} INFO - [2023-10-11T04:00:08.466+0000] {dag.py:3696} INFO - Setting next_dagrun for etl_sql_dag to None, run_after=None
[2023-10-11T04:00:08.496+0000] {processor.py:179} INFO - Processing /opt/airflow/dags/etl_sql_dag.py took 0.187 seconds
[2023-10-11T04:00:38.767+0000] {processor.py:157} INFO - Started process (PID=2440) to work on /opt/airflow/dags/etl_sql_dag.py
[2023-10-11T04:00:38.768+0000] {processor.py:829} INFO - Processing file /opt/airflow/dags/etl_sql_dag.py for tasks to queue
[2023-10-11T04:00:38.771+0000] {logging_mixin.py:151} INFO - [2023-10-11T04:00:38.771+0000] {dagbag.py:539} INFO - Filling up the DagBag from /opt/airflow/dags/etl_sql_dag.py
[2023-10-11T04:00:38.857+0000] {processor.py:839} INFO - DAG(s) dict_keys(['etl_sql_dag']) retrieved from /opt/airflow/dags/etl_sql_dag.py
[2023-10-11T04:00:38.879+0000] {logging_mixin.py:151} INFO - [2023-10-11T04:00:38.879+0000] {dag.py:2915} INFO - Sync 1 DAGs
[2023-10-11T04:00:38.898+0000] {logging_mixin.py:151} INFO - [2023-10-11T04:00:38.897+0000] {dag.py:3696} INFO - Setting next_dagrun for etl_sql_dag to None, run_after=None
[2023-10-11T04:00:38.923+0000] {processor.py:179} INFO - Processing /opt/airflow/dags/etl_sql_dag.py took 0.160 seconds
[2023-10-11T04:01:09.923+0000] {processor.py:157} INFO - Started process (PID=2497) to work on /opt/airflow/dags/etl_sql_dag.py
[2023-10-11T04:01:09.925+0000] {processor.py:829} INFO - Processing file /opt/airflow/dags/etl_sql_dag.py for tasks to queue
[2023-10-11T04:01:09.927+0000] {logging_mixin.py:151} INFO - [2023-10-11T04:01:09.927+0000] {dagbag.py:539} INFO - Filling up the DagBag from /opt/airflow/dags/etl_sql_dag.py
[2023-10-11T04:01:10.009+0000] {processor.py:839} INFO - DAG(s) dict_keys(['etl_sql_dag']) retrieved from /opt/airflow/dags/etl_sql_dag.py
[2023-10-11T04:01:10.031+0000] {logging_mixin.py:151} INFO - [2023-10-11T04:01:10.031+0000] {dag.py:2915} INFO - Sync 1 DAGs
[2023-10-11T04:01:10.049+0000] {logging_mixin.py:151} INFO - [2023-10-11T04:01:10.048+0000] {dag.py:3696} INFO - Setting next_dagrun for etl_sql_dag to None, run_after=None
[2023-10-11T04:01:10.071+0000] {processor.py:179} INFO - Processing /opt/airflow/dags/etl_sql_dag.py took 0.151 seconds
[2023-10-11T04:01:40.582+0000] {processor.py:157} INFO - Started process (PID=2554) to work on /opt/airflow/dags/etl_sql_dag.py
[2023-10-11T04:01:40.584+0000] {processor.py:829} INFO - Processing file /opt/airflow/dags/etl_sql_dag.py for tasks to queue
[2023-10-11T04:01:40.586+0000] {logging_mixin.py:151} INFO - [2023-10-11T04:01:40.586+0000] {dagbag.py:539} INFO - Filling up the DagBag from /opt/airflow/dags/etl_sql_dag.py
[2023-10-11T04:01:40.659+0000] {processor.py:839} INFO - DAG(s) dict_keys(['etl_sql_dag']) retrieved from /opt/airflow/dags/etl_sql_dag.py
[2023-10-11T04:01:40.686+0000] {logging_mixin.py:151} INFO - [2023-10-11T04:01:40.686+0000] {dag.py:2915} INFO - Sync 1 DAGs
[2023-10-11T04:01:40.715+0000] {logging_mixin.py:151} INFO - [2023-10-11T04:01:40.714+0000] {dag.py:3696} INFO - Setting next_dagrun for etl_sql_dag to None, run_after=None
[2023-10-11T04:01:40.735+0000] {processor.py:179} INFO - Processing /opt/airflow/dags/etl_sql_dag.py took 0.156 seconds
[2023-10-11T04:02:11.090+0000] {processor.py:157} INFO - Started process (PID=2618) to work on /opt/airflow/dags/etl_sql_dag.py
[2023-10-11T04:02:11.092+0000] {processor.py:829} INFO - Processing file /opt/airflow/dags/etl_sql_dag.py for tasks to queue
[2023-10-11T04:02:11.095+0000] {logging_mixin.py:151} INFO - [2023-10-11T04:02:11.094+0000] {dagbag.py:539} INFO - Filling up the DagBag from /opt/airflow/dags/etl_sql_dag.py
[2023-10-11T04:02:11.173+0000] {processor.py:839} INFO - DAG(s) dict_keys(['etl_sql_dag']) retrieved from /opt/airflow/dags/etl_sql_dag.py
[2023-10-11T04:02:11.204+0000] {logging_mixin.py:151} INFO - [2023-10-11T04:02:11.203+0000] {dag.py:2915} INFO - Sync 1 DAGs
[2023-10-11T04:02:11.233+0000] {logging_mixin.py:151} INFO - [2023-10-11T04:02:11.232+0000] {dag.py:3696} INFO - Setting next_dagrun for etl_sql_dag to None, run_after=None
[2023-10-11T04:02:11.259+0000] {processor.py:179} INFO - Processing /opt/airflow/dags/etl_sql_dag.py took 0.173 seconds
[2023-10-11T04:02:42.014+0000] {processor.py:157} INFO - Started process (PID=2675) to work on /opt/airflow/dags/etl_sql_dag.py
[2023-10-11T04:02:42.016+0000] {processor.py:829} INFO - Processing file /opt/airflow/dags/etl_sql_dag.py for tasks to queue
[2023-10-11T04:02:42.019+0000] {logging_mixin.py:151} INFO - [2023-10-11T04:02:42.019+0000] {dagbag.py:539} INFO - Filling up the DagBag from /opt/airflow/dags/etl_sql_dag.py
[2023-10-11T04:02:42.106+0000] {processor.py:839} INFO - DAG(s) dict_keys(['etl_sql_dag']) retrieved from /opt/airflow/dags/etl_sql_dag.py
[2023-10-11T04:02:42.131+0000] {logging_mixin.py:151} INFO - [2023-10-11T04:02:42.130+0000] {dag.py:2915} INFO - Sync 1 DAGs
[2023-10-11T04:02:42.150+0000] {logging_mixin.py:151} INFO - [2023-10-11T04:02:42.149+0000] {dag.py:3696} INFO - Setting next_dagrun for etl_sql_dag to None, run_after=None
[2023-10-11T04:02:42.171+0000] {processor.py:179} INFO - Processing /opt/airflow/dags/etl_sql_dag.py took 0.161 seconds
[2023-10-11T04:03:12.773+0000] {processor.py:157} INFO - Started process (PID=2732) to work on /opt/airflow/dags/etl_sql_dag.py
[2023-10-11T04:03:12.774+0000] {processor.py:829} INFO - Processing file /opt/airflow/dags/etl_sql_dag.py for tasks to queue
[2023-10-11T04:03:12.777+0000] {logging_mixin.py:151} INFO - [2023-10-11T04:03:12.776+0000] {dagbag.py:539} INFO - Filling up the DagBag from /opt/airflow/dags/etl_sql_dag.py
[2023-10-11T04:03:12.850+0000] {processor.py:839} INFO - DAG(s) dict_keys(['etl_sql_dag']) retrieved from /opt/airflow/dags/etl_sql_dag.py
[2023-10-11T04:03:12.870+0000] {logging_mixin.py:151} INFO - [2023-10-11T04:03:12.869+0000] {dag.py:2915} INFO - Sync 1 DAGs
[2023-10-11T04:03:12.890+0000] {logging_mixin.py:151} INFO - [2023-10-11T04:03:12.889+0000] {dag.py:3696} INFO - Setting next_dagrun for etl_sql_dag to None, run_after=None
[2023-10-11T04:03:12.908+0000] {processor.py:179} INFO - Processing /opt/airflow/dags/etl_sql_dag.py took 0.138 seconds
[2023-10-11T04:03:43.469+0000] {processor.py:157} INFO - Started process (PID=2789) to work on /opt/airflow/dags/etl_sql_dag.py
[2023-10-11T04:03:43.470+0000] {processor.py:829} INFO - Processing file /opt/airflow/dags/etl_sql_dag.py for tasks to queue
[2023-10-11T04:03:43.473+0000] {logging_mixin.py:151} INFO - [2023-10-11T04:03:43.473+0000] {dagbag.py:539} INFO - Filling up the DagBag from /opt/airflow/dags/etl_sql_dag.py
[2023-10-11T04:03:43.523+0000] {logging_mixin.py:151} INFO - [2023-10-11T04:03:43.521+0000] {dagbag.py:347} ERROR - Failed to import: /opt/airflow/dags/etl_sql_dag.py
Traceback (most recent call last):
  File "/home/airflow/.local/lib/python3.8/site-packages/airflow/models/dagbag.py", line 343, in parse
    loader.exec_module(new_module)
  File "<frozen importlib._bootstrap_external>", line 839, in exec_module
  File "<frozen importlib._bootstrap_external>", line 976, in get_code
  File "<frozen importlib._bootstrap_external>", line 906, in source_to_code
  File "<frozen importlib._bootstrap>", line 219, in _call_with_frames_removed
  File "/opt/airflow/dags/etl_sql_dag.py", line 210
    print("task1)
                ^
SyntaxError: EOL while scanning string literal
[2023-10-11T04:03:43.525+0000] {processor.py:841} WARNING - No viable dags retrieved from /opt/airflow/dags/etl_sql_dag.py
[2023-10-11T04:03:43.550+0000] {processor.py:179} INFO - Processing /opt/airflow/dags/etl_sql_dag.py took 0.085 seconds
[2023-10-11T04:03:47.628+0000] {processor.py:157} INFO - Started process (PID=2790) to work on /opt/airflow/dags/etl_sql_dag.py
[2023-10-11T04:03:47.630+0000] {processor.py:829} INFO - Processing file /opt/airflow/dags/etl_sql_dag.py for tasks to queue
[2023-10-11T04:03:47.634+0000] {logging_mixin.py:151} INFO - [2023-10-11T04:03:47.634+0000] {dagbag.py:539} INFO - Filling up the DagBag from /opt/airflow/dags/etl_sql_dag.py
[2023-10-11T04:03:47.684+0000] {logging_mixin.py:151} INFO - [2023-10-11T04:03:47.683+0000] {dagbag.py:347} ERROR - Failed to import: /opt/airflow/dags/etl_sql_dag.py
Traceback (most recent call last):
  File "/home/airflow/.local/lib/python3.8/site-packages/airflow/models/dagbag.py", line 343, in parse
    loader.exec_module(new_module)
  File "<frozen importlib._bootstrap_external>", line 839, in exec_module
  File "<frozen importlib._bootstrap_external>", line 976, in get_code
  File "<frozen importlib._bootstrap_external>", line 906, in source_to_code
  File "<frozen importlib._bootstrap>", line 219, in _call_with_frames_removed
  File "/opt/airflow/dags/etl_sql_dag.py", line 210
    print("Task 1task1)
                      ^
SyntaxError: EOL while scanning string literal
[2023-10-11T04:03:47.685+0000] {processor.py:841} WARNING - No viable dags retrieved from /opt/airflow/dags/etl_sql_dag.py
[2023-10-11T04:03:47.709+0000] {processor.py:179} INFO - Processing /opt/airflow/dags/etl_sql_dag.py took 0.084 seconds
[2023-10-11T04:03:48.702+0000] {processor.py:157} INFO - Started process (PID=2791) to work on /opt/airflow/dags/etl_sql_dag.py
[2023-10-11T04:03:48.703+0000] {processor.py:829} INFO - Processing file /opt/airflow/dags/etl_sql_dag.py for tasks to queue
[2023-10-11T04:03:48.705+0000] {logging_mixin.py:151} INFO - [2023-10-11T04:03:48.705+0000] {dagbag.py:539} INFO - Filling up the DagBag from /opt/airflow/dags/etl_sql_dag.py
[2023-10-11T04:03:48.750+0000] {logging_mixin.py:151} INFO - [2023-10-11T04:03:48.750+0000] {dagbag.py:347} ERROR - Failed to import: /opt/airflow/dags/etl_sql_dag.py
Traceback (most recent call last):
  File "/home/airflow/.local/lib/python3.8/site-packages/airflow/models/dagbag.py", line 343, in parse
    loader.exec_module(new_module)
  File "<frozen importlib._bootstrap_external>", line 839, in exec_module
  File "<frozen importlib._bootstrap_external>", line 976, in get_code
  File "<frozen importlib._bootstrap_external>", line 906, in source_to_code
  File "<frozen importlib._bootstrap>", line 219, in _call_with_frames_removed
  File "/opt/airflow/dags/etl_sql_dag.py", line 210
    print("Task 1 task1)
                       ^
SyntaxError: EOL while scanning string literal
[2023-10-11T04:03:48.752+0000] {processor.py:841} WARNING - No viable dags retrieved from /opt/airflow/dags/etl_sql_dag.py
[2023-10-11T04:03:48.774+0000] {processor.py:179} INFO - Processing /opt/airflow/dags/etl_sql_dag.py took 0.076 seconds
[2023-10-11T04:03:53.043+0000] {processor.py:157} INFO - Started process (PID=2818) to work on /opt/airflow/dags/etl_sql_dag.py
[2023-10-11T04:03:53.045+0000] {processor.py:829} INFO - Processing file /opt/airflow/dags/etl_sql_dag.py for tasks to queue
[2023-10-11T04:03:53.047+0000] {logging_mixin.py:151} INFO - [2023-10-11T04:03:53.047+0000] {dagbag.py:539} INFO - Filling up the DagBag from /opt/airflow/dags/etl_sql_dag.py
[2023-10-11T04:03:53.098+0000] {logging_mixin.py:151} INFO - [2023-10-11T04:03:53.097+0000] {dagbag.py:347} ERROR - Failed to import: /opt/airflow/dags/etl_sql_dag.py
Traceback (most recent call last):
  File "/home/airflow/.local/lib/python3.8/site-packages/airflow/models/dagbag.py", line 343, in parse
    loader.exec_module(new_module)
  File "<frozen importlib._bootstrap_external>", line 839, in exec_module
  File "<frozen importlib._bootstrap_external>", line 976, in get_code
  File "<frozen importlib._bootstrap_external>", line 906, in source_to_code
  File "<frozen importlib._bootstrap>", line 219, in _call_with_frames_removed
  File "/opt/airflow/dags/etl_sql_dag.py", line 210
    print("Task 1 status;task1)
                              ^
SyntaxError: EOL while scanning string literal
[2023-10-11T04:03:53.100+0000] {processor.py:841} WARNING - No viable dags retrieved from /opt/airflow/dags/etl_sql_dag.py
[2023-10-11T04:03:53.121+0000] {processor.py:179} INFO - Processing /opt/airflow/dags/etl_sql_dag.py took 0.082 seconds
[2023-10-11T04:03:55.328+0000] {processor.py:157} INFO - Started process (PID=2823) to work on /opt/airflow/dags/etl_sql_dag.py
[2023-10-11T04:03:55.332+0000] {processor.py:829} INFO - Processing file /opt/airflow/dags/etl_sql_dag.py for tasks to queue
[2023-10-11T04:03:55.338+0000] {logging_mixin.py:151} INFO - [2023-10-11T04:03:55.338+0000] {dagbag.py:539} INFO - Filling up the DagBag from /opt/airflow/dags/etl_sql_dag.py
[2023-10-11T04:03:55.394+0000] {logging_mixin.py:151} INFO - [2023-10-11T04:03:55.392+0000] {dagbag.py:347} ERROR - Failed to import: /opt/airflow/dags/etl_sql_dag.py
Traceback (most recent call last):
  File "/home/airflow/.local/lib/python3.8/site-packages/airflow/models/dagbag.py", line 343, in parse
    loader.exec_module(new_module)
  File "<frozen importlib._bootstrap_external>", line 839, in exec_module
  File "<frozen importlib._bootstrap_external>", line 976, in get_code
  File "<frozen importlib._bootstrap_external>", line 906, in source_to_code
  File "<frozen importlib._bootstrap>", line 219, in _call_with_frames_removed
  File "/opt/airflow/dags/etl_sql_dag.py", line 210
    print("Task 1 status:task1)
                              ^
SyntaxError: EOL while scanning string literal
[2023-10-11T04:03:55.395+0000] {processor.py:841} WARNING - No viable dags retrieved from /opt/airflow/dags/etl_sql_dag.py
[2023-10-11T04:03:55.416+0000] {processor.py:179} INFO - Processing /opt/airflow/dags/etl_sql_dag.py took 0.093 seconds
[2023-10-11T04:03:57.183+0000] {processor.py:157} INFO - Started process (PID=2835) to work on /opt/airflow/dags/etl_sql_dag.py
[2023-10-11T04:03:57.184+0000] {processor.py:829} INFO - Processing file /opt/airflow/dags/etl_sql_dag.py for tasks to queue
[2023-10-11T04:03:57.187+0000] {logging_mixin.py:151} INFO - [2023-10-11T04:03:57.187+0000] {dagbag.py:539} INFO - Filling up the DagBag from /opt/airflow/dags/etl_sql_dag.py
[2023-10-11T04:03:57.230+0000] {logging_mixin.py:151} INFO - [2023-10-11T04:03:57.229+0000] {dagbag.py:347} ERROR - Failed to import: /opt/airflow/dags/etl_sql_dag.py
Traceback (most recent call last):
  File "/home/airflow/.local/lib/python3.8/site-packages/airflow/models/dagbag.py", line 343, in parse
    loader.exec_module(new_module)
  File "<frozen importlib._bootstrap_external>", line 839, in exec_module
  File "<frozen importlib._bootstrap_external>", line 976, in get_code
  File "<frozen importlib._bootstrap_external>", line 906, in source_to_code
  File "<frozen importlib._bootstrap>", line 219, in _call_with_frames_removed
  File "/opt/airflow/dags/etl_sql_dag.py", line 210
    print("Task 1 status: {task1)
                                ^
SyntaxError: EOL while scanning string literal
[2023-10-11T04:03:57.231+0000] {processor.py:841} WARNING - No viable dags retrieved from /opt/airflow/dags/etl_sql_dag.py
[2023-10-11T04:03:57.251+0000] {processor.py:179} INFO - Processing /opt/airflow/dags/etl_sql_dag.py took 0.071 seconds
[2023-10-11T04:03:59.381+0000] {processor.py:157} INFO - Started process (PID=2837) to work on /opt/airflow/dags/etl_sql_dag.py
[2023-10-11T04:03:59.384+0000] {processor.py:829} INFO - Processing file /opt/airflow/dags/etl_sql_dag.py for tasks to queue
[2023-10-11T04:03:59.391+0000] {logging_mixin.py:151} INFO - [2023-10-11T04:03:59.391+0000] {dagbag.py:539} INFO - Filling up the DagBag from /opt/airflow/dags/etl_sql_dag.py
[2023-10-11T04:03:59.469+0000] {logging_mixin.py:151} INFO - [2023-10-11T04:03:59.467+0000] {dagbag.py:347} ERROR - Failed to import: /opt/airflow/dags/etl_sql_dag.py
Traceback (most recent call last):
  File "/home/airflow/.local/lib/python3.8/site-packages/airflow/models/dagbag.py", line 343, in parse
    loader.exec_module(new_module)
  File "<frozen importlib._bootstrap_external>", line 839, in exec_module
  File "<frozen importlib._bootstrap_external>", line 976, in get_code
  File "<frozen importlib._bootstrap_external>", line 906, in source_to_code
  File "<frozen importlib._bootstrap>", line 219, in _call_with_frames_removed
  File "/opt/airflow/dags/etl_sql_dag.py", line 210
    print("Task 1 status: {task1})
                                 ^
SyntaxError: EOL while scanning string literal
[2023-10-11T04:03:59.471+0000] {processor.py:841} WARNING - No viable dags retrieved from /opt/airflow/dags/etl_sql_dag.py
[2023-10-11T04:03:59.516+0000] {processor.py:179} INFO - Processing /opt/airflow/dags/etl_sql_dag.py took 0.140 seconds
[2023-10-11T04:04:00.733+0000] {processor.py:157} INFO - Started process (PID=2841) to work on /opt/airflow/dags/etl_sql_dag.py
[2023-10-11T04:04:00.735+0000] {processor.py:829} INFO - Processing file /opt/airflow/dags/etl_sql_dag.py for tasks to queue
[2023-10-11T04:04:00.738+0000] {logging_mixin.py:151} INFO - [2023-10-11T04:04:00.737+0000] {dagbag.py:539} INFO - Filling up the DagBag from /opt/airflow/dags/etl_sql_dag.py
[2023-10-11T04:04:00.888+0000] {processor.py:839} INFO - DAG(s) dict_keys(['etl_sql_dag']) retrieved from /opt/airflow/dags/etl_sql_dag.py
[2023-10-11T04:04:00.920+0000] {logging_mixin.py:151} INFO - [2023-10-11T04:04:00.919+0000] {dag.py:2915} INFO - Sync 1 DAGs
[2023-10-11T04:04:00.947+0000] {logging_mixin.py:151} INFO - [2023-10-11T04:04:00.947+0000] {dag.py:3696} INFO - Setting next_dagrun for etl_sql_dag to None, run_after=None
[2023-10-11T04:04:00.989+0000] {processor.py:179} INFO - Processing /opt/airflow/dags/etl_sql_dag.py took 0.261 seconds
[2023-10-11T04:04:02.799+0000] {processor.py:157} INFO - Started process (PID=2842) to work on /opt/airflow/dags/etl_sql_dag.py
[2023-10-11T04:04:02.800+0000] {processor.py:829} INFO - Processing file /opt/airflow/dags/etl_sql_dag.py for tasks to queue
[2023-10-11T04:04:02.803+0000] {logging_mixin.py:151} INFO - [2023-10-11T04:04:02.803+0000] {dagbag.py:539} INFO - Filling up the DagBag from /opt/airflow/dags/etl_sql_dag.py
[2023-10-11T04:04:02.903+0000] {processor.py:839} INFO - DAG(s) dict_keys(['etl_sql_dag']) retrieved from /opt/airflow/dags/etl_sql_dag.py
[2023-10-11T04:04:02.929+0000] {logging_mixin.py:151} INFO - [2023-10-11T04:04:02.928+0000] {dag.py:2915} INFO - Sync 1 DAGs
[2023-10-11T04:04:02.953+0000] {logging_mixin.py:151} INFO - [2023-10-11T04:04:02.952+0000] {dag.py:3696} INFO - Setting next_dagrun for etl_sql_dag to None, run_after=None
[2023-10-11T04:04:02.994+0000] {processor.py:179} INFO - Processing /opt/airflow/dags/etl_sql_dag.py took 0.199 seconds
[2023-10-11T04:04:07.203+0000] {processor.py:157} INFO - Started process (PID=2843) to work on /opt/airflow/dags/etl_sql_dag.py
[2023-10-11T04:04:07.205+0000] {processor.py:829} INFO - Processing file /opt/airflow/dags/etl_sql_dag.py for tasks to queue
[2023-10-11T04:04:07.208+0000] {logging_mixin.py:151} INFO - [2023-10-11T04:04:07.207+0000] {dagbag.py:539} INFO - Filling up the DagBag from /opt/airflow/dags/etl_sql_dag.py
[2023-10-11T04:04:07.323+0000] {processor.py:839} INFO - DAG(s) dict_keys(['etl_sql_dag']) retrieved from /opt/airflow/dags/etl_sql_dag.py
[2023-10-11T04:04:07.346+0000] {logging_mixin.py:151} INFO - [2023-10-11T04:04:07.345+0000] {dag.py:2915} INFO - Sync 1 DAGs
[2023-10-11T04:04:07.371+0000] {logging_mixin.py:151} INFO - [2023-10-11T04:04:07.371+0000] {dag.py:3696} INFO - Setting next_dagrun for etl_sql_dag to None, run_after=None
[2023-10-11T04:04:07.419+0000] {processor.py:179} INFO - Processing /opt/airflow/dags/etl_sql_dag.py took 0.220 seconds
[2023-10-11T04:04:09.033+0000] {processor.py:157} INFO - Started process (PID=2847) to work on /opt/airflow/dags/etl_sql_dag.py
[2023-10-11T04:04:09.034+0000] {processor.py:829} INFO - Processing file /opt/airflow/dags/etl_sql_dag.py for tasks to queue
[2023-10-11T04:04:09.036+0000] {logging_mixin.py:151} INFO - [2023-10-11T04:04:09.036+0000] {dagbag.py:539} INFO - Filling up the DagBag from /opt/airflow/dags/etl_sql_dag.py
[2023-10-11T04:04:09.158+0000] {processor.py:839} INFO - DAG(s) dict_keys(['etl_sql_dag']) retrieved from /opt/airflow/dags/etl_sql_dag.py
[2023-10-11T04:04:09.186+0000] {logging_mixin.py:151} INFO - [2023-10-11T04:04:09.186+0000] {dag.py:2915} INFO - Sync 1 DAGs
[2023-10-11T04:04:09.205+0000] {logging_mixin.py:151} INFO - [2023-10-11T04:04:09.205+0000] {dag.py:3696} INFO - Setting next_dagrun for etl_sql_dag to None, run_after=None
[2023-10-11T04:04:09.238+0000] {processor.py:179} INFO - Processing /opt/airflow/dags/etl_sql_dag.py took 0.214 seconds
[2023-10-11T04:04:11.634+0000] {processor.py:157} INFO - Started process (PID=2856) to work on /opt/airflow/dags/etl_sql_dag.py
[2023-10-11T04:04:11.636+0000] {processor.py:829} INFO - Processing file /opt/airflow/dags/etl_sql_dag.py for tasks to queue
[2023-10-11T04:04:11.638+0000] {logging_mixin.py:151} INFO - [2023-10-11T04:04:11.638+0000] {dagbag.py:539} INFO - Filling up the DagBag from /opt/airflow/dags/etl_sql_dag.py
[2023-10-11T04:04:11.758+0000] {processor.py:839} INFO - DAG(s) dict_keys(['etl_sql_dag']) retrieved from /opt/airflow/dags/etl_sql_dag.py
[2023-10-11T04:04:11.781+0000] {logging_mixin.py:151} INFO - [2023-10-11T04:04:11.780+0000] {dag.py:2915} INFO - Sync 1 DAGs
[2023-10-11T04:04:11.806+0000] {logging_mixin.py:151} INFO - [2023-10-11T04:04:11.806+0000] {dag.py:3696} INFO - Setting next_dagrun for etl_sql_dag to None, run_after=None
[2023-10-11T04:04:11.851+0000] {processor.py:179} INFO - Processing /opt/airflow/dags/etl_sql_dag.py took 0.221 seconds
[2023-10-11T04:04:12.700+0000] {processor.py:157} INFO - Started process (PID=2857) to work on /opt/airflow/dags/etl_sql_dag.py
[2023-10-11T04:04:12.702+0000] {processor.py:829} INFO - Processing file /opt/airflow/dags/etl_sql_dag.py for tasks to queue
[2023-10-11T04:04:12.705+0000] {logging_mixin.py:151} INFO - [2023-10-11T04:04:12.704+0000] {dagbag.py:539} INFO - Filling up the DagBag from /opt/airflow/dags/etl_sql_dag.py
[2023-10-11T04:04:12.839+0000] {processor.py:839} INFO - DAG(s) dict_keys(['etl_sql_dag']) retrieved from /opt/airflow/dags/etl_sql_dag.py
[2023-10-11T04:04:12.864+0000] {logging_mixin.py:151} INFO - [2023-10-11T04:04:12.864+0000] {dag.py:2915} INFO - Sync 1 DAGs
[2023-10-11T04:04:12.884+0000] {logging_mixin.py:151} INFO - [2023-10-11T04:04:12.884+0000] {dag.py:3696} INFO - Setting next_dagrun for etl_sql_dag to None, run_after=None
[2023-10-11T04:04:12.917+0000] {processor.py:179} INFO - Processing /opt/airflow/dags/etl_sql_dag.py took 0.221 seconds
[2023-10-11T04:04:43.427+0000] {processor.py:157} INFO - Started process (PID=2914) to work on /opt/airflow/dags/etl_sql_dag.py
[2023-10-11T04:04:43.428+0000] {processor.py:829} INFO - Processing file /opt/airflow/dags/etl_sql_dag.py for tasks to queue
[2023-10-11T04:04:43.431+0000] {logging_mixin.py:151} INFO - [2023-10-11T04:04:43.430+0000] {dagbag.py:539} INFO - Filling up the DagBag from /opt/airflow/dags/etl_sql_dag.py
[2023-10-11T04:04:43.510+0000] {processor.py:839} INFO - DAG(s) dict_keys(['etl_sql_dag']) retrieved from /opt/airflow/dags/etl_sql_dag.py
[2023-10-11T04:04:43.533+0000] {logging_mixin.py:151} INFO - [2023-10-11T04:04:43.532+0000] {dag.py:2915} INFO - Sync 1 DAGs
[2023-10-11T04:04:43.554+0000] {logging_mixin.py:151} INFO - [2023-10-11T04:04:43.554+0000] {dag.py:3696} INFO - Setting next_dagrun for etl_sql_dag to None, run_after=None
[2023-10-11T04:04:43.590+0000] {processor.py:179} INFO - Processing /opt/airflow/dags/etl_sql_dag.py took 0.168 seconds
