[2023-10-11T03:39:28.913+0000] {processor.py:157} INFO - Started process (PID=73) to work on /home/airflow/.local/lib/python3.8/site-packages/airflow/example_dags/example_branch_python_dop_operator_3.py
[2023-10-11T03:39:28.916+0000] {processor.py:829} INFO - Processing file /home/airflow/.local/lib/python3.8/site-packages/airflow/example_dags/example_branch_python_dop_operator_3.py for tasks to queue
[2023-10-11T03:39:28.922+0000] {logging_mixin.py:151} INFO - [2023-10-11T03:39:28.922+0000] {dagbag.py:539} INFO - Filling up the DagBag from /home/airflow/.local/lib/python3.8/site-packages/airflow/example_dags/example_branch_python_dop_operator_3.py
[2023-10-11T03:39:28.951+0000] {processor.py:839} INFO - DAG(s) dict_keys(['example_branch_dop_operator_v3']) retrieved from /home/airflow/.local/lib/python3.8/site-packages/airflow/example_dags/example_branch_python_dop_operator_3.py
[2023-10-11T03:39:28.986+0000] {logging_mixin.py:151} INFO - [2023-10-11T03:39:28.986+0000] {dag.py:2915} INFO - Sync 1 DAGs
[2023-10-11T03:39:29.020+0000] {logging_mixin.py:151} INFO - [2023-10-11T03:39:29.019+0000] {dag.py:3696} INFO - Setting next_dagrun for example_branch_dop_operator_v3 to 2023-10-11T03:38:00+00:00, run_after=2023-10-11T03:39:00+00:00
[2023-10-11T03:39:29.052+0000] {processor.py:179} INFO - Processing /home/airflow/.local/lib/python3.8/site-packages/airflow/example_dags/example_branch_python_dop_operator_3.py took 0.147 seconds
[2023-10-11T03:39:59.496+0000] {processor.py:157} INFO - Started process (PID=130) to work on /home/airflow/.local/lib/python3.8/site-packages/airflow/example_dags/example_branch_python_dop_operator_3.py
[2023-10-11T03:39:59.503+0000] {processor.py:829} INFO - Processing file /home/airflow/.local/lib/python3.8/site-packages/airflow/example_dags/example_branch_python_dop_operator_3.py for tasks to queue
[2023-10-11T03:39:59.507+0000] {logging_mixin.py:151} INFO - [2023-10-11T03:39:59.507+0000] {dagbag.py:539} INFO - Filling up the DagBag from /home/airflow/.local/lib/python3.8/site-packages/airflow/example_dags/example_branch_python_dop_operator_3.py
[2023-10-11T03:39:59.514+0000] {processor.py:839} INFO - DAG(s) dict_keys(['example_branch_dop_operator_v3']) retrieved from /home/airflow/.local/lib/python3.8/site-packages/airflow/example_dags/example_branch_python_dop_operator_3.py
[2023-10-11T03:39:59.534+0000] {logging_mixin.py:151} INFO - [2023-10-11T03:39:59.534+0000] {dag.py:2915} INFO - Sync 1 DAGs
[2023-10-11T03:39:59.555+0000] {logging_mixin.py:151} INFO - [2023-10-11T03:39:59.555+0000] {dag.py:3696} INFO - Setting next_dagrun for example_branch_dop_operator_v3 to 2023-10-11T03:38:00+00:00, run_after=2023-10-11T03:39:00+00:00
[2023-10-11T03:39:59.573+0000] {processor.py:179} INFO - Processing /home/airflow/.local/lib/python3.8/site-packages/airflow/example_dags/example_branch_python_dop_operator_3.py took 0.080 seconds
[2023-10-11T03:40:30.005+0000] {processor.py:157} INFO - Started process (PID=187) to work on /home/airflow/.local/lib/python3.8/site-packages/airflow/example_dags/example_branch_python_dop_operator_3.py
[2023-10-11T03:40:30.007+0000] {processor.py:829} INFO - Processing file /home/airflow/.local/lib/python3.8/site-packages/airflow/example_dags/example_branch_python_dop_operator_3.py for tasks to queue
[2023-10-11T03:40:30.009+0000] {logging_mixin.py:151} INFO - [2023-10-11T03:40:30.009+0000] {dagbag.py:539} INFO - Filling up the DagBag from /home/airflow/.local/lib/python3.8/site-packages/airflow/example_dags/example_branch_python_dop_operator_3.py
[2023-10-11T03:40:30.017+0000] {processor.py:839} INFO - DAG(s) dict_keys(['example_branch_dop_operator_v3']) retrieved from /home/airflow/.local/lib/python3.8/site-packages/airflow/example_dags/example_branch_python_dop_operator_3.py
[2023-10-11T03:40:30.038+0000] {logging_mixin.py:151} INFO - [2023-10-11T03:40:30.037+0000] {dag.py:2915} INFO - Sync 1 DAGs
[2023-10-11T03:40:30.059+0000] {logging_mixin.py:151} INFO - [2023-10-11T03:40:30.059+0000] {dag.py:3696} INFO - Setting next_dagrun for example_branch_dop_operator_v3 to 2023-10-11T03:39:00+00:00, run_after=2023-10-11T03:40:00+00:00
[2023-10-11T03:40:30.080+0000] {processor.py:179} INFO - Processing /home/airflow/.local/lib/python3.8/site-packages/airflow/example_dags/example_branch_python_dop_operator_3.py took 0.077 seconds
[2023-10-11T03:41:00.895+0000] {processor.py:157} INFO - Started process (PID=244) to work on /home/airflow/.local/lib/python3.8/site-packages/airflow/example_dags/example_branch_python_dop_operator_3.py
[2023-10-11T03:41:00.897+0000] {processor.py:829} INFO - Processing file /home/airflow/.local/lib/python3.8/site-packages/airflow/example_dags/example_branch_python_dop_operator_3.py for tasks to queue
[2023-10-11T03:41:00.901+0000] {logging_mixin.py:151} INFO - [2023-10-11T03:41:00.900+0000] {dagbag.py:539} INFO - Filling up the DagBag from /home/airflow/.local/lib/python3.8/site-packages/airflow/example_dags/example_branch_python_dop_operator_3.py
[2023-10-11T03:41:00.915+0000] {processor.py:839} INFO - DAG(s) dict_keys(['example_branch_dop_operator_v3']) retrieved from /home/airflow/.local/lib/python3.8/site-packages/airflow/example_dags/example_branch_python_dop_operator_3.py
[2023-10-11T03:41:00.953+0000] {logging_mixin.py:151} INFO - [2023-10-11T03:41:00.952+0000] {dag.py:2915} INFO - Sync 1 DAGs
[2023-10-11T03:41:00.987+0000] {logging_mixin.py:151} INFO - [2023-10-11T03:41:00.987+0000] {dag.py:3696} INFO - Setting next_dagrun for example_branch_dop_operator_v3 to 2023-10-11T03:40:00+00:00, run_after=2023-10-11T03:41:00+00:00
[2023-10-11T03:41:01.021+0000] {processor.py:179} INFO - Processing /home/airflow/.local/lib/python3.8/site-packages/airflow/example_dags/example_branch_python_dop_operator_3.py took 0.130 seconds
[2023-10-11T03:41:31.603+0000] {processor.py:157} INFO - Started process (PID=301) to work on /home/airflow/.local/lib/python3.8/site-packages/airflow/example_dags/example_branch_python_dop_operator_3.py
[2023-10-11T03:41:31.605+0000] {processor.py:829} INFO - Processing file /home/airflow/.local/lib/python3.8/site-packages/airflow/example_dags/example_branch_python_dop_operator_3.py for tasks to queue
[2023-10-11T03:41:31.609+0000] {logging_mixin.py:151} INFO - [2023-10-11T03:41:31.609+0000] {dagbag.py:539} INFO - Filling up the DagBag from /home/airflow/.local/lib/python3.8/site-packages/airflow/example_dags/example_branch_python_dop_operator_3.py
[2023-10-11T03:41:31.624+0000] {processor.py:839} INFO - DAG(s) dict_keys(['example_branch_dop_operator_v3']) retrieved from /home/airflow/.local/lib/python3.8/site-packages/airflow/example_dags/example_branch_python_dop_operator_3.py
[2023-10-11T03:41:31.660+0000] {logging_mixin.py:151} INFO - [2023-10-11T03:41:31.660+0000] {dag.py:2915} INFO - Sync 1 DAGs
[2023-10-11T03:41:31.701+0000] {logging_mixin.py:151} INFO - [2023-10-11T03:41:31.701+0000] {dag.py:3696} INFO - Setting next_dagrun for example_branch_dop_operator_v3 to 2023-10-11T03:40:00+00:00, run_after=2023-10-11T03:41:00+00:00
[2023-10-11T03:41:31.745+0000] {processor.py:179} INFO - Processing /home/airflow/.local/lib/python3.8/site-packages/airflow/example_dags/example_branch_python_dop_operator_3.py took 0.147 seconds
[2023-10-11T03:42:02.199+0000] {processor.py:157} INFO - Started process (PID=358) to work on /home/airflow/.local/lib/python3.8/site-packages/airflow/example_dags/example_branch_python_dop_operator_3.py
[2023-10-11T03:42:02.201+0000] {processor.py:829} INFO - Processing file /home/airflow/.local/lib/python3.8/site-packages/airflow/example_dags/example_branch_python_dop_operator_3.py for tasks to queue
[2023-10-11T03:42:02.210+0000] {logging_mixin.py:151} INFO - [2023-10-11T03:42:02.205+0000] {dagbag.py:539} INFO - Filling up the DagBag from /home/airflow/.local/lib/python3.8/site-packages/airflow/example_dags/example_branch_python_dop_operator_3.py
[2023-10-11T03:42:02.233+0000] {processor.py:839} INFO - DAG(s) dict_keys(['example_branch_dop_operator_v3']) retrieved from /home/airflow/.local/lib/python3.8/site-packages/airflow/example_dags/example_branch_python_dop_operator_3.py
[2023-10-11T03:42:02.282+0000] {logging_mixin.py:151} INFO - [2023-10-11T03:42:02.282+0000] {dag.py:2915} INFO - Sync 1 DAGs
[2023-10-11T03:42:02.321+0000] {logging_mixin.py:151} INFO - [2023-10-11T03:42:02.321+0000] {dag.py:3696} INFO - Setting next_dagrun for example_branch_dop_operator_v3 to 2023-10-11T03:41:00+00:00, run_after=2023-10-11T03:42:00+00:00
[2023-10-11T03:42:02.351+0000] {processor.py:179} INFO - Processing /home/airflow/.local/lib/python3.8/site-packages/airflow/example_dags/example_branch_python_dop_operator_3.py took 0.157 seconds
[2023-10-11T03:42:33.229+0000] {processor.py:157} INFO - Started process (PID=415) to work on /home/airflow/.local/lib/python3.8/site-packages/airflow/example_dags/example_branch_python_dop_operator_3.py
[2023-10-11T03:42:33.231+0000] {processor.py:829} INFO - Processing file /home/airflow/.local/lib/python3.8/site-packages/airflow/example_dags/example_branch_python_dop_operator_3.py for tasks to queue
[2023-10-11T03:42:33.235+0000] {logging_mixin.py:151} INFO - [2023-10-11T03:42:33.235+0000] {dagbag.py:539} INFO - Filling up the DagBag from /home/airflow/.local/lib/python3.8/site-packages/airflow/example_dags/example_branch_python_dop_operator_3.py
[2023-10-11T03:42:33.248+0000] {processor.py:839} INFO - DAG(s) dict_keys(['example_branch_dop_operator_v3']) retrieved from /home/airflow/.local/lib/python3.8/site-packages/airflow/example_dags/example_branch_python_dop_operator_3.py
[2023-10-11T03:42:33.281+0000] {logging_mixin.py:151} INFO - [2023-10-11T03:42:33.281+0000] {dag.py:2915} INFO - Sync 1 DAGs
[2023-10-11T03:42:33.311+0000] {logging_mixin.py:151} INFO - [2023-10-11T03:42:33.311+0000] {dag.py:3696} INFO - Setting next_dagrun for example_branch_dop_operator_v3 to 2023-10-11T03:41:00+00:00, run_after=2023-10-11T03:42:00+00:00
[2023-10-11T03:42:33.334+0000] {processor.py:179} INFO - Processing /home/airflow/.local/lib/python3.8/site-packages/airflow/example_dags/example_branch_python_dop_operator_3.py took 0.109 seconds
[2023-10-11T03:43:03.470+0000] {processor.py:157} INFO - Started process (PID=471) to work on /home/airflow/.local/lib/python3.8/site-packages/airflow/example_dags/example_branch_python_dop_operator_3.py
[2023-10-11T03:43:03.472+0000] {processor.py:829} INFO - Processing file /home/airflow/.local/lib/python3.8/site-packages/airflow/example_dags/example_branch_python_dop_operator_3.py for tasks to queue
[2023-10-11T03:43:03.476+0000] {logging_mixin.py:151} INFO - [2023-10-11T03:43:03.476+0000] {dagbag.py:539} INFO - Filling up the DagBag from /home/airflow/.local/lib/python3.8/site-packages/airflow/example_dags/example_branch_python_dop_operator_3.py
[2023-10-11T03:43:03.491+0000] {processor.py:839} INFO - DAG(s) dict_keys(['example_branch_dop_operator_v3']) retrieved from /home/airflow/.local/lib/python3.8/site-packages/airflow/example_dags/example_branch_python_dop_operator_3.py
[2023-10-11T03:43:03.532+0000] {logging_mixin.py:151} INFO - [2023-10-11T03:43:03.532+0000] {dag.py:2915} INFO - Sync 1 DAGs
[2023-10-11T03:43:03.572+0000] {logging_mixin.py:151} INFO - [2023-10-11T03:43:03.572+0000] {dag.py:3696} INFO - Setting next_dagrun for example_branch_dop_operator_v3 to 2023-10-11T03:42:00+00:00, run_after=2023-10-11T03:43:00+00:00
[2023-10-11T03:43:03.606+0000] {processor.py:179} INFO - Processing /home/airflow/.local/lib/python3.8/site-packages/airflow/example_dags/example_branch_python_dop_operator_3.py took 0.140 seconds
[2023-10-11T03:43:33.790+0000] {processor.py:157} INFO - Started process (PID=528) to work on /home/airflow/.local/lib/python3.8/site-packages/airflow/example_dags/example_branch_python_dop_operator_3.py
[2023-10-11T03:43:33.793+0000] {processor.py:829} INFO - Processing file /home/airflow/.local/lib/python3.8/site-packages/airflow/example_dags/example_branch_python_dop_operator_3.py for tasks to queue
[2023-10-11T03:43:33.800+0000] {logging_mixin.py:151} INFO - [2023-10-11T03:43:33.800+0000] {dagbag.py:539} INFO - Filling up the DagBag from /home/airflow/.local/lib/python3.8/site-packages/airflow/example_dags/example_branch_python_dop_operator_3.py
[2023-10-11T03:43:33.835+0000] {processor.py:839} INFO - DAG(s) dict_keys(['example_branch_dop_operator_v3']) retrieved from /home/airflow/.local/lib/python3.8/site-packages/airflow/example_dags/example_branch_python_dop_operator_3.py
[2023-10-11T03:43:33.883+0000] {logging_mixin.py:151} INFO - [2023-10-11T03:43:33.882+0000] {dag.py:2915} INFO - Sync 1 DAGs
[2023-10-11T03:43:33.940+0000] {logging_mixin.py:151} INFO - [2023-10-11T03:43:33.939+0000] {dag.py:3696} INFO - Setting next_dagrun for example_branch_dop_operator_v3 to 2023-10-11T03:42:00+00:00, run_after=2023-10-11T03:43:00+00:00
[2023-10-11T03:43:34.000+0000] {processor.py:179} INFO - Processing /home/airflow/.local/lib/python3.8/site-packages/airflow/example_dags/example_branch_python_dop_operator_3.py took 0.216 seconds
[2023-10-11T03:44:04.774+0000] {processor.py:157} INFO - Started process (PID=585) to work on /home/airflow/.local/lib/python3.8/site-packages/airflow/example_dags/example_branch_python_dop_operator_3.py
[2023-10-11T03:44:04.778+0000] {processor.py:829} INFO - Processing file /home/airflow/.local/lib/python3.8/site-packages/airflow/example_dags/example_branch_python_dop_operator_3.py for tasks to queue
[2023-10-11T03:44:04.786+0000] {logging_mixin.py:151} INFO - [2023-10-11T03:44:04.785+0000] {dagbag.py:539} INFO - Filling up the DagBag from /home/airflow/.local/lib/python3.8/site-packages/airflow/example_dags/example_branch_python_dop_operator_3.py
[2023-10-11T03:44:04.805+0000] {processor.py:839} INFO - DAG(s) dict_keys(['example_branch_dop_operator_v3']) retrieved from /home/airflow/.local/lib/python3.8/site-packages/airflow/example_dags/example_branch_python_dop_operator_3.py
[2023-10-11T03:44:04.852+0000] {logging_mixin.py:151} INFO - [2023-10-11T03:44:04.851+0000] {dag.py:2915} INFO - Sync 1 DAGs
[2023-10-11T03:44:04.895+0000] {logging_mixin.py:151} INFO - [2023-10-11T03:44:04.894+0000] {dag.py:3696} INFO - Setting next_dagrun for example_branch_dop_operator_v3 to 2023-10-11T03:43:00+00:00, run_after=2023-10-11T03:44:00+00:00
[2023-10-11T03:44:04.936+0000] {processor.py:179} INFO - Processing /home/airflow/.local/lib/python3.8/site-packages/airflow/example_dags/example_branch_python_dop_operator_3.py took 0.166 seconds
[2023-10-11T03:44:35.085+0000] {processor.py:157} INFO - Started process (PID=642) to work on /home/airflow/.local/lib/python3.8/site-packages/airflow/example_dags/example_branch_python_dop_operator_3.py
[2023-10-11T03:44:35.086+0000] {processor.py:829} INFO - Processing file /home/airflow/.local/lib/python3.8/site-packages/airflow/example_dags/example_branch_python_dop_operator_3.py for tasks to queue
[2023-10-11T03:44:35.090+0000] {logging_mixin.py:151} INFO - [2023-10-11T03:44:35.089+0000] {dagbag.py:539} INFO - Filling up the DagBag from /home/airflow/.local/lib/python3.8/site-packages/airflow/example_dags/example_branch_python_dop_operator_3.py
[2023-10-11T03:44:35.099+0000] {processor.py:839} INFO - DAG(s) dict_keys(['example_branch_dop_operator_v3']) retrieved from /home/airflow/.local/lib/python3.8/site-packages/airflow/example_dags/example_branch_python_dop_operator_3.py
[2023-10-11T03:44:35.129+0000] {logging_mixin.py:151} INFO - [2023-10-11T03:44:35.129+0000] {dag.py:2915} INFO - Sync 1 DAGs
[2023-10-11T03:44:35.163+0000] {logging_mixin.py:151} INFO - [2023-10-11T03:44:35.162+0000] {dag.py:3696} INFO - Setting next_dagrun for example_branch_dop_operator_v3 to 2023-10-11T03:43:00+00:00, run_after=2023-10-11T03:44:00+00:00
[2023-10-11T03:44:35.187+0000] {processor.py:179} INFO - Processing /home/airflow/.local/lib/python3.8/site-packages/airflow/example_dags/example_branch_python_dop_operator_3.py took 0.105 seconds
[2023-10-11T03:45:05.777+0000] {processor.py:157} INFO - Started process (PID=699) to work on /home/airflow/.local/lib/python3.8/site-packages/airflow/example_dags/example_branch_python_dop_operator_3.py
[2023-10-11T03:45:05.779+0000] {processor.py:829} INFO - Processing file /home/airflow/.local/lib/python3.8/site-packages/airflow/example_dags/example_branch_python_dop_operator_3.py for tasks to queue
[2023-10-11T03:45:05.783+0000] {logging_mixin.py:151} INFO - [2023-10-11T03:45:05.783+0000] {dagbag.py:539} INFO - Filling up the DagBag from /home/airflow/.local/lib/python3.8/site-packages/airflow/example_dags/example_branch_python_dop_operator_3.py
[2023-10-11T03:45:05.792+0000] {processor.py:839} INFO - DAG(s) dict_keys(['example_branch_dop_operator_v3']) retrieved from /home/airflow/.local/lib/python3.8/site-packages/airflow/example_dags/example_branch_python_dop_operator_3.py
[2023-10-11T03:45:05.820+0000] {logging_mixin.py:151} INFO - [2023-10-11T03:45:05.820+0000] {dag.py:2915} INFO - Sync 1 DAGs
[2023-10-11T03:45:05.848+0000] {logging_mixin.py:151} INFO - [2023-10-11T03:45:05.848+0000] {dag.py:3696} INFO - Setting next_dagrun for example_branch_dop_operator_v3 to 2023-10-11T03:44:00+00:00, run_after=2023-10-11T03:45:00+00:00
[2023-10-11T03:45:05.889+0000] {processor.py:179} INFO - Processing /home/airflow/.local/lib/python3.8/site-packages/airflow/example_dags/example_branch_python_dop_operator_3.py took 0.115 seconds
[2023-10-11T03:45:36.821+0000] {processor.py:157} INFO - Started process (PID=763) to work on /home/airflow/.local/lib/python3.8/site-packages/airflow/example_dags/example_branch_python_dop_operator_3.py
[2023-10-11T03:45:36.823+0000] {processor.py:829} INFO - Processing file /home/airflow/.local/lib/python3.8/site-packages/airflow/example_dags/example_branch_python_dop_operator_3.py for tasks to queue
[2023-10-11T03:45:36.825+0000] {logging_mixin.py:151} INFO - [2023-10-11T03:45:36.825+0000] {dagbag.py:539} INFO - Filling up the DagBag from /home/airflow/.local/lib/python3.8/site-packages/airflow/example_dags/example_branch_python_dop_operator_3.py
[2023-10-11T03:45:36.834+0000] {processor.py:839} INFO - DAG(s) dict_keys(['example_branch_dop_operator_v3']) retrieved from /home/airflow/.local/lib/python3.8/site-packages/airflow/example_dags/example_branch_python_dop_operator_3.py
[2023-10-11T03:45:36.854+0000] {logging_mixin.py:151} INFO - [2023-10-11T03:45:36.854+0000] {dag.py:2915} INFO - Sync 1 DAGs
[2023-10-11T03:45:36.878+0000] {logging_mixin.py:151} INFO - [2023-10-11T03:45:36.878+0000] {dag.py:3696} INFO - Setting next_dagrun for example_branch_dop_operator_v3 to 2023-10-11T03:44:00+00:00, run_after=2023-10-11T03:45:00+00:00
[2023-10-11T03:45:36.899+0000] {processor.py:179} INFO - Processing /home/airflow/.local/lib/python3.8/site-packages/airflow/example_dags/example_branch_python_dop_operator_3.py took 0.080 seconds
[2023-10-11T03:46:07.211+0000] {processor.py:157} INFO - Started process (PID=820) to work on /home/airflow/.local/lib/python3.8/site-packages/airflow/example_dags/example_branch_python_dop_operator_3.py
[2023-10-11T03:46:07.212+0000] {processor.py:829} INFO - Processing file /home/airflow/.local/lib/python3.8/site-packages/airflow/example_dags/example_branch_python_dop_operator_3.py for tasks to queue
[2023-10-11T03:46:07.215+0000] {logging_mixin.py:151} INFO - [2023-10-11T03:46:07.215+0000] {dagbag.py:539} INFO - Filling up the DagBag from /home/airflow/.local/lib/python3.8/site-packages/airflow/example_dags/example_branch_python_dop_operator_3.py
[2023-10-11T03:46:07.224+0000] {processor.py:839} INFO - DAG(s) dict_keys(['example_branch_dop_operator_v3']) retrieved from /home/airflow/.local/lib/python3.8/site-packages/airflow/example_dags/example_branch_python_dop_operator_3.py
[2023-10-11T03:46:07.247+0000] {logging_mixin.py:151} INFO - [2023-10-11T03:46:07.247+0000] {dag.py:2915} INFO - Sync 1 DAGs
[2023-10-11T03:46:07.270+0000] {logging_mixin.py:151} INFO - [2023-10-11T03:46:07.269+0000] {dag.py:3696} INFO - Setting next_dagrun for example_branch_dop_operator_v3 to 2023-10-11T03:45:00+00:00, run_after=2023-10-11T03:46:00+00:00
[2023-10-11T03:46:07.292+0000] {processor.py:179} INFO - Processing /home/airflow/.local/lib/python3.8/site-packages/airflow/example_dags/example_branch_python_dop_operator_3.py took 0.084 seconds
[2023-10-11T03:46:38.241+0000] {processor.py:157} INFO - Started process (PID=877) to work on /home/airflow/.local/lib/python3.8/site-packages/airflow/example_dags/example_branch_python_dop_operator_3.py
[2023-10-11T03:46:38.243+0000] {processor.py:829} INFO - Processing file /home/airflow/.local/lib/python3.8/site-packages/airflow/example_dags/example_branch_python_dop_operator_3.py for tasks to queue
[2023-10-11T03:46:38.248+0000] {logging_mixin.py:151} INFO - [2023-10-11T03:46:38.246+0000] {dagbag.py:539} INFO - Filling up the DagBag from /home/airflow/.local/lib/python3.8/site-packages/airflow/example_dags/example_branch_python_dop_operator_3.py
[2023-10-11T03:46:38.256+0000] {processor.py:839} INFO - DAG(s) dict_keys(['example_branch_dop_operator_v3']) retrieved from /home/airflow/.local/lib/python3.8/site-packages/airflow/example_dags/example_branch_python_dop_operator_3.py
[2023-10-11T03:46:38.279+0000] {logging_mixin.py:151} INFO - [2023-10-11T03:46:38.278+0000] {dag.py:2915} INFO - Sync 1 DAGs
[2023-10-11T03:46:38.301+0000] {logging_mixin.py:151} INFO - [2023-10-11T03:46:38.301+0000] {dag.py:3696} INFO - Setting next_dagrun for example_branch_dop_operator_v3 to 2023-10-11T03:45:00+00:00, run_after=2023-10-11T03:46:00+00:00
[2023-10-11T03:46:38.320+0000] {processor.py:179} INFO - Processing /home/airflow/.local/lib/python3.8/site-packages/airflow/example_dags/example_branch_python_dop_operator_3.py took 0.085 seconds
[2023-10-11T03:47:08.521+0000] {processor.py:157} INFO - Started process (PID=934) to work on /home/airflow/.local/lib/python3.8/site-packages/airflow/example_dags/example_branch_python_dop_operator_3.py
[2023-10-11T03:47:08.522+0000] {processor.py:829} INFO - Processing file /home/airflow/.local/lib/python3.8/site-packages/airflow/example_dags/example_branch_python_dop_operator_3.py for tasks to queue
[2023-10-11T03:47:08.525+0000] {logging_mixin.py:151} INFO - [2023-10-11T03:47:08.525+0000] {dagbag.py:539} INFO - Filling up the DagBag from /home/airflow/.local/lib/python3.8/site-packages/airflow/example_dags/example_branch_python_dop_operator_3.py
[2023-10-11T03:47:08.532+0000] {processor.py:839} INFO - DAG(s) dict_keys(['example_branch_dop_operator_v3']) retrieved from /home/airflow/.local/lib/python3.8/site-packages/airflow/example_dags/example_branch_python_dop_operator_3.py
[2023-10-11T03:47:08.555+0000] {logging_mixin.py:151} INFO - [2023-10-11T03:47:08.555+0000] {dag.py:2915} INFO - Sync 1 DAGs
[2023-10-11T03:47:08.578+0000] {logging_mixin.py:151} INFO - [2023-10-11T03:47:08.578+0000] {dag.py:3696} INFO - Setting next_dagrun for example_branch_dop_operator_v3 to 2023-10-11T03:46:00+00:00, run_after=2023-10-11T03:47:00+00:00
[2023-10-11T03:47:08.599+0000] {processor.py:179} INFO - Processing /home/airflow/.local/lib/python3.8/site-packages/airflow/example_dags/example_branch_python_dop_operator_3.py took 0.083 seconds
[2023-10-11T03:47:38.871+0000] {processor.py:157} INFO - Started process (PID=991) to work on /home/airflow/.local/lib/python3.8/site-packages/airflow/example_dags/example_branch_python_dop_operator_3.py
[2023-10-11T03:47:38.872+0000] {processor.py:829} INFO - Processing file /home/airflow/.local/lib/python3.8/site-packages/airflow/example_dags/example_branch_python_dop_operator_3.py for tasks to queue
[2023-10-11T03:47:38.878+0000] {logging_mixin.py:151} INFO - [2023-10-11T03:47:38.877+0000] {dagbag.py:539} INFO - Filling up the DagBag from /home/airflow/.local/lib/python3.8/site-packages/airflow/example_dags/example_branch_python_dop_operator_3.py
[2023-10-11T03:47:38.885+0000] {processor.py:839} INFO - DAG(s) dict_keys(['example_branch_dop_operator_v3']) retrieved from /home/airflow/.local/lib/python3.8/site-packages/airflow/example_dags/example_branch_python_dop_operator_3.py
[2023-10-11T03:47:38.905+0000] {logging_mixin.py:151} INFO - [2023-10-11T03:47:38.905+0000] {dag.py:2915} INFO - Sync 1 DAGs
[2023-10-11T03:47:38.930+0000] {logging_mixin.py:151} INFO - [2023-10-11T03:47:38.930+0000] {dag.py:3696} INFO - Setting next_dagrun for example_branch_dop_operator_v3 to 2023-10-11T03:46:00+00:00, run_after=2023-10-11T03:47:00+00:00
[2023-10-11T03:47:38.952+0000] {processor.py:179} INFO - Processing /home/airflow/.local/lib/python3.8/site-packages/airflow/example_dags/example_branch_python_dop_operator_3.py took 0.084 seconds
[2023-10-11T03:48:09.374+0000] {processor.py:157} INFO - Started process (PID=1048) to work on /home/airflow/.local/lib/python3.8/site-packages/airflow/example_dags/example_branch_python_dop_operator_3.py
[2023-10-11T03:48:09.375+0000] {processor.py:829} INFO - Processing file /home/airflow/.local/lib/python3.8/site-packages/airflow/example_dags/example_branch_python_dop_operator_3.py for tasks to queue
[2023-10-11T03:48:09.378+0000] {logging_mixin.py:151} INFO - [2023-10-11T03:48:09.377+0000] {dagbag.py:539} INFO - Filling up the DagBag from /home/airflow/.local/lib/python3.8/site-packages/airflow/example_dags/example_branch_python_dop_operator_3.py
[2023-10-11T03:48:09.388+0000] {processor.py:839} INFO - DAG(s) dict_keys(['example_branch_dop_operator_v3']) retrieved from /home/airflow/.local/lib/python3.8/site-packages/airflow/example_dags/example_branch_python_dop_operator_3.py
[2023-10-11T03:48:09.411+0000] {logging_mixin.py:151} INFO - [2023-10-11T03:48:09.411+0000] {dag.py:2915} INFO - Sync 1 DAGs
[2023-10-11T03:48:09.436+0000] {logging_mixin.py:151} INFO - [2023-10-11T03:48:09.436+0000] {dag.py:3696} INFO - Setting next_dagrun for example_branch_dop_operator_v3 to 2023-10-11T03:47:00+00:00, run_after=2023-10-11T03:48:00+00:00
[2023-10-11T03:48:09.458+0000] {processor.py:179} INFO - Processing /home/airflow/.local/lib/python3.8/site-packages/airflow/example_dags/example_branch_python_dop_operator_3.py took 0.087 seconds
[2023-10-11T03:48:39.764+0000] {processor.py:157} INFO - Started process (PID=1105) to work on /home/airflow/.local/lib/python3.8/site-packages/airflow/example_dags/example_branch_python_dop_operator_3.py
[2023-10-11T03:48:39.765+0000] {processor.py:829} INFO - Processing file /home/airflow/.local/lib/python3.8/site-packages/airflow/example_dags/example_branch_python_dop_operator_3.py for tasks to queue
[2023-10-11T03:48:39.768+0000] {logging_mixin.py:151} INFO - [2023-10-11T03:48:39.768+0000] {dagbag.py:539} INFO - Filling up the DagBag from /home/airflow/.local/lib/python3.8/site-packages/airflow/example_dags/example_branch_python_dop_operator_3.py
[2023-10-11T03:48:39.776+0000] {processor.py:839} INFO - DAG(s) dict_keys(['example_branch_dop_operator_v3']) retrieved from /home/airflow/.local/lib/python3.8/site-packages/airflow/example_dags/example_branch_python_dop_operator_3.py
[2023-10-11T03:48:39.798+0000] {logging_mixin.py:151} INFO - [2023-10-11T03:48:39.798+0000] {dag.py:2915} INFO - Sync 1 DAGs
[2023-10-11T03:48:39.821+0000] {logging_mixin.py:151} INFO - [2023-10-11T03:48:39.821+0000] {dag.py:3696} INFO - Setting next_dagrun for example_branch_dop_operator_v3 to 2023-10-11T03:47:00+00:00, run_after=2023-10-11T03:48:00+00:00
[2023-10-11T03:48:39.847+0000] {processor.py:179} INFO - Processing /home/airflow/.local/lib/python3.8/site-packages/airflow/example_dags/example_branch_python_dop_operator_3.py took 0.087 seconds
[2023-10-11T03:49:10.233+0000] {processor.py:157} INFO - Started process (PID=1162) to work on /home/airflow/.local/lib/python3.8/site-packages/airflow/example_dags/example_branch_python_dop_operator_3.py
[2023-10-11T03:49:10.235+0000] {processor.py:829} INFO - Processing file /home/airflow/.local/lib/python3.8/site-packages/airflow/example_dags/example_branch_python_dop_operator_3.py for tasks to queue
[2023-10-11T03:49:10.238+0000] {logging_mixin.py:151} INFO - [2023-10-11T03:49:10.238+0000] {dagbag.py:539} INFO - Filling up the DagBag from /home/airflow/.local/lib/python3.8/site-packages/airflow/example_dags/example_branch_python_dop_operator_3.py
[2023-10-11T03:49:10.245+0000] {processor.py:839} INFO - DAG(s) dict_keys(['example_branch_dop_operator_v3']) retrieved from /home/airflow/.local/lib/python3.8/site-packages/airflow/example_dags/example_branch_python_dop_operator_3.py
[2023-10-11T03:49:10.267+0000] {logging_mixin.py:151} INFO - [2023-10-11T03:49:10.267+0000] {dag.py:2915} INFO - Sync 1 DAGs
[2023-10-11T03:49:10.289+0000] {logging_mixin.py:151} INFO - [2023-10-11T03:49:10.289+0000] {dag.py:3696} INFO - Setting next_dagrun for example_branch_dop_operator_v3 to 2023-10-11T03:48:00+00:00, run_after=2023-10-11T03:49:00+00:00
[2023-10-11T03:49:10.312+0000] {processor.py:179} INFO - Processing /home/airflow/.local/lib/python3.8/site-packages/airflow/example_dags/example_branch_python_dop_operator_3.py took 0.082 seconds
[2023-10-11T03:49:40.789+0000] {processor.py:157} INFO - Started process (PID=1219) to work on /home/airflow/.local/lib/python3.8/site-packages/airflow/example_dags/example_branch_python_dop_operator_3.py
[2023-10-11T03:49:40.791+0000] {processor.py:829} INFO - Processing file /home/airflow/.local/lib/python3.8/site-packages/airflow/example_dags/example_branch_python_dop_operator_3.py for tasks to queue
[2023-10-11T03:49:40.795+0000] {logging_mixin.py:151} INFO - [2023-10-11T03:49:40.795+0000] {dagbag.py:539} INFO - Filling up the DagBag from /home/airflow/.local/lib/python3.8/site-packages/airflow/example_dags/example_branch_python_dop_operator_3.py
[2023-10-11T03:49:40.808+0000] {processor.py:839} INFO - DAG(s) dict_keys(['example_branch_dop_operator_v3']) retrieved from /home/airflow/.local/lib/python3.8/site-packages/airflow/example_dags/example_branch_python_dop_operator_3.py
[2023-10-11T03:49:40.842+0000] {logging_mixin.py:151} INFO - [2023-10-11T03:49:40.841+0000] {dag.py:2915} INFO - Sync 1 DAGs
[2023-10-11T03:49:40.876+0000] {logging_mixin.py:151} INFO - [2023-10-11T03:49:40.876+0000] {dag.py:3696} INFO - Setting next_dagrun for example_branch_dop_operator_v3 to 2023-10-11T03:48:00+00:00, run_after=2023-10-11T03:49:00+00:00
[2023-10-11T03:49:40.913+0000] {processor.py:179} INFO - Processing /home/airflow/.local/lib/python3.8/site-packages/airflow/example_dags/example_branch_python_dop_operator_3.py took 0.128 seconds
[2023-10-11T03:50:11.102+0000] {processor.py:157} INFO - Started process (PID=1277) to work on /home/airflow/.local/lib/python3.8/site-packages/airflow/example_dags/example_branch_python_dop_operator_3.py
[2023-10-11T03:50:11.104+0000] {processor.py:829} INFO - Processing file /home/airflow/.local/lib/python3.8/site-packages/airflow/example_dags/example_branch_python_dop_operator_3.py for tasks to queue
[2023-10-11T03:50:11.106+0000] {logging_mixin.py:151} INFO - [2023-10-11T03:50:11.106+0000] {dagbag.py:539} INFO - Filling up the DagBag from /home/airflow/.local/lib/python3.8/site-packages/airflow/example_dags/example_branch_python_dop_operator_3.py
[2023-10-11T03:50:11.115+0000] {processor.py:839} INFO - DAG(s) dict_keys(['example_branch_dop_operator_v3']) retrieved from /home/airflow/.local/lib/python3.8/site-packages/airflow/example_dags/example_branch_python_dop_operator_3.py
[2023-10-11T03:50:11.136+0000] {logging_mixin.py:151} INFO - [2023-10-11T03:50:11.136+0000] {dag.py:2915} INFO - Sync 1 DAGs
[2023-10-11T03:50:11.158+0000] {logging_mixin.py:151} INFO - [2023-10-11T03:50:11.158+0000] {dag.py:3696} INFO - Setting next_dagrun for example_branch_dop_operator_v3 to 2023-10-11T03:49:00+00:00, run_after=2023-10-11T03:50:00+00:00
[2023-10-11T03:50:11.179+0000] {processor.py:179} INFO - Processing /home/airflow/.local/lib/python3.8/site-packages/airflow/example_dags/example_branch_python_dop_operator_3.py took 0.079 seconds
[2023-10-11T03:50:41.580+0000] {processor.py:157} INFO - Started process (PID=1333) to work on /home/airflow/.local/lib/python3.8/site-packages/airflow/example_dags/example_branch_python_dop_operator_3.py
[2023-10-11T03:50:41.581+0000] {processor.py:829} INFO - Processing file /home/airflow/.local/lib/python3.8/site-packages/airflow/example_dags/example_branch_python_dop_operator_3.py for tasks to queue
[2023-10-11T03:50:41.583+0000] {logging_mixin.py:151} INFO - [2023-10-11T03:50:41.583+0000] {dagbag.py:539} INFO - Filling up the DagBag from /home/airflow/.local/lib/python3.8/site-packages/airflow/example_dags/example_branch_python_dop_operator_3.py
[2023-10-11T03:50:41.592+0000] {processor.py:839} INFO - DAG(s) dict_keys(['example_branch_dop_operator_v3']) retrieved from /home/airflow/.local/lib/python3.8/site-packages/airflow/example_dags/example_branch_python_dop_operator_3.py
[2023-10-11T03:50:41.612+0000] {logging_mixin.py:151} INFO - [2023-10-11T03:50:41.612+0000] {dag.py:2915} INFO - Sync 1 DAGs
[2023-10-11T03:50:41.634+0000] {logging_mixin.py:151} INFO - [2023-10-11T03:50:41.634+0000] {dag.py:3696} INFO - Setting next_dagrun for example_branch_dop_operator_v3 to 2023-10-11T03:49:00+00:00, run_after=2023-10-11T03:50:00+00:00
[2023-10-11T03:50:41.655+0000] {processor.py:179} INFO - Processing /home/airflow/.local/lib/python3.8/site-packages/airflow/example_dags/example_branch_python_dop_operator_3.py took 0.078 seconds
[2023-10-11T03:51:12.207+0000] {processor.py:157} INFO - Started process (PID=1390) to work on /home/airflow/.local/lib/python3.8/site-packages/airflow/example_dags/example_branch_python_dop_operator_3.py
[2023-10-11T03:51:12.209+0000] {processor.py:829} INFO - Processing file /home/airflow/.local/lib/python3.8/site-packages/airflow/example_dags/example_branch_python_dop_operator_3.py for tasks to queue
[2023-10-11T03:51:12.212+0000] {logging_mixin.py:151} INFO - [2023-10-11T03:51:12.212+0000] {dagbag.py:539} INFO - Filling up the DagBag from /home/airflow/.local/lib/python3.8/site-packages/airflow/example_dags/example_branch_python_dop_operator_3.py
[2023-10-11T03:51:12.223+0000] {processor.py:839} INFO - DAG(s) dict_keys(['example_branch_dop_operator_v3']) retrieved from /home/airflow/.local/lib/python3.8/site-packages/airflow/example_dags/example_branch_python_dop_operator_3.py
[2023-10-11T03:51:12.254+0000] {logging_mixin.py:151} INFO - [2023-10-11T03:51:12.254+0000] {dag.py:2915} INFO - Sync 1 DAGs
[2023-10-11T03:51:12.285+0000] {logging_mixin.py:151} INFO - [2023-10-11T03:51:12.284+0000] {dag.py:3696} INFO - Setting next_dagrun for example_branch_dop_operator_v3 to 2023-10-11T03:50:00+00:00, run_after=2023-10-11T03:51:00+00:00
[2023-10-11T03:51:12.306+0000] {processor.py:179} INFO - Processing /home/airflow/.local/lib/python3.8/site-packages/airflow/example_dags/example_branch_python_dop_operator_3.py took 0.105 seconds
[2023-10-11T03:51:42.393+0000] {processor.py:157} INFO - Started process (PID=1447) to work on /home/airflow/.local/lib/python3.8/site-packages/airflow/example_dags/example_branch_python_dop_operator_3.py
[2023-10-11T03:51:42.394+0000] {processor.py:829} INFO - Processing file /home/airflow/.local/lib/python3.8/site-packages/airflow/example_dags/example_branch_python_dop_operator_3.py for tasks to queue
[2023-10-11T03:51:42.397+0000] {logging_mixin.py:151} INFO - [2023-10-11T03:51:42.397+0000] {dagbag.py:539} INFO - Filling up the DagBag from /home/airflow/.local/lib/python3.8/site-packages/airflow/example_dags/example_branch_python_dop_operator_3.py
[2023-10-11T03:51:42.405+0000] {processor.py:839} INFO - DAG(s) dict_keys(['example_branch_dop_operator_v3']) retrieved from /home/airflow/.local/lib/python3.8/site-packages/airflow/example_dags/example_branch_python_dop_operator_3.py
[2023-10-11T03:51:42.426+0000] {logging_mixin.py:151} INFO - [2023-10-11T03:51:42.426+0000] {dag.py:2915} INFO - Sync 1 DAGs
[2023-10-11T03:51:42.448+0000] {logging_mixin.py:151} INFO - [2023-10-11T03:51:42.447+0000] {dag.py:3696} INFO - Setting next_dagrun for example_branch_dop_operator_v3 to 2023-10-11T03:50:00+00:00, run_after=2023-10-11T03:51:00+00:00
[2023-10-11T03:51:42.469+0000] {processor.py:179} INFO - Processing /home/airflow/.local/lib/python3.8/site-packages/airflow/example_dags/example_branch_python_dop_operator_3.py took 0.079 seconds
[2023-10-11T03:52:12.837+0000] {processor.py:157} INFO - Started process (PID=1504) to work on /home/airflow/.local/lib/python3.8/site-packages/airflow/example_dags/example_branch_python_dop_operator_3.py
[2023-10-11T03:52:12.838+0000] {processor.py:829} INFO - Processing file /home/airflow/.local/lib/python3.8/site-packages/airflow/example_dags/example_branch_python_dop_operator_3.py for tasks to queue
[2023-10-11T03:52:12.842+0000] {logging_mixin.py:151} INFO - [2023-10-11T03:52:12.842+0000] {dagbag.py:539} INFO - Filling up the DagBag from /home/airflow/.local/lib/python3.8/site-packages/airflow/example_dags/example_branch_python_dop_operator_3.py
[2023-10-11T03:52:12.852+0000] {processor.py:839} INFO - DAG(s) dict_keys(['example_branch_dop_operator_v3']) retrieved from /home/airflow/.local/lib/python3.8/site-packages/airflow/example_dags/example_branch_python_dop_operator_3.py
[2023-10-11T03:52:12.872+0000] {logging_mixin.py:151} INFO - [2023-10-11T03:52:12.872+0000] {dag.py:2915} INFO - Sync 1 DAGs
[2023-10-11T03:52:12.894+0000] {logging_mixin.py:151} INFO - [2023-10-11T03:52:12.894+0000] {dag.py:3696} INFO - Setting next_dagrun for example_branch_dop_operator_v3 to 2023-10-11T03:51:00+00:00, run_after=2023-10-11T03:52:00+00:00
[2023-10-11T03:52:12.914+0000] {processor.py:179} INFO - Processing /home/airflow/.local/lib/python3.8/site-packages/airflow/example_dags/example_branch_python_dop_operator_3.py took 0.082 seconds
[2023-10-11T03:52:43.183+0000] {processor.py:157} INFO - Started process (PID=1561) to work on /home/airflow/.local/lib/python3.8/site-packages/airflow/example_dags/example_branch_python_dop_operator_3.py
[2023-10-11T03:52:43.184+0000] {processor.py:829} INFO - Processing file /home/airflow/.local/lib/python3.8/site-packages/airflow/example_dags/example_branch_python_dop_operator_3.py for tasks to queue
[2023-10-11T03:52:43.187+0000] {logging_mixin.py:151} INFO - [2023-10-11T03:52:43.187+0000] {dagbag.py:539} INFO - Filling up the DagBag from /home/airflow/.local/lib/python3.8/site-packages/airflow/example_dags/example_branch_python_dop_operator_3.py
[2023-10-11T03:52:43.195+0000] {processor.py:839} INFO - DAG(s) dict_keys(['example_branch_dop_operator_v3']) retrieved from /home/airflow/.local/lib/python3.8/site-packages/airflow/example_dags/example_branch_python_dop_operator_3.py
[2023-10-11T03:52:43.216+0000] {logging_mixin.py:151} INFO - [2023-10-11T03:52:43.216+0000] {dag.py:2915} INFO - Sync 1 DAGs
[2023-10-11T03:52:43.238+0000] {logging_mixin.py:151} INFO - [2023-10-11T03:52:43.238+0000] {dag.py:3696} INFO - Setting next_dagrun for example_branch_dop_operator_v3 to 2023-10-11T03:51:00+00:00, run_after=2023-10-11T03:52:00+00:00
[2023-10-11T03:52:43.260+0000] {processor.py:179} INFO - Processing /home/airflow/.local/lib/python3.8/site-packages/airflow/example_dags/example_branch_python_dop_operator_3.py took 0.081 seconds
[2023-10-11T03:53:13.461+0000] {processor.py:157} INFO - Started process (PID=1618) to work on /home/airflow/.local/lib/python3.8/site-packages/airflow/example_dags/example_branch_python_dop_operator_3.py
[2023-10-11T03:53:13.462+0000] {processor.py:829} INFO - Processing file /home/airflow/.local/lib/python3.8/site-packages/airflow/example_dags/example_branch_python_dop_operator_3.py for tasks to queue
[2023-10-11T03:53:13.465+0000] {logging_mixin.py:151} INFO - [2023-10-11T03:53:13.464+0000] {dagbag.py:539} INFO - Filling up the DagBag from /home/airflow/.local/lib/python3.8/site-packages/airflow/example_dags/example_branch_python_dop_operator_3.py
[2023-10-11T03:53:13.473+0000] {processor.py:839} INFO - DAG(s) dict_keys(['example_branch_dop_operator_v3']) retrieved from /home/airflow/.local/lib/python3.8/site-packages/airflow/example_dags/example_branch_python_dop_operator_3.py
[2023-10-11T03:53:13.493+0000] {logging_mixin.py:151} INFO - [2023-10-11T03:53:13.493+0000] {dag.py:2915} INFO - Sync 1 DAGs
[2023-10-11T03:53:13.516+0000] {logging_mixin.py:151} INFO - [2023-10-11T03:53:13.516+0000] {dag.py:3696} INFO - Setting next_dagrun for example_branch_dop_operator_v3 to 2023-10-11T03:52:00+00:00, run_after=2023-10-11T03:53:00+00:00
[2023-10-11T03:53:13.539+0000] {processor.py:179} INFO - Processing /home/airflow/.local/lib/python3.8/site-packages/airflow/example_dags/example_branch_python_dop_operator_3.py took 0.081 seconds
[2023-10-11T03:53:43.952+0000] {processor.py:157} INFO - Started process (PID=1675) to work on /home/airflow/.local/lib/python3.8/site-packages/airflow/example_dags/example_branch_python_dop_operator_3.py
[2023-10-11T03:53:43.954+0000] {processor.py:829} INFO - Processing file /home/airflow/.local/lib/python3.8/site-packages/airflow/example_dags/example_branch_python_dop_operator_3.py for tasks to queue
[2023-10-11T03:53:43.956+0000] {logging_mixin.py:151} INFO - [2023-10-11T03:53:43.956+0000] {dagbag.py:539} INFO - Filling up the DagBag from /home/airflow/.local/lib/python3.8/site-packages/airflow/example_dags/example_branch_python_dop_operator_3.py
[2023-10-11T03:53:43.964+0000] {processor.py:839} INFO - DAG(s) dict_keys(['example_branch_dop_operator_v3']) retrieved from /home/airflow/.local/lib/python3.8/site-packages/airflow/example_dags/example_branch_python_dop_operator_3.py
[2023-10-11T03:53:43.993+0000] {logging_mixin.py:151} INFO - [2023-10-11T03:53:43.992+0000] {dag.py:2915} INFO - Sync 1 DAGs
[2023-10-11T03:53:44.016+0000] {logging_mixin.py:151} INFO - [2023-10-11T03:53:44.015+0000] {dag.py:3696} INFO - Setting next_dagrun for example_branch_dop_operator_v3 to 2023-10-11T03:52:00+00:00, run_after=2023-10-11T03:53:00+00:00
[2023-10-11T03:53:44.039+0000] {processor.py:179} INFO - Processing /home/airflow/.local/lib/python3.8/site-packages/airflow/example_dags/example_branch_python_dop_operator_3.py took 0.091 seconds
[2023-10-11T03:54:14.116+0000] {processor.py:157} INFO - Started process (PID=1732) to work on /home/airflow/.local/lib/python3.8/site-packages/airflow/example_dags/example_branch_python_dop_operator_3.py
[2023-10-11T03:54:14.118+0000] {processor.py:829} INFO - Processing file /home/airflow/.local/lib/python3.8/site-packages/airflow/example_dags/example_branch_python_dop_operator_3.py for tasks to queue
[2023-10-11T03:54:14.121+0000] {logging_mixin.py:151} INFO - [2023-10-11T03:54:14.121+0000] {dagbag.py:539} INFO - Filling up the DagBag from /home/airflow/.local/lib/python3.8/site-packages/airflow/example_dags/example_branch_python_dop_operator_3.py
[2023-10-11T03:54:14.131+0000] {processor.py:839} INFO - DAG(s) dict_keys(['example_branch_dop_operator_v3']) retrieved from /home/airflow/.local/lib/python3.8/site-packages/airflow/example_dags/example_branch_python_dop_operator_3.py
[2023-10-11T03:54:14.152+0000] {logging_mixin.py:151} INFO - [2023-10-11T03:54:14.152+0000] {dag.py:2915} INFO - Sync 1 DAGs
[2023-10-11T03:54:14.174+0000] {logging_mixin.py:151} INFO - [2023-10-11T03:54:14.174+0000] {dag.py:3696} INFO - Setting next_dagrun for example_branch_dop_operator_v3 to 2023-10-11T03:53:00+00:00, run_after=2023-10-11T03:54:00+00:00
[2023-10-11T03:54:14.196+0000] {processor.py:179} INFO - Processing /home/airflow/.local/lib/python3.8/site-packages/airflow/example_dags/example_branch_python_dop_operator_3.py took 0.084 seconds
[2023-10-11T03:54:44.308+0000] {processor.py:157} INFO - Started process (PID=1789) to work on /home/airflow/.local/lib/python3.8/site-packages/airflow/example_dags/example_branch_python_dop_operator_3.py
[2023-10-11T03:54:44.310+0000] {processor.py:829} INFO - Processing file /home/airflow/.local/lib/python3.8/site-packages/airflow/example_dags/example_branch_python_dop_operator_3.py for tasks to queue
[2023-10-11T03:54:44.312+0000] {logging_mixin.py:151} INFO - [2023-10-11T03:54:44.312+0000] {dagbag.py:539} INFO - Filling up the DagBag from /home/airflow/.local/lib/python3.8/site-packages/airflow/example_dags/example_branch_python_dop_operator_3.py
[2023-10-11T03:54:44.320+0000] {processor.py:839} INFO - DAG(s) dict_keys(['example_branch_dop_operator_v3']) retrieved from /home/airflow/.local/lib/python3.8/site-packages/airflow/example_dags/example_branch_python_dop_operator_3.py
[2023-10-11T03:54:44.344+0000] {logging_mixin.py:151} INFO - [2023-10-11T03:54:44.344+0000] {dag.py:2915} INFO - Sync 1 DAGs
[2023-10-11T03:54:44.368+0000] {logging_mixin.py:151} INFO - [2023-10-11T03:54:44.368+0000] {dag.py:3696} INFO - Setting next_dagrun for example_branch_dop_operator_v3 to 2023-10-11T03:53:00+00:00, run_after=2023-10-11T03:54:00+00:00
[2023-10-11T03:54:44.389+0000] {processor.py:179} INFO - Processing /home/airflow/.local/lib/python3.8/site-packages/airflow/example_dags/example_branch_python_dop_operator_3.py took 0.084 seconds
[2023-10-11T03:55:14.951+0000] {processor.py:157} INFO - Started process (PID=1846) to work on /home/airflow/.local/lib/python3.8/site-packages/airflow/example_dags/example_branch_python_dop_operator_3.py
[2023-10-11T03:55:14.953+0000] {processor.py:829} INFO - Processing file /home/airflow/.local/lib/python3.8/site-packages/airflow/example_dags/example_branch_python_dop_operator_3.py for tasks to queue
[2023-10-11T03:55:14.955+0000] {logging_mixin.py:151} INFO - [2023-10-11T03:55:14.955+0000] {dagbag.py:539} INFO - Filling up the DagBag from /home/airflow/.local/lib/python3.8/site-packages/airflow/example_dags/example_branch_python_dop_operator_3.py
[2023-10-11T03:55:14.965+0000] {processor.py:839} INFO - DAG(s) dict_keys(['example_branch_dop_operator_v3']) retrieved from /home/airflow/.local/lib/python3.8/site-packages/airflow/example_dags/example_branch_python_dop_operator_3.py
[2023-10-11T03:55:14.986+0000] {logging_mixin.py:151} INFO - [2023-10-11T03:55:14.985+0000] {dag.py:2915} INFO - Sync 1 DAGs
[2023-10-11T03:55:15.009+0000] {logging_mixin.py:151} INFO - [2023-10-11T03:55:15.009+0000] {dag.py:3696} INFO - Setting next_dagrun for example_branch_dop_operator_v3 to 2023-10-11T03:54:00+00:00, run_after=2023-10-11T03:55:00+00:00
[2023-10-11T03:55:15.030+0000] {processor.py:179} INFO - Processing /home/airflow/.local/lib/python3.8/site-packages/airflow/example_dags/example_branch_python_dop_operator_3.py took 0.082 seconds
[2023-10-11T03:55:45.210+0000] {processor.py:157} INFO - Started process (PID=1903) to work on /home/airflow/.local/lib/python3.8/site-packages/airflow/example_dags/example_branch_python_dop_operator_3.py
[2023-10-11T03:55:45.211+0000] {processor.py:829} INFO - Processing file /home/airflow/.local/lib/python3.8/site-packages/airflow/example_dags/example_branch_python_dop_operator_3.py for tasks to queue
[2023-10-11T03:55:45.214+0000] {logging_mixin.py:151} INFO - [2023-10-11T03:55:45.213+0000] {dagbag.py:539} INFO - Filling up the DagBag from /home/airflow/.local/lib/python3.8/site-packages/airflow/example_dags/example_branch_python_dop_operator_3.py
[2023-10-11T03:55:45.221+0000] {processor.py:839} INFO - DAG(s) dict_keys(['example_branch_dop_operator_v3']) retrieved from /home/airflow/.local/lib/python3.8/site-packages/airflow/example_dags/example_branch_python_dop_operator_3.py
[2023-10-11T03:55:45.242+0000] {logging_mixin.py:151} INFO - [2023-10-11T03:55:45.241+0000] {dag.py:2915} INFO - Sync 1 DAGs
[2023-10-11T03:55:45.263+0000] {logging_mixin.py:151} INFO - [2023-10-11T03:55:45.263+0000] {dag.py:3696} INFO - Setting next_dagrun for example_branch_dop_operator_v3 to 2023-10-11T03:54:00+00:00, run_after=2023-10-11T03:55:00+00:00
[2023-10-11T03:55:45.282+0000] {processor.py:179} INFO - Processing /home/airflow/.local/lib/python3.8/site-packages/airflow/example_dags/example_branch_python_dop_operator_3.py took 0.074 seconds
[2023-10-11T03:56:15.910+0000] {processor.py:157} INFO - Started process (PID=1960) to work on /home/airflow/.local/lib/python3.8/site-packages/airflow/example_dags/example_branch_python_dop_operator_3.py
[2023-10-11T03:56:15.912+0000] {processor.py:829} INFO - Processing file /home/airflow/.local/lib/python3.8/site-packages/airflow/example_dags/example_branch_python_dop_operator_3.py for tasks to queue
[2023-10-11T03:56:15.915+0000] {logging_mixin.py:151} INFO - [2023-10-11T03:56:15.915+0000] {dagbag.py:539} INFO - Filling up the DagBag from /home/airflow/.local/lib/python3.8/site-packages/airflow/example_dags/example_branch_python_dop_operator_3.py
[2023-10-11T03:56:15.925+0000] {processor.py:839} INFO - DAG(s) dict_keys(['example_branch_dop_operator_v3']) retrieved from /home/airflow/.local/lib/python3.8/site-packages/airflow/example_dags/example_branch_python_dop_operator_3.py
[2023-10-11T03:56:15.949+0000] {logging_mixin.py:151} INFO - [2023-10-11T03:56:15.949+0000] {dag.py:2915} INFO - Sync 1 DAGs
[2023-10-11T03:56:15.978+0000] {logging_mixin.py:151} INFO - [2023-10-11T03:56:15.978+0000] {dag.py:3696} INFO - Setting next_dagrun for example_branch_dop_operator_v3 to 2023-10-11T03:55:00+00:00, run_after=2023-10-11T03:56:00+00:00
[2023-10-11T03:56:16.011+0000] {processor.py:179} INFO - Processing /home/airflow/.local/lib/python3.8/site-packages/airflow/example_dags/example_branch_python_dop_operator_3.py took 0.104 seconds
[2023-10-11T03:56:46.216+0000] {processor.py:157} INFO - Started process (PID=2017) to work on /home/airflow/.local/lib/python3.8/site-packages/airflow/example_dags/example_branch_python_dop_operator_3.py
[2023-10-11T03:56:46.217+0000] {processor.py:829} INFO - Processing file /home/airflow/.local/lib/python3.8/site-packages/airflow/example_dags/example_branch_python_dop_operator_3.py for tasks to queue
[2023-10-11T03:56:46.220+0000] {logging_mixin.py:151} INFO - [2023-10-11T03:56:46.220+0000] {dagbag.py:539} INFO - Filling up the DagBag from /home/airflow/.local/lib/python3.8/site-packages/airflow/example_dags/example_branch_python_dop_operator_3.py
[2023-10-11T03:56:46.228+0000] {processor.py:839} INFO - DAG(s) dict_keys(['example_branch_dop_operator_v3']) retrieved from /home/airflow/.local/lib/python3.8/site-packages/airflow/example_dags/example_branch_python_dop_operator_3.py
[2023-10-11T03:56:46.250+0000] {logging_mixin.py:151} INFO - [2023-10-11T03:56:46.250+0000] {dag.py:2915} INFO - Sync 1 DAGs
[2023-10-11T03:56:46.272+0000] {logging_mixin.py:151} INFO - [2023-10-11T03:56:46.272+0000] {dag.py:3696} INFO - Setting next_dagrun for example_branch_dop_operator_v3 to 2023-10-11T03:55:00+00:00, run_after=2023-10-11T03:56:00+00:00
[2023-10-11T03:56:46.292+0000] {processor.py:179} INFO - Processing /home/airflow/.local/lib/python3.8/site-packages/airflow/example_dags/example_branch_python_dop_operator_3.py took 0.080 seconds
[2023-10-11T03:57:16.718+0000] {processor.py:157} INFO - Started process (PID=2074) to work on /home/airflow/.local/lib/python3.8/site-packages/airflow/example_dags/example_branch_python_dop_operator_3.py
[2023-10-11T03:57:16.720+0000] {processor.py:829} INFO - Processing file /home/airflow/.local/lib/python3.8/site-packages/airflow/example_dags/example_branch_python_dop_operator_3.py for tasks to queue
[2023-10-11T03:57:16.724+0000] {logging_mixin.py:151} INFO - [2023-10-11T03:57:16.723+0000] {dagbag.py:539} INFO - Filling up the DagBag from /home/airflow/.local/lib/python3.8/site-packages/airflow/example_dags/example_branch_python_dop_operator_3.py
[2023-10-11T03:57:16.742+0000] {processor.py:839} INFO - DAG(s) dict_keys(['example_branch_dop_operator_v3']) retrieved from /home/airflow/.local/lib/python3.8/site-packages/airflow/example_dags/example_branch_python_dop_operator_3.py
[2023-10-11T03:57:16.784+0000] {logging_mixin.py:151} INFO - [2023-10-11T03:57:16.783+0000] {dag.py:2915} INFO - Sync 1 DAGs
[2023-10-11T03:57:16.819+0000] {logging_mixin.py:151} INFO - [2023-10-11T03:57:16.819+0000] {dag.py:3696} INFO - Setting next_dagrun for example_branch_dop_operator_v3 to 2023-10-11T03:56:00+00:00, run_after=2023-10-11T03:57:00+00:00
[2023-10-11T03:57:16.852+0000] {processor.py:179} INFO - Processing /home/airflow/.local/lib/python3.8/site-packages/airflow/example_dags/example_branch_python_dop_operator_3.py took 0.141 seconds
[2023-10-11T03:57:47.281+0000] {processor.py:157} INFO - Started process (PID=2131) to work on /home/airflow/.local/lib/python3.8/site-packages/airflow/example_dags/example_branch_python_dop_operator_3.py
[2023-10-11T03:57:47.282+0000] {processor.py:829} INFO - Processing file /home/airflow/.local/lib/python3.8/site-packages/airflow/example_dags/example_branch_python_dop_operator_3.py for tasks to queue
[2023-10-11T03:57:47.284+0000] {logging_mixin.py:151} INFO - [2023-10-11T03:57:47.284+0000] {dagbag.py:539} INFO - Filling up the DagBag from /home/airflow/.local/lib/python3.8/site-packages/airflow/example_dags/example_branch_python_dop_operator_3.py
[2023-10-11T03:57:47.293+0000] {processor.py:839} INFO - DAG(s) dict_keys(['example_branch_dop_operator_v3']) retrieved from /home/airflow/.local/lib/python3.8/site-packages/airflow/example_dags/example_branch_python_dop_operator_3.py
[2023-10-11T03:57:47.313+0000] {logging_mixin.py:151} INFO - [2023-10-11T03:57:47.312+0000] {dag.py:2915} INFO - Sync 1 DAGs
[2023-10-11T03:57:47.334+0000] {logging_mixin.py:151} INFO - [2023-10-11T03:57:47.334+0000] {dag.py:3696} INFO - Setting next_dagrun for example_branch_dop_operator_v3 to 2023-10-11T03:56:00+00:00, run_after=2023-10-11T03:57:00+00:00
[2023-10-11T03:57:47.354+0000] {processor.py:179} INFO - Processing /home/airflow/.local/lib/python3.8/site-packages/airflow/example_dags/example_branch_python_dop_operator_3.py took 0.076 seconds
[2023-10-11T03:58:17.735+0000] {processor.py:157} INFO - Started process (PID=2188) to work on /home/airflow/.local/lib/python3.8/site-packages/airflow/example_dags/example_branch_python_dop_operator_3.py
[2023-10-11T03:58:17.736+0000] {processor.py:829} INFO - Processing file /home/airflow/.local/lib/python3.8/site-packages/airflow/example_dags/example_branch_python_dop_operator_3.py for tasks to queue
[2023-10-11T03:58:17.740+0000] {logging_mixin.py:151} INFO - [2023-10-11T03:58:17.739+0000] {dagbag.py:539} INFO - Filling up the DagBag from /home/airflow/.local/lib/python3.8/site-packages/airflow/example_dags/example_branch_python_dop_operator_3.py
[2023-10-11T03:58:17.747+0000] {processor.py:839} INFO - DAG(s) dict_keys(['example_branch_dop_operator_v3']) retrieved from /home/airflow/.local/lib/python3.8/site-packages/airflow/example_dags/example_branch_python_dop_operator_3.py
[2023-10-11T03:58:17.769+0000] {logging_mixin.py:151} INFO - [2023-10-11T03:58:17.769+0000] {dag.py:2915} INFO - Sync 1 DAGs
[2023-10-11T03:58:17.792+0000] {logging_mixin.py:151} INFO - [2023-10-11T03:58:17.792+0000] {dag.py:3696} INFO - Setting next_dagrun for example_branch_dop_operator_v3 to 2023-10-11T03:57:00+00:00, run_after=2023-10-11T03:58:00+00:00
[2023-10-11T03:58:17.816+0000] {processor.py:179} INFO - Processing /home/airflow/.local/lib/python3.8/site-packages/airflow/example_dags/example_branch_python_dop_operator_3.py took 0.085 seconds
[2023-10-11T03:58:47.867+0000] {processor.py:157} INFO - Started process (PID=2245) to work on /home/airflow/.local/lib/python3.8/site-packages/airflow/example_dags/example_branch_python_dop_operator_3.py
[2023-10-11T03:58:47.868+0000] {processor.py:829} INFO - Processing file /home/airflow/.local/lib/python3.8/site-packages/airflow/example_dags/example_branch_python_dop_operator_3.py for tasks to queue
[2023-10-11T03:58:47.870+0000] {logging_mixin.py:151} INFO - [2023-10-11T03:58:47.870+0000] {dagbag.py:539} INFO - Filling up the DagBag from /home/airflow/.local/lib/python3.8/site-packages/airflow/example_dags/example_branch_python_dop_operator_3.py
[2023-10-11T03:58:47.878+0000] {processor.py:839} INFO - DAG(s) dict_keys(['example_branch_dop_operator_v3']) retrieved from /home/airflow/.local/lib/python3.8/site-packages/airflow/example_dags/example_branch_python_dop_operator_3.py
[2023-10-11T03:58:47.898+0000] {logging_mixin.py:151} INFO - [2023-10-11T03:58:47.898+0000] {dag.py:2915} INFO - Sync 1 DAGs
[2023-10-11T03:58:47.923+0000] {logging_mixin.py:151} INFO - [2023-10-11T03:58:47.923+0000] {dag.py:3696} INFO - Setting next_dagrun for example_branch_dop_operator_v3 to 2023-10-11T03:57:00+00:00, run_after=2023-10-11T03:58:00+00:00
[2023-10-11T03:58:47.942+0000] {processor.py:179} INFO - Processing /home/airflow/.local/lib/python3.8/site-packages/airflow/example_dags/example_branch_python_dop_operator_3.py took 0.079 seconds
[2023-10-11T03:59:18.439+0000] {processor.py:157} INFO - Started process (PID=2302) to work on /home/airflow/.local/lib/python3.8/site-packages/airflow/example_dags/example_branch_python_dop_operator_3.py
[2023-10-11T03:59:18.442+0000] {processor.py:829} INFO - Processing file /home/airflow/.local/lib/python3.8/site-packages/airflow/example_dags/example_branch_python_dop_operator_3.py for tasks to queue
[2023-10-11T03:59:18.445+0000] {logging_mixin.py:151} INFO - [2023-10-11T03:59:18.445+0000] {dagbag.py:539} INFO - Filling up the DagBag from /home/airflow/.local/lib/python3.8/site-packages/airflow/example_dags/example_branch_python_dop_operator_3.py
[2023-10-11T03:59:18.453+0000] {processor.py:839} INFO - DAG(s) dict_keys(['example_branch_dop_operator_v3']) retrieved from /home/airflow/.local/lib/python3.8/site-packages/airflow/example_dags/example_branch_python_dop_operator_3.py
[2023-10-11T03:59:18.477+0000] {logging_mixin.py:151} INFO - [2023-10-11T03:59:18.476+0000] {dag.py:2915} INFO - Sync 1 DAGs
[2023-10-11T03:59:18.500+0000] {logging_mixin.py:151} INFO - [2023-10-11T03:59:18.500+0000] {dag.py:3696} INFO - Setting next_dagrun for example_branch_dop_operator_v3 to 2023-10-11T03:58:00+00:00, run_after=2023-10-11T03:59:00+00:00
[2023-10-11T03:59:18.523+0000] {processor.py:179} INFO - Processing /home/airflow/.local/lib/python3.8/site-packages/airflow/example_dags/example_branch_python_dop_operator_3.py took 0.087 seconds
[2023-10-11T03:59:48.859+0000] {processor.py:157} INFO - Started process (PID=2359) to work on /home/airflow/.local/lib/python3.8/site-packages/airflow/example_dags/example_branch_python_dop_operator_3.py
[2023-10-11T03:59:48.861+0000] {processor.py:829} INFO - Processing file /home/airflow/.local/lib/python3.8/site-packages/airflow/example_dags/example_branch_python_dop_operator_3.py for tasks to queue
[2023-10-11T03:59:48.864+0000] {logging_mixin.py:151} INFO - [2023-10-11T03:59:48.864+0000] {dagbag.py:539} INFO - Filling up the DagBag from /home/airflow/.local/lib/python3.8/site-packages/airflow/example_dags/example_branch_python_dop_operator_3.py
[2023-10-11T03:59:48.873+0000] {processor.py:839} INFO - DAG(s) dict_keys(['example_branch_dop_operator_v3']) retrieved from /home/airflow/.local/lib/python3.8/site-packages/airflow/example_dags/example_branch_python_dop_operator_3.py
[2023-10-11T03:59:48.894+0000] {logging_mixin.py:151} INFO - [2023-10-11T03:59:48.893+0000] {dag.py:2915} INFO - Sync 1 DAGs
[2023-10-11T03:59:48.917+0000] {logging_mixin.py:151} INFO - [2023-10-11T03:59:48.917+0000] {dag.py:3696} INFO - Setting next_dagrun for example_branch_dop_operator_v3 to 2023-10-11T03:58:00+00:00, run_after=2023-10-11T03:59:00+00:00
[2023-10-11T03:59:48.938+0000] {processor.py:179} INFO - Processing /home/airflow/.local/lib/python3.8/site-packages/airflow/example_dags/example_branch_python_dop_operator_3.py took 0.081 seconds
[2023-10-11T04:00:19.442+0000] {processor.py:157} INFO - Started process (PID=2416) to work on /home/airflow/.local/lib/python3.8/site-packages/airflow/example_dags/example_branch_python_dop_operator_3.py
[2023-10-11T04:00:19.444+0000] {processor.py:829} INFO - Processing file /home/airflow/.local/lib/python3.8/site-packages/airflow/example_dags/example_branch_python_dop_operator_3.py for tasks to queue
[2023-10-11T04:00:19.447+0000] {logging_mixin.py:151} INFO - [2023-10-11T04:00:19.447+0000] {dagbag.py:539} INFO - Filling up the DagBag from /home/airflow/.local/lib/python3.8/site-packages/airflow/example_dags/example_branch_python_dop_operator_3.py
[2023-10-11T04:00:19.457+0000] {processor.py:839} INFO - DAG(s) dict_keys(['example_branch_dop_operator_v3']) retrieved from /home/airflow/.local/lib/python3.8/site-packages/airflow/example_dags/example_branch_python_dop_operator_3.py
[2023-10-11T04:00:19.481+0000] {logging_mixin.py:151} INFO - [2023-10-11T04:00:19.481+0000] {dag.py:2915} INFO - Sync 1 DAGs
[2023-10-11T04:00:19.504+0000] {logging_mixin.py:151} INFO - [2023-10-11T04:00:19.504+0000] {dag.py:3696} INFO - Setting next_dagrun for example_branch_dop_operator_v3 to 2023-10-11T03:59:00+00:00, run_after=2023-10-11T04:00:00+00:00
[2023-10-11T04:00:19.527+0000] {processor.py:179} INFO - Processing /home/airflow/.local/lib/python3.8/site-packages/airflow/example_dags/example_branch_python_dop_operator_3.py took 0.088 seconds
[2023-10-11T04:00:49.647+0000] {processor.py:157} INFO - Started process (PID=2473) to work on /home/airflow/.local/lib/python3.8/site-packages/airflow/example_dags/example_branch_python_dop_operator_3.py
[2023-10-11T04:00:49.649+0000] {processor.py:829} INFO - Processing file /home/airflow/.local/lib/python3.8/site-packages/airflow/example_dags/example_branch_python_dop_operator_3.py for tasks to queue
[2023-10-11T04:00:49.652+0000] {logging_mixin.py:151} INFO - [2023-10-11T04:00:49.651+0000] {dagbag.py:539} INFO - Filling up the DagBag from /home/airflow/.local/lib/python3.8/site-packages/airflow/example_dags/example_branch_python_dop_operator_3.py
[2023-10-11T04:00:49.660+0000] {processor.py:839} INFO - DAG(s) dict_keys(['example_branch_dop_operator_v3']) retrieved from /home/airflow/.local/lib/python3.8/site-packages/airflow/example_dags/example_branch_python_dop_operator_3.py
[2023-10-11T04:00:49.696+0000] {logging_mixin.py:151} INFO - [2023-10-11T04:00:49.696+0000] {dag.py:2915} INFO - Sync 1 DAGs
[2023-10-11T04:00:49.721+0000] {logging_mixin.py:151} INFO - [2023-10-11T04:00:49.720+0000] {dag.py:3696} INFO - Setting next_dagrun for example_branch_dop_operator_v3 to 2023-10-11T03:59:00+00:00, run_after=2023-10-11T04:00:00+00:00
[2023-10-11T04:00:49.741+0000] {processor.py:179} INFO - Processing /home/airflow/.local/lib/python3.8/site-packages/airflow/example_dags/example_branch_python_dop_operator_3.py took 0.096 seconds
[2023-10-11T04:01:20.304+0000] {processor.py:157} INFO - Started process (PID=2530) to work on /home/airflow/.local/lib/python3.8/site-packages/airflow/example_dags/example_branch_python_dop_operator_3.py
[2023-10-11T04:01:20.305+0000] {processor.py:829} INFO - Processing file /home/airflow/.local/lib/python3.8/site-packages/airflow/example_dags/example_branch_python_dop_operator_3.py for tasks to queue
[2023-10-11T04:01:20.308+0000] {logging_mixin.py:151} INFO - [2023-10-11T04:01:20.308+0000] {dagbag.py:539} INFO - Filling up the DagBag from /home/airflow/.local/lib/python3.8/site-packages/airflow/example_dags/example_branch_python_dop_operator_3.py
[2023-10-11T04:01:20.316+0000] {processor.py:839} INFO - DAG(s) dict_keys(['example_branch_dop_operator_v3']) retrieved from /home/airflow/.local/lib/python3.8/site-packages/airflow/example_dags/example_branch_python_dop_operator_3.py
[2023-10-11T04:01:20.337+0000] {logging_mixin.py:151} INFO - [2023-10-11T04:01:20.337+0000] {dag.py:2915} INFO - Sync 1 DAGs
[2023-10-11T04:01:20.359+0000] {logging_mixin.py:151} INFO - [2023-10-11T04:01:20.359+0000] {dag.py:3696} INFO - Setting next_dagrun for example_branch_dop_operator_v3 to 2023-10-11T04:00:00+00:00, run_after=2023-10-11T04:01:00+00:00
[2023-10-11T04:01:20.380+0000] {processor.py:179} INFO - Processing /home/airflow/.local/lib/python3.8/site-packages/airflow/example_dags/example_branch_python_dop_operator_3.py took 0.079 seconds
[2023-10-11T04:01:51.353+0000] {processor.py:157} INFO - Started process (PID=2587) to work on /home/airflow/.local/lib/python3.8/site-packages/airflow/example_dags/example_branch_python_dop_operator_3.py
[2023-10-11T04:01:51.354+0000] {processor.py:829} INFO - Processing file /home/airflow/.local/lib/python3.8/site-packages/airflow/example_dags/example_branch_python_dop_operator_3.py for tasks to queue
[2023-10-11T04:01:51.358+0000] {logging_mixin.py:151} INFO - [2023-10-11T04:01:51.357+0000] {dagbag.py:539} INFO - Filling up the DagBag from /home/airflow/.local/lib/python3.8/site-packages/airflow/example_dags/example_branch_python_dop_operator_3.py
[2023-10-11T04:01:51.366+0000] {processor.py:839} INFO - DAG(s) dict_keys(['example_branch_dop_operator_v3']) retrieved from /home/airflow/.local/lib/python3.8/site-packages/airflow/example_dags/example_branch_python_dop_operator_3.py
[2023-10-11T04:01:51.387+0000] {logging_mixin.py:151} INFO - [2023-10-11T04:01:51.387+0000] {dag.py:2915} INFO - Sync 1 DAGs
[2023-10-11T04:01:51.408+0000] {logging_mixin.py:151} INFO - [2023-10-11T04:01:51.407+0000] {dag.py:3696} INFO - Setting next_dagrun for example_branch_dop_operator_v3 to 2023-10-11T04:00:00+00:00, run_after=2023-10-11T04:01:00+00:00
[2023-10-11T04:01:51.430+0000] {processor.py:179} INFO - Processing /home/airflow/.local/lib/python3.8/site-packages/airflow/example_dags/example_branch_python_dop_operator_3.py took 0.079 seconds
[2023-10-11T04:02:21.931+0000] {processor.py:157} INFO - Started process (PID=2644) to work on /home/airflow/.local/lib/python3.8/site-packages/airflow/example_dags/example_branch_python_dop_operator_3.py
[2023-10-11T04:02:21.932+0000] {processor.py:829} INFO - Processing file /home/airflow/.local/lib/python3.8/site-packages/airflow/example_dags/example_branch_python_dop_operator_3.py for tasks to queue
[2023-10-11T04:02:21.934+0000] {logging_mixin.py:151} INFO - [2023-10-11T04:02:21.934+0000] {dagbag.py:539} INFO - Filling up the DagBag from /home/airflow/.local/lib/python3.8/site-packages/airflow/example_dags/example_branch_python_dop_operator_3.py
[2023-10-11T04:02:21.945+0000] {processor.py:839} INFO - DAG(s) dict_keys(['example_branch_dop_operator_v3']) retrieved from /home/airflow/.local/lib/python3.8/site-packages/airflow/example_dags/example_branch_python_dop_operator_3.py
[2023-10-11T04:02:21.970+0000] {logging_mixin.py:151} INFO - [2023-10-11T04:02:21.970+0000] {dag.py:2915} INFO - Sync 1 DAGs
[2023-10-11T04:02:21.993+0000] {logging_mixin.py:151} INFO - [2023-10-11T04:02:21.993+0000] {dag.py:3696} INFO - Setting next_dagrun for example_branch_dop_operator_v3 to 2023-10-11T04:01:00+00:00, run_after=2023-10-11T04:02:00+00:00
[2023-10-11T04:02:22.016+0000] {processor.py:179} INFO - Processing /home/airflow/.local/lib/python3.8/site-packages/airflow/example_dags/example_branch_python_dop_operator_3.py took 0.088 seconds
[2023-10-11T04:02:52.072+0000] {processor.py:157} INFO - Started process (PID=2701) to work on /home/airflow/.local/lib/python3.8/site-packages/airflow/example_dags/example_branch_python_dop_operator_3.py
[2023-10-11T04:02:52.073+0000] {processor.py:829} INFO - Processing file /home/airflow/.local/lib/python3.8/site-packages/airflow/example_dags/example_branch_python_dop_operator_3.py for tasks to queue
[2023-10-11T04:02:52.076+0000] {logging_mixin.py:151} INFO - [2023-10-11T04:02:52.076+0000] {dagbag.py:539} INFO - Filling up the DagBag from /home/airflow/.local/lib/python3.8/site-packages/airflow/example_dags/example_branch_python_dop_operator_3.py
[2023-10-11T04:02:52.085+0000] {processor.py:839} INFO - DAG(s) dict_keys(['example_branch_dop_operator_v3']) retrieved from /home/airflow/.local/lib/python3.8/site-packages/airflow/example_dags/example_branch_python_dop_operator_3.py
[2023-10-11T04:02:52.107+0000] {logging_mixin.py:151} INFO - [2023-10-11T04:02:52.107+0000] {dag.py:2915} INFO - Sync 1 DAGs
[2023-10-11T04:02:52.129+0000] {logging_mixin.py:151} INFO - [2023-10-11T04:02:52.129+0000] {dag.py:3696} INFO - Setting next_dagrun for example_branch_dop_operator_v3 to 2023-10-11T04:01:00+00:00, run_after=2023-10-11T04:02:00+00:00
[2023-10-11T04:02:52.150+0000] {processor.py:179} INFO - Processing /home/airflow/.local/lib/python3.8/site-packages/airflow/example_dags/example_branch_python_dop_operator_3.py took 0.082 seconds
[2023-10-11T04:03:22.267+0000] {processor.py:157} INFO - Started process (PID=2758) to work on /home/airflow/.local/lib/python3.8/site-packages/airflow/example_dags/example_branch_python_dop_operator_3.py
[2023-10-11T04:03:22.270+0000] {processor.py:829} INFO - Processing file /home/airflow/.local/lib/python3.8/site-packages/airflow/example_dags/example_branch_python_dop_operator_3.py for tasks to queue
[2023-10-11T04:03:22.272+0000] {logging_mixin.py:151} INFO - [2023-10-11T04:03:22.272+0000] {dagbag.py:539} INFO - Filling up the DagBag from /home/airflow/.local/lib/python3.8/site-packages/airflow/example_dags/example_branch_python_dop_operator_3.py
[2023-10-11T04:03:22.280+0000] {processor.py:839} INFO - DAG(s) dict_keys(['example_branch_dop_operator_v3']) retrieved from /home/airflow/.local/lib/python3.8/site-packages/airflow/example_dags/example_branch_python_dop_operator_3.py
[2023-10-11T04:03:22.304+0000] {logging_mixin.py:151} INFO - [2023-10-11T04:03:22.303+0000] {dag.py:2915} INFO - Sync 1 DAGs
[2023-10-11T04:03:22.325+0000] {logging_mixin.py:151} INFO - [2023-10-11T04:03:22.325+0000] {dag.py:3696} INFO - Setting next_dagrun for example_branch_dop_operator_v3 to 2023-10-11T04:02:00+00:00, run_after=2023-10-11T04:03:00+00:00
[2023-10-11T04:03:22.346+0000] {processor.py:179} INFO - Processing /home/airflow/.local/lib/python3.8/site-packages/airflow/example_dags/example_branch_python_dop_operator_3.py took 0.082 seconds
[2023-10-11T04:03:52.963+0000] {processor.py:157} INFO - Started process (PID=2817) to work on /home/airflow/.local/lib/python3.8/site-packages/airflow/example_dags/example_branch_python_dop_operator_3.py
[2023-10-11T04:03:52.965+0000] {processor.py:829} INFO - Processing file /home/airflow/.local/lib/python3.8/site-packages/airflow/example_dags/example_branch_python_dop_operator_3.py for tasks to queue
[2023-10-11T04:03:52.969+0000] {logging_mixin.py:151} INFO - [2023-10-11T04:03:52.968+0000] {dagbag.py:539} INFO - Filling up the DagBag from /home/airflow/.local/lib/python3.8/site-packages/airflow/example_dags/example_branch_python_dop_operator_3.py
[2023-10-11T04:03:52.980+0000] {processor.py:839} INFO - DAG(s) dict_keys(['example_branch_dop_operator_v3']) retrieved from /home/airflow/.local/lib/python3.8/site-packages/airflow/example_dags/example_branch_python_dop_operator_3.py
[2023-10-11T04:03:53.009+0000] {logging_mixin.py:151} INFO - [2023-10-11T04:03:53.009+0000] {dag.py:2915} INFO - Sync 1 DAGs
[2023-10-11T04:03:53.048+0000] {logging_mixin.py:151} INFO - [2023-10-11T04:03:53.047+0000] {dag.py:3696} INFO - Setting next_dagrun for example_branch_dop_operator_v3 to 2023-10-11T04:02:00+00:00, run_after=2023-10-11T04:03:00+00:00
[2023-10-11T04:03:53.078+0000] {processor.py:179} INFO - Processing /home/airflow/.local/lib/python3.8/site-packages/airflow/example_dags/example_branch_python_dop_operator_3.py took 0.118 seconds
[2023-10-11T04:04:23.138+0000] {processor.py:157} INFO - Started process (PID=2883) to work on /home/airflow/.local/lib/python3.8/site-packages/airflow/example_dags/example_branch_python_dop_operator_3.py
[2023-10-11T04:04:23.140+0000] {processor.py:829} INFO - Processing file /home/airflow/.local/lib/python3.8/site-packages/airflow/example_dags/example_branch_python_dop_operator_3.py for tasks to queue
[2023-10-11T04:04:23.142+0000] {logging_mixin.py:151} INFO - [2023-10-11T04:04:23.141+0000] {dagbag.py:539} INFO - Filling up the DagBag from /home/airflow/.local/lib/python3.8/site-packages/airflow/example_dags/example_branch_python_dop_operator_3.py
[2023-10-11T04:04:23.150+0000] {processor.py:839} INFO - DAG(s) dict_keys(['example_branch_dop_operator_v3']) retrieved from /home/airflow/.local/lib/python3.8/site-packages/airflow/example_dags/example_branch_python_dop_operator_3.py
[2023-10-11T04:04:23.170+0000] {logging_mixin.py:151} INFO - [2023-10-11T04:04:23.170+0000] {dag.py:2915} INFO - Sync 1 DAGs
[2023-10-11T04:04:23.192+0000] {logging_mixin.py:151} INFO - [2023-10-11T04:04:23.191+0000] {dag.py:3696} INFO - Setting next_dagrun for example_branch_dop_operator_v3 to 2023-10-11T04:03:00+00:00, run_after=2023-10-11T04:04:00+00:00
[2023-10-11T04:04:23.212+0000] {processor.py:179} INFO - Processing /home/airflow/.local/lib/python3.8/site-packages/airflow/example_dags/example_branch_python_dop_operator_3.py took 0.078 seconds
