[2023-10-11T03:39:28.757+0000] {processor.py:157} INFO - Started process (PID=72) to work on /home/airflow/.local/lib/python3.8/site-packages/airflow/example_dags/example_latest_only.py
[2023-10-11T03:39:28.759+0000] {processor.py:829} INFO - Processing file /home/airflow/.local/lib/python3.8/site-packages/airflow/example_dags/example_latest_only.py for tasks to queue
[2023-10-11T03:39:28.764+0000] {logging_mixin.py:151} INFO - [2023-10-11T03:39:28.763+0000] {dagbag.py:539} INFO - Filling up the DagBag from /home/airflow/.local/lib/python3.8/site-packages/airflow/example_dags/example_latest_only.py
[2023-10-11T03:39:28.773+0000] {processor.py:839} INFO - DAG(s) dict_keys(['latest_only']) retrieved from /home/airflow/.local/lib/python3.8/site-packages/airflow/example_dags/example_latest_only.py
[2023-10-11T03:39:28.817+0000] {logging_mixin.py:151} INFO - [2023-10-11T03:39:28.817+0000] {dag.py:2915} INFO - Sync 1 DAGs
[2023-10-11T03:39:28.862+0000] {logging_mixin.py:151} INFO - [2023-10-11T03:39:28.861+0000] {dag.py:3696} INFO - Setting next_dagrun for latest_only to 2023-10-10T23:39:28.861329+00:00, run_after=2023-10-11T03:39:28.861329+00:00
[2023-10-11T03:39:28.919+0000] {processor.py:179} INFO - Processing /home/airflow/.local/lib/python3.8/site-packages/airflow/example_dags/example_latest_only.py took 0.167 seconds
[2023-10-11T03:39:59.433+0000] {processor.py:157} INFO - Started process (PID=129) to work on /home/airflow/.local/lib/python3.8/site-packages/airflow/example_dags/example_latest_only.py
[2023-10-11T03:39:59.440+0000] {processor.py:829} INFO - Processing file /home/airflow/.local/lib/python3.8/site-packages/airflow/example_dags/example_latest_only.py for tasks to queue
[2023-10-11T03:39:59.442+0000] {logging_mixin.py:151} INFO - [2023-10-11T03:39:59.442+0000] {dagbag.py:539} INFO - Filling up the DagBag from /home/airflow/.local/lib/python3.8/site-packages/airflow/example_dags/example_latest_only.py
[2023-10-11T03:39:59.447+0000] {processor.py:839} INFO - DAG(s) dict_keys(['latest_only']) retrieved from /home/airflow/.local/lib/python3.8/site-packages/airflow/example_dags/example_latest_only.py
[2023-10-11T03:39:59.468+0000] {logging_mixin.py:151} INFO - [2023-10-11T03:39:59.468+0000] {dag.py:2915} INFO - Sync 1 DAGs
[2023-10-11T03:39:59.488+0000] {logging_mixin.py:151} INFO - [2023-10-11T03:39:59.488+0000] {dag.py:3696} INFO - Setting next_dagrun for latest_only to 2023-10-10T23:39:59.487806+00:00, run_after=2023-10-11T03:39:59.487806+00:00
[2023-10-11T03:39:59.514+0000] {processor.py:179} INFO - Processing /home/airflow/.local/lib/python3.8/site-packages/airflow/example_dags/example_latest_only.py took 0.083 seconds
[2023-10-11T03:40:29.928+0000] {processor.py:157} INFO - Started process (PID=186) to work on /home/airflow/.local/lib/python3.8/site-packages/airflow/example_dags/example_latest_only.py
[2023-10-11T03:40:29.929+0000] {processor.py:829} INFO - Processing file /home/airflow/.local/lib/python3.8/site-packages/airflow/example_dags/example_latest_only.py for tasks to queue
[2023-10-11T03:40:29.932+0000] {logging_mixin.py:151} INFO - [2023-10-11T03:40:29.932+0000] {dagbag.py:539} INFO - Filling up the DagBag from /home/airflow/.local/lib/python3.8/site-packages/airflow/example_dags/example_latest_only.py
[2023-10-11T03:40:29.939+0000] {processor.py:839} INFO - DAG(s) dict_keys(['latest_only']) retrieved from /home/airflow/.local/lib/python3.8/site-packages/airflow/example_dags/example_latest_only.py
[2023-10-11T03:40:29.964+0000] {logging_mixin.py:151} INFO - [2023-10-11T03:40:29.964+0000] {dag.py:2915} INFO - Sync 1 DAGs
[2023-10-11T03:40:29.982+0000] {logging_mixin.py:151} INFO - [2023-10-11T03:40:29.982+0000] {dag.py:3696} INFO - Setting next_dagrun for latest_only to 2023-10-10T23:40:29.981829+00:00, run_after=2023-10-11T03:40:29.981829+00:00
[2023-10-11T03:40:30.001+0000] {processor.py:179} INFO - Processing /home/airflow/.local/lib/python3.8/site-packages/airflow/example_dags/example_latest_only.py took 0.077 seconds
[2023-10-11T03:41:00.830+0000] {processor.py:157} INFO - Started process (PID=243) to work on /home/airflow/.local/lib/python3.8/site-packages/airflow/example_dags/example_latest_only.py
[2023-10-11T03:41:00.832+0000] {processor.py:829} INFO - Processing file /home/airflow/.local/lib/python3.8/site-packages/airflow/example_dags/example_latest_only.py for tasks to queue
[2023-10-11T03:41:00.834+0000] {logging_mixin.py:151} INFO - [2023-10-11T03:41:00.834+0000] {dagbag.py:539} INFO - Filling up the DagBag from /home/airflow/.local/lib/python3.8/site-packages/airflow/example_dags/example_latest_only.py
[2023-10-11T03:41:00.840+0000] {processor.py:839} INFO - DAG(s) dict_keys(['latest_only']) retrieved from /home/airflow/.local/lib/python3.8/site-packages/airflow/example_dags/example_latest_only.py
[2023-10-11T03:41:00.861+0000] {logging_mixin.py:151} INFO - [2023-10-11T03:41:00.861+0000] {dag.py:2915} INFO - Sync 1 DAGs
[2023-10-11T03:41:00.882+0000] {logging_mixin.py:151} INFO - [2023-10-11T03:41:00.882+0000] {dag.py:3696} INFO - Setting next_dagrun for latest_only to 2023-10-10T23:41:00.881948+00:00, run_after=2023-10-11T03:41:00.881948+00:00
[2023-10-11T03:41:00.911+0000] {processor.py:179} INFO - Processing /home/airflow/.local/lib/python3.8/site-packages/airflow/example_dags/example_latest_only.py took 0.085 seconds
[2023-10-11T03:41:31.502+0000] {processor.py:157} INFO - Started process (PID=300) to work on /home/airflow/.local/lib/python3.8/site-packages/airflow/example_dags/example_latest_only.py
[2023-10-11T03:41:31.503+0000] {processor.py:829} INFO - Processing file /home/airflow/.local/lib/python3.8/site-packages/airflow/example_dags/example_latest_only.py for tasks to queue
[2023-10-11T03:41:31.507+0000] {logging_mixin.py:151} INFO - [2023-10-11T03:41:31.506+0000] {dagbag.py:539} INFO - Filling up the DagBag from /home/airflow/.local/lib/python3.8/site-packages/airflow/example_dags/example_latest_only.py
[2023-10-11T03:41:31.515+0000] {processor.py:839} INFO - DAG(s) dict_keys(['latest_only']) retrieved from /home/airflow/.local/lib/python3.8/site-packages/airflow/example_dags/example_latest_only.py
[2023-10-11T03:41:31.554+0000] {logging_mixin.py:151} INFO - [2023-10-11T03:41:31.554+0000] {dag.py:2915} INFO - Sync 1 DAGs
[2023-10-11T03:41:31.603+0000] {logging_mixin.py:151} INFO - [2023-10-11T03:41:31.603+0000] {dag.py:3696} INFO - Setting next_dagrun for latest_only to 2023-10-10T23:41:31.602962+00:00, run_after=2023-10-11T03:41:31.602962+00:00
[2023-10-11T03:41:31.639+0000] {processor.py:179} INFO - Processing /home/airflow/.local/lib/python3.8/site-packages/airflow/example_dags/example_latest_only.py took 0.141 seconds
[2023-10-11T03:42:02.199+0000] {processor.py:157} INFO - Started process (PID=357) to work on /home/airflow/.local/lib/python3.8/site-packages/airflow/example_dags/example_latest_only.py
[2023-10-11T03:42:02.201+0000] {processor.py:829} INFO - Processing file /home/airflow/.local/lib/python3.8/site-packages/airflow/example_dags/example_latest_only.py for tasks to queue
[2023-10-11T03:42:02.205+0000] {logging_mixin.py:151} INFO - [2023-10-11T03:42:02.205+0000] {dagbag.py:539} INFO - Filling up the DagBag from /home/airflow/.local/lib/python3.8/site-packages/airflow/example_dags/example_latest_only.py
[2023-10-11T03:42:02.215+0000] {processor.py:839} INFO - DAG(s) dict_keys(['latest_only']) retrieved from /home/airflow/.local/lib/python3.8/site-packages/airflow/example_dags/example_latest_only.py
[2023-10-11T03:42:02.267+0000] {logging_mixin.py:151} INFO - [2023-10-11T03:42:02.266+0000] {dag.py:2915} INFO - Sync 1 DAGs
[2023-10-11T03:42:02.306+0000] {logging_mixin.py:151} INFO - [2023-10-11T03:42:02.306+0000] {dag.py:3696} INFO - Setting next_dagrun for latest_only to 2023-10-10T23:42:02.306221+00:00, run_after=2023-10-11T03:42:02.306221+00:00
[2023-10-11T03:42:02.339+0000] {processor.py:179} INFO - Processing /home/airflow/.local/lib/python3.8/site-packages/airflow/example_dags/example_latest_only.py took 0.146 seconds
[2023-10-11T03:42:33.065+0000] {processor.py:157} INFO - Started process (PID=414) to work on /home/airflow/.local/lib/python3.8/site-packages/airflow/example_dags/example_latest_only.py
[2023-10-11T03:42:33.067+0000] {processor.py:829} INFO - Processing file /home/airflow/.local/lib/python3.8/site-packages/airflow/example_dags/example_latest_only.py for tasks to queue
[2023-10-11T03:42:33.071+0000] {logging_mixin.py:151} INFO - [2023-10-11T03:42:33.071+0000] {dagbag.py:539} INFO - Filling up the DagBag from /home/airflow/.local/lib/python3.8/site-packages/airflow/example_dags/example_latest_only.py
[2023-10-11T03:42:33.079+0000] {processor.py:839} INFO - DAG(s) dict_keys(['latest_only']) retrieved from /home/airflow/.local/lib/python3.8/site-packages/airflow/example_dags/example_latest_only.py
[2023-10-11T03:42:33.115+0000] {logging_mixin.py:151} INFO - [2023-10-11T03:42:33.115+0000] {dag.py:2915} INFO - Sync 1 DAGs
[2023-10-11T03:42:33.145+0000] {logging_mixin.py:151} INFO - [2023-10-11T03:42:33.145+0000] {dag.py:3696} INFO - Setting next_dagrun for latest_only to 2023-10-10T23:42:33.144573+00:00, run_after=2023-10-11T03:42:33.144573+00:00
[2023-10-11T03:42:33.181+0000] {processor.py:179} INFO - Processing /home/airflow/.local/lib/python3.8/site-packages/airflow/example_dags/example_latest_only.py took 0.122 seconds
[2023-10-11T03:43:03.284+0000] {processor.py:157} INFO - Started process (PID=469) to work on /home/airflow/.local/lib/python3.8/site-packages/airflow/example_dags/example_latest_only.py
[2023-10-11T03:43:03.285+0000] {processor.py:829} INFO - Processing file /home/airflow/.local/lib/python3.8/site-packages/airflow/example_dags/example_latest_only.py for tasks to queue
[2023-10-11T03:43:03.289+0000] {logging_mixin.py:151} INFO - [2023-10-11T03:43:03.288+0000] {dagbag.py:539} INFO - Filling up the DagBag from /home/airflow/.local/lib/python3.8/site-packages/airflow/example_dags/example_latest_only.py
[2023-10-11T03:43:03.295+0000] {processor.py:839} INFO - DAG(s) dict_keys(['latest_only']) retrieved from /home/airflow/.local/lib/python3.8/site-packages/airflow/example_dags/example_latest_only.py
[2023-10-11T03:43:03.323+0000] {logging_mixin.py:151} INFO - [2023-10-11T03:43:03.323+0000] {dag.py:2915} INFO - Sync 1 DAGs
[2023-10-11T03:43:03.352+0000] {logging_mixin.py:151} INFO - [2023-10-11T03:43:03.351+0000] {dag.py:3696} INFO - Setting next_dagrun for latest_only to 2023-10-10T23:43:03.351652+00:00, run_after=2023-10-11T03:43:03.351652+00:00
[2023-10-11T03:43:03.389+0000] {processor.py:179} INFO - Processing /home/airflow/.local/lib/python3.8/site-packages/airflow/example_dags/example_latest_only.py took 0.111 seconds
[2023-10-11T03:43:33.465+0000] {processor.py:157} INFO - Started process (PID=526) to work on /home/airflow/.local/lib/python3.8/site-packages/airflow/example_dags/example_latest_only.py
[2023-10-11T03:43:33.467+0000] {processor.py:829} INFO - Processing file /home/airflow/.local/lib/python3.8/site-packages/airflow/example_dags/example_latest_only.py for tasks to queue
[2023-10-11T03:43:33.471+0000] {logging_mixin.py:151} INFO - [2023-10-11T03:43:33.471+0000] {dagbag.py:539} INFO - Filling up the DagBag from /home/airflow/.local/lib/python3.8/site-packages/airflow/example_dags/example_latest_only.py
[2023-10-11T03:43:33.478+0000] {processor.py:839} INFO - DAG(s) dict_keys(['latest_only']) retrieved from /home/airflow/.local/lib/python3.8/site-packages/airflow/example_dags/example_latest_only.py
[2023-10-11T03:43:33.523+0000] {logging_mixin.py:151} INFO - [2023-10-11T03:43:33.522+0000] {dag.py:2915} INFO - Sync 1 DAGs
[2023-10-11T03:43:33.571+0000] {logging_mixin.py:151} INFO - [2023-10-11T03:43:33.571+0000] {dag.py:3696} INFO - Setting next_dagrun for latest_only to 2023-10-10T23:43:33.570819+00:00, run_after=2023-10-11T03:43:33.570819+00:00
[2023-10-11T03:43:33.627+0000] {processor.py:179} INFO - Processing /home/airflow/.local/lib/python3.8/site-packages/airflow/example_dags/example_latest_only.py took 0.170 seconds
[2023-10-11T03:44:04.773+0000] {processor.py:157} INFO - Started process (PID=584) to work on /home/airflow/.local/lib/python3.8/site-packages/airflow/example_dags/example_latest_only.py
[2023-10-11T03:44:04.775+0000] {processor.py:829} INFO - Processing file /home/airflow/.local/lib/python3.8/site-packages/airflow/example_dags/example_latest_only.py for tasks to queue
[2023-10-11T03:44:04.781+0000] {logging_mixin.py:151} INFO - [2023-10-11T03:44:04.780+0000] {dagbag.py:539} INFO - Filling up the DagBag from /home/airflow/.local/lib/python3.8/site-packages/airflow/example_dags/example_latest_only.py
[2023-10-11T03:44:04.795+0000] {processor.py:839} INFO - DAG(s) dict_keys(['latest_only']) retrieved from /home/airflow/.local/lib/python3.8/site-packages/airflow/example_dags/example_latest_only.py
[2023-10-11T03:44:04.842+0000] {logging_mixin.py:151} INFO - [2023-10-11T03:44:04.841+0000] {dag.py:2915} INFO - Sync 1 DAGs
[2023-10-11T03:44:04.882+0000] {logging_mixin.py:151} INFO - [2023-10-11T03:44:04.881+0000] {dag.py:3696} INFO - Setting next_dagrun for latest_only to 2023-10-10T23:44:04.881685+00:00, run_after=2023-10-11T03:44:04.881685+00:00
[2023-10-11T03:44:04.929+0000] {processor.py:179} INFO - Processing /home/airflow/.local/lib/python3.8/site-packages/airflow/example_dags/example_latest_only.py took 0.161 seconds
[2023-10-11T03:44:35.069+0000] {processor.py:157} INFO - Started process (PID=641) to work on /home/airflow/.local/lib/python3.8/site-packages/airflow/example_dags/example_latest_only.py
[2023-10-11T03:44:35.071+0000] {processor.py:829} INFO - Processing file /home/airflow/.local/lib/python3.8/site-packages/airflow/example_dags/example_latest_only.py for tasks to queue
[2023-10-11T03:44:35.077+0000] {logging_mixin.py:151} INFO - [2023-10-11T03:44:35.076+0000] {dagbag.py:539} INFO - Filling up the DagBag from /home/airflow/.local/lib/python3.8/site-packages/airflow/example_dags/example_latest_only.py
[2023-10-11T03:44:35.083+0000] {processor.py:839} INFO - DAG(s) dict_keys(['latest_only']) retrieved from /home/airflow/.local/lib/python3.8/site-packages/airflow/example_dags/example_latest_only.py
[2023-10-11T03:44:35.109+0000] {logging_mixin.py:151} INFO - [2023-10-11T03:44:35.109+0000] {dag.py:2915} INFO - Sync 1 DAGs
[2023-10-11T03:44:35.143+0000] {logging_mixin.py:151} INFO - [2023-10-11T03:44:35.143+0000] {dag.py:3696} INFO - Setting next_dagrun for latest_only to 2023-10-10T23:44:35.143347+00:00, run_after=2023-10-11T03:44:35.143347+00:00
[2023-10-11T03:44:35.171+0000] {processor.py:179} INFO - Processing /home/airflow/.local/lib/python3.8/site-packages/airflow/example_dags/example_latest_only.py took 0.106 seconds
[2023-10-11T03:45:05.629+0000] {processor.py:157} INFO - Started process (PID=698) to work on /home/airflow/.local/lib/python3.8/site-packages/airflow/example_dags/example_latest_only.py
[2023-10-11T03:45:05.631+0000] {processor.py:829} INFO - Processing file /home/airflow/.local/lib/python3.8/site-packages/airflow/example_dags/example_latest_only.py for tasks to queue
[2023-10-11T03:45:05.634+0000] {logging_mixin.py:151} INFO - [2023-10-11T03:45:05.634+0000] {dagbag.py:539} INFO - Filling up the DagBag from /home/airflow/.local/lib/python3.8/site-packages/airflow/example_dags/example_latest_only.py
[2023-10-11T03:45:05.644+0000] {processor.py:839} INFO - DAG(s) dict_keys(['latest_only']) retrieved from /home/airflow/.local/lib/python3.8/site-packages/airflow/example_dags/example_latest_only.py
[2023-10-11T03:45:05.671+0000] {logging_mixin.py:151} INFO - [2023-10-11T03:45:05.671+0000] {dag.py:2915} INFO - Sync 1 DAGs
[2023-10-11T03:45:05.693+0000] {logging_mixin.py:151} INFO - [2023-10-11T03:45:05.693+0000] {dag.py:3696} INFO - Setting next_dagrun for latest_only to 2023-10-10T23:45:05.692944+00:00, run_after=2023-10-11T03:45:05.692944+00:00
[2023-10-11T03:45:05.723+0000] {processor.py:179} INFO - Processing /home/airflow/.local/lib/python3.8/site-packages/airflow/example_dags/example_latest_only.py took 0.097 seconds
[2023-10-11T03:45:35.780+0000] {processor.py:157} INFO - Started process (PID=755) to work on /home/airflow/.local/lib/python3.8/site-packages/airflow/example_dags/example_latest_only.py
[2023-10-11T03:45:35.782+0000] {processor.py:829} INFO - Processing file /home/airflow/.local/lib/python3.8/site-packages/airflow/example_dags/example_latest_only.py for tasks to queue
[2023-10-11T03:45:35.786+0000] {logging_mixin.py:151} INFO - [2023-10-11T03:45:35.785+0000] {dagbag.py:539} INFO - Filling up the DagBag from /home/airflow/.local/lib/python3.8/site-packages/airflow/example_dags/example_latest_only.py
[2023-10-11T03:45:35.792+0000] {processor.py:839} INFO - DAG(s) dict_keys(['latest_only']) retrieved from /home/airflow/.local/lib/python3.8/site-packages/airflow/example_dags/example_latest_only.py
[2023-10-11T03:45:35.813+0000] {logging_mixin.py:151} INFO - [2023-10-11T03:45:35.812+0000] {dag.py:2915} INFO - Sync 1 DAGs
[2023-10-11T03:45:35.833+0000] {logging_mixin.py:151} INFO - [2023-10-11T03:45:35.833+0000] {dag.py:3696} INFO - Setting next_dagrun for latest_only to 2023-10-10T23:45:35.833198+00:00, run_after=2023-10-11T03:45:35.833198+00:00
[2023-10-11T03:45:35.855+0000] {processor.py:179} INFO - Processing /home/airflow/.local/lib/python3.8/site-packages/airflow/example_dags/example_latest_only.py took 0.079 seconds
[2023-10-11T03:46:06.148+0000] {processor.py:157} INFO - Started process (PID=812) to work on /home/airflow/.local/lib/python3.8/site-packages/airflow/example_dags/example_latest_only.py
[2023-10-11T03:46:06.149+0000] {processor.py:829} INFO - Processing file /home/airflow/.local/lib/python3.8/site-packages/airflow/example_dags/example_latest_only.py for tasks to queue
[2023-10-11T03:46:06.152+0000] {logging_mixin.py:151} INFO - [2023-10-11T03:46:06.152+0000] {dagbag.py:539} INFO - Filling up the DagBag from /home/airflow/.local/lib/python3.8/site-packages/airflow/example_dags/example_latest_only.py
[2023-10-11T03:46:06.156+0000] {processor.py:839} INFO - DAG(s) dict_keys(['latest_only']) retrieved from /home/airflow/.local/lib/python3.8/site-packages/airflow/example_dags/example_latest_only.py
[2023-10-11T03:46:06.175+0000] {logging_mixin.py:151} INFO - [2023-10-11T03:46:06.175+0000] {dag.py:2915} INFO - Sync 1 DAGs
[2023-10-11T03:46:06.194+0000] {logging_mixin.py:151} INFO - [2023-10-11T03:46:06.193+0000] {dag.py:3696} INFO - Setting next_dagrun for latest_only to 2023-10-10T23:46:06.193761+00:00, run_after=2023-10-11T03:46:06.193761+00:00
[2023-10-11T03:46:06.215+0000] {processor.py:179} INFO - Processing /home/airflow/.local/lib/python3.8/site-packages/airflow/example_dags/example_latest_only.py took 0.069 seconds
[2023-10-11T03:46:37.200+0000] {processor.py:157} INFO - Started process (PID=876) to work on /home/airflow/.local/lib/python3.8/site-packages/airflow/example_dags/example_latest_only.py
[2023-10-11T03:46:37.203+0000] {processor.py:829} INFO - Processing file /home/airflow/.local/lib/python3.8/site-packages/airflow/example_dags/example_latest_only.py for tasks to queue
[2023-10-11T03:46:37.206+0000] {logging_mixin.py:151} INFO - [2023-10-11T03:46:37.205+0000] {dagbag.py:539} INFO - Filling up the DagBag from /home/airflow/.local/lib/python3.8/site-packages/airflow/example_dags/example_latest_only.py
[2023-10-11T03:46:37.210+0000] {processor.py:839} INFO - DAG(s) dict_keys(['latest_only']) retrieved from /home/airflow/.local/lib/python3.8/site-packages/airflow/example_dags/example_latest_only.py
[2023-10-11T03:46:37.228+0000] {logging_mixin.py:151} INFO - [2023-10-11T03:46:37.228+0000] {dag.py:2915} INFO - Sync 1 DAGs
[2023-10-11T03:46:37.248+0000] {logging_mixin.py:151} INFO - [2023-10-11T03:46:37.248+0000] {dag.py:3696} INFO - Setting next_dagrun for latest_only to 2023-10-10T23:46:37.248545+00:00, run_after=2023-10-11T03:46:37.248545+00:00
[2023-10-11T03:46:37.270+0000] {processor.py:179} INFO - Processing /home/airflow/.local/lib/python3.8/site-packages/airflow/example_dags/example_latest_only.py took 0.072 seconds
[2023-10-11T03:47:07.466+0000] {processor.py:157} INFO - Started process (PID=933) to work on /home/airflow/.local/lib/python3.8/site-packages/airflow/example_dags/example_latest_only.py
[2023-10-11T03:47:07.467+0000] {processor.py:829} INFO - Processing file /home/airflow/.local/lib/python3.8/site-packages/airflow/example_dags/example_latest_only.py for tasks to queue
[2023-10-11T03:47:07.470+0000] {logging_mixin.py:151} INFO - [2023-10-11T03:47:07.470+0000] {dagbag.py:539} INFO - Filling up the DagBag from /home/airflow/.local/lib/python3.8/site-packages/airflow/example_dags/example_latest_only.py
[2023-10-11T03:47:07.477+0000] {processor.py:839} INFO - DAG(s) dict_keys(['latest_only']) retrieved from /home/airflow/.local/lib/python3.8/site-packages/airflow/example_dags/example_latest_only.py
[2023-10-11T03:47:07.498+0000] {logging_mixin.py:151} INFO - [2023-10-11T03:47:07.498+0000] {dag.py:2915} INFO - Sync 1 DAGs
[2023-10-11T03:47:07.518+0000] {logging_mixin.py:151} INFO - [2023-10-11T03:47:07.518+0000] {dag.py:3696} INFO - Setting next_dagrun for latest_only to 2023-10-10T23:47:07.517739+00:00, run_after=2023-10-11T03:47:07.517739+00:00
[2023-10-11T03:47:07.544+0000] {processor.py:179} INFO - Processing /home/airflow/.local/lib/python3.8/site-packages/airflow/example_dags/example_latest_only.py took 0.081 seconds
[2023-10-11T03:47:37.844+0000] {processor.py:157} INFO - Started process (PID=990) to work on /home/airflow/.local/lib/python3.8/site-packages/airflow/example_dags/example_latest_only.py
[2023-10-11T03:47:37.845+0000] {processor.py:829} INFO - Processing file /home/airflow/.local/lib/python3.8/site-packages/airflow/example_dags/example_latest_only.py for tasks to queue
[2023-10-11T03:47:37.847+0000] {logging_mixin.py:151} INFO - [2023-10-11T03:47:37.847+0000] {dagbag.py:539} INFO - Filling up the DagBag from /home/airflow/.local/lib/python3.8/site-packages/airflow/example_dags/example_latest_only.py
[2023-10-11T03:47:37.852+0000] {processor.py:839} INFO - DAG(s) dict_keys(['latest_only']) retrieved from /home/airflow/.local/lib/python3.8/site-packages/airflow/example_dags/example_latest_only.py
[2023-10-11T03:47:37.873+0000] {logging_mixin.py:151} INFO - [2023-10-11T03:47:37.873+0000] {dag.py:2915} INFO - Sync 1 DAGs
[2023-10-11T03:47:37.895+0000] {logging_mixin.py:151} INFO - [2023-10-11T03:47:37.895+0000] {dag.py:3696} INFO - Setting next_dagrun for latest_only to 2023-10-10T23:47:37.895010+00:00, run_after=2023-10-11T03:47:37.895010+00:00
[2023-10-11T03:47:37.916+0000] {processor.py:179} INFO - Processing /home/airflow/.local/lib/python3.8/site-packages/airflow/example_dags/example_latest_only.py took 0.076 seconds
[2023-10-11T03:48:08.316+0000] {processor.py:157} INFO - Started process (PID=1047) to work on /home/airflow/.local/lib/python3.8/site-packages/airflow/example_dags/example_latest_only.py
[2023-10-11T03:48:08.318+0000] {processor.py:829} INFO - Processing file /home/airflow/.local/lib/python3.8/site-packages/airflow/example_dags/example_latest_only.py for tasks to queue
[2023-10-11T03:48:08.321+0000] {logging_mixin.py:151} INFO - [2023-10-11T03:48:08.320+0000] {dagbag.py:539} INFO - Filling up the DagBag from /home/airflow/.local/lib/python3.8/site-packages/airflow/example_dags/example_latest_only.py
[2023-10-11T03:48:08.326+0000] {processor.py:839} INFO - DAG(s) dict_keys(['latest_only']) retrieved from /home/airflow/.local/lib/python3.8/site-packages/airflow/example_dags/example_latest_only.py
[2023-10-11T03:48:08.349+0000] {logging_mixin.py:151} INFO - [2023-10-11T03:48:08.349+0000] {dag.py:2915} INFO - Sync 1 DAGs
[2023-10-11T03:48:08.371+0000] {logging_mixin.py:151} INFO - [2023-10-11T03:48:08.371+0000] {dag.py:3696} INFO - Setting next_dagrun for latest_only to 2023-10-10T23:48:08.371120+00:00, run_after=2023-10-11T03:48:08.371120+00:00
[2023-10-11T03:48:08.394+0000] {processor.py:179} INFO - Processing /home/airflow/.local/lib/python3.8/site-packages/airflow/example_dags/example_latest_only.py took 0.080 seconds
[2023-10-11T03:48:38.738+0000] {processor.py:157} INFO - Started process (PID=1104) to work on /home/airflow/.local/lib/python3.8/site-packages/airflow/example_dags/example_latest_only.py
[2023-10-11T03:48:38.739+0000] {processor.py:829} INFO - Processing file /home/airflow/.local/lib/python3.8/site-packages/airflow/example_dags/example_latest_only.py for tasks to queue
[2023-10-11T03:48:38.742+0000] {logging_mixin.py:151} INFO - [2023-10-11T03:48:38.741+0000] {dagbag.py:539} INFO - Filling up the DagBag from /home/airflow/.local/lib/python3.8/site-packages/airflow/example_dags/example_latest_only.py
[2023-10-11T03:48:38.748+0000] {processor.py:839} INFO - DAG(s) dict_keys(['latest_only']) retrieved from /home/airflow/.local/lib/python3.8/site-packages/airflow/example_dags/example_latest_only.py
[2023-10-11T03:48:38.780+0000] {logging_mixin.py:151} INFO - [2023-10-11T03:48:38.779+0000] {dag.py:2915} INFO - Sync 1 DAGs
[2023-10-11T03:48:38.802+0000] {logging_mixin.py:151} INFO - [2023-10-11T03:48:38.802+0000] {dag.py:3696} INFO - Setting next_dagrun for latest_only to 2023-10-10T23:48:38.802338+00:00, run_after=2023-10-11T03:48:38.802338+00:00
[2023-10-11T03:48:38.824+0000] {processor.py:179} INFO - Processing /home/airflow/.local/lib/python3.8/site-packages/airflow/example_dags/example_latest_only.py took 0.089 seconds
[2023-10-11T03:49:09.177+0000] {processor.py:157} INFO - Started process (PID=1161) to work on /home/airflow/.local/lib/python3.8/site-packages/airflow/example_dags/example_latest_only.py
[2023-10-11T03:49:09.179+0000] {processor.py:829} INFO - Processing file /home/airflow/.local/lib/python3.8/site-packages/airflow/example_dags/example_latest_only.py for tasks to queue
[2023-10-11T03:49:09.181+0000] {logging_mixin.py:151} INFO - [2023-10-11T03:49:09.181+0000] {dagbag.py:539} INFO - Filling up the DagBag from /home/airflow/.local/lib/python3.8/site-packages/airflow/example_dags/example_latest_only.py
[2023-10-11T03:49:09.186+0000] {processor.py:839} INFO - DAG(s) dict_keys(['latest_only']) retrieved from /home/airflow/.local/lib/python3.8/site-packages/airflow/example_dags/example_latest_only.py
[2023-10-11T03:49:09.207+0000] {logging_mixin.py:151} INFO - [2023-10-11T03:49:09.206+0000] {dag.py:2915} INFO - Sync 1 DAGs
[2023-10-11T03:49:09.225+0000] {logging_mixin.py:151} INFO - [2023-10-11T03:49:09.225+0000] {dag.py:3696} INFO - Setting next_dagrun for latest_only to 2023-10-10T23:49:09.225031+00:00, run_after=2023-10-11T03:49:09.225031+00:00
[2023-10-11T03:49:09.246+0000] {processor.py:179} INFO - Processing /home/airflow/.local/lib/python3.8/site-packages/airflow/example_dags/example_latest_only.py took 0.073 seconds
[2023-10-11T03:49:39.747+0000] {processor.py:157} INFO - Started process (PID=1218) to work on /home/airflow/.local/lib/python3.8/site-packages/airflow/example_dags/example_latest_only.py
[2023-10-11T03:49:39.748+0000] {processor.py:829} INFO - Processing file /home/airflow/.local/lib/python3.8/site-packages/airflow/example_dags/example_latest_only.py for tasks to queue
[2023-10-11T03:49:39.751+0000] {logging_mixin.py:151} INFO - [2023-10-11T03:49:39.751+0000] {dagbag.py:539} INFO - Filling up the DagBag from /home/airflow/.local/lib/python3.8/site-packages/airflow/example_dags/example_latest_only.py
[2023-10-11T03:49:39.756+0000] {processor.py:839} INFO - DAG(s) dict_keys(['latest_only']) retrieved from /home/airflow/.local/lib/python3.8/site-packages/airflow/example_dags/example_latest_only.py
[2023-10-11T03:49:39.777+0000] {logging_mixin.py:151} INFO - [2023-10-11T03:49:39.777+0000] {dag.py:2915} INFO - Sync 1 DAGs
[2023-10-11T03:49:39.799+0000] {logging_mixin.py:151} INFO - [2023-10-11T03:49:39.798+0000] {dag.py:3696} INFO - Setting next_dagrun for latest_only to 2023-10-10T23:49:39.798042+00:00, run_after=2023-10-11T03:49:39.798042+00:00
[2023-10-11T03:49:39.819+0000] {processor.py:179} INFO - Processing /home/airflow/.local/lib/python3.8/site-packages/airflow/example_dags/example_latest_only.py took 0.076 seconds
[2023-10-11T03:50:09.959+0000] {processor.py:157} INFO - Started process (PID=1275) to work on /home/airflow/.local/lib/python3.8/site-packages/airflow/example_dags/example_latest_only.py
[2023-10-11T03:50:09.960+0000] {processor.py:829} INFO - Processing file /home/airflow/.local/lib/python3.8/site-packages/airflow/example_dags/example_latest_only.py for tasks to queue
[2023-10-11T03:50:09.964+0000] {logging_mixin.py:151} INFO - [2023-10-11T03:50:09.963+0000] {dagbag.py:539} INFO - Filling up the DagBag from /home/airflow/.local/lib/python3.8/site-packages/airflow/example_dags/example_latest_only.py
[2023-10-11T03:50:09.969+0000] {processor.py:839} INFO - DAG(s) dict_keys(['latest_only']) retrieved from /home/airflow/.local/lib/python3.8/site-packages/airflow/example_dags/example_latest_only.py
[2023-10-11T03:50:09.991+0000] {logging_mixin.py:151} INFO - [2023-10-11T03:50:09.991+0000] {dag.py:2915} INFO - Sync 1 DAGs
[2023-10-11T03:50:10.013+0000] {logging_mixin.py:151} INFO - [2023-10-11T03:50:10.013+0000] {dag.py:3696} INFO - Setting next_dagrun for latest_only to 2023-10-10T23:50:10.013272+00:00, run_after=2023-10-11T03:50:10.013272+00:00
[2023-10-11T03:50:10.036+0000] {processor.py:179} INFO - Processing /home/airflow/.local/lib/python3.8/site-packages/airflow/example_dags/example_latest_only.py took 0.080 seconds
[2023-10-11T03:50:40.571+0000] {processor.py:157} INFO - Started process (PID=1332) to work on /home/airflow/.local/lib/python3.8/site-packages/airflow/example_dags/example_latest_only.py
[2023-10-11T03:50:40.573+0000] {processor.py:829} INFO - Processing file /home/airflow/.local/lib/python3.8/site-packages/airflow/example_dags/example_latest_only.py for tasks to queue
[2023-10-11T03:50:40.575+0000] {logging_mixin.py:151} INFO - [2023-10-11T03:50:40.575+0000] {dagbag.py:539} INFO - Filling up the DagBag from /home/airflow/.local/lib/python3.8/site-packages/airflow/example_dags/example_latest_only.py
[2023-10-11T03:50:40.580+0000] {processor.py:839} INFO - DAG(s) dict_keys(['latest_only']) retrieved from /home/airflow/.local/lib/python3.8/site-packages/airflow/example_dags/example_latest_only.py
[2023-10-11T03:50:40.602+0000] {logging_mixin.py:151} INFO - [2023-10-11T03:50:40.601+0000] {dag.py:2915} INFO - Sync 1 DAGs
[2023-10-11T03:50:40.622+0000] {logging_mixin.py:151} INFO - [2023-10-11T03:50:40.621+0000] {dag.py:3696} INFO - Setting next_dagrun for latest_only to 2023-10-10T23:50:40.621658+00:00, run_after=2023-10-11T03:50:40.621658+00:00
[2023-10-11T03:50:40.643+0000] {processor.py:179} INFO - Processing /home/airflow/.local/lib/python3.8/site-packages/airflow/example_dags/example_latest_only.py took 0.075 seconds
[2023-10-11T03:51:11.145+0000] {processor.py:157} INFO - Started process (PID=1389) to work on /home/airflow/.local/lib/python3.8/site-packages/airflow/example_dags/example_latest_only.py
[2023-10-11T03:51:11.147+0000] {processor.py:829} INFO - Processing file /home/airflow/.local/lib/python3.8/site-packages/airflow/example_dags/example_latest_only.py for tasks to queue
[2023-10-11T03:51:11.151+0000] {logging_mixin.py:151} INFO - [2023-10-11T03:51:11.150+0000] {dagbag.py:539} INFO - Filling up the DagBag from /home/airflow/.local/lib/python3.8/site-packages/airflow/example_dags/example_latest_only.py
[2023-10-11T03:51:11.157+0000] {processor.py:839} INFO - DAG(s) dict_keys(['latest_only']) retrieved from /home/airflow/.local/lib/python3.8/site-packages/airflow/example_dags/example_latest_only.py
[2023-10-11T03:51:11.177+0000] {logging_mixin.py:151} INFO - [2023-10-11T03:51:11.177+0000] {dag.py:2915} INFO - Sync 1 DAGs
[2023-10-11T03:51:11.197+0000] {logging_mixin.py:151} INFO - [2023-10-11T03:51:11.197+0000] {dag.py:3696} INFO - Setting next_dagrun for latest_only to 2023-10-10T23:51:11.196800+00:00, run_after=2023-10-11T03:51:11.196800+00:00
[2023-10-11T03:51:11.219+0000] {processor.py:179} INFO - Processing /home/airflow/.local/lib/python3.8/site-packages/airflow/example_dags/example_latest_only.py took 0.076 seconds
[2023-10-11T03:51:41.384+0000] {processor.py:157} INFO - Started process (PID=1446) to work on /home/airflow/.local/lib/python3.8/site-packages/airflow/example_dags/example_latest_only.py
[2023-10-11T03:51:41.386+0000] {processor.py:829} INFO - Processing file /home/airflow/.local/lib/python3.8/site-packages/airflow/example_dags/example_latest_only.py for tasks to queue
[2023-10-11T03:51:41.389+0000] {logging_mixin.py:151} INFO - [2023-10-11T03:51:41.389+0000] {dagbag.py:539} INFO - Filling up the DagBag from /home/airflow/.local/lib/python3.8/site-packages/airflow/example_dags/example_latest_only.py
[2023-10-11T03:51:41.394+0000] {processor.py:839} INFO - DAG(s) dict_keys(['latest_only']) retrieved from /home/airflow/.local/lib/python3.8/site-packages/airflow/example_dags/example_latest_only.py
[2023-10-11T03:51:41.418+0000] {logging_mixin.py:151} INFO - [2023-10-11T03:51:41.417+0000] {dag.py:2915} INFO - Sync 1 DAGs
[2023-10-11T03:51:41.442+0000] {logging_mixin.py:151} INFO - [2023-10-11T03:51:41.442+0000] {dag.py:3696} INFO - Setting next_dagrun for latest_only to 2023-10-10T23:51:41.441912+00:00, run_after=2023-10-11T03:51:41.441912+00:00
[2023-10-11T03:51:41.463+0000] {processor.py:179} INFO - Processing /home/airflow/.local/lib/python3.8/site-packages/airflow/example_dags/example_latest_only.py took 0.083 seconds
[2023-10-11T03:52:11.779+0000] {processor.py:157} INFO - Started process (PID=1503) to work on /home/airflow/.local/lib/python3.8/site-packages/airflow/example_dags/example_latest_only.py
[2023-10-11T03:52:11.781+0000] {processor.py:829} INFO - Processing file /home/airflow/.local/lib/python3.8/site-packages/airflow/example_dags/example_latest_only.py for tasks to queue
[2023-10-11T03:52:11.784+0000] {logging_mixin.py:151} INFO - [2023-10-11T03:52:11.784+0000] {dagbag.py:539} INFO - Filling up the DagBag from /home/airflow/.local/lib/python3.8/site-packages/airflow/example_dags/example_latest_only.py
[2023-10-11T03:52:11.788+0000] {processor.py:839} INFO - DAG(s) dict_keys(['latest_only']) retrieved from /home/airflow/.local/lib/python3.8/site-packages/airflow/example_dags/example_latest_only.py
[2023-10-11T03:52:11.809+0000] {logging_mixin.py:151} INFO - [2023-10-11T03:52:11.809+0000] {dag.py:2915} INFO - Sync 1 DAGs
[2023-10-11T03:52:11.833+0000] {logging_mixin.py:151} INFO - [2023-10-11T03:52:11.832+0000] {dag.py:3696} INFO - Setting next_dagrun for latest_only to 2023-10-10T23:52:11.832359+00:00, run_after=2023-10-11T03:52:11.832359+00:00
[2023-10-11T03:52:11.856+0000] {processor.py:179} INFO - Processing /home/airflow/.local/lib/python3.8/site-packages/airflow/example_dags/example_latest_only.py took 0.080 seconds
[2023-10-11T03:52:42.147+0000] {processor.py:157} INFO - Started process (PID=1560) to work on /home/airflow/.local/lib/python3.8/site-packages/airflow/example_dags/example_latest_only.py
[2023-10-11T03:52:42.148+0000] {processor.py:829} INFO - Processing file /home/airflow/.local/lib/python3.8/site-packages/airflow/example_dags/example_latest_only.py for tasks to queue
[2023-10-11T03:52:42.151+0000] {logging_mixin.py:151} INFO - [2023-10-11T03:52:42.150+0000] {dagbag.py:539} INFO - Filling up the DagBag from /home/airflow/.local/lib/python3.8/site-packages/airflow/example_dags/example_latest_only.py
[2023-10-11T03:52:42.156+0000] {processor.py:839} INFO - DAG(s) dict_keys(['latest_only']) retrieved from /home/airflow/.local/lib/python3.8/site-packages/airflow/example_dags/example_latest_only.py
[2023-10-11T03:52:42.176+0000] {logging_mixin.py:151} INFO - [2023-10-11T03:52:42.176+0000] {dag.py:2915} INFO - Sync 1 DAGs
[2023-10-11T03:52:42.196+0000] {logging_mixin.py:151} INFO - [2023-10-11T03:52:42.196+0000] {dag.py:3696} INFO - Setting next_dagrun for latest_only to 2023-10-10T23:52:42.196331+00:00, run_after=2023-10-11T03:52:42.196331+00:00
[2023-10-11T03:52:42.217+0000] {processor.py:179} INFO - Processing /home/airflow/.local/lib/python3.8/site-packages/airflow/example_dags/example_latest_only.py took 0.074 seconds
[2023-10-11T03:53:12.460+0000] {processor.py:157} INFO - Started process (PID=1617) to work on /home/airflow/.local/lib/python3.8/site-packages/airflow/example_dags/example_latest_only.py
[2023-10-11T03:53:12.462+0000] {processor.py:829} INFO - Processing file /home/airflow/.local/lib/python3.8/site-packages/airflow/example_dags/example_latest_only.py for tasks to queue
[2023-10-11T03:53:12.464+0000] {logging_mixin.py:151} INFO - [2023-10-11T03:53:12.464+0000] {dagbag.py:539} INFO - Filling up the DagBag from /home/airflow/.local/lib/python3.8/site-packages/airflow/example_dags/example_latest_only.py
[2023-10-11T03:53:12.471+0000] {processor.py:839} INFO - DAG(s) dict_keys(['latest_only']) retrieved from /home/airflow/.local/lib/python3.8/site-packages/airflow/example_dags/example_latest_only.py
[2023-10-11T03:53:12.492+0000] {logging_mixin.py:151} INFO - [2023-10-11T03:53:12.492+0000] {dag.py:2915} INFO - Sync 1 DAGs
[2023-10-11T03:53:12.515+0000] {logging_mixin.py:151} INFO - [2023-10-11T03:53:12.515+0000] {dag.py:3696} INFO - Setting next_dagrun for latest_only to 2023-10-10T23:53:12.515085+00:00, run_after=2023-10-11T03:53:12.515085+00:00
[2023-10-11T03:53:12.539+0000] {processor.py:179} INFO - Processing /home/airflow/.local/lib/python3.8/site-packages/airflow/example_dags/example_latest_only.py took 0.081 seconds
[2023-10-11T03:53:42.927+0000] {processor.py:157} INFO - Started process (PID=1674) to work on /home/airflow/.local/lib/python3.8/site-packages/airflow/example_dags/example_latest_only.py
[2023-10-11T03:53:42.929+0000] {processor.py:829} INFO - Processing file /home/airflow/.local/lib/python3.8/site-packages/airflow/example_dags/example_latest_only.py for tasks to queue
[2023-10-11T03:53:42.931+0000] {logging_mixin.py:151} INFO - [2023-10-11T03:53:42.931+0000] {dagbag.py:539} INFO - Filling up the DagBag from /home/airflow/.local/lib/python3.8/site-packages/airflow/example_dags/example_latest_only.py
[2023-10-11T03:53:42.938+0000] {processor.py:839} INFO - DAG(s) dict_keys(['latest_only']) retrieved from /home/airflow/.local/lib/python3.8/site-packages/airflow/example_dags/example_latest_only.py
[2023-10-11T03:53:42.961+0000] {logging_mixin.py:151} INFO - [2023-10-11T03:53:42.961+0000] {dag.py:2915} INFO - Sync 1 DAGs
[2023-10-11T03:53:42.981+0000] {logging_mixin.py:151} INFO - [2023-10-11T03:53:42.981+0000] {dag.py:3696} INFO - Setting next_dagrun for latest_only to 2023-10-10T23:53:42.981117+00:00, run_after=2023-10-11T03:53:42.981117+00:00
[2023-10-11T03:53:43.005+0000] {processor.py:179} INFO - Processing /home/airflow/.local/lib/python3.8/site-packages/airflow/example_dags/example_latest_only.py took 0.080 seconds
[2023-10-11T03:54:13.986+0000] {processor.py:157} INFO - Started process (PID=1731) to work on /home/airflow/.local/lib/python3.8/site-packages/airflow/example_dags/example_latest_only.py
[2023-10-11T03:54:13.988+0000] {processor.py:829} INFO - Processing file /home/airflow/.local/lib/python3.8/site-packages/airflow/example_dags/example_latest_only.py for tasks to queue
[2023-10-11T03:54:13.990+0000] {logging_mixin.py:151} INFO - [2023-10-11T03:54:13.990+0000] {dagbag.py:539} INFO - Filling up the DagBag from /home/airflow/.local/lib/python3.8/site-packages/airflow/example_dags/example_latest_only.py
[2023-10-11T03:54:13.996+0000] {processor.py:839} INFO - DAG(s) dict_keys(['latest_only']) retrieved from /home/airflow/.local/lib/python3.8/site-packages/airflow/example_dags/example_latest_only.py
[2023-10-11T03:54:14.019+0000] {logging_mixin.py:151} INFO - [2023-10-11T03:54:14.019+0000] {dag.py:2915} INFO - Sync 1 DAGs
[2023-10-11T03:54:14.040+0000] {logging_mixin.py:151} INFO - [2023-10-11T03:54:14.040+0000] {dag.py:3696} INFO - Setting next_dagrun for latest_only to 2023-10-10T23:54:14.039868+00:00, run_after=2023-10-11T03:54:14.039868+00:00
[2023-10-11T03:54:14.060+0000] {processor.py:179} INFO - Processing /home/airflow/.local/lib/python3.8/site-packages/airflow/example_dags/example_latest_only.py took 0.077 seconds
[2023-10-11T03:54:44.187+0000] {processor.py:157} INFO - Started process (PID=1788) to work on /home/airflow/.local/lib/python3.8/site-packages/airflow/example_dags/example_latest_only.py
[2023-10-11T03:54:44.188+0000] {processor.py:829} INFO - Processing file /home/airflow/.local/lib/python3.8/site-packages/airflow/example_dags/example_latest_only.py for tasks to queue
[2023-10-11T03:54:44.191+0000] {logging_mixin.py:151} INFO - [2023-10-11T03:54:44.191+0000] {dagbag.py:539} INFO - Filling up the DagBag from /home/airflow/.local/lib/python3.8/site-packages/airflow/example_dags/example_latest_only.py
[2023-10-11T03:54:44.196+0000] {processor.py:839} INFO - DAG(s) dict_keys(['latest_only']) retrieved from /home/airflow/.local/lib/python3.8/site-packages/airflow/example_dags/example_latest_only.py
[2023-10-11T03:54:44.216+0000] {logging_mixin.py:151} INFO - [2023-10-11T03:54:44.216+0000] {dag.py:2915} INFO - Sync 1 DAGs
[2023-10-11T03:54:44.234+0000] {logging_mixin.py:151} INFO - [2023-10-11T03:54:44.234+0000] {dag.py:3696} INFO - Setting next_dagrun for latest_only to 2023-10-10T23:54:44.234349+00:00, run_after=2023-10-11T03:54:44.234349+00:00
[2023-10-11T03:54:44.256+0000] {processor.py:179} INFO - Processing /home/airflow/.local/lib/python3.8/site-packages/airflow/example_dags/example_latest_only.py took 0.071 seconds
[2023-10-11T03:55:14.831+0000] {processor.py:157} INFO - Started process (PID=1845) to work on /home/airflow/.local/lib/python3.8/site-packages/airflow/example_dags/example_latest_only.py
[2023-10-11T03:55:14.832+0000] {processor.py:829} INFO - Processing file /home/airflow/.local/lib/python3.8/site-packages/airflow/example_dags/example_latest_only.py for tasks to queue
[2023-10-11T03:55:14.835+0000] {logging_mixin.py:151} INFO - [2023-10-11T03:55:14.834+0000] {dagbag.py:539} INFO - Filling up the DagBag from /home/airflow/.local/lib/python3.8/site-packages/airflow/example_dags/example_latest_only.py
[2023-10-11T03:55:14.840+0000] {processor.py:839} INFO - DAG(s) dict_keys(['latest_only']) retrieved from /home/airflow/.local/lib/python3.8/site-packages/airflow/example_dags/example_latest_only.py
[2023-10-11T03:55:14.861+0000] {logging_mixin.py:151} INFO - [2023-10-11T03:55:14.861+0000] {dag.py:2915} INFO - Sync 1 DAGs
[2023-10-11T03:55:14.883+0000] {logging_mixin.py:151} INFO - [2023-10-11T03:55:14.883+0000] {dag.py:3696} INFO - Setting next_dagrun for latest_only to 2023-10-10T23:55:14.882879+00:00, run_after=2023-10-11T03:55:14.882879+00:00
[2023-10-11T03:55:14.901+0000] {processor.py:179} INFO - Processing /home/airflow/.local/lib/python3.8/site-packages/airflow/example_dags/example_latest_only.py took 0.073 seconds
[2023-10-11T03:55:45.091+0000] {processor.py:157} INFO - Started process (PID=1902) to work on /home/airflow/.local/lib/python3.8/site-packages/airflow/example_dags/example_latest_only.py
[2023-10-11T03:55:45.092+0000] {processor.py:829} INFO - Processing file /home/airflow/.local/lib/python3.8/site-packages/airflow/example_dags/example_latest_only.py for tasks to queue
[2023-10-11T03:55:45.095+0000] {logging_mixin.py:151} INFO - [2023-10-11T03:55:45.094+0000] {dagbag.py:539} INFO - Filling up the DagBag from /home/airflow/.local/lib/python3.8/site-packages/airflow/example_dags/example_latest_only.py
[2023-10-11T03:55:45.099+0000] {processor.py:839} INFO - DAG(s) dict_keys(['latest_only']) retrieved from /home/airflow/.local/lib/python3.8/site-packages/airflow/example_dags/example_latest_only.py
[2023-10-11T03:55:45.118+0000] {logging_mixin.py:151} INFO - [2023-10-11T03:55:45.118+0000] {dag.py:2915} INFO - Sync 1 DAGs
[2023-10-11T03:55:45.138+0000] {logging_mixin.py:151} INFO - [2023-10-11T03:55:45.138+0000] {dag.py:3696} INFO - Setting next_dagrun for latest_only to 2023-10-10T23:55:45.137946+00:00, run_after=2023-10-11T03:55:45.137946+00:00
[2023-10-11T03:55:45.156+0000] {processor.py:179} INFO - Processing /home/airflow/.local/lib/python3.8/site-packages/airflow/example_dags/example_latest_only.py took 0.068 seconds
[2023-10-11T03:56:15.903+0000] {processor.py:157} INFO - Started process (PID=1959) to work on /home/airflow/.local/lib/python3.8/site-packages/airflow/example_dags/example_latest_only.py
[2023-10-11T03:56:15.904+0000] {processor.py:829} INFO - Processing file /home/airflow/.local/lib/python3.8/site-packages/airflow/example_dags/example_latest_only.py for tasks to queue
[2023-10-11T03:56:15.907+0000] {logging_mixin.py:151} INFO - [2023-10-11T03:56:15.907+0000] {dagbag.py:539} INFO - Filling up the DagBag from /home/airflow/.local/lib/python3.8/site-packages/airflow/example_dags/example_latest_only.py
[2023-10-11T03:56:15.913+0000] {processor.py:839} INFO - DAG(s) dict_keys(['latest_only']) retrieved from /home/airflow/.local/lib/python3.8/site-packages/airflow/example_dags/example_latest_only.py
[2023-10-11T03:56:15.937+0000] {logging_mixin.py:151} INFO - [2023-10-11T03:56:15.937+0000] {dag.py:2915} INFO - Sync 1 DAGs
[2023-10-11T03:56:15.961+0000] {logging_mixin.py:151} INFO - [2023-10-11T03:56:15.961+0000] {dag.py:3696} INFO - Setting next_dagrun for latest_only to 2023-10-10T23:56:15.960782+00:00, run_after=2023-10-11T03:56:15.960782+00:00
[2023-10-11T03:56:15.985+0000] {processor.py:179} INFO - Processing /home/airflow/.local/lib/python3.8/site-packages/airflow/example_dags/example_latest_only.py took 0.085 seconds
[2023-10-11T03:56:46.197+0000] {processor.py:157} INFO - Started process (PID=2016) to work on /home/airflow/.local/lib/python3.8/site-packages/airflow/example_dags/example_latest_only.py
[2023-10-11T03:56:46.199+0000] {processor.py:829} INFO - Processing file /home/airflow/.local/lib/python3.8/site-packages/airflow/example_dags/example_latest_only.py for tasks to queue
[2023-10-11T03:56:46.201+0000] {logging_mixin.py:151} INFO - [2023-10-11T03:56:46.201+0000] {dagbag.py:539} INFO - Filling up the DagBag from /home/airflow/.local/lib/python3.8/site-packages/airflow/example_dags/example_latest_only.py
[2023-10-11T03:56:46.207+0000] {processor.py:839} INFO - DAG(s) dict_keys(['latest_only']) retrieved from /home/airflow/.local/lib/python3.8/site-packages/airflow/example_dags/example_latest_only.py
[2023-10-11T03:56:46.230+0000] {logging_mixin.py:151} INFO - [2023-10-11T03:56:46.230+0000] {dag.py:2915} INFO - Sync 1 DAGs
[2023-10-11T03:56:46.249+0000] {logging_mixin.py:151} INFO - [2023-10-11T03:56:46.249+0000] {dag.py:3696} INFO - Setting next_dagrun for latest_only to 2023-10-10T23:56:46.249442+00:00, run_after=2023-10-11T03:56:46.249442+00:00
[2023-10-11T03:56:46.270+0000] {processor.py:179} INFO - Processing /home/airflow/.local/lib/python3.8/site-packages/airflow/example_dags/example_latest_only.py took 0.075 seconds
[2023-10-11T03:57:16.530+0000] {processor.py:157} INFO - Started process (PID=2073) to work on /home/airflow/.local/lib/python3.8/site-packages/airflow/example_dags/example_latest_only.py
[2023-10-11T03:57:16.532+0000] {processor.py:829} INFO - Processing file /home/airflow/.local/lib/python3.8/site-packages/airflow/example_dags/example_latest_only.py for tasks to queue
[2023-10-11T03:57:16.537+0000] {logging_mixin.py:151} INFO - [2023-10-11T03:57:16.536+0000] {dagbag.py:539} INFO - Filling up the DagBag from /home/airflow/.local/lib/python3.8/site-packages/airflow/example_dags/example_latest_only.py
[2023-10-11T03:57:16.547+0000] {processor.py:839} INFO - DAG(s) dict_keys(['latest_only']) retrieved from /home/airflow/.local/lib/python3.8/site-packages/airflow/example_dags/example_latest_only.py
[2023-10-11T03:57:16.590+0000] {logging_mixin.py:151} INFO - [2023-10-11T03:57:16.589+0000] {dag.py:2915} INFO - Sync 1 DAGs
[2023-10-11T03:57:16.623+0000] {logging_mixin.py:151} INFO - [2023-10-11T03:57:16.622+0000] {dag.py:3696} INFO - Setting next_dagrun for latest_only to 2023-10-10T23:57:16.622076+00:00, run_after=2023-10-11T03:57:16.622076+00:00
[2023-10-11T03:57:16.665+0000] {processor.py:179} INFO - Processing /home/airflow/.local/lib/python3.8/site-packages/airflow/example_dags/example_latest_only.py took 0.140 seconds
[2023-10-11T03:57:47.282+0000] {processor.py:157} INFO - Started process (PID=2130) to work on /home/airflow/.local/lib/python3.8/site-packages/airflow/example_dags/example_latest_only.py
[2023-10-11T03:57:47.283+0000] {processor.py:829} INFO - Processing file /home/airflow/.local/lib/python3.8/site-packages/airflow/example_dags/example_latest_only.py for tasks to queue
[2023-10-11T03:57:47.286+0000] {logging_mixin.py:151} INFO - [2023-10-11T03:57:47.285+0000] {dagbag.py:539} INFO - Filling up the DagBag from /home/airflow/.local/lib/python3.8/site-packages/airflow/example_dags/example_latest_only.py
[2023-10-11T03:57:47.291+0000] {processor.py:839} INFO - DAG(s) dict_keys(['latest_only']) retrieved from /home/airflow/.local/lib/python3.8/site-packages/airflow/example_dags/example_latest_only.py
[2023-10-11T03:57:47.313+0000] {logging_mixin.py:151} INFO - [2023-10-11T03:57:47.312+0000] {dag.py:2915} INFO - Sync 1 DAGs
[2023-10-11T03:57:47.331+0000] {logging_mixin.py:151} INFO - [2023-10-11T03:57:47.331+0000] {dag.py:3696} INFO - Setting next_dagrun for latest_only to 2023-10-10T23:57:47.331164+00:00, run_after=2023-10-11T03:57:47.331164+00:00
[2023-10-11T03:57:47.351+0000] {processor.py:179} INFO - Processing /home/airflow/.local/lib/python3.8/site-packages/airflow/example_dags/example_latest_only.py took 0.072 seconds
[2023-10-11T03:58:17.595+0000] {processor.py:157} INFO - Started process (PID=2187) to work on /home/airflow/.local/lib/python3.8/site-packages/airflow/example_dags/example_latest_only.py
[2023-10-11T03:58:17.597+0000] {processor.py:829} INFO - Processing file /home/airflow/.local/lib/python3.8/site-packages/airflow/example_dags/example_latest_only.py for tasks to queue
[2023-10-11T03:58:17.599+0000] {logging_mixin.py:151} INFO - [2023-10-11T03:58:17.599+0000] {dagbag.py:539} INFO - Filling up the DagBag from /home/airflow/.local/lib/python3.8/site-packages/airflow/example_dags/example_latest_only.py
[2023-10-11T03:58:17.604+0000] {processor.py:839} INFO - DAG(s) dict_keys(['latest_only']) retrieved from /home/airflow/.local/lib/python3.8/site-packages/airflow/example_dags/example_latest_only.py
[2023-10-11T03:58:17.625+0000] {logging_mixin.py:151} INFO - [2023-10-11T03:58:17.625+0000] {dag.py:2915} INFO - Sync 1 DAGs
[2023-10-11T03:58:17.644+0000] {logging_mixin.py:151} INFO - [2023-10-11T03:58:17.644+0000] {dag.py:3696} INFO - Setting next_dagrun for latest_only to 2023-10-10T23:58:17.643823+00:00, run_after=2023-10-11T03:58:17.643823+00:00
[2023-10-11T03:58:17.664+0000] {processor.py:179} INFO - Processing /home/airflow/.local/lib/python3.8/site-packages/airflow/example_dags/example_latest_only.py took 0.072 seconds
[2023-10-11T03:58:47.858+0000] {processor.py:157} INFO - Started process (PID=2244) to work on /home/airflow/.local/lib/python3.8/site-packages/airflow/example_dags/example_latest_only.py
[2023-10-11T03:58:47.859+0000] {processor.py:829} INFO - Processing file /home/airflow/.local/lib/python3.8/site-packages/airflow/example_dags/example_latest_only.py for tasks to queue
[2023-10-11T03:58:47.862+0000] {logging_mixin.py:151} INFO - [2023-10-11T03:58:47.862+0000] {dagbag.py:539} INFO - Filling up the DagBag from /home/airflow/.local/lib/python3.8/site-packages/airflow/example_dags/example_latest_only.py
[2023-10-11T03:58:47.867+0000] {processor.py:839} INFO - DAG(s) dict_keys(['latest_only']) retrieved from /home/airflow/.local/lib/python3.8/site-packages/airflow/example_dags/example_latest_only.py
[2023-10-11T03:58:47.886+0000] {logging_mixin.py:151} INFO - [2023-10-11T03:58:47.886+0000] {dag.py:2915} INFO - Sync 1 DAGs
[2023-10-11T03:58:47.905+0000] {logging_mixin.py:151} INFO - [2023-10-11T03:58:47.905+0000] {dag.py:3696} INFO - Setting next_dagrun for latest_only to 2023-10-10T23:58:47.904951+00:00, run_after=2023-10-11T03:58:47.904951+00:00
[2023-10-11T03:58:47.925+0000] {processor.py:179} INFO - Processing /home/airflow/.local/lib/python3.8/site-packages/airflow/example_dags/example_latest_only.py took 0.069 seconds
[2023-10-11T03:59:18.433+0000] {processor.py:157} INFO - Started process (PID=2301) to work on /home/airflow/.local/lib/python3.8/site-packages/airflow/example_dags/example_latest_only.py
[2023-10-11T03:59:18.434+0000] {processor.py:829} INFO - Processing file /home/airflow/.local/lib/python3.8/site-packages/airflow/example_dags/example_latest_only.py for tasks to queue
[2023-10-11T03:59:18.436+0000] {logging_mixin.py:151} INFO - [2023-10-11T03:59:18.436+0000] {dagbag.py:539} INFO - Filling up the DagBag from /home/airflow/.local/lib/python3.8/site-packages/airflow/example_dags/example_latest_only.py
[2023-10-11T03:59:18.443+0000] {processor.py:839} INFO - DAG(s) dict_keys(['latest_only']) retrieved from /home/airflow/.local/lib/python3.8/site-packages/airflow/example_dags/example_latest_only.py
[2023-10-11T03:59:18.466+0000] {logging_mixin.py:151} INFO - [2023-10-11T03:59:18.465+0000] {dag.py:2915} INFO - Sync 1 DAGs
[2023-10-11T03:59:18.483+0000] {logging_mixin.py:151} INFO - [2023-10-11T03:59:18.483+0000] {dag.py:3696} INFO - Setting next_dagrun for latest_only to 2023-10-10T23:59:18.483552+00:00, run_after=2023-10-11T03:59:18.483552+00:00
[2023-10-11T03:59:18.504+0000] {processor.py:179} INFO - Processing /home/airflow/.local/lib/python3.8/site-packages/airflow/example_dags/example_latest_only.py took 0.074 seconds
[2023-10-11T03:59:48.857+0000] {processor.py:157} INFO - Started process (PID=2358) to work on /home/airflow/.local/lib/python3.8/site-packages/airflow/example_dags/example_latest_only.py
[2023-10-11T03:59:48.859+0000] {processor.py:829} INFO - Processing file /home/airflow/.local/lib/python3.8/site-packages/airflow/example_dags/example_latest_only.py for tasks to queue
[2023-10-11T03:59:48.861+0000] {logging_mixin.py:151} INFO - [2023-10-11T03:59:48.861+0000] {dagbag.py:539} INFO - Filling up the DagBag from /home/airflow/.local/lib/python3.8/site-packages/airflow/example_dags/example_latest_only.py
[2023-10-11T03:59:48.867+0000] {processor.py:839} INFO - DAG(s) dict_keys(['latest_only']) retrieved from /home/airflow/.local/lib/python3.8/site-packages/airflow/example_dags/example_latest_only.py
[2023-10-11T03:59:48.890+0000] {logging_mixin.py:151} INFO - [2023-10-11T03:59:48.890+0000] {dag.py:2915} INFO - Sync 1 DAGs
[2023-10-11T03:59:48.911+0000] {logging_mixin.py:151} INFO - [2023-10-11T03:59:48.911+0000] {dag.py:3696} INFO - Setting next_dagrun for latest_only to 2023-10-10T23:59:48.911008+00:00, run_after=2023-10-11T03:59:48.911008+00:00
[2023-10-11T03:59:48.932+0000] {processor.py:179} INFO - Processing /home/airflow/.local/lib/python3.8/site-packages/airflow/example_dags/example_latest_only.py took 0.078 seconds
[2023-10-11T04:00:19.323+0000] {processor.py:157} INFO - Started process (PID=2415) to work on /home/airflow/.local/lib/python3.8/site-packages/airflow/example_dags/example_latest_only.py
[2023-10-11T04:00:19.325+0000] {processor.py:829} INFO - Processing file /home/airflow/.local/lib/python3.8/site-packages/airflow/example_dags/example_latest_only.py for tasks to queue
[2023-10-11T04:00:19.327+0000] {logging_mixin.py:151} INFO - [2023-10-11T04:00:19.327+0000] {dagbag.py:539} INFO - Filling up the DagBag from /home/airflow/.local/lib/python3.8/site-packages/airflow/example_dags/example_latest_only.py
[2023-10-11T04:00:19.333+0000] {processor.py:839} INFO - DAG(s) dict_keys(['latest_only']) retrieved from /home/airflow/.local/lib/python3.8/site-packages/airflow/example_dags/example_latest_only.py
[2023-10-11T04:00:19.355+0000] {logging_mixin.py:151} INFO - [2023-10-11T04:00:19.355+0000] {dag.py:2915} INFO - Sync 1 DAGs
[2023-10-11T04:00:19.374+0000] {logging_mixin.py:151} INFO - [2023-10-11T04:00:19.374+0000] {dag.py:3696} INFO - Setting next_dagrun for latest_only to 2023-10-11T00:00:19.374197+00:00, run_after=2023-10-11T04:00:19.374197+00:00
[2023-10-11T04:00:19.396+0000] {processor.py:179} INFO - Processing /home/airflow/.local/lib/python3.8/site-packages/airflow/example_dags/example_latest_only.py took 0.076 seconds
[2023-10-11T04:00:49.629+0000] {processor.py:157} INFO - Started process (PID=2472) to work on /home/airflow/.local/lib/python3.8/site-packages/airflow/example_dags/example_latest_only.py
[2023-10-11T04:00:49.631+0000] {processor.py:829} INFO - Processing file /home/airflow/.local/lib/python3.8/site-packages/airflow/example_dags/example_latest_only.py for tasks to queue
[2023-10-11T04:00:49.634+0000] {logging_mixin.py:151} INFO - [2023-10-11T04:00:49.634+0000] {dagbag.py:539} INFO - Filling up the DagBag from /home/airflow/.local/lib/python3.8/site-packages/airflow/example_dags/example_latest_only.py
[2023-10-11T04:00:49.639+0000] {processor.py:839} INFO - DAG(s) dict_keys(['latest_only']) retrieved from /home/airflow/.local/lib/python3.8/site-packages/airflow/example_dags/example_latest_only.py
[2023-10-11T04:00:49.661+0000] {logging_mixin.py:151} INFO - [2023-10-11T04:00:49.660+0000] {dag.py:2915} INFO - Sync 1 DAGs
[2023-10-11T04:00:49.696+0000] {logging_mixin.py:151} INFO - [2023-10-11T04:00:49.695+0000] {dag.py:3696} INFO - Setting next_dagrun for latest_only to 2023-10-11T00:00:49.695392+00:00, run_after=2023-10-11T04:00:49.695392+00:00
[2023-10-11T04:00:49.719+0000] {processor.py:179} INFO - Processing /home/airflow/.local/lib/python3.8/site-packages/airflow/example_dags/example_latest_only.py took 0.092 seconds
[2023-10-11T04:01:20.185+0000] {processor.py:157} INFO - Started process (PID=2529) to work on /home/airflow/.local/lib/python3.8/site-packages/airflow/example_dags/example_latest_only.py
[2023-10-11T04:01:20.187+0000] {processor.py:829} INFO - Processing file /home/airflow/.local/lib/python3.8/site-packages/airflow/example_dags/example_latest_only.py for tasks to queue
[2023-10-11T04:01:20.190+0000] {logging_mixin.py:151} INFO - [2023-10-11T04:01:20.190+0000] {dagbag.py:539} INFO - Filling up the DagBag from /home/airflow/.local/lib/python3.8/site-packages/airflow/example_dags/example_latest_only.py
[2023-10-11T04:01:20.196+0000] {processor.py:839} INFO - DAG(s) dict_keys(['latest_only']) retrieved from /home/airflow/.local/lib/python3.8/site-packages/airflow/example_dags/example_latest_only.py
[2023-10-11T04:01:20.217+0000] {logging_mixin.py:151} INFO - [2023-10-11T04:01:20.217+0000] {dag.py:2915} INFO - Sync 1 DAGs
[2023-10-11T04:01:20.236+0000] {logging_mixin.py:151} INFO - [2023-10-11T04:01:20.235+0000] {dag.py:3696} INFO - Setting next_dagrun for latest_only to 2023-10-11T00:01:20.235798+00:00, run_after=2023-10-11T04:01:20.235798+00:00
[2023-10-11T04:01:20.255+0000] {processor.py:179} INFO - Processing /home/airflow/.local/lib/python3.8/site-packages/airflow/example_dags/example_latest_only.py took 0.073 seconds
[2023-10-11T04:01:51.261+0000] {processor.py:157} INFO - Started process (PID=2586) to work on /home/airflow/.local/lib/python3.8/site-packages/airflow/example_dags/example_latest_only.py
[2023-10-11T04:01:51.263+0000] {processor.py:829} INFO - Processing file /home/airflow/.local/lib/python3.8/site-packages/airflow/example_dags/example_latest_only.py for tasks to queue
[2023-10-11T04:01:51.266+0000] {logging_mixin.py:151} INFO - [2023-10-11T04:01:51.266+0000] {dagbag.py:539} INFO - Filling up the DagBag from /home/airflow/.local/lib/python3.8/site-packages/airflow/example_dags/example_latest_only.py
[2023-10-11T04:01:51.272+0000] {processor.py:839} INFO - DAG(s) dict_keys(['latest_only']) retrieved from /home/airflow/.local/lib/python3.8/site-packages/airflow/example_dags/example_latest_only.py
[2023-10-11T04:01:51.293+0000] {logging_mixin.py:151} INFO - [2023-10-11T04:01:51.293+0000] {dag.py:2915} INFO - Sync 1 DAGs
[2023-10-11T04:01:51.312+0000] {logging_mixin.py:151} INFO - [2023-10-11T04:01:51.312+0000] {dag.py:3696} INFO - Setting next_dagrun for latest_only to 2023-10-11T00:01:51.312239+00:00, run_after=2023-10-11T04:01:51.312239+00:00
[2023-10-11T04:01:51.334+0000] {processor.py:179} INFO - Processing /home/airflow/.local/lib/python3.8/site-packages/airflow/example_dags/example_latest_only.py took 0.077 seconds
[2023-10-11T04:02:21.929+0000] {processor.py:157} INFO - Started process (PID=2643) to work on /home/airflow/.local/lib/python3.8/site-packages/airflow/example_dags/example_latest_only.py
[2023-10-11T04:02:21.930+0000] {processor.py:829} INFO - Processing file /home/airflow/.local/lib/python3.8/site-packages/airflow/example_dags/example_latest_only.py for tasks to queue
[2023-10-11T04:02:21.932+0000] {logging_mixin.py:151} INFO - [2023-10-11T04:02:21.932+0000] {dagbag.py:539} INFO - Filling up the DagBag from /home/airflow/.local/lib/python3.8/site-packages/airflow/example_dags/example_latest_only.py
[2023-10-11T04:02:21.940+0000] {processor.py:839} INFO - DAG(s) dict_keys(['latest_only']) retrieved from /home/airflow/.local/lib/python3.8/site-packages/airflow/example_dags/example_latest_only.py
[2023-10-11T04:02:21.968+0000] {logging_mixin.py:151} INFO - [2023-10-11T04:02:21.967+0000] {dag.py:2915} INFO - Sync 1 DAGs
[2023-10-11T04:02:21.988+0000] {logging_mixin.py:151} INFO - [2023-10-11T04:02:21.988+0000] {dag.py:3696} INFO - Setting next_dagrun for latest_only to 2023-10-11T00:02:21.988427+00:00, run_after=2023-10-11T04:02:21.988427+00:00
[2023-10-11T04:02:22.011+0000] {processor.py:179} INFO - Processing /home/airflow/.local/lib/python3.8/site-packages/airflow/example_dags/example_latest_only.py took 0.085 seconds
[2023-10-11T04:02:52.072+0000] {processor.py:157} INFO - Started process (PID=2700) to work on /home/airflow/.local/lib/python3.8/site-packages/airflow/example_dags/example_latest_only.py
[2023-10-11T04:02:52.073+0000] {processor.py:829} INFO - Processing file /home/airflow/.local/lib/python3.8/site-packages/airflow/example_dags/example_latest_only.py for tasks to queue
[2023-10-11T04:02:52.076+0000] {logging_mixin.py:151} INFO - [2023-10-11T04:02:52.076+0000] {dagbag.py:539} INFO - Filling up the DagBag from /home/airflow/.local/lib/python3.8/site-packages/airflow/example_dags/example_latest_only.py
[2023-10-11T04:02:52.082+0000] {processor.py:839} INFO - DAG(s) dict_keys(['latest_only']) retrieved from /home/airflow/.local/lib/python3.8/site-packages/airflow/example_dags/example_latest_only.py
[2023-10-11T04:02:52.106+0000] {logging_mixin.py:151} INFO - [2023-10-11T04:02:52.106+0000] {dag.py:2915} INFO - Sync 1 DAGs
[2023-10-11T04:02:52.125+0000] {logging_mixin.py:151} INFO - [2023-10-11T04:02:52.125+0000] {dag.py:3696} INFO - Setting next_dagrun for latest_only to 2023-10-11T00:02:52.125411+00:00, run_after=2023-10-11T04:02:52.125411+00:00
[2023-10-11T04:02:52.146+0000] {processor.py:179} INFO - Processing /home/airflow/.local/lib/python3.8/site-packages/airflow/example_dags/example_latest_only.py took 0.077 seconds
[2023-10-11T04:03:22.268+0000] {processor.py:157} INFO - Started process (PID=2757) to work on /home/airflow/.local/lib/python3.8/site-packages/airflow/example_dags/example_latest_only.py
[2023-10-11T04:03:22.270+0000] {processor.py:829} INFO - Processing file /home/airflow/.local/lib/python3.8/site-packages/airflow/example_dags/example_latest_only.py for tasks to queue
[2023-10-11T04:03:22.273+0000] {logging_mixin.py:151} INFO - [2023-10-11T04:03:22.273+0000] {dagbag.py:539} INFO - Filling up the DagBag from /home/airflow/.local/lib/python3.8/site-packages/airflow/example_dags/example_latest_only.py
[2023-10-11T04:03:22.278+0000] {processor.py:839} INFO - DAG(s) dict_keys(['latest_only']) retrieved from /home/airflow/.local/lib/python3.8/site-packages/airflow/example_dags/example_latest_only.py
[2023-10-11T04:03:22.303+0000] {logging_mixin.py:151} INFO - [2023-10-11T04:03:22.303+0000] {dag.py:2915} INFO - Sync 1 DAGs
[2023-10-11T04:03:22.321+0000] {logging_mixin.py:151} INFO - [2023-10-11T04:03:22.321+0000] {dag.py:3696} INFO - Setting next_dagrun for latest_only to 2023-10-11T00:03:22.321466+00:00, run_after=2023-10-11T04:03:22.321466+00:00
[2023-10-11T04:03:22.341+0000] {processor.py:179} INFO - Processing /home/airflow/.local/lib/python3.8/site-packages/airflow/example_dags/example_latest_only.py took 0.078 seconds
[2023-10-11T04:03:52.845+0000] {processor.py:157} INFO - Started process (PID=2816) to work on /home/airflow/.local/lib/python3.8/site-packages/airflow/example_dags/example_latest_only.py
[2023-10-11T04:03:52.847+0000] {processor.py:829} INFO - Processing file /home/airflow/.local/lib/python3.8/site-packages/airflow/example_dags/example_latest_only.py for tasks to queue
[2023-10-11T04:03:52.850+0000] {logging_mixin.py:151} INFO - [2023-10-11T04:03:52.850+0000] {dagbag.py:539} INFO - Filling up the DagBag from /home/airflow/.local/lib/python3.8/site-packages/airflow/example_dags/example_latest_only.py
[2023-10-11T04:03:52.856+0000] {processor.py:839} INFO - DAG(s) dict_keys(['latest_only']) retrieved from /home/airflow/.local/lib/python3.8/site-packages/airflow/example_dags/example_latest_only.py
[2023-10-11T04:03:52.880+0000] {logging_mixin.py:151} INFO - [2023-10-11T04:03:52.880+0000] {dag.py:2915} INFO - Sync 1 DAGs
[2023-10-11T04:03:52.898+0000] {logging_mixin.py:151} INFO - [2023-10-11T04:03:52.898+0000] {dag.py:3696} INFO - Setting next_dagrun for latest_only to 2023-10-11T00:03:52.898303+00:00, run_after=2023-10-11T04:03:52.898303+00:00
[2023-10-11T04:03:52.921+0000] {processor.py:179} INFO - Processing /home/airflow/.local/lib/python3.8/site-packages/airflow/example_dags/example_latest_only.py took 0.080 seconds
[2023-10-11T04:04:23.023+0000] {processor.py:157} INFO - Started process (PID=2882) to work on /home/airflow/.local/lib/python3.8/site-packages/airflow/example_dags/example_latest_only.py
[2023-10-11T04:04:23.024+0000] {processor.py:829} INFO - Processing file /home/airflow/.local/lib/python3.8/site-packages/airflow/example_dags/example_latest_only.py for tasks to queue
[2023-10-11T04:04:23.026+0000] {logging_mixin.py:151} INFO - [2023-10-11T04:04:23.026+0000] {dagbag.py:539} INFO - Filling up the DagBag from /home/airflow/.local/lib/python3.8/site-packages/airflow/example_dags/example_latest_only.py
[2023-10-11T04:04:23.032+0000] {processor.py:839} INFO - DAG(s) dict_keys(['latest_only']) retrieved from /home/airflow/.local/lib/python3.8/site-packages/airflow/example_dags/example_latest_only.py
[2023-10-11T04:04:23.054+0000] {logging_mixin.py:151} INFO - [2023-10-11T04:04:23.054+0000] {dag.py:2915} INFO - Sync 1 DAGs
[2023-10-11T04:04:23.076+0000] {logging_mixin.py:151} INFO - [2023-10-11T04:04:23.076+0000] {dag.py:3696} INFO - Setting next_dagrun for latest_only to 2023-10-11T00:04:23.076023+00:00, run_after=2023-10-11T04:04:23.076023+00:00
[2023-10-11T04:04:23.097+0000] {processor.py:179} INFO - Processing /home/airflow/.local/lib/python3.8/site-packages/airflow/example_dags/example_latest_only.py took 0.077 seconds
