[2023-10-11T03:39:27.194+0000] {processor.py:157} INFO - Started process (PID=55) to work on /home/airflow/.local/lib/python3.8/site-packages/airflow/example_dags/example_setup_teardown_taskflow.py
[2023-10-11T03:39:27.197+0000] {processor.py:829} INFO - Processing file /home/airflow/.local/lib/python3.8/site-packages/airflow/example_dags/example_setup_teardown_taskflow.py for tasks to queue
[2023-10-11T03:39:27.201+0000] {logging_mixin.py:151} INFO - [2023-10-11T03:39:27.201+0000] {dagbag.py:539} INFO - Filling up the DagBag from /home/airflow/.local/lib/python3.8/site-packages/airflow/example_dags/example_setup_teardown_taskflow.py
[2023-10-11T03:39:27.213+0000] {processor.py:839} INFO - DAG(s) dict_keys(['example_setup_teardown_taskflow']) retrieved from /home/airflow/.local/lib/python3.8/site-packages/airflow/example_dags/example_setup_teardown_taskflow.py
[2023-10-11T03:39:27.235+0000] {logging_mixin.py:151} INFO - [2023-10-11T03:39:27.235+0000] {dag.py:2915} INFO - Sync 1 DAGs
[2023-10-11T03:39:27.265+0000] {logging_mixin.py:151} INFO - [2023-10-11T03:39:27.264+0000] {dag.py:3696} INFO - Setting next_dagrun for example_setup_teardown_taskflow to 2023-10-10T03:39:27.264336+00:00, run_after=2023-10-11T03:39:27.264336+00:00
[2023-10-11T03:39:27.295+0000] {processor.py:179} INFO - Processing /home/airflow/.local/lib/python3.8/site-packages/airflow/example_dags/example_setup_teardown_taskflow.py took 0.104 seconds
[2023-10-11T03:39:57.451+0000] {processor.py:157} INFO - Started process (PID=112) to work on /home/airflow/.local/lib/python3.8/site-packages/airflow/example_dags/example_setup_teardown_taskflow.py
[2023-10-11T03:39:57.453+0000] {processor.py:829} INFO - Processing file /home/airflow/.local/lib/python3.8/site-packages/airflow/example_dags/example_setup_teardown_taskflow.py for tasks to queue
[2023-10-11T03:39:57.456+0000] {logging_mixin.py:151} INFO - [2023-10-11T03:39:57.456+0000] {dagbag.py:539} INFO - Filling up the DagBag from /home/airflow/.local/lib/python3.8/site-packages/airflow/example_dags/example_setup_teardown_taskflow.py
[2023-10-11T03:39:57.464+0000] {processor.py:839} INFO - DAG(s) dict_keys(['example_setup_teardown_taskflow']) retrieved from /home/airflow/.local/lib/python3.8/site-packages/airflow/example_dags/example_setup_teardown_taskflow.py
[2023-10-11T03:39:57.488+0000] {logging_mixin.py:151} INFO - [2023-10-11T03:39:57.488+0000] {dag.py:2915} INFO - Sync 1 DAGs
[2023-10-11T03:39:57.510+0000] {logging_mixin.py:151} INFO - [2023-10-11T03:39:57.510+0000] {dag.py:3696} INFO - Setting next_dagrun for example_setup_teardown_taskflow to 2023-10-10T03:39:57.510321+00:00, run_after=2023-10-11T03:39:57.510321+00:00
[2023-10-11T03:39:57.533+0000] {processor.py:179} INFO - Processing /home/airflow/.local/lib/python3.8/site-packages/airflow/example_dags/example_setup_teardown_taskflow.py took 0.084 seconds
[2023-10-11T03:40:27.970+0000] {processor.py:157} INFO - Started process (PID=169) to work on /home/airflow/.local/lib/python3.8/site-packages/airflow/example_dags/example_setup_teardown_taskflow.py
[2023-10-11T03:40:27.972+0000] {processor.py:829} INFO - Processing file /home/airflow/.local/lib/python3.8/site-packages/airflow/example_dags/example_setup_teardown_taskflow.py for tasks to queue
[2023-10-11T03:40:27.974+0000] {logging_mixin.py:151} INFO - [2023-10-11T03:40:27.974+0000] {dagbag.py:539} INFO - Filling up the DagBag from /home/airflow/.local/lib/python3.8/site-packages/airflow/example_dags/example_setup_teardown_taskflow.py
[2023-10-11T03:40:27.983+0000] {processor.py:839} INFO - DAG(s) dict_keys(['example_setup_teardown_taskflow']) retrieved from /home/airflow/.local/lib/python3.8/site-packages/airflow/example_dags/example_setup_teardown_taskflow.py
[2023-10-11T03:40:28.004+0000] {logging_mixin.py:151} INFO - [2023-10-11T03:40:28.004+0000] {dag.py:2915} INFO - Sync 1 DAGs
[2023-10-11T03:40:28.021+0000] {logging_mixin.py:151} INFO - [2023-10-11T03:40:28.021+0000] {dag.py:3696} INFO - Setting next_dagrun for example_setup_teardown_taskflow to 2023-10-10T03:40:28.021643+00:00, run_after=2023-10-11T03:40:28.021643+00:00
[2023-10-11T03:40:28.044+0000] {processor.py:179} INFO - Processing /home/airflow/.local/lib/python3.8/site-packages/airflow/example_dags/example_setup_teardown_taskflow.py took 0.077 seconds
[2023-10-11T03:40:58.520+0000] {processor.py:157} INFO - Started process (PID=226) to work on /home/airflow/.local/lib/python3.8/site-packages/airflow/example_dags/example_setup_teardown_taskflow.py
[2023-10-11T03:40:58.522+0000] {processor.py:829} INFO - Processing file /home/airflow/.local/lib/python3.8/site-packages/airflow/example_dags/example_setup_teardown_taskflow.py for tasks to queue
[2023-10-11T03:40:58.525+0000] {logging_mixin.py:151} INFO - [2023-10-11T03:40:58.525+0000] {dagbag.py:539} INFO - Filling up the DagBag from /home/airflow/.local/lib/python3.8/site-packages/airflow/example_dags/example_setup_teardown_taskflow.py
[2023-10-11T03:40:58.536+0000] {processor.py:839} INFO - DAG(s) dict_keys(['example_setup_teardown_taskflow']) retrieved from /home/airflow/.local/lib/python3.8/site-packages/airflow/example_dags/example_setup_teardown_taskflow.py
[2023-10-11T03:40:58.572+0000] {logging_mixin.py:151} INFO - [2023-10-11T03:40:58.571+0000] {dag.py:2915} INFO - Sync 1 DAGs
[2023-10-11T03:40:58.600+0000] {logging_mixin.py:151} INFO - [2023-10-11T03:40:58.600+0000] {dag.py:3696} INFO - Setting next_dagrun for example_setup_teardown_taskflow to 2023-10-10T03:40:58.599828+00:00, run_after=2023-10-11T03:40:58.599828+00:00
[2023-10-11T03:40:58.629+0000] {processor.py:179} INFO - Processing /home/airflow/.local/lib/python3.8/site-packages/airflow/example_dags/example_setup_teardown_taskflow.py took 0.113 seconds
[2023-10-11T03:41:29.523+0000] {processor.py:157} INFO - Started process (PID=283) to work on /home/airflow/.local/lib/python3.8/site-packages/airflow/example_dags/example_setup_teardown_taskflow.py
[2023-10-11T03:41:29.526+0000] {processor.py:829} INFO - Processing file /home/airflow/.local/lib/python3.8/site-packages/airflow/example_dags/example_setup_teardown_taskflow.py for tasks to queue
[2023-10-11T03:41:29.529+0000] {logging_mixin.py:151} INFO - [2023-10-11T03:41:29.529+0000] {dagbag.py:539} INFO - Filling up the DagBag from /home/airflow/.local/lib/python3.8/site-packages/airflow/example_dags/example_setup_teardown_taskflow.py
[2023-10-11T03:41:29.542+0000] {processor.py:839} INFO - DAG(s) dict_keys(['example_setup_teardown_taskflow']) retrieved from /home/airflow/.local/lib/python3.8/site-packages/airflow/example_dags/example_setup_teardown_taskflow.py
[2023-10-11T03:41:29.574+0000] {logging_mixin.py:151} INFO - [2023-10-11T03:41:29.574+0000] {dag.py:2915} INFO - Sync 1 DAGs
[2023-10-11T03:41:29.600+0000] {logging_mixin.py:151} INFO - [2023-10-11T03:41:29.600+0000] {dag.py:3696} INFO - Setting next_dagrun for example_setup_teardown_taskflow to 2023-10-10T03:41:29.599779+00:00, run_after=2023-10-11T03:41:29.599779+00:00
[2023-10-11T03:41:29.638+0000] {processor.py:179} INFO - Processing /home/airflow/.local/lib/python3.8/site-packages/airflow/example_dags/example_setup_teardown_taskflow.py took 0.124 seconds
[2023-10-11T03:41:59.865+0000] {processor.py:157} INFO - Started process (PID=340) to work on /home/airflow/.local/lib/python3.8/site-packages/airflow/example_dags/example_setup_teardown_taskflow.py
[2023-10-11T03:41:59.867+0000] {processor.py:829} INFO - Processing file /home/airflow/.local/lib/python3.8/site-packages/airflow/example_dags/example_setup_teardown_taskflow.py for tasks to queue
[2023-10-11T03:41:59.869+0000] {logging_mixin.py:151} INFO - [2023-10-11T03:41:59.869+0000] {dagbag.py:539} INFO - Filling up the DagBag from /home/airflow/.local/lib/python3.8/site-packages/airflow/example_dags/example_setup_teardown_taskflow.py
[2023-10-11T03:41:59.877+0000] {processor.py:839} INFO - DAG(s) dict_keys(['example_setup_teardown_taskflow']) retrieved from /home/airflow/.local/lib/python3.8/site-packages/airflow/example_dags/example_setup_teardown_taskflow.py
[2023-10-11T03:41:59.900+0000] {logging_mixin.py:151} INFO - [2023-10-11T03:41:59.900+0000] {dag.py:2915} INFO - Sync 1 DAGs
[2023-10-11T03:41:59.920+0000] {logging_mixin.py:151} INFO - [2023-10-11T03:41:59.920+0000] {dag.py:3696} INFO - Setting next_dagrun for example_setup_teardown_taskflow to 2023-10-10T03:41:59.919982+00:00, run_after=2023-10-11T03:41:59.919982+00:00
[2023-10-11T03:41:59.941+0000] {processor.py:179} INFO - Processing /home/airflow/.local/lib/python3.8/site-packages/airflow/example_dags/example_setup_teardown_taskflow.py took 0.079 seconds
[2023-10-11T03:42:30.624+0000] {processor.py:157} INFO - Started process (PID=397) to work on /home/airflow/.local/lib/python3.8/site-packages/airflow/example_dags/example_setup_teardown_taskflow.py
[2023-10-11T03:42:30.627+0000] {processor.py:829} INFO - Processing file /home/airflow/.local/lib/python3.8/site-packages/airflow/example_dags/example_setup_teardown_taskflow.py for tasks to queue
[2023-10-11T03:42:30.630+0000] {logging_mixin.py:151} INFO - [2023-10-11T03:42:30.630+0000] {dagbag.py:539} INFO - Filling up the DagBag from /home/airflow/.local/lib/python3.8/site-packages/airflow/example_dags/example_setup_teardown_taskflow.py
[2023-10-11T03:42:30.644+0000] {processor.py:839} INFO - DAG(s) dict_keys(['example_setup_teardown_taskflow']) retrieved from /home/airflow/.local/lib/python3.8/site-packages/airflow/example_dags/example_setup_teardown_taskflow.py
[2023-10-11T03:42:30.690+0000] {logging_mixin.py:151} INFO - [2023-10-11T03:42:30.689+0000] {dag.py:2915} INFO - Sync 1 DAGs
[2023-10-11T03:42:30.723+0000] {logging_mixin.py:151} INFO - [2023-10-11T03:42:30.722+0000] {dag.py:3696} INFO - Setting next_dagrun for example_setup_teardown_taskflow to 2023-10-10T03:42:30.722403+00:00, run_after=2023-10-11T03:42:30.722403+00:00
[2023-10-11T03:42:30.755+0000] {processor.py:179} INFO - Processing /home/airflow/.local/lib/python3.8/site-packages/airflow/example_dags/example_setup_teardown_taskflow.py took 0.136 seconds
[2023-10-11T03:43:00.881+0000] {processor.py:157} INFO - Started process (PID=452) to work on /home/airflow/.local/lib/python3.8/site-packages/airflow/example_dags/example_setup_teardown_taskflow.py
[2023-10-11T03:43:00.882+0000] {processor.py:829} INFO - Processing file /home/airflow/.local/lib/python3.8/site-packages/airflow/example_dags/example_setup_teardown_taskflow.py for tasks to queue
[2023-10-11T03:43:00.885+0000] {logging_mixin.py:151} INFO - [2023-10-11T03:43:00.885+0000] {dagbag.py:539} INFO - Filling up the DagBag from /home/airflow/.local/lib/python3.8/site-packages/airflow/example_dags/example_setup_teardown_taskflow.py
[2023-10-11T03:43:00.893+0000] {processor.py:839} INFO - DAG(s) dict_keys(['example_setup_teardown_taskflow']) retrieved from /home/airflow/.local/lib/python3.8/site-packages/airflow/example_dags/example_setup_teardown_taskflow.py
[2023-10-11T03:43:00.915+0000] {logging_mixin.py:151} INFO - [2023-10-11T03:43:00.915+0000] {dag.py:2915} INFO - Sync 1 DAGs
[2023-10-11T03:43:00.933+0000] {logging_mixin.py:151} INFO - [2023-10-11T03:43:00.933+0000] {dag.py:3696} INFO - Setting next_dagrun for example_setup_teardown_taskflow to 2023-10-10T03:43:00.933444+00:00, run_after=2023-10-11T03:43:00.933444+00:00
[2023-10-11T03:43:00.957+0000] {processor.py:179} INFO - Processing /home/airflow/.local/lib/python3.8/site-packages/airflow/example_dags/example_setup_teardown_taskflow.py took 0.079 seconds
[2023-10-11T03:43:31.141+0000] {processor.py:157} INFO - Started process (PID=509) to work on /home/airflow/.local/lib/python3.8/site-packages/airflow/example_dags/example_setup_teardown_taskflow.py
[2023-10-11T03:43:31.142+0000] {processor.py:829} INFO - Processing file /home/airflow/.local/lib/python3.8/site-packages/airflow/example_dags/example_setup_teardown_taskflow.py for tasks to queue
[2023-10-11T03:43:31.145+0000] {logging_mixin.py:151} INFO - [2023-10-11T03:43:31.144+0000] {dagbag.py:539} INFO - Filling up the DagBag from /home/airflow/.local/lib/python3.8/site-packages/airflow/example_dags/example_setup_teardown_taskflow.py
[2023-10-11T03:43:31.156+0000] {processor.py:839} INFO - DAG(s) dict_keys(['example_setup_teardown_taskflow']) retrieved from /home/airflow/.local/lib/python3.8/site-packages/airflow/example_dags/example_setup_teardown_taskflow.py
[2023-10-11T03:43:31.180+0000] {logging_mixin.py:151} INFO - [2023-10-11T03:43:31.179+0000] {dag.py:2915} INFO - Sync 1 DAGs
[2023-10-11T03:43:31.207+0000] {logging_mixin.py:151} INFO - [2023-10-11T03:43:31.207+0000] {dag.py:3696} INFO - Setting next_dagrun for example_setup_teardown_taskflow to 2023-10-10T03:43:31.206910+00:00, run_after=2023-10-11T03:43:31.206910+00:00
[2023-10-11T03:43:31.229+0000] {processor.py:179} INFO - Processing /home/airflow/.local/lib/python3.8/site-packages/airflow/example_dags/example_setup_teardown_taskflow.py took 0.092 seconds
[2023-10-11T03:44:02.026+0000] {processor.py:157} INFO - Started process (PID=566) to work on /home/airflow/.local/lib/python3.8/site-packages/airflow/example_dags/example_setup_teardown_taskflow.py
[2023-10-11T03:44:02.027+0000] {processor.py:829} INFO - Processing file /home/airflow/.local/lib/python3.8/site-packages/airflow/example_dags/example_setup_teardown_taskflow.py for tasks to queue
[2023-10-11T03:44:02.031+0000] {logging_mixin.py:151} INFO - [2023-10-11T03:44:02.031+0000] {dagbag.py:539} INFO - Filling up the DagBag from /home/airflow/.local/lib/python3.8/site-packages/airflow/example_dags/example_setup_teardown_taskflow.py
[2023-10-11T03:44:02.042+0000] {processor.py:839} INFO - DAG(s) dict_keys(['example_setup_teardown_taskflow']) retrieved from /home/airflow/.local/lib/python3.8/site-packages/airflow/example_dags/example_setup_teardown_taskflow.py
[2023-10-11T03:44:02.070+0000] {logging_mixin.py:151} INFO - [2023-10-11T03:44:02.069+0000] {dag.py:2915} INFO - Sync 1 DAGs
[2023-10-11T03:44:02.093+0000] {logging_mixin.py:151} INFO - [2023-10-11T03:44:02.093+0000] {dag.py:3696} INFO - Setting next_dagrun for example_setup_teardown_taskflow to 2023-10-10T03:44:02.093565+00:00, run_after=2023-10-11T03:44:02.093565+00:00
[2023-10-11T03:44:02.117+0000] {processor.py:179} INFO - Processing /home/airflow/.local/lib/python3.8/site-packages/airflow/example_dags/example_setup_teardown_taskflow.py took 0.094 seconds
[2023-10-11T03:44:32.660+0000] {processor.py:157} INFO - Started process (PID=624) to work on /home/airflow/.local/lib/python3.8/site-packages/airflow/example_dags/example_setup_teardown_taskflow.py
[2023-10-11T03:44:32.662+0000] {processor.py:829} INFO - Processing file /home/airflow/.local/lib/python3.8/site-packages/airflow/example_dags/example_setup_teardown_taskflow.py for tasks to queue
[2023-10-11T03:44:32.664+0000] {logging_mixin.py:151} INFO - [2023-10-11T03:44:32.663+0000] {dagbag.py:539} INFO - Filling up the DagBag from /home/airflow/.local/lib/python3.8/site-packages/airflow/example_dags/example_setup_teardown_taskflow.py
[2023-10-11T03:44:32.671+0000] {processor.py:839} INFO - DAG(s) dict_keys(['example_setup_teardown_taskflow']) retrieved from /home/airflow/.local/lib/python3.8/site-packages/airflow/example_dags/example_setup_teardown_taskflow.py
[2023-10-11T03:44:32.695+0000] {logging_mixin.py:151} INFO - [2023-10-11T03:44:32.695+0000] {dag.py:2915} INFO - Sync 1 DAGs
[2023-10-11T03:44:32.715+0000] {logging_mixin.py:151} INFO - [2023-10-11T03:44:32.715+0000] {dag.py:3696} INFO - Setting next_dagrun for example_setup_teardown_taskflow to 2023-10-10T03:44:32.714876+00:00, run_after=2023-10-11T03:44:32.714876+00:00
[2023-10-11T03:44:32.735+0000] {processor.py:179} INFO - Processing /home/airflow/.local/lib/python3.8/site-packages/airflow/example_dags/example_setup_teardown_taskflow.py took 0.078 seconds
[2023-10-11T03:45:03.026+0000] {processor.py:157} INFO - Started process (PID=681) to work on /home/airflow/.local/lib/python3.8/site-packages/airflow/example_dags/example_setup_teardown_taskflow.py
[2023-10-11T03:45:03.028+0000] {processor.py:829} INFO - Processing file /home/airflow/.local/lib/python3.8/site-packages/airflow/example_dags/example_setup_teardown_taskflow.py for tasks to queue
[2023-10-11T03:45:03.031+0000] {logging_mixin.py:151} INFO - [2023-10-11T03:45:03.031+0000] {dagbag.py:539} INFO - Filling up the DagBag from /home/airflow/.local/lib/python3.8/site-packages/airflow/example_dags/example_setup_teardown_taskflow.py
[2023-10-11T03:45:03.044+0000] {processor.py:839} INFO - DAG(s) dict_keys(['example_setup_teardown_taskflow']) retrieved from /home/airflow/.local/lib/python3.8/site-packages/airflow/example_dags/example_setup_teardown_taskflow.py
[2023-10-11T03:45:03.067+0000] {logging_mixin.py:151} INFO - [2023-10-11T03:45:03.067+0000] {dag.py:2915} INFO - Sync 1 DAGs
[2023-10-11T03:45:03.088+0000] {logging_mixin.py:151} INFO - [2023-10-11T03:45:03.088+0000] {dag.py:3696} INFO - Setting next_dagrun for example_setup_teardown_taskflow to 2023-10-10T03:45:03.088026+00:00, run_after=2023-10-11T03:45:03.088026+00:00
[2023-10-11T03:45:03.112+0000] {processor.py:179} INFO - Processing /home/airflow/.local/lib/python3.8/site-packages/airflow/example_dags/example_setup_teardown_taskflow.py took 0.090 seconds
[2023-10-11T03:45:33.475+0000] {processor.py:157} INFO - Started process (PID=738) to work on /home/airflow/.local/lib/python3.8/site-packages/airflow/example_dags/example_setup_teardown_taskflow.py
[2023-10-11T03:45:33.477+0000] {processor.py:829} INFO - Processing file /home/airflow/.local/lib/python3.8/site-packages/airflow/example_dags/example_setup_teardown_taskflow.py for tasks to queue
[2023-10-11T03:45:33.480+0000] {logging_mixin.py:151} INFO - [2023-10-11T03:45:33.480+0000] {dagbag.py:539} INFO - Filling up the DagBag from /home/airflow/.local/lib/python3.8/site-packages/airflow/example_dags/example_setup_teardown_taskflow.py
[2023-10-11T03:45:33.489+0000] {processor.py:839} INFO - DAG(s) dict_keys(['example_setup_teardown_taskflow']) retrieved from /home/airflow/.local/lib/python3.8/site-packages/airflow/example_dags/example_setup_teardown_taskflow.py
[2023-10-11T03:45:33.513+0000] {logging_mixin.py:151} INFO - [2023-10-11T03:45:33.513+0000] {dag.py:2915} INFO - Sync 1 DAGs
[2023-10-11T03:45:33.532+0000] {logging_mixin.py:151} INFO - [2023-10-11T03:45:33.532+0000] {dag.py:3696} INFO - Setting next_dagrun for example_setup_teardown_taskflow to 2023-10-10T03:45:33.532012+00:00, run_after=2023-10-11T03:45:33.532012+00:00
[2023-10-11T03:45:33.553+0000] {processor.py:179} INFO - Processing /home/airflow/.local/lib/python3.8/site-packages/airflow/example_dags/example_setup_teardown_taskflow.py took 0.080 seconds
[2023-10-11T03:46:03.894+0000] {processor.py:157} INFO - Started process (PID=795) to work on /home/airflow/.local/lib/python3.8/site-packages/airflow/example_dags/example_setup_teardown_taskflow.py
[2023-10-11T03:46:03.896+0000] {processor.py:829} INFO - Processing file /home/airflow/.local/lib/python3.8/site-packages/airflow/example_dags/example_setup_teardown_taskflow.py for tasks to queue
[2023-10-11T03:46:03.899+0000] {logging_mixin.py:151} INFO - [2023-10-11T03:46:03.898+0000] {dagbag.py:539} INFO - Filling up the DagBag from /home/airflow/.local/lib/python3.8/site-packages/airflow/example_dags/example_setup_teardown_taskflow.py
[2023-10-11T03:46:03.908+0000] {processor.py:839} INFO - DAG(s) dict_keys(['example_setup_teardown_taskflow']) retrieved from /home/airflow/.local/lib/python3.8/site-packages/airflow/example_dags/example_setup_teardown_taskflow.py
[2023-10-11T03:46:03.933+0000] {logging_mixin.py:151} INFO - [2023-10-11T03:46:03.933+0000] {dag.py:2915} INFO - Sync 1 DAGs
[2023-10-11T03:46:03.950+0000] {logging_mixin.py:151} INFO - [2023-10-11T03:46:03.950+0000] {dag.py:3696} INFO - Setting next_dagrun for example_setup_teardown_taskflow to 2023-10-10T03:46:03.950226+00:00, run_after=2023-10-11T03:46:03.950226+00:00
[2023-10-11T03:46:03.971+0000] {processor.py:179} INFO - Processing /home/airflow/.local/lib/python3.8/site-packages/airflow/example_dags/example_setup_teardown_taskflow.py took 0.081 seconds
[2023-10-11T03:46:34.458+0000] {processor.py:157} INFO - Started process (PID=851) to work on /home/airflow/.local/lib/python3.8/site-packages/airflow/example_dags/example_setup_teardown_taskflow.py
[2023-10-11T03:46:34.460+0000] {processor.py:829} INFO - Processing file /home/airflow/.local/lib/python3.8/site-packages/airflow/example_dags/example_setup_teardown_taskflow.py for tasks to queue
[2023-10-11T03:46:34.462+0000] {logging_mixin.py:151} INFO - [2023-10-11T03:46:34.462+0000] {dagbag.py:539} INFO - Filling up the DagBag from /home/airflow/.local/lib/python3.8/site-packages/airflow/example_dags/example_setup_teardown_taskflow.py
[2023-10-11T03:46:34.470+0000] {processor.py:839} INFO - DAG(s) dict_keys(['example_setup_teardown_taskflow']) retrieved from /home/airflow/.local/lib/python3.8/site-packages/airflow/example_dags/example_setup_teardown_taskflow.py
[2023-10-11T03:46:34.491+0000] {logging_mixin.py:151} INFO - [2023-10-11T03:46:34.490+0000] {dag.py:2915} INFO - Sync 1 DAGs
[2023-10-11T03:46:34.510+0000] {logging_mixin.py:151} INFO - [2023-10-11T03:46:34.510+0000] {dag.py:3696} INFO - Setting next_dagrun for example_setup_teardown_taskflow to 2023-10-10T03:46:34.509937+00:00, run_after=2023-10-11T03:46:34.509937+00:00
[2023-10-11T03:46:34.530+0000] {processor.py:179} INFO - Processing /home/airflow/.local/lib/python3.8/site-packages/airflow/example_dags/example_setup_teardown_taskflow.py took 0.075 seconds
[2023-10-11T03:47:05.152+0000] {processor.py:157} INFO - Started process (PID=909) to work on /home/airflow/.local/lib/python3.8/site-packages/airflow/example_dags/example_setup_teardown_taskflow.py
[2023-10-11T03:47:05.154+0000] {processor.py:829} INFO - Processing file /home/airflow/.local/lib/python3.8/site-packages/airflow/example_dags/example_setup_teardown_taskflow.py for tasks to queue
[2023-10-11T03:47:05.157+0000] {logging_mixin.py:151} INFO - [2023-10-11T03:47:05.156+0000] {dagbag.py:539} INFO - Filling up the DagBag from /home/airflow/.local/lib/python3.8/site-packages/airflow/example_dags/example_setup_teardown_taskflow.py
[2023-10-11T03:47:05.166+0000] {processor.py:839} INFO - DAG(s) dict_keys(['example_setup_teardown_taskflow']) retrieved from /home/airflow/.local/lib/python3.8/site-packages/airflow/example_dags/example_setup_teardown_taskflow.py
[2023-10-11T03:47:05.191+0000] {logging_mixin.py:151} INFO - [2023-10-11T03:47:05.190+0000] {dag.py:2915} INFO - Sync 1 DAGs
[2023-10-11T03:47:05.214+0000] {logging_mixin.py:151} INFO - [2023-10-11T03:47:05.214+0000] {dag.py:3696} INFO - Setting next_dagrun for example_setup_teardown_taskflow to 2023-10-10T03:47:05.213824+00:00, run_after=2023-10-11T03:47:05.213824+00:00
[2023-10-11T03:47:05.244+0000] {processor.py:179} INFO - Processing /home/airflow/.local/lib/python3.8/site-packages/airflow/example_dags/example_setup_teardown_taskflow.py took 0.095 seconds
[2023-10-11T03:47:35.426+0000] {processor.py:157} INFO - Started process (PID=966) to work on /home/airflow/.local/lib/python3.8/site-packages/airflow/example_dags/example_setup_teardown_taskflow.py
[2023-10-11T03:47:35.428+0000] {processor.py:829} INFO - Processing file /home/airflow/.local/lib/python3.8/site-packages/airflow/example_dags/example_setup_teardown_taskflow.py for tasks to queue
[2023-10-11T03:47:35.432+0000] {logging_mixin.py:151} INFO - [2023-10-11T03:47:35.431+0000] {dagbag.py:539} INFO - Filling up the DagBag from /home/airflow/.local/lib/python3.8/site-packages/airflow/example_dags/example_setup_teardown_taskflow.py
[2023-10-11T03:47:35.442+0000] {processor.py:839} INFO - DAG(s) dict_keys(['example_setup_teardown_taskflow']) retrieved from /home/airflow/.local/lib/python3.8/site-packages/airflow/example_dags/example_setup_teardown_taskflow.py
[2023-10-11T03:47:35.464+0000] {logging_mixin.py:151} INFO - [2023-10-11T03:47:35.464+0000] {dag.py:2915} INFO - Sync 1 DAGs
[2023-10-11T03:47:35.488+0000] {logging_mixin.py:151} INFO - [2023-10-11T03:47:35.488+0000] {dag.py:3696} INFO - Setting next_dagrun for example_setup_teardown_taskflow to 2023-10-10T03:47:35.487967+00:00, run_after=2023-10-11T03:47:35.487967+00:00
[2023-10-11T03:47:35.512+0000] {processor.py:179} INFO - Processing /home/airflow/.local/lib/python3.8/site-packages/airflow/example_dags/example_setup_teardown_taskflow.py took 0.090 seconds
[2023-10-11T03:48:05.854+0000] {processor.py:157} INFO - Started process (PID=1023) to work on /home/airflow/.local/lib/python3.8/site-packages/airflow/example_dags/example_setup_teardown_taskflow.py
[2023-10-11T03:48:05.856+0000] {processor.py:829} INFO - Processing file /home/airflow/.local/lib/python3.8/site-packages/airflow/example_dags/example_setup_teardown_taskflow.py for tasks to queue
[2023-10-11T03:48:05.859+0000] {logging_mixin.py:151} INFO - [2023-10-11T03:48:05.859+0000] {dagbag.py:539} INFO - Filling up the DagBag from /home/airflow/.local/lib/python3.8/site-packages/airflow/example_dags/example_setup_teardown_taskflow.py
[2023-10-11T03:48:05.873+0000] {processor.py:839} INFO - DAG(s) dict_keys(['example_setup_teardown_taskflow']) retrieved from /home/airflow/.local/lib/python3.8/site-packages/airflow/example_dags/example_setup_teardown_taskflow.py
[2023-10-11T03:48:05.897+0000] {logging_mixin.py:151} INFO - [2023-10-11T03:48:05.897+0000] {dag.py:2915} INFO - Sync 1 DAGs
[2023-10-11T03:48:05.916+0000] {logging_mixin.py:151} INFO - [2023-10-11T03:48:05.915+0000] {dag.py:3696} INFO - Setting next_dagrun for example_setup_teardown_taskflow to 2023-10-10T03:48:05.915801+00:00, run_after=2023-10-11T03:48:05.915801+00:00
[2023-10-11T03:48:05.937+0000] {processor.py:179} INFO - Processing /home/airflow/.local/lib/python3.8/site-packages/airflow/example_dags/example_setup_teardown_taskflow.py took 0.085 seconds
[2023-10-11T03:48:36.381+0000] {processor.py:157} INFO - Started process (PID=1080) to work on /home/airflow/.local/lib/python3.8/site-packages/airflow/example_dags/example_setup_teardown_taskflow.py
[2023-10-11T03:48:36.383+0000] {processor.py:829} INFO - Processing file /home/airflow/.local/lib/python3.8/site-packages/airflow/example_dags/example_setup_teardown_taskflow.py for tasks to queue
[2023-10-11T03:48:36.386+0000] {logging_mixin.py:151} INFO - [2023-10-11T03:48:36.385+0000] {dagbag.py:539} INFO - Filling up the DagBag from /home/airflow/.local/lib/python3.8/site-packages/airflow/example_dags/example_setup_teardown_taskflow.py
[2023-10-11T03:48:36.394+0000] {processor.py:839} INFO - DAG(s) dict_keys(['example_setup_teardown_taskflow']) retrieved from /home/airflow/.local/lib/python3.8/site-packages/airflow/example_dags/example_setup_teardown_taskflow.py
[2023-10-11T03:48:36.418+0000] {logging_mixin.py:151} INFO - [2023-10-11T03:48:36.418+0000] {dag.py:2915} INFO - Sync 1 DAGs
[2023-10-11T03:48:36.439+0000] {logging_mixin.py:151} INFO - [2023-10-11T03:48:36.439+0000] {dag.py:3696} INFO - Setting next_dagrun for example_setup_teardown_taskflow to 2023-10-10T03:48:36.439269+00:00, run_after=2023-10-11T03:48:36.439269+00:00
[2023-10-11T03:48:36.460+0000] {processor.py:179} INFO - Processing /home/airflow/.local/lib/python3.8/site-packages/airflow/example_dags/example_setup_teardown_taskflow.py took 0.082 seconds
[2023-10-11T03:49:06.826+0000] {processor.py:157} INFO - Started process (PID=1137) to work on /home/airflow/.local/lib/python3.8/site-packages/airflow/example_dags/example_setup_teardown_taskflow.py
[2023-10-11T03:49:06.828+0000] {processor.py:829} INFO - Processing file /home/airflow/.local/lib/python3.8/site-packages/airflow/example_dags/example_setup_teardown_taskflow.py for tasks to queue
[2023-10-11T03:49:06.831+0000] {logging_mixin.py:151} INFO - [2023-10-11T03:49:06.830+0000] {dagbag.py:539} INFO - Filling up the DagBag from /home/airflow/.local/lib/python3.8/site-packages/airflow/example_dags/example_setup_teardown_taskflow.py
[2023-10-11T03:49:06.840+0000] {processor.py:839} INFO - DAG(s) dict_keys(['example_setup_teardown_taskflow']) retrieved from /home/airflow/.local/lib/python3.8/site-packages/airflow/example_dags/example_setup_teardown_taskflow.py
[2023-10-11T03:49:06.872+0000] {logging_mixin.py:151} INFO - [2023-10-11T03:49:06.872+0000] {dag.py:2915} INFO - Sync 1 DAGs
[2023-10-11T03:49:06.902+0000] {logging_mixin.py:151} INFO - [2023-10-11T03:49:06.902+0000] {dag.py:3696} INFO - Setting next_dagrun for example_setup_teardown_taskflow to 2023-10-10T03:49:06.902230+00:00, run_after=2023-10-11T03:49:06.902230+00:00
[2023-10-11T03:49:06.932+0000] {processor.py:179} INFO - Processing /home/airflow/.local/lib/python3.8/site-packages/airflow/example_dags/example_setup_teardown_taskflow.py took 0.109 seconds
[2023-10-11T03:49:37.139+0000] {processor.py:157} INFO - Started process (PID=1194) to work on /home/airflow/.local/lib/python3.8/site-packages/airflow/example_dags/example_setup_teardown_taskflow.py
[2023-10-11T03:49:37.141+0000] {processor.py:829} INFO - Processing file /home/airflow/.local/lib/python3.8/site-packages/airflow/example_dags/example_setup_teardown_taskflow.py for tasks to queue
[2023-10-11T03:49:37.144+0000] {logging_mixin.py:151} INFO - [2023-10-11T03:49:37.144+0000] {dagbag.py:539} INFO - Filling up the DagBag from /home/airflow/.local/lib/python3.8/site-packages/airflow/example_dags/example_setup_teardown_taskflow.py
[2023-10-11T03:49:37.152+0000] {processor.py:839} INFO - DAG(s) dict_keys(['example_setup_teardown_taskflow']) retrieved from /home/airflow/.local/lib/python3.8/site-packages/airflow/example_dags/example_setup_teardown_taskflow.py
[2023-10-11T03:49:37.172+0000] {logging_mixin.py:151} INFO - [2023-10-11T03:49:37.172+0000] {dag.py:2915} INFO - Sync 1 DAGs
[2023-10-11T03:49:37.190+0000] {logging_mixin.py:151} INFO - [2023-10-11T03:49:37.190+0000] {dag.py:3696} INFO - Setting next_dagrun for example_setup_teardown_taskflow to 2023-10-10T03:49:37.190578+00:00, run_after=2023-10-11T03:49:37.190578+00:00
[2023-10-11T03:49:37.211+0000] {processor.py:179} INFO - Processing /home/airflow/.local/lib/python3.8/site-packages/airflow/example_dags/example_setup_teardown_taskflow.py took 0.074 seconds
[2023-10-11T03:50:07.492+0000] {processor.py:157} INFO - Started process (PID=1251) to work on /home/airflow/.local/lib/python3.8/site-packages/airflow/example_dags/example_setup_teardown_taskflow.py
[2023-10-11T03:50:07.494+0000] {processor.py:829} INFO - Processing file /home/airflow/.local/lib/python3.8/site-packages/airflow/example_dags/example_setup_teardown_taskflow.py for tasks to queue
[2023-10-11T03:50:07.499+0000] {logging_mixin.py:151} INFO - [2023-10-11T03:50:07.498+0000] {dagbag.py:539} INFO - Filling up the DagBag from /home/airflow/.local/lib/python3.8/site-packages/airflow/example_dags/example_setup_teardown_taskflow.py
[2023-10-11T03:50:07.510+0000] {processor.py:839} INFO - DAG(s) dict_keys(['example_setup_teardown_taskflow']) retrieved from /home/airflow/.local/lib/python3.8/site-packages/airflow/example_dags/example_setup_teardown_taskflow.py
[2023-10-11T03:50:07.541+0000] {logging_mixin.py:151} INFO - [2023-10-11T03:50:07.541+0000] {dag.py:2915} INFO - Sync 1 DAGs
[2023-10-11T03:50:07.567+0000] {logging_mixin.py:151} INFO - [2023-10-11T03:50:07.567+0000] {dag.py:3696} INFO - Setting next_dagrun for example_setup_teardown_taskflow to 2023-10-10T03:50:07.566662+00:00, run_after=2023-10-11T03:50:07.566662+00:00
[2023-10-11T03:50:07.596+0000] {processor.py:179} INFO - Processing /home/airflow/.local/lib/python3.8/site-packages/airflow/example_dags/example_setup_teardown_taskflow.py took 0.109 seconds
[2023-10-11T03:50:38.187+0000] {processor.py:157} INFO - Started process (PID=1315) to work on /home/airflow/.local/lib/python3.8/site-packages/airflow/example_dags/example_setup_teardown_taskflow.py
[2023-10-11T03:50:38.189+0000] {processor.py:829} INFO - Processing file /home/airflow/.local/lib/python3.8/site-packages/airflow/example_dags/example_setup_teardown_taskflow.py for tasks to queue
[2023-10-11T03:50:38.192+0000] {logging_mixin.py:151} INFO - [2023-10-11T03:50:38.192+0000] {dagbag.py:539} INFO - Filling up the DagBag from /home/airflow/.local/lib/python3.8/site-packages/airflow/example_dags/example_setup_teardown_taskflow.py
[2023-10-11T03:50:38.203+0000] {processor.py:839} INFO - DAG(s) dict_keys(['example_setup_teardown_taskflow']) retrieved from /home/airflow/.local/lib/python3.8/site-packages/airflow/example_dags/example_setup_teardown_taskflow.py
[2023-10-11T03:50:38.230+0000] {logging_mixin.py:151} INFO - [2023-10-11T03:50:38.230+0000] {dag.py:2915} INFO - Sync 1 DAGs
[2023-10-11T03:50:38.257+0000] {logging_mixin.py:151} INFO - [2023-10-11T03:50:38.256+0000] {dag.py:3696} INFO - Setting next_dagrun for example_setup_teardown_taskflow to 2023-10-10T03:50:38.255880+00:00, run_after=2023-10-11T03:50:38.255880+00:00
[2023-10-11T03:50:38.286+0000] {processor.py:179} INFO - Processing /home/airflow/.local/lib/python3.8/site-packages/airflow/example_dags/example_setup_teardown_taskflow.py took 0.104 seconds
[2023-10-11T03:51:08.670+0000] {processor.py:157} INFO - Started process (PID=1372) to work on /home/airflow/.local/lib/python3.8/site-packages/airflow/example_dags/example_setup_teardown_taskflow.py
[2023-10-11T03:51:08.672+0000] {processor.py:829} INFO - Processing file /home/airflow/.local/lib/python3.8/site-packages/airflow/example_dags/example_setup_teardown_taskflow.py for tasks to queue
[2023-10-11T03:51:08.675+0000] {logging_mixin.py:151} INFO - [2023-10-11T03:51:08.675+0000] {dagbag.py:539} INFO - Filling up the DagBag from /home/airflow/.local/lib/python3.8/site-packages/airflow/example_dags/example_setup_teardown_taskflow.py
[2023-10-11T03:51:08.684+0000] {processor.py:839} INFO - DAG(s) dict_keys(['example_setup_teardown_taskflow']) retrieved from /home/airflow/.local/lib/python3.8/site-packages/airflow/example_dags/example_setup_teardown_taskflow.py
[2023-10-11T03:51:08.719+0000] {logging_mixin.py:151} INFO - [2023-10-11T03:51:08.718+0000] {dag.py:2915} INFO - Sync 1 DAGs
[2023-10-11T03:51:08.746+0000] {logging_mixin.py:151} INFO - [2023-10-11T03:51:08.746+0000] {dag.py:3696} INFO - Setting next_dagrun for example_setup_teardown_taskflow to 2023-10-10T03:51:08.746407+00:00, run_after=2023-10-11T03:51:08.746407+00:00
[2023-10-11T03:51:08.768+0000] {processor.py:179} INFO - Processing /home/airflow/.local/lib/python3.8/site-packages/airflow/example_dags/example_setup_teardown_taskflow.py took 0.101 seconds
[2023-10-11T03:51:39.040+0000] {processor.py:157} INFO - Started process (PID=1429) to work on /home/airflow/.local/lib/python3.8/site-packages/airflow/example_dags/example_setup_teardown_taskflow.py
[2023-10-11T03:51:39.043+0000] {processor.py:829} INFO - Processing file /home/airflow/.local/lib/python3.8/site-packages/airflow/example_dags/example_setup_teardown_taskflow.py for tasks to queue
[2023-10-11T03:51:39.045+0000] {logging_mixin.py:151} INFO - [2023-10-11T03:51:39.045+0000] {dagbag.py:539} INFO - Filling up the DagBag from /home/airflow/.local/lib/python3.8/site-packages/airflow/example_dags/example_setup_teardown_taskflow.py
[2023-10-11T03:51:39.053+0000] {processor.py:839} INFO - DAG(s) dict_keys(['example_setup_teardown_taskflow']) retrieved from /home/airflow/.local/lib/python3.8/site-packages/airflow/example_dags/example_setup_teardown_taskflow.py
[2023-10-11T03:51:39.076+0000] {logging_mixin.py:151} INFO - [2023-10-11T03:51:39.076+0000] {dag.py:2915} INFO - Sync 1 DAGs
[2023-10-11T03:51:39.097+0000] {logging_mixin.py:151} INFO - [2023-10-11T03:51:39.097+0000] {dag.py:3696} INFO - Setting next_dagrun for example_setup_teardown_taskflow to 2023-10-10T03:51:39.097254+00:00, run_after=2023-10-11T03:51:39.097254+00:00
[2023-10-11T03:51:39.118+0000] {processor.py:179} INFO - Processing /home/airflow/.local/lib/python3.8/site-packages/airflow/example_dags/example_setup_teardown_taskflow.py took 0.080 seconds
[2023-10-11T03:52:09.654+0000] {processor.py:157} INFO - Started process (PID=1486) to work on /home/airflow/.local/lib/python3.8/site-packages/airflow/example_dags/example_setup_teardown_taskflow.py
[2023-10-11T03:52:09.656+0000] {processor.py:829} INFO - Processing file /home/airflow/.local/lib/python3.8/site-packages/airflow/example_dags/example_setup_teardown_taskflow.py for tasks to queue
[2023-10-11T03:52:09.658+0000] {logging_mixin.py:151} INFO - [2023-10-11T03:52:09.658+0000] {dagbag.py:539} INFO - Filling up the DagBag from /home/airflow/.local/lib/python3.8/site-packages/airflow/example_dags/example_setup_teardown_taskflow.py
[2023-10-11T03:52:09.667+0000] {processor.py:839} INFO - DAG(s) dict_keys(['example_setup_teardown_taskflow']) retrieved from /home/airflow/.local/lib/python3.8/site-packages/airflow/example_dags/example_setup_teardown_taskflow.py
[2023-10-11T03:52:09.690+0000] {logging_mixin.py:151} INFO - [2023-10-11T03:52:09.690+0000] {dag.py:2915} INFO - Sync 1 DAGs
[2023-10-11T03:52:09.710+0000] {logging_mixin.py:151} INFO - [2023-10-11T03:52:09.710+0000] {dag.py:3696} INFO - Setting next_dagrun for example_setup_teardown_taskflow to 2023-10-10T03:52:09.710494+00:00, run_after=2023-10-11T03:52:09.710494+00:00
[2023-10-11T03:52:09.731+0000] {processor.py:179} INFO - Processing /home/airflow/.local/lib/python3.8/site-packages/airflow/example_dags/example_setup_teardown_taskflow.py took 0.081 seconds
[2023-10-11T03:52:39.970+0000] {processor.py:157} INFO - Started process (PID=1542) to work on /home/airflow/.local/lib/python3.8/site-packages/airflow/example_dags/example_setup_teardown_taskflow.py
[2023-10-11T03:52:39.972+0000] {processor.py:829} INFO - Processing file /home/airflow/.local/lib/python3.8/site-packages/airflow/example_dags/example_setup_teardown_taskflow.py for tasks to queue
[2023-10-11T03:52:39.974+0000] {logging_mixin.py:151} INFO - [2023-10-11T03:52:39.974+0000] {dagbag.py:539} INFO - Filling up the DagBag from /home/airflow/.local/lib/python3.8/site-packages/airflow/example_dags/example_setup_teardown_taskflow.py
[2023-10-11T03:52:39.982+0000] {processor.py:839} INFO - DAG(s) dict_keys(['example_setup_teardown_taskflow']) retrieved from /home/airflow/.local/lib/python3.8/site-packages/airflow/example_dags/example_setup_teardown_taskflow.py
[2023-10-11T03:52:40.005+0000] {logging_mixin.py:151} INFO - [2023-10-11T03:52:40.005+0000] {dag.py:2915} INFO - Sync 1 DAGs
[2023-10-11T03:52:40.026+0000] {logging_mixin.py:151} INFO - [2023-10-11T03:52:40.026+0000] {dag.py:3696} INFO - Setting next_dagrun for example_setup_teardown_taskflow to 2023-10-10T03:52:40.026535+00:00, run_after=2023-10-11T03:52:40.026535+00:00
[2023-10-11T03:52:40.046+0000] {processor.py:179} INFO - Processing /home/airflow/.local/lib/python3.8/site-packages/airflow/example_dags/example_setup_teardown_taskflow.py took 0.080 seconds
[2023-10-11T03:53:10.278+0000] {processor.py:157} INFO - Started process (PID=1599) to work on /home/airflow/.local/lib/python3.8/site-packages/airflow/example_dags/example_setup_teardown_taskflow.py
[2023-10-11T03:53:10.279+0000] {processor.py:829} INFO - Processing file /home/airflow/.local/lib/python3.8/site-packages/airflow/example_dags/example_setup_teardown_taskflow.py for tasks to queue
[2023-10-11T03:53:10.281+0000] {logging_mixin.py:151} INFO - [2023-10-11T03:53:10.281+0000] {dagbag.py:539} INFO - Filling up the DagBag from /home/airflow/.local/lib/python3.8/site-packages/airflow/example_dags/example_setup_teardown_taskflow.py
[2023-10-11T03:53:10.290+0000] {processor.py:839} INFO - DAG(s) dict_keys(['example_setup_teardown_taskflow']) retrieved from /home/airflow/.local/lib/python3.8/site-packages/airflow/example_dags/example_setup_teardown_taskflow.py
[2023-10-11T03:53:10.318+0000] {logging_mixin.py:151} INFO - [2023-10-11T03:53:10.317+0000] {dag.py:2915} INFO - Sync 1 DAGs
[2023-10-11T03:53:10.345+0000] {logging_mixin.py:151} INFO - [2023-10-11T03:53:10.345+0000] {dag.py:3696} INFO - Setting next_dagrun for example_setup_teardown_taskflow to 2023-10-10T03:53:10.345341+00:00, run_after=2023-10-11T03:53:10.345341+00:00
[2023-10-11T03:53:10.376+0000] {processor.py:179} INFO - Processing /home/airflow/.local/lib/python3.8/site-packages/airflow/example_dags/example_setup_teardown_taskflow.py took 0.101 seconds
[2023-10-11T03:53:41.411+0000] {processor.py:157} INFO - Started process (PID=1657) to work on /home/airflow/.local/lib/python3.8/site-packages/airflow/example_dags/example_setup_teardown_taskflow.py
[2023-10-11T03:53:41.412+0000] {processor.py:829} INFO - Processing file /home/airflow/.local/lib/python3.8/site-packages/airflow/example_dags/example_setup_teardown_taskflow.py for tasks to queue
[2023-10-11T03:53:41.414+0000] {logging_mixin.py:151} INFO - [2023-10-11T03:53:41.414+0000] {dagbag.py:539} INFO - Filling up the DagBag from /home/airflow/.local/lib/python3.8/site-packages/airflow/example_dags/example_setup_teardown_taskflow.py
[2023-10-11T03:53:41.423+0000] {processor.py:839} INFO - DAG(s) dict_keys(['example_setup_teardown_taskflow']) retrieved from /home/airflow/.local/lib/python3.8/site-packages/airflow/example_dags/example_setup_teardown_taskflow.py
[2023-10-11T03:53:41.444+0000] {logging_mixin.py:151} INFO - [2023-10-11T03:53:41.444+0000] {dag.py:2915} INFO - Sync 1 DAGs
[2023-10-11T03:53:41.464+0000] {logging_mixin.py:151} INFO - [2023-10-11T03:53:41.464+0000] {dag.py:3696} INFO - Setting next_dagrun for example_setup_teardown_taskflow to 2023-10-10T03:53:41.464259+00:00, run_after=2023-10-11T03:53:41.464259+00:00
[2023-10-11T03:53:41.483+0000] {processor.py:179} INFO - Processing /home/airflow/.local/lib/python3.8/site-packages/airflow/example_dags/example_setup_teardown_taskflow.py took 0.075 seconds
[2023-10-11T03:54:11.797+0000] {processor.py:157} INFO - Started process (PID=1714) to work on /home/airflow/.local/lib/python3.8/site-packages/airflow/example_dags/example_setup_teardown_taskflow.py
[2023-10-11T03:54:11.799+0000] {processor.py:829} INFO - Processing file /home/airflow/.local/lib/python3.8/site-packages/airflow/example_dags/example_setup_teardown_taskflow.py for tasks to queue
[2023-10-11T03:54:11.802+0000] {logging_mixin.py:151} INFO - [2023-10-11T03:54:11.801+0000] {dagbag.py:539} INFO - Filling up the DagBag from /home/airflow/.local/lib/python3.8/site-packages/airflow/example_dags/example_setup_teardown_taskflow.py
[2023-10-11T03:54:11.810+0000] {processor.py:839} INFO - DAG(s) dict_keys(['example_setup_teardown_taskflow']) retrieved from /home/airflow/.local/lib/python3.8/site-packages/airflow/example_dags/example_setup_teardown_taskflow.py
[2023-10-11T03:54:11.831+0000] {logging_mixin.py:151} INFO - [2023-10-11T03:54:11.831+0000] {dag.py:2915} INFO - Sync 1 DAGs
[2023-10-11T03:54:11.850+0000] {logging_mixin.py:151} INFO - [2023-10-11T03:54:11.850+0000] {dag.py:3696} INFO - Setting next_dagrun for example_setup_teardown_taskflow to 2023-10-10T03:54:11.849762+00:00, run_after=2023-10-11T03:54:11.849762+00:00
[2023-10-11T03:54:11.872+0000] {processor.py:179} INFO - Processing /home/airflow/.local/lib/python3.8/site-packages/airflow/example_dags/example_setup_teardown_taskflow.py took 0.077 seconds
[2023-10-11T03:54:42.114+0000] {processor.py:157} INFO - Started process (PID=1771) to work on /home/airflow/.local/lib/python3.8/site-packages/airflow/example_dags/example_setup_teardown_taskflow.py
[2023-10-11T03:54:42.116+0000] {processor.py:829} INFO - Processing file /home/airflow/.local/lib/python3.8/site-packages/airflow/example_dags/example_setup_teardown_taskflow.py for tasks to queue
[2023-10-11T03:54:42.118+0000] {logging_mixin.py:151} INFO - [2023-10-11T03:54:42.118+0000] {dagbag.py:539} INFO - Filling up the DagBag from /home/airflow/.local/lib/python3.8/site-packages/airflow/example_dags/example_setup_teardown_taskflow.py
[2023-10-11T03:54:42.126+0000] {processor.py:839} INFO - DAG(s) dict_keys(['example_setup_teardown_taskflow']) retrieved from /home/airflow/.local/lib/python3.8/site-packages/airflow/example_dags/example_setup_teardown_taskflow.py
[2023-10-11T03:54:42.147+0000] {logging_mixin.py:151} INFO - [2023-10-11T03:54:42.147+0000] {dag.py:2915} INFO - Sync 1 DAGs
[2023-10-11T03:54:42.166+0000] {logging_mixin.py:151} INFO - [2023-10-11T03:54:42.166+0000] {dag.py:3696} INFO - Setting next_dagrun for example_setup_teardown_taskflow to 2023-10-10T03:54:42.165874+00:00, run_after=2023-10-11T03:54:42.165874+00:00
[2023-10-11T03:54:42.188+0000] {processor.py:179} INFO - Processing /home/airflow/.local/lib/python3.8/site-packages/airflow/example_dags/example_setup_teardown_taskflow.py took 0.077 seconds
[2023-10-11T03:55:12.345+0000] {processor.py:157} INFO - Started process (PID=1827) to work on /home/airflow/.local/lib/python3.8/site-packages/airflow/example_dags/example_setup_teardown_taskflow.py
[2023-10-11T03:55:12.347+0000] {processor.py:829} INFO - Processing file /home/airflow/.local/lib/python3.8/site-packages/airflow/example_dags/example_setup_teardown_taskflow.py for tasks to queue
[2023-10-11T03:55:12.350+0000] {logging_mixin.py:151} INFO - [2023-10-11T03:55:12.349+0000] {dagbag.py:539} INFO - Filling up the DagBag from /home/airflow/.local/lib/python3.8/site-packages/airflow/example_dags/example_setup_teardown_taskflow.py
[2023-10-11T03:55:12.359+0000] {processor.py:839} INFO - DAG(s) dict_keys(['example_setup_teardown_taskflow']) retrieved from /home/airflow/.local/lib/python3.8/site-packages/airflow/example_dags/example_setup_teardown_taskflow.py
[2023-10-11T03:55:12.383+0000] {logging_mixin.py:151} INFO - [2023-10-11T03:55:12.382+0000] {dag.py:2915} INFO - Sync 1 DAGs
[2023-10-11T03:55:12.402+0000] {logging_mixin.py:151} INFO - [2023-10-11T03:55:12.402+0000] {dag.py:3696} INFO - Setting next_dagrun for example_setup_teardown_taskflow to 2023-10-10T03:55:12.401941+00:00, run_after=2023-10-11T03:55:12.401941+00:00
[2023-10-11T03:55:12.422+0000] {processor.py:179} INFO - Processing /home/airflow/.local/lib/python3.8/site-packages/airflow/example_dags/example_setup_teardown_taskflow.py took 0.081 seconds
[2023-10-11T03:55:42.920+0000] {processor.py:157} INFO - Started process (PID=1885) to work on /home/airflow/.local/lib/python3.8/site-packages/airflow/example_dags/example_setup_teardown_taskflow.py
[2023-10-11T03:55:42.922+0000] {processor.py:829} INFO - Processing file /home/airflow/.local/lib/python3.8/site-packages/airflow/example_dags/example_setup_teardown_taskflow.py for tasks to queue
[2023-10-11T03:55:42.925+0000] {logging_mixin.py:151} INFO - [2023-10-11T03:55:42.925+0000] {dagbag.py:539} INFO - Filling up the DagBag from /home/airflow/.local/lib/python3.8/site-packages/airflow/example_dags/example_setup_teardown_taskflow.py
[2023-10-11T03:55:42.933+0000] {processor.py:839} INFO - DAG(s) dict_keys(['example_setup_teardown_taskflow']) retrieved from /home/airflow/.local/lib/python3.8/site-packages/airflow/example_dags/example_setup_teardown_taskflow.py
[2023-10-11T03:55:42.956+0000] {logging_mixin.py:151} INFO - [2023-10-11T03:55:42.956+0000] {dag.py:2915} INFO - Sync 1 DAGs
[2023-10-11T03:55:42.977+0000] {logging_mixin.py:151} INFO - [2023-10-11T03:55:42.976+0000] {dag.py:3696} INFO - Setting next_dagrun for example_setup_teardown_taskflow to 2023-10-10T03:55:42.976812+00:00, run_after=2023-10-11T03:55:42.976812+00:00
[2023-10-11T03:55:42.997+0000] {processor.py:179} INFO - Processing /home/airflow/.local/lib/python3.8/site-packages/airflow/example_dags/example_setup_teardown_taskflow.py took 0.082 seconds
[2023-10-11T03:56:13.334+0000] {processor.py:157} INFO - Started process (PID=1942) to work on /home/airflow/.local/lib/python3.8/site-packages/airflow/example_dags/example_setup_teardown_taskflow.py
[2023-10-11T03:56:13.335+0000] {processor.py:829} INFO - Processing file /home/airflow/.local/lib/python3.8/site-packages/airflow/example_dags/example_setup_teardown_taskflow.py for tasks to queue
[2023-10-11T03:56:13.338+0000] {logging_mixin.py:151} INFO - [2023-10-11T03:56:13.338+0000] {dagbag.py:539} INFO - Filling up the DagBag from /home/airflow/.local/lib/python3.8/site-packages/airflow/example_dags/example_setup_teardown_taskflow.py
[2023-10-11T03:56:13.346+0000] {processor.py:839} INFO - DAG(s) dict_keys(['example_setup_teardown_taskflow']) retrieved from /home/airflow/.local/lib/python3.8/site-packages/airflow/example_dags/example_setup_teardown_taskflow.py
[2023-10-11T03:56:13.369+0000] {logging_mixin.py:151} INFO - [2023-10-11T03:56:13.368+0000] {dag.py:2915} INFO - Sync 1 DAGs
[2023-10-11T03:56:13.388+0000] {logging_mixin.py:151} INFO - [2023-10-11T03:56:13.388+0000] {dag.py:3696} INFO - Setting next_dagrun for example_setup_teardown_taskflow to 2023-10-10T03:56:13.388143+00:00, run_after=2023-10-11T03:56:13.388143+00:00
[2023-10-11T03:56:13.408+0000] {processor.py:179} INFO - Processing /home/airflow/.local/lib/python3.8/site-packages/airflow/example_dags/example_setup_teardown_taskflow.py took 0.077 seconds
[2023-10-11T03:56:43.693+0000] {processor.py:157} INFO - Started process (PID=1999) to work on /home/airflow/.local/lib/python3.8/site-packages/airflow/example_dags/example_setup_teardown_taskflow.py
[2023-10-11T03:56:43.694+0000] {processor.py:829} INFO - Processing file /home/airflow/.local/lib/python3.8/site-packages/airflow/example_dags/example_setup_teardown_taskflow.py for tasks to queue
[2023-10-11T03:56:43.697+0000] {logging_mixin.py:151} INFO - [2023-10-11T03:56:43.696+0000] {dagbag.py:539} INFO - Filling up the DagBag from /home/airflow/.local/lib/python3.8/site-packages/airflow/example_dags/example_setup_teardown_taskflow.py
[2023-10-11T03:56:43.706+0000] {processor.py:839} INFO - DAG(s) dict_keys(['example_setup_teardown_taskflow']) retrieved from /home/airflow/.local/lib/python3.8/site-packages/airflow/example_dags/example_setup_teardown_taskflow.py
[2023-10-11T03:56:43.729+0000] {logging_mixin.py:151} INFO - [2023-10-11T03:56:43.728+0000] {dag.py:2915} INFO - Sync 1 DAGs
[2023-10-11T03:56:43.749+0000] {logging_mixin.py:151} INFO - [2023-10-11T03:56:43.748+0000] {dag.py:3696} INFO - Setting next_dagrun for example_setup_teardown_taskflow to 2023-10-10T03:56:43.748818+00:00, run_after=2023-10-11T03:56:43.748818+00:00
[2023-10-11T03:56:43.772+0000] {processor.py:179} INFO - Processing /home/airflow/.local/lib/python3.8/site-packages/airflow/example_dags/example_setup_teardown_taskflow.py took 0.082 seconds
[2023-10-11T03:57:14.141+0000] {processor.py:157} INFO - Started process (PID=2056) to work on /home/airflow/.local/lib/python3.8/site-packages/airflow/example_dags/example_setup_teardown_taskflow.py
[2023-10-11T03:57:14.142+0000] {processor.py:829} INFO - Processing file /home/airflow/.local/lib/python3.8/site-packages/airflow/example_dags/example_setup_teardown_taskflow.py for tasks to queue
[2023-10-11T03:57:14.145+0000] {logging_mixin.py:151} INFO - [2023-10-11T03:57:14.144+0000] {dagbag.py:539} INFO - Filling up the DagBag from /home/airflow/.local/lib/python3.8/site-packages/airflow/example_dags/example_setup_teardown_taskflow.py
[2023-10-11T03:57:14.154+0000] {processor.py:839} INFO - DAG(s) dict_keys(['example_setup_teardown_taskflow']) retrieved from /home/airflow/.local/lib/python3.8/site-packages/airflow/example_dags/example_setup_teardown_taskflow.py
[2023-10-11T03:57:14.174+0000] {logging_mixin.py:151} INFO - [2023-10-11T03:57:14.174+0000] {dag.py:2915} INFO - Sync 1 DAGs
[2023-10-11T03:57:14.194+0000] {logging_mixin.py:151} INFO - [2023-10-11T03:57:14.193+0000] {dag.py:3696} INFO - Setting next_dagrun for example_setup_teardown_taskflow to 2023-10-10T03:57:14.193585+00:00, run_after=2023-10-11T03:57:14.193585+00:00
[2023-10-11T03:57:14.213+0000] {processor.py:179} INFO - Processing /home/airflow/.local/lib/python3.8/site-packages/airflow/example_dags/example_setup_teardown_taskflow.py took 0.076 seconds
[2023-10-11T03:57:44.939+0000] {processor.py:157} INFO - Started process (PID=2113) to work on /home/airflow/.local/lib/python3.8/site-packages/airflow/example_dags/example_setup_teardown_taskflow.py
[2023-10-11T03:57:44.940+0000] {processor.py:829} INFO - Processing file /home/airflow/.local/lib/python3.8/site-packages/airflow/example_dags/example_setup_teardown_taskflow.py for tasks to queue
[2023-10-11T03:57:44.943+0000] {logging_mixin.py:151} INFO - [2023-10-11T03:57:44.943+0000] {dagbag.py:539} INFO - Filling up the DagBag from /home/airflow/.local/lib/python3.8/site-packages/airflow/example_dags/example_setup_teardown_taskflow.py
[2023-10-11T03:57:44.952+0000] {processor.py:839} INFO - DAG(s) dict_keys(['example_setup_teardown_taskflow']) retrieved from /home/airflow/.local/lib/python3.8/site-packages/airflow/example_dags/example_setup_teardown_taskflow.py
[2023-10-11T03:57:44.975+0000] {logging_mixin.py:151} INFO - [2023-10-11T03:57:44.974+0000] {dag.py:2915} INFO - Sync 1 DAGs
[2023-10-11T03:57:44.993+0000] {logging_mixin.py:151} INFO - [2023-10-11T03:57:44.993+0000] {dag.py:3696} INFO - Setting next_dagrun for example_setup_teardown_taskflow to 2023-10-10T03:57:44.993385+00:00, run_after=2023-10-11T03:57:44.993385+00:00
[2023-10-11T03:57:45.014+0000] {processor.py:179} INFO - Processing /home/airflow/.local/lib/python3.8/site-packages/airflow/example_dags/example_setup_teardown_taskflow.py took 0.079 seconds
[2023-10-11T03:58:15.221+0000] {processor.py:157} INFO - Started process (PID=2170) to work on /home/airflow/.local/lib/python3.8/site-packages/airflow/example_dags/example_setup_teardown_taskflow.py
[2023-10-11T03:58:15.222+0000] {processor.py:829} INFO - Processing file /home/airflow/.local/lib/python3.8/site-packages/airflow/example_dags/example_setup_teardown_taskflow.py for tasks to queue
[2023-10-11T03:58:15.224+0000] {logging_mixin.py:151} INFO - [2023-10-11T03:58:15.224+0000] {dagbag.py:539} INFO - Filling up the DagBag from /home/airflow/.local/lib/python3.8/site-packages/airflow/example_dags/example_setup_teardown_taskflow.py
[2023-10-11T03:58:15.232+0000] {processor.py:839} INFO - DAG(s) dict_keys(['example_setup_teardown_taskflow']) retrieved from /home/airflow/.local/lib/python3.8/site-packages/airflow/example_dags/example_setup_teardown_taskflow.py
[2023-10-11T03:58:15.254+0000] {logging_mixin.py:151} INFO - [2023-10-11T03:58:15.254+0000] {dag.py:2915} INFO - Sync 1 DAGs
[2023-10-11T03:58:15.273+0000] {logging_mixin.py:151} INFO - [2023-10-11T03:58:15.273+0000] {dag.py:3696} INFO - Setting next_dagrun for example_setup_teardown_taskflow to 2023-10-10T03:58:15.273443+00:00, run_after=2023-10-11T03:58:15.273443+00:00
[2023-10-11T03:58:15.293+0000] {processor.py:179} INFO - Processing /home/airflow/.local/lib/python3.8/site-packages/airflow/example_dags/example_setup_teardown_taskflow.py took 0.075 seconds
[2023-10-11T03:58:45.505+0000] {processor.py:157} INFO - Started process (PID=2227) to work on /home/airflow/.local/lib/python3.8/site-packages/airflow/example_dags/example_setup_teardown_taskflow.py
[2023-10-11T03:58:45.506+0000] {processor.py:829} INFO - Processing file /home/airflow/.local/lib/python3.8/site-packages/airflow/example_dags/example_setup_teardown_taskflow.py for tasks to queue
[2023-10-11T03:58:45.508+0000] {logging_mixin.py:151} INFO - [2023-10-11T03:58:45.508+0000] {dagbag.py:539} INFO - Filling up the DagBag from /home/airflow/.local/lib/python3.8/site-packages/airflow/example_dags/example_setup_teardown_taskflow.py
[2023-10-11T03:58:45.516+0000] {processor.py:839} INFO - DAG(s) dict_keys(['example_setup_teardown_taskflow']) retrieved from /home/airflow/.local/lib/python3.8/site-packages/airflow/example_dags/example_setup_teardown_taskflow.py
[2023-10-11T03:58:45.538+0000] {logging_mixin.py:151} INFO - [2023-10-11T03:58:45.538+0000] {dag.py:2915} INFO - Sync 1 DAGs
[2023-10-11T03:58:45.556+0000] {logging_mixin.py:151} INFO - [2023-10-11T03:58:45.555+0000] {dag.py:3696} INFO - Setting next_dagrun for example_setup_teardown_taskflow to 2023-10-10T03:58:45.555780+00:00, run_after=2023-10-11T03:58:45.555780+00:00
[2023-10-11T03:58:45.575+0000] {processor.py:179} INFO - Processing /home/airflow/.local/lib/python3.8/site-packages/airflow/example_dags/example_setup_teardown_taskflow.py took 0.073 seconds
[2023-10-11T03:59:15.924+0000] {processor.py:157} INFO - Started process (PID=2284) to work on /home/airflow/.local/lib/python3.8/site-packages/airflow/example_dags/example_setup_teardown_taskflow.py
[2023-10-11T03:59:15.925+0000] {processor.py:829} INFO - Processing file /home/airflow/.local/lib/python3.8/site-packages/airflow/example_dags/example_setup_teardown_taskflow.py for tasks to queue
[2023-10-11T03:59:15.928+0000] {logging_mixin.py:151} INFO - [2023-10-11T03:59:15.927+0000] {dagbag.py:539} INFO - Filling up the DagBag from /home/airflow/.local/lib/python3.8/site-packages/airflow/example_dags/example_setup_teardown_taskflow.py
[2023-10-11T03:59:15.937+0000] {processor.py:839} INFO - DAG(s) dict_keys(['example_setup_teardown_taskflow']) retrieved from /home/airflow/.local/lib/python3.8/site-packages/airflow/example_dags/example_setup_teardown_taskflow.py
[2023-10-11T03:59:15.961+0000] {logging_mixin.py:151} INFO - [2023-10-11T03:59:15.961+0000] {dag.py:2915} INFO - Sync 1 DAGs
[2023-10-11T03:59:15.982+0000] {logging_mixin.py:151} INFO - [2023-10-11T03:59:15.981+0000] {dag.py:3696} INFO - Setting next_dagrun for example_setup_teardown_taskflow to 2023-10-10T03:59:15.981511+00:00, run_after=2023-10-11T03:59:15.981511+00:00
[2023-10-11T03:59:16.005+0000] {processor.py:179} INFO - Processing /home/airflow/.local/lib/python3.8/site-packages/airflow/example_dags/example_setup_teardown_taskflow.py took 0.085 seconds
[2023-10-11T03:59:46.589+0000] {processor.py:157} INFO - Started process (PID=2341) to work on /home/airflow/.local/lib/python3.8/site-packages/airflow/example_dags/example_setup_teardown_taskflow.py
[2023-10-11T03:59:46.590+0000] {processor.py:829} INFO - Processing file /home/airflow/.local/lib/python3.8/site-packages/airflow/example_dags/example_setup_teardown_taskflow.py for tasks to queue
[2023-10-11T03:59:46.593+0000] {logging_mixin.py:151} INFO - [2023-10-11T03:59:46.592+0000] {dagbag.py:539} INFO - Filling up the DagBag from /home/airflow/.local/lib/python3.8/site-packages/airflow/example_dags/example_setup_teardown_taskflow.py
[2023-10-11T03:59:46.601+0000] {processor.py:839} INFO - DAG(s) dict_keys(['example_setup_teardown_taskflow']) retrieved from /home/airflow/.local/lib/python3.8/site-packages/airflow/example_dags/example_setup_teardown_taskflow.py
[2023-10-11T03:59:46.625+0000] {logging_mixin.py:151} INFO - [2023-10-11T03:59:46.625+0000] {dag.py:2915} INFO - Sync 1 DAGs
[2023-10-11T03:59:46.644+0000] {logging_mixin.py:151} INFO - [2023-10-11T03:59:46.644+0000] {dag.py:3696} INFO - Setting next_dagrun for example_setup_teardown_taskflow to 2023-10-10T03:59:46.644078+00:00, run_after=2023-10-11T03:59:46.644078+00:00
[2023-10-11T03:59:46.668+0000] {processor.py:179} INFO - Processing /home/airflow/.local/lib/python3.8/site-packages/airflow/example_dags/example_setup_teardown_taskflow.py took 0.082 seconds
[2023-10-11T04:00:16.952+0000] {processor.py:157} INFO - Started process (PID=2398) to work on /home/airflow/.local/lib/python3.8/site-packages/airflow/example_dags/example_setup_teardown_taskflow.py
[2023-10-11T04:00:16.954+0000] {processor.py:829} INFO - Processing file /home/airflow/.local/lib/python3.8/site-packages/airflow/example_dags/example_setup_teardown_taskflow.py for tasks to queue
[2023-10-11T04:00:16.957+0000] {logging_mixin.py:151} INFO - [2023-10-11T04:00:16.957+0000] {dagbag.py:539} INFO - Filling up the DagBag from /home/airflow/.local/lib/python3.8/site-packages/airflow/example_dags/example_setup_teardown_taskflow.py
[2023-10-11T04:00:16.966+0000] {processor.py:839} INFO - DAG(s) dict_keys(['example_setup_teardown_taskflow']) retrieved from /home/airflow/.local/lib/python3.8/site-packages/airflow/example_dags/example_setup_teardown_taskflow.py
[2023-10-11T04:00:16.991+0000] {logging_mixin.py:151} INFO - [2023-10-11T04:00:16.991+0000] {dag.py:2915} INFO - Sync 1 DAGs
[2023-10-11T04:00:17.011+0000] {logging_mixin.py:151} INFO - [2023-10-11T04:00:17.011+0000] {dag.py:3696} INFO - Setting next_dagrun for example_setup_teardown_taskflow to 2023-10-10T04:00:17.011108+00:00, run_after=2023-10-11T04:00:17.011108+00:00
[2023-10-11T04:00:17.032+0000] {processor.py:179} INFO - Processing /home/airflow/.local/lib/python3.8/site-packages/airflow/example_dags/example_setup_teardown_taskflow.py took 0.083 seconds
[2023-10-11T04:00:47.436+0000] {processor.py:157} INFO - Started process (PID=2455) to work on /home/airflow/.local/lib/python3.8/site-packages/airflow/example_dags/example_setup_teardown_taskflow.py
[2023-10-11T04:00:47.438+0000] {processor.py:829} INFO - Processing file /home/airflow/.local/lib/python3.8/site-packages/airflow/example_dags/example_setup_teardown_taskflow.py for tasks to queue
[2023-10-11T04:00:47.440+0000] {logging_mixin.py:151} INFO - [2023-10-11T04:00:47.440+0000] {dagbag.py:539} INFO - Filling up the DagBag from /home/airflow/.local/lib/python3.8/site-packages/airflow/example_dags/example_setup_teardown_taskflow.py
[2023-10-11T04:00:47.451+0000] {processor.py:839} INFO - DAG(s) dict_keys(['example_setup_teardown_taskflow']) retrieved from /home/airflow/.local/lib/python3.8/site-packages/airflow/example_dags/example_setup_teardown_taskflow.py
[2023-10-11T04:00:47.476+0000] {logging_mixin.py:151} INFO - [2023-10-11T04:00:47.476+0000] {dag.py:2915} INFO - Sync 1 DAGs
[2023-10-11T04:00:47.499+0000] {logging_mixin.py:151} INFO - [2023-10-11T04:00:47.499+0000] {dag.py:3696} INFO - Setting next_dagrun for example_setup_teardown_taskflow to 2023-10-10T04:00:47.498797+00:00, run_after=2023-10-11T04:00:47.498797+00:00
[2023-10-11T04:00:47.531+0000] {processor.py:179} INFO - Processing /home/airflow/.local/lib/python3.8/site-packages/airflow/example_dags/example_setup_teardown_taskflow.py took 0.099 seconds
[2023-10-11T04:01:17.697+0000] {processor.py:157} INFO - Started process (PID=2512) to work on /home/airflow/.local/lib/python3.8/site-packages/airflow/example_dags/example_setup_teardown_taskflow.py
[2023-10-11T04:01:17.699+0000] {processor.py:829} INFO - Processing file /home/airflow/.local/lib/python3.8/site-packages/airflow/example_dags/example_setup_teardown_taskflow.py for tasks to queue
[2023-10-11T04:01:17.701+0000] {logging_mixin.py:151} INFO - [2023-10-11T04:01:17.701+0000] {dagbag.py:539} INFO - Filling up the DagBag from /home/airflow/.local/lib/python3.8/site-packages/airflow/example_dags/example_setup_teardown_taskflow.py
[2023-10-11T04:01:17.709+0000] {processor.py:839} INFO - DAG(s) dict_keys(['example_setup_teardown_taskflow']) retrieved from /home/airflow/.local/lib/python3.8/site-packages/airflow/example_dags/example_setup_teardown_taskflow.py
[2023-10-11T04:01:17.732+0000] {logging_mixin.py:151} INFO - [2023-10-11T04:01:17.732+0000] {dag.py:2915} INFO - Sync 1 DAGs
[2023-10-11T04:01:17.751+0000] {logging_mixin.py:151} INFO - [2023-10-11T04:01:17.750+0000] {dag.py:3696} INFO - Setting next_dagrun for example_setup_teardown_taskflow to 2023-10-10T04:01:17.750686+00:00, run_after=2023-10-11T04:01:17.750686+00:00
[2023-10-11T04:01:17.771+0000] {processor.py:179} INFO - Processing /home/airflow/.local/lib/python3.8/site-packages/airflow/example_dags/example_setup_teardown_taskflow.py took 0.078 seconds
[2023-10-11T04:01:48.225+0000] {processor.py:157} INFO - Started process (PID=2569) to work on /home/airflow/.local/lib/python3.8/site-packages/airflow/example_dags/example_setup_teardown_taskflow.py
[2023-10-11T04:01:48.226+0000] {processor.py:829} INFO - Processing file /home/airflow/.local/lib/python3.8/site-packages/airflow/example_dags/example_setup_teardown_taskflow.py for tasks to queue
[2023-10-11T04:01:48.228+0000] {logging_mixin.py:151} INFO - [2023-10-11T04:01:48.228+0000] {dagbag.py:539} INFO - Filling up the DagBag from /home/airflow/.local/lib/python3.8/site-packages/airflow/example_dags/example_setup_teardown_taskflow.py
[2023-10-11T04:01:48.236+0000] {processor.py:839} INFO - DAG(s) dict_keys(['example_setup_teardown_taskflow']) retrieved from /home/airflow/.local/lib/python3.8/site-packages/airflow/example_dags/example_setup_teardown_taskflow.py
[2023-10-11T04:01:48.258+0000] {logging_mixin.py:151} INFO - [2023-10-11T04:01:48.258+0000] {dag.py:2915} INFO - Sync 1 DAGs
[2023-10-11T04:01:48.281+0000] {logging_mixin.py:151} INFO - [2023-10-11T04:01:48.280+0000] {dag.py:3696} INFO - Setting next_dagrun for example_setup_teardown_taskflow to 2023-10-10T04:01:48.280723+00:00, run_after=2023-10-11T04:01:48.280723+00:00
[2023-10-11T04:01:48.304+0000] {processor.py:179} INFO - Processing /home/airflow/.local/lib/python3.8/site-packages/airflow/example_dags/example_setup_teardown_taskflow.py took 0.082 seconds
[2023-10-11T04:02:18.866+0000] {processor.py:157} INFO - Started process (PID=2626) to work on /home/airflow/.local/lib/python3.8/site-packages/airflow/example_dags/example_setup_teardown_taskflow.py
[2023-10-11T04:02:18.868+0000] {processor.py:829} INFO - Processing file /home/airflow/.local/lib/python3.8/site-packages/airflow/example_dags/example_setup_teardown_taskflow.py for tasks to queue
[2023-10-11T04:02:18.872+0000] {logging_mixin.py:151} INFO - [2023-10-11T04:02:18.871+0000] {dagbag.py:539} INFO - Filling up the DagBag from /home/airflow/.local/lib/python3.8/site-packages/airflow/example_dags/example_setup_teardown_taskflow.py
[2023-10-11T04:02:18.884+0000] {processor.py:839} INFO - DAG(s) dict_keys(['example_setup_teardown_taskflow']) retrieved from /home/airflow/.local/lib/python3.8/site-packages/airflow/example_dags/example_setup_teardown_taskflow.py
[2023-10-11T04:02:18.913+0000] {logging_mixin.py:151} INFO - [2023-10-11T04:02:18.912+0000] {dag.py:2915} INFO - Sync 1 DAGs
[2023-10-11T04:02:18.938+0000] {logging_mixin.py:151} INFO - [2023-10-11T04:02:18.938+0000] {dag.py:3696} INFO - Setting next_dagrun for example_setup_teardown_taskflow to 2023-10-10T04:02:18.937976+00:00, run_after=2023-10-11T04:02:18.937976+00:00
[2023-10-11T04:02:18.964+0000] {processor.py:179} INFO - Processing /home/airflow/.local/lib/python3.8/site-packages/airflow/example_dags/example_setup_teardown_taskflow.py took 0.102 seconds
[2023-10-11T04:02:49.659+0000] {processor.py:157} INFO - Started process (PID=2683) to work on /home/airflow/.local/lib/python3.8/site-packages/airflow/example_dags/example_setup_teardown_taskflow.py
[2023-10-11T04:02:49.660+0000] {processor.py:829} INFO - Processing file /home/airflow/.local/lib/python3.8/site-packages/airflow/example_dags/example_setup_teardown_taskflow.py for tasks to queue
[2023-10-11T04:02:49.662+0000] {logging_mixin.py:151} INFO - [2023-10-11T04:02:49.662+0000] {dagbag.py:539} INFO - Filling up the DagBag from /home/airflow/.local/lib/python3.8/site-packages/airflow/example_dags/example_setup_teardown_taskflow.py
[2023-10-11T04:02:49.670+0000] {processor.py:839} INFO - DAG(s) dict_keys(['example_setup_teardown_taskflow']) retrieved from /home/airflow/.local/lib/python3.8/site-packages/airflow/example_dags/example_setup_teardown_taskflow.py
[2023-10-11T04:02:49.692+0000] {logging_mixin.py:151} INFO - [2023-10-11T04:02:49.692+0000] {dag.py:2915} INFO - Sync 1 DAGs
[2023-10-11T04:02:49.710+0000] {logging_mixin.py:151} INFO - [2023-10-11T04:02:49.710+0000] {dag.py:3696} INFO - Setting next_dagrun for example_setup_teardown_taskflow to 2023-10-10T04:02:49.710139+00:00, run_after=2023-10-11T04:02:49.710139+00:00
[2023-10-11T04:02:49.730+0000] {processor.py:179} INFO - Processing /home/airflow/.local/lib/python3.8/site-packages/airflow/example_dags/example_setup_teardown_taskflow.py took 0.074 seconds
[2023-10-11T04:03:20.443+0000] {processor.py:157} INFO - Started process (PID=2740) to work on /home/airflow/.local/lib/python3.8/site-packages/airflow/example_dags/example_setup_teardown_taskflow.py
[2023-10-11T04:03:20.445+0000] {processor.py:829} INFO - Processing file /home/airflow/.local/lib/python3.8/site-packages/airflow/example_dags/example_setup_teardown_taskflow.py for tasks to queue
[2023-10-11T04:03:20.448+0000] {logging_mixin.py:151} INFO - [2023-10-11T04:03:20.447+0000] {dagbag.py:539} INFO - Filling up the DagBag from /home/airflow/.local/lib/python3.8/site-packages/airflow/example_dags/example_setup_teardown_taskflow.py
[2023-10-11T04:03:20.456+0000] {processor.py:839} INFO - DAG(s) dict_keys(['example_setup_teardown_taskflow']) retrieved from /home/airflow/.local/lib/python3.8/site-packages/airflow/example_dags/example_setup_teardown_taskflow.py
[2023-10-11T04:03:20.479+0000] {logging_mixin.py:151} INFO - [2023-10-11T04:03:20.479+0000] {dag.py:2915} INFO - Sync 1 DAGs
[2023-10-11T04:03:20.503+0000] {logging_mixin.py:151} INFO - [2023-10-11T04:03:20.503+0000] {dag.py:3696} INFO - Setting next_dagrun for example_setup_teardown_taskflow to 2023-10-10T04:03:20.503402+00:00, run_after=2023-10-11T04:03:20.503402+00:00
[2023-10-11T04:03:20.540+0000] {processor.py:179} INFO - Processing /home/airflow/.local/lib/python3.8/site-packages/airflow/example_dags/example_setup_teardown_taskflow.py took 0.101 seconds
[2023-10-11T04:03:51.280+0000] {processor.py:157} INFO - Started process (PID=2799) to work on /home/airflow/.local/lib/python3.8/site-packages/airflow/example_dags/example_setup_teardown_taskflow.py
[2023-10-11T04:03:51.281+0000] {processor.py:829} INFO - Processing file /home/airflow/.local/lib/python3.8/site-packages/airflow/example_dags/example_setup_teardown_taskflow.py for tasks to queue
[2023-10-11T04:03:51.284+0000] {logging_mixin.py:151} INFO - [2023-10-11T04:03:51.283+0000] {dagbag.py:539} INFO - Filling up the DagBag from /home/airflow/.local/lib/python3.8/site-packages/airflow/example_dags/example_setup_teardown_taskflow.py
[2023-10-11T04:03:51.292+0000] {processor.py:839} INFO - DAG(s) dict_keys(['example_setup_teardown_taskflow']) retrieved from /home/airflow/.local/lib/python3.8/site-packages/airflow/example_dags/example_setup_teardown_taskflow.py
[2023-10-11T04:03:51.313+0000] {logging_mixin.py:151} INFO - [2023-10-11T04:03:51.313+0000] {dag.py:2915} INFO - Sync 1 DAGs
[2023-10-11T04:03:51.334+0000] {logging_mixin.py:151} INFO - [2023-10-11T04:03:51.334+0000] {dag.py:3696} INFO - Setting next_dagrun for example_setup_teardown_taskflow to 2023-10-10T04:03:51.333902+00:00, run_after=2023-10-11T04:03:51.333902+00:00
[2023-10-11T04:03:51.364+0000] {processor.py:179} INFO - Processing /home/airflow/.local/lib/python3.8/site-packages/airflow/example_dags/example_setup_teardown_taskflow.py took 0.088 seconds
[2023-10-11T04:04:21.533+0000] {processor.py:157} INFO - Started process (PID=2865) to work on /home/airflow/.local/lib/python3.8/site-packages/airflow/example_dags/example_setup_teardown_taskflow.py
[2023-10-11T04:04:21.535+0000] {processor.py:829} INFO - Processing file /home/airflow/.local/lib/python3.8/site-packages/airflow/example_dags/example_setup_teardown_taskflow.py for tasks to queue
[2023-10-11T04:04:21.537+0000] {logging_mixin.py:151} INFO - [2023-10-11T04:04:21.537+0000] {dagbag.py:539} INFO - Filling up the DagBag from /home/airflow/.local/lib/python3.8/site-packages/airflow/example_dags/example_setup_teardown_taskflow.py
[2023-10-11T04:04:21.546+0000] {processor.py:839} INFO - DAG(s) dict_keys(['example_setup_teardown_taskflow']) retrieved from /home/airflow/.local/lib/python3.8/site-packages/airflow/example_dags/example_setup_teardown_taskflow.py
[2023-10-11T04:04:21.570+0000] {logging_mixin.py:151} INFO - [2023-10-11T04:04:21.570+0000] {dag.py:2915} INFO - Sync 1 DAGs
[2023-10-11T04:04:21.587+0000] {logging_mixin.py:151} INFO - [2023-10-11T04:04:21.587+0000] {dag.py:3696} INFO - Setting next_dagrun for example_setup_teardown_taskflow to 2023-10-10T04:04:21.587620+00:00, run_after=2023-10-11T04:04:21.587620+00:00
[2023-10-11T04:04:21.607+0000] {processor.py:179} INFO - Processing /home/airflow/.local/lib/python3.8/site-packages/airflow/example_dags/example_setup_teardown_taskflow.py took 0.077 seconds
