[2023-10-11T03:39:28.066+0000] {processor.py:157} INFO - Started process (PID=64) to work on /home/airflow/.local/lib/python3.8/site-packages/airflow/example_dags/example_short_circuit_decorator.py
[2023-10-11T03:39:28.068+0000] {processor.py:829} INFO - Processing file /home/airflow/.local/lib/python3.8/site-packages/airflow/example_dags/example_short_circuit_decorator.py for tasks to queue
[2023-10-11T03:39:28.079+0000] {logging_mixin.py:151} INFO - [2023-10-11T03:39:28.078+0000] {dagbag.py:539} INFO - Filling up the DagBag from /home/airflow/.local/lib/python3.8/site-packages/airflow/example_dags/example_short_circuit_decorator.py
[2023-10-11T03:39:28.112+0000] {processor.py:839} INFO - DAG(s) dict_keys(['example_short_circuit_decorator']) retrieved from /home/airflow/.local/lib/python3.8/site-packages/airflow/example_dags/example_short_circuit_decorator.py
[2023-10-11T03:39:28.153+0000] {logging_mixin.py:151} INFO - [2023-10-11T03:39:28.152+0000] {dag.py:2915} INFO - Sync 1 DAGs
[2023-10-11T03:39:28.180+0000] {logging_mixin.py:151} INFO - [2023-10-11T03:39:28.180+0000] {dag.py:3696} INFO - Setting next_dagrun for example_short_circuit_decorator to 2023-10-10T03:39:28.180169+00:00, run_after=2023-10-11T03:39:28.180169+00:00
[2023-10-11T03:39:28.203+0000] {processor.py:179} INFO - Processing /home/airflow/.local/lib/python3.8/site-packages/airflow/example_dags/example_short_circuit_decorator.py took 0.143 seconds
[2023-10-11T03:39:58.983+0000] {processor.py:157} INFO - Started process (PID=121) to work on /home/airflow/.local/lib/python3.8/site-packages/airflow/example_dags/example_short_circuit_decorator.py
[2023-10-11T03:39:58.985+0000] {processor.py:829} INFO - Processing file /home/airflow/.local/lib/python3.8/site-packages/airflow/example_dags/example_short_circuit_decorator.py for tasks to queue
[2023-10-11T03:39:58.988+0000] {logging_mixin.py:151} INFO - [2023-10-11T03:39:58.988+0000] {dagbag.py:539} INFO - Filling up the DagBag from /home/airflow/.local/lib/python3.8/site-packages/airflow/example_dags/example_short_circuit_decorator.py
[2023-10-11T03:39:58.997+0000] {processor.py:839} INFO - DAG(s) dict_keys(['example_short_circuit_decorator']) retrieved from /home/airflow/.local/lib/python3.8/site-packages/airflow/example_dags/example_short_circuit_decorator.py
[2023-10-11T03:39:59.020+0000] {logging_mixin.py:151} INFO - [2023-10-11T03:39:59.020+0000] {dag.py:2915} INFO - Sync 1 DAGs
[2023-10-11T03:39:59.039+0000] {logging_mixin.py:151} INFO - [2023-10-11T03:39:59.039+0000] {dag.py:3696} INFO - Setting next_dagrun for example_short_circuit_decorator to 2023-10-10T03:39:59.039541+00:00, run_after=2023-10-11T03:39:59.039541+00:00
[2023-10-11T03:39:59.058+0000] {processor.py:179} INFO - Processing /home/airflow/.local/lib/python3.8/site-packages/airflow/example_dags/example_short_circuit_decorator.py took 0.078 seconds
[2023-10-11T03:40:29.476+0000] {processor.py:157} INFO - Started process (PID=178) to work on /home/airflow/.local/lib/python3.8/site-packages/airflow/example_dags/example_short_circuit_decorator.py
[2023-10-11T03:40:29.478+0000] {processor.py:829} INFO - Processing file /home/airflow/.local/lib/python3.8/site-packages/airflow/example_dags/example_short_circuit_decorator.py for tasks to queue
[2023-10-11T03:40:29.481+0000] {logging_mixin.py:151} INFO - [2023-10-11T03:40:29.481+0000] {dagbag.py:539} INFO - Filling up the DagBag from /home/airflow/.local/lib/python3.8/site-packages/airflow/example_dags/example_short_circuit_decorator.py
[2023-10-11T03:40:29.489+0000] {processor.py:839} INFO - DAG(s) dict_keys(['example_short_circuit_decorator']) retrieved from /home/airflow/.local/lib/python3.8/site-packages/airflow/example_dags/example_short_circuit_decorator.py
[2023-10-11T03:40:29.512+0000] {logging_mixin.py:151} INFO - [2023-10-11T03:40:29.511+0000] {dag.py:2915} INFO - Sync 1 DAGs
[2023-10-11T03:40:29.531+0000] {logging_mixin.py:151} INFO - [2023-10-11T03:40:29.531+0000] {dag.py:3696} INFO - Setting next_dagrun for example_short_circuit_decorator to 2023-10-10T03:40:29.531234+00:00, run_after=2023-10-11T03:40:29.531234+00:00
[2023-10-11T03:40:29.551+0000] {processor.py:179} INFO - Processing /home/airflow/.local/lib/python3.8/site-packages/airflow/example_dags/example_short_circuit_decorator.py took 0.078 seconds
[2023-10-11T03:41:00.213+0000] {processor.py:157} INFO - Started process (PID=235) to work on /home/airflow/.local/lib/python3.8/site-packages/airflow/example_dags/example_short_circuit_decorator.py
[2023-10-11T03:41:00.214+0000] {processor.py:829} INFO - Processing file /home/airflow/.local/lib/python3.8/site-packages/airflow/example_dags/example_short_circuit_decorator.py for tasks to queue
[2023-10-11T03:41:00.217+0000] {logging_mixin.py:151} INFO - [2023-10-11T03:41:00.217+0000] {dagbag.py:539} INFO - Filling up the DagBag from /home/airflow/.local/lib/python3.8/site-packages/airflow/example_dags/example_short_circuit_decorator.py
[2023-10-11T03:41:00.225+0000] {processor.py:839} INFO - DAG(s) dict_keys(['example_short_circuit_decorator']) retrieved from /home/airflow/.local/lib/python3.8/site-packages/airflow/example_dags/example_short_circuit_decorator.py
[2023-10-11T03:41:00.249+0000] {logging_mixin.py:151} INFO - [2023-10-11T03:41:00.248+0000] {dag.py:2915} INFO - Sync 1 DAGs
[2023-10-11T03:41:00.280+0000] {logging_mixin.py:151} INFO - [2023-10-11T03:41:00.279+0000] {dag.py:3696} INFO - Setting next_dagrun for example_short_circuit_decorator to 2023-10-10T03:41:00.279467+00:00, run_after=2023-10-11T03:41:00.279467+00:00
[2023-10-11T03:41:00.314+0000] {processor.py:179} INFO - Processing /home/airflow/.local/lib/python3.8/site-packages/airflow/example_dags/example_short_circuit_decorator.py took 0.104 seconds
[2023-10-11T03:41:30.635+0000] {processor.py:157} INFO - Started process (PID=292) to work on /home/airflow/.local/lib/python3.8/site-packages/airflow/example_dags/example_short_circuit_decorator.py
[2023-10-11T03:41:30.637+0000] {processor.py:829} INFO - Processing file /home/airflow/.local/lib/python3.8/site-packages/airflow/example_dags/example_short_circuit_decorator.py for tasks to queue
[2023-10-11T03:41:30.641+0000] {logging_mixin.py:151} INFO - [2023-10-11T03:41:30.640+0000] {dagbag.py:539} INFO - Filling up the DagBag from /home/airflow/.local/lib/python3.8/site-packages/airflow/example_dags/example_short_circuit_decorator.py
[2023-10-11T03:41:30.654+0000] {processor.py:839} INFO - DAG(s) dict_keys(['example_short_circuit_decorator']) retrieved from /home/airflow/.local/lib/python3.8/site-packages/airflow/example_dags/example_short_circuit_decorator.py
[2023-10-11T03:41:30.696+0000] {logging_mixin.py:151} INFO - [2023-10-11T03:41:30.696+0000] {dag.py:2915} INFO - Sync 1 DAGs
[2023-10-11T03:41:30.746+0000] {logging_mixin.py:151} INFO - [2023-10-11T03:41:30.745+0000] {dag.py:3696} INFO - Setting next_dagrun for example_short_circuit_decorator to 2023-10-10T03:41:30.745465+00:00, run_after=2023-10-11T03:41:30.745465+00:00
[2023-10-11T03:41:30.801+0000] {processor.py:179} INFO - Processing /home/airflow/.local/lib/python3.8/site-packages/airflow/example_dags/example_short_circuit_decorator.py took 0.171 seconds
[2023-10-11T03:42:01.070+0000] {processor.py:157} INFO - Started process (PID=349) to work on /home/airflow/.local/lib/python3.8/site-packages/airflow/example_dags/example_short_circuit_decorator.py
[2023-10-11T03:42:01.074+0000] {processor.py:829} INFO - Processing file /home/airflow/.local/lib/python3.8/site-packages/airflow/example_dags/example_short_circuit_decorator.py for tasks to queue
[2023-10-11T03:42:01.079+0000] {logging_mixin.py:151} INFO - [2023-10-11T03:42:01.078+0000] {dagbag.py:539} INFO - Filling up the DagBag from /home/airflow/.local/lib/python3.8/site-packages/airflow/example_dags/example_short_circuit_decorator.py
[2023-10-11T03:42:01.096+0000] {processor.py:839} INFO - DAG(s) dict_keys(['example_short_circuit_decorator']) retrieved from /home/airflow/.local/lib/python3.8/site-packages/airflow/example_dags/example_short_circuit_decorator.py
[2023-10-11T03:42:01.147+0000] {logging_mixin.py:151} INFO - [2023-10-11T03:42:01.146+0000] {dag.py:2915} INFO - Sync 1 DAGs
[2023-10-11T03:42:01.180+0000] {logging_mixin.py:151} INFO - [2023-10-11T03:42:01.179+0000] {dag.py:3696} INFO - Setting next_dagrun for example_short_circuit_decorator to 2023-10-10T03:42:01.179048+00:00, run_after=2023-10-11T03:42:01.179048+00:00
[2023-10-11T03:42:01.210+0000] {processor.py:179} INFO - Processing /home/airflow/.local/lib/python3.8/site-packages/airflow/example_dags/example_short_circuit_decorator.py took 0.146 seconds
[2023-10-11T03:42:31.477+0000] {processor.py:157} INFO - Started process (PID=406) to work on /home/airflow/.local/lib/python3.8/site-packages/airflow/example_dags/example_short_circuit_decorator.py
[2023-10-11T03:42:31.479+0000] {processor.py:829} INFO - Processing file /home/airflow/.local/lib/python3.8/site-packages/airflow/example_dags/example_short_circuit_decorator.py for tasks to queue
[2023-10-11T03:42:31.484+0000] {logging_mixin.py:151} INFO - [2023-10-11T03:42:31.483+0000] {dagbag.py:539} INFO - Filling up the DagBag from /home/airflow/.local/lib/python3.8/site-packages/airflow/example_dags/example_short_circuit_decorator.py
[2023-10-11T03:42:31.499+0000] {processor.py:839} INFO - DAG(s) dict_keys(['example_short_circuit_decorator']) retrieved from /home/airflow/.local/lib/python3.8/site-packages/airflow/example_dags/example_short_circuit_decorator.py
[2023-10-11T03:42:31.531+0000] {logging_mixin.py:151} INFO - [2023-10-11T03:42:31.531+0000] {dag.py:2915} INFO - Sync 1 DAGs
[2023-10-11T03:42:31.559+0000] {logging_mixin.py:151} INFO - [2023-10-11T03:42:31.559+0000] {dag.py:3696} INFO - Setting next_dagrun for example_short_circuit_decorator to 2023-10-10T03:42:31.558716+00:00, run_after=2023-10-11T03:42:31.558716+00:00
[2023-10-11T03:42:31.589+0000] {processor.py:179} INFO - Processing /home/airflow/.local/lib/python3.8/site-packages/airflow/example_dags/example_short_circuit_decorator.py took 0.117 seconds
[2023-10-11T03:43:02.158+0000] {processor.py:157} INFO - Started process (PID=462) to work on /home/airflow/.local/lib/python3.8/site-packages/airflow/example_dags/example_short_circuit_decorator.py
[2023-10-11T03:43:02.160+0000] {processor.py:829} INFO - Processing file /home/airflow/.local/lib/python3.8/site-packages/airflow/example_dags/example_short_circuit_decorator.py for tasks to queue
[2023-10-11T03:43:02.163+0000] {logging_mixin.py:151} INFO - [2023-10-11T03:43:02.163+0000] {dagbag.py:539} INFO - Filling up the DagBag from /home/airflow/.local/lib/python3.8/site-packages/airflow/example_dags/example_short_circuit_decorator.py
[2023-10-11T03:43:02.178+0000] {processor.py:839} INFO - DAG(s) dict_keys(['example_short_circuit_decorator']) retrieved from /home/airflow/.local/lib/python3.8/site-packages/airflow/example_dags/example_short_circuit_decorator.py
[2023-10-11T03:43:02.212+0000] {logging_mixin.py:151} INFO - [2023-10-11T03:43:02.212+0000] {dag.py:2915} INFO - Sync 1 DAGs
[2023-10-11T03:43:02.254+0000] {logging_mixin.py:151} INFO - [2023-10-11T03:43:02.254+0000] {dag.py:3696} INFO - Setting next_dagrun for example_short_circuit_decorator to 2023-10-10T03:43:02.254019+00:00, run_after=2023-10-11T03:43:02.254019+00:00
[2023-10-11T03:43:02.279+0000] {processor.py:179} INFO - Processing /home/airflow/.local/lib/python3.8/site-packages/airflow/example_dags/example_short_circuit_decorator.py took 0.126 seconds
[2023-10-11T03:43:32.387+0000] {processor.py:157} INFO - Started process (PID=519) to work on /home/airflow/.local/lib/python3.8/site-packages/airflow/example_dags/example_short_circuit_decorator.py
[2023-10-11T03:43:32.388+0000] {processor.py:829} INFO - Processing file /home/airflow/.local/lib/python3.8/site-packages/airflow/example_dags/example_short_circuit_decorator.py for tasks to queue
[2023-10-11T03:43:32.390+0000] {logging_mixin.py:151} INFO - [2023-10-11T03:43:32.390+0000] {dagbag.py:539} INFO - Filling up the DagBag from /home/airflow/.local/lib/python3.8/site-packages/airflow/example_dags/example_short_circuit_decorator.py
[2023-10-11T03:43:32.401+0000] {processor.py:839} INFO - DAG(s) dict_keys(['example_short_circuit_decorator']) retrieved from /home/airflow/.local/lib/python3.8/site-packages/airflow/example_dags/example_short_circuit_decorator.py
[2023-10-11T03:43:32.427+0000] {logging_mixin.py:151} INFO - [2023-10-11T03:43:32.426+0000] {dag.py:2915} INFO - Sync 1 DAGs
[2023-10-11T03:43:32.451+0000] {logging_mixin.py:151} INFO - [2023-10-11T03:43:32.451+0000] {dag.py:3696} INFO - Setting next_dagrun for example_short_circuit_decorator to 2023-10-10T03:43:32.451309+00:00, run_after=2023-10-11T03:43:32.451309+00:00
[2023-10-11T03:43:32.474+0000] {processor.py:179} INFO - Processing /home/airflow/.local/lib/python3.8/site-packages/airflow/example_dags/example_short_circuit_decorator.py took 0.090 seconds
[2023-10-11T03:44:02.750+0000] {processor.py:157} INFO - Started process (PID=576) to work on /home/airflow/.local/lib/python3.8/site-packages/airflow/example_dags/example_short_circuit_decorator.py
[2023-10-11T03:44:02.752+0000] {processor.py:829} INFO - Processing file /home/airflow/.local/lib/python3.8/site-packages/airflow/example_dags/example_short_circuit_decorator.py for tasks to queue
[2023-10-11T03:44:02.755+0000] {logging_mixin.py:151} INFO - [2023-10-11T03:44:02.755+0000] {dagbag.py:539} INFO - Filling up the DagBag from /home/airflow/.local/lib/python3.8/site-packages/airflow/example_dags/example_short_circuit_decorator.py
[2023-10-11T03:44:02.767+0000] {processor.py:839} INFO - DAG(s) dict_keys(['example_short_circuit_decorator']) retrieved from /home/airflow/.local/lib/python3.8/site-packages/airflow/example_dags/example_short_circuit_decorator.py
[2023-10-11T03:44:02.795+0000] {logging_mixin.py:151} INFO - [2023-10-11T03:44:02.795+0000] {dag.py:2915} INFO - Sync 1 DAGs
[2023-10-11T03:44:02.829+0000] {logging_mixin.py:151} INFO - [2023-10-11T03:44:02.829+0000] {dag.py:3696} INFO - Setting next_dagrun for example_short_circuit_decorator to 2023-10-10T03:44:02.828848+00:00, run_after=2023-10-11T03:44:02.828848+00:00
[2023-10-11T03:44:02.867+0000] {processor.py:179} INFO - Processing /home/airflow/.local/lib/python3.8/site-packages/airflow/example_dags/example_short_circuit_decorator.py took 0.120 seconds
[2023-10-11T03:44:33.310+0000] {processor.py:157} INFO - Started process (PID=633) to work on /home/airflow/.local/lib/python3.8/site-packages/airflow/example_dags/example_short_circuit_decorator.py
[2023-10-11T03:44:33.311+0000] {processor.py:829} INFO - Processing file /home/airflow/.local/lib/python3.8/site-packages/airflow/example_dags/example_short_circuit_decorator.py for tasks to queue
[2023-10-11T03:44:33.314+0000] {logging_mixin.py:151} INFO - [2023-10-11T03:44:33.314+0000] {dagbag.py:539} INFO - Filling up the DagBag from /home/airflow/.local/lib/python3.8/site-packages/airflow/example_dags/example_short_circuit_decorator.py
[2023-10-11T03:44:33.323+0000] {processor.py:839} INFO - DAG(s) dict_keys(['example_short_circuit_decorator']) retrieved from /home/airflow/.local/lib/python3.8/site-packages/airflow/example_dags/example_short_circuit_decorator.py
[2023-10-11T03:44:33.350+0000] {logging_mixin.py:151} INFO - [2023-10-11T03:44:33.349+0000] {dag.py:2915} INFO - Sync 1 DAGs
[2023-10-11T03:44:33.377+0000] {logging_mixin.py:151} INFO - [2023-10-11T03:44:33.376+0000] {dag.py:3696} INFO - Setting next_dagrun for example_short_circuit_decorator to 2023-10-10T03:44:33.376758+00:00, run_after=2023-10-11T03:44:33.376758+00:00
[2023-10-11T03:44:33.401+0000] {processor.py:179} INFO - Processing /home/airflow/.local/lib/python3.8/site-packages/airflow/example_dags/example_short_circuit_decorator.py took 0.095 seconds
[2023-10-11T03:45:03.748+0000] {processor.py:157} INFO - Started process (PID=690) to work on /home/airflow/.local/lib/python3.8/site-packages/airflow/example_dags/example_short_circuit_decorator.py
[2023-10-11T03:45:03.750+0000] {processor.py:829} INFO - Processing file /home/airflow/.local/lib/python3.8/site-packages/airflow/example_dags/example_short_circuit_decorator.py for tasks to queue
[2023-10-11T03:45:03.753+0000] {logging_mixin.py:151} INFO - [2023-10-11T03:45:03.753+0000] {dagbag.py:539} INFO - Filling up the DagBag from /home/airflow/.local/lib/python3.8/site-packages/airflow/example_dags/example_short_circuit_decorator.py
[2023-10-11T03:45:03.767+0000] {processor.py:839} INFO - DAG(s) dict_keys(['example_short_circuit_decorator']) retrieved from /home/airflow/.local/lib/python3.8/site-packages/airflow/example_dags/example_short_circuit_decorator.py
[2023-10-11T03:45:03.791+0000] {logging_mixin.py:151} INFO - [2023-10-11T03:45:03.791+0000] {dag.py:2915} INFO - Sync 1 DAGs
[2023-10-11T03:45:03.811+0000] {logging_mixin.py:151} INFO - [2023-10-11T03:45:03.810+0000] {dag.py:3696} INFO - Setting next_dagrun for example_short_circuit_decorator to 2023-10-10T03:45:03.810717+00:00, run_after=2023-10-11T03:45:03.810717+00:00
[2023-10-11T03:45:03.833+0000] {processor.py:179} INFO - Processing /home/airflow/.local/lib/python3.8/site-packages/airflow/example_dags/example_short_circuit_decorator.py took 0.090 seconds
[2023-10-11T03:45:34.130+0000] {processor.py:157} INFO - Started process (PID=747) to work on /home/airflow/.local/lib/python3.8/site-packages/airflow/example_dags/example_short_circuit_decorator.py
[2023-10-11T03:45:34.131+0000] {processor.py:829} INFO - Processing file /home/airflow/.local/lib/python3.8/site-packages/airflow/example_dags/example_short_circuit_decorator.py for tasks to queue
[2023-10-11T03:45:34.134+0000] {logging_mixin.py:151} INFO - [2023-10-11T03:45:34.133+0000] {dagbag.py:539} INFO - Filling up the DagBag from /home/airflow/.local/lib/python3.8/site-packages/airflow/example_dags/example_short_circuit_decorator.py
[2023-10-11T03:45:34.142+0000] {processor.py:839} INFO - DAG(s) dict_keys(['example_short_circuit_decorator']) retrieved from /home/airflow/.local/lib/python3.8/site-packages/airflow/example_dags/example_short_circuit_decorator.py
[2023-10-11T03:45:34.165+0000] {logging_mixin.py:151} INFO - [2023-10-11T03:45:34.165+0000] {dag.py:2915} INFO - Sync 1 DAGs
[2023-10-11T03:45:34.185+0000] {logging_mixin.py:151} INFO - [2023-10-11T03:45:34.185+0000] {dag.py:3696} INFO - Setting next_dagrun for example_short_circuit_decorator to 2023-10-10T03:45:34.185225+00:00, run_after=2023-10-11T03:45:34.185225+00:00
[2023-10-11T03:45:34.205+0000] {processor.py:179} INFO - Processing /home/airflow/.local/lib/python3.8/site-packages/airflow/example_dags/example_short_circuit_decorator.py took 0.078 seconds
[2023-10-11T03:46:04.544+0000] {processor.py:157} INFO - Started process (PID=804) to work on /home/airflow/.local/lib/python3.8/site-packages/airflow/example_dags/example_short_circuit_decorator.py
[2023-10-11T03:46:04.545+0000] {processor.py:829} INFO - Processing file /home/airflow/.local/lib/python3.8/site-packages/airflow/example_dags/example_short_circuit_decorator.py for tasks to queue
[2023-10-11T03:46:04.547+0000] {logging_mixin.py:151} INFO - [2023-10-11T03:46:04.547+0000] {dagbag.py:539} INFO - Filling up the DagBag from /home/airflow/.local/lib/python3.8/site-packages/airflow/example_dags/example_short_circuit_decorator.py
[2023-10-11T03:46:04.555+0000] {processor.py:839} INFO - DAG(s) dict_keys(['example_short_circuit_decorator']) retrieved from /home/airflow/.local/lib/python3.8/site-packages/airflow/example_dags/example_short_circuit_decorator.py
[2023-10-11T03:46:04.579+0000] {logging_mixin.py:151} INFO - [2023-10-11T03:46:04.579+0000] {dag.py:2915} INFO - Sync 1 DAGs
[2023-10-11T03:46:04.597+0000] {logging_mixin.py:151} INFO - [2023-10-11T03:46:04.597+0000] {dag.py:3696} INFO - Setting next_dagrun for example_short_circuit_decorator to 2023-10-10T03:46:04.597290+00:00, run_after=2023-10-11T03:46:04.597290+00:00
[2023-10-11T03:46:04.621+0000] {processor.py:179} INFO - Processing /home/airflow/.local/lib/python3.8/site-packages/airflow/example_dags/example_short_circuit_decorator.py took 0.081 seconds
[2023-10-11T03:46:35.504+0000] {processor.py:157} INFO - Started process (PID=861) to work on /home/airflow/.local/lib/python3.8/site-packages/airflow/example_dags/example_short_circuit_decorator.py
[2023-10-11T03:46:35.508+0000] {processor.py:829} INFO - Processing file /home/airflow/.local/lib/python3.8/site-packages/airflow/example_dags/example_short_circuit_decorator.py for tasks to queue
[2023-10-11T03:46:35.514+0000] {logging_mixin.py:151} INFO - [2023-10-11T03:46:35.514+0000] {dagbag.py:539} INFO - Filling up the DagBag from /home/airflow/.local/lib/python3.8/site-packages/airflow/example_dags/example_short_circuit_decorator.py
[2023-10-11T03:46:35.526+0000] {processor.py:839} INFO - DAG(s) dict_keys(['example_short_circuit_decorator']) retrieved from /home/airflow/.local/lib/python3.8/site-packages/airflow/example_dags/example_short_circuit_decorator.py
[2023-10-11T03:46:35.552+0000] {logging_mixin.py:151} INFO - [2023-10-11T03:46:35.552+0000] {dag.py:2915} INFO - Sync 1 DAGs
[2023-10-11T03:46:35.569+0000] {logging_mixin.py:151} INFO - [2023-10-11T03:46:35.569+0000] {dag.py:3696} INFO - Setting next_dagrun for example_short_circuit_decorator to 2023-10-10T03:46:35.569489+00:00, run_after=2023-10-11T03:46:35.569489+00:00
[2023-10-11T03:46:35.588+0000] {processor.py:179} INFO - Processing /home/airflow/.local/lib/python3.8/site-packages/airflow/example_dags/example_short_circuit_decorator.py took 0.088 seconds
[2023-10-11T03:47:05.939+0000] {processor.py:157} INFO - Started process (PID=918) to work on /home/airflow/.local/lib/python3.8/site-packages/airflow/example_dags/example_short_circuit_decorator.py
[2023-10-11T03:47:05.941+0000] {processor.py:829} INFO - Processing file /home/airflow/.local/lib/python3.8/site-packages/airflow/example_dags/example_short_circuit_decorator.py for tasks to queue
[2023-10-11T03:47:05.944+0000] {logging_mixin.py:151} INFO - [2023-10-11T03:47:05.944+0000] {dagbag.py:539} INFO - Filling up the DagBag from /home/airflow/.local/lib/python3.8/site-packages/airflow/example_dags/example_short_circuit_decorator.py
[2023-10-11T03:47:05.952+0000] {processor.py:839} INFO - DAG(s) dict_keys(['example_short_circuit_decorator']) retrieved from /home/airflow/.local/lib/python3.8/site-packages/airflow/example_dags/example_short_circuit_decorator.py
[2023-10-11T03:47:05.980+0000] {logging_mixin.py:151} INFO - [2023-10-11T03:47:05.979+0000] {dag.py:2915} INFO - Sync 1 DAGs
[2023-10-11T03:47:06.005+0000] {logging_mixin.py:151} INFO - [2023-10-11T03:47:06.004+0000] {dag.py:3696} INFO - Setting next_dagrun for example_short_circuit_decorator to 2023-10-10T03:47:06.004542+00:00, run_after=2023-10-11T03:47:06.004542+00:00
[2023-10-11T03:47:06.030+0000] {processor.py:179} INFO - Processing /home/airflow/.local/lib/python3.8/site-packages/airflow/example_dags/example_short_circuit_decorator.py took 0.093 seconds
[2023-10-11T03:47:36.278+0000] {processor.py:157} INFO - Started process (PID=975) to work on /home/airflow/.local/lib/python3.8/site-packages/airflow/example_dags/example_short_circuit_decorator.py
[2023-10-11T03:47:36.280+0000] {processor.py:829} INFO - Processing file /home/airflow/.local/lib/python3.8/site-packages/airflow/example_dags/example_short_circuit_decorator.py for tasks to queue
[2023-10-11T03:47:36.284+0000] {logging_mixin.py:151} INFO - [2023-10-11T03:47:36.284+0000] {dagbag.py:539} INFO - Filling up the DagBag from /home/airflow/.local/lib/python3.8/site-packages/airflow/example_dags/example_short_circuit_decorator.py
[2023-10-11T03:47:36.295+0000] {processor.py:839} INFO - DAG(s) dict_keys(['example_short_circuit_decorator']) retrieved from /home/airflow/.local/lib/python3.8/site-packages/airflow/example_dags/example_short_circuit_decorator.py
[2023-10-11T03:47:36.320+0000] {logging_mixin.py:151} INFO - [2023-10-11T03:47:36.320+0000] {dag.py:2915} INFO - Sync 1 DAGs
[2023-10-11T03:47:36.340+0000] {logging_mixin.py:151} INFO - [2023-10-11T03:47:36.340+0000] {dag.py:3696} INFO - Setting next_dagrun for example_short_circuit_decorator to 2023-10-10T03:47:36.340183+00:00, run_after=2023-10-11T03:47:36.340183+00:00
[2023-10-11T03:47:36.363+0000] {processor.py:179} INFO - Processing /home/airflow/.local/lib/python3.8/site-packages/airflow/example_dags/example_short_circuit_decorator.py took 0.088 seconds
[2023-10-11T03:48:06.678+0000] {processor.py:157} INFO - Started process (PID=1032) to work on /home/airflow/.local/lib/python3.8/site-packages/airflow/example_dags/example_short_circuit_decorator.py
[2023-10-11T03:48:06.679+0000] {processor.py:829} INFO - Processing file /home/airflow/.local/lib/python3.8/site-packages/airflow/example_dags/example_short_circuit_decorator.py for tasks to queue
[2023-10-11T03:48:06.682+0000] {logging_mixin.py:151} INFO - [2023-10-11T03:48:06.682+0000] {dagbag.py:539} INFO - Filling up the DagBag from /home/airflow/.local/lib/python3.8/site-packages/airflow/example_dags/example_short_circuit_decorator.py
[2023-10-11T03:48:06.690+0000] {processor.py:839} INFO - DAG(s) dict_keys(['example_short_circuit_decorator']) retrieved from /home/airflow/.local/lib/python3.8/site-packages/airflow/example_dags/example_short_circuit_decorator.py
[2023-10-11T03:48:06.713+0000] {logging_mixin.py:151} INFO - [2023-10-11T03:48:06.713+0000] {dag.py:2915} INFO - Sync 1 DAGs
[2023-10-11T03:48:06.733+0000] {logging_mixin.py:151} INFO - [2023-10-11T03:48:06.733+0000] {dag.py:3696} INFO - Setting next_dagrun for example_short_circuit_decorator to 2023-10-10T03:48:06.733448+00:00, run_after=2023-10-11T03:48:06.733448+00:00
[2023-10-11T03:48:06.755+0000] {processor.py:179} INFO - Processing /home/airflow/.local/lib/python3.8/site-packages/airflow/example_dags/example_short_circuit_decorator.py took 0.081 seconds
[2023-10-11T03:48:37.117+0000] {processor.py:157} INFO - Started process (PID=1089) to work on /home/airflow/.local/lib/python3.8/site-packages/airflow/example_dags/example_short_circuit_decorator.py
[2023-10-11T03:48:37.118+0000] {processor.py:829} INFO - Processing file /home/airflow/.local/lib/python3.8/site-packages/airflow/example_dags/example_short_circuit_decorator.py for tasks to queue
[2023-10-11T03:48:37.120+0000] {logging_mixin.py:151} INFO - [2023-10-11T03:48:37.120+0000] {dagbag.py:539} INFO - Filling up the DagBag from /home/airflow/.local/lib/python3.8/site-packages/airflow/example_dags/example_short_circuit_decorator.py
[2023-10-11T03:48:37.130+0000] {processor.py:839} INFO - DAG(s) dict_keys(['example_short_circuit_decorator']) retrieved from /home/airflow/.local/lib/python3.8/site-packages/airflow/example_dags/example_short_circuit_decorator.py
[2023-10-11T03:48:37.156+0000] {logging_mixin.py:151} INFO - [2023-10-11T03:48:37.156+0000] {dag.py:2915} INFO - Sync 1 DAGs
[2023-10-11T03:48:37.176+0000] {logging_mixin.py:151} INFO - [2023-10-11T03:48:37.176+0000] {dag.py:3696} INFO - Setting next_dagrun for example_short_circuit_decorator to 2023-10-10T03:48:37.176054+00:00, run_after=2023-10-11T03:48:37.176054+00:00
[2023-10-11T03:48:37.198+0000] {processor.py:179} INFO - Processing /home/airflow/.local/lib/python3.8/site-packages/airflow/example_dags/example_short_circuit_decorator.py took 0.085 seconds
[2023-10-11T03:49:07.680+0000] {processor.py:157} INFO - Started process (PID=1153) to work on /home/airflow/.local/lib/python3.8/site-packages/airflow/example_dags/example_short_circuit_decorator.py
[2023-10-11T03:49:07.681+0000] {processor.py:829} INFO - Processing file /home/airflow/.local/lib/python3.8/site-packages/airflow/example_dags/example_short_circuit_decorator.py for tasks to queue
[2023-10-11T03:49:07.683+0000] {logging_mixin.py:151} INFO - [2023-10-11T03:49:07.683+0000] {dagbag.py:539} INFO - Filling up the DagBag from /home/airflow/.local/lib/python3.8/site-packages/airflow/example_dags/example_short_circuit_decorator.py
[2023-10-11T03:49:07.693+0000] {processor.py:839} INFO - DAG(s) dict_keys(['example_short_circuit_decorator']) retrieved from /home/airflow/.local/lib/python3.8/site-packages/airflow/example_dags/example_short_circuit_decorator.py
[2023-10-11T03:49:07.718+0000] {logging_mixin.py:151} INFO - [2023-10-11T03:49:07.718+0000] {dag.py:2915} INFO - Sync 1 DAGs
[2023-10-11T03:49:07.740+0000] {logging_mixin.py:151} INFO - [2023-10-11T03:49:07.739+0000] {dag.py:3696} INFO - Setting next_dagrun for example_short_circuit_decorator to 2023-10-10T03:49:07.739787+00:00, run_after=2023-10-11T03:49:07.739787+00:00
[2023-10-11T03:49:07.761+0000] {processor.py:179} INFO - Processing /home/airflow/.local/lib/python3.8/site-packages/airflow/example_dags/example_short_circuit_decorator.py took 0.085 seconds
[2023-10-11T03:49:38.110+0000] {processor.py:157} INFO - Started process (PID=1210) to work on /home/airflow/.local/lib/python3.8/site-packages/airflow/example_dags/example_short_circuit_decorator.py
[2023-10-11T03:49:38.112+0000] {processor.py:829} INFO - Processing file /home/airflow/.local/lib/python3.8/site-packages/airflow/example_dags/example_short_circuit_decorator.py for tasks to queue
[2023-10-11T03:49:38.114+0000] {logging_mixin.py:151} INFO - [2023-10-11T03:49:38.114+0000] {dagbag.py:539} INFO - Filling up the DagBag from /home/airflow/.local/lib/python3.8/site-packages/airflow/example_dags/example_short_circuit_decorator.py
[2023-10-11T03:49:38.122+0000] {processor.py:839} INFO - DAG(s) dict_keys(['example_short_circuit_decorator']) retrieved from /home/airflow/.local/lib/python3.8/site-packages/airflow/example_dags/example_short_circuit_decorator.py
[2023-10-11T03:49:38.145+0000] {logging_mixin.py:151} INFO - [2023-10-11T03:49:38.145+0000] {dag.py:2915} INFO - Sync 1 DAGs
[2023-10-11T03:49:38.163+0000] {logging_mixin.py:151} INFO - [2023-10-11T03:49:38.163+0000] {dag.py:3696} INFO - Setting next_dagrun for example_short_circuit_decorator to 2023-10-10T03:49:38.162947+00:00, run_after=2023-10-11T03:49:38.162947+00:00
[2023-10-11T03:49:38.184+0000] {processor.py:179} INFO - Processing /home/airflow/.local/lib/python3.8/site-packages/airflow/example_dags/example_short_circuit_decorator.py took 0.077 seconds
[2023-10-11T03:50:08.308+0000] {processor.py:157} INFO - Started process (PID=1267) to work on /home/airflow/.local/lib/python3.8/site-packages/airflow/example_dags/example_short_circuit_decorator.py
[2023-10-11T03:50:08.309+0000] {processor.py:829} INFO - Processing file /home/airflow/.local/lib/python3.8/site-packages/airflow/example_dags/example_short_circuit_decorator.py for tasks to queue
[2023-10-11T03:50:08.312+0000] {logging_mixin.py:151} INFO - [2023-10-11T03:50:08.311+0000] {dagbag.py:539} INFO - Filling up the DagBag from /home/airflow/.local/lib/python3.8/site-packages/airflow/example_dags/example_short_circuit_decorator.py
[2023-10-11T03:50:08.320+0000] {processor.py:839} INFO - DAG(s) dict_keys(['example_short_circuit_decorator']) retrieved from /home/airflow/.local/lib/python3.8/site-packages/airflow/example_dags/example_short_circuit_decorator.py
[2023-10-11T03:50:08.346+0000] {logging_mixin.py:151} INFO - [2023-10-11T03:50:08.346+0000] {dag.py:2915} INFO - Sync 1 DAGs
[2023-10-11T03:50:08.368+0000] {logging_mixin.py:151} INFO - [2023-10-11T03:50:08.368+0000] {dag.py:3696} INFO - Setting next_dagrun for example_short_circuit_decorator to 2023-10-10T03:50:08.368223+00:00, run_after=2023-10-11T03:50:08.368223+00:00
[2023-10-11T03:50:08.396+0000] {processor.py:179} INFO - Processing /home/airflow/.local/lib/python3.8/site-packages/airflow/example_dags/example_short_circuit_decorator.py took 0.091 seconds
[2023-10-11T03:50:38.990+0000] {processor.py:157} INFO - Started process (PID=1324) to work on /home/airflow/.local/lib/python3.8/site-packages/airflow/example_dags/example_short_circuit_decorator.py
[2023-10-11T03:50:38.992+0000] {processor.py:829} INFO - Processing file /home/airflow/.local/lib/python3.8/site-packages/airflow/example_dags/example_short_circuit_decorator.py for tasks to queue
[2023-10-11T03:50:38.994+0000] {logging_mixin.py:151} INFO - [2023-10-11T03:50:38.994+0000] {dagbag.py:539} INFO - Filling up the DagBag from /home/airflow/.local/lib/python3.8/site-packages/airflow/example_dags/example_short_circuit_decorator.py
[2023-10-11T03:50:39.003+0000] {processor.py:839} INFO - DAG(s) dict_keys(['example_short_circuit_decorator']) retrieved from /home/airflow/.local/lib/python3.8/site-packages/airflow/example_dags/example_short_circuit_decorator.py
[2023-10-11T03:50:39.027+0000] {logging_mixin.py:151} INFO - [2023-10-11T03:50:39.027+0000] {dag.py:2915} INFO - Sync 1 DAGs
[2023-10-11T03:50:39.047+0000] {logging_mixin.py:151} INFO - [2023-10-11T03:50:39.047+0000] {dag.py:3696} INFO - Setting next_dagrun for example_short_circuit_decorator to 2023-10-10T03:50:39.046848+00:00, run_after=2023-10-11T03:50:39.046848+00:00
[2023-10-11T03:50:39.070+0000] {processor.py:179} INFO - Processing /home/airflow/.local/lib/python3.8/site-packages/airflow/example_dags/example_short_circuit_decorator.py took 0.083 seconds
[2023-10-11T03:51:09.582+0000] {processor.py:157} INFO - Started process (PID=1381) to work on /home/airflow/.local/lib/python3.8/site-packages/airflow/example_dags/example_short_circuit_decorator.py
[2023-10-11T03:51:09.584+0000] {processor.py:829} INFO - Processing file /home/airflow/.local/lib/python3.8/site-packages/airflow/example_dags/example_short_circuit_decorator.py for tasks to queue
[2023-10-11T03:51:09.586+0000] {logging_mixin.py:151} INFO - [2023-10-11T03:51:09.586+0000] {dagbag.py:539} INFO - Filling up the DagBag from /home/airflow/.local/lib/python3.8/site-packages/airflow/example_dags/example_short_circuit_decorator.py
[2023-10-11T03:51:09.597+0000] {processor.py:839} INFO - DAG(s) dict_keys(['example_short_circuit_decorator']) retrieved from /home/airflow/.local/lib/python3.8/site-packages/airflow/example_dags/example_short_circuit_decorator.py
[2023-10-11T03:51:09.625+0000] {logging_mixin.py:151} INFO - [2023-10-11T03:51:09.625+0000] {dag.py:2915} INFO - Sync 1 DAGs
[2023-10-11T03:51:09.649+0000] {logging_mixin.py:151} INFO - [2023-10-11T03:51:09.649+0000] {dag.py:3696} INFO - Setting next_dagrun for example_short_circuit_decorator to 2023-10-10T03:51:09.648770+00:00, run_after=2023-10-11T03:51:09.648770+00:00
[2023-10-11T03:51:09.672+0000] {processor.py:179} INFO - Processing /home/airflow/.local/lib/python3.8/site-packages/airflow/example_dags/example_short_circuit_decorator.py took 0.095 seconds
[2023-10-11T03:51:39.787+0000] {processor.py:157} INFO - Started process (PID=1438) to work on /home/airflow/.local/lib/python3.8/site-packages/airflow/example_dags/example_short_circuit_decorator.py
[2023-10-11T03:51:39.789+0000] {processor.py:829} INFO - Processing file /home/airflow/.local/lib/python3.8/site-packages/airflow/example_dags/example_short_circuit_decorator.py for tasks to queue
[2023-10-11T03:51:39.792+0000] {logging_mixin.py:151} INFO - [2023-10-11T03:51:39.792+0000] {dagbag.py:539} INFO - Filling up the DagBag from /home/airflow/.local/lib/python3.8/site-packages/airflow/example_dags/example_short_circuit_decorator.py
[2023-10-11T03:51:39.799+0000] {processor.py:839} INFO - DAG(s) dict_keys(['example_short_circuit_decorator']) retrieved from /home/airflow/.local/lib/python3.8/site-packages/airflow/example_dags/example_short_circuit_decorator.py
[2023-10-11T03:51:39.824+0000] {logging_mixin.py:151} INFO - [2023-10-11T03:51:39.824+0000] {dag.py:2915} INFO - Sync 1 DAGs
[2023-10-11T03:51:39.845+0000] {logging_mixin.py:151} INFO - [2023-10-11T03:51:39.845+0000] {dag.py:3696} INFO - Setting next_dagrun for example_short_circuit_decorator to 2023-10-10T03:51:39.845603+00:00, run_after=2023-10-11T03:51:39.845603+00:00
[2023-10-11T03:51:39.866+0000] {processor.py:179} INFO - Processing /home/airflow/.local/lib/python3.8/site-packages/airflow/example_dags/example_short_circuit_decorator.py took 0.083 seconds
[2023-10-11T03:52:10.242+0000] {processor.py:157} INFO - Started process (PID=1495) to work on /home/airflow/.local/lib/python3.8/site-packages/airflow/example_dags/example_short_circuit_decorator.py
[2023-10-11T03:52:10.244+0000] {processor.py:829} INFO - Processing file /home/airflow/.local/lib/python3.8/site-packages/airflow/example_dags/example_short_circuit_decorator.py for tasks to queue
[2023-10-11T03:52:10.246+0000] {logging_mixin.py:151} INFO - [2023-10-11T03:52:10.246+0000] {dagbag.py:539} INFO - Filling up the DagBag from /home/airflow/.local/lib/python3.8/site-packages/airflow/example_dags/example_short_circuit_decorator.py
[2023-10-11T03:52:10.254+0000] {processor.py:839} INFO - DAG(s) dict_keys(['example_short_circuit_decorator']) retrieved from /home/airflow/.local/lib/python3.8/site-packages/airflow/example_dags/example_short_circuit_decorator.py
[2023-10-11T03:52:10.279+0000] {logging_mixin.py:151} INFO - [2023-10-11T03:52:10.279+0000] {dag.py:2915} INFO - Sync 1 DAGs
[2023-10-11T03:52:10.302+0000] {logging_mixin.py:151} INFO - [2023-10-11T03:52:10.302+0000] {dag.py:3696} INFO - Setting next_dagrun for example_short_circuit_decorator to 2023-10-10T03:52:10.301936+00:00, run_after=2023-10-11T03:52:10.301936+00:00
[2023-10-11T03:52:10.331+0000] {processor.py:179} INFO - Processing /home/airflow/.local/lib/python3.8/site-packages/airflow/example_dags/example_short_circuit_decorator.py took 0.091 seconds
[2023-10-11T03:52:40.622+0000] {processor.py:157} INFO - Started process (PID=1552) to work on /home/airflow/.local/lib/python3.8/site-packages/airflow/example_dags/example_short_circuit_decorator.py
[2023-10-11T03:52:40.624+0000] {processor.py:829} INFO - Processing file /home/airflow/.local/lib/python3.8/site-packages/airflow/example_dags/example_short_circuit_decorator.py for tasks to queue
[2023-10-11T03:52:40.626+0000] {logging_mixin.py:151} INFO - [2023-10-11T03:52:40.626+0000] {dagbag.py:539} INFO - Filling up the DagBag from /home/airflow/.local/lib/python3.8/site-packages/airflow/example_dags/example_short_circuit_decorator.py
[2023-10-11T03:52:40.635+0000] {processor.py:839} INFO - DAG(s) dict_keys(['example_short_circuit_decorator']) retrieved from /home/airflow/.local/lib/python3.8/site-packages/airflow/example_dags/example_short_circuit_decorator.py
[2023-10-11T03:52:40.657+0000] {logging_mixin.py:151} INFO - [2023-10-11T03:52:40.657+0000] {dag.py:2915} INFO - Sync 1 DAGs
[2023-10-11T03:52:40.677+0000] {logging_mixin.py:151} INFO - [2023-10-11T03:52:40.677+0000] {dag.py:3696} INFO - Setting next_dagrun for example_short_circuit_decorator to 2023-10-10T03:52:40.677346+00:00, run_after=2023-10-11T03:52:40.677346+00:00
[2023-10-11T03:52:40.698+0000] {processor.py:179} INFO - Processing /home/airflow/.local/lib/python3.8/site-packages/airflow/example_dags/example_short_circuit_decorator.py took 0.078 seconds
[2023-10-11T03:53:10.928+0000] {processor.py:157} INFO - Started process (PID=1609) to work on /home/airflow/.local/lib/python3.8/site-packages/airflow/example_dags/example_short_circuit_decorator.py
[2023-10-11T03:53:10.929+0000] {processor.py:829} INFO - Processing file /home/airflow/.local/lib/python3.8/site-packages/airflow/example_dags/example_short_circuit_decorator.py for tasks to queue
[2023-10-11T03:53:10.932+0000] {logging_mixin.py:151} INFO - [2023-10-11T03:53:10.931+0000] {dagbag.py:539} INFO - Filling up the DagBag from /home/airflow/.local/lib/python3.8/site-packages/airflow/example_dags/example_short_circuit_decorator.py
[2023-10-11T03:53:10.941+0000] {processor.py:839} INFO - DAG(s) dict_keys(['example_short_circuit_decorator']) retrieved from /home/airflow/.local/lib/python3.8/site-packages/airflow/example_dags/example_short_circuit_decorator.py
[2023-10-11T03:53:10.964+0000] {logging_mixin.py:151} INFO - [2023-10-11T03:53:10.964+0000] {dag.py:2915} INFO - Sync 1 DAGs
[2023-10-11T03:53:10.983+0000] {logging_mixin.py:151} INFO - [2023-10-11T03:53:10.983+0000] {dag.py:3696} INFO - Setting next_dagrun for example_short_circuit_decorator to 2023-10-10T03:53:10.983006+00:00, run_after=2023-10-11T03:53:10.983006+00:00
[2023-10-11T03:53:11.003+0000] {processor.py:179} INFO - Processing /home/airflow/.local/lib/python3.8/site-packages/airflow/example_dags/example_short_circuit_decorator.py took 0.078 seconds
[2023-10-11T03:53:42.246+0000] {processor.py:157} INFO - Started process (PID=1666) to work on /home/airflow/.local/lib/python3.8/site-packages/airflow/example_dags/example_short_circuit_decorator.py
[2023-10-11T03:53:42.248+0000] {processor.py:829} INFO - Processing file /home/airflow/.local/lib/python3.8/site-packages/airflow/example_dags/example_short_circuit_decorator.py for tasks to queue
[2023-10-11T03:53:42.251+0000] {logging_mixin.py:151} INFO - [2023-10-11T03:53:42.250+0000] {dagbag.py:539} INFO - Filling up the DagBag from /home/airflow/.local/lib/python3.8/site-packages/airflow/example_dags/example_short_circuit_decorator.py
[2023-10-11T03:53:42.261+0000] {processor.py:839} INFO - DAG(s) dict_keys(['example_short_circuit_decorator']) retrieved from /home/airflow/.local/lib/python3.8/site-packages/airflow/example_dags/example_short_circuit_decorator.py
[2023-10-11T03:53:42.286+0000] {logging_mixin.py:151} INFO - [2023-10-11T03:53:42.285+0000] {dag.py:2915} INFO - Sync 1 DAGs
[2023-10-11T03:53:42.306+0000] {logging_mixin.py:151} INFO - [2023-10-11T03:53:42.306+0000] {dag.py:3696} INFO - Setting next_dagrun for example_short_circuit_decorator to 2023-10-10T03:53:42.306125+00:00, run_after=2023-10-11T03:53:42.306125+00:00
[2023-10-11T03:53:42.328+0000] {processor.py:179} INFO - Processing /home/airflow/.local/lib/python3.8/site-packages/airflow/example_dags/example_short_circuit_decorator.py took 0.084 seconds
[2023-10-11T03:54:12.448+0000] {processor.py:157} INFO - Started process (PID=1723) to work on /home/airflow/.local/lib/python3.8/site-packages/airflow/example_dags/example_short_circuit_decorator.py
[2023-10-11T03:54:12.450+0000] {processor.py:829} INFO - Processing file /home/airflow/.local/lib/python3.8/site-packages/airflow/example_dags/example_short_circuit_decorator.py for tasks to queue
[2023-10-11T03:54:12.454+0000] {logging_mixin.py:151} INFO - [2023-10-11T03:54:12.454+0000] {dagbag.py:539} INFO - Filling up the DagBag from /home/airflow/.local/lib/python3.8/site-packages/airflow/example_dags/example_short_circuit_decorator.py
[2023-10-11T03:54:12.462+0000] {processor.py:839} INFO - DAG(s) dict_keys(['example_short_circuit_decorator']) retrieved from /home/airflow/.local/lib/python3.8/site-packages/airflow/example_dags/example_short_circuit_decorator.py
[2023-10-11T03:54:12.486+0000] {logging_mixin.py:151} INFO - [2023-10-11T03:54:12.486+0000] {dag.py:2915} INFO - Sync 1 DAGs
[2023-10-11T03:54:12.507+0000] {logging_mixin.py:151} INFO - [2023-10-11T03:54:12.507+0000] {dag.py:3696} INFO - Setting next_dagrun for example_short_circuit_decorator to 2023-10-10T03:54:12.507183+00:00, run_after=2023-10-11T03:54:12.507183+00:00
[2023-10-11T03:54:12.526+0000] {processor.py:179} INFO - Processing /home/airflow/.local/lib/python3.8/site-packages/airflow/example_dags/example_short_circuit_decorator.py took 0.082 seconds
[2023-10-11T03:54:42.697+0000] {processor.py:157} INFO - Started process (PID=1780) to work on /home/airflow/.local/lib/python3.8/site-packages/airflow/example_dags/example_short_circuit_decorator.py
[2023-10-11T03:54:42.698+0000] {processor.py:829} INFO - Processing file /home/airflow/.local/lib/python3.8/site-packages/airflow/example_dags/example_short_circuit_decorator.py for tasks to queue
[2023-10-11T03:54:42.701+0000] {logging_mixin.py:151} INFO - [2023-10-11T03:54:42.700+0000] {dagbag.py:539} INFO - Filling up the DagBag from /home/airflow/.local/lib/python3.8/site-packages/airflow/example_dags/example_short_circuit_decorator.py
[2023-10-11T03:54:42.710+0000] {processor.py:839} INFO - DAG(s) dict_keys(['example_short_circuit_decorator']) retrieved from /home/airflow/.local/lib/python3.8/site-packages/airflow/example_dags/example_short_circuit_decorator.py
[2023-10-11T03:54:42.734+0000] {logging_mixin.py:151} INFO - [2023-10-11T03:54:42.734+0000] {dag.py:2915} INFO - Sync 1 DAGs
[2023-10-11T03:54:42.756+0000] {logging_mixin.py:151} INFO - [2023-10-11T03:54:42.756+0000] {dag.py:3696} INFO - Setting next_dagrun for example_short_circuit_decorator to 2023-10-10T03:54:42.755937+00:00, run_after=2023-10-11T03:54:42.755937+00:00
[2023-10-11T03:54:42.775+0000] {processor.py:179} INFO - Processing /home/airflow/.local/lib/python3.8/site-packages/airflow/example_dags/example_short_circuit_decorator.py took 0.082 seconds
[2023-10-11T03:55:13.255+0000] {processor.py:157} INFO - Started process (PID=1837) to work on /home/airflow/.local/lib/python3.8/site-packages/airflow/example_dags/example_short_circuit_decorator.py
[2023-10-11T03:55:13.257+0000] {processor.py:829} INFO - Processing file /home/airflow/.local/lib/python3.8/site-packages/airflow/example_dags/example_short_circuit_decorator.py for tasks to queue
[2023-10-11T03:55:13.259+0000] {logging_mixin.py:151} INFO - [2023-10-11T03:55:13.259+0000] {dagbag.py:539} INFO - Filling up the DagBag from /home/airflow/.local/lib/python3.8/site-packages/airflow/example_dags/example_short_circuit_decorator.py
[2023-10-11T03:55:13.268+0000] {processor.py:839} INFO - DAG(s) dict_keys(['example_short_circuit_decorator']) retrieved from /home/airflow/.local/lib/python3.8/site-packages/airflow/example_dags/example_short_circuit_decorator.py
[2023-10-11T03:55:13.291+0000] {logging_mixin.py:151} INFO - [2023-10-11T03:55:13.291+0000] {dag.py:2915} INFO - Sync 1 DAGs
[2023-10-11T03:55:13.311+0000] {logging_mixin.py:151} INFO - [2023-10-11T03:55:13.311+0000] {dag.py:3696} INFO - Setting next_dagrun for example_short_circuit_decorator to 2023-10-10T03:55:13.311446+00:00, run_after=2023-10-11T03:55:13.311446+00:00
[2023-10-11T03:55:13.333+0000] {processor.py:179} INFO - Processing /home/airflow/.local/lib/python3.8/site-packages/airflow/example_dags/example_short_circuit_decorator.py took 0.081 seconds
[2023-10-11T03:55:43.579+0000] {processor.py:157} INFO - Started process (PID=1894) to work on /home/airflow/.local/lib/python3.8/site-packages/airflow/example_dags/example_short_circuit_decorator.py
[2023-10-11T03:55:43.581+0000] {processor.py:829} INFO - Processing file /home/airflow/.local/lib/python3.8/site-packages/airflow/example_dags/example_short_circuit_decorator.py for tasks to queue
[2023-10-11T03:55:43.584+0000] {logging_mixin.py:151} INFO - [2023-10-11T03:55:43.583+0000] {dagbag.py:539} INFO - Filling up the DagBag from /home/airflow/.local/lib/python3.8/site-packages/airflow/example_dags/example_short_circuit_decorator.py
[2023-10-11T03:55:43.592+0000] {processor.py:839} INFO - DAG(s) dict_keys(['example_short_circuit_decorator']) retrieved from /home/airflow/.local/lib/python3.8/site-packages/airflow/example_dags/example_short_circuit_decorator.py
[2023-10-11T03:55:43.616+0000] {logging_mixin.py:151} INFO - [2023-10-11T03:55:43.615+0000] {dag.py:2915} INFO - Sync 1 DAGs
[2023-10-11T03:55:43.634+0000] {logging_mixin.py:151} INFO - [2023-10-11T03:55:43.634+0000] {dag.py:3696} INFO - Setting next_dagrun for example_short_circuit_decorator to 2023-10-10T03:55:43.633781+00:00, run_after=2023-10-11T03:55:43.633781+00:00
[2023-10-11T03:55:43.654+0000] {processor.py:179} INFO - Processing /home/airflow/.local/lib/python3.8/site-packages/airflow/example_dags/example_short_circuit_decorator.py took 0.078 seconds
[2023-10-11T03:56:14.114+0000] {processor.py:157} INFO - Started process (PID=1951) to work on /home/airflow/.local/lib/python3.8/site-packages/airflow/example_dags/example_short_circuit_decorator.py
[2023-10-11T03:56:14.115+0000] {processor.py:829} INFO - Processing file /home/airflow/.local/lib/python3.8/site-packages/airflow/example_dags/example_short_circuit_decorator.py for tasks to queue
[2023-10-11T03:56:14.118+0000] {logging_mixin.py:151} INFO - [2023-10-11T03:56:14.118+0000] {dagbag.py:539} INFO - Filling up the DagBag from /home/airflow/.local/lib/python3.8/site-packages/airflow/example_dags/example_short_circuit_decorator.py
[2023-10-11T03:56:14.126+0000] {processor.py:839} INFO - DAG(s) dict_keys(['example_short_circuit_decorator']) retrieved from /home/airflow/.local/lib/python3.8/site-packages/airflow/example_dags/example_short_circuit_decorator.py
[2023-10-11T03:56:14.150+0000] {logging_mixin.py:151} INFO - [2023-10-11T03:56:14.150+0000] {dag.py:2915} INFO - Sync 1 DAGs
[2023-10-11T03:56:14.169+0000] {logging_mixin.py:151} INFO - [2023-10-11T03:56:14.169+0000] {dag.py:3696} INFO - Setting next_dagrun for example_short_circuit_decorator to 2023-10-10T03:56:14.168834+00:00, run_after=2023-10-11T03:56:14.168834+00:00
[2023-10-11T03:56:14.191+0000] {processor.py:179} INFO - Processing /home/airflow/.local/lib/python3.8/site-packages/airflow/example_dags/example_short_circuit_decorator.py took 0.080 seconds
[2023-10-11T03:56:44.548+0000] {processor.py:157} INFO - Started process (PID=2008) to work on /home/airflow/.local/lib/python3.8/site-packages/airflow/example_dags/example_short_circuit_decorator.py
[2023-10-11T03:56:44.550+0000] {processor.py:829} INFO - Processing file /home/airflow/.local/lib/python3.8/site-packages/airflow/example_dags/example_short_circuit_decorator.py for tasks to queue
[2023-10-11T03:56:44.555+0000] {logging_mixin.py:151} INFO - [2023-10-11T03:56:44.555+0000] {dagbag.py:539} INFO - Filling up the DagBag from /home/airflow/.local/lib/python3.8/site-packages/airflow/example_dags/example_short_circuit_decorator.py
[2023-10-11T03:56:44.567+0000] {processor.py:839} INFO - DAG(s) dict_keys(['example_short_circuit_decorator']) retrieved from /home/airflow/.local/lib/python3.8/site-packages/airflow/example_dags/example_short_circuit_decorator.py
[2023-10-11T03:56:44.605+0000] {logging_mixin.py:151} INFO - [2023-10-11T03:56:44.605+0000] {dag.py:2915} INFO - Sync 1 DAGs
[2023-10-11T03:56:44.635+0000] {logging_mixin.py:151} INFO - [2023-10-11T03:56:44.634+0000] {dag.py:3696} INFO - Setting next_dagrun for example_short_circuit_decorator to 2023-10-10T03:56:44.634385+00:00, run_after=2023-10-11T03:56:44.634385+00:00
[2023-10-11T03:56:44.672+0000] {processor.py:179} INFO - Processing /home/airflow/.local/lib/python3.8/site-packages/airflow/example_dags/example_short_circuit_decorator.py took 0.129 seconds
[2023-10-11T03:57:14.813+0000] {processor.py:157} INFO - Started process (PID=2065) to work on /home/airflow/.local/lib/python3.8/site-packages/airflow/example_dags/example_short_circuit_decorator.py
[2023-10-11T03:57:14.815+0000] {processor.py:829} INFO - Processing file /home/airflow/.local/lib/python3.8/site-packages/airflow/example_dags/example_short_circuit_decorator.py for tasks to queue
[2023-10-11T03:57:14.818+0000] {logging_mixin.py:151} INFO - [2023-10-11T03:57:14.818+0000] {dagbag.py:539} INFO - Filling up the DagBag from /home/airflow/.local/lib/python3.8/site-packages/airflow/example_dags/example_short_circuit_decorator.py
[2023-10-11T03:57:14.827+0000] {processor.py:839} INFO - DAG(s) dict_keys(['example_short_circuit_decorator']) retrieved from /home/airflow/.local/lib/python3.8/site-packages/airflow/example_dags/example_short_circuit_decorator.py
[2023-10-11T03:57:14.852+0000] {logging_mixin.py:151} INFO - [2023-10-11T03:57:14.852+0000] {dag.py:2915} INFO - Sync 1 DAGs
[2023-10-11T03:57:14.873+0000] {logging_mixin.py:151} INFO - [2023-10-11T03:57:14.872+0000] {dag.py:3696} INFO - Setting next_dagrun for example_short_circuit_decorator to 2023-10-10T03:57:14.872608+00:00, run_after=2023-10-11T03:57:14.872608+00:00
[2023-10-11T03:57:14.894+0000] {processor.py:179} INFO - Processing /home/airflow/.local/lib/python3.8/site-packages/airflow/example_dags/example_short_circuit_decorator.py took 0.084 seconds
[2023-10-11T03:57:45.719+0000] {processor.py:157} INFO - Started process (PID=2122) to work on /home/airflow/.local/lib/python3.8/site-packages/airflow/example_dags/example_short_circuit_decorator.py
[2023-10-11T03:57:45.721+0000] {processor.py:829} INFO - Processing file /home/airflow/.local/lib/python3.8/site-packages/airflow/example_dags/example_short_circuit_decorator.py for tasks to queue
[2023-10-11T03:57:45.723+0000] {logging_mixin.py:151} INFO - [2023-10-11T03:57:45.723+0000] {dagbag.py:539} INFO - Filling up the DagBag from /home/airflow/.local/lib/python3.8/site-packages/airflow/example_dags/example_short_circuit_decorator.py
[2023-10-11T03:57:45.733+0000] {processor.py:839} INFO - DAG(s) dict_keys(['example_short_circuit_decorator']) retrieved from /home/airflow/.local/lib/python3.8/site-packages/airflow/example_dags/example_short_circuit_decorator.py
[2023-10-11T03:57:45.756+0000] {logging_mixin.py:151} INFO - [2023-10-11T03:57:45.756+0000] {dag.py:2915} INFO - Sync 1 DAGs
[2023-10-11T03:57:45.774+0000] {logging_mixin.py:151} INFO - [2023-10-11T03:57:45.774+0000] {dag.py:3696} INFO - Setting next_dagrun for example_short_circuit_decorator to 2023-10-10T03:57:45.773886+00:00, run_after=2023-10-11T03:57:45.773886+00:00
[2023-10-11T03:57:45.802+0000] {processor.py:179} INFO - Processing /home/airflow/.local/lib/python3.8/site-packages/airflow/example_dags/example_short_circuit_decorator.py took 0.087 seconds
[2023-10-11T03:58:16.013+0000] {processor.py:157} INFO - Started process (PID=2179) to work on /home/airflow/.local/lib/python3.8/site-packages/airflow/example_dags/example_short_circuit_decorator.py
[2023-10-11T03:58:16.015+0000] {processor.py:829} INFO - Processing file /home/airflow/.local/lib/python3.8/site-packages/airflow/example_dags/example_short_circuit_decorator.py for tasks to queue
[2023-10-11T03:58:16.018+0000] {logging_mixin.py:151} INFO - [2023-10-11T03:58:16.018+0000] {dagbag.py:539} INFO - Filling up the DagBag from /home/airflow/.local/lib/python3.8/site-packages/airflow/example_dags/example_short_circuit_decorator.py
[2023-10-11T03:58:16.025+0000] {processor.py:839} INFO - DAG(s) dict_keys(['example_short_circuit_decorator']) retrieved from /home/airflow/.local/lib/python3.8/site-packages/airflow/example_dags/example_short_circuit_decorator.py
[2023-10-11T03:58:16.053+0000] {logging_mixin.py:151} INFO - [2023-10-11T03:58:16.053+0000] {dag.py:2915} INFO - Sync 1 DAGs
[2023-10-11T03:58:16.072+0000] {logging_mixin.py:151} INFO - [2023-10-11T03:58:16.072+0000] {dag.py:3696} INFO - Setting next_dagrun for example_short_circuit_decorator to 2023-10-10T03:58:16.072333+00:00, run_after=2023-10-11T03:58:16.072333+00:00
[2023-10-11T03:58:16.094+0000] {processor.py:179} INFO - Processing /home/airflow/.local/lib/python3.8/site-packages/airflow/example_dags/example_short_circuit_decorator.py took 0.084 seconds
[2023-10-11T03:58:46.298+0000] {processor.py:157} INFO - Started process (PID=2236) to work on /home/airflow/.local/lib/python3.8/site-packages/airflow/example_dags/example_short_circuit_decorator.py
[2023-10-11T03:58:46.299+0000] {processor.py:829} INFO - Processing file /home/airflow/.local/lib/python3.8/site-packages/airflow/example_dags/example_short_circuit_decorator.py for tasks to queue
[2023-10-11T03:58:46.302+0000] {logging_mixin.py:151} INFO - [2023-10-11T03:58:46.302+0000] {dagbag.py:539} INFO - Filling up the DagBag from /home/airflow/.local/lib/python3.8/site-packages/airflow/example_dags/example_short_circuit_decorator.py
[2023-10-11T03:58:46.310+0000] {processor.py:839} INFO - DAG(s) dict_keys(['example_short_circuit_decorator']) retrieved from /home/airflow/.local/lib/python3.8/site-packages/airflow/example_dags/example_short_circuit_decorator.py
[2023-10-11T03:58:46.331+0000] {logging_mixin.py:151} INFO - [2023-10-11T03:58:46.331+0000] {dag.py:2915} INFO - Sync 1 DAGs
[2023-10-11T03:58:46.349+0000] {logging_mixin.py:151} INFO - [2023-10-11T03:58:46.348+0000] {dag.py:3696} INFO - Setting next_dagrun for example_short_circuit_decorator to 2023-10-10T03:58:46.348792+00:00, run_after=2023-10-11T03:58:46.348792+00:00
[2023-10-11T03:58:46.370+0000] {processor.py:179} INFO - Processing /home/airflow/.local/lib/python3.8/site-packages/airflow/example_dags/example_short_circuit_decorator.py took 0.075 seconds
[2023-10-11T03:59:16.738+0000] {processor.py:157} INFO - Started process (PID=2293) to work on /home/airflow/.local/lib/python3.8/site-packages/airflow/example_dags/example_short_circuit_decorator.py
[2023-10-11T03:59:16.739+0000] {processor.py:829} INFO - Processing file /home/airflow/.local/lib/python3.8/site-packages/airflow/example_dags/example_short_circuit_decorator.py for tasks to queue
[2023-10-11T03:59:16.742+0000] {logging_mixin.py:151} INFO - [2023-10-11T03:59:16.741+0000] {dagbag.py:539} INFO - Filling up the DagBag from /home/airflow/.local/lib/python3.8/site-packages/airflow/example_dags/example_short_circuit_decorator.py
[2023-10-11T03:59:16.751+0000] {processor.py:839} INFO - DAG(s) dict_keys(['example_short_circuit_decorator']) retrieved from /home/airflow/.local/lib/python3.8/site-packages/airflow/example_dags/example_short_circuit_decorator.py
[2023-10-11T03:59:16.780+0000] {logging_mixin.py:151} INFO - [2023-10-11T03:59:16.780+0000] {dag.py:2915} INFO - Sync 1 DAGs
[2023-10-11T03:59:16.798+0000] {logging_mixin.py:151} INFO - [2023-10-11T03:59:16.798+0000] {dag.py:3696} INFO - Setting next_dagrun for example_short_circuit_decorator to 2023-10-10T03:59:16.798422+00:00, run_after=2023-10-11T03:59:16.798422+00:00
[2023-10-11T03:59:16.819+0000] {processor.py:179} INFO - Processing /home/airflow/.local/lib/python3.8/site-packages/airflow/example_dags/example_short_circuit_decorator.py took 0.084 seconds
[2023-10-11T03:59:47.321+0000] {processor.py:157} INFO - Started process (PID=2350) to work on /home/airflow/.local/lib/python3.8/site-packages/airflow/example_dags/example_short_circuit_decorator.py
[2023-10-11T03:59:47.323+0000] {processor.py:829} INFO - Processing file /home/airflow/.local/lib/python3.8/site-packages/airflow/example_dags/example_short_circuit_decorator.py for tasks to queue
[2023-10-11T03:59:47.326+0000] {logging_mixin.py:151} INFO - [2023-10-11T03:59:47.326+0000] {dagbag.py:539} INFO - Filling up the DagBag from /home/airflow/.local/lib/python3.8/site-packages/airflow/example_dags/example_short_circuit_decorator.py
[2023-10-11T03:59:47.335+0000] {processor.py:839} INFO - DAG(s) dict_keys(['example_short_circuit_decorator']) retrieved from /home/airflow/.local/lib/python3.8/site-packages/airflow/example_dags/example_short_circuit_decorator.py
[2023-10-11T03:59:47.362+0000] {logging_mixin.py:151} INFO - [2023-10-11T03:59:47.362+0000] {dag.py:2915} INFO - Sync 1 DAGs
[2023-10-11T03:59:47.383+0000] {logging_mixin.py:151} INFO - [2023-10-11T03:59:47.383+0000] {dag.py:3696} INFO - Setting next_dagrun for example_short_circuit_decorator to 2023-10-10T03:59:47.383168+00:00, run_after=2023-10-11T03:59:47.383168+00:00
[2023-10-11T03:59:47.408+0000] {processor.py:179} INFO - Processing /home/airflow/.local/lib/python3.8/site-packages/airflow/example_dags/example_short_circuit_decorator.py took 0.090 seconds
[2023-10-11T04:00:17.705+0000] {processor.py:157} INFO - Started process (PID=2407) to work on /home/airflow/.local/lib/python3.8/site-packages/airflow/example_dags/example_short_circuit_decorator.py
[2023-10-11T04:00:17.706+0000] {processor.py:829} INFO - Processing file /home/airflow/.local/lib/python3.8/site-packages/airflow/example_dags/example_short_circuit_decorator.py for tasks to queue
[2023-10-11T04:00:17.709+0000] {logging_mixin.py:151} INFO - [2023-10-11T04:00:17.709+0000] {dagbag.py:539} INFO - Filling up the DagBag from /home/airflow/.local/lib/python3.8/site-packages/airflow/example_dags/example_short_circuit_decorator.py
[2023-10-11T04:00:17.717+0000] {processor.py:839} INFO - DAG(s) dict_keys(['example_short_circuit_decorator']) retrieved from /home/airflow/.local/lib/python3.8/site-packages/airflow/example_dags/example_short_circuit_decorator.py
[2023-10-11T04:00:17.744+0000] {logging_mixin.py:151} INFO - [2023-10-11T04:00:17.744+0000] {dag.py:2915} INFO - Sync 1 DAGs
[2023-10-11T04:00:17.763+0000] {logging_mixin.py:151} INFO - [2023-10-11T04:00:17.762+0000] {dag.py:3696} INFO - Setting next_dagrun for example_short_circuit_decorator to 2023-10-10T04:00:17.762647+00:00, run_after=2023-10-11T04:00:17.762647+00:00
[2023-10-11T04:00:17.783+0000] {processor.py:179} INFO - Processing /home/airflow/.local/lib/python3.8/site-packages/airflow/example_dags/example_short_circuit_decorator.py took 0.082 seconds
[2023-10-11T04:00:48.079+0000] {processor.py:157} INFO - Started process (PID=2464) to work on /home/airflow/.local/lib/python3.8/site-packages/airflow/example_dags/example_short_circuit_decorator.py
[2023-10-11T04:00:48.080+0000] {processor.py:829} INFO - Processing file /home/airflow/.local/lib/python3.8/site-packages/airflow/example_dags/example_short_circuit_decorator.py for tasks to queue
[2023-10-11T04:00:48.083+0000] {logging_mixin.py:151} INFO - [2023-10-11T04:00:48.083+0000] {dagbag.py:539} INFO - Filling up the DagBag from /home/airflow/.local/lib/python3.8/site-packages/airflow/example_dags/example_short_circuit_decorator.py
[2023-10-11T04:00:48.093+0000] {processor.py:839} INFO - DAG(s) dict_keys(['example_short_circuit_decorator']) retrieved from /home/airflow/.local/lib/python3.8/site-packages/airflow/example_dags/example_short_circuit_decorator.py
[2023-10-11T04:00:48.125+0000] {logging_mixin.py:151} INFO - [2023-10-11T04:00:48.124+0000] {dag.py:2915} INFO - Sync 1 DAGs
[2023-10-11T04:00:48.150+0000] {logging_mixin.py:151} INFO - [2023-10-11T04:00:48.150+0000] {dag.py:3696} INFO - Setting next_dagrun for example_short_circuit_decorator to 2023-10-10T04:00:48.150323+00:00, run_after=2023-10-11T04:00:48.150323+00:00
[2023-10-11T04:00:48.172+0000] {processor.py:179} INFO - Processing /home/airflow/.local/lib/python3.8/site-packages/airflow/example_dags/example_short_circuit_decorator.py took 0.098 seconds
[2023-10-11T04:01:18.487+0000] {processor.py:157} INFO - Started process (PID=2521) to work on /home/airflow/.local/lib/python3.8/site-packages/airflow/example_dags/example_short_circuit_decorator.py
[2023-10-11T04:01:18.488+0000] {processor.py:829} INFO - Processing file /home/airflow/.local/lib/python3.8/site-packages/airflow/example_dags/example_short_circuit_decorator.py for tasks to queue
[2023-10-11T04:01:18.490+0000] {logging_mixin.py:151} INFO - [2023-10-11T04:01:18.490+0000] {dagbag.py:539} INFO - Filling up the DagBag from /home/airflow/.local/lib/python3.8/site-packages/airflow/example_dags/example_short_circuit_decorator.py
[2023-10-11T04:01:18.499+0000] {processor.py:839} INFO - DAG(s) dict_keys(['example_short_circuit_decorator']) retrieved from /home/airflow/.local/lib/python3.8/site-packages/airflow/example_dags/example_short_circuit_decorator.py
[2023-10-11T04:01:18.522+0000] {logging_mixin.py:151} INFO - [2023-10-11T04:01:18.522+0000] {dag.py:2915} INFO - Sync 1 DAGs
[2023-10-11T04:01:18.540+0000] {logging_mixin.py:151} INFO - [2023-10-11T04:01:18.540+0000] {dag.py:3696} INFO - Setting next_dagrun for example_short_circuit_decorator to 2023-10-10T04:01:18.539918+00:00, run_after=2023-10-11T04:01:18.539918+00:00
[2023-10-11T04:01:18.563+0000] {processor.py:179} INFO - Processing /home/airflow/.local/lib/python3.8/site-packages/airflow/example_dags/example_short_circuit_decorator.py took 0.080 seconds
[2023-10-11T04:01:48.839+0000] {processor.py:157} INFO - Started process (PID=2578) to work on /home/airflow/.local/lib/python3.8/site-packages/airflow/example_dags/example_short_circuit_decorator.py
[2023-10-11T04:01:48.841+0000] {processor.py:829} INFO - Processing file /home/airflow/.local/lib/python3.8/site-packages/airflow/example_dags/example_short_circuit_decorator.py for tasks to queue
[2023-10-11T04:01:48.844+0000] {logging_mixin.py:151} INFO - [2023-10-11T04:01:48.844+0000] {dagbag.py:539} INFO - Filling up the DagBag from /home/airflow/.local/lib/python3.8/site-packages/airflow/example_dags/example_short_circuit_decorator.py
[2023-10-11T04:01:48.853+0000] {processor.py:839} INFO - DAG(s) dict_keys(['example_short_circuit_decorator']) retrieved from /home/airflow/.local/lib/python3.8/site-packages/airflow/example_dags/example_short_circuit_decorator.py
[2023-10-11T04:01:48.877+0000] {logging_mixin.py:151} INFO - [2023-10-11T04:01:48.877+0000] {dag.py:2915} INFO - Sync 1 DAGs
[2023-10-11T04:01:48.896+0000] {logging_mixin.py:151} INFO - [2023-10-11T04:01:48.896+0000] {dag.py:3696} INFO - Setting next_dagrun for example_short_circuit_decorator to 2023-10-10T04:01:48.896460+00:00, run_after=2023-10-11T04:01:48.896460+00:00
[2023-10-11T04:01:48.917+0000] {processor.py:179} INFO - Processing /home/airflow/.local/lib/python3.8/site-packages/airflow/example_dags/example_short_circuit_decorator.py took 0.081 seconds
[2023-10-11T04:02:19.445+0000] {processor.py:157} INFO - Started process (PID=2635) to work on /home/airflow/.local/lib/python3.8/site-packages/airflow/example_dags/example_short_circuit_decorator.py
[2023-10-11T04:02:19.447+0000] {processor.py:829} INFO - Processing file /home/airflow/.local/lib/python3.8/site-packages/airflow/example_dags/example_short_circuit_decorator.py for tasks to queue
[2023-10-11T04:02:19.449+0000] {logging_mixin.py:151} INFO - [2023-10-11T04:02:19.449+0000] {dagbag.py:539} INFO - Filling up the DagBag from /home/airflow/.local/lib/python3.8/site-packages/airflow/example_dags/example_short_circuit_decorator.py
[2023-10-11T04:02:19.457+0000] {processor.py:839} INFO - DAG(s) dict_keys(['example_short_circuit_decorator']) retrieved from /home/airflow/.local/lib/python3.8/site-packages/airflow/example_dags/example_short_circuit_decorator.py
[2023-10-11T04:02:19.481+0000] {logging_mixin.py:151} INFO - [2023-10-11T04:02:19.481+0000] {dag.py:2915} INFO - Sync 1 DAGs
[2023-10-11T04:02:19.508+0000] {logging_mixin.py:151} INFO - [2023-10-11T04:02:19.507+0000] {dag.py:3696} INFO - Setting next_dagrun for example_short_circuit_decorator to 2023-10-10T04:02:19.507746+00:00, run_after=2023-10-11T04:02:19.507746+00:00
[2023-10-11T04:02:19.533+0000] {processor.py:179} INFO - Processing /home/airflow/.local/lib/python3.8/site-packages/airflow/example_dags/example_short_circuit_decorator.py took 0.091 seconds
[2023-10-11T04:02:50.404+0000] {processor.py:157} INFO - Started process (PID=2692) to work on /home/airflow/.local/lib/python3.8/site-packages/airflow/example_dags/example_short_circuit_decorator.py
[2023-10-11T04:02:50.406+0000] {processor.py:829} INFO - Processing file /home/airflow/.local/lib/python3.8/site-packages/airflow/example_dags/example_short_circuit_decorator.py for tasks to queue
[2023-10-11T04:02:50.408+0000] {logging_mixin.py:151} INFO - [2023-10-11T04:02:50.408+0000] {dagbag.py:539} INFO - Filling up the DagBag from /home/airflow/.local/lib/python3.8/site-packages/airflow/example_dags/example_short_circuit_decorator.py
[2023-10-11T04:02:50.416+0000] {processor.py:839} INFO - DAG(s) dict_keys(['example_short_circuit_decorator']) retrieved from /home/airflow/.local/lib/python3.8/site-packages/airflow/example_dags/example_short_circuit_decorator.py
[2023-10-11T04:02:50.437+0000] {logging_mixin.py:151} INFO - [2023-10-11T04:02:50.437+0000] {dag.py:2915} INFO - Sync 1 DAGs
[2023-10-11T04:02:50.455+0000] {logging_mixin.py:151} INFO - [2023-10-11T04:02:50.455+0000] {dag.py:3696} INFO - Setting next_dagrun for example_short_circuit_decorator to 2023-10-10T04:02:50.455268+00:00, run_after=2023-10-11T04:02:50.455268+00:00
[2023-10-11T04:02:50.475+0000] {processor.py:179} INFO - Processing /home/airflow/.local/lib/python3.8/site-packages/airflow/example_dags/example_short_circuit_decorator.py took 0.074 seconds
[2023-10-11T04:03:21.485+0000] {processor.py:157} INFO - Started process (PID=2749) to work on /home/airflow/.local/lib/python3.8/site-packages/airflow/example_dags/example_short_circuit_decorator.py
[2023-10-11T04:03:21.492+0000] {processor.py:829} INFO - Processing file /home/airflow/.local/lib/python3.8/site-packages/airflow/example_dags/example_short_circuit_decorator.py for tasks to queue
[2023-10-11T04:03:21.498+0000] {logging_mixin.py:151} INFO - [2023-10-11T04:03:21.498+0000] {dagbag.py:539} INFO - Filling up the DagBag from /home/airflow/.local/lib/python3.8/site-packages/airflow/example_dags/example_short_circuit_decorator.py
[2023-10-11T04:03:21.515+0000] {processor.py:839} INFO - DAG(s) dict_keys(['example_short_circuit_decorator']) retrieved from /home/airflow/.local/lib/python3.8/site-packages/airflow/example_dags/example_short_circuit_decorator.py
[2023-10-11T04:03:21.553+0000] {logging_mixin.py:151} INFO - [2023-10-11T04:03:21.553+0000] {dag.py:2915} INFO - Sync 1 DAGs
[2023-10-11T04:03:21.577+0000] {logging_mixin.py:151} INFO - [2023-10-11T04:03:21.577+0000] {dag.py:3696} INFO - Setting next_dagrun for example_short_circuit_decorator to 2023-10-10T04:03:21.576850+00:00, run_after=2023-10-11T04:03:21.576850+00:00
[2023-10-11T04:03:21.595+0000] {processor.py:179} INFO - Processing /home/airflow/.local/lib/python3.8/site-packages/airflow/example_dags/example_short_circuit_decorator.py took 0.121 seconds
[2023-10-11T04:03:52.146+0000] {processor.py:157} INFO - Started process (PID=2808) to work on /home/airflow/.local/lib/python3.8/site-packages/airflow/example_dags/example_short_circuit_decorator.py
[2023-10-11T04:03:52.148+0000] {processor.py:829} INFO - Processing file /home/airflow/.local/lib/python3.8/site-packages/airflow/example_dags/example_short_circuit_decorator.py for tasks to queue
[2023-10-11T04:03:52.151+0000] {logging_mixin.py:151} INFO - [2023-10-11T04:03:52.151+0000] {dagbag.py:539} INFO - Filling up the DagBag from /home/airflow/.local/lib/python3.8/site-packages/airflow/example_dags/example_short_circuit_decorator.py
[2023-10-11T04:03:52.158+0000] {processor.py:839} INFO - DAG(s) dict_keys(['example_short_circuit_decorator']) retrieved from /home/airflow/.local/lib/python3.8/site-packages/airflow/example_dags/example_short_circuit_decorator.py
[2023-10-11T04:03:52.184+0000] {logging_mixin.py:151} INFO - [2023-10-11T04:03:52.184+0000] {dag.py:2915} INFO - Sync 1 DAGs
[2023-10-11T04:03:52.208+0000] {logging_mixin.py:151} INFO - [2023-10-11T04:03:52.208+0000] {dag.py:3696} INFO - Setting next_dagrun for example_short_circuit_decorator to 2023-10-10T04:03:52.207797+00:00, run_after=2023-10-11T04:03:52.207797+00:00
[2023-10-11T04:03:52.236+0000] {processor.py:179} INFO - Processing /home/airflow/.local/lib/python3.8/site-packages/airflow/example_dags/example_short_circuit_decorator.py took 0.093 seconds
[2023-10-11T04:04:22.351+0000] {processor.py:157} INFO - Started process (PID=2874) to work on /home/airflow/.local/lib/python3.8/site-packages/airflow/example_dags/example_short_circuit_decorator.py
[2023-10-11T04:04:22.353+0000] {processor.py:829} INFO - Processing file /home/airflow/.local/lib/python3.8/site-packages/airflow/example_dags/example_short_circuit_decorator.py for tasks to queue
[2023-10-11T04:04:22.356+0000] {logging_mixin.py:151} INFO - [2023-10-11T04:04:22.356+0000] {dagbag.py:539} INFO - Filling up the DagBag from /home/airflow/.local/lib/python3.8/site-packages/airflow/example_dags/example_short_circuit_decorator.py
[2023-10-11T04:04:22.365+0000] {processor.py:839} INFO - DAG(s) dict_keys(['example_short_circuit_decorator']) retrieved from /home/airflow/.local/lib/python3.8/site-packages/airflow/example_dags/example_short_circuit_decorator.py
[2023-10-11T04:04:22.388+0000] {logging_mixin.py:151} INFO - [2023-10-11T04:04:22.388+0000] {dag.py:2915} INFO - Sync 1 DAGs
[2023-10-11T04:04:22.410+0000] {logging_mixin.py:151} INFO - [2023-10-11T04:04:22.410+0000] {dag.py:3696} INFO - Setting next_dagrun for example_short_circuit_decorator to 2023-10-10T04:04:22.410275+00:00, run_after=2023-10-11T04:04:22.410275+00:00
[2023-10-11T04:04:22.431+0000] {processor.py:179} INFO - Processing /home/airflow/.local/lib/python3.8/site-packages/airflow/example_dags/example_short_circuit_decorator.py took 0.082 seconds
