[2023-10-11T03:39:28.557+0000] {processor.py:157} INFO - Started process (PID=69) to work on /home/airflow/.local/lib/python3.8/site-packages/airflow/example_dags/example_complex.py
[2023-10-11T03:39:28.559+0000] {processor.py:829} INFO - Processing file /home/airflow/.local/lib/python3.8/site-packages/airflow/example_dags/example_complex.py for tasks to queue
[2023-10-11T03:39:28.562+0000] {logging_mixin.py:151} INFO - [2023-10-11T03:39:28.562+0000] {dagbag.py:539} INFO - Filling up the DagBag from /home/airflow/.local/lib/python3.8/site-packages/airflow/example_dags/example_complex.py
[2023-10-11T03:39:28.586+0000] {processor.py:839} INFO - DAG(s) dict_keys(['example_complex']) retrieved from /home/airflow/.local/lib/python3.8/site-packages/airflow/example_dags/example_complex.py
[2023-10-11T03:39:28.626+0000] {logging_mixin.py:151} INFO - [2023-10-11T03:39:28.626+0000] {dag.py:2915} INFO - Sync 1 DAGs
[2023-10-11T03:39:28.640+0000] {logging_mixin.py:151} INFO - [2023-10-11T03:39:28.640+0000] {dag.py:3696} INFO - Setting next_dagrun for example_complex to None, run_after=None
[2023-10-11T03:39:28.663+0000] {processor.py:179} INFO - Processing /home/airflow/.local/lib/python3.8/site-packages/airflow/example_dags/example_complex.py took 0.110 seconds
[2023-10-11T03:39:59.259+0000] {processor.py:157} INFO - Started process (PID=126) to work on /home/airflow/.local/lib/python3.8/site-packages/airflow/example_dags/example_complex.py
[2023-10-11T03:39:59.265+0000] {processor.py:829} INFO - Processing file /home/airflow/.local/lib/python3.8/site-packages/airflow/example_dags/example_complex.py for tasks to queue
[2023-10-11T03:39:59.267+0000] {logging_mixin.py:151} INFO - [2023-10-11T03:39:59.267+0000] {dagbag.py:539} INFO - Filling up the DagBag from /home/airflow/.local/lib/python3.8/site-packages/airflow/example_dags/example_complex.py
[2023-10-11T03:39:59.276+0000] {processor.py:839} INFO - DAG(s) dict_keys(['example_complex']) retrieved from /home/airflow/.local/lib/python3.8/site-packages/airflow/example_dags/example_complex.py
[2023-10-11T03:39:59.306+0000] {logging_mixin.py:151} INFO - [2023-10-11T03:39:59.306+0000] {dag.py:2915} INFO - Sync 1 DAGs
[2023-10-11T03:39:59.319+0000] {logging_mixin.py:151} INFO - [2023-10-11T03:39:59.319+0000] {dag.py:3696} INFO - Setting next_dagrun for example_complex to None, run_after=None
[2023-10-11T03:39:59.337+0000] {processor.py:179} INFO - Processing /home/airflow/.local/lib/python3.8/site-packages/airflow/example_dags/example_complex.py took 0.080 seconds
[2023-10-11T03:40:29.759+0000] {processor.py:157} INFO - Started process (PID=183) to work on /home/airflow/.local/lib/python3.8/site-packages/airflow/example_dags/example_complex.py
[2023-10-11T03:40:29.761+0000] {processor.py:829} INFO - Processing file /home/airflow/.local/lib/python3.8/site-packages/airflow/example_dags/example_complex.py for tasks to queue
[2023-10-11T03:40:29.763+0000] {logging_mixin.py:151} INFO - [2023-10-11T03:40:29.763+0000] {dagbag.py:539} INFO - Filling up the DagBag from /home/airflow/.local/lib/python3.8/site-packages/airflow/example_dags/example_complex.py
[2023-10-11T03:40:29.773+0000] {processor.py:839} INFO - DAG(s) dict_keys(['example_complex']) retrieved from /home/airflow/.local/lib/python3.8/site-packages/airflow/example_dags/example_complex.py
[2023-10-11T03:40:29.802+0000] {logging_mixin.py:151} INFO - [2023-10-11T03:40:29.802+0000] {dag.py:2915} INFO - Sync 1 DAGs
[2023-10-11T03:40:29.815+0000] {logging_mixin.py:151} INFO - [2023-10-11T03:40:29.814+0000] {dag.py:3696} INFO - Setting next_dagrun for example_complex to None, run_after=None
[2023-10-11T03:40:29.835+0000] {processor.py:179} INFO - Processing /home/airflow/.local/lib/python3.8/site-packages/airflow/example_dags/example_complex.py took 0.078 seconds
[2023-10-11T03:41:00.616+0000] {processor.py:157} INFO - Started process (PID=240) to work on /home/airflow/.local/lib/python3.8/site-packages/airflow/example_dags/example_complex.py
[2023-10-11T03:41:00.618+0000] {processor.py:829} INFO - Processing file /home/airflow/.local/lib/python3.8/site-packages/airflow/example_dags/example_complex.py for tasks to queue
[2023-10-11T03:41:00.623+0000] {logging_mixin.py:151} INFO - [2023-10-11T03:41:00.622+0000] {dagbag.py:539} INFO - Filling up the DagBag from /home/airflow/.local/lib/python3.8/site-packages/airflow/example_dags/example_complex.py
[2023-10-11T03:41:00.635+0000] {processor.py:839} INFO - DAG(s) dict_keys(['example_complex']) retrieved from /home/airflow/.local/lib/python3.8/site-packages/airflow/example_dags/example_complex.py
[2023-10-11T03:41:00.678+0000] {logging_mixin.py:151} INFO - [2023-10-11T03:41:00.677+0000] {dag.py:2915} INFO - Sync 1 DAGs
[2023-10-11T03:41:00.693+0000] {logging_mixin.py:151} INFO - [2023-10-11T03:41:00.693+0000] {dag.py:3696} INFO - Setting next_dagrun for example_complex to None, run_after=None
[2023-10-11T03:41:00.717+0000] {processor.py:179} INFO - Processing /home/airflow/.local/lib/python3.8/site-packages/airflow/example_dags/example_complex.py took 0.105 seconds
[2023-10-11T03:41:31.175+0000] {processor.py:157} INFO - Started process (PID=297) to work on /home/airflow/.local/lib/python3.8/site-packages/airflow/example_dags/example_complex.py
[2023-10-11T03:41:31.178+0000] {processor.py:829} INFO - Processing file /home/airflow/.local/lib/python3.8/site-packages/airflow/example_dags/example_complex.py for tasks to queue
[2023-10-11T03:41:31.184+0000] {logging_mixin.py:151} INFO - [2023-10-11T03:41:31.183+0000] {dagbag.py:539} INFO - Filling up the DagBag from /home/airflow/.local/lib/python3.8/site-packages/airflow/example_dags/example_complex.py
[2023-10-11T03:41:31.205+0000] {processor.py:839} INFO - DAG(s) dict_keys(['example_complex']) retrieved from /home/airflow/.local/lib/python3.8/site-packages/airflow/example_dags/example_complex.py
[2023-10-11T03:41:31.258+0000] {logging_mixin.py:151} INFO - [2023-10-11T03:41:31.258+0000] {dag.py:2915} INFO - Sync 1 DAGs
[2023-10-11T03:41:31.275+0000] {logging_mixin.py:151} INFO - [2023-10-11T03:41:31.274+0000] {dag.py:3696} INFO - Setting next_dagrun for example_complex to None, run_after=None
[2023-10-11T03:41:31.318+0000] {processor.py:179} INFO - Processing /home/airflow/.local/lib/python3.8/site-packages/airflow/example_dags/example_complex.py took 0.149 seconds
[2023-10-11T03:42:01.676+0000] {processor.py:157} INFO - Started process (PID=354) to work on /home/airflow/.local/lib/python3.8/site-packages/airflow/example_dags/example_complex.py
[2023-10-11T03:42:01.678+0000] {processor.py:829} INFO - Processing file /home/airflow/.local/lib/python3.8/site-packages/airflow/example_dags/example_complex.py for tasks to queue
[2023-10-11T03:42:01.682+0000] {logging_mixin.py:151} INFO - [2023-10-11T03:42:01.681+0000] {dagbag.py:539} INFO - Filling up the DagBag from /home/airflow/.local/lib/python3.8/site-packages/airflow/example_dags/example_complex.py
[2023-10-11T03:42:01.694+0000] {processor.py:839} INFO - DAG(s) dict_keys(['example_complex']) retrieved from /home/airflow/.local/lib/python3.8/site-packages/airflow/example_dags/example_complex.py
[2023-10-11T03:42:01.734+0000] {logging_mixin.py:151} INFO - [2023-10-11T03:42:01.734+0000] {dag.py:2915} INFO - Sync 1 DAGs
[2023-10-11T03:42:01.751+0000] {logging_mixin.py:151} INFO - [2023-10-11T03:42:01.751+0000] {dag.py:3696} INFO - Setting next_dagrun for example_complex to None, run_after=None
[2023-10-11T03:42:01.772+0000] {processor.py:179} INFO - Processing /home/airflow/.local/lib/python3.8/site-packages/airflow/example_dags/example_complex.py took 0.101 seconds
[2023-10-11T03:42:31.882+0000] {processor.py:157} INFO - Started process (PID=411) to work on /home/airflow/.local/lib/python3.8/site-packages/airflow/example_dags/example_complex.py
[2023-10-11T03:42:31.884+0000] {processor.py:829} INFO - Processing file /home/airflow/.local/lib/python3.8/site-packages/airflow/example_dags/example_complex.py for tasks to queue
[2023-10-11T03:42:31.888+0000] {logging_mixin.py:151} INFO - [2023-10-11T03:42:31.888+0000] {dagbag.py:539} INFO - Filling up the DagBag from /home/airflow/.local/lib/python3.8/site-packages/airflow/example_dags/example_complex.py
[2023-10-11T03:42:31.900+0000] {processor.py:839} INFO - DAG(s) dict_keys(['example_complex']) retrieved from /home/airflow/.local/lib/python3.8/site-packages/airflow/example_dags/example_complex.py
[2023-10-11T03:42:31.943+0000] {logging_mixin.py:151} INFO - [2023-10-11T03:42:31.942+0000] {dag.py:2915} INFO - Sync 1 DAGs
[2023-10-11T03:42:31.956+0000] {logging_mixin.py:151} INFO - [2023-10-11T03:42:31.956+0000] {dag.py:3696} INFO - Setting next_dagrun for example_complex to None, run_after=None
[2023-10-11T03:42:31.979+0000] {processor.py:179} INFO - Processing /home/airflow/.local/lib/python3.8/site-packages/airflow/example_dags/example_complex.py took 0.101 seconds
[2023-10-11T03:43:02.891+0000] {processor.py:157} INFO - Started process (PID=467) to work on /home/airflow/.local/lib/python3.8/site-packages/airflow/example_dags/example_complex.py
[2023-10-11T03:43:02.892+0000] {processor.py:829} INFO - Processing file /home/airflow/.local/lib/python3.8/site-packages/airflow/example_dags/example_complex.py for tasks to queue
[2023-10-11T03:43:02.895+0000] {logging_mixin.py:151} INFO - [2023-10-11T03:43:02.895+0000] {dagbag.py:539} INFO - Filling up the DagBag from /home/airflow/.local/lib/python3.8/site-packages/airflow/example_dags/example_complex.py
[2023-10-11T03:43:02.908+0000] {processor.py:839} INFO - DAG(s) dict_keys(['example_complex']) retrieved from /home/airflow/.local/lib/python3.8/site-packages/airflow/example_dags/example_complex.py
[2023-10-11T03:43:02.943+0000] {logging_mixin.py:151} INFO - [2023-10-11T03:43:02.942+0000] {dag.py:2915} INFO - Sync 1 DAGs
[2023-10-11T03:43:02.960+0000] {logging_mixin.py:151} INFO - [2023-10-11T03:43:02.959+0000] {dag.py:3696} INFO - Setting next_dagrun for example_complex to None, run_after=None
[2023-10-11T03:43:02.985+0000] {processor.py:179} INFO - Processing /home/airflow/.local/lib/python3.8/site-packages/airflow/example_dags/example_complex.py took 0.097 seconds
[2023-10-11T03:43:33.271+0000] {processor.py:157} INFO - Started process (PID=524) to work on /home/airflow/.local/lib/python3.8/site-packages/airflow/example_dags/example_complex.py
[2023-10-11T03:43:33.276+0000] {processor.py:829} INFO - Processing file /home/airflow/.local/lib/python3.8/site-packages/airflow/example_dags/example_complex.py for tasks to queue
[2023-10-11T03:43:33.282+0000] {logging_mixin.py:151} INFO - [2023-10-11T03:43:33.281+0000] {dagbag.py:539} INFO - Filling up the DagBag from /home/airflow/.local/lib/python3.8/site-packages/airflow/example_dags/example_complex.py
[2023-10-11T03:43:33.304+0000] {processor.py:839} INFO - DAG(s) dict_keys(['example_complex']) retrieved from /home/airflow/.local/lib/python3.8/site-packages/airflow/example_dags/example_complex.py
[2023-10-11T03:43:33.350+0000] {logging_mixin.py:151} INFO - [2023-10-11T03:43:33.350+0000] {dag.py:2915} INFO - Sync 1 DAGs
[2023-10-11T03:43:33.367+0000] {logging_mixin.py:151} INFO - [2023-10-11T03:43:33.366+0000] {dag.py:3696} INFO - Setting next_dagrun for example_complex to None, run_after=None
[2023-10-11T03:43:33.404+0000] {processor.py:179} INFO - Processing /home/airflow/.local/lib/python3.8/site-packages/airflow/example_dags/example_complex.py took 0.139 seconds
[2023-10-11T03:44:03.489+0000] {processor.py:157} INFO - Started process (PID=581) to work on /home/airflow/.local/lib/python3.8/site-packages/airflow/example_dags/example_complex.py
[2023-10-11T03:44:03.491+0000] {processor.py:829} INFO - Processing file /home/airflow/.local/lib/python3.8/site-packages/airflow/example_dags/example_complex.py for tasks to queue
[2023-10-11T03:44:03.495+0000] {logging_mixin.py:151} INFO - [2023-10-11T03:44:03.495+0000] {dagbag.py:539} INFO - Filling up the DagBag from /home/airflow/.local/lib/python3.8/site-packages/airflow/example_dags/example_complex.py
[2023-10-11T03:44:03.508+0000] {processor.py:839} INFO - DAG(s) dict_keys(['example_complex']) retrieved from /home/airflow/.local/lib/python3.8/site-packages/airflow/example_dags/example_complex.py
[2023-10-11T03:44:03.545+0000] {logging_mixin.py:151} INFO - [2023-10-11T03:44:03.545+0000] {dag.py:2915} INFO - Sync 1 DAGs
[2023-10-11T03:44:03.560+0000] {logging_mixin.py:151} INFO - [2023-10-11T03:44:03.559+0000] {dag.py:3696} INFO - Setting next_dagrun for example_complex to None, run_after=None
[2023-10-11T03:44:03.582+0000] {processor.py:179} INFO - Processing /home/airflow/.local/lib/python3.8/site-packages/airflow/example_dags/example_complex.py took 0.097 seconds
[2023-10-11T03:44:33.851+0000] {processor.py:157} INFO - Started process (PID=638) to work on /home/airflow/.local/lib/python3.8/site-packages/airflow/example_dags/example_complex.py
[2023-10-11T03:44:33.852+0000] {processor.py:829} INFO - Processing file /home/airflow/.local/lib/python3.8/site-packages/airflow/example_dags/example_complex.py for tasks to queue
[2023-10-11T03:44:33.854+0000] {logging_mixin.py:151} INFO - [2023-10-11T03:44:33.854+0000] {dagbag.py:539} INFO - Filling up the DagBag from /home/airflow/.local/lib/python3.8/site-packages/airflow/example_dags/example_complex.py
[2023-10-11T03:44:33.865+0000] {processor.py:839} INFO - DAG(s) dict_keys(['example_complex']) retrieved from /home/airflow/.local/lib/python3.8/site-packages/airflow/example_dags/example_complex.py
[2023-10-11T03:44:33.896+0000] {logging_mixin.py:151} INFO - [2023-10-11T03:44:33.895+0000] {dag.py:2915} INFO - Sync 1 DAGs
[2023-10-11T03:44:33.908+0000] {logging_mixin.py:151} INFO - [2023-10-11T03:44:33.907+0000] {dag.py:3696} INFO - Setting next_dagrun for example_complex to None, run_after=None
[2023-10-11T03:44:33.930+0000] {processor.py:179} INFO - Processing /home/airflow/.local/lib/python3.8/site-packages/airflow/example_dags/example_complex.py took 0.083 seconds
[2023-10-11T03:45:04.438+0000] {processor.py:157} INFO - Started process (PID=695) to work on /home/airflow/.local/lib/python3.8/site-packages/airflow/example_dags/example_complex.py
[2023-10-11T03:45:04.439+0000] {processor.py:829} INFO - Processing file /home/airflow/.local/lib/python3.8/site-packages/airflow/example_dags/example_complex.py for tasks to queue
[2023-10-11T03:45:04.442+0000] {logging_mixin.py:151} INFO - [2023-10-11T03:45:04.442+0000] {dagbag.py:539} INFO - Filling up the DagBag from /home/airflow/.local/lib/python3.8/site-packages/airflow/example_dags/example_complex.py
[2023-10-11T03:45:04.453+0000] {processor.py:839} INFO - DAG(s) dict_keys(['example_complex']) retrieved from /home/airflow/.local/lib/python3.8/site-packages/airflow/example_dags/example_complex.py
[2023-10-11T03:45:04.485+0000] {logging_mixin.py:151} INFO - [2023-10-11T03:45:04.485+0000] {dag.py:2915} INFO - Sync 1 DAGs
[2023-10-11T03:45:04.499+0000] {logging_mixin.py:151} INFO - [2023-10-11T03:45:04.499+0000] {dag.py:3696} INFO - Setting next_dagrun for example_complex to None, run_after=None
[2023-10-11T03:45:04.524+0000] {processor.py:179} INFO - Processing /home/airflow/.local/lib/python3.8/site-packages/airflow/example_dags/example_complex.py took 0.091 seconds
[2023-10-11T03:45:34.632+0000] {processor.py:157} INFO - Started process (PID=752) to work on /home/airflow/.local/lib/python3.8/site-packages/airflow/example_dags/example_complex.py
[2023-10-11T03:45:34.633+0000] {processor.py:829} INFO - Processing file /home/airflow/.local/lib/python3.8/site-packages/airflow/example_dags/example_complex.py for tasks to queue
[2023-10-11T03:45:34.636+0000] {logging_mixin.py:151} INFO - [2023-10-11T03:45:34.636+0000] {dagbag.py:539} INFO - Filling up the DagBag from /home/airflow/.local/lib/python3.8/site-packages/airflow/example_dags/example_complex.py
[2023-10-11T03:45:34.645+0000] {processor.py:839} INFO - DAG(s) dict_keys(['example_complex']) retrieved from /home/airflow/.local/lib/python3.8/site-packages/airflow/example_dags/example_complex.py
[2023-10-11T03:45:34.675+0000] {logging_mixin.py:151} INFO - [2023-10-11T03:45:34.675+0000] {dag.py:2915} INFO - Sync 1 DAGs
[2023-10-11T03:45:34.687+0000] {logging_mixin.py:151} INFO - [2023-10-11T03:45:34.687+0000] {dag.py:3696} INFO - Setting next_dagrun for example_complex to None, run_after=None
[2023-10-11T03:45:34.707+0000] {processor.py:179} INFO - Processing /home/airflow/.local/lib/python3.8/site-packages/airflow/example_dags/example_complex.py took 0.079 seconds
[2023-10-11T03:46:05.016+0000] {processor.py:157} INFO - Started process (PID=809) to work on /home/airflow/.local/lib/python3.8/site-packages/airflow/example_dags/example_complex.py
[2023-10-11T03:46:05.018+0000] {processor.py:829} INFO - Processing file /home/airflow/.local/lib/python3.8/site-packages/airflow/example_dags/example_complex.py for tasks to queue
[2023-10-11T03:46:05.020+0000] {logging_mixin.py:151} INFO - [2023-10-11T03:46:05.020+0000] {dagbag.py:539} INFO - Filling up the DagBag from /home/airflow/.local/lib/python3.8/site-packages/airflow/example_dags/example_complex.py
[2023-10-11T03:46:05.029+0000] {processor.py:839} INFO - DAG(s) dict_keys(['example_complex']) retrieved from /home/airflow/.local/lib/python3.8/site-packages/airflow/example_dags/example_complex.py
[2023-10-11T03:46:05.057+0000] {logging_mixin.py:151} INFO - [2023-10-11T03:46:05.057+0000] {dag.py:2915} INFO - Sync 1 DAGs
[2023-10-11T03:46:05.067+0000] {logging_mixin.py:151} INFO - [2023-10-11T03:46:05.067+0000] {dag.py:3696} INFO - Setting next_dagrun for example_complex to None, run_after=None
[2023-10-11T03:46:05.087+0000] {processor.py:179} INFO - Processing /home/airflow/.local/lib/python3.8/site-packages/airflow/example_dags/example_complex.py took 0.073 seconds
[2023-10-11T03:46:36.028+0000] {processor.py:157} INFO - Started process (PID=866) to work on /home/airflow/.local/lib/python3.8/site-packages/airflow/example_dags/example_complex.py
[2023-10-11T03:46:36.029+0000] {processor.py:829} INFO - Processing file /home/airflow/.local/lib/python3.8/site-packages/airflow/example_dags/example_complex.py for tasks to queue
[2023-10-11T03:46:36.031+0000] {logging_mixin.py:151} INFO - [2023-10-11T03:46:36.031+0000] {dagbag.py:539} INFO - Filling up the DagBag from /home/airflow/.local/lib/python3.8/site-packages/airflow/example_dags/example_complex.py
[2023-10-11T03:46:36.041+0000] {processor.py:839} INFO - DAG(s) dict_keys(['example_complex']) retrieved from /home/airflow/.local/lib/python3.8/site-packages/airflow/example_dags/example_complex.py
[2023-10-11T03:46:36.073+0000] {logging_mixin.py:151} INFO - [2023-10-11T03:46:36.073+0000] {dag.py:2915} INFO - Sync 1 DAGs
[2023-10-11T03:46:36.084+0000] {logging_mixin.py:151} INFO - [2023-10-11T03:46:36.084+0000] {dag.py:3696} INFO - Setting next_dagrun for example_complex to None, run_after=None
[2023-10-11T03:46:36.103+0000] {processor.py:179} INFO - Processing /home/airflow/.local/lib/python3.8/site-packages/airflow/example_dags/example_complex.py took 0.079 seconds
[2023-10-11T03:47:06.262+0000] {processor.py:157} INFO - Started process (PID=923) to work on /home/airflow/.local/lib/python3.8/site-packages/airflow/example_dags/example_complex.py
[2023-10-11T03:47:06.263+0000] {processor.py:829} INFO - Processing file /home/airflow/.local/lib/python3.8/site-packages/airflow/example_dags/example_complex.py for tasks to queue
[2023-10-11T03:47:06.266+0000] {logging_mixin.py:151} INFO - [2023-10-11T03:47:06.265+0000] {dagbag.py:539} INFO - Filling up the DagBag from /home/airflow/.local/lib/python3.8/site-packages/airflow/example_dags/example_complex.py
[2023-10-11T03:47:06.276+0000] {processor.py:839} INFO - DAG(s) dict_keys(['example_complex']) retrieved from /home/airflow/.local/lib/python3.8/site-packages/airflow/example_dags/example_complex.py
[2023-10-11T03:47:06.308+0000] {logging_mixin.py:151} INFO - [2023-10-11T03:47:06.307+0000] {dag.py:2915} INFO - Sync 1 DAGs
[2023-10-11T03:47:06.319+0000] {logging_mixin.py:151} INFO - [2023-10-11T03:47:06.319+0000] {dag.py:3696} INFO - Setting next_dagrun for example_complex to None, run_after=None
[2023-10-11T03:47:06.340+0000] {processor.py:179} INFO - Processing /home/airflow/.local/lib/python3.8/site-packages/airflow/example_dags/example_complex.py took 0.081 seconds
[2023-10-11T03:47:36.681+0000] {processor.py:157} INFO - Started process (PID=980) to work on /home/airflow/.local/lib/python3.8/site-packages/airflow/example_dags/example_complex.py
[2023-10-11T03:47:36.682+0000] {processor.py:829} INFO - Processing file /home/airflow/.local/lib/python3.8/site-packages/airflow/example_dags/example_complex.py for tasks to queue
[2023-10-11T03:47:36.685+0000] {logging_mixin.py:151} INFO - [2023-10-11T03:47:36.685+0000] {dagbag.py:539} INFO - Filling up the DagBag from /home/airflow/.local/lib/python3.8/site-packages/airflow/example_dags/example_complex.py
[2023-10-11T03:47:36.694+0000] {processor.py:839} INFO - DAG(s) dict_keys(['example_complex']) retrieved from /home/airflow/.local/lib/python3.8/site-packages/airflow/example_dags/example_complex.py
[2023-10-11T03:47:36.730+0000] {logging_mixin.py:151} INFO - [2023-10-11T03:47:36.729+0000] {dag.py:2915} INFO - Sync 1 DAGs
[2023-10-11T03:47:36.742+0000] {logging_mixin.py:151} INFO - [2023-10-11T03:47:36.742+0000] {dag.py:3696} INFO - Setting next_dagrun for example_complex to None, run_after=None
[2023-10-11T03:47:36.768+0000] {processor.py:179} INFO - Processing /home/airflow/.local/lib/python3.8/site-packages/airflow/example_dags/example_complex.py took 0.091 seconds
[2023-10-11T03:48:06.968+0000] {processor.py:157} INFO - Started process (PID=1036) to work on /home/airflow/.local/lib/python3.8/site-packages/airflow/example_dags/example_complex.py
[2023-10-11T03:48:06.971+0000] {processor.py:829} INFO - Processing file /home/airflow/.local/lib/python3.8/site-packages/airflow/example_dags/example_complex.py for tasks to queue
[2023-10-11T03:48:06.975+0000] {logging_mixin.py:151} INFO - [2023-10-11T03:48:06.975+0000] {dagbag.py:539} INFO - Filling up the DagBag from /home/airflow/.local/lib/python3.8/site-packages/airflow/example_dags/example_complex.py
[2023-10-11T03:48:06.984+0000] {processor.py:839} INFO - DAG(s) dict_keys(['example_complex']) retrieved from /home/airflow/.local/lib/python3.8/site-packages/airflow/example_dags/example_complex.py
[2023-10-11T03:48:07.061+0000] {logging_mixin.py:151} INFO - [2023-10-11T03:48:07.061+0000] {dag.py:2915} INFO - Sync 1 DAGs
[2023-10-11T03:48:07.074+0000] {logging_mixin.py:151} INFO - [2023-10-11T03:48:07.073+0000] {dag.py:3696} INFO - Setting next_dagrun for example_complex to None, run_after=None
[2023-10-11T03:48:07.100+0000] {processor.py:179} INFO - Processing /home/airflow/.local/lib/python3.8/site-packages/airflow/example_dags/example_complex.py took 0.137 seconds
[2023-10-11T03:48:37.431+0000] {processor.py:157} INFO - Started process (PID=1100) to work on /home/airflow/.local/lib/python3.8/site-packages/airflow/example_dags/example_complex.py
[2023-10-11T03:48:37.433+0000] {processor.py:829} INFO - Processing file /home/airflow/.local/lib/python3.8/site-packages/airflow/example_dags/example_complex.py for tasks to queue
[2023-10-11T03:48:37.437+0000] {logging_mixin.py:151} INFO - [2023-10-11T03:48:37.437+0000] {dagbag.py:539} INFO - Filling up the DagBag from /home/airflow/.local/lib/python3.8/site-packages/airflow/example_dags/example_complex.py
[2023-10-11T03:48:37.449+0000] {processor.py:839} INFO - DAG(s) dict_keys(['example_complex']) retrieved from /home/airflow/.local/lib/python3.8/site-packages/airflow/example_dags/example_complex.py
[2023-10-11T03:48:37.483+0000] {logging_mixin.py:151} INFO - [2023-10-11T03:48:37.482+0000] {dag.py:2915} INFO - Sync 1 DAGs
[2023-10-11T03:48:37.500+0000] {logging_mixin.py:151} INFO - [2023-10-11T03:48:37.500+0000] {dag.py:3696} INFO - Setting next_dagrun for example_complex to None, run_after=None
[2023-10-11T03:48:37.524+0000] {processor.py:179} INFO - Processing /home/airflow/.local/lib/python3.8/site-packages/airflow/example_dags/example_complex.py took 0.099 seconds
[2023-10-11T03:49:07.910+0000] {processor.py:157} INFO - Started process (PID=1157) to work on /home/airflow/.local/lib/python3.8/site-packages/airflow/example_dags/example_complex.py
[2023-10-11T03:49:07.912+0000] {processor.py:829} INFO - Processing file /home/airflow/.local/lib/python3.8/site-packages/airflow/example_dags/example_complex.py for tasks to queue
[2023-10-11T03:49:07.915+0000] {logging_mixin.py:151} INFO - [2023-10-11T03:49:07.914+0000] {dagbag.py:539} INFO - Filling up the DagBag from /home/airflow/.local/lib/python3.8/site-packages/airflow/example_dags/example_complex.py
[2023-10-11T03:49:07.924+0000] {processor.py:839} INFO - DAG(s) dict_keys(['example_complex']) retrieved from /home/airflow/.local/lib/python3.8/site-packages/airflow/example_dags/example_complex.py
[2023-10-11T03:49:07.954+0000] {logging_mixin.py:151} INFO - [2023-10-11T03:49:07.954+0000] {dag.py:2915} INFO - Sync 1 DAGs
[2023-10-11T03:49:07.968+0000] {logging_mixin.py:151} INFO - [2023-10-11T03:49:07.967+0000] {dag.py:3696} INFO - Setting next_dagrun for example_complex to None, run_after=None
[2023-10-11T03:49:07.989+0000] {processor.py:179} INFO - Processing /home/airflow/.local/lib/python3.8/site-packages/airflow/example_dags/example_complex.py took 0.082 seconds
[2023-10-11T03:49:38.492+0000] {processor.py:157} INFO - Started process (PID=1215) to work on /home/airflow/.local/lib/python3.8/site-packages/airflow/example_dags/example_complex.py
[2023-10-11T03:49:38.493+0000] {processor.py:829} INFO - Processing file /home/airflow/.local/lib/python3.8/site-packages/airflow/example_dags/example_complex.py for tasks to queue
[2023-10-11T03:49:38.496+0000] {logging_mixin.py:151} INFO - [2023-10-11T03:49:38.496+0000] {dagbag.py:539} INFO - Filling up the DagBag from /home/airflow/.local/lib/python3.8/site-packages/airflow/example_dags/example_complex.py
[2023-10-11T03:49:38.507+0000] {processor.py:839} INFO - DAG(s) dict_keys(['example_complex']) retrieved from /home/airflow/.local/lib/python3.8/site-packages/airflow/example_dags/example_complex.py
[2023-10-11T03:49:38.536+0000] {logging_mixin.py:151} INFO - [2023-10-11T03:49:38.536+0000] {dag.py:2915} INFO - Sync 1 DAGs
[2023-10-11T03:49:38.546+0000] {logging_mixin.py:151} INFO - [2023-10-11T03:49:38.546+0000] {dag.py:3696} INFO - Setting next_dagrun for example_complex to None, run_after=None
[2023-10-11T03:49:38.568+0000] {processor.py:179} INFO - Processing /home/airflow/.local/lib/python3.8/site-packages/airflow/example_dags/example_complex.py took 0.079 seconds
[2023-10-11T03:50:08.641+0000] {processor.py:157} INFO - Started process (PID=1272) to work on /home/airflow/.local/lib/python3.8/site-packages/airflow/example_dags/example_complex.py
[2023-10-11T03:50:08.642+0000] {processor.py:829} INFO - Processing file /home/airflow/.local/lib/python3.8/site-packages/airflow/example_dags/example_complex.py for tasks to queue
[2023-10-11T03:50:08.645+0000] {logging_mixin.py:151} INFO - [2023-10-11T03:50:08.645+0000] {dagbag.py:539} INFO - Filling up the DagBag from /home/airflow/.local/lib/python3.8/site-packages/airflow/example_dags/example_complex.py
[2023-10-11T03:50:08.654+0000] {processor.py:839} INFO - DAG(s) dict_keys(['example_complex']) retrieved from /home/airflow/.local/lib/python3.8/site-packages/airflow/example_dags/example_complex.py
[2023-10-11T03:50:08.686+0000] {logging_mixin.py:151} INFO - [2023-10-11T03:50:08.685+0000] {dag.py:2915} INFO - Sync 1 DAGs
[2023-10-11T03:50:08.698+0000] {logging_mixin.py:151} INFO - [2023-10-11T03:50:08.698+0000] {dag.py:3696} INFO - Setting next_dagrun for example_complex to None, run_after=None
[2023-10-11T03:50:08.722+0000] {processor.py:179} INFO - Processing /home/airflow/.local/lib/python3.8/site-packages/airflow/example_dags/example_complex.py took 0.085 seconds
[2023-10-11T03:50:39.381+0000] {processor.py:157} INFO - Started process (PID=1329) to work on /home/airflow/.local/lib/python3.8/site-packages/airflow/example_dags/example_complex.py
[2023-10-11T03:50:39.382+0000] {processor.py:829} INFO - Processing file /home/airflow/.local/lib/python3.8/site-packages/airflow/example_dags/example_complex.py for tasks to queue
[2023-10-11T03:50:39.385+0000] {logging_mixin.py:151} INFO - [2023-10-11T03:50:39.384+0000] {dagbag.py:539} INFO - Filling up the DagBag from /home/airflow/.local/lib/python3.8/site-packages/airflow/example_dags/example_complex.py
[2023-10-11T03:50:39.396+0000] {processor.py:839} INFO - DAG(s) dict_keys(['example_complex']) retrieved from /home/airflow/.local/lib/python3.8/site-packages/airflow/example_dags/example_complex.py
[2023-10-11T03:50:39.424+0000] {logging_mixin.py:151} INFO - [2023-10-11T03:50:39.424+0000] {dag.py:2915} INFO - Sync 1 DAGs
[2023-10-11T03:50:39.435+0000] {logging_mixin.py:151} INFO - [2023-10-11T03:50:39.435+0000] {dag.py:3696} INFO - Setting next_dagrun for example_complex to None, run_after=None
[2023-10-11T03:50:39.456+0000] {processor.py:179} INFO - Processing /home/airflow/.local/lib/python3.8/site-packages/airflow/example_dags/example_complex.py took 0.079 seconds
[2023-10-11T03:51:09.887+0000] {processor.py:157} INFO - Started process (PID=1386) to work on /home/airflow/.local/lib/python3.8/site-packages/airflow/example_dags/example_complex.py
[2023-10-11T03:51:09.889+0000] {processor.py:829} INFO - Processing file /home/airflow/.local/lib/python3.8/site-packages/airflow/example_dags/example_complex.py for tasks to queue
[2023-10-11T03:51:09.893+0000] {logging_mixin.py:151} INFO - [2023-10-11T03:51:09.892+0000] {dagbag.py:539} INFO - Filling up the DagBag from /home/airflow/.local/lib/python3.8/site-packages/airflow/example_dags/example_complex.py
[2023-10-11T03:51:09.903+0000] {processor.py:839} INFO - DAG(s) dict_keys(['example_complex']) retrieved from /home/airflow/.local/lib/python3.8/site-packages/airflow/example_dags/example_complex.py
[2023-10-11T03:51:09.939+0000] {logging_mixin.py:151} INFO - [2023-10-11T03:51:09.938+0000] {dag.py:2915} INFO - Sync 1 DAGs
[2023-10-11T03:51:09.953+0000] {logging_mixin.py:151} INFO - [2023-10-11T03:51:09.952+0000] {dag.py:3696} INFO - Setting next_dagrun for example_complex to None, run_after=None
[2023-10-11T03:51:09.981+0000] {processor.py:179} INFO - Processing /home/airflow/.local/lib/python3.8/site-packages/airflow/example_dags/example_complex.py took 0.098 seconds
[2023-10-11T03:51:40.109+0000] {processor.py:157} INFO - Started process (PID=1443) to work on /home/airflow/.local/lib/python3.8/site-packages/airflow/example_dags/example_complex.py
[2023-10-11T03:51:40.110+0000] {processor.py:829} INFO - Processing file /home/airflow/.local/lib/python3.8/site-packages/airflow/example_dags/example_complex.py for tasks to queue
[2023-10-11T03:51:40.113+0000] {logging_mixin.py:151} INFO - [2023-10-11T03:51:40.112+0000] {dagbag.py:539} INFO - Filling up the DagBag from /home/airflow/.local/lib/python3.8/site-packages/airflow/example_dags/example_complex.py
[2023-10-11T03:51:40.124+0000] {processor.py:839} INFO - DAG(s) dict_keys(['example_complex']) retrieved from /home/airflow/.local/lib/python3.8/site-packages/airflow/example_dags/example_complex.py
[2023-10-11T03:51:40.160+0000] {logging_mixin.py:151} INFO - [2023-10-11T03:51:40.160+0000] {dag.py:2915} INFO - Sync 1 DAGs
[2023-10-11T03:51:40.177+0000] {logging_mixin.py:151} INFO - [2023-10-11T03:51:40.177+0000] {dag.py:3696} INFO - Setting next_dagrun for example_complex to None, run_after=None
[2023-10-11T03:51:40.203+0000] {processor.py:179} INFO - Processing /home/airflow/.local/lib/python3.8/site-packages/airflow/example_dags/example_complex.py took 0.098 seconds
[2023-10-11T03:52:10.564+0000] {processor.py:157} INFO - Started process (PID=1500) to work on /home/airflow/.local/lib/python3.8/site-packages/airflow/example_dags/example_complex.py
[2023-10-11T03:52:10.565+0000] {processor.py:829} INFO - Processing file /home/airflow/.local/lib/python3.8/site-packages/airflow/example_dags/example_complex.py for tasks to queue
[2023-10-11T03:52:10.569+0000] {logging_mixin.py:151} INFO - [2023-10-11T03:52:10.569+0000] {dagbag.py:539} INFO - Filling up the DagBag from /home/airflow/.local/lib/python3.8/site-packages/airflow/example_dags/example_complex.py
[2023-10-11T03:52:10.579+0000] {processor.py:839} INFO - DAG(s) dict_keys(['example_complex']) retrieved from /home/airflow/.local/lib/python3.8/site-packages/airflow/example_dags/example_complex.py
[2023-10-11T03:52:10.612+0000] {logging_mixin.py:151} INFO - [2023-10-11T03:52:10.611+0000] {dag.py:2915} INFO - Sync 1 DAGs
[2023-10-11T03:52:10.624+0000] {logging_mixin.py:151} INFO - [2023-10-11T03:52:10.624+0000] {dag.py:3696} INFO - Setting next_dagrun for example_complex to None, run_after=None
[2023-10-11T03:52:10.655+0000] {processor.py:179} INFO - Processing /home/airflow/.local/lib/python3.8/site-packages/airflow/example_dags/example_complex.py took 0.094 seconds
[2023-10-11T03:52:40.924+0000] {processor.py:157} INFO - Started process (PID=1557) to work on /home/airflow/.local/lib/python3.8/site-packages/airflow/example_dags/example_complex.py
[2023-10-11T03:52:40.925+0000] {processor.py:829} INFO - Processing file /home/airflow/.local/lib/python3.8/site-packages/airflow/example_dags/example_complex.py for tasks to queue
[2023-10-11T03:52:40.928+0000] {logging_mixin.py:151} INFO - [2023-10-11T03:52:40.928+0000] {dagbag.py:539} INFO - Filling up the DagBag from /home/airflow/.local/lib/python3.8/site-packages/airflow/example_dags/example_complex.py
[2023-10-11T03:52:40.940+0000] {processor.py:839} INFO - DAG(s) dict_keys(['example_complex']) retrieved from /home/airflow/.local/lib/python3.8/site-packages/airflow/example_dags/example_complex.py
[2023-10-11T03:52:40.971+0000] {logging_mixin.py:151} INFO - [2023-10-11T03:52:40.971+0000] {dag.py:2915} INFO - Sync 1 DAGs
[2023-10-11T03:52:40.983+0000] {logging_mixin.py:151} INFO - [2023-10-11T03:52:40.983+0000] {dag.py:3696} INFO - Setting next_dagrun for example_complex to None, run_after=None
[2023-10-11T03:52:41.004+0000] {processor.py:179} INFO - Processing /home/airflow/.local/lib/python3.8/site-packages/airflow/example_dags/example_complex.py took 0.083 seconds
[2023-10-11T03:53:11.213+0000] {processor.py:157} INFO - Started process (PID=1614) to work on /home/airflow/.local/lib/python3.8/site-packages/airflow/example_dags/example_complex.py
[2023-10-11T03:53:11.214+0000] {processor.py:829} INFO - Processing file /home/airflow/.local/lib/python3.8/site-packages/airflow/example_dags/example_complex.py for tasks to queue
[2023-10-11T03:53:11.217+0000] {logging_mixin.py:151} INFO - [2023-10-11T03:53:11.217+0000] {dagbag.py:539} INFO - Filling up the DagBag from /home/airflow/.local/lib/python3.8/site-packages/airflow/example_dags/example_complex.py
[2023-10-11T03:53:11.231+0000] {processor.py:839} INFO - DAG(s) dict_keys(['example_complex']) retrieved from /home/airflow/.local/lib/python3.8/site-packages/airflow/example_dags/example_complex.py
[2023-10-11T03:53:11.266+0000] {logging_mixin.py:151} INFO - [2023-10-11T03:53:11.266+0000] {dag.py:2915} INFO - Sync 1 DAGs
[2023-10-11T03:53:11.278+0000] {logging_mixin.py:151} INFO - [2023-10-11T03:53:11.278+0000] {dag.py:3696} INFO - Setting next_dagrun for example_complex to None, run_after=None
[2023-10-11T03:53:11.299+0000] {processor.py:179} INFO - Processing /home/airflow/.local/lib/python3.8/site-packages/airflow/example_dags/example_complex.py took 0.089 seconds
[2023-10-11T03:53:42.638+0000] {processor.py:157} INFO - Started process (PID=1671) to work on /home/airflow/.local/lib/python3.8/site-packages/airflow/example_dags/example_complex.py
[2023-10-11T03:53:42.640+0000] {processor.py:829} INFO - Processing file /home/airflow/.local/lib/python3.8/site-packages/airflow/example_dags/example_complex.py for tasks to queue
[2023-10-11T03:53:42.642+0000] {logging_mixin.py:151} INFO - [2023-10-11T03:53:42.642+0000] {dagbag.py:539} INFO - Filling up the DagBag from /home/airflow/.local/lib/python3.8/site-packages/airflow/example_dags/example_complex.py
[2023-10-11T03:53:42.652+0000] {processor.py:839} INFO - DAG(s) dict_keys(['example_complex']) retrieved from /home/airflow/.local/lib/python3.8/site-packages/airflow/example_dags/example_complex.py
[2023-10-11T03:53:42.681+0000] {logging_mixin.py:151} INFO - [2023-10-11T03:53:42.681+0000] {dag.py:2915} INFO - Sync 1 DAGs
[2023-10-11T03:53:42.694+0000] {logging_mixin.py:151} INFO - [2023-10-11T03:53:42.694+0000] {dag.py:3696} INFO - Setting next_dagrun for example_complex to None, run_after=None
[2023-10-11T03:53:42.715+0000] {processor.py:179} INFO - Processing /home/airflow/.local/lib/python3.8/site-packages/airflow/example_dags/example_complex.py took 0.081 seconds
[2023-10-11T03:54:12.769+0000] {processor.py:157} INFO - Started process (PID=1728) to work on /home/airflow/.local/lib/python3.8/site-packages/airflow/example_dags/example_complex.py
[2023-10-11T03:54:12.770+0000] {processor.py:829} INFO - Processing file /home/airflow/.local/lib/python3.8/site-packages/airflow/example_dags/example_complex.py for tasks to queue
[2023-10-11T03:54:12.773+0000] {logging_mixin.py:151} INFO - [2023-10-11T03:54:12.773+0000] {dagbag.py:539} INFO - Filling up the DagBag from /home/airflow/.local/lib/python3.8/site-packages/airflow/example_dags/example_complex.py
[2023-10-11T03:54:12.783+0000] {processor.py:839} INFO - DAG(s) dict_keys(['example_complex']) retrieved from /home/airflow/.local/lib/python3.8/site-packages/airflow/example_dags/example_complex.py
[2023-10-11T03:54:12.809+0000] {logging_mixin.py:151} INFO - [2023-10-11T03:54:12.809+0000] {dag.py:2915} INFO - Sync 1 DAGs
[2023-10-11T03:54:12.822+0000] {logging_mixin.py:151} INFO - [2023-10-11T03:54:12.822+0000] {dag.py:3696} INFO - Setting next_dagrun for example_complex to None, run_after=None
[2023-10-11T03:54:12.843+0000] {processor.py:179} INFO - Processing /home/airflow/.local/lib/python3.8/site-packages/airflow/example_dags/example_complex.py took 0.077 seconds
[2023-10-11T03:54:42.967+0000] {processor.py:157} INFO - Started process (PID=1785) to work on /home/airflow/.local/lib/python3.8/site-packages/airflow/example_dags/example_complex.py
[2023-10-11T03:54:42.969+0000] {processor.py:829} INFO - Processing file /home/airflow/.local/lib/python3.8/site-packages/airflow/example_dags/example_complex.py for tasks to queue
[2023-10-11T03:54:42.971+0000] {logging_mixin.py:151} INFO - [2023-10-11T03:54:42.971+0000] {dagbag.py:539} INFO - Filling up the DagBag from /home/airflow/.local/lib/python3.8/site-packages/airflow/example_dags/example_complex.py
[2023-10-11T03:54:42.981+0000] {processor.py:839} INFO - DAG(s) dict_keys(['example_complex']) retrieved from /home/airflow/.local/lib/python3.8/site-packages/airflow/example_dags/example_complex.py
[2023-10-11T03:54:43.011+0000] {logging_mixin.py:151} INFO - [2023-10-11T03:54:43.011+0000] {dag.py:2915} INFO - Sync 1 DAGs
[2023-10-11T03:54:43.023+0000] {logging_mixin.py:151} INFO - [2023-10-11T03:54:43.023+0000] {dag.py:3696} INFO - Setting next_dagrun for example_complex to None, run_after=None
[2023-10-11T03:54:43.044+0000] {processor.py:179} INFO - Processing /home/airflow/.local/lib/python3.8/site-packages/airflow/example_dags/example_complex.py took 0.080 seconds
[2023-10-11T03:55:13.643+0000] {processor.py:157} INFO - Started process (PID=1842) to work on /home/airflow/.local/lib/python3.8/site-packages/airflow/example_dags/example_complex.py
[2023-10-11T03:55:13.644+0000] {processor.py:829} INFO - Processing file /home/airflow/.local/lib/python3.8/site-packages/airflow/example_dags/example_complex.py for tasks to queue
[2023-10-11T03:55:13.647+0000] {logging_mixin.py:151} INFO - [2023-10-11T03:55:13.646+0000] {dagbag.py:539} INFO - Filling up the DagBag from /home/airflow/.local/lib/python3.8/site-packages/airflow/example_dags/example_complex.py
[2023-10-11T03:55:13.656+0000] {processor.py:839} INFO - DAG(s) dict_keys(['example_complex']) retrieved from /home/airflow/.local/lib/python3.8/site-packages/airflow/example_dags/example_complex.py
[2023-10-11T03:55:13.684+0000] {logging_mixin.py:151} INFO - [2023-10-11T03:55:13.684+0000] {dag.py:2915} INFO - Sync 1 DAGs
[2023-10-11T03:55:13.694+0000] {logging_mixin.py:151} INFO - [2023-10-11T03:55:13.694+0000] {dag.py:3696} INFO - Setting next_dagrun for example_complex to None, run_after=None
[2023-10-11T03:55:13.717+0000] {processor.py:179} INFO - Processing /home/airflow/.local/lib/python3.8/site-packages/airflow/example_dags/example_complex.py took 0.077 seconds
[2023-10-11T03:55:43.848+0000] {processor.py:157} INFO - Started process (PID=1899) to work on /home/airflow/.local/lib/python3.8/site-packages/airflow/example_dags/example_complex.py
[2023-10-11T03:55:43.850+0000] {processor.py:829} INFO - Processing file /home/airflow/.local/lib/python3.8/site-packages/airflow/example_dags/example_complex.py for tasks to queue
[2023-10-11T03:55:43.852+0000] {logging_mixin.py:151} INFO - [2023-10-11T03:55:43.852+0000] {dagbag.py:539} INFO - Filling up the DagBag from /home/airflow/.local/lib/python3.8/site-packages/airflow/example_dags/example_complex.py
[2023-10-11T03:55:43.862+0000] {processor.py:839} INFO - DAG(s) dict_keys(['example_complex']) retrieved from /home/airflow/.local/lib/python3.8/site-packages/airflow/example_dags/example_complex.py
[2023-10-11T03:55:43.892+0000] {logging_mixin.py:151} INFO - [2023-10-11T03:55:43.891+0000] {dag.py:2915} INFO - Sync 1 DAGs
[2023-10-11T03:55:43.903+0000] {logging_mixin.py:151} INFO - [2023-10-11T03:55:43.903+0000] {dag.py:3696} INFO - Setting next_dagrun for example_complex to None, run_after=None
[2023-10-11T03:55:43.925+0000] {processor.py:179} INFO - Processing /home/airflow/.local/lib/python3.8/site-packages/airflow/example_dags/example_complex.py took 0.080 seconds
[2023-10-11T03:56:14.769+0000] {processor.py:157} INFO - Started process (PID=1956) to work on /home/airflow/.local/lib/python3.8/site-packages/airflow/example_dags/example_complex.py
[2023-10-11T03:56:14.771+0000] {processor.py:829} INFO - Processing file /home/airflow/.local/lib/python3.8/site-packages/airflow/example_dags/example_complex.py for tasks to queue
[2023-10-11T03:56:14.774+0000] {logging_mixin.py:151} INFO - [2023-10-11T03:56:14.773+0000] {dagbag.py:539} INFO - Filling up the DagBag from /home/airflow/.local/lib/python3.8/site-packages/airflow/example_dags/example_complex.py
[2023-10-11T03:56:14.783+0000] {processor.py:839} INFO - DAG(s) dict_keys(['example_complex']) retrieved from /home/airflow/.local/lib/python3.8/site-packages/airflow/example_dags/example_complex.py
[2023-10-11T03:56:14.813+0000] {logging_mixin.py:151} INFO - [2023-10-11T03:56:14.813+0000] {dag.py:2915} INFO - Sync 1 DAGs
[2023-10-11T03:56:14.824+0000] {logging_mixin.py:151} INFO - [2023-10-11T03:56:14.824+0000] {dag.py:3696} INFO - Setting next_dagrun for example_complex to None, run_after=None
[2023-10-11T03:56:14.845+0000] {processor.py:179} INFO - Processing /home/airflow/.local/lib/python3.8/site-packages/airflow/example_dags/example_complex.py took 0.079 seconds
[2023-10-11T03:56:44.951+0000] {processor.py:157} INFO - Started process (PID=2013) to work on /home/airflow/.local/lib/python3.8/site-packages/airflow/example_dags/example_complex.py
[2023-10-11T03:56:44.953+0000] {processor.py:829} INFO - Processing file /home/airflow/.local/lib/python3.8/site-packages/airflow/example_dags/example_complex.py for tasks to queue
[2023-10-11T03:56:44.957+0000] {logging_mixin.py:151} INFO - [2023-10-11T03:56:44.956+0000] {dagbag.py:539} INFO - Filling up the DagBag from /home/airflow/.local/lib/python3.8/site-packages/airflow/example_dags/example_complex.py
[2023-10-11T03:56:44.972+0000] {processor.py:839} INFO - DAG(s) dict_keys(['example_complex']) retrieved from /home/airflow/.local/lib/python3.8/site-packages/airflow/example_dags/example_complex.py
[2023-10-11T03:56:45.010+0000] {logging_mixin.py:151} INFO - [2023-10-11T03:56:45.009+0000] {dag.py:2915} INFO - Sync 1 DAGs
[2023-10-11T03:56:45.023+0000] {logging_mixin.py:151} INFO - [2023-10-11T03:56:45.023+0000] {dag.py:3696} INFO - Setting next_dagrun for example_complex to None, run_after=None
[2023-10-11T03:56:45.044+0000] {processor.py:179} INFO - Processing /home/airflow/.local/lib/python3.8/site-packages/airflow/example_dags/example_complex.py took 0.097 seconds
[2023-10-11T03:57:15.084+0000] {processor.py:157} INFO - Started process (PID=2070) to work on /home/airflow/.local/lib/python3.8/site-packages/airflow/example_dags/example_complex.py
[2023-10-11T03:57:15.085+0000] {processor.py:829} INFO - Processing file /home/airflow/.local/lib/python3.8/site-packages/airflow/example_dags/example_complex.py for tasks to queue
[2023-10-11T03:57:15.088+0000] {logging_mixin.py:151} INFO - [2023-10-11T03:57:15.088+0000] {dagbag.py:539} INFO - Filling up the DagBag from /home/airflow/.local/lib/python3.8/site-packages/airflow/example_dags/example_complex.py
[2023-10-11T03:57:15.097+0000] {processor.py:839} INFO - DAG(s) dict_keys(['example_complex']) retrieved from /home/airflow/.local/lib/python3.8/site-packages/airflow/example_dags/example_complex.py
[2023-10-11T03:57:15.125+0000] {logging_mixin.py:151} INFO - [2023-10-11T03:57:15.125+0000] {dag.py:2915} INFO - Sync 1 DAGs
[2023-10-11T03:57:15.137+0000] {logging_mixin.py:151} INFO - [2023-10-11T03:57:15.137+0000] {dag.py:3696} INFO - Setting next_dagrun for example_complex to None, run_after=None
[2023-10-11T03:57:15.157+0000] {processor.py:179} INFO - Processing /home/airflow/.local/lib/python3.8/site-packages/airflow/example_dags/example_complex.py took 0.076 seconds
[2023-10-11T03:57:46.126+0000] {processor.py:157} INFO - Started process (PID=2127) to work on /home/airflow/.local/lib/python3.8/site-packages/airflow/example_dags/example_complex.py
[2023-10-11T03:57:46.129+0000] {processor.py:829} INFO - Processing file /home/airflow/.local/lib/python3.8/site-packages/airflow/example_dags/example_complex.py for tasks to queue
[2023-10-11T03:57:46.132+0000] {logging_mixin.py:151} INFO - [2023-10-11T03:57:46.132+0000] {dagbag.py:539} INFO - Filling up the DagBag from /home/airflow/.local/lib/python3.8/site-packages/airflow/example_dags/example_complex.py
[2023-10-11T03:57:46.143+0000] {processor.py:839} INFO - DAG(s) dict_keys(['example_complex']) retrieved from /home/airflow/.local/lib/python3.8/site-packages/airflow/example_dags/example_complex.py
[2023-10-11T03:57:46.178+0000] {logging_mixin.py:151} INFO - [2023-10-11T03:57:46.177+0000] {dag.py:2915} INFO - Sync 1 DAGs
[2023-10-11T03:57:46.193+0000] {logging_mixin.py:151} INFO - [2023-10-11T03:57:46.193+0000] {dag.py:3696} INFO - Setting next_dagrun for example_complex to None, run_after=None
[2023-10-11T03:57:46.217+0000] {processor.py:179} INFO - Processing /home/airflow/.local/lib/python3.8/site-packages/airflow/example_dags/example_complex.py took 0.094 seconds
[2023-10-11T03:58:16.410+0000] {processor.py:157} INFO - Started process (PID=2184) to work on /home/airflow/.local/lib/python3.8/site-packages/airflow/example_dags/example_complex.py
[2023-10-11T03:58:16.412+0000] {processor.py:829} INFO - Processing file /home/airflow/.local/lib/python3.8/site-packages/airflow/example_dags/example_complex.py for tasks to queue
[2023-10-11T03:58:16.415+0000] {logging_mixin.py:151} INFO - [2023-10-11T03:58:16.414+0000] {dagbag.py:539} INFO - Filling up the DagBag from /home/airflow/.local/lib/python3.8/site-packages/airflow/example_dags/example_complex.py
[2023-10-11T03:58:16.424+0000] {processor.py:839} INFO - DAG(s) dict_keys(['example_complex']) retrieved from /home/airflow/.local/lib/python3.8/site-packages/airflow/example_dags/example_complex.py
[2023-10-11T03:58:16.455+0000] {logging_mixin.py:151} INFO - [2023-10-11T03:58:16.455+0000] {dag.py:2915} INFO - Sync 1 DAGs
[2023-10-11T03:58:16.468+0000] {logging_mixin.py:151} INFO - [2023-10-11T03:58:16.468+0000] {dag.py:3696} INFO - Setting next_dagrun for example_complex to None, run_after=None
[2023-10-11T03:58:16.489+0000] {processor.py:179} INFO - Processing /home/airflow/.local/lib/python3.8/site-packages/airflow/example_dags/example_complex.py took 0.081 seconds
[2023-10-11T03:58:46.700+0000] {processor.py:157} INFO - Started process (PID=2241) to work on /home/airflow/.local/lib/python3.8/site-packages/airflow/example_dags/example_complex.py
[2023-10-11T03:58:46.702+0000] {processor.py:829} INFO - Processing file /home/airflow/.local/lib/python3.8/site-packages/airflow/example_dags/example_complex.py for tasks to queue
[2023-10-11T03:58:46.705+0000] {logging_mixin.py:151} INFO - [2023-10-11T03:58:46.704+0000] {dagbag.py:539} INFO - Filling up the DagBag from /home/airflow/.local/lib/python3.8/site-packages/airflow/example_dags/example_complex.py
[2023-10-11T03:58:46.713+0000] {processor.py:839} INFO - DAG(s) dict_keys(['example_complex']) retrieved from /home/airflow/.local/lib/python3.8/site-packages/airflow/example_dags/example_complex.py
[2023-10-11T03:58:46.742+0000] {logging_mixin.py:151} INFO - [2023-10-11T03:58:46.741+0000] {dag.py:2915} INFO - Sync 1 DAGs
[2023-10-11T03:58:46.752+0000] {logging_mixin.py:151} INFO - [2023-10-11T03:58:46.752+0000] {dag.py:3696} INFO - Setting next_dagrun for example_complex to None, run_after=None
[2023-10-11T03:58:46.774+0000] {processor.py:179} INFO - Processing /home/airflow/.local/lib/python3.8/site-packages/airflow/example_dags/example_complex.py took 0.077 seconds
[2023-10-11T03:59:17.286+0000] {processor.py:157} INFO - Started process (PID=2298) to work on /home/airflow/.local/lib/python3.8/site-packages/airflow/example_dags/example_complex.py
[2023-10-11T03:59:17.288+0000] {processor.py:829} INFO - Processing file /home/airflow/.local/lib/python3.8/site-packages/airflow/example_dags/example_complex.py for tasks to queue
[2023-10-11T03:59:17.290+0000] {logging_mixin.py:151} INFO - [2023-10-11T03:59:17.290+0000] {dagbag.py:539} INFO - Filling up the DagBag from /home/airflow/.local/lib/python3.8/site-packages/airflow/example_dags/example_complex.py
[2023-10-11T03:59:17.299+0000] {processor.py:839} INFO - DAG(s) dict_keys(['example_complex']) retrieved from /home/airflow/.local/lib/python3.8/site-packages/airflow/example_dags/example_complex.py
[2023-10-11T03:59:17.328+0000] {logging_mixin.py:151} INFO - [2023-10-11T03:59:17.328+0000] {dag.py:2915} INFO - Sync 1 DAGs
[2023-10-11T03:59:17.341+0000] {logging_mixin.py:151} INFO - [2023-10-11T03:59:17.341+0000] {dag.py:3696} INFO - Setting next_dagrun for example_complex to None, run_after=None
[2023-10-11T03:59:17.362+0000] {processor.py:179} INFO - Processing /home/airflow/.local/lib/python3.8/site-packages/airflow/example_dags/example_complex.py took 0.079 seconds
[2023-10-11T03:59:47.628+0000] {processor.py:157} INFO - Started process (PID=2355) to work on /home/airflow/.local/lib/python3.8/site-packages/airflow/example_dags/example_complex.py
[2023-10-11T03:59:47.629+0000] {processor.py:829} INFO - Processing file /home/airflow/.local/lib/python3.8/site-packages/airflow/example_dags/example_complex.py for tasks to queue
[2023-10-11T03:59:47.633+0000] {logging_mixin.py:151} INFO - [2023-10-11T03:59:47.632+0000] {dagbag.py:539} INFO - Filling up the DagBag from /home/airflow/.local/lib/python3.8/site-packages/airflow/example_dags/example_complex.py
[2023-10-11T03:59:47.643+0000] {processor.py:839} INFO - DAG(s) dict_keys(['example_complex']) retrieved from /home/airflow/.local/lib/python3.8/site-packages/airflow/example_dags/example_complex.py
[2023-10-11T03:59:47.681+0000] {logging_mixin.py:151} INFO - [2023-10-11T03:59:47.681+0000] {dag.py:2915} INFO - Sync 1 DAGs
[2023-10-11T03:59:47.694+0000] {logging_mixin.py:151} INFO - [2023-10-11T03:59:47.694+0000] {dag.py:3696} INFO - Setting next_dagrun for example_complex to None, run_after=None
[2023-10-11T03:59:47.716+0000] {processor.py:179} INFO - Processing /home/airflow/.local/lib/python3.8/site-packages/airflow/example_dags/example_complex.py took 0.091 seconds
[2023-10-11T04:00:18.120+0000] {processor.py:157} INFO - Started process (PID=2412) to work on /home/airflow/.local/lib/python3.8/site-packages/airflow/example_dags/example_complex.py
[2023-10-11T04:00:18.121+0000] {processor.py:829} INFO - Processing file /home/airflow/.local/lib/python3.8/site-packages/airflow/example_dags/example_complex.py for tasks to queue
[2023-10-11T04:00:18.124+0000] {logging_mixin.py:151} INFO - [2023-10-11T04:00:18.123+0000] {dagbag.py:539} INFO - Filling up the DagBag from /home/airflow/.local/lib/python3.8/site-packages/airflow/example_dags/example_complex.py
[2023-10-11T04:00:18.133+0000] {processor.py:839} INFO - DAG(s) dict_keys(['example_complex']) retrieved from /home/airflow/.local/lib/python3.8/site-packages/airflow/example_dags/example_complex.py
[2023-10-11T04:00:18.164+0000] {logging_mixin.py:151} INFO - [2023-10-11T04:00:18.164+0000] {dag.py:2915} INFO - Sync 1 DAGs
[2023-10-11T04:00:18.175+0000] {logging_mixin.py:151} INFO - [2023-10-11T04:00:18.175+0000] {dag.py:3696} INFO - Setting next_dagrun for example_complex to None, run_after=None
[2023-10-11T04:00:18.196+0000] {processor.py:179} INFO - Processing /home/airflow/.local/lib/python3.8/site-packages/airflow/example_dags/example_complex.py took 0.080 seconds
[2023-10-11T04:00:48.401+0000] {processor.py:157} INFO - Started process (PID=2469) to work on /home/airflow/.local/lib/python3.8/site-packages/airflow/example_dags/example_complex.py
[2023-10-11T04:00:48.402+0000] {processor.py:829} INFO - Processing file /home/airflow/.local/lib/python3.8/site-packages/airflow/example_dags/example_complex.py for tasks to queue
[2023-10-11T04:00:48.404+0000] {logging_mixin.py:151} INFO - [2023-10-11T04:00:48.404+0000] {dagbag.py:539} INFO - Filling up the DagBag from /home/airflow/.local/lib/python3.8/site-packages/airflow/example_dags/example_complex.py
[2023-10-11T04:00:48.416+0000] {processor.py:839} INFO - DAG(s) dict_keys(['example_complex']) retrieved from /home/airflow/.local/lib/python3.8/site-packages/airflow/example_dags/example_complex.py
[2023-10-11T04:00:48.447+0000] {logging_mixin.py:151} INFO - [2023-10-11T04:00:48.447+0000] {dag.py:2915} INFO - Sync 1 DAGs
[2023-10-11T04:00:48.459+0000] {logging_mixin.py:151} INFO - [2023-10-11T04:00:48.458+0000] {dag.py:3696} INFO - Setting next_dagrun for example_complex to None, run_after=None
[2023-10-11T04:00:48.482+0000] {processor.py:179} INFO - Processing /home/airflow/.local/lib/python3.8/site-packages/airflow/example_dags/example_complex.py took 0.085 seconds
[2023-10-11T04:01:19.035+0000] {processor.py:157} INFO - Started process (PID=2526) to work on /home/airflow/.local/lib/python3.8/site-packages/airflow/example_dags/example_complex.py
[2023-10-11T04:01:19.037+0000] {processor.py:829} INFO - Processing file /home/airflow/.local/lib/python3.8/site-packages/airflow/example_dags/example_complex.py for tasks to queue
[2023-10-11T04:01:19.040+0000] {logging_mixin.py:151} INFO - [2023-10-11T04:01:19.040+0000] {dagbag.py:539} INFO - Filling up the DagBag from /home/airflow/.local/lib/python3.8/site-packages/airflow/example_dags/example_complex.py
[2023-10-11T04:01:19.051+0000] {processor.py:839} INFO - DAG(s) dict_keys(['example_complex']) retrieved from /home/airflow/.local/lib/python3.8/site-packages/airflow/example_dags/example_complex.py
[2023-10-11T04:01:19.079+0000] {logging_mixin.py:151} INFO - [2023-10-11T04:01:19.079+0000] {dag.py:2915} INFO - Sync 1 DAGs
[2023-10-11T04:01:19.091+0000] {logging_mixin.py:151} INFO - [2023-10-11T04:01:19.091+0000] {dag.py:3696} INFO - Setting next_dagrun for example_complex to None, run_after=None
[2023-10-11T04:01:19.111+0000] {processor.py:179} INFO - Processing /home/airflow/.local/lib/python3.8/site-packages/airflow/example_dags/example_complex.py took 0.080 seconds
[2023-10-11T04:01:49.207+0000] {processor.py:157} INFO - Started process (PID=2583) to work on /home/airflow/.local/lib/python3.8/site-packages/airflow/example_dags/example_complex.py
[2023-10-11T04:01:49.208+0000] {processor.py:829} INFO - Processing file /home/airflow/.local/lib/python3.8/site-packages/airflow/example_dags/example_complex.py for tasks to queue
[2023-10-11T04:01:49.211+0000] {logging_mixin.py:151} INFO - [2023-10-11T04:01:49.211+0000] {dagbag.py:539} INFO - Filling up the DagBag from /home/airflow/.local/lib/python3.8/site-packages/airflow/example_dags/example_complex.py
[2023-10-11T04:01:49.220+0000] {processor.py:839} INFO - DAG(s) dict_keys(['example_complex']) retrieved from /home/airflow/.local/lib/python3.8/site-packages/airflow/example_dags/example_complex.py
[2023-10-11T04:01:49.248+0000] {logging_mixin.py:151} INFO - [2023-10-11T04:01:49.248+0000] {dag.py:2915} INFO - Sync 1 DAGs
[2023-10-11T04:01:49.258+0000] {logging_mixin.py:151} INFO - [2023-10-11T04:01:49.258+0000] {dag.py:3696} INFO - Setting next_dagrun for example_complex to None, run_after=None
[2023-10-11T04:01:49.280+0000] {processor.py:179} INFO - Processing /home/airflow/.local/lib/python3.8/site-packages/airflow/example_dags/example_complex.py took 0.077 seconds
[2023-10-11T04:02:19.763+0000] {processor.py:157} INFO - Started process (PID=2640) to work on /home/airflow/.local/lib/python3.8/site-packages/airflow/example_dags/example_complex.py
[2023-10-11T04:02:19.765+0000] {processor.py:829} INFO - Processing file /home/airflow/.local/lib/python3.8/site-packages/airflow/example_dags/example_complex.py for tasks to queue
[2023-10-11T04:02:19.767+0000] {logging_mixin.py:151} INFO - [2023-10-11T04:02:19.767+0000] {dagbag.py:539} INFO - Filling up the DagBag from /home/airflow/.local/lib/python3.8/site-packages/airflow/example_dags/example_complex.py
[2023-10-11T04:02:19.778+0000] {processor.py:839} INFO - DAG(s) dict_keys(['example_complex']) retrieved from /home/airflow/.local/lib/python3.8/site-packages/airflow/example_dags/example_complex.py
[2023-10-11T04:02:19.811+0000] {logging_mixin.py:151} INFO - [2023-10-11T04:02:19.811+0000] {dag.py:2915} INFO - Sync 1 DAGs
[2023-10-11T04:02:19.823+0000] {logging_mixin.py:151} INFO - [2023-10-11T04:02:19.823+0000] {dag.py:3696} INFO - Setting next_dagrun for example_complex to None, run_after=None
[2023-10-11T04:02:19.849+0000] {processor.py:179} INFO - Processing /home/airflow/.local/lib/python3.8/site-packages/airflow/example_dags/example_complex.py took 0.089 seconds
[2023-10-11T04:02:50.908+0000] {processor.py:157} INFO - Started process (PID=2697) to work on /home/airflow/.local/lib/python3.8/site-packages/airflow/example_dags/example_complex.py
[2023-10-11T04:02:50.909+0000] {processor.py:829} INFO - Processing file /home/airflow/.local/lib/python3.8/site-packages/airflow/example_dags/example_complex.py for tasks to queue
[2023-10-11T04:02:50.912+0000] {logging_mixin.py:151} INFO - [2023-10-11T04:02:50.911+0000] {dagbag.py:539} INFO - Filling up the DagBag from /home/airflow/.local/lib/python3.8/site-packages/airflow/example_dags/example_complex.py
[2023-10-11T04:02:50.922+0000] {processor.py:839} INFO - DAG(s) dict_keys(['example_complex']) retrieved from /home/airflow/.local/lib/python3.8/site-packages/airflow/example_dags/example_complex.py
[2023-10-11T04:02:50.956+0000] {logging_mixin.py:151} INFO - [2023-10-11T04:02:50.956+0000] {dag.py:2915} INFO - Sync 1 DAGs
[2023-10-11T04:02:50.968+0000] {logging_mixin.py:151} INFO - [2023-10-11T04:02:50.968+0000] {dag.py:3696} INFO - Setting next_dagrun for example_complex to None, run_after=None
[2023-10-11T04:02:50.989+0000] {processor.py:179} INFO - Processing /home/airflow/.local/lib/python3.8/site-packages/airflow/example_dags/example_complex.py took 0.084 seconds
[2023-10-11T04:03:21.907+0000] {processor.py:157} INFO - Started process (PID=2754) to work on /home/airflow/.local/lib/python3.8/site-packages/airflow/example_dags/example_complex.py
[2023-10-11T04:03:21.909+0000] {processor.py:829} INFO - Processing file /home/airflow/.local/lib/python3.8/site-packages/airflow/example_dags/example_complex.py for tasks to queue
[2023-10-11T04:03:21.915+0000] {logging_mixin.py:151} INFO - [2023-10-11T04:03:21.915+0000] {dagbag.py:539} INFO - Filling up the DagBag from /home/airflow/.local/lib/python3.8/site-packages/airflow/example_dags/example_complex.py
[2023-10-11T04:03:21.929+0000] {processor.py:839} INFO - DAG(s) dict_keys(['example_complex']) retrieved from /home/airflow/.local/lib/python3.8/site-packages/airflow/example_dags/example_complex.py
[2023-10-11T04:03:21.986+0000] {logging_mixin.py:151} INFO - [2023-10-11T04:03:21.985+0000] {dag.py:2915} INFO - Sync 1 DAGs
[2023-10-11T04:03:22.011+0000] {logging_mixin.py:151} INFO - [2023-10-11T04:03:22.011+0000] {dag.py:3696} INFO - Setting next_dagrun for example_complex to None, run_after=None
[2023-10-11T04:03:22.043+0000] {processor.py:179} INFO - Processing /home/airflow/.local/lib/python3.8/site-packages/airflow/example_dags/example_complex.py took 0.141 seconds
[2023-10-11T04:03:52.716+0000] {processor.py:157} INFO - Started process (PID=2813) to work on /home/airflow/.local/lib/python3.8/site-packages/airflow/example_dags/example_complex.py
[2023-10-11T04:03:52.717+0000] {processor.py:829} INFO - Processing file /home/airflow/.local/lib/python3.8/site-packages/airflow/example_dags/example_complex.py for tasks to queue
[2023-10-11T04:03:52.720+0000] {logging_mixin.py:151} INFO - [2023-10-11T04:03:52.719+0000] {dagbag.py:539} INFO - Filling up the DagBag from /home/airflow/.local/lib/python3.8/site-packages/airflow/example_dags/example_complex.py
[2023-10-11T04:03:52.728+0000] {processor.py:839} INFO - DAG(s) dict_keys(['example_complex']) retrieved from /home/airflow/.local/lib/python3.8/site-packages/airflow/example_dags/example_complex.py
[2023-10-11T04:03:52.757+0000] {logging_mixin.py:151} INFO - [2023-10-11T04:03:52.757+0000] {dag.py:2915} INFO - Sync 1 DAGs
[2023-10-11T04:03:52.770+0000] {logging_mixin.py:151} INFO - [2023-10-11T04:03:52.770+0000] {dag.py:3696} INFO - Setting next_dagrun for example_complex to None, run_after=None
[2023-10-11T04:03:52.791+0000] {processor.py:179} INFO - Processing /home/airflow/.local/lib/python3.8/site-packages/airflow/example_dags/example_complex.py took 0.078 seconds
[2023-10-11T04:04:22.900+0000] {processor.py:157} INFO - Started process (PID=2879) to work on /home/airflow/.local/lib/python3.8/site-packages/airflow/example_dags/example_complex.py
[2023-10-11T04:04:22.901+0000] {processor.py:829} INFO - Processing file /home/airflow/.local/lib/python3.8/site-packages/airflow/example_dags/example_complex.py for tasks to queue
[2023-10-11T04:04:22.904+0000] {logging_mixin.py:151} INFO - [2023-10-11T04:04:22.903+0000] {dagbag.py:539} INFO - Filling up the DagBag from /home/airflow/.local/lib/python3.8/site-packages/airflow/example_dags/example_complex.py
[2023-10-11T04:04:22.912+0000] {processor.py:839} INFO - DAG(s) dict_keys(['example_complex']) retrieved from /home/airflow/.local/lib/python3.8/site-packages/airflow/example_dags/example_complex.py
[2023-10-11T04:04:22.940+0000] {logging_mixin.py:151} INFO - [2023-10-11T04:04:22.940+0000] {dag.py:2915} INFO - Sync 1 DAGs
[2023-10-11T04:04:22.951+0000] {logging_mixin.py:151} INFO - [2023-10-11T04:04:22.951+0000] {dag.py:3696} INFO - Setting next_dagrun for example_complex to None, run_after=None
[2023-10-11T04:04:22.970+0000] {processor.py:179} INFO - Processing /home/airflow/.local/lib/python3.8/site-packages/airflow/example_dags/example_complex.py took 0.073 seconds
