[2023-10-11T03:39:27.838+0000] {processor.py:157} INFO - Started process (PID=61) to work on /home/airflow/.local/lib/python3.8/site-packages/airflow/example_dags/example_python_operator.py
[2023-10-11T03:39:27.840+0000] {processor.py:829} INFO - Processing file /home/airflow/.local/lib/python3.8/site-packages/airflow/example_dags/example_python_operator.py for tasks to queue
[2023-10-11T03:39:27.844+0000] {logging_mixin.py:151} INFO - [2023-10-11T03:39:27.843+0000] {dagbag.py:539} INFO - Filling up the DagBag from /home/airflow/.local/lib/python3.8/site-packages/airflow/example_dags/example_python_operator.py
[2023-10-11T03:39:27.861+0000] {processor.py:839} INFO - DAG(s) dict_keys(['example_python_operator']) retrieved from /home/airflow/.local/lib/python3.8/site-packages/airflow/example_dags/example_python_operator.py
[2023-10-11T03:39:27.981+0000] {logging_mixin.py:151} INFO - [2023-10-11T03:39:27.980+0000] {security.py:708} INFO - Not syncing DAG-level permissions for DAG 'DAG:example_python_operator' as access control is unset.
[2023-10-11T03:39:27.982+0000] {logging_mixin.py:151} INFO - [2023-10-11T03:39:27.982+0000] {dag.py:2915} INFO - Sync 1 DAGs
[2023-10-11T03:39:27.993+0000] {logging_mixin.py:151} INFO - [2023-10-11T03:39:27.993+0000] {dag.py:3696} INFO - Setting next_dagrun for example_python_operator to None, run_after=None
[2023-10-11T03:39:28.023+0000] {processor.py:179} INFO - Processing /home/airflow/.local/lib/python3.8/site-packages/airflow/example_dags/example_python_operator.py took 0.190 seconds
[2023-10-11T03:39:58.822+0000] {processor.py:157} INFO - Started process (PID=118) to work on /home/airflow/.local/lib/python3.8/site-packages/airflow/example_dags/example_python_operator.py
[2023-10-11T03:39:58.826+0000] {processor.py:829} INFO - Processing file /home/airflow/.local/lib/python3.8/site-packages/airflow/example_dags/example_python_operator.py for tasks to queue
[2023-10-11T03:39:58.829+0000] {logging_mixin.py:151} INFO - [2023-10-11T03:39:58.829+0000] {dagbag.py:539} INFO - Filling up the DagBag from /home/airflow/.local/lib/python3.8/site-packages/airflow/example_dags/example_python_operator.py
[2023-10-11T03:39:58.839+0000] {processor.py:839} INFO - DAG(s) dict_keys(['example_python_operator']) retrieved from /home/airflow/.local/lib/python3.8/site-packages/airflow/example_dags/example_python_operator.py
[2023-10-11T03:39:58.864+0000] {logging_mixin.py:151} INFO - [2023-10-11T03:39:58.863+0000] {dag.py:2915} INFO - Sync 1 DAGs
[2023-10-11T03:39:58.875+0000] {logging_mixin.py:151} INFO - [2023-10-11T03:39:58.875+0000] {dag.py:3696} INFO - Setting next_dagrun for example_python_operator to None, run_after=None
[2023-10-11T03:39:58.895+0000] {processor.py:179} INFO - Processing /home/airflow/.local/lib/python3.8/site-packages/airflow/example_dags/example_python_operator.py took 0.077 seconds
[2023-10-11T03:40:29.319+0000] {processor.py:157} INFO - Started process (PID=175) to work on /home/airflow/.local/lib/python3.8/site-packages/airflow/example_dags/example_python_operator.py
[2023-10-11T03:40:29.321+0000] {processor.py:829} INFO - Processing file /home/airflow/.local/lib/python3.8/site-packages/airflow/example_dags/example_python_operator.py for tasks to queue
[2023-10-11T03:40:29.323+0000] {logging_mixin.py:151} INFO - [2023-10-11T03:40:29.323+0000] {dagbag.py:539} INFO - Filling up the DagBag from /home/airflow/.local/lib/python3.8/site-packages/airflow/example_dags/example_python_operator.py
[2023-10-11T03:40:29.332+0000] {processor.py:839} INFO - DAG(s) dict_keys(['example_python_operator']) retrieved from /home/airflow/.local/lib/python3.8/site-packages/airflow/example_dags/example_python_operator.py
[2023-10-11T03:40:29.357+0000] {logging_mixin.py:151} INFO - [2023-10-11T03:40:29.357+0000] {dag.py:2915} INFO - Sync 1 DAGs
[2023-10-11T03:40:29.369+0000] {logging_mixin.py:151} INFO - [2023-10-11T03:40:29.369+0000] {dag.py:3696} INFO - Setting next_dagrun for example_python_operator to None, run_after=None
[2023-10-11T03:40:29.391+0000] {processor.py:179} INFO - Processing /home/airflow/.local/lib/python3.8/site-packages/airflow/example_dags/example_python_operator.py took 0.076 seconds
[2023-10-11T03:41:00.016+0000] {processor.py:157} INFO - Started process (PID=232) to work on /home/airflow/.local/lib/python3.8/site-packages/airflow/example_dags/example_python_operator.py
[2023-10-11T03:41:00.019+0000] {processor.py:829} INFO - Processing file /home/airflow/.local/lib/python3.8/site-packages/airflow/example_dags/example_python_operator.py for tasks to queue
[2023-10-11T03:41:00.024+0000] {logging_mixin.py:151} INFO - [2023-10-11T03:41:00.023+0000] {dagbag.py:539} INFO - Filling up the DagBag from /home/airflow/.local/lib/python3.8/site-packages/airflow/example_dags/example_python_operator.py
[2023-10-11T03:41:00.042+0000] {processor.py:839} INFO - DAG(s) dict_keys(['example_python_operator']) retrieved from /home/airflow/.local/lib/python3.8/site-packages/airflow/example_dags/example_python_operator.py
[2023-10-11T03:41:00.080+0000] {logging_mixin.py:151} INFO - [2023-10-11T03:41:00.080+0000] {dag.py:2915} INFO - Sync 1 DAGs
[2023-10-11T03:41:00.093+0000] {logging_mixin.py:151} INFO - [2023-10-11T03:41:00.093+0000] {dag.py:3696} INFO - Setting next_dagrun for example_python_operator to None, run_after=None
[2023-10-11T03:41:00.122+0000] {processor.py:179} INFO - Processing /home/airflow/.local/lib/python3.8/site-packages/airflow/example_dags/example_python_operator.py took 0.112 seconds
[2023-10-11T03:41:30.317+0000] {processor.py:157} INFO - Started process (PID=289) to work on /home/airflow/.local/lib/python3.8/site-packages/airflow/example_dags/example_python_operator.py
[2023-10-11T03:41:30.320+0000] {processor.py:829} INFO - Processing file /home/airflow/.local/lib/python3.8/site-packages/airflow/example_dags/example_python_operator.py for tasks to queue
[2023-10-11T03:41:30.327+0000] {logging_mixin.py:151} INFO - [2023-10-11T03:41:30.326+0000] {dagbag.py:539} INFO - Filling up the DagBag from /home/airflow/.local/lib/python3.8/site-packages/airflow/example_dags/example_python_operator.py
[2023-10-11T03:41:30.343+0000] {processor.py:839} INFO - DAG(s) dict_keys(['example_python_operator']) retrieved from /home/airflow/.local/lib/python3.8/site-packages/airflow/example_dags/example_python_operator.py
[2023-10-11T03:41:30.393+0000] {logging_mixin.py:151} INFO - [2023-10-11T03:41:30.392+0000] {dag.py:2915} INFO - Sync 1 DAGs
[2023-10-11T03:41:30.415+0000] {logging_mixin.py:151} INFO - [2023-10-11T03:41:30.414+0000] {dag.py:3696} INFO - Setting next_dagrun for example_python_operator to None, run_after=None
[2023-10-11T03:41:30.460+0000] {processor.py:179} INFO - Processing /home/airflow/.local/lib/python3.8/site-packages/airflow/example_dags/example_python_operator.py took 0.148 seconds
[2023-10-11T03:42:00.507+0000] {processor.py:157} INFO - Started process (PID=346) to work on /home/airflow/.local/lib/python3.8/site-packages/airflow/example_dags/example_python_operator.py
[2023-10-11T03:42:00.509+0000] {processor.py:829} INFO - Processing file /home/airflow/.local/lib/python3.8/site-packages/airflow/example_dags/example_python_operator.py for tasks to queue
[2023-10-11T03:42:00.511+0000] {logging_mixin.py:151} INFO - [2023-10-11T03:42:00.511+0000] {dagbag.py:539} INFO - Filling up the DagBag from /home/airflow/.local/lib/python3.8/site-packages/airflow/example_dags/example_python_operator.py
[2023-10-11T03:42:00.520+0000] {processor.py:839} INFO - DAG(s) dict_keys(['example_python_operator']) retrieved from /home/airflow/.local/lib/python3.8/site-packages/airflow/example_dags/example_python_operator.py
[2023-10-11T03:42:00.546+0000] {logging_mixin.py:151} INFO - [2023-10-11T03:42:00.546+0000] {dag.py:2915} INFO - Sync 1 DAGs
[2023-10-11T03:42:00.557+0000] {logging_mixin.py:151} INFO - [2023-10-11T03:42:00.557+0000] {dag.py:3696} INFO - Setting next_dagrun for example_python_operator to None, run_after=None
[2023-10-11T03:42:00.579+0000] {processor.py:179} INFO - Processing /home/airflow/.local/lib/python3.8/site-packages/airflow/example_dags/example_python_operator.py took 0.075 seconds
[2023-10-11T03:42:31.268+0000] {processor.py:157} INFO - Started process (PID=403) to work on /home/airflow/.local/lib/python3.8/site-packages/airflow/example_dags/example_python_operator.py
[2023-10-11T03:42:31.269+0000] {processor.py:829} INFO - Processing file /home/airflow/.local/lib/python3.8/site-packages/airflow/example_dags/example_python_operator.py for tasks to queue
[2023-10-11T03:42:31.272+0000] {logging_mixin.py:151} INFO - [2023-10-11T03:42:31.272+0000] {dagbag.py:539} INFO - Filling up the DagBag from /home/airflow/.local/lib/python3.8/site-packages/airflow/example_dags/example_python_operator.py
[2023-10-11T03:42:31.283+0000] {processor.py:839} INFO - DAG(s) dict_keys(['example_python_operator']) retrieved from /home/airflow/.local/lib/python3.8/site-packages/airflow/example_dags/example_python_operator.py
[2023-10-11T03:42:31.313+0000] {logging_mixin.py:151} INFO - [2023-10-11T03:42:31.313+0000] {dag.py:2915} INFO - Sync 1 DAGs
[2023-10-11T03:42:31.328+0000] {logging_mixin.py:151} INFO - [2023-10-11T03:42:31.327+0000] {dag.py:3696} INFO - Setting next_dagrun for example_python_operator to None, run_after=None
[2023-10-11T03:42:31.364+0000] {processor.py:179} INFO - Processing /home/airflow/.local/lib/python3.8/site-packages/airflow/example_dags/example_python_operator.py took 0.099 seconds
[2023-10-11T03:43:01.841+0000] {processor.py:157} INFO - Started process (PID=459) to work on /home/airflow/.local/lib/python3.8/site-packages/airflow/example_dags/example_python_operator.py
[2023-10-11T03:43:01.844+0000] {processor.py:829} INFO - Processing file /home/airflow/.local/lib/python3.8/site-packages/airflow/example_dags/example_python_operator.py for tasks to queue
[2023-10-11T03:43:01.852+0000] {logging_mixin.py:151} INFO - [2023-10-11T03:43:01.851+0000] {dagbag.py:539} INFO - Filling up the DagBag from /home/airflow/.local/lib/python3.8/site-packages/airflow/example_dags/example_python_operator.py
[2023-10-11T03:43:01.871+0000] {processor.py:839} INFO - DAG(s) dict_keys(['example_python_operator']) retrieved from /home/airflow/.local/lib/python3.8/site-packages/airflow/example_dags/example_python_operator.py
[2023-10-11T03:43:01.899+0000] {logging_mixin.py:151} INFO - [2023-10-11T03:43:01.899+0000] {dag.py:2915} INFO - Sync 1 DAGs
[2023-10-11T03:43:01.914+0000] {logging_mixin.py:151} INFO - [2023-10-11T03:43:01.913+0000] {dag.py:3696} INFO - Setting next_dagrun for example_python_operator to None, run_after=None
[2023-10-11T03:43:01.937+0000] {processor.py:179} INFO - Processing /home/airflow/.local/lib/python3.8/site-packages/airflow/example_dags/example_python_operator.py took 0.104 seconds
[2023-10-11T03:43:32.126+0000] {processor.py:157} INFO - Started process (PID=516) to work on /home/airflow/.local/lib/python3.8/site-packages/airflow/example_dags/example_python_operator.py
[2023-10-11T03:43:32.127+0000] {processor.py:829} INFO - Processing file /home/airflow/.local/lib/python3.8/site-packages/airflow/example_dags/example_python_operator.py for tasks to queue
[2023-10-11T03:43:32.129+0000] {logging_mixin.py:151} INFO - [2023-10-11T03:43:32.129+0000] {dagbag.py:539} INFO - Filling up the DagBag from /home/airflow/.local/lib/python3.8/site-packages/airflow/example_dags/example_python_operator.py
[2023-10-11T03:43:32.138+0000] {processor.py:839} INFO - DAG(s) dict_keys(['example_python_operator']) retrieved from /home/airflow/.local/lib/python3.8/site-packages/airflow/example_dags/example_python_operator.py
[2023-10-11T03:43:32.166+0000] {logging_mixin.py:151} INFO - [2023-10-11T03:43:32.166+0000] {dag.py:2915} INFO - Sync 1 DAGs
[2023-10-11T03:43:32.183+0000] {logging_mixin.py:151} INFO - [2023-10-11T03:43:32.182+0000] {dag.py:3696} INFO - Setting next_dagrun for example_python_operator to None, run_after=None
[2023-10-11T03:43:32.211+0000] {processor.py:179} INFO - Processing /home/airflow/.local/lib/python3.8/site-packages/airflow/example_dags/example_python_operator.py took 0.088 seconds
[2023-10-11T03:44:02.584+0000] {processor.py:157} INFO - Started process (PID=573) to work on /home/airflow/.local/lib/python3.8/site-packages/airflow/example_dags/example_python_operator.py
[2023-10-11T03:44:02.587+0000] {processor.py:829} INFO - Processing file /home/airflow/.local/lib/python3.8/site-packages/airflow/example_dags/example_python_operator.py for tasks to queue
[2023-10-11T03:44:02.591+0000] {logging_mixin.py:151} INFO - [2023-10-11T03:44:02.591+0000] {dagbag.py:539} INFO - Filling up the DagBag from /home/airflow/.local/lib/python3.8/site-packages/airflow/example_dags/example_python_operator.py
[2023-10-11T03:44:02.601+0000] {processor.py:839} INFO - DAG(s) dict_keys(['example_python_operator']) retrieved from /home/airflow/.local/lib/python3.8/site-packages/airflow/example_dags/example_python_operator.py
[2023-10-11T03:44:02.629+0000] {logging_mixin.py:151} INFO - [2023-10-11T03:44:02.628+0000] {dag.py:2915} INFO - Sync 1 DAGs
[2023-10-11T03:44:02.641+0000] {logging_mixin.py:151} INFO - [2023-10-11T03:44:02.641+0000] {dag.py:3696} INFO - Setting next_dagrun for example_python_operator to None, run_after=None
[2023-10-11T03:44:02.665+0000] {processor.py:179} INFO - Processing /home/airflow/.local/lib/python3.8/site-packages/airflow/example_dags/example_python_operator.py took 0.085 seconds
[2023-10-11T03:44:33.082+0000] {processor.py:157} INFO - Started process (PID=630) to work on /home/airflow/.local/lib/python3.8/site-packages/airflow/example_dags/example_python_operator.py
[2023-10-11T03:44:33.084+0000] {processor.py:829} INFO - Processing file /home/airflow/.local/lib/python3.8/site-packages/airflow/example_dags/example_python_operator.py for tasks to queue
[2023-10-11T03:44:33.087+0000] {logging_mixin.py:151} INFO - [2023-10-11T03:44:33.087+0000] {dagbag.py:539} INFO - Filling up the DagBag from /home/airflow/.local/lib/python3.8/site-packages/airflow/example_dags/example_python_operator.py
[2023-10-11T03:44:33.101+0000] {processor.py:839} INFO - DAG(s) dict_keys(['example_python_operator']) retrieved from /home/airflow/.local/lib/python3.8/site-packages/airflow/example_dags/example_python_operator.py
[2023-10-11T03:44:33.140+0000] {logging_mixin.py:151} INFO - [2023-10-11T03:44:33.140+0000] {dag.py:2915} INFO - Sync 1 DAGs
[2023-10-11T03:44:33.153+0000] {logging_mixin.py:151} INFO - [2023-10-11T03:44:33.153+0000] {dag.py:3696} INFO - Setting next_dagrun for example_python_operator to None, run_after=None
[2023-10-11T03:44:33.183+0000] {processor.py:179} INFO - Processing /home/airflow/.local/lib/python3.8/site-packages/airflow/example_dags/example_python_operator.py took 0.105 seconds
[2023-10-11T03:45:03.483+0000] {processor.py:157} INFO - Started process (PID=687) to work on /home/airflow/.local/lib/python3.8/site-packages/airflow/example_dags/example_python_operator.py
[2023-10-11T03:45:03.485+0000] {processor.py:829} INFO - Processing file /home/airflow/.local/lib/python3.8/site-packages/airflow/example_dags/example_python_operator.py for tasks to queue
[2023-10-11T03:45:03.488+0000] {logging_mixin.py:151} INFO - [2023-10-11T03:45:03.488+0000] {dagbag.py:539} INFO - Filling up the DagBag from /home/airflow/.local/lib/python3.8/site-packages/airflow/example_dags/example_python_operator.py
[2023-10-11T03:45:03.500+0000] {processor.py:839} INFO - DAG(s) dict_keys(['example_python_operator']) retrieved from /home/airflow/.local/lib/python3.8/site-packages/airflow/example_dags/example_python_operator.py
[2023-10-11T03:45:03.524+0000] {logging_mixin.py:151} INFO - [2023-10-11T03:45:03.524+0000] {dag.py:2915} INFO - Sync 1 DAGs
[2023-10-11T03:45:03.541+0000] {logging_mixin.py:151} INFO - [2023-10-11T03:45:03.541+0000] {dag.py:3696} INFO - Setting next_dagrun for example_python_operator to None, run_after=None
[2023-10-11T03:45:03.571+0000] {processor.py:179} INFO - Processing /home/airflow/.local/lib/python3.8/site-packages/airflow/example_dags/example_python_operator.py took 0.094 seconds
[2023-10-11T03:45:33.967+0000] {processor.py:157} INFO - Started process (PID=744) to work on /home/airflow/.local/lib/python3.8/site-packages/airflow/example_dags/example_python_operator.py
[2023-10-11T03:45:33.968+0000] {processor.py:829} INFO - Processing file /home/airflow/.local/lib/python3.8/site-packages/airflow/example_dags/example_python_operator.py for tasks to queue
[2023-10-11T03:45:33.971+0000] {logging_mixin.py:151} INFO - [2023-10-11T03:45:33.971+0000] {dagbag.py:539} INFO - Filling up the DagBag from /home/airflow/.local/lib/python3.8/site-packages/airflow/example_dags/example_python_operator.py
[2023-10-11T03:45:33.981+0000] {processor.py:839} INFO - DAG(s) dict_keys(['example_python_operator']) retrieved from /home/airflow/.local/lib/python3.8/site-packages/airflow/example_dags/example_python_operator.py
[2023-10-11T03:45:34.005+0000] {logging_mixin.py:151} INFO - [2023-10-11T03:45:34.005+0000] {dag.py:2915} INFO - Sync 1 DAGs
[2023-10-11T03:45:34.020+0000] {logging_mixin.py:151} INFO - [2023-10-11T03:45:34.019+0000] {dag.py:3696} INFO - Setting next_dagrun for example_python_operator to None, run_after=None
[2023-10-11T03:45:34.039+0000] {processor.py:179} INFO - Processing /home/airflow/.local/lib/python3.8/site-packages/airflow/example_dags/example_python_operator.py took 0.075 seconds
[2023-10-11T03:46:04.346+0000] {processor.py:157} INFO - Started process (PID=801) to work on /home/airflow/.local/lib/python3.8/site-packages/airflow/example_dags/example_python_operator.py
[2023-10-11T03:46:04.347+0000] {processor.py:829} INFO - Processing file /home/airflow/.local/lib/python3.8/site-packages/airflow/example_dags/example_python_operator.py for tasks to queue
[2023-10-11T03:46:04.350+0000] {logging_mixin.py:151} INFO - [2023-10-11T03:46:04.349+0000] {dagbag.py:539} INFO - Filling up the DagBag from /home/airflow/.local/lib/python3.8/site-packages/airflow/example_dags/example_python_operator.py
[2023-10-11T03:46:04.358+0000] {processor.py:839} INFO - DAG(s) dict_keys(['example_python_operator']) retrieved from /home/airflow/.local/lib/python3.8/site-packages/airflow/example_dags/example_python_operator.py
[2023-10-11T03:46:04.385+0000] {logging_mixin.py:151} INFO - [2023-10-11T03:46:04.385+0000] {dag.py:2915} INFO - Sync 1 DAGs
[2023-10-11T03:46:04.400+0000] {logging_mixin.py:151} INFO - [2023-10-11T03:46:04.400+0000] {dag.py:3696} INFO - Setting next_dagrun for example_python_operator to None, run_after=None
[2023-10-11T03:46:04.425+0000] {processor.py:179} INFO - Processing /home/airflow/.local/lib/python3.8/site-packages/airflow/example_dags/example_python_operator.py took 0.082 seconds
[2023-10-11T03:46:35.213+0000] {processor.py:157} INFO - Started process (PID=858) to work on /home/airflow/.local/lib/python3.8/site-packages/airflow/example_dags/example_python_operator.py
[2023-10-11T03:46:35.216+0000] {processor.py:829} INFO - Processing file /home/airflow/.local/lib/python3.8/site-packages/airflow/example_dags/example_python_operator.py for tasks to queue
[2023-10-11T03:46:35.222+0000] {logging_mixin.py:151} INFO - [2023-10-11T03:46:35.222+0000] {dagbag.py:539} INFO - Filling up the DagBag from /home/airflow/.local/lib/python3.8/site-packages/airflow/example_dags/example_python_operator.py
[2023-10-11T03:46:35.233+0000] {processor.py:839} INFO - DAG(s) dict_keys(['example_python_operator']) retrieved from /home/airflow/.local/lib/python3.8/site-packages/airflow/example_dags/example_python_operator.py
[2023-10-11T03:46:35.256+0000] {logging_mixin.py:151} INFO - [2023-10-11T03:46:35.256+0000] {dag.py:2915} INFO - Sync 1 DAGs
[2023-10-11T03:46:35.267+0000] {logging_mixin.py:151} INFO - [2023-10-11T03:46:35.266+0000] {dag.py:3696} INFO - Setting next_dagrun for example_python_operator to None, run_after=None
[2023-10-11T03:46:35.288+0000] {processor.py:179} INFO - Processing /home/airflow/.local/lib/python3.8/site-packages/airflow/example_dags/example_python_operator.py took 0.080 seconds
[2023-10-11T03:47:05.743+0000] {processor.py:157} INFO - Started process (PID=915) to work on /home/airflow/.local/lib/python3.8/site-packages/airflow/example_dags/example_python_operator.py
[2023-10-11T03:47:05.745+0000] {processor.py:829} INFO - Processing file /home/airflow/.local/lib/python3.8/site-packages/airflow/example_dags/example_python_operator.py for tasks to queue
[2023-10-11T03:47:05.749+0000] {logging_mixin.py:151} INFO - [2023-10-11T03:47:05.749+0000] {dagbag.py:539} INFO - Filling up the DagBag from /home/airflow/.local/lib/python3.8/site-packages/airflow/example_dags/example_python_operator.py
[2023-10-11T03:47:05.761+0000] {processor.py:839} INFO - DAG(s) dict_keys(['example_python_operator']) retrieved from /home/airflow/.local/lib/python3.8/site-packages/airflow/example_dags/example_python_operator.py
[2023-10-11T03:47:05.794+0000] {logging_mixin.py:151} INFO - [2023-10-11T03:47:05.794+0000] {dag.py:2915} INFO - Sync 1 DAGs
[2023-10-11T03:47:05.810+0000] {logging_mixin.py:151} INFO - [2023-10-11T03:47:05.810+0000] {dag.py:3696} INFO - Setting next_dagrun for example_python_operator to None, run_after=None
[2023-10-11T03:47:05.842+0000] {processor.py:179} INFO - Processing /home/airflow/.local/lib/python3.8/site-packages/airflow/example_dags/example_python_operator.py took 0.104 seconds
[2023-10-11T03:47:36.004+0000] {processor.py:157} INFO - Started process (PID=972) to work on /home/airflow/.local/lib/python3.8/site-packages/airflow/example_dags/example_python_operator.py
[2023-10-11T03:47:36.006+0000] {processor.py:829} INFO - Processing file /home/airflow/.local/lib/python3.8/site-packages/airflow/example_dags/example_python_operator.py for tasks to queue
[2023-10-11T03:47:36.008+0000] {logging_mixin.py:151} INFO - [2023-10-11T03:47:36.008+0000] {dagbag.py:539} INFO - Filling up the DagBag from /home/airflow/.local/lib/python3.8/site-packages/airflow/example_dags/example_python_operator.py
[2023-10-11T03:47:36.019+0000] {processor.py:839} INFO - DAG(s) dict_keys(['example_python_operator']) retrieved from /home/airflow/.local/lib/python3.8/site-packages/airflow/example_dags/example_python_operator.py
[2023-10-11T03:47:36.048+0000] {logging_mixin.py:151} INFO - [2023-10-11T03:47:36.047+0000] {dag.py:2915} INFO - Sync 1 DAGs
[2023-10-11T03:47:36.063+0000] {logging_mixin.py:151} INFO - [2023-10-11T03:47:36.063+0000] {dag.py:3696} INFO - Setting next_dagrun for example_python_operator to None, run_after=None
[2023-10-11T03:47:36.090+0000] {processor.py:179} INFO - Processing /home/airflow/.local/lib/python3.8/site-packages/airflow/example_dags/example_python_operator.py took 0.089 seconds
[2023-10-11T03:48:06.397+0000] {processor.py:157} INFO - Started process (PID=1029) to work on /home/airflow/.local/lib/python3.8/site-packages/airflow/example_dags/example_python_operator.py
[2023-10-11T03:48:06.398+0000] {processor.py:829} INFO - Processing file /home/airflow/.local/lib/python3.8/site-packages/airflow/example_dags/example_python_operator.py for tasks to queue
[2023-10-11T03:48:06.401+0000] {logging_mixin.py:151} INFO - [2023-10-11T03:48:06.401+0000] {dagbag.py:539} INFO - Filling up the DagBag from /home/airflow/.local/lib/python3.8/site-packages/airflow/example_dags/example_python_operator.py
[2023-10-11T03:48:06.412+0000] {processor.py:839} INFO - DAG(s) dict_keys(['example_python_operator']) retrieved from /home/airflow/.local/lib/python3.8/site-packages/airflow/example_dags/example_python_operator.py
[2023-10-11T03:48:06.436+0000] {logging_mixin.py:151} INFO - [2023-10-11T03:48:06.435+0000] {dag.py:2915} INFO - Sync 1 DAGs
[2023-10-11T03:48:06.447+0000] {logging_mixin.py:151} INFO - [2023-10-11T03:48:06.446+0000] {dag.py:3696} INFO - Setting next_dagrun for example_python_operator to None, run_after=None
[2023-10-11T03:48:06.467+0000] {processor.py:179} INFO - Processing /home/airflow/.local/lib/python3.8/site-packages/airflow/example_dags/example_python_operator.py took 0.073 seconds
[2023-10-11T03:48:36.927+0000] {processor.py:157} INFO - Started process (PID=1086) to work on /home/airflow/.local/lib/python3.8/site-packages/airflow/example_dags/example_python_operator.py
[2023-10-11T03:48:36.929+0000] {processor.py:829} INFO - Processing file /home/airflow/.local/lib/python3.8/site-packages/airflow/example_dags/example_python_operator.py for tasks to queue
[2023-10-11T03:48:36.932+0000] {logging_mixin.py:151} INFO - [2023-10-11T03:48:36.932+0000] {dagbag.py:539} INFO - Filling up the DagBag from /home/airflow/.local/lib/python3.8/site-packages/airflow/example_dags/example_python_operator.py
[2023-10-11T03:48:36.941+0000] {processor.py:839} INFO - DAG(s) dict_keys(['example_python_operator']) retrieved from /home/airflow/.local/lib/python3.8/site-packages/airflow/example_dags/example_python_operator.py
[2023-10-11T03:48:36.968+0000] {logging_mixin.py:151} INFO - [2023-10-11T03:48:36.968+0000] {dag.py:2915} INFO - Sync 1 DAGs
[2023-10-11T03:48:36.982+0000] {logging_mixin.py:151} INFO - [2023-10-11T03:48:36.981+0000] {dag.py:3696} INFO - Setting next_dagrun for example_python_operator to None, run_after=None
[2023-10-11T03:48:37.004+0000] {processor.py:179} INFO - Processing /home/airflow/.local/lib/python3.8/site-packages/airflow/example_dags/example_python_operator.py took 0.079 seconds
[2023-10-11T03:49:07.399+0000] {processor.py:157} INFO - Started process (PID=1143) to work on /home/airflow/.local/lib/python3.8/site-packages/airflow/example_dags/example_python_operator.py
[2023-10-11T03:49:07.401+0000] {processor.py:829} INFO - Processing file /home/airflow/.local/lib/python3.8/site-packages/airflow/example_dags/example_python_operator.py for tasks to queue
[2023-10-11T03:49:07.405+0000] {logging_mixin.py:151} INFO - [2023-10-11T03:49:07.405+0000] {dagbag.py:539} INFO - Filling up the DagBag from /home/airflow/.local/lib/python3.8/site-packages/airflow/example_dags/example_python_operator.py
[2023-10-11T03:49:07.419+0000] {processor.py:839} INFO - DAG(s) dict_keys(['example_python_operator']) retrieved from /home/airflow/.local/lib/python3.8/site-packages/airflow/example_dags/example_python_operator.py
[2023-10-11T03:49:07.521+0000] {logging_mixin.py:151} INFO - [2023-10-11T03:49:07.520+0000] {dag.py:2915} INFO - Sync 1 DAGs
[2023-10-11T03:49:07.538+0000] {logging_mixin.py:151} INFO - [2023-10-11T03:49:07.538+0000] {dag.py:3696} INFO - Setting next_dagrun for example_python_operator to None, run_after=None
[2023-10-11T03:49:07.567+0000] {processor.py:179} INFO - Processing /home/airflow/.local/lib/python3.8/site-packages/airflow/example_dags/example_python_operator.py took 0.171 seconds
[2023-10-11T03:49:37.854+0000] {processor.py:157} INFO - Started process (PID=1207) to work on /home/airflow/.local/lib/python3.8/site-packages/airflow/example_dags/example_python_operator.py
[2023-10-11T03:49:37.855+0000] {processor.py:829} INFO - Processing file /home/airflow/.local/lib/python3.8/site-packages/airflow/example_dags/example_python_operator.py for tasks to queue
[2023-10-11T03:49:37.859+0000] {logging_mixin.py:151} INFO - [2023-10-11T03:49:37.858+0000] {dagbag.py:539} INFO - Filling up the DagBag from /home/airflow/.local/lib/python3.8/site-packages/airflow/example_dags/example_python_operator.py
[2023-10-11T03:49:37.871+0000] {processor.py:839} INFO - DAG(s) dict_keys(['example_python_operator']) retrieved from /home/airflow/.local/lib/python3.8/site-packages/airflow/example_dags/example_python_operator.py
[2023-10-11T03:49:37.903+0000] {logging_mixin.py:151} INFO - [2023-10-11T03:49:37.902+0000] {dag.py:2915} INFO - Sync 1 DAGs
[2023-10-11T03:49:37.914+0000] {logging_mixin.py:151} INFO - [2023-10-11T03:49:37.914+0000] {dag.py:3696} INFO - Setting next_dagrun for example_python_operator to None, run_after=None
[2023-10-11T03:49:37.933+0000] {processor.py:179} INFO - Processing /home/airflow/.local/lib/python3.8/site-packages/airflow/example_dags/example_python_operator.py took 0.083 seconds
[2023-10-11T03:50:08.127+0000] {processor.py:157} INFO - Started process (PID=1264) to work on /home/airflow/.local/lib/python3.8/site-packages/airflow/example_dags/example_python_operator.py
[2023-10-11T03:50:08.128+0000] {processor.py:829} INFO - Processing file /home/airflow/.local/lib/python3.8/site-packages/airflow/example_dags/example_python_operator.py for tasks to queue
[2023-10-11T03:50:08.130+0000] {logging_mixin.py:151} INFO - [2023-10-11T03:50:08.130+0000] {dagbag.py:539} INFO - Filling up the DagBag from /home/airflow/.local/lib/python3.8/site-packages/airflow/example_dags/example_python_operator.py
[2023-10-11T03:50:08.141+0000] {processor.py:839} INFO - DAG(s) dict_keys(['example_python_operator']) retrieved from /home/airflow/.local/lib/python3.8/site-packages/airflow/example_dags/example_python_operator.py
[2023-10-11T03:50:08.168+0000] {logging_mixin.py:151} INFO - [2023-10-11T03:50:08.168+0000] {dag.py:2915} INFO - Sync 1 DAGs
[2023-10-11T03:50:08.180+0000] {logging_mixin.py:151} INFO - [2023-10-11T03:50:08.180+0000] {dag.py:3696} INFO - Setting next_dagrun for example_python_operator to None, run_after=None
[2023-10-11T03:50:08.205+0000] {processor.py:179} INFO - Processing /home/airflow/.local/lib/python3.8/site-packages/airflow/example_dags/example_python_operator.py took 0.081 seconds
[2023-10-11T03:50:38.699+0000] {processor.py:157} INFO - Started process (PID=1321) to work on /home/airflow/.local/lib/python3.8/site-packages/airflow/example_dags/example_python_operator.py
[2023-10-11T03:50:38.700+0000] {processor.py:829} INFO - Processing file /home/airflow/.local/lib/python3.8/site-packages/airflow/example_dags/example_python_operator.py for tasks to queue
[2023-10-11T03:50:38.703+0000] {logging_mixin.py:151} INFO - [2023-10-11T03:50:38.703+0000] {dagbag.py:539} INFO - Filling up the DagBag from /home/airflow/.local/lib/python3.8/site-packages/airflow/example_dags/example_python_operator.py
[2023-10-11T03:50:38.712+0000] {processor.py:839} INFO - DAG(s) dict_keys(['example_python_operator']) retrieved from /home/airflow/.local/lib/python3.8/site-packages/airflow/example_dags/example_python_operator.py
[2023-10-11T03:50:38.737+0000] {logging_mixin.py:151} INFO - [2023-10-11T03:50:38.737+0000] {dag.py:2915} INFO - Sync 1 DAGs
[2023-10-11T03:50:38.748+0000] {logging_mixin.py:151} INFO - [2023-10-11T03:50:38.747+0000] {dag.py:3696} INFO - Setting next_dagrun for example_python_operator to None, run_after=None
[2023-10-11T03:50:38.768+0000] {processor.py:179} INFO - Processing /home/airflow/.local/lib/python3.8/site-packages/airflow/example_dags/example_python_operator.py took 0.073 seconds
[2023-10-11T03:51:09.352+0000] {processor.py:157} INFO - Started process (PID=1378) to work on /home/airflow/.local/lib/python3.8/site-packages/airflow/example_dags/example_python_operator.py
[2023-10-11T03:51:09.354+0000] {processor.py:829} INFO - Processing file /home/airflow/.local/lib/python3.8/site-packages/airflow/example_dags/example_python_operator.py for tasks to queue
[2023-10-11T03:51:09.356+0000] {logging_mixin.py:151} INFO - [2023-10-11T03:51:09.356+0000] {dagbag.py:539} INFO - Filling up the DagBag from /home/airflow/.local/lib/python3.8/site-packages/airflow/example_dags/example_python_operator.py
[2023-10-11T03:51:09.367+0000] {processor.py:839} INFO - DAG(s) dict_keys(['example_python_operator']) retrieved from /home/airflow/.local/lib/python3.8/site-packages/airflow/example_dags/example_python_operator.py
[2023-10-11T03:51:09.396+0000] {logging_mixin.py:151} INFO - [2023-10-11T03:51:09.395+0000] {dag.py:2915} INFO - Sync 1 DAGs
[2023-10-11T03:51:09.417+0000] {logging_mixin.py:151} INFO - [2023-10-11T03:51:09.417+0000] {dag.py:3696} INFO - Setting next_dagrun for example_python_operator to None, run_after=None
[2023-10-11T03:51:09.447+0000] {processor.py:179} INFO - Processing /home/airflow/.local/lib/python3.8/site-packages/airflow/example_dags/example_python_operator.py took 0.098 seconds
[2023-10-11T03:51:39.617+0000] {processor.py:157} INFO - Started process (PID=1435) to work on /home/airflow/.local/lib/python3.8/site-packages/airflow/example_dags/example_python_operator.py
[2023-10-11T03:51:39.618+0000] {processor.py:829} INFO - Processing file /home/airflow/.local/lib/python3.8/site-packages/airflow/example_dags/example_python_operator.py for tasks to queue
[2023-10-11T03:51:39.622+0000] {logging_mixin.py:151} INFO - [2023-10-11T03:51:39.621+0000] {dagbag.py:539} INFO - Filling up the DagBag from /home/airflow/.local/lib/python3.8/site-packages/airflow/example_dags/example_python_operator.py
[2023-10-11T03:51:39.632+0000] {processor.py:839} INFO - DAG(s) dict_keys(['example_python_operator']) retrieved from /home/airflow/.local/lib/python3.8/site-packages/airflow/example_dags/example_python_operator.py
[2023-10-11T03:51:39.657+0000] {logging_mixin.py:151} INFO - [2023-10-11T03:51:39.657+0000] {dag.py:2915} INFO - Sync 1 DAGs
[2023-10-11T03:51:39.669+0000] {logging_mixin.py:151} INFO - [2023-10-11T03:51:39.669+0000] {dag.py:3696} INFO - Setting next_dagrun for example_python_operator to None, run_after=None
[2023-10-11T03:51:39.691+0000] {processor.py:179} INFO - Processing /home/airflow/.local/lib/python3.8/site-packages/airflow/example_dags/example_python_operator.py took 0.078 seconds
[2023-10-11T03:52:10.097+0000] {processor.py:157} INFO - Started process (PID=1492) to work on /home/airflow/.local/lib/python3.8/site-packages/airflow/example_dags/example_python_operator.py
[2023-10-11T03:52:10.098+0000] {processor.py:829} INFO - Processing file /home/airflow/.local/lib/python3.8/site-packages/airflow/example_dags/example_python_operator.py for tasks to queue
[2023-10-11T03:52:10.101+0000] {logging_mixin.py:151} INFO - [2023-10-11T03:52:10.100+0000] {dagbag.py:539} INFO - Filling up the DagBag from /home/airflow/.local/lib/python3.8/site-packages/airflow/example_dags/example_python_operator.py
[2023-10-11T03:52:10.111+0000] {processor.py:839} INFO - DAG(s) dict_keys(['example_python_operator']) retrieved from /home/airflow/.local/lib/python3.8/site-packages/airflow/example_dags/example_python_operator.py
[2023-10-11T03:52:10.138+0000] {logging_mixin.py:151} INFO - [2023-10-11T03:52:10.137+0000] {dag.py:2915} INFO - Sync 1 DAGs
[2023-10-11T03:52:10.149+0000] {logging_mixin.py:151} INFO - [2023-10-11T03:52:10.149+0000] {dag.py:3696} INFO - Setting next_dagrun for example_python_operator to None, run_after=None
[2023-10-11T03:52:10.172+0000] {processor.py:179} INFO - Processing /home/airflow/.local/lib/python3.8/site-packages/airflow/example_dags/example_python_operator.py took 0.080 seconds
[2023-10-11T03:52:40.474+0000] {processor.py:157} INFO - Started process (PID=1549) to work on /home/airflow/.local/lib/python3.8/site-packages/airflow/example_dags/example_python_operator.py
[2023-10-11T03:52:40.476+0000] {processor.py:829} INFO - Processing file /home/airflow/.local/lib/python3.8/site-packages/airflow/example_dags/example_python_operator.py for tasks to queue
[2023-10-11T03:52:40.478+0000] {logging_mixin.py:151} INFO - [2023-10-11T03:52:40.478+0000] {dagbag.py:539} INFO - Filling up the DagBag from /home/airflow/.local/lib/python3.8/site-packages/airflow/example_dags/example_python_operator.py
[2023-10-11T03:52:40.488+0000] {processor.py:839} INFO - DAG(s) dict_keys(['example_python_operator']) retrieved from /home/airflow/.local/lib/python3.8/site-packages/airflow/example_dags/example_python_operator.py
[2023-10-11T03:52:40.515+0000] {logging_mixin.py:151} INFO - [2023-10-11T03:52:40.515+0000] {dag.py:2915} INFO - Sync 1 DAGs
[2023-10-11T03:52:40.528+0000] {logging_mixin.py:151} INFO - [2023-10-11T03:52:40.528+0000] {dag.py:3696} INFO - Setting next_dagrun for example_python_operator to None, run_after=None
[2023-10-11T03:52:40.552+0000] {processor.py:179} INFO - Processing /home/airflow/.local/lib/python3.8/site-packages/airflow/example_dags/example_python_operator.py took 0.080 seconds
[2023-10-11T03:53:10.749+0000] {processor.py:157} INFO - Started process (PID=1606) to work on /home/airflow/.local/lib/python3.8/site-packages/airflow/example_dags/example_python_operator.py
[2023-10-11T03:53:10.750+0000] {processor.py:829} INFO - Processing file /home/airflow/.local/lib/python3.8/site-packages/airflow/example_dags/example_python_operator.py for tasks to queue
[2023-10-11T03:53:10.753+0000] {logging_mixin.py:151} INFO - [2023-10-11T03:53:10.753+0000] {dagbag.py:539} INFO - Filling up the DagBag from /home/airflow/.local/lib/python3.8/site-packages/airflow/example_dags/example_python_operator.py
[2023-10-11T03:53:10.764+0000] {processor.py:839} INFO - DAG(s) dict_keys(['example_python_operator']) retrieved from /home/airflow/.local/lib/python3.8/site-packages/airflow/example_dags/example_python_operator.py
[2023-10-11T03:53:10.792+0000] {logging_mixin.py:151} INFO - [2023-10-11T03:53:10.792+0000] {dag.py:2915} INFO - Sync 1 DAGs
[2023-10-11T03:53:10.803+0000] {logging_mixin.py:151} INFO - [2023-10-11T03:53:10.803+0000] {dag.py:3696} INFO - Setting next_dagrun for example_python_operator to None, run_after=None
[2023-10-11T03:53:10.826+0000] {processor.py:179} INFO - Processing /home/airflow/.local/lib/python3.8/site-packages/airflow/example_dags/example_python_operator.py took 0.080 seconds
[2023-10-11T03:53:41.963+0000] {processor.py:157} INFO - Started process (PID=1663) to work on /home/airflow/.local/lib/python3.8/site-packages/airflow/example_dags/example_python_operator.py
[2023-10-11T03:53:41.965+0000] {processor.py:829} INFO - Processing file /home/airflow/.local/lib/python3.8/site-packages/airflow/example_dags/example_python_operator.py for tasks to queue
[2023-10-11T03:53:41.967+0000] {logging_mixin.py:151} INFO - [2023-10-11T03:53:41.967+0000] {dagbag.py:539} INFO - Filling up the DagBag from /home/airflow/.local/lib/python3.8/site-packages/airflow/example_dags/example_python_operator.py
[2023-10-11T03:53:41.977+0000] {processor.py:839} INFO - DAG(s) dict_keys(['example_python_operator']) retrieved from /home/airflow/.local/lib/python3.8/site-packages/airflow/example_dags/example_python_operator.py
[2023-10-11T03:53:42.000+0000] {logging_mixin.py:151} INFO - [2023-10-11T03:53:42.000+0000] {dag.py:2915} INFO - Sync 1 DAGs
[2023-10-11T03:53:42.012+0000] {logging_mixin.py:151} INFO - [2023-10-11T03:53:42.012+0000] {dag.py:3696} INFO - Setting next_dagrun for example_python_operator to None, run_after=None
[2023-10-11T03:53:42.039+0000] {processor.py:179} INFO - Processing /home/airflow/.local/lib/python3.8/site-packages/airflow/example_dags/example_python_operator.py took 0.078 seconds
[2023-10-11T03:54:12.280+0000] {processor.py:157} INFO - Started process (PID=1720) to work on /home/airflow/.local/lib/python3.8/site-packages/airflow/example_dags/example_python_operator.py
[2023-10-11T03:54:12.281+0000] {processor.py:829} INFO - Processing file /home/airflow/.local/lib/python3.8/site-packages/airflow/example_dags/example_python_operator.py for tasks to queue
[2023-10-11T03:54:12.284+0000] {logging_mixin.py:151} INFO - [2023-10-11T03:54:12.284+0000] {dagbag.py:539} INFO - Filling up the DagBag from /home/airflow/.local/lib/python3.8/site-packages/airflow/example_dags/example_python_operator.py
[2023-10-11T03:54:12.294+0000] {processor.py:839} INFO - DAG(s) dict_keys(['example_python_operator']) retrieved from /home/airflow/.local/lib/python3.8/site-packages/airflow/example_dags/example_python_operator.py
[2023-10-11T03:54:12.323+0000] {logging_mixin.py:151} INFO - [2023-10-11T03:54:12.323+0000] {dag.py:2915} INFO - Sync 1 DAGs
[2023-10-11T03:54:12.337+0000] {logging_mixin.py:151} INFO - [2023-10-11T03:54:12.337+0000] {dag.py:3696} INFO - Setting next_dagrun for example_python_operator to None, run_after=None
[2023-10-11T03:54:12.363+0000] {processor.py:179} INFO - Processing /home/airflow/.local/lib/python3.8/site-packages/airflow/example_dags/example_python_operator.py took 0.086 seconds
[2023-10-11T03:54:42.520+0000] {processor.py:157} INFO - Started process (PID=1777) to work on /home/airflow/.local/lib/python3.8/site-packages/airflow/example_dags/example_python_operator.py
[2023-10-11T03:54:42.522+0000] {processor.py:829} INFO - Processing file /home/airflow/.local/lib/python3.8/site-packages/airflow/example_dags/example_python_operator.py for tasks to queue
[2023-10-11T03:54:42.524+0000] {logging_mixin.py:151} INFO - [2023-10-11T03:54:42.524+0000] {dagbag.py:539} INFO - Filling up the DagBag from /home/airflow/.local/lib/python3.8/site-packages/airflow/example_dags/example_python_operator.py
[2023-10-11T03:54:42.534+0000] {processor.py:839} INFO - DAG(s) dict_keys(['example_python_operator']) retrieved from /home/airflow/.local/lib/python3.8/site-packages/airflow/example_dags/example_python_operator.py
[2023-10-11T03:54:42.561+0000] {logging_mixin.py:151} INFO - [2023-10-11T03:54:42.560+0000] {dag.py:2915} INFO - Sync 1 DAGs
[2023-10-11T03:54:42.573+0000] {logging_mixin.py:151} INFO - [2023-10-11T03:54:42.573+0000] {dag.py:3696} INFO - Setting next_dagrun for example_python_operator to None, run_after=None
[2023-10-11T03:54:42.592+0000] {processor.py:179} INFO - Processing /home/airflow/.local/lib/python3.8/site-packages/airflow/example_dags/example_python_operator.py took 0.076 seconds
[2023-10-11T03:55:12.989+0000] {processor.py:157} INFO - Started process (PID=1834) to work on /home/airflow/.local/lib/python3.8/site-packages/airflow/example_dags/example_python_operator.py
[2023-10-11T03:55:12.990+0000] {processor.py:829} INFO - Processing file /home/airflow/.local/lib/python3.8/site-packages/airflow/example_dags/example_python_operator.py for tasks to queue
[2023-10-11T03:55:12.993+0000] {logging_mixin.py:151} INFO - [2023-10-11T03:55:12.993+0000] {dagbag.py:539} INFO - Filling up the DagBag from /home/airflow/.local/lib/python3.8/site-packages/airflow/example_dags/example_python_operator.py
[2023-10-11T03:55:13.004+0000] {processor.py:839} INFO - DAG(s) dict_keys(['example_python_operator']) retrieved from /home/airflow/.local/lib/python3.8/site-packages/airflow/example_dags/example_python_operator.py
[2023-10-11T03:55:13.034+0000] {logging_mixin.py:151} INFO - [2023-10-11T03:55:13.034+0000] {dag.py:2915} INFO - Sync 1 DAGs
[2023-10-11T03:55:13.047+0000] {logging_mixin.py:151} INFO - [2023-10-11T03:55:13.046+0000] {dag.py:3696} INFO - Setting next_dagrun for example_python_operator to None, run_after=None
[2023-10-11T03:55:13.068+0000] {processor.py:179} INFO - Processing /home/airflow/.local/lib/python3.8/site-packages/airflow/example_dags/example_python_operator.py took 0.083 seconds
[2023-10-11T03:55:43.414+0000] {processor.py:157} INFO - Started process (PID=1891) to work on /home/airflow/.local/lib/python3.8/site-packages/airflow/example_dags/example_python_operator.py
[2023-10-11T03:55:43.415+0000] {processor.py:829} INFO - Processing file /home/airflow/.local/lib/python3.8/site-packages/airflow/example_dags/example_python_operator.py for tasks to queue
[2023-10-11T03:55:43.417+0000] {logging_mixin.py:151} INFO - [2023-10-11T03:55:43.417+0000] {dagbag.py:539} INFO - Filling up the DagBag from /home/airflow/.local/lib/python3.8/site-packages/airflow/example_dags/example_python_operator.py
[2023-10-11T03:55:43.426+0000] {processor.py:839} INFO - DAG(s) dict_keys(['example_python_operator']) retrieved from /home/airflow/.local/lib/python3.8/site-packages/airflow/example_dags/example_python_operator.py
[2023-10-11T03:55:43.447+0000] {logging_mixin.py:151} INFO - [2023-10-11T03:55:43.446+0000] {dag.py:2915} INFO - Sync 1 DAGs
[2023-10-11T03:55:43.459+0000] {logging_mixin.py:151} INFO - [2023-10-11T03:55:43.458+0000] {dag.py:3696} INFO - Setting next_dagrun for example_python_operator to None, run_after=None
[2023-10-11T03:55:43.480+0000] {processor.py:179} INFO - Processing /home/airflow/.local/lib/python3.8/site-packages/airflow/example_dags/example_python_operator.py took 0.069 seconds
[2023-10-11T03:56:13.793+0000] {processor.py:157} INFO - Started process (PID=1948) to work on /home/airflow/.local/lib/python3.8/site-packages/airflow/example_dags/example_python_operator.py
[2023-10-11T03:56:13.795+0000] {processor.py:829} INFO - Processing file /home/airflow/.local/lib/python3.8/site-packages/airflow/example_dags/example_python_operator.py for tasks to queue
[2023-10-11T03:56:13.800+0000] {logging_mixin.py:151} INFO - [2023-10-11T03:56:13.799+0000] {dagbag.py:539} INFO - Filling up the DagBag from /home/airflow/.local/lib/python3.8/site-packages/airflow/example_dags/example_python_operator.py
[2023-10-11T03:56:13.813+0000] {processor.py:839} INFO - DAG(s) dict_keys(['example_python_operator']) retrieved from /home/airflow/.local/lib/python3.8/site-packages/airflow/example_dags/example_python_operator.py
[2023-10-11T03:56:13.853+0000] {logging_mixin.py:151} INFO - [2023-10-11T03:56:13.853+0000] {dag.py:2915} INFO - Sync 1 DAGs
[2023-10-11T03:56:13.872+0000] {logging_mixin.py:151} INFO - [2023-10-11T03:56:13.872+0000] {dag.py:3696} INFO - Setting next_dagrun for example_python_operator to None, run_after=None
[2023-10-11T03:56:13.915+0000] {processor.py:179} INFO - Processing /home/airflow/.local/lib/python3.8/site-packages/airflow/example_dags/example_python_operator.py took 0.128 seconds
[2023-10-11T03:56:44.281+0000] {processor.py:157} INFO - Started process (PID=2005) to work on /home/airflow/.local/lib/python3.8/site-packages/airflow/example_dags/example_python_operator.py
[2023-10-11T03:56:44.283+0000] {processor.py:829} INFO - Processing file /home/airflow/.local/lib/python3.8/site-packages/airflow/example_dags/example_python_operator.py for tasks to queue
[2023-10-11T03:56:44.286+0000] {logging_mixin.py:151} INFO - [2023-10-11T03:56:44.286+0000] {dagbag.py:539} INFO - Filling up the DagBag from /home/airflow/.local/lib/python3.8/site-packages/airflow/example_dags/example_python_operator.py
[2023-10-11T03:56:44.295+0000] {processor.py:839} INFO - DAG(s) dict_keys(['example_python_operator']) retrieved from /home/airflow/.local/lib/python3.8/site-packages/airflow/example_dags/example_python_operator.py
[2023-10-11T03:56:44.322+0000] {logging_mixin.py:151} INFO - [2023-10-11T03:56:44.322+0000] {dag.py:2915} INFO - Sync 1 DAGs
[2023-10-11T03:56:44.334+0000] {logging_mixin.py:151} INFO - [2023-10-11T03:56:44.334+0000] {dag.py:3696} INFO - Setting next_dagrun for example_python_operator to None, run_after=None
[2023-10-11T03:56:44.362+0000] {processor.py:179} INFO - Processing /home/airflow/.local/lib/python3.8/site-packages/airflow/example_dags/example_python_operator.py took 0.083 seconds
[2023-10-11T03:57:14.628+0000] {processor.py:157} INFO - Started process (PID=2062) to work on /home/airflow/.local/lib/python3.8/site-packages/airflow/example_dags/example_python_operator.py
[2023-10-11T03:57:14.630+0000] {processor.py:829} INFO - Processing file /home/airflow/.local/lib/python3.8/site-packages/airflow/example_dags/example_python_operator.py for tasks to queue
[2023-10-11T03:57:14.633+0000] {logging_mixin.py:151} INFO - [2023-10-11T03:57:14.633+0000] {dagbag.py:539} INFO - Filling up the DagBag from /home/airflow/.local/lib/python3.8/site-packages/airflow/example_dags/example_python_operator.py
[2023-10-11T03:57:14.642+0000] {processor.py:839} INFO - DAG(s) dict_keys(['example_python_operator']) retrieved from /home/airflow/.local/lib/python3.8/site-packages/airflow/example_dags/example_python_operator.py
[2023-10-11T03:57:14.669+0000] {logging_mixin.py:151} INFO - [2023-10-11T03:57:14.669+0000] {dag.py:2915} INFO - Sync 1 DAGs
[2023-10-11T03:57:14.683+0000] {logging_mixin.py:151} INFO - [2023-10-11T03:57:14.682+0000] {dag.py:3696} INFO - Setting next_dagrun for example_python_operator to None, run_after=None
[2023-10-11T03:57:14.705+0000] {processor.py:179} INFO - Processing /home/airflow/.local/lib/python3.8/site-packages/airflow/example_dags/example_python_operator.py took 0.080 seconds
[2023-10-11T03:57:45.471+0000] {processor.py:157} INFO - Started process (PID=2119) to work on /home/airflow/.local/lib/python3.8/site-packages/airflow/example_dags/example_python_operator.py
[2023-10-11T03:57:45.473+0000] {processor.py:829} INFO - Processing file /home/airflow/.local/lib/python3.8/site-packages/airflow/example_dags/example_python_operator.py for tasks to queue
[2023-10-11T03:57:45.475+0000] {logging_mixin.py:151} INFO - [2023-10-11T03:57:45.475+0000] {dagbag.py:539} INFO - Filling up the DagBag from /home/airflow/.local/lib/python3.8/site-packages/airflow/example_dags/example_python_operator.py
[2023-10-11T03:57:45.485+0000] {processor.py:839} INFO - DAG(s) dict_keys(['example_python_operator']) retrieved from /home/airflow/.local/lib/python3.8/site-packages/airflow/example_dags/example_python_operator.py
[2023-10-11T03:57:45.509+0000] {logging_mixin.py:151} INFO - [2023-10-11T03:57:45.508+0000] {dag.py:2915} INFO - Sync 1 DAGs
[2023-10-11T03:57:45.520+0000] {logging_mixin.py:151} INFO - [2023-10-11T03:57:45.520+0000] {dag.py:3696} INFO - Setting next_dagrun for example_python_operator to None, run_after=None
[2023-10-11T03:57:45.541+0000] {processor.py:179} INFO - Processing /home/airflow/.local/lib/python3.8/site-packages/airflow/example_dags/example_python_operator.py took 0.073 seconds
[2023-10-11T03:58:15.745+0000] {processor.py:157} INFO - Started process (PID=2176) to work on /home/airflow/.local/lib/python3.8/site-packages/airflow/example_dags/example_python_operator.py
[2023-10-11T03:58:15.747+0000] {processor.py:829} INFO - Processing file /home/airflow/.local/lib/python3.8/site-packages/airflow/example_dags/example_python_operator.py for tasks to queue
[2023-10-11T03:58:15.749+0000] {logging_mixin.py:151} INFO - [2023-10-11T03:58:15.749+0000] {dagbag.py:539} INFO - Filling up the DagBag from /home/airflow/.local/lib/python3.8/site-packages/airflow/example_dags/example_python_operator.py
[2023-10-11T03:58:15.762+0000] {processor.py:839} INFO - DAG(s) dict_keys(['example_python_operator']) retrieved from /home/airflow/.local/lib/python3.8/site-packages/airflow/example_dags/example_python_operator.py
[2023-10-11T03:58:15.785+0000] {logging_mixin.py:151} INFO - [2023-10-11T03:58:15.785+0000] {dag.py:2915} INFO - Sync 1 DAGs
[2023-10-11T03:58:15.797+0000] {logging_mixin.py:151} INFO - [2023-10-11T03:58:15.796+0000] {dag.py:3696} INFO - Setting next_dagrun for example_python_operator to None, run_after=None
[2023-10-11T03:58:15.820+0000] {processor.py:179} INFO - Processing /home/airflow/.local/lib/python3.8/site-packages/airflow/example_dags/example_python_operator.py took 0.077 seconds
[2023-10-11T03:58:46.036+0000] {processor.py:157} INFO - Started process (PID=2233) to work on /home/airflow/.local/lib/python3.8/site-packages/airflow/example_dags/example_python_operator.py
[2023-10-11T03:58:46.038+0000] {processor.py:829} INFO - Processing file /home/airflow/.local/lib/python3.8/site-packages/airflow/example_dags/example_python_operator.py for tasks to queue
[2023-10-11T03:58:46.040+0000] {logging_mixin.py:151} INFO - [2023-10-11T03:58:46.040+0000] {dagbag.py:539} INFO - Filling up the DagBag from /home/airflow/.local/lib/python3.8/site-packages/airflow/example_dags/example_python_operator.py
[2023-10-11T03:58:46.050+0000] {processor.py:839} INFO - DAG(s) dict_keys(['example_python_operator']) retrieved from /home/airflow/.local/lib/python3.8/site-packages/airflow/example_dags/example_python_operator.py
[2023-10-11T03:58:46.076+0000] {logging_mixin.py:151} INFO - [2023-10-11T03:58:46.076+0000] {dag.py:2915} INFO - Sync 1 DAGs
[2023-10-11T03:58:46.088+0000] {logging_mixin.py:151} INFO - [2023-10-11T03:58:46.087+0000] {dag.py:3696} INFO - Setting next_dagrun for example_python_operator to None, run_after=None
[2023-10-11T03:58:46.110+0000] {processor.py:179} INFO - Processing /home/airflow/.local/lib/python3.8/site-packages/airflow/example_dags/example_python_operator.py took 0.077 seconds
[2023-10-11T03:59:16.473+0000] {processor.py:157} INFO - Started process (PID=2290) to work on /home/airflow/.local/lib/python3.8/site-packages/airflow/example_dags/example_python_operator.py
[2023-10-11T03:59:16.475+0000] {processor.py:829} INFO - Processing file /home/airflow/.local/lib/python3.8/site-packages/airflow/example_dags/example_python_operator.py for tasks to queue
[2023-10-11T03:59:16.478+0000] {logging_mixin.py:151} INFO - [2023-10-11T03:59:16.478+0000] {dagbag.py:539} INFO - Filling up the DagBag from /home/airflow/.local/lib/python3.8/site-packages/airflow/example_dags/example_python_operator.py
[2023-10-11T03:59:16.489+0000] {processor.py:839} INFO - DAG(s) dict_keys(['example_python_operator']) retrieved from /home/airflow/.local/lib/python3.8/site-packages/airflow/example_dags/example_python_operator.py
[2023-10-11T03:59:16.516+0000] {logging_mixin.py:151} INFO - [2023-10-11T03:59:16.515+0000] {dag.py:2915} INFO - Sync 1 DAGs
[2023-10-11T03:59:16.528+0000] {logging_mixin.py:151} INFO - [2023-10-11T03:59:16.528+0000] {dag.py:3696} INFO - Setting next_dagrun for example_python_operator to None, run_after=None
[2023-10-11T03:59:16.550+0000] {processor.py:179} INFO - Processing /home/airflow/.local/lib/python3.8/site-packages/airflow/example_dags/example_python_operator.py took 0.081 seconds
[2023-10-11T03:59:47.084+0000] {processor.py:157} INFO - Started process (PID=2347) to work on /home/airflow/.local/lib/python3.8/site-packages/airflow/example_dags/example_python_operator.py
[2023-10-11T03:59:47.086+0000] {processor.py:829} INFO - Processing file /home/airflow/.local/lib/python3.8/site-packages/airflow/example_dags/example_python_operator.py for tasks to queue
[2023-10-11T03:59:47.088+0000] {logging_mixin.py:151} INFO - [2023-10-11T03:59:47.088+0000] {dagbag.py:539} INFO - Filling up the DagBag from /home/airflow/.local/lib/python3.8/site-packages/airflow/example_dags/example_python_operator.py
[2023-10-11T03:59:47.099+0000] {processor.py:839} INFO - DAG(s) dict_keys(['example_python_operator']) retrieved from /home/airflow/.local/lib/python3.8/site-packages/airflow/example_dags/example_python_operator.py
[2023-10-11T03:59:47.125+0000] {logging_mixin.py:151} INFO - [2023-10-11T03:59:47.125+0000] {dag.py:2915} INFO - Sync 1 DAGs
[2023-10-11T03:59:47.138+0000] {logging_mixin.py:151} INFO - [2023-10-11T03:59:47.138+0000] {dag.py:3696} INFO - Setting next_dagrun for example_python_operator to None, run_after=None
[2023-10-11T03:59:47.162+0000] {processor.py:179} INFO - Processing /home/airflow/.local/lib/python3.8/site-packages/airflow/example_dags/example_python_operator.py took 0.081 seconds
[2023-10-11T04:00:17.301+0000] {processor.py:157} INFO - Started process (PID=2404) to work on /home/airflow/.local/lib/python3.8/site-packages/airflow/example_dags/example_python_operator.py
[2023-10-11T04:00:17.302+0000] {processor.py:829} INFO - Processing file /home/airflow/.local/lib/python3.8/site-packages/airflow/example_dags/example_python_operator.py for tasks to queue
[2023-10-11T04:00:17.304+0000] {logging_mixin.py:151} INFO - [2023-10-11T04:00:17.304+0000] {dagbag.py:539} INFO - Filling up the DagBag from /home/airflow/.local/lib/python3.8/site-packages/airflow/example_dags/example_python_operator.py
[2023-10-11T04:00:17.314+0000] {processor.py:839} INFO - DAG(s) dict_keys(['example_python_operator']) retrieved from /home/airflow/.local/lib/python3.8/site-packages/airflow/example_dags/example_python_operator.py
[2023-10-11T04:00:17.334+0000] {logging_mixin.py:151} INFO - [2023-10-11T04:00:17.334+0000] {dag.py:2915} INFO - Sync 1 DAGs
[2023-10-11T04:00:17.345+0000] {logging_mixin.py:151} INFO - [2023-10-11T04:00:17.345+0000] {dag.py:3696} INFO - Setting next_dagrun for example_python_operator to None, run_after=None
[2023-10-11T04:00:17.365+0000] {processor.py:179} INFO - Processing /home/airflow/.local/lib/python3.8/site-packages/airflow/example_dags/example_python_operator.py took 0.067 seconds
[2023-10-11T04:00:47.851+0000] {processor.py:157} INFO - Started process (PID=2461) to work on /home/airflow/.local/lib/python3.8/site-packages/airflow/example_dags/example_python_operator.py
[2023-10-11T04:00:47.852+0000] {processor.py:829} INFO - Processing file /home/airflow/.local/lib/python3.8/site-packages/airflow/example_dags/example_python_operator.py for tasks to queue
[2023-10-11T04:00:47.855+0000] {logging_mixin.py:151} INFO - [2023-10-11T04:00:47.854+0000] {dagbag.py:539} INFO - Filling up the DagBag from /home/airflow/.local/lib/python3.8/site-packages/airflow/example_dags/example_python_operator.py
[2023-10-11T04:00:47.865+0000] {processor.py:839} INFO - DAG(s) dict_keys(['example_python_operator']) retrieved from /home/airflow/.local/lib/python3.8/site-packages/airflow/example_dags/example_python_operator.py
[2023-10-11T04:00:47.892+0000] {logging_mixin.py:151} INFO - [2023-10-11T04:00:47.891+0000] {dag.py:2915} INFO - Sync 1 DAGs
[2023-10-11T04:00:47.907+0000] {logging_mixin.py:151} INFO - [2023-10-11T04:00:47.906+0000] {dag.py:3696} INFO - Setting next_dagrun for example_python_operator to None, run_after=None
[2023-10-11T04:00:47.936+0000] {processor.py:179} INFO - Processing /home/airflow/.local/lib/python3.8/site-packages/airflow/example_dags/example_python_operator.py took 0.090 seconds
[2023-10-11T04:01:18.236+0000] {processor.py:157} INFO - Started process (PID=2518) to work on /home/airflow/.local/lib/python3.8/site-packages/airflow/example_dags/example_python_operator.py
[2023-10-11T04:01:18.238+0000] {processor.py:829} INFO - Processing file /home/airflow/.local/lib/python3.8/site-packages/airflow/example_dags/example_python_operator.py for tasks to queue
[2023-10-11T04:01:18.241+0000] {logging_mixin.py:151} INFO - [2023-10-11T04:01:18.241+0000] {dagbag.py:539} INFO - Filling up the DagBag from /home/airflow/.local/lib/python3.8/site-packages/airflow/example_dags/example_python_operator.py
[2023-10-11T04:01:18.251+0000] {processor.py:839} INFO - DAG(s) dict_keys(['example_python_operator']) retrieved from /home/airflow/.local/lib/python3.8/site-packages/airflow/example_dags/example_python_operator.py
[2023-10-11T04:01:18.273+0000] {logging_mixin.py:151} INFO - [2023-10-11T04:01:18.273+0000] {dag.py:2915} INFO - Sync 1 DAGs
[2023-10-11T04:01:18.283+0000] {logging_mixin.py:151} INFO - [2023-10-11T04:01:18.283+0000] {dag.py:3696} INFO - Setting next_dagrun for example_python_operator to None, run_after=None
[2023-10-11T04:01:18.303+0000] {processor.py:179} INFO - Processing /home/airflow/.local/lib/python3.8/site-packages/airflow/example_dags/example_python_operator.py took 0.070 seconds
[2023-10-11T04:01:48.673+0000] {processor.py:157} INFO - Started process (PID=2575) to work on /home/airflow/.local/lib/python3.8/site-packages/airflow/example_dags/example_python_operator.py
[2023-10-11T04:01:48.674+0000] {processor.py:829} INFO - Processing file /home/airflow/.local/lib/python3.8/site-packages/airflow/example_dags/example_python_operator.py for tasks to queue
[2023-10-11T04:01:48.677+0000] {logging_mixin.py:151} INFO - [2023-10-11T04:01:48.676+0000] {dagbag.py:539} INFO - Filling up the DagBag from /home/airflow/.local/lib/python3.8/site-packages/airflow/example_dags/example_python_operator.py
[2023-10-11T04:01:48.686+0000] {processor.py:839} INFO - DAG(s) dict_keys(['example_python_operator']) retrieved from /home/airflow/.local/lib/python3.8/site-packages/airflow/example_dags/example_python_operator.py
[2023-10-11T04:01:48.709+0000] {logging_mixin.py:151} INFO - [2023-10-11T04:01:48.709+0000] {dag.py:2915} INFO - Sync 1 DAGs
[2023-10-11T04:01:48.721+0000] {logging_mixin.py:151} INFO - [2023-10-11T04:01:48.720+0000] {dag.py:3696} INFO - Setting next_dagrun for example_python_operator to None, run_after=None
[2023-10-11T04:01:48.741+0000] {processor.py:179} INFO - Processing /home/airflow/.local/lib/python3.8/site-packages/airflow/example_dags/example_python_operator.py took 0.071 seconds
[2023-10-11T04:02:19.269+0000] {processor.py:157} INFO - Started process (PID=2632) to work on /home/airflow/.local/lib/python3.8/site-packages/airflow/example_dags/example_python_operator.py
[2023-10-11T04:02:19.270+0000] {processor.py:829} INFO - Processing file /home/airflow/.local/lib/python3.8/site-packages/airflow/example_dags/example_python_operator.py for tasks to queue
[2023-10-11T04:02:19.272+0000] {logging_mixin.py:151} INFO - [2023-10-11T04:02:19.272+0000] {dagbag.py:539} INFO - Filling up the DagBag from /home/airflow/.local/lib/python3.8/site-packages/airflow/example_dags/example_python_operator.py
[2023-10-11T04:02:19.281+0000] {processor.py:839} INFO - DAG(s) dict_keys(['example_python_operator']) retrieved from /home/airflow/.local/lib/python3.8/site-packages/airflow/example_dags/example_python_operator.py
[2023-10-11T04:02:19.308+0000] {logging_mixin.py:151} INFO - [2023-10-11T04:02:19.308+0000] {dag.py:2915} INFO - Sync 1 DAGs
[2023-10-11T04:02:19.322+0000] {logging_mixin.py:151} INFO - [2023-10-11T04:02:19.321+0000] {dag.py:3696} INFO - Setting next_dagrun for example_python_operator to None, run_after=None
[2023-10-11T04:02:19.346+0000] {processor.py:179} INFO - Processing /home/airflow/.local/lib/python3.8/site-packages/airflow/example_dags/example_python_operator.py took 0.080 seconds
[2023-10-11T04:02:50.149+0000] {processor.py:157} INFO - Started process (PID=2689) to work on /home/airflow/.local/lib/python3.8/site-packages/airflow/example_dags/example_python_operator.py
[2023-10-11T04:02:50.150+0000] {processor.py:829} INFO - Processing file /home/airflow/.local/lib/python3.8/site-packages/airflow/example_dags/example_python_operator.py for tasks to queue
[2023-10-11T04:02:50.153+0000] {logging_mixin.py:151} INFO - [2023-10-11T04:02:50.153+0000] {dagbag.py:539} INFO - Filling up the DagBag from /home/airflow/.local/lib/python3.8/site-packages/airflow/example_dags/example_python_operator.py
[2023-10-11T04:02:50.161+0000] {processor.py:839} INFO - DAG(s) dict_keys(['example_python_operator']) retrieved from /home/airflow/.local/lib/python3.8/site-packages/airflow/example_dags/example_python_operator.py
[2023-10-11T04:02:50.194+0000] {logging_mixin.py:151} INFO - [2023-10-11T04:02:50.193+0000] {dag.py:2915} INFO - Sync 1 DAGs
[2023-10-11T04:02:50.206+0000] {logging_mixin.py:151} INFO - [2023-10-11T04:02:50.205+0000] {dag.py:3696} INFO - Setting next_dagrun for example_python_operator to None, run_after=None
[2023-10-11T04:02:50.226+0000] {processor.py:179} INFO - Processing /home/airflow/.local/lib/python3.8/site-packages/airflow/example_dags/example_python_operator.py took 0.080 seconds
[2023-10-11T04:03:21.168+0000] {processor.py:157} INFO - Started process (PID=2746) to work on /home/airflow/.local/lib/python3.8/site-packages/airflow/example_dags/example_python_operator.py
[2023-10-11T04:03:21.170+0000] {processor.py:829} INFO - Processing file /home/airflow/.local/lib/python3.8/site-packages/airflow/example_dags/example_python_operator.py for tasks to queue
[2023-10-11T04:03:21.174+0000] {logging_mixin.py:151} INFO - [2023-10-11T04:03:21.174+0000] {dagbag.py:539} INFO - Filling up the DagBag from /home/airflow/.local/lib/python3.8/site-packages/airflow/example_dags/example_python_operator.py
[2023-10-11T04:03:21.197+0000] {processor.py:839} INFO - DAG(s) dict_keys(['example_python_operator']) retrieved from /home/airflow/.local/lib/python3.8/site-packages/airflow/example_dags/example_python_operator.py
[2023-10-11T04:03:21.236+0000] {logging_mixin.py:151} INFO - [2023-10-11T04:03:21.235+0000] {dag.py:2915} INFO - Sync 1 DAGs
[2023-10-11T04:03:21.257+0000] {logging_mixin.py:151} INFO - [2023-10-11T04:03:21.256+0000] {dag.py:3696} INFO - Setting next_dagrun for example_python_operator to None, run_after=None
[2023-10-11T04:03:21.301+0000] {processor.py:179} INFO - Processing /home/airflow/.local/lib/python3.8/site-packages/airflow/example_dags/example_python_operator.py took 0.138 seconds
[2023-10-11T04:03:51.874+0000] {processor.py:157} INFO - Started process (PID=2805) to work on /home/airflow/.local/lib/python3.8/site-packages/airflow/example_dags/example_python_operator.py
[2023-10-11T04:03:51.877+0000] {processor.py:829} INFO - Processing file /home/airflow/.local/lib/python3.8/site-packages/airflow/example_dags/example_python_operator.py for tasks to queue
[2023-10-11T04:03:51.880+0000] {logging_mixin.py:151} INFO - [2023-10-11T04:03:51.880+0000] {dagbag.py:539} INFO - Filling up the DagBag from /home/airflow/.local/lib/python3.8/site-packages/airflow/example_dags/example_python_operator.py
[2023-10-11T04:03:51.895+0000] {processor.py:839} INFO - DAG(s) dict_keys(['example_python_operator']) retrieved from /home/airflow/.local/lib/python3.8/site-packages/airflow/example_dags/example_python_operator.py
[2023-10-11T04:03:51.924+0000] {logging_mixin.py:151} INFO - [2023-10-11T04:03:51.923+0000] {dag.py:2915} INFO - Sync 1 DAGs
[2023-10-11T04:03:51.939+0000] {logging_mixin.py:151} INFO - [2023-10-11T04:03:51.939+0000] {dag.py:3696} INFO - Setting next_dagrun for example_python_operator to None, run_after=None
[2023-10-11T04:03:51.957+0000] {processor.py:179} INFO - Processing /home/airflow/.local/lib/python3.8/site-packages/airflow/example_dags/example_python_operator.py took 0.086 seconds
[2023-10-11T04:04:22.087+0000] {processor.py:157} INFO - Started process (PID=2871) to work on /home/airflow/.local/lib/python3.8/site-packages/airflow/example_dags/example_python_operator.py
[2023-10-11T04:04:22.089+0000] {processor.py:829} INFO - Processing file /home/airflow/.local/lib/python3.8/site-packages/airflow/example_dags/example_python_operator.py for tasks to queue
[2023-10-11T04:04:22.091+0000] {logging_mixin.py:151} INFO - [2023-10-11T04:04:22.090+0000] {dagbag.py:539} INFO - Filling up the DagBag from /home/airflow/.local/lib/python3.8/site-packages/airflow/example_dags/example_python_operator.py
[2023-10-11T04:04:22.101+0000] {processor.py:839} INFO - DAG(s) dict_keys(['example_python_operator']) retrieved from /home/airflow/.local/lib/python3.8/site-packages/airflow/example_dags/example_python_operator.py
[2023-10-11T04:04:22.124+0000] {logging_mixin.py:151} INFO - [2023-10-11T04:04:22.124+0000] {dag.py:2915} INFO - Sync 1 DAGs
[2023-10-11T04:04:22.134+0000] {logging_mixin.py:151} INFO - [2023-10-11T04:04:22.134+0000] {dag.py:3696} INFO - Setting next_dagrun for example_python_operator to None, run_after=None
[2023-10-11T04:04:22.155+0000] {processor.py:179} INFO - Processing /home/airflow/.local/lib/python3.8/site-packages/airflow/example_dags/example_python_operator.py took 0.071 seconds
