[2023-10-11T03:39:29.764+0000] {processor.py:157} INFO - Started process (PID=82) to work on /home/airflow/.local/lib/python3.8/site-packages/airflow/example_dags/example_sensors.py
[2023-10-11T03:39:29.766+0000] {processor.py:829} INFO - Processing file /home/airflow/.local/lib/python3.8/site-packages/airflow/example_dags/example_sensors.py for tasks to queue
[2023-10-11T03:39:29.769+0000] {logging_mixin.py:151} INFO - [2023-10-11T03:39:29.769+0000] {dagbag.py:539} INFO - Filling up the DagBag from /home/airflow/.local/lib/python3.8/site-packages/airflow/example_dags/example_sensors.py
[2023-10-11T03:39:29.783+0000] {processor.py:839} INFO - DAG(s) dict_keys(['example_sensors']) retrieved from /home/airflow/.local/lib/python3.8/site-packages/airflow/example_dags/example_sensors.py
[2023-10-11T03:39:29.825+0000] {logging_mixin.py:151} INFO - [2023-10-11T03:39:29.824+0000] {dag.py:2915} INFO - Sync 1 DAGs
[2023-10-11T03:39:29.845+0000] {logging_mixin.py:151} INFO - [2023-10-11T03:39:29.844+0000] {dag.py:3696} INFO - Setting next_dagrun for example_sensors to None, run_after=None
[2023-10-11T03:39:29.876+0000] {processor.py:179} INFO - Processing /home/airflow/.local/lib/python3.8/site-packages/airflow/example_dags/example_sensors.py took 0.117 seconds
[2023-10-11T03:40:00.186+0000] {processor.py:157} INFO - Started process (PID=139) to work on /home/airflow/.local/lib/python3.8/site-packages/airflow/example_dags/example_sensors.py
[2023-10-11T03:40:00.190+0000] {processor.py:829} INFO - Processing file /home/airflow/.local/lib/python3.8/site-packages/airflow/example_dags/example_sensors.py for tasks to queue
[2023-10-11T03:40:00.192+0000] {logging_mixin.py:151} INFO - [2023-10-11T03:40:00.192+0000] {dagbag.py:539} INFO - Filling up the DagBag from /home/airflow/.local/lib/python3.8/site-packages/airflow/example_dags/example_sensors.py
[2023-10-11T03:40:00.200+0000] {processor.py:839} INFO - DAG(s) dict_keys(['example_sensors']) retrieved from /home/airflow/.local/lib/python3.8/site-packages/airflow/example_dags/example_sensors.py
[2023-10-11T03:40:00.224+0000] {logging_mixin.py:151} INFO - [2023-10-11T03:40:00.223+0000] {dag.py:2915} INFO - Sync 1 DAGs
[2023-10-11T03:40:00.234+0000] {logging_mixin.py:151} INFO - [2023-10-11T03:40:00.233+0000] {dag.py:3696} INFO - Setting next_dagrun for example_sensors to None, run_after=None
[2023-10-11T03:40:00.255+0000] {processor.py:179} INFO - Processing /home/airflow/.local/lib/python3.8/site-packages/airflow/example_dags/example_sensors.py took 0.073 seconds
[2023-10-11T03:40:30.806+0000] {processor.py:157} INFO - Started process (PID=196) to work on /home/airflow/.local/lib/python3.8/site-packages/airflow/example_dags/example_sensors.py
[2023-10-11T03:40:30.808+0000] {processor.py:829} INFO - Processing file /home/airflow/.local/lib/python3.8/site-packages/airflow/example_dags/example_sensors.py for tasks to queue
[2023-10-11T03:40:30.810+0000] {logging_mixin.py:151} INFO - [2023-10-11T03:40:30.810+0000] {dagbag.py:539} INFO - Filling up the DagBag from /home/airflow/.local/lib/python3.8/site-packages/airflow/example_dags/example_sensors.py
[2023-10-11T03:40:30.818+0000] {processor.py:839} INFO - DAG(s) dict_keys(['example_sensors']) retrieved from /home/airflow/.local/lib/python3.8/site-packages/airflow/example_dags/example_sensors.py
[2023-10-11T03:40:30.845+0000] {logging_mixin.py:151} INFO - [2023-10-11T03:40:30.845+0000] {dag.py:2915} INFO - Sync 1 DAGs
[2023-10-11T03:40:30.856+0000] {logging_mixin.py:151} INFO - [2023-10-11T03:40:30.856+0000] {dag.py:3696} INFO - Setting next_dagrun for example_sensors to None, run_after=None
[2023-10-11T03:40:30.876+0000] {processor.py:179} INFO - Processing /home/airflow/.local/lib/python3.8/site-packages/airflow/example_dags/example_sensors.py took 0.073 seconds
[2023-10-11T03:41:01.642+0000] {processor.py:157} INFO - Started process (PID=253) to work on /home/airflow/.local/lib/python3.8/site-packages/airflow/example_dags/example_sensors.py
[2023-10-11T03:41:01.643+0000] {processor.py:829} INFO - Processing file /home/airflow/.local/lib/python3.8/site-packages/airflow/example_dags/example_sensors.py for tasks to queue
[2023-10-11T03:41:01.646+0000] {logging_mixin.py:151} INFO - [2023-10-11T03:41:01.646+0000] {dagbag.py:539} INFO - Filling up the DagBag from /home/airflow/.local/lib/python3.8/site-packages/airflow/example_dags/example_sensors.py
[2023-10-11T03:41:01.655+0000] {processor.py:839} INFO - DAG(s) dict_keys(['example_sensors']) retrieved from /home/airflow/.local/lib/python3.8/site-packages/airflow/example_dags/example_sensors.py
[2023-10-11T03:41:01.678+0000] {logging_mixin.py:151} INFO - [2023-10-11T03:41:01.678+0000] {dag.py:2915} INFO - Sync 1 DAGs
[2023-10-11T03:41:01.691+0000] {logging_mixin.py:151} INFO - [2023-10-11T03:41:01.691+0000] {dag.py:3696} INFO - Setting next_dagrun for example_sensors to None, run_after=None
[2023-10-11T03:41:01.708+0000] {processor.py:179} INFO - Processing /home/airflow/.local/lib/python3.8/site-packages/airflow/example_dags/example_sensors.py took 0.069 seconds
[2023-10-11T03:41:32.554+0000] {processor.py:157} INFO - Started process (PID=310) to work on /home/airflow/.local/lib/python3.8/site-packages/airflow/example_dags/example_sensors.py
[2023-10-11T03:41:32.557+0000] {processor.py:829} INFO - Processing file /home/airflow/.local/lib/python3.8/site-packages/airflow/example_dags/example_sensors.py for tasks to queue
[2023-10-11T03:41:32.563+0000] {logging_mixin.py:151} INFO - [2023-10-11T03:41:32.562+0000] {dagbag.py:539} INFO - Filling up the DagBag from /home/airflow/.local/lib/python3.8/site-packages/airflow/example_dags/example_sensors.py
[2023-10-11T03:41:32.586+0000] {processor.py:839} INFO - DAG(s) dict_keys(['example_sensors']) retrieved from /home/airflow/.local/lib/python3.8/site-packages/airflow/example_dags/example_sensors.py
[2023-10-11T03:41:32.635+0000] {logging_mixin.py:151} INFO - [2023-10-11T03:41:32.634+0000] {dag.py:2915} INFO - Sync 1 DAGs
[2023-10-11T03:41:32.658+0000] {logging_mixin.py:151} INFO - [2023-10-11T03:41:32.658+0000] {dag.py:3696} INFO - Setting next_dagrun for example_sensors to None, run_after=None
[2023-10-11T03:41:32.709+0000] {processor.py:179} INFO - Processing /home/airflow/.local/lib/python3.8/site-packages/airflow/example_dags/example_sensors.py took 0.158 seconds
[2023-10-11T03:42:03.279+0000] {processor.py:157} INFO - Started process (PID=367) to work on /home/airflow/.local/lib/python3.8/site-packages/airflow/example_dags/example_sensors.py
[2023-10-11T03:42:03.282+0000] {processor.py:829} INFO - Processing file /home/airflow/.local/lib/python3.8/site-packages/airflow/example_dags/example_sensors.py for tasks to queue
[2023-10-11T03:42:03.286+0000] {logging_mixin.py:151} INFO - [2023-10-11T03:42:03.285+0000] {dagbag.py:539} INFO - Filling up the DagBag from /home/airflow/.local/lib/python3.8/site-packages/airflow/example_dags/example_sensors.py
[2023-10-11T03:42:03.304+0000] {processor.py:839} INFO - DAG(s) dict_keys(['example_sensors']) retrieved from /home/airflow/.local/lib/python3.8/site-packages/airflow/example_dags/example_sensors.py
[2023-10-11T03:42:03.353+0000] {logging_mixin.py:151} INFO - [2023-10-11T03:42:03.353+0000] {dag.py:2915} INFO - Sync 1 DAGs
[2023-10-11T03:42:03.376+0000] {logging_mixin.py:151} INFO - [2023-10-11T03:42:03.375+0000] {dag.py:3696} INFO - Setting next_dagrun for example_sensors to None, run_after=None
[2023-10-11T03:42:03.412+0000] {processor.py:179} INFO - Processing /home/airflow/.local/lib/python3.8/site-packages/airflow/example_dags/example_sensors.py took 0.139 seconds
[2023-10-11T03:42:33.760+0000] {processor.py:157} INFO - Started process (PID=424) to work on /home/airflow/.local/lib/python3.8/site-packages/airflow/example_dags/example_sensors.py
[2023-10-11T03:42:33.762+0000] {processor.py:829} INFO - Processing file /home/airflow/.local/lib/python3.8/site-packages/airflow/example_dags/example_sensors.py for tasks to queue
[2023-10-11T03:42:33.764+0000] {logging_mixin.py:151} INFO - [2023-10-11T03:42:33.764+0000] {dagbag.py:539} INFO - Filling up the DagBag from /home/airflow/.local/lib/python3.8/site-packages/airflow/example_dags/example_sensors.py
[2023-10-11T03:42:33.772+0000] {processor.py:839} INFO - DAG(s) dict_keys(['example_sensors']) retrieved from /home/airflow/.local/lib/python3.8/site-packages/airflow/example_dags/example_sensors.py
[2023-10-11T03:42:33.798+0000] {logging_mixin.py:151} INFO - [2023-10-11T03:42:33.798+0000] {dag.py:2915} INFO - Sync 1 DAGs
[2023-10-11T03:42:33.809+0000] {logging_mixin.py:151} INFO - [2023-10-11T03:42:33.809+0000] {dag.py:3696} INFO - Setting next_dagrun for example_sensors to None, run_after=None
[2023-10-11T03:42:33.830+0000] {processor.py:179} INFO - Processing /home/airflow/.local/lib/python3.8/site-packages/airflow/example_dags/example_sensors.py took 0.073 seconds
[2023-10-11T03:43:04.194+0000] {processor.py:157} INFO - Started process (PID=480) to work on /home/airflow/.local/lib/python3.8/site-packages/airflow/example_dags/example_sensors.py
[2023-10-11T03:43:04.196+0000] {processor.py:829} INFO - Processing file /home/airflow/.local/lib/python3.8/site-packages/airflow/example_dags/example_sensors.py for tasks to queue
[2023-10-11T03:43:04.199+0000] {logging_mixin.py:151} INFO - [2023-10-11T03:43:04.199+0000] {dagbag.py:539} INFO - Filling up the DagBag from /home/airflow/.local/lib/python3.8/site-packages/airflow/example_dags/example_sensors.py
[2023-10-11T03:43:04.209+0000] {processor.py:839} INFO - DAG(s) dict_keys(['example_sensors']) retrieved from /home/airflow/.local/lib/python3.8/site-packages/airflow/example_dags/example_sensors.py
[2023-10-11T03:43:04.240+0000] {logging_mixin.py:151} INFO - [2023-10-11T03:43:04.240+0000] {dag.py:2915} INFO - Sync 1 DAGs
[2023-10-11T03:43:04.254+0000] {logging_mixin.py:151} INFO - [2023-10-11T03:43:04.254+0000] {dag.py:3696} INFO - Setting next_dagrun for example_sensors to None, run_after=None
[2023-10-11T03:43:04.276+0000] {processor.py:179} INFO - Processing /home/airflow/.local/lib/python3.8/site-packages/airflow/example_dags/example_sensors.py took 0.085 seconds
[2023-10-11T03:43:35.010+0000] {processor.py:157} INFO - Started process (PID=537) to work on /home/airflow/.local/lib/python3.8/site-packages/airflow/example_dags/example_sensors.py
[2023-10-11T03:43:35.012+0000] {processor.py:829} INFO - Processing file /home/airflow/.local/lib/python3.8/site-packages/airflow/example_dags/example_sensors.py for tasks to queue
[2023-10-11T03:43:35.014+0000] {logging_mixin.py:151} INFO - [2023-10-11T03:43:35.014+0000] {dagbag.py:539} INFO - Filling up the DagBag from /home/airflow/.local/lib/python3.8/site-packages/airflow/example_dags/example_sensors.py
[2023-10-11T03:43:35.023+0000] {processor.py:839} INFO - DAG(s) dict_keys(['example_sensors']) retrieved from /home/airflow/.local/lib/python3.8/site-packages/airflow/example_dags/example_sensors.py
[2023-10-11T03:43:35.053+0000] {logging_mixin.py:151} INFO - [2023-10-11T03:43:35.053+0000] {dag.py:2915} INFO - Sync 1 DAGs
[2023-10-11T03:43:35.067+0000] {logging_mixin.py:151} INFO - [2023-10-11T03:43:35.067+0000] {dag.py:3696} INFO - Setting next_dagrun for example_sensors to None, run_after=None
[2023-10-11T03:43:35.094+0000] {processor.py:179} INFO - Processing /home/airflow/.local/lib/python3.8/site-packages/airflow/example_dags/example_sensors.py took 0.087 seconds
[2023-10-11T03:44:05.900+0000] {processor.py:157} INFO - Started process (PID=594) to work on /home/airflow/.local/lib/python3.8/site-packages/airflow/example_dags/example_sensors.py
[2023-10-11T03:44:05.902+0000] {processor.py:829} INFO - Processing file /home/airflow/.local/lib/python3.8/site-packages/airflow/example_dags/example_sensors.py for tasks to queue
[2023-10-11T03:44:05.907+0000] {logging_mixin.py:151} INFO - [2023-10-11T03:44:05.906+0000] {dagbag.py:539} INFO - Filling up the DagBag from /home/airflow/.local/lib/python3.8/site-packages/airflow/example_dags/example_sensors.py
[2023-10-11T03:44:05.919+0000] {processor.py:839} INFO - DAG(s) dict_keys(['example_sensors']) retrieved from /home/airflow/.local/lib/python3.8/site-packages/airflow/example_dags/example_sensors.py
[2023-10-11T03:44:05.961+0000] {logging_mixin.py:151} INFO - [2023-10-11T03:44:05.960+0000] {dag.py:2915} INFO - Sync 1 DAGs
[2023-10-11T03:44:05.982+0000] {logging_mixin.py:151} INFO - [2023-10-11T03:44:05.981+0000] {dag.py:3696} INFO - Setting next_dagrun for example_sensors to None, run_after=None
[2023-10-11T03:44:06.018+0000] {processor.py:179} INFO - Processing /home/airflow/.local/lib/python3.8/site-packages/airflow/example_dags/example_sensors.py took 0.123 seconds
[2023-10-11T03:44:36.088+0000] {processor.py:157} INFO - Started process (PID=651) to work on /home/airflow/.local/lib/python3.8/site-packages/airflow/example_dags/example_sensors.py
[2023-10-11T03:44:36.089+0000] {processor.py:829} INFO - Processing file /home/airflow/.local/lib/python3.8/site-packages/airflow/example_dags/example_sensors.py for tasks to queue
[2023-10-11T03:44:36.092+0000] {logging_mixin.py:151} INFO - [2023-10-11T03:44:36.092+0000] {dagbag.py:539} INFO - Filling up the DagBag from /home/airflow/.local/lib/python3.8/site-packages/airflow/example_dags/example_sensors.py
[2023-10-11T03:44:36.101+0000] {processor.py:839} INFO - DAG(s) dict_keys(['example_sensors']) retrieved from /home/airflow/.local/lib/python3.8/site-packages/airflow/example_dags/example_sensors.py
[2023-10-11T03:44:36.128+0000] {logging_mixin.py:151} INFO - [2023-10-11T03:44:36.128+0000] {dag.py:2915} INFO - Sync 1 DAGs
[2023-10-11T03:44:36.139+0000] {logging_mixin.py:151} INFO - [2023-10-11T03:44:36.139+0000] {dag.py:3696} INFO - Setting next_dagrun for example_sensors to None, run_after=None
[2023-10-11T03:44:36.160+0000] {processor.py:179} INFO - Processing /home/airflow/.local/lib/python3.8/site-packages/airflow/example_dags/example_sensors.py took 0.076 seconds
[2023-10-11T03:45:06.927+0000] {processor.py:157} INFO - Started process (PID=715) to work on /home/airflow/.local/lib/python3.8/site-packages/airflow/example_dags/example_sensors.py
[2023-10-11T03:45:06.929+0000] {processor.py:829} INFO - Processing file /home/airflow/.local/lib/python3.8/site-packages/airflow/example_dags/example_sensors.py for tasks to queue
[2023-10-11T03:45:06.932+0000] {logging_mixin.py:151} INFO - [2023-10-11T03:45:06.931+0000] {dagbag.py:539} INFO - Filling up the DagBag from /home/airflow/.local/lib/python3.8/site-packages/airflow/example_dags/example_sensors.py
[2023-10-11T03:45:06.944+0000] {processor.py:839} INFO - DAG(s) dict_keys(['example_sensors']) retrieved from /home/airflow/.local/lib/python3.8/site-packages/airflow/example_dags/example_sensors.py
[2023-10-11T03:45:06.978+0000] {logging_mixin.py:151} INFO - [2023-10-11T03:45:06.978+0000] {dag.py:2915} INFO - Sync 1 DAGs
[2023-10-11T03:45:06.996+0000] {logging_mixin.py:151} INFO - [2023-10-11T03:45:06.996+0000] {dag.py:3696} INFO - Setting next_dagrun for example_sensors to None, run_after=None
[2023-10-11T03:45:07.029+0000] {processor.py:179} INFO - Processing /home/airflow/.local/lib/python3.8/site-packages/airflow/example_dags/example_sensors.py took 0.105 seconds
[2023-10-11T03:45:37.409+0000] {processor.py:157} INFO - Started process (PID=772) to work on /home/airflow/.local/lib/python3.8/site-packages/airflow/example_dags/example_sensors.py
[2023-10-11T03:45:37.410+0000] {processor.py:829} INFO - Processing file /home/airflow/.local/lib/python3.8/site-packages/airflow/example_dags/example_sensors.py for tasks to queue
[2023-10-11T03:45:37.414+0000] {logging_mixin.py:151} INFO - [2023-10-11T03:45:37.413+0000] {dagbag.py:539} INFO - Filling up the DagBag from /home/airflow/.local/lib/python3.8/site-packages/airflow/example_dags/example_sensors.py
[2023-10-11T03:45:37.422+0000] {processor.py:839} INFO - DAG(s) dict_keys(['example_sensors']) retrieved from /home/airflow/.local/lib/python3.8/site-packages/airflow/example_dags/example_sensors.py
[2023-10-11T03:45:37.452+0000] {logging_mixin.py:151} INFO - [2023-10-11T03:45:37.452+0000] {dag.py:2915} INFO - Sync 1 DAGs
[2023-10-11T03:45:37.466+0000] {logging_mixin.py:151} INFO - [2023-10-11T03:45:37.466+0000] {dag.py:3696} INFO - Setting next_dagrun for example_sensors to None, run_after=None
[2023-10-11T03:45:37.491+0000] {processor.py:179} INFO - Processing /home/airflow/.local/lib/python3.8/site-packages/airflow/example_dags/example_sensors.py took 0.087 seconds
[2023-10-11T03:46:07.720+0000] {processor.py:157} INFO - Started process (PID=829) to work on /home/airflow/.local/lib/python3.8/site-packages/airflow/example_dags/example_sensors.py
[2023-10-11T03:46:07.721+0000] {processor.py:829} INFO - Processing file /home/airflow/.local/lib/python3.8/site-packages/airflow/example_dags/example_sensors.py for tasks to queue
[2023-10-11T03:46:07.725+0000] {logging_mixin.py:151} INFO - [2023-10-11T03:46:07.725+0000] {dagbag.py:539} INFO - Filling up the DagBag from /home/airflow/.local/lib/python3.8/site-packages/airflow/example_dags/example_sensors.py
[2023-10-11T03:46:07.733+0000] {processor.py:839} INFO - DAG(s) dict_keys(['example_sensors']) retrieved from /home/airflow/.local/lib/python3.8/site-packages/airflow/example_dags/example_sensors.py
[2023-10-11T03:46:07.757+0000] {logging_mixin.py:151} INFO - [2023-10-11T03:46:07.757+0000] {dag.py:2915} INFO - Sync 1 DAGs
[2023-10-11T03:46:07.768+0000] {logging_mixin.py:151} INFO - [2023-10-11T03:46:07.768+0000] {dag.py:3696} INFO - Setting next_dagrun for example_sensors to None, run_after=None
[2023-10-11T03:46:07.792+0000] {processor.py:179} INFO - Processing /home/airflow/.local/lib/python3.8/site-packages/airflow/example_dags/example_sensors.py took 0.075 seconds
[2023-10-11T03:46:38.816+0000] {processor.py:157} INFO - Started process (PID=886) to work on /home/airflow/.local/lib/python3.8/site-packages/airflow/example_dags/example_sensors.py
[2023-10-11T03:46:38.817+0000] {processor.py:829} INFO - Processing file /home/airflow/.local/lib/python3.8/site-packages/airflow/example_dags/example_sensors.py for tasks to queue
[2023-10-11T03:46:38.821+0000] {logging_mixin.py:151} INFO - [2023-10-11T03:46:38.821+0000] {dagbag.py:539} INFO - Filling up the DagBag from /home/airflow/.local/lib/python3.8/site-packages/airflow/example_dags/example_sensors.py
[2023-10-11T03:46:38.832+0000] {processor.py:839} INFO - DAG(s) dict_keys(['example_sensors']) retrieved from /home/airflow/.local/lib/python3.8/site-packages/airflow/example_dags/example_sensors.py
[2023-10-11T03:46:38.857+0000] {logging_mixin.py:151} INFO - [2023-10-11T03:46:38.857+0000] {dag.py:2915} INFO - Sync 1 DAGs
[2023-10-11T03:46:38.867+0000] {logging_mixin.py:151} INFO - [2023-10-11T03:46:38.867+0000] {dag.py:3696} INFO - Setting next_dagrun for example_sensors to None, run_after=None
[2023-10-11T03:46:38.890+0000] {processor.py:179} INFO - Processing /home/airflow/.local/lib/python3.8/site-packages/airflow/example_dags/example_sensors.py took 0.078 seconds
[2023-10-11T03:47:09.176+0000] {processor.py:157} INFO - Started process (PID=943) to work on /home/airflow/.local/lib/python3.8/site-packages/airflow/example_dags/example_sensors.py
[2023-10-11T03:47:09.177+0000] {processor.py:829} INFO - Processing file /home/airflow/.local/lib/python3.8/site-packages/airflow/example_dags/example_sensors.py for tasks to queue
[2023-10-11T03:47:09.180+0000] {logging_mixin.py:151} INFO - [2023-10-11T03:47:09.180+0000] {dagbag.py:539} INFO - Filling up the DagBag from /home/airflow/.local/lib/python3.8/site-packages/airflow/example_dags/example_sensors.py
[2023-10-11T03:47:09.189+0000] {processor.py:839} INFO - DAG(s) dict_keys(['example_sensors']) retrieved from /home/airflow/.local/lib/python3.8/site-packages/airflow/example_dags/example_sensors.py
[2023-10-11T03:47:09.214+0000] {logging_mixin.py:151} INFO - [2023-10-11T03:47:09.214+0000] {dag.py:2915} INFO - Sync 1 DAGs
[2023-10-11T03:47:09.226+0000] {logging_mixin.py:151} INFO - [2023-10-11T03:47:09.226+0000] {dag.py:3696} INFO - Setting next_dagrun for example_sensors to None, run_after=None
[2023-10-11T03:47:09.248+0000] {processor.py:179} INFO - Processing /home/airflow/.local/lib/python3.8/site-packages/airflow/example_dags/example_sensors.py took 0.075 seconds
[2023-10-11T03:47:39.392+0000] {processor.py:157} INFO - Started process (PID=1000) to work on /home/airflow/.local/lib/python3.8/site-packages/airflow/example_dags/example_sensors.py
[2023-10-11T03:47:39.394+0000] {processor.py:829} INFO - Processing file /home/airflow/.local/lib/python3.8/site-packages/airflow/example_dags/example_sensors.py for tasks to queue
[2023-10-11T03:47:39.397+0000] {logging_mixin.py:151} INFO - [2023-10-11T03:47:39.396+0000] {dagbag.py:539} INFO - Filling up the DagBag from /home/airflow/.local/lib/python3.8/site-packages/airflow/example_dags/example_sensors.py
[2023-10-11T03:47:39.405+0000] {processor.py:839} INFO - DAG(s) dict_keys(['example_sensors']) retrieved from /home/airflow/.local/lib/python3.8/site-packages/airflow/example_dags/example_sensors.py
[2023-10-11T03:47:39.430+0000] {logging_mixin.py:151} INFO - [2023-10-11T03:47:39.430+0000] {dag.py:2915} INFO - Sync 1 DAGs
[2023-10-11T03:47:39.442+0000] {logging_mixin.py:151} INFO - [2023-10-11T03:47:39.442+0000] {dag.py:3696} INFO - Setting next_dagrun for example_sensors to None, run_after=None
[2023-10-11T03:47:39.465+0000] {processor.py:179} INFO - Processing /home/airflow/.local/lib/python3.8/site-packages/airflow/example_dags/example_sensors.py took 0.077 seconds
[2023-10-11T03:48:09.853+0000] {processor.py:157} INFO - Started process (PID=1057) to work on /home/airflow/.local/lib/python3.8/site-packages/airflow/example_dags/example_sensors.py
[2023-10-11T03:48:09.855+0000] {processor.py:829} INFO - Processing file /home/airflow/.local/lib/python3.8/site-packages/airflow/example_dags/example_sensors.py for tasks to queue
[2023-10-11T03:48:09.861+0000] {logging_mixin.py:151} INFO - [2023-10-11T03:48:09.861+0000] {dagbag.py:539} INFO - Filling up the DagBag from /home/airflow/.local/lib/python3.8/site-packages/airflow/example_dags/example_sensors.py
[2023-10-11T03:48:09.872+0000] {processor.py:839} INFO - DAG(s) dict_keys(['example_sensors']) retrieved from /home/airflow/.local/lib/python3.8/site-packages/airflow/example_dags/example_sensors.py
[2023-10-11T03:48:09.903+0000] {logging_mixin.py:151} INFO - [2023-10-11T03:48:09.903+0000] {dag.py:2915} INFO - Sync 1 DAGs
[2023-10-11T03:48:09.914+0000] {logging_mixin.py:151} INFO - [2023-10-11T03:48:09.914+0000] {dag.py:3696} INFO - Setting next_dagrun for example_sensors to None, run_after=None
[2023-10-11T03:48:09.942+0000] {processor.py:179} INFO - Processing /home/airflow/.local/lib/python3.8/site-packages/airflow/example_dags/example_sensors.py took 0.093 seconds
[2023-10-11T03:48:40.253+0000] {processor.py:157} INFO - Started process (PID=1114) to work on /home/airflow/.local/lib/python3.8/site-packages/airflow/example_dags/example_sensors.py
[2023-10-11T03:48:40.254+0000] {processor.py:829} INFO - Processing file /home/airflow/.local/lib/python3.8/site-packages/airflow/example_dags/example_sensors.py for tasks to queue
[2023-10-11T03:48:40.257+0000] {logging_mixin.py:151} INFO - [2023-10-11T03:48:40.257+0000] {dagbag.py:539} INFO - Filling up the DagBag from /home/airflow/.local/lib/python3.8/site-packages/airflow/example_dags/example_sensors.py
[2023-10-11T03:48:40.266+0000] {processor.py:839} INFO - DAG(s) dict_keys(['example_sensors']) retrieved from /home/airflow/.local/lib/python3.8/site-packages/airflow/example_dags/example_sensors.py
[2023-10-11T03:48:40.294+0000] {logging_mixin.py:151} INFO - [2023-10-11T03:48:40.293+0000] {dag.py:2915} INFO - Sync 1 DAGs
[2023-10-11T03:48:40.309+0000] {logging_mixin.py:151} INFO - [2023-10-11T03:48:40.308+0000] {dag.py:3696} INFO - Setting next_dagrun for example_sensors to None, run_after=None
[2023-10-11T03:48:40.338+0000] {processor.py:179} INFO - Processing /home/airflow/.local/lib/python3.8/site-packages/airflow/example_dags/example_sensors.py took 0.087 seconds
[2023-10-11T03:49:10.884+0000] {processor.py:157} INFO - Started process (PID=1171) to work on /home/airflow/.local/lib/python3.8/site-packages/airflow/example_dags/example_sensors.py
[2023-10-11T03:49:10.885+0000] {processor.py:829} INFO - Processing file /home/airflow/.local/lib/python3.8/site-packages/airflow/example_dags/example_sensors.py for tasks to queue
[2023-10-11T03:49:10.889+0000] {logging_mixin.py:151} INFO - [2023-10-11T03:49:10.889+0000] {dagbag.py:539} INFO - Filling up the DagBag from /home/airflow/.local/lib/python3.8/site-packages/airflow/example_dags/example_sensors.py
[2023-10-11T03:49:10.898+0000] {processor.py:839} INFO - DAG(s) dict_keys(['example_sensors']) retrieved from /home/airflow/.local/lib/python3.8/site-packages/airflow/example_dags/example_sensors.py
[2023-10-11T03:49:10.929+0000] {logging_mixin.py:151} INFO - [2023-10-11T03:49:10.928+0000] {dag.py:2915} INFO - Sync 1 DAGs
[2023-10-11T03:49:10.940+0000] {logging_mixin.py:151} INFO - [2023-10-11T03:49:10.940+0000] {dag.py:3696} INFO - Setting next_dagrun for example_sensors to None, run_after=None
[2023-10-11T03:49:10.967+0000] {processor.py:179} INFO - Processing /home/airflow/.local/lib/python3.8/site-packages/airflow/example_dags/example_sensors.py took 0.087 seconds
[2023-10-11T03:49:41.443+0000] {processor.py:157} INFO - Started process (PID=1228) to work on /home/airflow/.local/lib/python3.8/site-packages/airflow/example_dags/example_sensors.py
[2023-10-11T03:49:41.445+0000] {processor.py:829} INFO - Processing file /home/airflow/.local/lib/python3.8/site-packages/airflow/example_dags/example_sensors.py for tasks to queue
[2023-10-11T03:49:41.448+0000] {logging_mixin.py:151} INFO - [2023-10-11T03:49:41.448+0000] {dagbag.py:539} INFO - Filling up the DagBag from /home/airflow/.local/lib/python3.8/site-packages/airflow/example_dags/example_sensors.py
[2023-10-11T03:49:41.458+0000] {processor.py:839} INFO - DAG(s) dict_keys(['example_sensors']) retrieved from /home/airflow/.local/lib/python3.8/site-packages/airflow/example_dags/example_sensors.py
[2023-10-11T03:49:41.490+0000] {logging_mixin.py:151} INFO - [2023-10-11T03:49:41.490+0000] {dag.py:2915} INFO - Sync 1 DAGs
[2023-10-11T03:49:41.503+0000] {logging_mixin.py:151} INFO - [2023-10-11T03:49:41.503+0000] {dag.py:3696} INFO - Setting next_dagrun for example_sensors to None, run_after=None
[2023-10-11T03:49:41.528+0000] {processor.py:179} INFO - Processing /home/airflow/.local/lib/python3.8/site-packages/airflow/example_dags/example_sensors.py took 0.088 seconds
[2023-10-11T03:50:11.823+0000] {processor.py:157} INFO - Started process (PID=1285) to work on /home/airflow/.local/lib/python3.8/site-packages/airflow/example_dags/example_sensors.py
[2023-10-11T03:50:11.824+0000] {processor.py:829} INFO - Processing file /home/airflow/.local/lib/python3.8/site-packages/airflow/example_dags/example_sensors.py for tasks to queue
[2023-10-11T03:50:11.828+0000] {logging_mixin.py:151} INFO - [2023-10-11T03:50:11.827+0000] {dagbag.py:539} INFO - Filling up the DagBag from /home/airflow/.local/lib/python3.8/site-packages/airflow/example_dags/example_sensors.py
[2023-10-11T03:50:11.835+0000] {processor.py:839} INFO - DAG(s) dict_keys(['example_sensors']) retrieved from /home/airflow/.local/lib/python3.8/site-packages/airflow/example_dags/example_sensors.py
[2023-10-11T03:50:11.863+0000] {logging_mixin.py:151} INFO - [2023-10-11T03:50:11.862+0000] {dag.py:2915} INFO - Sync 1 DAGs
[2023-10-11T03:50:11.872+0000] {logging_mixin.py:151} INFO - [2023-10-11T03:50:11.872+0000] {dag.py:3696} INFO - Setting next_dagrun for example_sensors to None, run_after=None
[2023-10-11T03:50:11.897+0000] {processor.py:179} INFO - Processing /home/airflow/.local/lib/python3.8/site-packages/airflow/example_dags/example_sensors.py took 0.077 seconds
[2023-10-11T03:50:42.240+0000] {processor.py:157} INFO - Started process (PID=1342) to work on /home/airflow/.local/lib/python3.8/site-packages/airflow/example_dags/example_sensors.py
[2023-10-11T03:50:42.241+0000] {processor.py:829} INFO - Processing file /home/airflow/.local/lib/python3.8/site-packages/airflow/example_dags/example_sensors.py for tasks to queue
[2023-10-11T03:50:42.244+0000] {logging_mixin.py:151} INFO - [2023-10-11T03:50:42.244+0000] {dagbag.py:539} INFO - Filling up the DagBag from /home/airflow/.local/lib/python3.8/site-packages/airflow/example_dags/example_sensors.py
[2023-10-11T03:50:42.251+0000] {processor.py:839} INFO - DAG(s) dict_keys(['example_sensors']) retrieved from /home/airflow/.local/lib/python3.8/site-packages/airflow/example_dags/example_sensors.py
[2023-10-11T03:50:42.281+0000] {logging_mixin.py:151} INFO - [2023-10-11T03:50:42.281+0000] {dag.py:2915} INFO - Sync 1 DAGs
[2023-10-11T03:50:42.294+0000] {logging_mixin.py:151} INFO - [2023-10-11T03:50:42.294+0000] {dag.py:3696} INFO - Setting next_dagrun for example_sensors to None, run_after=None
[2023-10-11T03:50:42.316+0000] {processor.py:179} INFO - Processing /home/airflow/.local/lib/python3.8/site-packages/airflow/example_dags/example_sensors.py took 0.080 seconds
[2023-10-11T03:51:12.926+0000] {processor.py:157} INFO - Started process (PID=1399) to work on /home/airflow/.local/lib/python3.8/site-packages/airflow/example_dags/example_sensors.py
[2023-10-11T03:51:12.927+0000] {processor.py:829} INFO - Processing file /home/airflow/.local/lib/python3.8/site-packages/airflow/example_dags/example_sensors.py for tasks to queue
[2023-10-11T03:51:12.929+0000] {logging_mixin.py:151} INFO - [2023-10-11T03:51:12.929+0000] {dagbag.py:539} INFO - Filling up the DagBag from /home/airflow/.local/lib/python3.8/site-packages/airflow/example_dags/example_sensors.py
[2023-10-11T03:51:12.940+0000] {processor.py:839} INFO - DAG(s) dict_keys(['example_sensors']) retrieved from /home/airflow/.local/lib/python3.8/site-packages/airflow/example_dags/example_sensors.py
[2023-10-11T03:51:12.963+0000] {logging_mixin.py:151} INFO - [2023-10-11T03:51:12.963+0000] {dag.py:2915} INFO - Sync 1 DAGs
[2023-10-11T03:51:12.978+0000] {logging_mixin.py:151} INFO - [2023-10-11T03:51:12.978+0000] {dag.py:3696} INFO - Setting next_dagrun for example_sensors to None, run_after=None
[2023-10-11T03:51:13.004+0000] {processor.py:179} INFO - Processing /home/airflow/.local/lib/python3.8/site-packages/airflow/example_dags/example_sensors.py took 0.081 seconds
[2023-10-11T03:51:43.223+0000] {processor.py:157} INFO - Started process (PID=1456) to work on /home/airflow/.local/lib/python3.8/site-packages/airflow/example_dags/example_sensors.py
[2023-10-11T03:51:43.224+0000] {processor.py:829} INFO - Processing file /home/airflow/.local/lib/python3.8/site-packages/airflow/example_dags/example_sensors.py for tasks to queue
[2023-10-11T03:51:43.226+0000] {logging_mixin.py:151} INFO - [2023-10-11T03:51:43.226+0000] {dagbag.py:539} INFO - Filling up the DagBag from /home/airflow/.local/lib/python3.8/site-packages/airflow/example_dags/example_sensors.py
[2023-10-11T03:51:43.235+0000] {processor.py:839} INFO - DAG(s) dict_keys(['example_sensors']) retrieved from /home/airflow/.local/lib/python3.8/site-packages/airflow/example_dags/example_sensors.py
[2023-10-11T03:51:43.262+0000] {logging_mixin.py:151} INFO - [2023-10-11T03:51:43.262+0000] {dag.py:2915} INFO - Sync 1 DAGs
[2023-10-11T03:51:43.274+0000] {logging_mixin.py:151} INFO - [2023-10-11T03:51:43.274+0000] {dag.py:3696} INFO - Setting next_dagrun for example_sensors to None, run_after=None
[2023-10-11T03:51:43.296+0000] {processor.py:179} INFO - Processing /home/airflow/.local/lib/python3.8/site-packages/airflow/example_dags/example_sensors.py took 0.077 seconds
[2023-10-11T03:52:13.667+0000] {processor.py:157} INFO - Started process (PID=1513) to work on /home/airflow/.local/lib/python3.8/site-packages/airflow/example_dags/example_sensors.py
[2023-10-11T03:52:13.668+0000] {processor.py:829} INFO - Processing file /home/airflow/.local/lib/python3.8/site-packages/airflow/example_dags/example_sensors.py for tasks to queue
[2023-10-11T03:52:13.670+0000] {logging_mixin.py:151} INFO - [2023-10-11T03:52:13.670+0000] {dagbag.py:539} INFO - Filling up the DagBag from /home/airflow/.local/lib/python3.8/site-packages/airflow/example_dags/example_sensors.py
[2023-10-11T03:52:13.679+0000] {processor.py:839} INFO - DAG(s) dict_keys(['example_sensors']) retrieved from /home/airflow/.local/lib/python3.8/site-packages/airflow/example_dags/example_sensors.py
[2023-10-11T03:52:13.704+0000] {logging_mixin.py:151} INFO - [2023-10-11T03:52:13.704+0000] {dag.py:2915} INFO - Sync 1 DAGs
[2023-10-11T03:52:13.716+0000] {logging_mixin.py:151} INFO - [2023-10-11T03:52:13.716+0000] {dag.py:3696} INFO - Setting next_dagrun for example_sensors to None, run_after=None
[2023-10-11T03:52:13.737+0000] {processor.py:179} INFO - Processing /home/airflow/.local/lib/python3.8/site-packages/airflow/example_dags/example_sensors.py took 0.073 seconds
[2023-10-11T03:52:44.013+0000] {processor.py:157} INFO - Started process (PID=1570) to work on /home/airflow/.local/lib/python3.8/site-packages/airflow/example_dags/example_sensors.py
[2023-10-11T03:52:44.015+0000] {processor.py:829} INFO - Processing file /home/airflow/.local/lib/python3.8/site-packages/airflow/example_dags/example_sensors.py for tasks to queue
[2023-10-11T03:52:44.018+0000] {logging_mixin.py:151} INFO - [2023-10-11T03:52:44.017+0000] {dagbag.py:539} INFO - Filling up the DagBag from /home/airflow/.local/lib/python3.8/site-packages/airflow/example_dags/example_sensors.py
[2023-10-11T03:52:44.028+0000] {processor.py:839} INFO - DAG(s) dict_keys(['example_sensors']) retrieved from /home/airflow/.local/lib/python3.8/site-packages/airflow/example_dags/example_sensors.py
[2023-10-11T03:52:44.051+0000] {logging_mixin.py:151} INFO - [2023-10-11T03:52:44.050+0000] {dag.py:2915} INFO - Sync 1 DAGs
[2023-10-11T03:52:44.061+0000] {logging_mixin.py:151} INFO - [2023-10-11T03:52:44.060+0000] {dag.py:3696} INFO - Setting next_dagrun for example_sensors to None, run_after=None
[2023-10-11T03:52:44.080+0000] {processor.py:179} INFO - Processing /home/airflow/.local/lib/python3.8/site-packages/airflow/example_dags/example_sensors.py took 0.071 seconds
[2023-10-11T03:53:14.143+0000] {processor.py:157} INFO - Started process (PID=1627) to work on /home/airflow/.local/lib/python3.8/site-packages/airflow/example_dags/example_sensors.py
[2023-10-11T03:53:14.144+0000] {processor.py:829} INFO - Processing file /home/airflow/.local/lib/python3.8/site-packages/airflow/example_dags/example_sensors.py for tasks to queue
[2023-10-11T03:53:14.146+0000] {logging_mixin.py:151} INFO - [2023-10-11T03:53:14.145+0000] {dagbag.py:539} INFO - Filling up the DagBag from /home/airflow/.local/lib/python3.8/site-packages/airflow/example_dags/example_sensors.py
[2023-10-11T03:53:14.155+0000] {processor.py:839} INFO - DAG(s) dict_keys(['example_sensors']) retrieved from /home/airflow/.local/lib/python3.8/site-packages/airflow/example_dags/example_sensors.py
[2023-10-11T03:53:14.180+0000] {logging_mixin.py:151} INFO - [2023-10-11T03:53:14.180+0000] {dag.py:2915} INFO - Sync 1 DAGs
[2023-10-11T03:53:14.193+0000] {logging_mixin.py:151} INFO - [2023-10-11T03:53:14.193+0000] {dag.py:3696} INFO - Setting next_dagrun for example_sensors to None, run_after=None
[2023-10-11T03:53:14.217+0000] {processor.py:179} INFO - Processing /home/airflow/.local/lib/python3.8/site-packages/airflow/example_dags/example_sensors.py took 0.077 seconds
[2023-10-11T03:53:44.569+0000] {processor.py:157} INFO - Started process (PID=1684) to work on /home/airflow/.local/lib/python3.8/site-packages/airflow/example_dags/example_sensors.py
[2023-10-11T03:53:44.570+0000] {processor.py:829} INFO - Processing file /home/airflow/.local/lib/python3.8/site-packages/airflow/example_dags/example_sensors.py for tasks to queue
[2023-10-11T03:53:44.573+0000] {logging_mixin.py:151} INFO - [2023-10-11T03:53:44.572+0000] {dagbag.py:539} INFO - Filling up the DagBag from /home/airflow/.local/lib/python3.8/site-packages/airflow/example_dags/example_sensors.py
[2023-10-11T03:53:44.582+0000] {processor.py:839} INFO - DAG(s) dict_keys(['example_sensors']) retrieved from /home/airflow/.local/lib/python3.8/site-packages/airflow/example_dags/example_sensors.py
[2023-10-11T03:53:44.608+0000] {logging_mixin.py:151} INFO - [2023-10-11T03:53:44.608+0000] {dag.py:2915} INFO - Sync 1 DAGs
[2023-10-11T03:53:44.620+0000] {logging_mixin.py:151} INFO - [2023-10-11T03:53:44.620+0000] {dag.py:3696} INFO - Setting next_dagrun for example_sensors to None, run_after=None
[2023-10-11T03:53:44.640+0000] {processor.py:179} INFO - Processing /home/airflow/.local/lib/python3.8/site-packages/airflow/example_dags/example_sensors.py took 0.074 seconds
[2023-10-11T03:54:14.834+0000] {processor.py:157} INFO - Started process (PID=1741) to work on /home/airflow/.local/lib/python3.8/site-packages/airflow/example_dags/example_sensors.py
[2023-10-11T03:54:14.837+0000] {processor.py:829} INFO - Processing file /home/airflow/.local/lib/python3.8/site-packages/airflow/example_dags/example_sensors.py for tasks to queue
[2023-10-11T03:54:14.842+0000] {logging_mixin.py:151} INFO - [2023-10-11T03:54:14.841+0000] {dagbag.py:539} INFO - Filling up the DagBag from /home/airflow/.local/lib/python3.8/site-packages/airflow/example_dags/example_sensors.py
[2023-10-11T03:54:14.853+0000] {processor.py:839} INFO - DAG(s) dict_keys(['example_sensors']) retrieved from /home/airflow/.local/lib/python3.8/site-packages/airflow/example_dags/example_sensors.py
[2023-10-11T03:54:14.881+0000] {logging_mixin.py:151} INFO - [2023-10-11T03:54:14.880+0000] {dag.py:2915} INFO - Sync 1 DAGs
[2023-10-11T03:54:14.892+0000] {logging_mixin.py:151} INFO - [2023-10-11T03:54:14.891+0000] {dag.py:3696} INFO - Setting next_dagrun for example_sensors to None, run_after=None
[2023-10-11T03:54:14.917+0000] {processor.py:179} INFO - Processing /home/airflow/.local/lib/python3.8/site-packages/airflow/example_dags/example_sensors.py took 0.086 seconds
[2023-10-11T03:54:45.013+0000] {processor.py:157} INFO - Started process (PID=1798) to work on /home/airflow/.local/lib/python3.8/site-packages/airflow/example_dags/example_sensors.py
[2023-10-11T03:54:45.015+0000] {processor.py:829} INFO - Processing file /home/airflow/.local/lib/python3.8/site-packages/airflow/example_dags/example_sensors.py for tasks to queue
[2023-10-11T03:54:45.017+0000] {logging_mixin.py:151} INFO - [2023-10-11T03:54:45.017+0000] {dagbag.py:539} INFO - Filling up the DagBag from /home/airflow/.local/lib/python3.8/site-packages/airflow/example_dags/example_sensors.py
[2023-10-11T03:54:45.026+0000] {processor.py:839} INFO - DAG(s) dict_keys(['example_sensors']) retrieved from /home/airflow/.local/lib/python3.8/site-packages/airflow/example_dags/example_sensors.py
[2023-10-11T03:54:45.053+0000] {logging_mixin.py:151} INFO - [2023-10-11T03:54:45.053+0000] {dag.py:2915} INFO - Sync 1 DAGs
[2023-10-11T03:54:45.066+0000] {logging_mixin.py:151} INFO - [2023-10-11T03:54:45.066+0000] {dag.py:3696} INFO - Setting next_dagrun for example_sensors to None, run_after=None
[2023-10-11T03:54:45.087+0000] {processor.py:179} INFO - Processing /home/airflow/.local/lib/python3.8/site-packages/airflow/example_dags/example_sensors.py took 0.076 seconds
[2023-10-11T03:55:15.432+0000] {processor.py:157} INFO - Started process (PID=1855) to work on /home/airflow/.local/lib/python3.8/site-packages/airflow/example_dags/example_sensors.py
[2023-10-11T03:55:15.434+0000] {processor.py:829} INFO - Processing file /home/airflow/.local/lib/python3.8/site-packages/airflow/example_dags/example_sensors.py for tasks to queue
[2023-10-11T03:55:15.437+0000] {logging_mixin.py:151} INFO - [2023-10-11T03:55:15.437+0000] {dagbag.py:539} INFO - Filling up the DagBag from /home/airflow/.local/lib/python3.8/site-packages/airflow/example_dags/example_sensors.py
[2023-10-11T03:55:15.445+0000] {processor.py:839} INFO - DAG(s) dict_keys(['example_sensors']) retrieved from /home/airflow/.local/lib/python3.8/site-packages/airflow/example_dags/example_sensors.py
[2023-10-11T03:55:15.470+0000] {logging_mixin.py:151} INFO - [2023-10-11T03:55:15.470+0000] {dag.py:2915} INFO - Sync 1 DAGs
[2023-10-11T03:55:15.480+0000] {logging_mixin.py:151} INFO - [2023-10-11T03:55:15.480+0000] {dag.py:3696} INFO - Setting next_dagrun for example_sensors to None, run_after=None
[2023-10-11T03:55:15.501+0000] {processor.py:179} INFO - Processing /home/airflow/.local/lib/python3.8/site-packages/airflow/example_dags/example_sensors.py took 0.072 seconds
[2023-10-11T03:55:45.830+0000] {processor.py:157} INFO - Started process (PID=1912) to work on /home/airflow/.local/lib/python3.8/site-packages/airflow/example_dags/example_sensors.py
[2023-10-11T03:55:45.832+0000] {processor.py:829} INFO - Processing file /home/airflow/.local/lib/python3.8/site-packages/airflow/example_dags/example_sensors.py for tasks to queue
[2023-10-11T03:55:45.836+0000] {logging_mixin.py:151} INFO - [2023-10-11T03:55:45.835+0000] {dagbag.py:539} INFO - Filling up the DagBag from /home/airflow/.local/lib/python3.8/site-packages/airflow/example_dags/example_sensors.py
[2023-10-11T03:55:45.849+0000] {processor.py:839} INFO - DAG(s) dict_keys(['example_sensors']) retrieved from /home/airflow/.local/lib/python3.8/site-packages/airflow/example_dags/example_sensors.py
[2023-10-11T03:55:45.882+0000] {logging_mixin.py:151} INFO - [2023-10-11T03:55:45.882+0000] {dag.py:2915} INFO - Sync 1 DAGs
[2023-10-11T03:55:45.894+0000] {logging_mixin.py:151} INFO - [2023-10-11T03:55:45.894+0000] {dag.py:3696} INFO - Setting next_dagrun for example_sensors to None, run_after=None
[2023-10-11T03:55:45.916+0000] {processor.py:179} INFO - Processing /home/airflow/.local/lib/python3.8/site-packages/airflow/example_dags/example_sensors.py took 0.090 seconds
[2023-10-11T03:56:16.628+0000] {processor.py:157} INFO - Started process (PID=1969) to work on /home/airflow/.local/lib/python3.8/site-packages/airflow/example_dags/example_sensors.py
[2023-10-11T03:56:16.629+0000] {processor.py:829} INFO - Processing file /home/airflow/.local/lib/python3.8/site-packages/airflow/example_dags/example_sensors.py for tasks to queue
[2023-10-11T03:56:16.631+0000] {logging_mixin.py:151} INFO - [2023-10-11T03:56:16.631+0000] {dagbag.py:539} INFO - Filling up the DagBag from /home/airflow/.local/lib/python3.8/site-packages/airflow/example_dags/example_sensors.py
[2023-10-11T03:56:16.643+0000] {processor.py:839} INFO - DAG(s) dict_keys(['example_sensors']) retrieved from /home/airflow/.local/lib/python3.8/site-packages/airflow/example_dags/example_sensors.py
[2023-10-11T03:56:16.672+0000] {logging_mixin.py:151} INFO - [2023-10-11T03:56:16.671+0000] {dag.py:2915} INFO - Sync 1 DAGs
[2023-10-11T03:56:16.683+0000] {logging_mixin.py:151} INFO - [2023-10-11T03:56:16.683+0000] {dag.py:3696} INFO - Setting next_dagrun for example_sensors to None, run_after=None
[2023-10-11T03:56:16.705+0000] {processor.py:179} INFO - Processing /home/airflow/.local/lib/python3.8/site-packages/airflow/example_dags/example_sensors.py took 0.080 seconds
[2023-10-11T03:56:46.953+0000] {processor.py:157} INFO - Started process (PID=2026) to work on /home/airflow/.local/lib/python3.8/site-packages/airflow/example_dags/example_sensors.py
[2023-10-11T03:56:46.955+0000] {processor.py:829} INFO - Processing file /home/airflow/.local/lib/python3.8/site-packages/airflow/example_dags/example_sensors.py for tasks to queue
[2023-10-11T03:56:46.957+0000] {logging_mixin.py:151} INFO - [2023-10-11T03:56:46.957+0000] {dagbag.py:539} INFO - Filling up the DagBag from /home/airflow/.local/lib/python3.8/site-packages/airflow/example_dags/example_sensors.py
[2023-10-11T03:56:46.966+0000] {processor.py:839} INFO - DAG(s) dict_keys(['example_sensors']) retrieved from /home/airflow/.local/lib/python3.8/site-packages/airflow/example_dags/example_sensors.py
[2023-10-11T03:56:46.991+0000] {logging_mixin.py:151} INFO - [2023-10-11T03:56:46.991+0000] {dag.py:2915} INFO - Sync 1 DAGs
[2023-10-11T03:56:47.002+0000] {logging_mixin.py:151} INFO - [2023-10-11T03:56:47.002+0000] {dag.py:3696} INFO - Setting next_dagrun for example_sensors to None, run_after=None
[2023-10-11T03:56:47.024+0000] {processor.py:179} INFO - Processing /home/airflow/.local/lib/python3.8/site-packages/airflow/example_dags/example_sensors.py took 0.074 seconds
[2023-10-11T03:57:17.669+0000] {processor.py:157} INFO - Started process (PID=2083) to work on /home/airflow/.local/lib/python3.8/site-packages/airflow/example_dags/example_sensors.py
[2023-10-11T03:57:17.672+0000] {processor.py:829} INFO - Processing file /home/airflow/.local/lib/python3.8/site-packages/airflow/example_dags/example_sensors.py for tasks to queue
[2023-10-11T03:57:17.677+0000] {logging_mixin.py:151} INFO - [2023-10-11T03:57:17.676+0000] {dagbag.py:539} INFO - Filling up the DagBag from /home/airflow/.local/lib/python3.8/site-packages/airflow/example_dags/example_sensors.py
[2023-10-11T03:57:17.690+0000] {processor.py:839} INFO - DAG(s) dict_keys(['example_sensors']) retrieved from /home/airflow/.local/lib/python3.8/site-packages/airflow/example_dags/example_sensors.py
[2023-10-11T03:57:17.747+0000] {logging_mixin.py:151} INFO - [2023-10-11T03:57:17.746+0000] {dag.py:2915} INFO - Sync 1 DAGs
[2023-10-11T03:57:17.771+0000] {logging_mixin.py:151} INFO - [2023-10-11T03:57:17.770+0000] {dag.py:3696} INFO - Setting next_dagrun for example_sensors to None, run_after=None
[2023-10-11T03:57:17.822+0000] {processor.py:179} INFO - Processing /home/airflow/.local/lib/python3.8/site-packages/airflow/example_dags/example_sensors.py took 0.158 seconds
[2023-10-11T03:57:48.218+0000] {processor.py:157} INFO - Started process (PID=2140) to work on /home/airflow/.local/lib/python3.8/site-packages/airflow/example_dags/example_sensors.py
[2023-10-11T03:57:48.219+0000] {processor.py:829} INFO - Processing file /home/airflow/.local/lib/python3.8/site-packages/airflow/example_dags/example_sensors.py for tasks to queue
[2023-10-11T03:57:48.222+0000] {logging_mixin.py:151} INFO - [2023-10-11T03:57:48.222+0000] {dagbag.py:539} INFO - Filling up the DagBag from /home/airflow/.local/lib/python3.8/site-packages/airflow/example_dags/example_sensors.py
[2023-10-11T03:57:48.229+0000] {processor.py:839} INFO - DAG(s) dict_keys(['example_sensors']) retrieved from /home/airflow/.local/lib/python3.8/site-packages/airflow/example_dags/example_sensors.py
[2023-10-11T03:57:48.254+0000] {logging_mixin.py:151} INFO - [2023-10-11T03:57:48.253+0000] {dag.py:2915} INFO - Sync 1 DAGs
[2023-10-11T03:57:48.265+0000] {logging_mixin.py:151} INFO - [2023-10-11T03:57:48.264+0000] {dag.py:3696} INFO - Setting next_dagrun for example_sensors to None, run_after=None
[2023-10-11T03:57:48.285+0000] {processor.py:179} INFO - Processing /home/airflow/.local/lib/python3.8/site-packages/airflow/example_dags/example_sensors.py took 0.070 seconds
[2023-10-11T03:58:18.458+0000] {processor.py:157} INFO - Started process (PID=2197) to work on /home/airflow/.local/lib/python3.8/site-packages/airflow/example_dags/example_sensors.py
[2023-10-11T03:58:18.460+0000] {processor.py:829} INFO - Processing file /home/airflow/.local/lib/python3.8/site-packages/airflow/example_dags/example_sensors.py for tasks to queue
[2023-10-11T03:58:18.462+0000] {logging_mixin.py:151} INFO - [2023-10-11T03:58:18.462+0000] {dagbag.py:539} INFO - Filling up the DagBag from /home/airflow/.local/lib/python3.8/site-packages/airflow/example_dags/example_sensors.py
[2023-10-11T03:58:18.471+0000] {processor.py:839} INFO - DAG(s) dict_keys(['example_sensors']) retrieved from /home/airflow/.local/lib/python3.8/site-packages/airflow/example_dags/example_sensors.py
[2023-10-11T03:58:18.499+0000] {logging_mixin.py:151} INFO - [2023-10-11T03:58:18.499+0000] {dag.py:2915} INFO - Sync 1 DAGs
[2023-10-11T03:58:18.510+0000] {logging_mixin.py:151} INFO - [2023-10-11T03:58:18.510+0000] {dag.py:3696} INFO - Setting next_dagrun for example_sensors to None, run_after=None
[2023-10-11T03:58:18.530+0000] {processor.py:179} INFO - Processing /home/airflow/.local/lib/python3.8/site-packages/airflow/example_dags/example_sensors.py took 0.076 seconds
[2023-10-11T03:58:49.555+0000] {processor.py:157} INFO - Started process (PID=2254) to work on /home/airflow/.local/lib/python3.8/site-packages/airflow/example_dags/example_sensors.py
[2023-10-11T03:58:49.557+0000] {processor.py:829} INFO - Processing file /home/airflow/.local/lib/python3.8/site-packages/airflow/example_dags/example_sensors.py for tasks to queue
[2023-10-11T03:58:49.561+0000] {logging_mixin.py:151} INFO - [2023-10-11T03:58:49.561+0000] {dagbag.py:539} INFO - Filling up the DagBag from /home/airflow/.local/lib/python3.8/site-packages/airflow/example_dags/example_sensors.py
[2023-10-11T03:58:49.569+0000] {processor.py:839} INFO - DAG(s) dict_keys(['example_sensors']) retrieved from /home/airflow/.local/lib/python3.8/site-packages/airflow/example_dags/example_sensors.py
[2023-10-11T03:58:49.595+0000] {logging_mixin.py:151} INFO - [2023-10-11T03:58:49.594+0000] {dag.py:2915} INFO - Sync 1 DAGs
[2023-10-11T03:58:49.604+0000] {logging_mixin.py:151} INFO - [2023-10-11T03:58:49.604+0000] {dag.py:3696} INFO - Setting next_dagrun for example_sensors to None, run_after=None
[2023-10-11T03:58:49.626+0000] {processor.py:179} INFO - Processing /home/airflow/.local/lib/python3.8/site-packages/airflow/example_dags/example_sensors.py took 0.074 seconds
[2023-10-11T03:59:20.235+0000] {processor.py:157} INFO - Started process (PID=2311) to work on /home/airflow/.local/lib/python3.8/site-packages/airflow/example_dags/example_sensors.py
[2023-10-11T03:59:20.237+0000] {processor.py:829} INFO - Processing file /home/airflow/.local/lib/python3.8/site-packages/airflow/example_dags/example_sensors.py for tasks to queue
[2023-10-11T03:59:20.239+0000] {logging_mixin.py:151} INFO - [2023-10-11T03:59:20.239+0000] {dagbag.py:539} INFO - Filling up the DagBag from /home/airflow/.local/lib/python3.8/site-packages/airflow/example_dags/example_sensors.py
[2023-10-11T03:59:20.247+0000] {processor.py:839} INFO - DAG(s) dict_keys(['example_sensors']) retrieved from /home/airflow/.local/lib/python3.8/site-packages/airflow/example_dags/example_sensors.py
[2023-10-11T03:59:20.271+0000] {logging_mixin.py:151} INFO - [2023-10-11T03:59:20.271+0000] {dag.py:2915} INFO - Sync 1 DAGs
[2023-10-11T03:59:20.281+0000] {logging_mixin.py:151} INFO - [2023-10-11T03:59:20.281+0000] {dag.py:3696} INFO - Setting next_dagrun for example_sensors to None, run_after=None
[2023-10-11T03:59:20.301+0000] {processor.py:179} INFO - Processing /home/airflow/.local/lib/python3.8/site-packages/airflow/example_dags/example_sensors.py took 0.068 seconds
[2023-10-11T03:59:50.723+0000] {processor.py:157} INFO - Started process (PID=2368) to work on /home/airflow/.local/lib/python3.8/site-packages/airflow/example_dags/example_sensors.py
[2023-10-11T03:59:50.725+0000] {processor.py:829} INFO - Processing file /home/airflow/.local/lib/python3.8/site-packages/airflow/example_dags/example_sensors.py for tasks to queue
[2023-10-11T03:59:50.727+0000] {logging_mixin.py:151} INFO - [2023-10-11T03:59:50.727+0000] {dagbag.py:539} INFO - Filling up the DagBag from /home/airflow/.local/lib/python3.8/site-packages/airflow/example_dags/example_sensors.py
[2023-10-11T03:59:50.735+0000] {processor.py:839} INFO - DAG(s) dict_keys(['example_sensors']) retrieved from /home/airflow/.local/lib/python3.8/site-packages/airflow/example_dags/example_sensors.py
[2023-10-11T03:59:50.762+0000] {logging_mixin.py:151} INFO - [2023-10-11T03:59:50.761+0000] {dag.py:2915} INFO - Sync 1 DAGs
[2023-10-11T03:59:50.772+0000] {logging_mixin.py:151} INFO - [2023-10-11T03:59:50.772+0000] {dag.py:3696} INFO - Setting next_dagrun for example_sensors to None, run_after=None
[2023-10-11T03:59:50.791+0000] {processor.py:179} INFO - Processing /home/airflow/.local/lib/python3.8/site-packages/airflow/example_dags/example_sensors.py took 0.071 seconds
[2023-10-11T04:00:21.174+0000] {processor.py:157} INFO - Started process (PID=2425) to work on /home/airflow/.local/lib/python3.8/site-packages/airflow/example_dags/example_sensors.py
[2023-10-11T04:00:21.176+0000] {processor.py:829} INFO - Processing file /home/airflow/.local/lib/python3.8/site-packages/airflow/example_dags/example_sensors.py for tasks to queue
[2023-10-11T04:00:21.179+0000] {logging_mixin.py:151} INFO - [2023-10-11T04:00:21.178+0000] {dagbag.py:539} INFO - Filling up the DagBag from /home/airflow/.local/lib/python3.8/site-packages/airflow/example_dags/example_sensors.py
[2023-10-11T04:00:21.187+0000] {processor.py:839} INFO - DAG(s) dict_keys(['example_sensors']) retrieved from /home/airflow/.local/lib/python3.8/site-packages/airflow/example_dags/example_sensors.py
[2023-10-11T04:00:21.210+0000] {logging_mixin.py:151} INFO - [2023-10-11T04:00:21.210+0000] {dag.py:2915} INFO - Sync 1 DAGs
[2023-10-11T04:00:21.223+0000] {logging_mixin.py:151} INFO - [2023-10-11T04:00:21.222+0000] {dag.py:3696} INFO - Setting next_dagrun for example_sensors to None, run_after=None
[2023-10-11T04:00:21.243+0000] {processor.py:179} INFO - Processing /home/airflow/.local/lib/python3.8/site-packages/airflow/example_dags/example_sensors.py took 0.072 seconds
[2023-10-11T04:00:51.528+0000] {processor.py:157} INFO - Started process (PID=2482) to work on /home/airflow/.local/lib/python3.8/site-packages/airflow/example_dags/example_sensors.py
[2023-10-11T04:00:51.529+0000] {processor.py:829} INFO - Processing file /home/airflow/.local/lib/python3.8/site-packages/airflow/example_dags/example_sensors.py for tasks to queue
[2023-10-11T04:00:51.532+0000] {logging_mixin.py:151} INFO - [2023-10-11T04:00:51.532+0000] {dagbag.py:539} INFO - Filling up the DagBag from /home/airflow/.local/lib/python3.8/site-packages/airflow/example_dags/example_sensors.py
[2023-10-11T04:00:51.541+0000] {processor.py:839} INFO - DAG(s) dict_keys(['example_sensors']) retrieved from /home/airflow/.local/lib/python3.8/site-packages/airflow/example_dags/example_sensors.py
[2023-10-11T04:00:51.570+0000] {logging_mixin.py:151} INFO - [2023-10-11T04:00:51.570+0000] {dag.py:2915} INFO - Sync 1 DAGs
[2023-10-11T04:00:51.587+0000] {logging_mixin.py:151} INFO - [2023-10-11T04:00:51.586+0000] {dag.py:3696} INFO - Setting next_dagrun for example_sensors to None, run_after=None
[2023-10-11T04:00:51.610+0000] {processor.py:179} INFO - Processing /home/airflow/.local/lib/python3.8/site-packages/airflow/example_dags/example_sensors.py took 0.086 seconds
[2023-10-11T04:01:22.002+0000] {processor.py:157} INFO - Started process (PID=2539) to work on /home/airflow/.local/lib/python3.8/site-packages/airflow/example_dags/example_sensors.py
[2023-10-11T04:01:22.003+0000] {processor.py:829} INFO - Processing file /home/airflow/.local/lib/python3.8/site-packages/airflow/example_dags/example_sensors.py for tasks to queue
[2023-10-11T04:01:22.007+0000] {logging_mixin.py:151} INFO - [2023-10-11T04:01:22.006+0000] {dagbag.py:539} INFO - Filling up the DagBag from /home/airflow/.local/lib/python3.8/site-packages/airflow/example_dags/example_sensors.py
[2023-10-11T04:01:22.016+0000] {processor.py:839} INFO - DAG(s) dict_keys(['example_sensors']) retrieved from /home/airflow/.local/lib/python3.8/site-packages/airflow/example_dags/example_sensors.py
[2023-10-11T04:01:22.040+0000] {logging_mixin.py:151} INFO - [2023-10-11T04:01:22.040+0000] {dag.py:2915} INFO - Sync 1 DAGs
[2023-10-11T04:01:22.050+0000] {logging_mixin.py:151} INFO - [2023-10-11T04:01:22.050+0000] {dag.py:3696} INFO - Setting next_dagrun for example_sensors to None, run_after=None
[2023-10-11T04:01:22.072+0000] {processor.py:179} INFO - Processing /home/airflow/.local/lib/python3.8/site-packages/airflow/example_dags/example_sensors.py took 0.074 seconds
[2023-10-11T04:01:52.844+0000] {processor.py:157} INFO - Started process (PID=2596) to work on /home/airflow/.local/lib/python3.8/site-packages/airflow/example_dags/example_sensors.py
[2023-10-11T04:01:52.846+0000] {processor.py:829} INFO - Processing file /home/airflow/.local/lib/python3.8/site-packages/airflow/example_dags/example_sensors.py for tasks to queue
[2023-10-11T04:01:52.848+0000] {logging_mixin.py:151} INFO - [2023-10-11T04:01:52.848+0000] {dagbag.py:539} INFO - Filling up the DagBag from /home/airflow/.local/lib/python3.8/site-packages/airflow/example_dags/example_sensors.py
[2023-10-11T04:01:52.856+0000] {processor.py:839} INFO - DAG(s) dict_keys(['example_sensors']) retrieved from /home/airflow/.local/lib/python3.8/site-packages/airflow/example_dags/example_sensors.py
[2023-10-11T04:01:52.880+0000] {logging_mixin.py:151} INFO - [2023-10-11T04:01:52.880+0000] {dag.py:2915} INFO - Sync 1 DAGs
[2023-10-11T04:01:52.897+0000] {logging_mixin.py:151} INFO - [2023-10-11T04:01:52.896+0000] {dag.py:3696} INFO - Setting next_dagrun for example_sensors to None, run_after=None
[2023-10-11T04:01:52.915+0000] {processor.py:179} INFO - Processing /home/airflow/.local/lib/python3.8/site-packages/airflow/example_dags/example_sensors.py took 0.074 seconds
[2023-10-11T04:02:23.601+0000] {processor.py:157} INFO - Started process (PID=2653) to work on /home/airflow/.local/lib/python3.8/site-packages/airflow/example_dags/example_sensors.py
[2023-10-11T04:02:23.603+0000] {processor.py:829} INFO - Processing file /home/airflow/.local/lib/python3.8/site-packages/airflow/example_dags/example_sensors.py for tasks to queue
[2023-10-11T04:02:23.606+0000] {logging_mixin.py:151} INFO - [2023-10-11T04:02:23.606+0000] {dagbag.py:539} INFO - Filling up the DagBag from /home/airflow/.local/lib/python3.8/site-packages/airflow/example_dags/example_sensors.py
[2023-10-11T04:02:23.617+0000] {processor.py:839} INFO - DAG(s) dict_keys(['example_sensors']) retrieved from /home/airflow/.local/lib/python3.8/site-packages/airflow/example_dags/example_sensors.py
[2023-10-11T04:02:23.647+0000] {logging_mixin.py:151} INFO - [2023-10-11T04:02:23.647+0000] {dag.py:2915} INFO - Sync 1 DAGs
[2023-10-11T04:02:23.662+0000] {logging_mixin.py:151} INFO - [2023-10-11T04:02:23.662+0000] {dag.py:3696} INFO - Setting next_dagrun for example_sensors to None, run_after=None
[2023-10-11T04:02:23.686+0000] {processor.py:179} INFO - Processing /home/airflow/.local/lib/python3.8/site-packages/airflow/example_dags/example_sensors.py took 0.089 seconds
[2023-10-11T04:02:54.562+0000] {processor.py:157} INFO - Started process (PID=2710) to work on /home/airflow/.local/lib/python3.8/site-packages/airflow/example_dags/example_sensors.py
[2023-10-11T04:02:54.563+0000] {processor.py:829} INFO - Processing file /home/airflow/.local/lib/python3.8/site-packages/airflow/example_dags/example_sensors.py for tasks to queue
[2023-10-11T04:02:54.565+0000] {logging_mixin.py:151} INFO - [2023-10-11T04:02:54.565+0000] {dagbag.py:539} INFO - Filling up the DagBag from /home/airflow/.local/lib/python3.8/site-packages/airflow/example_dags/example_sensors.py
[2023-10-11T04:02:54.573+0000] {processor.py:839} INFO - DAG(s) dict_keys(['example_sensors']) retrieved from /home/airflow/.local/lib/python3.8/site-packages/airflow/example_dags/example_sensors.py
[2023-10-11T04:02:54.600+0000] {logging_mixin.py:151} INFO - [2023-10-11T04:02:54.600+0000] {dag.py:2915} INFO - Sync 1 DAGs
[2023-10-11T04:02:54.614+0000] {logging_mixin.py:151} INFO - [2023-10-11T04:02:54.614+0000] {dag.py:3696} INFO - Setting next_dagrun for example_sensors to None, run_after=None
[2023-10-11T04:02:54.634+0000] {processor.py:179} INFO - Processing /home/airflow/.local/lib/python3.8/site-packages/airflow/example_dags/example_sensors.py took 0.075 seconds
[2023-10-11T04:03:25.002+0000] {processor.py:157} INFO - Started process (PID=2767) to work on /home/airflow/.local/lib/python3.8/site-packages/airflow/example_dags/example_sensors.py
[2023-10-11T04:03:25.004+0000] {processor.py:829} INFO - Processing file /home/airflow/.local/lib/python3.8/site-packages/airflow/example_dags/example_sensors.py for tasks to queue
[2023-10-11T04:03:25.009+0000] {logging_mixin.py:151} INFO - [2023-10-11T04:03:25.008+0000] {dagbag.py:539} INFO - Filling up the DagBag from /home/airflow/.local/lib/python3.8/site-packages/airflow/example_dags/example_sensors.py
[2023-10-11T04:03:25.025+0000] {processor.py:839} INFO - DAG(s) dict_keys(['example_sensors']) retrieved from /home/airflow/.local/lib/python3.8/site-packages/airflow/example_dags/example_sensors.py
[2023-10-11T04:03:25.071+0000] {logging_mixin.py:151} INFO - [2023-10-11T04:03:25.071+0000] {dag.py:2915} INFO - Sync 1 DAGs
[2023-10-11T04:03:25.090+0000] {logging_mixin.py:151} INFO - [2023-10-11T04:03:25.090+0000] {dag.py:3696} INFO - Setting next_dagrun for example_sensors to None, run_after=None
[2023-10-11T04:03:25.122+0000] {processor.py:179} INFO - Processing /home/airflow/.local/lib/python3.8/site-packages/airflow/example_dags/example_sensors.py took 0.125 seconds
[2023-10-11T04:03:55.643+0000] {processor.py:157} INFO - Started process (PID=2828) to work on /home/airflow/.local/lib/python3.8/site-packages/airflow/example_dags/example_sensors.py
[2023-10-11T04:03:55.645+0000] {processor.py:829} INFO - Processing file /home/airflow/.local/lib/python3.8/site-packages/airflow/example_dags/example_sensors.py for tasks to queue
[2023-10-11T04:03:55.648+0000] {logging_mixin.py:151} INFO - [2023-10-11T04:03:55.648+0000] {dagbag.py:539} INFO - Filling up the DagBag from /home/airflow/.local/lib/python3.8/site-packages/airflow/example_dags/example_sensors.py
[2023-10-11T04:03:55.661+0000] {processor.py:839} INFO - DAG(s) dict_keys(['example_sensors']) retrieved from /home/airflow/.local/lib/python3.8/site-packages/airflow/example_dags/example_sensors.py
[2023-10-11T04:03:55.698+0000] {logging_mixin.py:151} INFO - [2023-10-11T04:03:55.698+0000] {dag.py:2915} INFO - Sync 1 DAGs
[2023-10-11T04:03:55.714+0000] {logging_mixin.py:151} INFO - [2023-10-11T04:03:55.714+0000] {dag.py:3696} INFO - Setting next_dagrun for example_sensors to None, run_after=None
[2023-10-11T04:03:55.738+0000] {processor.py:179} INFO - Processing /home/airflow/.local/lib/python3.8/site-packages/airflow/example_dags/example_sensors.py took 0.098 seconds
[2023-10-11T04:04:25.850+0000] {processor.py:157} INFO - Started process (PID=2892) to work on /home/airflow/.local/lib/python3.8/site-packages/airflow/example_dags/example_sensors.py
[2023-10-11T04:04:25.851+0000] {processor.py:829} INFO - Processing file /home/airflow/.local/lib/python3.8/site-packages/airflow/example_dags/example_sensors.py for tasks to queue
[2023-10-11T04:04:25.855+0000] {logging_mixin.py:151} INFO - [2023-10-11T04:04:25.855+0000] {dagbag.py:539} INFO - Filling up the DagBag from /home/airflow/.local/lib/python3.8/site-packages/airflow/example_dags/example_sensors.py
[2023-10-11T04:04:25.863+0000] {processor.py:839} INFO - DAG(s) dict_keys(['example_sensors']) retrieved from /home/airflow/.local/lib/python3.8/site-packages/airflow/example_dags/example_sensors.py
[2023-10-11T04:04:25.889+0000] {logging_mixin.py:151} INFO - [2023-10-11T04:04:25.889+0000] {dag.py:2915} INFO - Sync 1 DAGs
[2023-10-11T04:04:25.911+0000] {logging_mixin.py:151} INFO - [2023-10-11T04:04:25.911+0000] {dag.py:3696} INFO - Setting next_dagrun for example_sensors to None, run_after=None
[2023-10-11T04:04:25.937+0000] {processor.py:179} INFO - Processing /home/airflow/.local/lib/python3.8/site-packages/airflow/example_dags/example_sensors.py took 0.090 seconds
