[2023-10-11T03:39:29.411+0000] {processor.py:157} INFO - Started process (PID=79) to work on /home/airflow/.local/lib/python3.8/site-packages/airflow/example_dags/example_branch_operator.py
[2023-10-11T03:39:29.415+0000] {processor.py:829} INFO - Processing file /home/airflow/.local/lib/python3.8/site-packages/airflow/example_dags/example_branch_operator.py for tasks to queue
[2023-10-11T03:39:29.418+0000] {logging_mixin.py:151} INFO - [2023-10-11T03:39:29.417+0000] {dagbag.py:539} INFO - Filling up the DagBag from /home/airflow/.local/lib/python3.8/site-packages/airflow/example_dags/example_branch_operator.py
[2023-10-11T03:39:29.433+0000] {processor.py:839} INFO - DAG(s) dict_keys(['example_branch_operator']) retrieved from /home/airflow/.local/lib/python3.8/site-packages/airflow/example_dags/example_branch_operator.py
[2023-10-11T03:39:29.482+0000] {logging_mixin.py:151} INFO - [2023-10-11T03:39:29.481+0000] {dag.py:2915} INFO - Sync 1 DAGs
[2023-10-11T03:39:29.521+0000] {logging_mixin.py:151} INFO - [2023-10-11T03:39:29.521+0000] {dag.py:3696} INFO - Setting next_dagrun for example_branch_operator to 2023-10-10T00:00:00+00:00, run_after=2023-10-11T00:00:00+00:00
[2023-10-11T03:39:29.556+0000] {processor.py:179} INFO - Processing /home/airflow/.local/lib/python3.8/site-packages/airflow/example_dags/example_branch_operator.py took 0.172 seconds
[2023-10-11T03:39:59.799+0000] {processor.py:157} INFO - Started process (PID=136) to work on /home/airflow/.local/lib/python3.8/site-packages/airflow/example_dags/example_branch_operator.py
[2023-10-11T03:39:59.804+0000] {processor.py:829} INFO - Processing file /home/airflow/.local/lib/python3.8/site-packages/airflow/example_dags/example_branch_operator.py for tasks to queue
[2023-10-11T03:39:59.807+0000] {logging_mixin.py:151} INFO - [2023-10-11T03:39:59.806+0000] {dagbag.py:539} INFO - Filling up the DagBag from /home/airflow/.local/lib/python3.8/site-packages/airflow/example_dags/example_branch_operator.py
[2023-10-11T03:39:59.814+0000] {processor.py:839} INFO - DAG(s) dict_keys(['example_branch_operator']) retrieved from /home/airflow/.local/lib/python3.8/site-packages/airflow/example_dags/example_branch_operator.py
[2023-10-11T03:39:59.841+0000] {logging_mixin.py:151} INFO - [2023-10-11T03:39:59.841+0000] {dag.py:2915} INFO - Sync 1 DAGs
[2023-10-11T03:39:59.860+0000] {logging_mixin.py:151} INFO - [2023-10-11T03:39:59.859+0000] {dag.py:3696} INFO - Setting next_dagrun for example_branch_operator to 2023-10-10T00:00:00+00:00, run_after=2023-10-11T00:00:00+00:00
[2023-10-11T03:39:59.880+0000] {processor.py:179} INFO - Processing /home/airflow/.local/lib/python3.8/site-packages/airflow/example_dags/example_branch_operator.py took 0.083 seconds
[2023-10-11T03:40:30.533+0000] {processor.py:157} INFO - Started process (PID=193) to work on /home/airflow/.local/lib/python3.8/site-packages/airflow/example_dags/example_branch_operator.py
[2023-10-11T03:40:30.536+0000] {processor.py:829} INFO - Processing file /home/airflow/.local/lib/python3.8/site-packages/airflow/example_dags/example_branch_operator.py for tasks to queue
[2023-10-11T03:40:30.540+0000] {logging_mixin.py:151} INFO - [2023-10-11T03:40:30.540+0000] {dagbag.py:539} INFO - Filling up the DagBag from /home/airflow/.local/lib/python3.8/site-packages/airflow/example_dags/example_branch_operator.py
[2023-10-11T03:40:30.548+0000] {processor.py:839} INFO - DAG(s) dict_keys(['example_branch_operator']) retrieved from /home/airflow/.local/lib/python3.8/site-packages/airflow/example_dags/example_branch_operator.py
[2023-10-11T03:40:30.571+0000] {logging_mixin.py:151} INFO - [2023-10-11T03:40:30.571+0000] {dag.py:2915} INFO - Sync 1 DAGs
[2023-10-11T03:40:30.591+0000] {logging_mixin.py:151} INFO - [2023-10-11T03:40:30.591+0000] {dag.py:3696} INFO - Setting next_dagrun for example_branch_operator to 2023-10-10T00:00:00+00:00, run_after=2023-10-11T00:00:00+00:00
[2023-10-11T03:40:30.611+0000] {processor.py:179} INFO - Processing /home/airflow/.local/lib/python3.8/site-packages/airflow/example_dags/example_branch_operator.py took 0.081 seconds
[2023-10-11T03:41:01.346+0000] {processor.py:157} INFO - Started process (PID=250) to work on /home/airflow/.local/lib/python3.8/site-packages/airflow/example_dags/example_branch_operator.py
[2023-10-11T03:41:01.349+0000] {processor.py:829} INFO - Processing file /home/airflow/.local/lib/python3.8/site-packages/airflow/example_dags/example_branch_operator.py for tasks to queue
[2023-10-11T03:41:01.353+0000] {logging_mixin.py:151} INFO - [2023-10-11T03:41:01.353+0000] {dagbag.py:539} INFO - Filling up the DagBag from /home/airflow/.local/lib/python3.8/site-packages/airflow/example_dags/example_branch_operator.py
[2023-10-11T03:41:01.366+0000] {processor.py:839} INFO - DAG(s) dict_keys(['example_branch_operator']) retrieved from /home/airflow/.local/lib/python3.8/site-packages/airflow/example_dags/example_branch_operator.py
[2023-10-11T03:41:01.399+0000] {logging_mixin.py:151} INFO - [2023-10-11T03:41:01.398+0000] {dag.py:2915} INFO - Sync 1 DAGs
[2023-10-11T03:41:01.428+0000] {logging_mixin.py:151} INFO - [2023-10-11T03:41:01.427+0000] {dag.py:3696} INFO - Setting next_dagrun for example_branch_operator to 2023-10-10T00:00:00+00:00, run_after=2023-10-11T00:00:00+00:00
[2023-10-11T03:41:01.463+0000] {processor.py:179} INFO - Processing /home/airflow/.local/lib/python3.8/site-packages/airflow/example_dags/example_branch_operator.py took 0.120 seconds
[2023-10-11T03:41:32.170+0000] {processor.py:157} INFO - Started process (PID=307) to work on /home/airflow/.local/lib/python3.8/site-packages/airflow/example_dags/example_branch_operator.py
[2023-10-11T03:41:32.172+0000] {processor.py:829} INFO - Processing file /home/airflow/.local/lib/python3.8/site-packages/airflow/example_dags/example_branch_operator.py for tasks to queue
[2023-10-11T03:41:32.177+0000] {logging_mixin.py:151} INFO - [2023-10-11T03:41:32.176+0000] {dagbag.py:539} INFO - Filling up the DagBag from /home/airflow/.local/lib/python3.8/site-packages/airflow/example_dags/example_branch_operator.py
[2023-10-11T03:41:32.194+0000] {processor.py:839} INFO - DAG(s) dict_keys(['example_branch_operator']) retrieved from /home/airflow/.local/lib/python3.8/site-packages/airflow/example_dags/example_branch_operator.py
[2023-10-11T03:41:32.241+0000] {logging_mixin.py:151} INFO - [2023-10-11T03:41:32.241+0000] {dag.py:2915} INFO - Sync 1 DAGs
[2023-10-11T03:41:32.296+0000] {logging_mixin.py:151} INFO - [2023-10-11T03:41:32.295+0000] {dag.py:3696} INFO - Setting next_dagrun for example_branch_operator to 2023-10-10T00:00:00+00:00, run_after=2023-10-11T00:00:00+00:00
[2023-10-11T03:41:32.337+0000] {processor.py:179} INFO - Processing /home/airflow/.local/lib/python3.8/site-packages/airflow/example_dags/example_branch_operator.py took 0.175 seconds
[2023-10-11T03:42:02.856+0000] {processor.py:157} INFO - Started process (PID=364) to work on /home/airflow/.local/lib/python3.8/site-packages/airflow/example_dags/example_branch_operator.py
[2023-10-11T03:42:02.859+0000] {processor.py:829} INFO - Processing file /home/airflow/.local/lib/python3.8/site-packages/airflow/example_dags/example_branch_operator.py for tasks to queue
[2023-10-11T03:42:02.861+0000] {logging_mixin.py:151} INFO - [2023-10-11T03:42:02.861+0000] {dagbag.py:539} INFO - Filling up the DagBag from /home/airflow/.local/lib/python3.8/site-packages/airflow/example_dags/example_branch_operator.py
[2023-10-11T03:42:02.869+0000] {processor.py:839} INFO - DAG(s) dict_keys(['example_branch_operator']) retrieved from /home/airflow/.local/lib/python3.8/site-packages/airflow/example_dags/example_branch_operator.py
[2023-10-11T03:42:02.892+0000] {logging_mixin.py:151} INFO - [2023-10-11T03:42:02.892+0000] {dag.py:2915} INFO - Sync 1 DAGs
[2023-10-11T03:42:02.912+0000] {logging_mixin.py:151} INFO - [2023-10-11T03:42:02.911+0000] {dag.py:3696} INFO - Setting next_dagrun for example_branch_operator to 2023-10-10T00:00:00+00:00, run_after=2023-10-11T00:00:00+00:00
[2023-10-11T03:42:02.936+0000] {processor.py:179} INFO - Processing /home/airflow/.local/lib/python3.8/site-packages/airflow/example_dags/example_branch_operator.py took 0.084 seconds
[2023-10-11T03:42:33.571+0000] {processor.py:157} INFO - Started process (PID=421) to work on /home/airflow/.local/lib/python3.8/site-packages/airflow/example_dags/example_branch_operator.py
[2023-10-11T03:42:33.573+0000] {processor.py:829} INFO - Processing file /home/airflow/.local/lib/python3.8/site-packages/airflow/example_dags/example_branch_operator.py for tasks to queue
[2023-10-11T03:42:33.576+0000] {logging_mixin.py:151} INFO - [2023-10-11T03:42:33.576+0000] {dagbag.py:539} INFO - Filling up the DagBag from /home/airflow/.local/lib/python3.8/site-packages/airflow/example_dags/example_branch_operator.py
[2023-10-11T03:42:33.586+0000] {processor.py:839} INFO - DAG(s) dict_keys(['example_branch_operator']) retrieved from /home/airflow/.local/lib/python3.8/site-packages/airflow/example_dags/example_branch_operator.py
[2023-10-11T03:42:33.609+0000] {logging_mixin.py:151} INFO - [2023-10-11T03:42:33.609+0000] {dag.py:2915} INFO - Sync 1 DAGs
[2023-10-11T03:42:33.629+0000] {logging_mixin.py:151} INFO - [2023-10-11T03:42:33.628+0000] {dag.py:3696} INFO - Setting next_dagrun for example_branch_operator to 2023-10-10T00:00:00+00:00, run_after=2023-10-11T00:00:00+00:00
[2023-10-11T03:42:33.650+0000] {processor.py:179} INFO - Processing /home/airflow/.local/lib/python3.8/site-packages/airflow/example_dags/example_branch_operator.py took 0.083 seconds
[2023-10-11T03:43:03.918+0000] {processor.py:157} INFO - Started process (PID=477) to work on /home/airflow/.local/lib/python3.8/site-packages/airflow/example_dags/example_branch_operator.py
[2023-10-11T03:43:03.919+0000] {processor.py:829} INFO - Processing file /home/airflow/.local/lib/python3.8/site-packages/airflow/example_dags/example_branch_operator.py for tasks to queue
[2023-10-11T03:43:03.922+0000] {logging_mixin.py:151} INFO - [2023-10-11T03:43:03.922+0000] {dagbag.py:539} INFO - Filling up the DagBag from /home/airflow/.local/lib/python3.8/site-packages/airflow/example_dags/example_branch_operator.py
[2023-10-11T03:43:03.933+0000] {processor.py:839} INFO - DAG(s) dict_keys(['example_branch_operator']) retrieved from /home/airflow/.local/lib/python3.8/site-packages/airflow/example_dags/example_branch_operator.py
[2023-10-11T03:43:03.957+0000] {logging_mixin.py:151} INFO - [2023-10-11T03:43:03.957+0000] {dag.py:2915} INFO - Sync 1 DAGs
[2023-10-11T03:43:03.978+0000] {logging_mixin.py:151} INFO - [2023-10-11T03:43:03.978+0000] {dag.py:3696} INFO - Setting next_dagrun for example_branch_operator to 2023-10-10T00:00:00+00:00, run_after=2023-10-11T00:00:00+00:00
[2023-10-11T03:43:04.004+0000] {processor.py:179} INFO - Processing /home/airflow/.local/lib/python3.8/site-packages/airflow/example_dags/example_branch_operator.py took 0.088 seconds
[2023-10-11T03:43:34.714+0000] {processor.py:157} INFO - Started process (PID=533) to work on /home/airflow/.local/lib/python3.8/site-packages/airflow/example_dags/example_branch_operator.py
[2023-10-11T03:43:34.717+0000] {processor.py:829} INFO - Processing file /home/airflow/.local/lib/python3.8/site-packages/airflow/example_dags/example_branch_operator.py for tasks to queue
[2023-10-11T03:43:34.721+0000] {logging_mixin.py:151} INFO - [2023-10-11T03:43:34.721+0000] {dagbag.py:539} INFO - Filling up the DagBag from /home/airflow/.local/lib/python3.8/site-packages/airflow/example_dags/example_branch_operator.py
[2023-10-11T03:43:34.735+0000] {processor.py:839} INFO - DAG(s) dict_keys(['example_branch_operator']) retrieved from /home/airflow/.local/lib/python3.8/site-packages/airflow/example_dags/example_branch_operator.py
[2023-10-11T03:43:34.767+0000] {logging_mixin.py:151} INFO - [2023-10-11T03:43:34.767+0000] {dag.py:2915} INFO - Sync 1 DAGs
[2023-10-11T03:43:34.793+0000] {logging_mixin.py:151} INFO - [2023-10-11T03:43:34.792+0000] {dag.py:3696} INFO - Setting next_dagrun for example_branch_operator to 2023-10-10T00:00:00+00:00, run_after=2023-10-11T00:00:00+00:00
[2023-10-11T03:43:34.813+0000] {processor.py:179} INFO - Processing /home/airflow/.local/lib/python3.8/site-packages/airflow/example_dags/example_branch_operator.py took 0.104 seconds
[2023-10-11T03:44:05.524+0000] {processor.py:157} INFO - Started process (PID=591) to work on /home/airflow/.local/lib/python3.8/site-packages/airflow/example_dags/example_branch_operator.py
[2023-10-11T03:44:05.526+0000] {processor.py:829} INFO - Processing file /home/airflow/.local/lib/python3.8/site-packages/airflow/example_dags/example_branch_operator.py for tasks to queue
[2023-10-11T03:44:05.530+0000] {logging_mixin.py:151} INFO - [2023-10-11T03:44:05.530+0000] {dagbag.py:539} INFO - Filling up the DagBag from /home/airflow/.local/lib/python3.8/site-packages/airflow/example_dags/example_branch_operator.py
[2023-10-11T03:44:05.543+0000] {processor.py:839} INFO - DAG(s) dict_keys(['example_branch_operator']) retrieved from /home/airflow/.local/lib/python3.8/site-packages/airflow/example_dags/example_branch_operator.py
[2023-10-11T03:44:05.578+0000] {logging_mixin.py:151} INFO - [2023-10-11T03:44:05.578+0000] {dag.py:2915} INFO - Sync 1 DAGs
[2023-10-11T03:44:05.623+0000] {logging_mixin.py:151} INFO - [2023-10-11T03:44:05.622+0000] {dag.py:3696} INFO - Setting next_dagrun for example_branch_operator to 2023-10-10T00:00:00+00:00, run_after=2023-10-11T00:00:00+00:00
[2023-10-11T03:44:05.652+0000] {processor.py:179} INFO - Processing /home/airflow/.local/lib/python3.8/site-packages/airflow/example_dags/example_branch_operator.py took 0.133 seconds
[2023-10-11T03:44:35.811+0000] {processor.py:157} INFO - Started process (PID=648) to work on /home/airflow/.local/lib/python3.8/site-packages/airflow/example_dags/example_branch_operator.py
[2023-10-11T03:44:35.812+0000] {processor.py:829} INFO - Processing file /home/airflow/.local/lib/python3.8/site-packages/airflow/example_dags/example_branch_operator.py for tasks to queue
[2023-10-11T03:44:35.816+0000] {logging_mixin.py:151} INFO - [2023-10-11T03:44:35.816+0000] {dagbag.py:539} INFO - Filling up the DagBag from /home/airflow/.local/lib/python3.8/site-packages/airflow/example_dags/example_branch_operator.py
[2023-10-11T03:44:35.825+0000] {processor.py:839} INFO - DAG(s) dict_keys(['example_branch_operator']) retrieved from /home/airflow/.local/lib/python3.8/site-packages/airflow/example_dags/example_branch_operator.py
[2023-10-11T03:44:35.858+0000] {logging_mixin.py:151} INFO - [2023-10-11T03:44:35.858+0000] {dag.py:2915} INFO - Sync 1 DAGs
[2023-10-11T03:44:35.888+0000] {logging_mixin.py:151} INFO - [2023-10-11T03:44:35.887+0000] {dag.py:3696} INFO - Setting next_dagrun for example_branch_operator to 2023-10-10T00:00:00+00:00, run_after=2023-10-11T00:00:00+00:00
[2023-10-11T03:44:35.913+0000] {processor.py:179} INFO - Processing /home/airflow/.local/lib/python3.8/site-packages/airflow/example_dags/example_branch_operator.py took 0.105 seconds
[2023-10-11T03:45:06.562+0000] {processor.py:157} INFO - Started process (PID=712) to work on /home/airflow/.local/lib/python3.8/site-packages/airflow/example_dags/example_branch_operator.py
[2023-10-11T03:45:06.564+0000] {processor.py:829} INFO - Processing file /home/airflow/.local/lib/python3.8/site-packages/airflow/example_dags/example_branch_operator.py for tasks to queue
[2023-10-11T03:45:06.568+0000] {logging_mixin.py:151} INFO - [2023-10-11T03:45:06.568+0000] {dagbag.py:539} INFO - Filling up the DagBag from /home/airflow/.local/lib/python3.8/site-packages/airflow/example_dags/example_branch_operator.py
[2023-10-11T03:45:06.583+0000] {processor.py:839} INFO - DAG(s) dict_keys(['example_branch_operator']) retrieved from /home/airflow/.local/lib/python3.8/site-packages/airflow/example_dags/example_branch_operator.py
[2023-10-11T03:45:06.621+0000] {logging_mixin.py:151} INFO - [2023-10-11T03:45:06.620+0000] {dag.py:2915} INFO - Sync 1 DAGs
[2023-10-11T03:45:06.648+0000] {logging_mixin.py:151} INFO - [2023-10-11T03:45:06.647+0000] {dag.py:3696} INFO - Setting next_dagrun for example_branch_operator to 2023-10-10T00:00:00+00:00, run_after=2023-10-11T00:00:00+00:00
[2023-10-11T03:45:06.679+0000] {processor.py:179} INFO - Processing /home/airflow/.local/lib/python3.8/site-packages/airflow/example_dags/example_branch_operator.py took 0.121 seconds
[2023-10-11T03:45:37.158+0000] {processor.py:157} INFO - Started process (PID=769) to work on /home/airflow/.local/lib/python3.8/site-packages/airflow/example_dags/example_branch_operator.py
[2023-10-11T03:45:37.160+0000] {processor.py:829} INFO - Processing file /home/airflow/.local/lib/python3.8/site-packages/airflow/example_dags/example_branch_operator.py for tasks to queue
[2023-10-11T03:45:37.162+0000] {logging_mixin.py:151} INFO - [2023-10-11T03:45:37.162+0000] {dagbag.py:539} INFO - Filling up the DagBag from /home/airflow/.local/lib/python3.8/site-packages/airflow/example_dags/example_branch_operator.py
[2023-10-11T03:45:37.170+0000] {processor.py:839} INFO - DAG(s) dict_keys(['example_branch_operator']) retrieved from /home/airflow/.local/lib/python3.8/site-packages/airflow/example_dags/example_branch_operator.py
[2023-10-11T03:45:37.192+0000] {logging_mixin.py:151} INFO - [2023-10-11T03:45:37.192+0000] {dag.py:2915} INFO - Sync 1 DAGs
[2023-10-11T03:45:37.220+0000] {logging_mixin.py:151} INFO - [2023-10-11T03:45:37.219+0000] {dag.py:3696} INFO - Setting next_dagrun for example_branch_operator to 2023-10-10T00:00:00+00:00, run_after=2023-10-11T00:00:00+00:00
[2023-10-11T03:45:37.252+0000] {processor.py:179} INFO - Processing /home/airflow/.local/lib/python3.8/site-packages/airflow/example_dags/example_branch_operator.py took 0.096 seconds
[2023-10-11T03:46:07.536+0000] {processor.py:157} INFO - Started process (PID=826) to work on /home/airflow/.local/lib/python3.8/site-packages/airflow/example_dags/example_branch_operator.py
[2023-10-11T03:46:07.538+0000] {processor.py:829} INFO - Processing file /home/airflow/.local/lib/python3.8/site-packages/airflow/example_dags/example_branch_operator.py for tasks to queue
[2023-10-11T03:46:07.540+0000] {logging_mixin.py:151} INFO - [2023-10-11T03:46:07.540+0000] {dagbag.py:539} INFO - Filling up the DagBag from /home/airflow/.local/lib/python3.8/site-packages/airflow/example_dags/example_branch_operator.py
[2023-10-11T03:46:07.549+0000] {processor.py:839} INFO - DAG(s) dict_keys(['example_branch_operator']) retrieved from /home/airflow/.local/lib/python3.8/site-packages/airflow/example_dags/example_branch_operator.py
[2023-10-11T03:46:07.572+0000] {logging_mixin.py:151} INFO - [2023-10-11T03:46:07.571+0000] {dag.py:2915} INFO - Sync 1 DAGs
[2023-10-11T03:46:07.592+0000] {logging_mixin.py:151} INFO - [2023-10-11T03:46:07.592+0000] {dag.py:3696} INFO - Setting next_dagrun for example_branch_operator to 2023-10-10T00:00:00+00:00, run_after=2023-10-11T00:00:00+00:00
[2023-10-11T03:46:07.613+0000] {processor.py:179} INFO - Processing /home/airflow/.local/lib/python3.8/site-packages/airflow/example_dags/example_branch_operator.py took 0.080 seconds
[2023-10-11T03:46:38.596+0000] {processor.py:157} INFO - Started process (PID=883) to work on /home/airflow/.local/lib/python3.8/site-packages/airflow/example_dags/example_branch_operator.py
[2023-10-11T03:46:38.598+0000] {processor.py:829} INFO - Processing file /home/airflow/.local/lib/python3.8/site-packages/airflow/example_dags/example_branch_operator.py for tasks to queue
[2023-10-11T03:46:38.601+0000] {logging_mixin.py:151} INFO - [2023-10-11T03:46:38.600+0000] {dagbag.py:539} INFO - Filling up the DagBag from /home/airflow/.local/lib/python3.8/site-packages/airflow/example_dags/example_branch_operator.py
[2023-10-11T03:46:38.608+0000] {processor.py:839} INFO - DAG(s) dict_keys(['example_branch_operator']) retrieved from /home/airflow/.local/lib/python3.8/site-packages/airflow/example_dags/example_branch_operator.py
[2023-10-11T03:46:38.634+0000] {logging_mixin.py:151} INFO - [2023-10-11T03:46:38.634+0000] {dag.py:2915} INFO - Sync 1 DAGs
[2023-10-11T03:46:38.653+0000] {logging_mixin.py:151} INFO - [2023-10-11T03:46:38.653+0000] {dag.py:3696} INFO - Setting next_dagrun for example_branch_operator to 2023-10-10T00:00:00+00:00, run_after=2023-10-11T00:00:00+00:00
[2023-10-11T03:46:38.672+0000] {processor.py:179} INFO - Processing /home/airflow/.local/lib/python3.8/site-packages/airflow/example_dags/example_branch_operator.py took 0.078 seconds
[2023-10-11T03:47:08.874+0000] {processor.py:157} INFO - Started process (PID=939) to work on /home/airflow/.local/lib/python3.8/site-packages/airflow/example_dags/example_branch_operator.py
[2023-10-11T03:47:08.876+0000] {processor.py:829} INFO - Processing file /home/airflow/.local/lib/python3.8/site-packages/airflow/example_dags/example_branch_operator.py for tasks to queue
[2023-10-11T03:47:08.879+0000] {logging_mixin.py:151} INFO - [2023-10-11T03:47:08.879+0000] {dagbag.py:539} INFO - Filling up the DagBag from /home/airflow/.local/lib/python3.8/site-packages/airflow/example_dags/example_branch_operator.py
[2023-10-11T03:47:08.888+0000] {processor.py:839} INFO - DAG(s) dict_keys(['example_branch_operator']) retrieved from /home/airflow/.local/lib/python3.8/site-packages/airflow/example_dags/example_branch_operator.py
[2023-10-11T03:47:08.913+0000] {logging_mixin.py:151} INFO - [2023-10-11T03:47:08.913+0000] {dag.py:2915} INFO - Sync 1 DAGs
[2023-10-11T03:47:08.936+0000] {logging_mixin.py:151} INFO - [2023-10-11T03:47:08.935+0000] {dag.py:3696} INFO - Setting next_dagrun for example_branch_operator to 2023-10-10T00:00:00+00:00, run_after=2023-10-11T00:00:00+00:00
[2023-10-11T03:47:08.963+0000] {processor.py:179} INFO - Processing /home/airflow/.local/lib/python3.8/site-packages/airflow/example_dags/example_branch_operator.py took 0.092 seconds
[2023-10-11T03:47:39.119+0000] {processor.py:157} INFO - Started process (PID=996) to work on /home/airflow/.local/lib/python3.8/site-packages/airflow/example_dags/example_branch_operator.py
[2023-10-11T03:47:39.121+0000] {processor.py:829} INFO - Processing file /home/airflow/.local/lib/python3.8/site-packages/airflow/example_dags/example_branch_operator.py for tasks to queue
[2023-10-11T03:47:39.127+0000] {logging_mixin.py:151} INFO - [2023-10-11T03:47:39.127+0000] {dagbag.py:539} INFO - Filling up the DagBag from /home/airflow/.local/lib/python3.8/site-packages/airflow/example_dags/example_branch_operator.py
[2023-10-11T03:47:39.138+0000] {processor.py:839} INFO - DAG(s) dict_keys(['example_branch_operator']) retrieved from /home/airflow/.local/lib/python3.8/site-packages/airflow/example_dags/example_branch_operator.py
[2023-10-11T03:47:39.165+0000] {logging_mixin.py:151} INFO - [2023-10-11T03:47:39.165+0000] {dag.py:2915} INFO - Sync 1 DAGs
[2023-10-11T03:47:39.188+0000] {logging_mixin.py:151} INFO - [2023-10-11T03:47:39.188+0000] {dag.py:3696} INFO - Setting next_dagrun for example_branch_operator to 2023-10-10T00:00:00+00:00, run_after=2023-10-11T00:00:00+00:00
[2023-10-11T03:47:39.211+0000] {processor.py:179} INFO - Processing /home/airflow/.local/lib/python3.8/site-packages/airflow/example_dags/example_branch_operator.py took 0.096 seconds
[2023-10-11T03:48:09.603+0000] {processor.py:157} INFO - Started process (PID=1053) to work on /home/airflow/.local/lib/python3.8/site-packages/airflow/example_dags/example_branch_operator.py
[2023-10-11T03:48:09.605+0000] {processor.py:829} INFO - Processing file /home/airflow/.local/lib/python3.8/site-packages/airflow/example_dags/example_branch_operator.py for tasks to queue
[2023-10-11T03:48:09.608+0000] {logging_mixin.py:151} INFO - [2023-10-11T03:48:09.608+0000] {dagbag.py:539} INFO - Filling up the DagBag from /home/airflow/.local/lib/python3.8/site-packages/airflow/example_dags/example_branch_operator.py
[2023-10-11T03:48:09.615+0000] {processor.py:839} INFO - DAG(s) dict_keys(['example_branch_operator']) retrieved from /home/airflow/.local/lib/python3.8/site-packages/airflow/example_dags/example_branch_operator.py
[2023-10-11T03:48:09.638+0000] {logging_mixin.py:151} INFO - [2023-10-11T03:48:09.638+0000] {dag.py:2915} INFO - Sync 1 DAGs
[2023-10-11T03:48:09.659+0000] {logging_mixin.py:151} INFO - [2023-10-11T03:48:09.659+0000] {dag.py:3696} INFO - Setting next_dagrun for example_branch_operator to 2023-10-10T00:00:00+00:00, run_after=2023-10-11T00:00:00+00:00
[2023-10-11T03:48:09.681+0000] {processor.py:179} INFO - Processing /home/airflow/.local/lib/python3.8/site-packages/airflow/example_dags/example_branch_operator.py took 0.082 seconds
[2023-10-11T03:48:40.013+0000] {processor.py:157} INFO - Started process (PID=1110) to work on /home/airflow/.local/lib/python3.8/site-packages/airflow/example_dags/example_branch_operator.py
[2023-10-11T03:48:40.014+0000] {processor.py:829} INFO - Processing file /home/airflow/.local/lib/python3.8/site-packages/airflow/example_dags/example_branch_operator.py for tasks to queue
[2023-10-11T03:48:40.017+0000] {logging_mixin.py:151} INFO - [2023-10-11T03:48:40.017+0000] {dagbag.py:539} INFO - Filling up the DagBag from /home/airflow/.local/lib/python3.8/site-packages/airflow/example_dags/example_branch_operator.py
[2023-10-11T03:48:40.026+0000] {processor.py:839} INFO - DAG(s) dict_keys(['example_branch_operator']) retrieved from /home/airflow/.local/lib/python3.8/site-packages/airflow/example_dags/example_branch_operator.py
[2023-10-11T03:48:40.053+0000] {logging_mixin.py:151} INFO - [2023-10-11T03:48:40.053+0000] {dag.py:2915} INFO - Sync 1 DAGs
[2023-10-11T03:48:40.076+0000] {logging_mixin.py:151} INFO - [2023-10-11T03:48:40.075+0000] {dag.py:3696} INFO - Setting next_dagrun for example_branch_operator to 2023-10-10T00:00:00+00:00, run_after=2023-10-11T00:00:00+00:00
[2023-10-11T03:48:40.099+0000] {processor.py:179} INFO - Processing /home/airflow/.local/lib/python3.8/site-packages/airflow/example_dags/example_branch_operator.py took 0.089 seconds
[2023-10-11T03:49:10.480+0000] {processor.py:157} INFO - Started process (PID=1167) to work on /home/airflow/.local/lib/python3.8/site-packages/airflow/example_dags/example_branch_operator.py
[2023-10-11T03:49:10.481+0000] {processor.py:829} INFO - Processing file /home/airflow/.local/lib/python3.8/site-packages/airflow/example_dags/example_branch_operator.py for tasks to queue
[2023-10-11T03:49:10.484+0000] {logging_mixin.py:151} INFO - [2023-10-11T03:49:10.484+0000] {dagbag.py:539} INFO - Filling up the DagBag from /home/airflow/.local/lib/python3.8/site-packages/airflow/example_dags/example_branch_operator.py
[2023-10-11T03:49:10.492+0000] {processor.py:839} INFO - DAG(s) dict_keys(['example_branch_operator']) retrieved from /home/airflow/.local/lib/python3.8/site-packages/airflow/example_dags/example_branch_operator.py
[2023-10-11T03:49:10.518+0000] {logging_mixin.py:151} INFO - [2023-10-11T03:49:10.517+0000] {dag.py:2915} INFO - Sync 1 DAGs
[2023-10-11T03:49:10.539+0000] {logging_mixin.py:151} INFO - [2023-10-11T03:49:10.539+0000] {dag.py:3696} INFO - Setting next_dagrun for example_branch_operator to 2023-10-10T00:00:00+00:00, run_after=2023-10-11T00:00:00+00:00
[2023-10-11T03:49:10.563+0000] {processor.py:179} INFO - Processing /home/airflow/.local/lib/python3.8/site-packages/airflow/example_dags/example_branch_operator.py took 0.086 seconds
[2023-10-11T03:49:41.204+0000] {processor.py:157} INFO - Started process (PID=1225) to work on /home/airflow/.local/lib/python3.8/site-packages/airflow/example_dags/example_branch_operator.py
[2023-10-11T03:49:41.205+0000] {processor.py:829} INFO - Processing file /home/airflow/.local/lib/python3.8/site-packages/airflow/example_dags/example_branch_operator.py for tasks to queue
[2023-10-11T03:49:41.208+0000] {logging_mixin.py:151} INFO - [2023-10-11T03:49:41.208+0000] {dagbag.py:539} INFO - Filling up the DagBag from /home/airflow/.local/lib/python3.8/site-packages/airflow/example_dags/example_branch_operator.py
[2023-10-11T03:49:41.221+0000] {processor.py:839} INFO - DAG(s) dict_keys(['example_branch_operator']) retrieved from /home/airflow/.local/lib/python3.8/site-packages/airflow/example_dags/example_branch_operator.py
[2023-10-11T03:49:41.251+0000] {logging_mixin.py:151} INFO - [2023-10-11T03:49:41.250+0000] {dag.py:2915} INFO - Sync 1 DAGs
[2023-10-11T03:49:41.270+0000] {logging_mixin.py:151} INFO - [2023-10-11T03:49:41.270+0000] {dag.py:3696} INFO - Setting next_dagrun for example_branch_operator to 2023-10-10T00:00:00+00:00, run_after=2023-10-11T00:00:00+00:00
[2023-10-11T03:49:41.290+0000] {processor.py:179} INFO - Processing /home/airflow/.local/lib/python3.8/site-packages/airflow/example_dags/example_branch_operator.py took 0.089 seconds
[2023-10-11T03:50:11.373+0000] {processor.py:157} INFO - Started process (PID=1281) to work on /home/airflow/.local/lib/python3.8/site-packages/airflow/example_dags/example_branch_operator.py
[2023-10-11T03:50:11.375+0000] {processor.py:829} INFO - Processing file /home/airflow/.local/lib/python3.8/site-packages/airflow/example_dags/example_branch_operator.py for tasks to queue
[2023-10-11T03:50:11.378+0000] {logging_mixin.py:151} INFO - [2023-10-11T03:50:11.377+0000] {dagbag.py:539} INFO - Filling up the DagBag from /home/airflow/.local/lib/python3.8/site-packages/airflow/example_dags/example_branch_operator.py
[2023-10-11T03:50:11.388+0000] {processor.py:839} INFO - DAG(s) dict_keys(['example_branch_operator']) retrieved from /home/airflow/.local/lib/python3.8/site-packages/airflow/example_dags/example_branch_operator.py
[2023-10-11T03:50:11.415+0000] {logging_mixin.py:151} INFO - [2023-10-11T03:50:11.415+0000] {dag.py:2915} INFO - Sync 1 DAGs
[2023-10-11T03:50:11.436+0000] {logging_mixin.py:151} INFO - [2023-10-11T03:50:11.436+0000] {dag.py:3696} INFO - Setting next_dagrun for example_branch_operator to 2023-10-10T00:00:00+00:00, run_after=2023-10-11T00:00:00+00:00
[2023-10-11T03:50:11.460+0000] {processor.py:179} INFO - Processing /home/airflow/.local/lib/python3.8/site-packages/airflow/example_dags/example_branch_operator.py took 0.090 seconds
[2023-10-11T03:50:41.957+0000] {processor.py:157} INFO - Started process (PID=1338) to work on /home/airflow/.local/lib/python3.8/site-packages/airflow/example_dags/example_branch_operator.py
[2023-10-11T03:50:41.959+0000] {processor.py:829} INFO - Processing file /home/airflow/.local/lib/python3.8/site-packages/airflow/example_dags/example_branch_operator.py for tasks to queue
[2023-10-11T03:50:41.961+0000] {logging_mixin.py:151} INFO - [2023-10-11T03:50:41.961+0000] {dagbag.py:539} INFO - Filling up the DagBag from /home/airflow/.local/lib/python3.8/site-packages/airflow/example_dags/example_branch_operator.py
[2023-10-11T03:50:41.969+0000] {processor.py:839} INFO - DAG(s) dict_keys(['example_branch_operator']) retrieved from /home/airflow/.local/lib/python3.8/site-packages/airflow/example_dags/example_branch_operator.py
[2023-10-11T03:50:41.994+0000] {logging_mixin.py:151} INFO - [2023-10-11T03:50:41.994+0000] {dag.py:2915} INFO - Sync 1 DAGs
[2023-10-11T03:50:42.013+0000] {logging_mixin.py:151} INFO - [2023-10-11T03:50:42.013+0000] {dag.py:3696} INFO - Setting next_dagrun for example_branch_operator to 2023-10-10T00:00:00+00:00, run_after=2023-10-11T00:00:00+00:00
[2023-10-11T03:50:42.033+0000] {processor.py:179} INFO - Processing /home/airflow/.local/lib/python3.8/site-packages/airflow/example_dags/example_branch_operator.py took 0.080 seconds
[2023-10-11T03:51:12.625+0000] {processor.py:157} INFO - Started process (PID=1395) to work on /home/airflow/.local/lib/python3.8/site-packages/airflow/example_dags/example_branch_operator.py
[2023-10-11T03:51:12.626+0000] {processor.py:829} INFO - Processing file /home/airflow/.local/lib/python3.8/site-packages/airflow/example_dags/example_branch_operator.py for tasks to queue
[2023-10-11T03:51:12.629+0000] {logging_mixin.py:151} INFO - [2023-10-11T03:51:12.629+0000] {dagbag.py:539} INFO - Filling up the DagBag from /home/airflow/.local/lib/python3.8/site-packages/airflow/example_dags/example_branch_operator.py
[2023-10-11T03:51:12.637+0000] {processor.py:839} INFO - DAG(s) dict_keys(['example_branch_operator']) retrieved from /home/airflow/.local/lib/python3.8/site-packages/airflow/example_dags/example_branch_operator.py
[2023-10-11T03:51:12.661+0000] {logging_mixin.py:151} INFO - [2023-10-11T03:51:12.661+0000] {dag.py:2915} INFO - Sync 1 DAGs
[2023-10-11T03:51:12.680+0000] {logging_mixin.py:151} INFO - [2023-10-11T03:51:12.680+0000] {dag.py:3696} INFO - Setting next_dagrun for example_branch_operator to 2023-10-10T00:00:00+00:00, run_after=2023-10-11T00:00:00+00:00
[2023-10-11T03:51:12.709+0000] {processor.py:179} INFO - Processing /home/airflow/.local/lib/python3.8/site-packages/airflow/example_dags/example_branch_operator.py took 0.087 seconds
[2023-10-11T03:51:42.797+0000] {processor.py:157} INFO - Started process (PID=1452) to work on /home/airflow/.local/lib/python3.8/site-packages/airflow/example_dags/example_branch_operator.py
[2023-10-11T03:51:42.798+0000] {processor.py:829} INFO - Processing file /home/airflow/.local/lib/python3.8/site-packages/airflow/example_dags/example_branch_operator.py for tasks to queue
[2023-10-11T03:51:42.802+0000] {logging_mixin.py:151} INFO - [2023-10-11T03:51:42.802+0000] {dagbag.py:539} INFO - Filling up the DagBag from /home/airflow/.local/lib/python3.8/site-packages/airflow/example_dags/example_branch_operator.py
[2023-10-11T03:51:42.810+0000] {processor.py:839} INFO - DAG(s) dict_keys(['example_branch_operator']) retrieved from /home/airflow/.local/lib/python3.8/site-packages/airflow/example_dags/example_branch_operator.py
[2023-10-11T03:51:42.835+0000] {logging_mixin.py:151} INFO - [2023-10-11T03:51:42.835+0000] {dag.py:2915} INFO - Sync 1 DAGs
[2023-10-11T03:51:42.856+0000] {logging_mixin.py:151} INFO - [2023-10-11T03:51:42.856+0000] {dag.py:3696} INFO - Setting next_dagrun for example_branch_operator to 2023-10-10T00:00:00+00:00, run_after=2023-10-11T00:00:00+00:00
[2023-10-11T03:51:42.877+0000] {processor.py:179} INFO - Processing /home/airflow/.local/lib/python3.8/site-packages/airflow/example_dags/example_branch_operator.py took 0.083 seconds
[2023-10-11T03:52:13.192+0000] {processor.py:157} INFO - Started process (PID=1509) to work on /home/airflow/.local/lib/python3.8/site-packages/airflow/example_dags/example_branch_operator.py
[2023-10-11T03:52:13.194+0000] {processor.py:829} INFO - Processing file /home/airflow/.local/lib/python3.8/site-packages/airflow/example_dags/example_branch_operator.py for tasks to queue
[2023-10-11T03:52:13.198+0000] {logging_mixin.py:151} INFO - [2023-10-11T03:52:13.197+0000] {dagbag.py:539} INFO - Filling up the DagBag from /home/airflow/.local/lib/python3.8/site-packages/airflow/example_dags/example_branch_operator.py
[2023-10-11T03:52:13.205+0000] {processor.py:839} INFO - DAG(s) dict_keys(['example_branch_operator']) retrieved from /home/airflow/.local/lib/python3.8/site-packages/airflow/example_dags/example_branch_operator.py
[2023-10-11T03:52:13.228+0000] {logging_mixin.py:151} INFO - [2023-10-11T03:52:13.228+0000] {dag.py:2915} INFO - Sync 1 DAGs
[2023-10-11T03:52:13.248+0000] {logging_mixin.py:151} INFO - [2023-10-11T03:52:13.247+0000] {dag.py:3696} INFO - Setting next_dagrun for example_branch_operator to 2023-10-10T00:00:00+00:00, run_after=2023-10-11T00:00:00+00:00
[2023-10-11T03:52:13.270+0000] {processor.py:179} INFO - Processing /home/airflow/.local/lib/python3.8/site-packages/airflow/example_dags/example_branch_operator.py took 0.081 seconds
[2023-10-11T03:52:43.556+0000] {processor.py:157} INFO - Started process (PID=1566) to work on /home/airflow/.local/lib/python3.8/site-packages/airflow/example_dags/example_branch_operator.py
[2023-10-11T03:52:43.558+0000] {processor.py:829} INFO - Processing file /home/airflow/.local/lib/python3.8/site-packages/airflow/example_dags/example_branch_operator.py for tasks to queue
[2023-10-11T03:52:43.562+0000] {logging_mixin.py:151} INFO - [2023-10-11T03:52:43.562+0000] {dagbag.py:539} INFO - Filling up the DagBag from /home/airflow/.local/lib/python3.8/site-packages/airflow/example_dags/example_branch_operator.py
[2023-10-11T03:52:43.571+0000] {processor.py:839} INFO - DAG(s) dict_keys(['example_branch_operator']) retrieved from /home/airflow/.local/lib/python3.8/site-packages/airflow/example_dags/example_branch_operator.py
[2023-10-11T03:52:43.596+0000] {logging_mixin.py:151} INFO - [2023-10-11T03:52:43.596+0000] {dag.py:2915} INFO - Sync 1 DAGs
[2023-10-11T03:52:43.613+0000] {logging_mixin.py:151} INFO - [2023-10-11T03:52:43.613+0000] {dag.py:3696} INFO - Setting next_dagrun for example_branch_operator to 2023-10-10T00:00:00+00:00, run_after=2023-10-11T00:00:00+00:00
[2023-10-11T03:52:43.632+0000] {processor.py:179} INFO - Processing /home/airflow/.local/lib/python3.8/site-packages/airflow/example_dags/example_branch_operator.py took 0.078 seconds
[2023-10-11T03:53:13.974+0000] {processor.py:157} INFO - Started process (PID=1625) to work on /home/airflow/.local/lib/python3.8/site-packages/airflow/example_dags/example_branch_operator.py
[2023-10-11T03:53:13.975+0000] {processor.py:829} INFO - Processing file /home/airflow/.local/lib/python3.8/site-packages/airflow/example_dags/example_branch_operator.py for tasks to queue
[2023-10-11T03:53:13.978+0000] {logging_mixin.py:151} INFO - [2023-10-11T03:53:13.978+0000] {dagbag.py:539} INFO - Filling up the DagBag from /home/airflow/.local/lib/python3.8/site-packages/airflow/example_dags/example_branch_operator.py
[2023-10-11T03:53:13.989+0000] {processor.py:839} INFO - DAG(s) dict_keys(['example_branch_operator']) retrieved from /home/airflow/.local/lib/python3.8/site-packages/airflow/example_dags/example_branch_operator.py
[2023-10-11T03:53:14.018+0000] {logging_mixin.py:151} INFO - [2023-10-11T03:53:14.018+0000] {dag.py:2915} INFO - Sync 1 DAGs
[2023-10-11T03:53:14.038+0000] {logging_mixin.py:151} INFO - [2023-10-11T03:53:14.038+0000] {dag.py:3696} INFO - Setting next_dagrun for example_branch_operator to 2023-10-10T00:00:00+00:00, run_after=2023-10-11T00:00:00+00:00
[2023-10-11T03:53:14.058+0000] {processor.py:179} INFO - Processing /home/airflow/.local/lib/python3.8/site-packages/airflow/example_dags/example_branch_operator.py took 0.087 seconds
[2023-10-11T03:53:44.333+0000] {processor.py:157} INFO - Started process (PID=1681) to work on /home/airflow/.local/lib/python3.8/site-packages/airflow/example_dags/example_branch_operator.py
[2023-10-11T03:53:44.335+0000] {processor.py:829} INFO - Processing file /home/airflow/.local/lib/python3.8/site-packages/airflow/example_dags/example_branch_operator.py for tasks to queue
[2023-10-11T03:53:44.338+0000] {logging_mixin.py:151} INFO - [2023-10-11T03:53:44.337+0000] {dagbag.py:539} INFO - Filling up the DagBag from /home/airflow/.local/lib/python3.8/site-packages/airflow/example_dags/example_branch_operator.py
[2023-10-11T03:53:44.345+0000] {processor.py:839} INFO - DAG(s) dict_keys(['example_branch_operator']) retrieved from /home/airflow/.local/lib/python3.8/site-packages/airflow/example_dags/example_branch_operator.py
[2023-10-11T03:53:44.371+0000] {logging_mixin.py:151} INFO - [2023-10-11T03:53:44.371+0000] {dag.py:2915} INFO - Sync 1 DAGs
[2023-10-11T03:53:44.392+0000] {logging_mixin.py:151} INFO - [2023-10-11T03:53:44.391+0000] {dag.py:3696} INFO - Setting next_dagrun for example_branch_operator to 2023-10-10T00:00:00+00:00, run_after=2023-10-11T00:00:00+00:00
[2023-10-11T03:53:44.411+0000] {processor.py:179} INFO - Processing /home/airflow/.local/lib/python3.8/site-packages/airflow/example_dags/example_branch_operator.py took 0.082 seconds
[2023-10-11T03:54:14.646+0000] {processor.py:157} INFO - Started process (PID=1738) to work on /home/airflow/.local/lib/python3.8/site-packages/airflow/example_dags/example_branch_operator.py
[2023-10-11T03:54:14.648+0000] {processor.py:829} INFO - Processing file /home/airflow/.local/lib/python3.8/site-packages/airflow/example_dags/example_branch_operator.py for tasks to queue
[2023-10-11T03:54:14.650+0000] {logging_mixin.py:151} INFO - [2023-10-11T03:54:14.650+0000] {dagbag.py:539} INFO - Filling up the DagBag from /home/airflow/.local/lib/python3.8/site-packages/airflow/example_dags/example_branch_operator.py
[2023-10-11T03:54:14.659+0000] {processor.py:839} INFO - DAG(s) dict_keys(['example_branch_operator']) retrieved from /home/airflow/.local/lib/python3.8/site-packages/airflow/example_dags/example_branch_operator.py
[2023-10-11T03:54:14.682+0000] {logging_mixin.py:151} INFO - [2023-10-11T03:54:14.682+0000] {dag.py:2915} INFO - Sync 1 DAGs
[2023-10-11T03:54:14.707+0000] {logging_mixin.py:151} INFO - [2023-10-11T03:54:14.707+0000] {dag.py:3696} INFO - Setting next_dagrun for example_branch_operator to 2023-10-10T00:00:00+00:00, run_after=2023-10-11T00:00:00+00:00
[2023-10-11T03:54:14.730+0000] {processor.py:179} INFO - Processing /home/airflow/.local/lib/python3.8/site-packages/airflow/example_dags/example_branch_operator.py took 0.088 seconds
[2023-10-11T03:54:44.848+0000] {processor.py:157} INFO - Started process (PID=1795) to work on /home/airflow/.local/lib/python3.8/site-packages/airflow/example_dags/example_branch_operator.py
[2023-10-11T03:54:44.849+0000] {processor.py:829} INFO - Processing file /home/airflow/.local/lib/python3.8/site-packages/airflow/example_dags/example_branch_operator.py for tasks to queue
[2023-10-11T03:54:44.852+0000] {logging_mixin.py:151} INFO - [2023-10-11T03:54:44.851+0000] {dagbag.py:539} INFO - Filling up the DagBag from /home/airflow/.local/lib/python3.8/site-packages/airflow/example_dags/example_branch_operator.py
[2023-10-11T03:54:44.861+0000] {processor.py:839} INFO - DAG(s) dict_keys(['example_branch_operator']) retrieved from /home/airflow/.local/lib/python3.8/site-packages/airflow/example_dags/example_branch_operator.py
[2023-10-11T03:54:44.882+0000] {logging_mixin.py:151} INFO - [2023-10-11T03:54:44.882+0000] {dag.py:2915} INFO - Sync 1 DAGs
[2023-10-11T03:54:44.902+0000] {logging_mixin.py:151} INFO - [2023-10-11T03:54:44.902+0000] {dag.py:3696} INFO - Setting next_dagrun for example_branch_operator to 2023-10-10T00:00:00+00:00, run_after=2023-10-11T00:00:00+00:00
[2023-10-11T03:54:44.923+0000] {processor.py:179} INFO - Processing /home/airflow/.local/lib/python3.8/site-packages/airflow/example_dags/example_branch_operator.py took 0.078 seconds
[2023-10-11T03:55:15.238+0000] {processor.py:157} INFO - Started process (PID=1852) to work on /home/airflow/.local/lib/python3.8/site-packages/airflow/example_dags/example_branch_operator.py
[2023-10-11T03:55:15.239+0000] {processor.py:829} INFO - Processing file /home/airflow/.local/lib/python3.8/site-packages/airflow/example_dags/example_branch_operator.py for tasks to queue
[2023-10-11T03:55:15.242+0000] {logging_mixin.py:151} INFO - [2023-10-11T03:55:15.241+0000] {dagbag.py:539} INFO - Filling up the DagBag from /home/airflow/.local/lib/python3.8/site-packages/airflow/example_dags/example_branch_operator.py
[2023-10-11T03:55:15.250+0000] {processor.py:839} INFO - DAG(s) dict_keys(['example_branch_operator']) retrieved from /home/airflow/.local/lib/python3.8/site-packages/airflow/example_dags/example_branch_operator.py
[2023-10-11T03:55:15.273+0000] {logging_mixin.py:151} INFO - [2023-10-11T03:55:15.273+0000] {dag.py:2915} INFO - Sync 1 DAGs
[2023-10-11T03:55:15.292+0000] {logging_mixin.py:151} INFO - [2023-10-11T03:55:15.292+0000] {dag.py:3696} INFO - Setting next_dagrun for example_branch_operator to 2023-10-10T00:00:00+00:00, run_after=2023-10-11T00:00:00+00:00
[2023-10-11T03:55:15.313+0000] {processor.py:179} INFO - Processing /home/airflow/.local/lib/python3.8/site-packages/airflow/example_dags/example_branch_operator.py took 0.078 seconds
[2023-10-11T03:55:45.562+0000] {processor.py:157} INFO - Started process (PID=1909) to work on /home/airflow/.local/lib/python3.8/site-packages/airflow/example_dags/example_branch_operator.py
[2023-10-11T03:55:45.563+0000] {processor.py:829} INFO - Processing file /home/airflow/.local/lib/python3.8/site-packages/airflow/example_dags/example_branch_operator.py for tasks to queue
[2023-10-11T03:55:45.566+0000] {logging_mixin.py:151} INFO - [2023-10-11T03:55:45.565+0000] {dagbag.py:539} INFO - Filling up the DagBag from /home/airflow/.local/lib/python3.8/site-packages/airflow/example_dags/example_branch_operator.py
[2023-10-11T03:55:45.573+0000] {processor.py:839} INFO - DAG(s) dict_keys(['example_branch_operator']) retrieved from /home/airflow/.local/lib/python3.8/site-packages/airflow/example_dags/example_branch_operator.py
[2023-10-11T03:55:45.596+0000] {logging_mixin.py:151} INFO - [2023-10-11T03:55:45.596+0000] {dag.py:2915} INFO - Sync 1 DAGs
[2023-10-11T03:55:45.617+0000] {logging_mixin.py:151} INFO - [2023-10-11T03:55:45.617+0000] {dag.py:3696} INFO - Setting next_dagrun for example_branch_operator to 2023-10-10T00:00:00+00:00, run_after=2023-10-11T00:00:00+00:00
[2023-10-11T03:55:45.638+0000] {processor.py:179} INFO - Processing /home/airflow/.local/lib/python3.8/site-packages/airflow/example_dags/example_branch_operator.py took 0.079 seconds
[2023-10-11T03:56:16.371+0000] {processor.py:157} INFO - Started process (PID=1966) to work on /home/airflow/.local/lib/python3.8/site-packages/airflow/example_dags/example_branch_operator.py
[2023-10-11T03:56:16.373+0000] {processor.py:829} INFO - Processing file /home/airflow/.local/lib/python3.8/site-packages/airflow/example_dags/example_branch_operator.py for tasks to queue
[2023-10-11T03:56:16.377+0000] {logging_mixin.py:151} INFO - [2023-10-11T03:56:16.376+0000] {dagbag.py:539} INFO - Filling up the DagBag from /home/airflow/.local/lib/python3.8/site-packages/airflow/example_dags/example_branch_operator.py
[2023-10-11T03:56:16.386+0000] {processor.py:839} INFO - DAG(s) dict_keys(['example_branch_operator']) retrieved from /home/airflow/.local/lib/python3.8/site-packages/airflow/example_dags/example_branch_operator.py
[2023-10-11T03:56:16.414+0000] {logging_mixin.py:151} INFO - [2023-10-11T03:56:16.414+0000] {dag.py:2915} INFO - Sync 1 DAGs
[2023-10-11T03:56:16.442+0000] {logging_mixin.py:151} INFO - [2023-10-11T03:56:16.442+0000] {dag.py:3696} INFO - Setting next_dagrun for example_branch_operator to 2023-10-10T00:00:00+00:00, run_after=2023-10-11T00:00:00+00:00
[2023-10-11T03:56:16.463+0000] {processor.py:179} INFO - Processing /home/airflow/.local/lib/python3.8/site-packages/airflow/example_dags/example_branch_operator.py took 0.095 seconds
[2023-10-11T03:56:46.727+0000] {processor.py:157} INFO - Started process (PID=2023) to work on /home/airflow/.local/lib/python3.8/site-packages/airflow/example_dags/example_branch_operator.py
[2023-10-11T03:56:46.729+0000] {processor.py:829} INFO - Processing file /home/airflow/.local/lib/python3.8/site-packages/airflow/example_dags/example_branch_operator.py for tasks to queue
[2023-10-11T03:56:46.732+0000] {logging_mixin.py:151} INFO - [2023-10-11T03:56:46.732+0000] {dagbag.py:539} INFO - Filling up the DagBag from /home/airflow/.local/lib/python3.8/site-packages/airflow/example_dags/example_branch_operator.py
[2023-10-11T03:56:46.740+0000] {processor.py:839} INFO - DAG(s) dict_keys(['example_branch_operator']) retrieved from /home/airflow/.local/lib/python3.8/site-packages/airflow/example_dags/example_branch_operator.py
[2023-10-11T03:56:46.765+0000] {logging_mixin.py:151} INFO - [2023-10-11T03:56:46.765+0000] {dag.py:2915} INFO - Sync 1 DAGs
[2023-10-11T03:56:46.785+0000] {logging_mixin.py:151} INFO - [2023-10-11T03:56:46.785+0000] {dag.py:3696} INFO - Setting next_dagrun for example_branch_operator to 2023-10-10T00:00:00+00:00, run_after=2023-10-11T00:00:00+00:00
[2023-10-11T03:56:46.805+0000] {processor.py:179} INFO - Processing /home/airflow/.local/lib/python3.8/site-packages/airflow/example_dags/example_branch_operator.py took 0.080 seconds
[2023-10-11T03:57:17.287+0000] {processor.py:157} INFO - Started process (PID=2080) to work on /home/airflow/.local/lib/python3.8/site-packages/airflow/example_dags/example_branch_operator.py
[2023-10-11T03:57:17.289+0000] {processor.py:829} INFO - Processing file /home/airflow/.local/lib/python3.8/site-packages/airflow/example_dags/example_branch_operator.py for tasks to queue
[2023-10-11T03:57:17.295+0000] {logging_mixin.py:151} INFO - [2023-10-11T03:57:17.294+0000] {dagbag.py:539} INFO - Filling up the DagBag from /home/airflow/.local/lib/python3.8/site-packages/airflow/example_dags/example_branch_operator.py
[2023-10-11T03:57:17.315+0000] {processor.py:839} INFO - DAG(s) dict_keys(['example_branch_operator']) retrieved from /home/airflow/.local/lib/python3.8/site-packages/airflow/example_dags/example_branch_operator.py
[2023-10-11T03:57:17.361+0000] {logging_mixin.py:151} INFO - [2023-10-11T03:57:17.361+0000] {dag.py:2915} INFO - Sync 1 DAGs
[2023-10-11T03:57:17.395+0000] {logging_mixin.py:151} INFO - [2023-10-11T03:57:17.395+0000] {dag.py:3696} INFO - Setting next_dagrun for example_branch_operator to 2023-10-10T00:00:00+00:00, run_after=2023-10-11T00:00:00+00:00
[2023-10-11T03:57:17.428+0000] {processor.py:179} INFO - Processing /home/airflow/.local/lib/python3.8/site-packages/airflow/example_dags/example_branch_operator.py took 0.146 seconds
[2023-10-11T03:57:47.964+0000] {processor.py:157} INFO - Started process (PID=2137) to work on /home/airflow/.local/lib/python3.8/site-packages/airflow/example_dags/example_branch_operator.py
[2023-10-11T03:57:47.966+0000] {processor.py:829} INFO - Processing file /home/airflow/.local/lib/python3.8/site-packages/airflow/example_dags/example_branch_operator.py for tasks to queue
[2023-10-11T03:57:47.969+0000] {logging_mixin.py:151} INFO - [2023-10-11T03:57:47.968+0000] {dagbag.py:539} INFO - Filling up the DagBag from /home/airflow/.local/lib/python3.8/site-packages/airflow/example_dags/example_branch_operator.py
[2023-10-11T03:57:47.976+0000] {processor.py:839} INFO - DAG(s) dict_keys(['example_branch_operator']) retrieved from /home/airflow/.local/lib/python3.8/site-packages/airflow/example_dags/example_branch_operator.py
[2023-10-11T03:57:48.001+0000] {logging_mixin.py:151} INFO - [2023-10-11T03:57:48.000+0000] {dag.py:2915} INFO - Sync 1 DAGs
[2023-10-11T03:57:48.020+0000] {logging_mixin.py:151} INFO - [2023-10-11T03:57:48.020+0000] {dag.py:3696} INFO - Setting next_dagrun for example_branch_operator to 2023-10-10T00:00:00+00:00, run_after=2023-10-11T00:00:00+00:00
[2023-10-11T03:57:48.042+0000] {processor.py:179} INFO - Processing /home/airflow/.local/lib/python3.8/site-packages/airflow/example_dags/example_branch_operator.py took 0.082 seconds
[2023-10-11T03:58:18.231+0000] {processor.py:157} INFO - Started process (PID=2194) to work on /home/airflow/.local/lib/python3.8/site-packages/airflow/example_dags/example_branch_operator.py
[2023-10-11T03:58:18.233+0000] {processor.py:829} INFO - Processing file /home/airflow/.local/lib/python3.8/site-packages/airflow/example_dags/example_branch_operator.py for tasks to queue
[2023-10-11T03:58:18.235+0000] {logging_mixin.py:151} INFO - [2023-10-11T03:58:18.235+0000] {dagbag.py:539} INFO - Filling up the DagBag from /home/airflow/.local/lib/python3.8/site-packages/airflow/example_dags/example_branch_operator.py
[2023-10-11T03:58:18.243+0000] {processor.py:839} INFO - DAG(s) dict_keys(['example_branch_operator']) retrieved from /home/airflow/.local/lib/python3.8/site-packages/airflow/example_dags/example_branch_operator.py
[2023-10-11T03:58:18.266+0000] {logging_mixin.py:151} INFO - [2023-10-11T03:58:18.266+0000] {dag.py:2915} INFO - Sync 1 DAGs
[2023-10-11T03:58:18.287+0000] {logging_mixin.py:151} INFO - [2023-10-11T03:58:18.287+0000] {dag.py:3696} INFO - Setting next_dagrun for example_branch_operator to 2023-10-10T00:00:00+00:00, run_after=2023-10-11T00:00:00+00:00
[2023-10-11T03:58:18.308+0000] {processor.py:179} INFO - Processing /home/airflow/.local/lib/python3.8/site-packages/airflow/example_dags/example_branch_operator.py took 0.080 seconds
[2023-10-11T03:58:49.301+0000] {processor.py:157} INFO - Started process (PID=2251) to work on /home/airflow/.local/lib/python3.8/site-packages/airflow/example_dags/example_branch_operator.py
[2023-10-11T03:58:49.303+0000] {processor.py:829} INFO - Processing file /home/airflow/.local/lib/python3.8/site-packages/airflow/example_dags/example_branch_operator.py for tasks to queue
[2023-10-11T03:58:49.305+0000] {logging_mixin.py:151} INFO - [2023-10-11T03:58:49.305+0000] {dagbag.py:539} INFO - Filling up the DagBag from /home/airflow/.local/lib/python3.8/site-packages/airflow/example_dags/example_branch_operator.py
[2023-10-11T03:58:49.314+0000] {processor.py:839} INFO - DAG(s) dict_keys(['example_branch_operator']) retrieved from /home/airflow/.local/lib/python3.8/site-packages/airflow/example_dags/example_branch_operator.py
[2023-10-11T03:58:49.336+0000] {logging_mixin.py:151} INFO - [2023-10-11T03:58:49.336+0000] {dag.py:2915} INFO - Sync 1 DAGs
[2023-10-11T03:58:49.356+0000] {logging_mixin.py:151} INFO - [2023-10-11T03:58:49.356+0000] {dag.py:3696} INFO - Setting next_dagrun for example_branch_operator to 2023-10-10T00:00:00+00:00, run_after=2023-10-11T00:00:00+00:00
[2023-10-11T03:58:49.376+0000] {processor.py:179} INFO - Processing /home/airflow/.local/lib/python3.8/site-packages/airflow/example_dags/example_branch_operator.py took 0.078 seconds
[2023-10-11T03:59:19.960+0000] {processor.py:157} INFO - Started process (PID=2308) to work on /home/airflow/.local/lib/python3.8/site-packages/airflow/example_dags/example_branch_operator.py
[2023-10-11T03:59:19.961+0000] {processor.py:829} INFO - Processing file /home/airflow/.local/lib/python3.8/site-packages/airflow/example_dags/example_branch_operator.py for tasks to queue
[2023-10-11T03:59:19.964+0000] {logging_mixin.py:151} INFO - [2023-10-11T03:59:19.963+0000] {dagbag.py:539} INFO - Filling up the DagBag from /home/airflow/.local/lib/python3.8/site-packages/airflow/example_dags/example_branch_operator.py
[2023-10-11T03:59:19.971+0000] {processor.py:839} INFO - DAG(s) dict_keys(['example_branch_operator']) retrieved from /home/airflow/.local/lib/python3.8/site-packages/airflow/example_dags/example_branch_operator.py
[2023-10-11T03:59:19.993+0000] {logging_mixin.py:151} INFO - [2023-10-11T03:59:19.993+0000] {dag.py:2915} INFO - Sync 1 DAGs
[2023-10-11T03:59:20.011+0000] {logging_mixin.py:151} INFO - [2023-10-11T03:59:20.011+0000] {dag.py:3696} INFO - Setting next_dagrun for example_branch_operator to 2023-10-10T00:00:00+00:00, run_after=2023-10-11T00:00:00+00:00
[2023-10-11T03:59:20.032+0000] {processor.py:179} INFO - Processing /home/airflow/.local/lib/python3.8/site-packages/airflow/example_dags/example_branch_operator.py took 0.076 seconds
[2023-10-11T03:59:50.445+0000] {processor.py:157} INFO - Started process (PID=2365) to work on /home/airflow/.local/lib/python3.8/site-packages/airflow/example_dags/example_branch_operator.py
[2023-10-11T03:59:50.447+0000] {processor.py:829} INFO - Processing file /home/airflow/.local/lib/python3.8/site-packages/airflow/example_dags/example_branch_operator.py for tasks to queue
[2023-10-11T03:59:50.451+0000] {logging_mixin.py:151} INFO - [2023-10-11T03:59:50.450+0000] {dagbag.py:539} INFO - Filling up the DagBag from /home/airflow/.local/lib/python3.8/site-packages/airflow/example_dags/example_branch_operator.py
[2023-10-11T03:59:50.458+0000] {processor.py:839} INFO - DAG(s) dict_keys(['example_branch_operator']) retrieved from /home/airflow/.local/lib/python3.8/site-packages/airflow/example_dags/example_branch_operator.py
[2023-10-11T03:59:50.481+0000] {logging_mixin.py:151} INFO - [2023-10-11T03:59:50.481+0000] {dag.py:2915} INFO - Sync 1 DAGs
[2023-10-11T03:59:50.500+0000] {logging_mixin.py:151} INFO - [2023-10-11T03:59:50.500+0000] {dag.py:3696} INFO - Setting next_dagrun for example_branch_operator to 2023-10-10T00:00:00+00:00, run_after=2023-10-11T00:00:00+00:00
[2023-10-11T03:59:50.522+0000] {processor.py:179} INFO - Processing /home/airflow/.local/lib/python3.8/site-packages/airflow/example_dags/example_branch_operator.py took 0.080 seconds
[2023-10-11T04:00:21.032+0000] {processor.py:157} INFO - Started process (PID=2423) to work on /home/airflow/.local/lib/python3.8/site-packages/airflow/example_dags/example_branch_operator.py
[2023-10-11T04:00:21.033+0000] {processor.py:829} INFO - Processing file /home/airflow/.local/lib/python3.8/site-packages/airflow/example_dags/example_branch_operator.py for tasks to queue
[2023-10-11T04:00:21.037+0000] {logging_mixin.py:151} INFO - [2023-10-11T04:00:21.036+0000] {dagbag.py:539} INFO - Filling up the DagBag from /home/airflow/.local/lib/python3.8/site-packages/airflow/example_dags/example_branch_operator.py
[2023-10-11T04:00:21.045+0000] {processor.py:839} INFO - DAG(s) dict_keys(['example_branch_operator']) retrieved from /home/airflow/.local/lib/python3.8/site-packages/airflow/example_dags/example_branch_operator.py
[2023-10-11T04:00:21.069+0000] {logging_mixin.py:151} INFO - [2023-10-11T04:00:21.069+0000] {dag.py:2915} INFO - Sync 1 DAGs
[2023-10-11T04:00:21.088+0000] {logging_mixin.py:151} INFO - [2023-10-11T04:00:21.088+0000] {dag.py:3696} INFO - Setting next_dagrun for example_branch_operator to 2023-10-10T00:00:00+00:00, run_after=2023-10-11T00:00:00+00:00
[2023-10-11T04:00:21.109+0000] {processor.py:179} INFO - Processing /home/airflow/.local/lib/python3.8/site-packages/airflow/example_dags/example_branch_operator.py took 0.082 seconds
[2023-10-11T04:00:51.236+0000] {processor.py:157} INFO - Started process (PID=2479) to work on /home/airflow/.local/lib/python3.8/site-packages/airflow/example_dags/example_branch_operator.py
[2023-10-11T04:00:51.237+0000] {processor.py:829} INFO - Processing file /home/airflow/.local/lib/python3.8/site-packages/airflow/example_dags/example_branch_operator.py for tasks to queue
[2023-10-11T04:00:51.240+0000] {logging_mixin.py:151} INFO - [2023-10-11T04:00:51.239+0000] {dagbag.py:539} INFO - Filling up the DagBag from /home/airflow/.local/lib/python3.8/site-packages/airflow/example_dags/example_branch_operator.py
[2023-10-11T04:00:51.248+0000] {processor.py:839} INFO - DAG(s) dict_keys(['example_branch_operator']) retrieved from /home/airflow/.local/lib/python3.8/site-packages/airflow/example_dags/example_branch_operator.py
[2023-10-11T04:00:51.276+0000] {logging_mixin.py:151} INFO - [2023-10-11T04:00:51.276+0000] {dag.py:2915} INFO - Sync 1 DAGs
[2023-10-11T04:00:51.301+0000] {logging_mixin.py:151} INFO - [2023-10-11T04:00:51.301+0000] {dag.py:3696} INFO - Setting next_dagrun for example_branch_operator to 2023-10-10T00:00:00+00:00, run_after=2023-10-11T00:00:00+00:00
[2023-10-11T04:00:51.322+0000] {processor.py:179} INFO - Processing /home/airflow/.local/lib/python3.8/site-packages/airflow/example_dags/example_branch_operator.py took 0.090 seconds
[2023-10-11T04:01:21.728+0000] {processor.py:157} INFO - Started process (PID=2536) to work on /home/airflow/.local/lib/python3.8/site-packages/airflow/example_dags/example_branch_operator.py
[2023-10-11T04:01:21.729+0000] {processor.py:829} INFO - Processing file /home/airflow/.local/lib/python3.8/site-packages/airflow/example_dags/example_branch_operator.py for tasks to queue
[2023-10-11T04:01:21.731+0000] {logging_mixin.py:151} INFO - [2023-10-11T04:01:21.731+0000] {dagbag.py:539} INFO - Filling up the DagBag from /home/airflow/.local/lib/python3.8/site-packages/airflow/example_dags/example_branch_operator.py
[2023-10-11T04:01:21.740+0000] {processor.py:839} INFO - DAG(s) dict_keys(['example_branch_operator']) retrieved from /home/airflow/.local/lib/python3.8/site-packages/airflow/example_dags/example_branch_operator.py
[2023-10-11T04:01:21.762+0000] {logging_mixin.py:151} INFO - [2023-10-11T04:01:21.761+0000] {dag.py:2915} INFO - Sync 1 DAGs
[2023-10-11T04:01:21.782+0000] {logging_mixin.py:151} INFO - [2023-10-11T04:01:21.782+0000] {dag.py:3696} INFO - Setting next_dagrun for example_branch_operator to 2023-10-10T00:00:00+00:00, run_after=2023-10-11T00:00:00+00:00
[2023-10-11T04:01:21.804+0000] {processor.py:179} INFO - Processing /home/airflow/.local/lib/python3.8/site-packages/airflow/example_dags/example_branch_operator.py took 0.081 seconds
[2023-10-11T04:01:52.635+0000] {processor.py:157} INFO - Started process (PID=2593) to work on /home/airflow/.local/lib/python3.8/site-packages/airflow/example_dags/example_branch_operator.py
[2023-10-11T04:01:52.636+0000] {processor.py:829} INFO - Processing file /home/airflow/.local/lib/python3.8/site-packages/airflow/example_dags/example_branch_operator.py for tasks to queue
[2023-10-11T04:01:52.639+0000] {logging_mixin.py:151} INFO - [2023-10-11T04:01:52.638+0000] {dagbag.py:539} INFO - Filling up the DagBag from /home/airflow/.local/lib/python3.8/site-packages/airflow/example_dags/example_branch_operator.py
[2023-10-11T04:01:52.646+0000] {processor.py:839} INFO - DAG(s) dict_keys(['example_branch_operator']) retrieved from /home/airflow/.local/lib/python3.8/site-packages/airflow/example_dags/example_branch_operator.py
[2023-10-11T04:01:52.668+0000] {logging_mixin.py:151} INFO - [2023-10-11T04:01:52.668+0000] {dag.py:2915} INFO - Sync 1 DAGs
[2023-10-11T04:01:52.687+0000] {logging_mixin.py:151} INFO - [2023-10-11T04:01:52.686+0000] {dag.py:3696} INFO - Setting next_dagrun for example_branch_operator to 2023-10-10T00:00:00+00:00, run_after=2023-10-11T00:00:00+00:00
[2023-10-11T04:01:52.706+0000] {processor.py:179} INFO - Processing /home/airflow/.local/lib/python3.8/site-packages/airflow/example_dags/example_branch_operator.py took 0.074 seconds
[2023-10-11T04:02:23.336+0000] {processor.py:157} INFO - Started process (PID=2650) to work on /home/airflow/.local/lib/python3.8/site-packages/airflow/example_dags/example_branch_operator.py
[2023-10-11T04:02:23.338+0000] {processor.py:829} INFO - Processing file /home/airflow/.local/lib/python3.8/site-packages/airflow/example_dags/example_branch_operator.py for tasks to queue
[2023-10-11T04:02:23.341+0000] {logging_mixin.py:151} INFO - [2023-10-11T04:02:23.341+0000] {dagbag.py:539} INFO - Filling up the DagBag from /home/airflow/.local/lib/python3.8/site-packages/airflow/example_dags/example_branch_operator.py
[2023-10-11T04:02:23.350+0000] {processor.py:839} INFO - DAG(s) dict_keys(['example_branch_operator']) retrieved from /home/airflow/.local/lib/python3.8/site-packages/airflow/example_dags/example_branch_operator.py
[2023-10-11T04:02:23.376+0000] {logging_mixin.py:151} INFO - [2023-10-11T04:02:23.376+0000] {dag.py:2915} INFO - Sync 1 DAGs
[2023-10-11T04:02:23.401+0000] {logging_mixin.py:151} INFO - [2023-10-11T04:02:23.401+0000] {dag.py:3696} INFO - Setting next_dagrun for example_branch_operator to 2023-10-10T00:00:00+00:00, run_after=2023-10-11T00:00:00+00:00
[2023-10-11T04:02:23.424+0000] {processor.py:179} INFO - Processing /home/airflow/.local/lib/python3.8/site-packages/airflow/example_dags/example_branch_operator.py took 0.092 seconds
[2023-10-11T04:02:54.345+0000] {processor.py:157} INFO - Started process (PID=2707) to work on /home/airflow/.local/lib/python3.8/site-packages/airflow/example_dags/example_branch_operator.py
[2023-10-11T04:02:54.347+0000] {processor.py:829} INFO - Processing file /home/airflow/.local/lib/python3.8/site-packages/airflow/example_dags/example_branch_operator.py for tasks to queue
[2023-10-11T04:02:54.349+0000] {logging_mixin.py:151} INFO - [2023-10-11T04:02:54.349+0000] {dagbag.py:539} INFO - Filling up the DagBag from /home/airflow/.local/lib/python3.8/site-packages/airflow/example_dags/example_branch_operator.py
[2023-10-11T04:02:54.357+0000] {processor.py:839} INFO - DAG(s) dict_keys(['example_branch_operator']) retrieved from /home/airflow/.local/lib/python3.8/site-packages/airflow/example_dags/example_branch_operator.py
[2023-10-11T04:02:54.383+0000] {logging_mixin.py:151} INFO - [2023-10-11T04:02:54.383+0000] {dag.py:2915} INFO - Sync 1 DAGs
[2023-10-11T04:02:54.404+0000] {logging_mixin.py:151} INFO - [2023-10-11T04:02:54.404+0000] {dag.py:3696} INFO - Setting next_dagrun for example_branch_operator to 2023-10-10T00:00:00+00:00, run_after=2023-10-11T00:00:00+00:00
[2023-10-11T04:02:54.427+0000] {processor.py:179} INFO - Processing /home/airflow/.local/lib/python3.8/site-packages/airflow/example_dags/example_branch_operator.py took 0.085 seconds
[2023-10-11T04:03:24.680+0000] {processor.py:157} INFO - Started process (PID=2764) to work on /home/airflow/.local/lib/python3.8/site-packages/airflow/example_dags/example_branch_operator.py
[2023-10-11T04:03:24.683+0000] {processor.py:829} INFO - Processing file /home/airflow/.local/lib/python3.8/site-packages/airflow/example_dags/example_branch_operator.py for tasks to queue
[2023-10-11T04:03:24.688+0000] {logging_mixin.py:151} INFO - [2023-10-11T04:03:24.688+0000] {dagbag.py:539} INFO - Filling up the DagBag from /home/airflow/.local/lib/python3.8/site-packages/airflow/example_dags/example_branch_operator.py
[2023-10-11T04:03:24.704+0000] {processor.py:839} INFO - DAG(s) dict_keys(['example_branch_operator']) retrieved from /home/airflow/.local/lib/python3.8/site-packages/airflow/example_dags/example_branch_operator.py
[2023-10-11T04:03:24.744+0000] {logging_mixin.py:151} INFO - [2023-10-11T04:03:24.744+0000] {dag.py:2915} INFO - Sync 1 DAGs
[2023-10-11T04:03:24.779+0000] {logging_mixin.py:151} INFO - [2023-10-11T04:03:24.778+0000] {dag.py:3696} INFO - Setting next_dagrun for example_branch_operator to 2023-10-10T00:00:00+00:00, run_after=2023-10-11T00:00:00+00:00
[2023-10-11T04:03:24.815+0000] {processor.py:179} INFO - Processing /home/airflow/.local/lib/python3.8/site-packages/airflow/example_dags/example_branch_operator.py took 0.140 seconds
[2023-10-11T04:03:55.446+0000] {processor.py:157} INFO - Started process (PID=2825) to work on /home/airflow/.local/lib/python3.8/site-packages/airflow/example_dags/example_branch_operator.py
[2023-10-11T04:03:55.447+0000] {processor.py:829} INFO - Processing file /home/airflow/.local/lib/python3.8/site-packages/airflow/example_dags/example_branch_operator.py for tasks to queue
[2023-10-11T04:03:55.450+0000] {logging_mixin.py:151} INFO - [2023-10-11T04:03:55.449+0000] {dagbag.py:539} INFO - Filling up the DagBag from /home/airflow/.local/lib/python3.8/site-packages/airflow/example_dags/example_branch_operator.py
[2023-10-11T04:03:55.458+0000] {processor.py:839} INFO - DAG(s) dict_keys(['example_branch_operator']) retrieved from /home/airflow/.local/lib/python3.8/site-packages/airflow/example_dags/example_branch_operator.py
[2023-10-11T04:03:55.480+0000] {logging_mixin.py:151} INFO - [2023-10-11T04:03:55.480+0000] {dag.py:2915} INFO - Sync 1 DAGs
[2023-10-11T04:03:55.500+0000] {logging_mixin.py:151} INFO - [2023-10-11T04:03:55.500+0000] {dag.py:3696} INFO - Setting next_dagrun for example_branch_operator to 2023-10-10T00:00:00+00:00, run_after=2023-10-11T00:00:00+00:00
[2023-10-11T04:03:55.522+0000] {processor.py:179} INFO - Processing /home/airflow/.local/lib/python3.8/site-packages/airflow/example_dags/example_branch_operator.py took 0.079 seconds
[2023-10-11T04:04:25.685+0000] {processor.py:157} INFO - Started process (PID=2889) to work on /home/airflow/.local/lib/python3.8/site-packages/airflow/example_dags/example_branch_operator.py
[2023-10-11T04:04:25.686+0000] {processor.py:829} INFO - Processing file /home/airflow/.local/lib/python3.8/site-packages/airflow/example_dags/example_branch_operator.py for tasks to queue
[2023-10-11T04:04:25.689+0000] {logging_mixin.py:151} INFO - [2023-10-11T04:04:25.688+0000] {dagbag.py:539} INFO - Filling up the DagBag from /home/airflow/.local/lib/python3.8/site-packages/airflow/example_dags/example_branch_operator.py
[2023-10-11T04:04:25.698+0000] {processor.py:839} INFO - DAG(s) dict_keys(['example_branch_operator']) retrieved from /home/airflow/.local/lib/python3.8/site-packages/airflow/example_dags/example_branch_operator.py
[2023-10-11T04:04:25.722+0000] {logging_mixin.py:151} INFO - [2023-10-11T04:04:25.721+0000] {dag.py:2915} INFO - Sync 1 DAGs
[2023-10-11T04:04:25.743+0000] {logging_mixin.py:151} INFO - [2023-10-11T04:04:25.743+0000] {dag.py:3696} INFO - Setting next_dagrun for example_branch_operator to 2023-10-10T00:00:00+00:00, run_after=2023-10-11T00:00:00+00:00
[2023-10-11T04:04:25.764+0000] {processor.py:179} INFO - Processing /home/airflow/.local/lib/python3.8/site-packages/airflow/example_dags/example_branch_operator.py took 0.081 seconds
