[2023-10-11T03:39:28.240+0000] {processor.py:157} INFO - Started process (PID=66) to work on /home/airflow/.local/lib/python3.8/site-packages/airflow/example_dags/example_task_group.py
[2023-10-11T03:39:28.242+0000] {processor.py:829} INFO - Processing file /home/airflow/.local/lib/python3.8/site-packages/airflow/example_dags/example_task_group.py for tasks to queue
[2023-10-11T03:39:28.248+0000] {logging_mixin.py:151} INFO - [2023-10-11T03:39:28.247+0000] {dagbag.py:539} INFO - Filling up the DagBag from /home/airflow/.local/lib/python3.8/site-packages/airflow/example_dags/example_task_group.py
[2023-10-11T03:39:28.261+0000] {processor.py:839} INFO - DAG(s) dict_keys(['example_task_group']) retrieved from /home/airflow/.local/lib/python3.8/site-packages/airflow/example_dags/example_task_group.py
[2023-10-11T03:39:28.313+0000] {logging_mixin.py:151} INFO - [2023-10-11T03:39:28.312+0000] {dag.py:2915} INFO - Sync 1 DAGs
[2023-10-11T03:39:28.344+0000] {logging_mixin.py:151} INFO - [2023-10-11T03:39:28.343+0000] {dag.py:3696} INFO - Setting next_dagrun for example_task_group to 2023-10-10T03:39:28.343578+00:00, run_after=2023-10-11T03:39:28.343578+00:00
[2023-10-11T03:39:28.374+0000] {processor.py:179} INFO - Processing /home/airflow/.local/lib/python3.8/site-packages/airflow/example_dags/example_task_group.py took 0.137 seconds
[2023-10-11T03:39:59.093+0000] {processor.py:157} INFO - Started process (PID=123) to work on /home/airflow/.local/lib/python3.8/site-packages/airflow/example_dags/example_task_group.py
[2023-10-11T03:39:59.096+0000] {processor.py:829} INFO - Processing file /home/airflow/.local/lib/python3.8/site-packages/airflow/example_dags/example_task_group.py for tasks to queue
[2023-10-11T03:39:59.099+0000] {logging_mixin.py:151} INFO - [2023-10-11T03:39:59.098+0000] {dagbag.py:539} INFO - Filling up the DagBag from /home/airflow/.local/lib/python3.8/site-packages/airflow/example_dags/example_task_group.py
[2023-10-11T03:39:59.105+0000] {processor.py:839} INFO - DAG(s) dict_keys(['example_task_group']) retrieved from /home/airflow/.local/lib/python3.8/site-packages/airflow/example_dags/example_task_group.py
[2023-10-11T03:39:59.126+0000] {logging_mixin.py:151} INFO - [2023-10-11T03:39:59.126+0000] {dag.py:2915} INFO - Sync 1 DAGs
[2023-10-11T03:39:59.147+0000] {logging_mixin.py:151} INFO - [2023-10-11T03:39:59.147+0000] {dag.py:3696} INFO - Setting next_dagrun for example_task_group to 2023-10-10T03:39:59.147476+00:00, run_after=2023-10-11T03:39:59.147476+00:00
[2023-10-11T03:39:59.167+0000] {processor.py:179} INFO - Processing /home/airflow/.local/lib/python3.8/site-packages/airflow/example_dags/example_task_group.py took 0.078 seconds
[2023-10-11T03:40:29.584+0000] {processor.py:157} INFO - Started process (PID=180) to work on /home/airflow/.local/lib/python3.8/site-packages/airflow/example_dags/example_task_group.py
[2023-10-11T03:40:29.586+0000] {processor.py:829} INFO - Processing file /home/airflow/.local/lib/python3.8/site-packages/airflow/example_dags/example_task_group.py for tasks to queue
[2023-10-11T03:40:29.588+0000] {logging_mixin.py:151} INFO - [2023-10-11T03:40:29.588+0000] {dagbag.py:539} INFO - Filling up the DagBag from /home/airflow/.local/lib/python3.8/site-packages/airflow/example_dags/example_task_group.py
[2023-10-11T03:40:29.594+0000] {processor.py:839} INFO - DAG(s) dict_keys(['example_task_group']) retrieved from /home/airflow/.local/lib/python3.8/site-packages/airflow/example_dags/example_task_group.py
[2023-10-11T03:40:29.616+0000] {logging_mixin.py:151} INFO - [2023-10-11T03:40:29.616+0000] {dag.py:2915} INFO - Sync 1 DAGs
[2023-10-11T03:40:29.634+0000] {logging_mixin.py:151} INFO - [2023-10-11T03:40:29.634+0000] {dag.py:3696} INFO - Setting next_dagrun for example_task_group to 2023-10-10T03:40:29.634152+00:00, run_after=2023-10-11T03:40:29.634152+00:00
[2023-10-11T03:40:29.655+0000] {processor.py:179} INFO - Processing /home/airflow/.local/lib/python3.8/site-packages/airflow/example_dags/example_task_group.py took 0.074 seconds
[2023-10-11T03:41:00.369+0000] {processor.py:157} INFO - Started process (PID=237) to work on /home/airflow/.local/lib/python3.8/site-packages/airflow/example_dags/example_task_group.py
[2023-10-11T03:41:00.372+0000] {processor.py:829} INFO - Processing file /home/airflow/.local/lib/python3.8/site-packages/airflow/example_dags/example_task_group.py for tasks to queue
[2023-10-11T03:41:00.376+0000] {logging_mixin.py:151} INFO - [2023-10-11T03:41:00.376+0000] {dagbag.py:539} INFO - Filling up the DagBag from /home/airflow/.local/lib/python3.8/site-packages/airflow/example_dags/example_task_group.py
[2023-10-11T03:41:00.385+0000] {processor.py:839} INFO - DAG(s) dict_keys(['example_task_group']) retrieved from /home/airflow/.local/lib/python3.8/site-packages/airflow/example_dags/example_task_group.py
[2023-10-11T03:41:00.419+0000] {logging_mixin.py:151} INFO - [2023-10-11T03:41:00.419+0000] {dag.py:2915} INFO - Sync 1 DAGs
[2023-10-11T03:41:00.451+0000] {logging_mixin.py:151} INFO - [2023-10-11T03:41:00.450+0000] {dag.py:3696} INFO - Setting next_dagrun for example_task_group to 2023-10-10T03:41:00.450333+00:00, run_after=2023-10-11T03:41:00.450333+00:00
[2023-10-11T03:41:00.480+0000] {processor.py:179} INFO - Processing /home/airflow/.local/lib/python3.8/site-packages/airflow/example_dags/example_task_group.py took 0.117 seconds
[2023-10-11T03:41:30.852+0000] {processor.py:157} INFO - Started process (PID=294) to work on /home/airflow/.local/lib/python3.8/site-packages/airflow/example_dags/example_task_group.py
[2023-10-11T03:41:30.854+0000] {processor.py:829} INFO - Processing file /home/airflow/.local/lib/python3.8/site-packages/airflow/example_dags/example_task_group.py for tasks to queue
[2023-10-11T03:41:30.857+0000] {logging_mixin.py:151} INFO - [2023-10-11T03:41:30.857+0000] {dagbag.py:539} INFO - Filling up the DagBag from /home/airflow/.local/lib/python3.8/site-packages/airflow/example_dags/example_task_group.py
[2023-10-11T03:41:30.868+0000] {processor.py:839} INFO - DAG(s) dict_keys(['example_task_group']) retrieved from /home/airflow/.local/lib/python3.8/site-packages/airflow/example_dags/example_task_group.py
[2023-10-11T03:41:30.904+0000] {logging_mixin.py:151} INFO - [2023-10-11T03:41:30.904+0000] {dag.py:2915} INFO - Sync 1 DAGs
[2023-10-11T03:41:30.951+0000] {logging_mixin.py:151} INFO - [2023-10-11T03:41:30.951+0000] {dag.py:3696} INFO - Setting next_dagrun for example_task_group to 2023-10-10T03:41:30.950628+00:00, run_after=2023-10-11T03:41:30.950628+00:00
[2023-10-11T03:41:31.006+0000] {processor.py:179} INFO - Processing /home/airflow/.local/lib/python3.8/site-packages/airflow/example_dags/example_task_group.py took 0.158 seconds
[2023-10-11T03:42:01.324+0000] {processor.py:157} INFO - Started process (PID=351) to work on /home/airflow/.local/lib/python3.8/site-packages/airflow/example_dags/example_task_group.py
[2023-10-11T03:42:01.327+0000] {processor.py:829} INFO - Processing file /home/airflow/.local/lib/python3.8/site-packages/airflow/example_dags/example_task_group.py for tasks to queue
[2023-10-11T03:42:01.331+0000] {logging_mixin.py:151} INFO - [2023-10-11T03:42:01.331+0000] {dagbag.py:539} INFO - Filling up the DagBag from /home/airflow/.local/lib/python3.8/site-packages/airflow/example_dags/example_task_group.py
[2023-10-11T03:42:01.340+0000] {processor.py:839} INFO - DAG(s) dict_keys(['example_task_group']) retrieved from /home/airflow/.local/lib/python3.8/site-packages/airflow/example_dags/example_task_group.py
[2023-10-11T03:42:01.367+0000] {logging_mixin.py:151} INFO - [2023-10-11T03:42:01.367+0000] {dag.py:2915} INFO - Sync 1 DAGs
[2023-10-11T03:42:01.388+0000] {logging_mixin.py:151} INFO - [2023-10-11T03:42:01.388+0000] {dag.py:3696} INFO - Setting next_dagrun for example_task_group to 2023-10-10T03:42:01.387820+00:00, run_after=2023-10-11T03:42:01.387820+00:00
[2023-10-11T03:42:01.426+0000] {processor.py:179} INFO - Processing /home/airflow/.local/lib/python3.8/site-packages/airflow/example_dags/example_task_group.py took 0.106 seconds
[2023-10-11T03:42:31.656+0000] {processor.py:157} INFO - Started process (PID=408) to work on /home/airflow/.local/lib/python3.8/site-packages/airflow/example_dags/example_task_group.py
[2023-10-11T03:42:31.659+0000] {processor.py:829} INFO - Processing file /home/airflow/.local/lib/python3.8/site-packages/airflow/example_dags/example_task_group.py for tasks to queue
[2023-10-11T03:42:31.663+0000] {logging_mixin.py:151} INFO - [2023-10-11T03:42:31.663+0000] {dagbag.py:539} INFO - Filling up the DagBag from /home/airflow/.local/lib/python3.8/site-packages/airflow/example_dags/example_task_group.py
[2023-10-11T03:42:31.676+0000] {processor.py:839} INFO - DAG(s) dict_keys(['example_task_group']) retrieved from /home/airflow/.local/lib/python3.8/site-packages/airflow/example_dags/example_task_group.py
[2023-10-11T03:42:31.712+0000] {logging_mixin.py:151} INFO - [2023-10-11T03:42:31.711+0000] {dag.py:2915} INFO - Sync 1 DAGs
[2023-10-11T03:42:31.746+0000] {logging_mixin.py:151} INFO - [2023-10-11T03:42:31.746+0000] {dag.py:3696} INFO - Setting next_dagrun for example_task_group to 2023-10-10T03:42:31.745644+00:00, run_after=2023-10-11T03:42:31.745644+00:00
[2023-10-11T03:42:31.776+0000] {processor.py:179} INFO - Processing /home/airflow/.local/lib/python3.8/site-packages/airflow/example_dags/example_task_group.py took 0.127 seconds
[2023-10-11T03:43:02.498+0000] {processor.py:157} INFO - Started process (PID=464) to work on /home/airflow/.local/lib/python3.8/site-packages/airflow/example_dags/example_task_group.py
[2023-10-11T03:43:02.501+0000] {processor.py:829} INFO - Processing file /home/airflow/.local/lib/python3.8/site-packages/airflow/example_dags/example_task_group.py for tasks to queue
[2023-10-11T03:43:02.505+0000] {logging_mixin.py:151} INFO - [2023-10-11T03:43:02.504+0000] {dagbag.py:539} INFO - Filling up the DagBag from /home/airflow/.local/lib/python3.8/site-packages/airflow/example_dags/example_task_group.py
[2023-10-11T03:43:02.513+0000] {processor.py:839} INFO - DAG(s) dict_keys(['example_task_group']) retrieved from /home/airflow/.local/lib/python3.8/site-packages/airflow/example_dags/example_task_group.py
[2023-10-11T03:43:02.551+0000] {logging_mixin.py:151} INFO - [2023-10-11T03:43:02.551+0000] {dag.py:2915} INFO - Sync 1 DAGs
[2023-10-11T03:43:02.573+0000] {logging_mixin.py:151} INFO - [2023-10-11T03:43:02.573+0000] {dag.py:3696} INFO - Setting next_dagrun for example_task_group to 2023-10-10T03:43:02.573345+00:00, run_after=2023-10-11T03:43:02.573345+00:00
[2023-10-11T03:43:02.605+0000] {processor.py:179} INFO - Processing /home/airflow/.local/lib/python3.8/site-packages/airflow/example_dags/example_task_group.py took 0.111 seconds
[2023-10-11T03:43:32.745+0000] {processor.py:157} INFO - Started process (PID=521) to work on /home/airflow/.local/lib/python3.8/site-packages/airflow/example_dags/example_task_group.py
[2023-10-11T03:43:32.752+0000] {processor.py:829} INFO - Processing file /home/airflow/.local/lib/python3.8/site-packages/airflow/example_dags/example_task_group.py for tasks to queue
[2023-10-11T03:43:32.758+0000] {logging_mixin.py:151} INFO - [2023-10-11T03:43:32.757+0000] {dagbag.py:539} INFO - Filling up the DagBag from /home/airflow/.local/lib/python3.8/site-packages/airflow/example_dags/example_task_group.py
[2023-10-11T03:43:32.773+0000] {processor.py:839} INFO - DAG(s) dict_keys(['example_task_group']) retrieved from /home/airflow/.local/lib/python3.8/site-packages/airflow/example_dags/example_task_group.py
[2023-10-11T03:43:32.811+0000] {logging_mixin.py:151} INFO - [2023-10-11T03:43:32.810+0000] {dag.py:2915} INFO - Sync 1 DAGs
[2023-10-11T03:43:32.858+0000] {logging_mixin.py:151} INFO - [2023-10-11T03:43:32.858+0000] {dag.py:3696} INFO - Setting next_dagrun for example_task_group to 2023-10-10T03:43:32.857985+00:00, run_after=2023-10-11T03:43:32.857985+00:00
[2023-10-11T03:43:32.894+0000] {processor.py:179} INFO - Processing /home/airflow/.local/lib/python3.8/site-packages/airflow/example_dags/example_task_group.py took 0.157 seconds
[2023-10-11T03:44:03.086+0000] {processor.py:157} INFO - Started process (PID=578) to work on /home/airflow/.local/lib/python3.8/site-packages/airflow/example_dags/example_task_group.py
[2023-10-11T03:44:03.088+0000] {processor.py:829} INFO - Processing file /home/airflow/.local/lib/python3.8/site-packages/airflow/example_dags/example_task_group.py for tasks to queue
[2023-10-11T03:44:03.092+0000] {logging_mixin.py:151} INFO - [2023-10-11T03:44:03.092+0000] {dagbag.py:539} INFO - Filling up the DagBag from /home/airflow/.local/lib/python3.8/site-packages/airflow/example_dags/example_task_group.py
[2023-10-11T03:44:03.102+0000] {processor.py:839} INFO - DAG(s) dict_keys(['example_task_group']) retrieved from /home/airflow/.local/lib/python3.8/site-packages/airflow/example_dags/example_task_group.py
[2023-10-11T03:44:03.126+0000] {logging_mixin.py:151} INFO - [2023-10-11T03:44:03.126+0000] {dag.py:2915} INFO - Sync 1 DAGs
[2023-10-11T03:44:03.148+0000] {logging_mixin.py:151} INFO - [2023-10-11T03:44:03.148+0000] {dag.py:3696} INFO - Setting next_dagrun for example_task_group to 2023-10-10T03:44:03.147913+00:00, run_after=2023-10-11T03:44:03.147913+00:00
[2023-10-11T03:44:03.169+0000] {processor.py:179} INFO - Processing /home/airflow/.local/lib/python3.8/site-packages/airflow/example_dags/example_task_group.py took 0.089 seconds
[2023-10-11T03:44:33.437+0000] {processor.py:157} INFO - Started process (PID=635) to work on /home/airflow/.local/lib/python3.8/site-packages/airflow/example_dags/example_task_group.py
[2023-10-11T03:44:33.438+0000] {processor.py:829} INFO - Processing file /home/airflow/.local/lib/python3.8/site-packages/airflow/example_dags/example_task_group.py for tasks to queue
[2023-10-11T03:44:33.442+0000] {logging_mixin.py:151} INFO - [2023-10-11T03:44:33.442+0000] {dagbag.py:539} INFO - Filling up the DagBag from /home/airflow/.local/lib/python3.8/site-packages/airflow/example_dags/example_task_group.py
[2023-10-11T03:44:33.450+0000] {processor.py:839} INFO - DAG(s) dict_keys(['example_task_group']) retrieved from /home/airflow/.local/lib/python3.8/site-packages/airflow/example_dags/example_task_group.py
[2023-10-11T03:44:33.473+0000] {logging_mixin.py:151} INFO - [2023-10-11T03:44:33.473+0000] {dag.py:2915} INFO - Sync 1 DAGs
[2023-10-11T03:44:33.492+0000] {logging_mixin.py:151} INFO - [2023-10-11T03:44:33.492+0000] {dag.py:3696} INFO - Setting next_dagrun for example_task_group to 2023-10-10T03:44:33.492622+00:00, run_after=2023-10-11T03:44:33.492622+00:00
[2023-10-11T03:44:33.518+0000] {processor.py:179} INFO - Processing /home/airflow/.local/lib/python3.8/site-packages/airflow/example_dags/example_task_group.py took 0.084 seconds
[2023-10-11T03:45:03.886+0000] {processor.py:157} INFO - Started process (PID=692) to work on /home/airflow/.local/lib/python3.8/site-packages/airflow/example_dags/example_task_group.py
[2023-10-11T03:45:03.889+0000] {processor.py:829} INFO - Processing file /home/airflow/.local/lib/python3.8/site-packages/airflow/example_dags/example_task_group.py for tasks to queue
[2023-10-11T03:45:03.892+0000] {logging_mixin.py:151} INFO - [2023-10-11T03:45:03.892+0000] {dagbag.py:539} INFO - Filling up the DagBag from /home/airflow/.local/lib/python3.8/site-packages/airflow/example_dags/example_task_group.py
[2023-10-11T03:45:03.901+0000] {processor.py:839} INFO - DAG(s) dict_keys(['example_task_group']) retrieved from /home/airflow/.local/lib/python3.8/site-packages/airflow/example_dags/example_task_group.py
[2023-10-11T03:45:03.928+0000] {logging_mixin.py:151} INFO - [2023-10-11T03:45:03.928+0000] {dag.py:2915} INFO - Sync 1 DAGs
[2023-10-11T03:45:03.948+0000] {logging_mixin.py:151} INFO - [2023-10-11T03:45:03.948+0000] {dag.py:3696} INFO - Setting next_dagrun for example_task_group to 2023-10-10T03:45:03.948413+00:00, run_after=2023-10-11T03:45:03.948413+00:00
[2023-10-11T03:45:03.978+0000] {processor.py:179} INFO - Processing /home/airflow/.local/lib/python3.8/site-packages/airflow/example_dags/example_task_group.py took 0.094 seconds
[2023-10-11T03:45:34.239+0000] {processor.py:157} INFO - Started process (PID=749) to work on /home/airflow/.local/lib/python3.8/site-packages/airflow/example_dags/example_task_group.py
[2023-10-11T03:45:34.241+0000] {processor.py:829} INFO - Processing file /home/airflow/.local/lib/python3.8/site-packages/airflow/example_dags/example_task_group.py for tasks to queue
[2023-10-11T03:45:34.243+0000] {logging_mixin.py:151} INFO - [2023-10-11T03:45:34.243+0000] {dagbag.py:539} INFO - Filling up the DagBag from /home/airflow/.local/lib/python3.8/site-packages/airflow/example_dags/example_task_group.py
[2023-10-11T03:45:34.250+0000] {processor.py:839} INFO - DAG(s) dict_keys(['example_task_group']) retrieved from /home/airflow/.local/lib/python3.8/site-packages/airflow/example_dags/example_task_group.py
[2023-10-11T03:45:34.274+0000] {logging_mixin.py:151} INFO - [2023-10-11T03:45:34.274+0000] {dag.py:2915} INFO - Sync 1 DAGs
[2023-10-11T03:45:34.303+0000] {logging_mixin.py:151} INFO - [2023-10-11T03:45:34.303+0000] {dag.py:3696} INFO - Setting next_dagrun for example_task_group to 2023-10-10T03:45:34.302966+00:00, run_after=2023-10-11T03:45:34.302966+00:00
[2023-10-11T03:45:34.334+0000] {processor.py:179} INFO - Processing /home/airflow/.local/lib/python3.8/site-packages/airflow/example_dags/example_task_group.py took 0.098 seconds
[2023-10-11T03:46:04.667+0000] {processor.py:157} INFO - Started process (PID=806) to work on /home/airflow/.local/lib/python3.8/site-packages/airflow/example_dags/example_task_group.py
[2023-10-11T03:46:04.669+0000] {processor.py:829} INFO - Processing file /home/airflow/.local/lib/python3.8/site-packages/airflow/example_dags/example_task_group.py for tasks to queue
[2023-10-11T03:46:04.672+0000] {logging_mixin.py:151} INFO - [2023-10-11T03:46:04.672+0000] {dagbag.py:539} INFO - Filling up the DagBag from /home/airflow/.local/lib/python3.8/site-packages/airflow/example_dags/example_task_group.py
[2023-10-11T03:46:04.680+0000] {processor.py:839} INFO - DAG(s) dict_keys(['example_task_group']) retrieved from /home/airflow/.local/lib/python3.8/site-packages/airflow/example_dags/example_task_group.py
[2023-10-11T03:46:04.701+0000] {logging_mixin.py:151} INFO - [2023-10-11T03:46:04.701+0000] {dag.py:2915} INFO - Sync 1 DAGs
[2023-10-11T03:46:04.722+0000] {logging_mixin.py:151} INFO - [2023-10-11T03:46:04.721+0000] {dag.py:3696} INFO - Setting next_dagrun for example_task_group to 2023-10-10T03:46:04.721670+00:00, run_after=2023-10-11T03:46:04.721670+00:00
[2023-10-11T03:46:04.750+0000] {processor.py:179} INFO - Processing /home/airflow/.local/lib/python3.8/site-packages/airflow/example_dags/example_task_group.py took 0.086 seconds
[2023-10-11T03:46:35.766+0000] {processor.py:157} INFO - Started process (PID=863) to work on /home/airflow/.local/lib/python3.8/site-packages/airflow/example_dags/example_task_group.py
[2023-10-11T03:46:35.767+0000] {processor.py:829} INFO - Processing file /home/airflow/.local/lib/python3.8/site-packages/airflow/example_dags/example_task_group.py for tasks to queue
[2023-10-11T03:46:35.770+0000] {logging_mixin.py:151} INFO - [2023-10-11T03:46:35.770+0000] {dagbag.py:539} INFO - Filling up the DagBag from /home/airflow/.local/lib/python3.8/site-packages/airflow/example_dags/example_task_group.py
[2023-10-11T03:46:35.776+0000] {processor.py:839} INFO - DAG(s) dict_keys(['example_task_group']) retrieved from /home/airflow/.local/lib/python3.8/site-packages/airflow/example_dags/example_task_group.py
[2023-10-11T03:46:35.798+0000] {logging_mixin.py:151} INFO - [2023-10-11T03:46:35.798+0000] {dag.py:2915} INFO - Sync 1 DAGs
[2023-10-11T03:46:35.818+0000] {logging_mixin.py:151} INFO - [2023-10-11T03:46:35.818+0000] {dag.py:3696} INFO - Setting next_dagrun for example_task_group to 2023-10-10T03:46:35.818186+00:00, run_after=2023-10-11T03:46:35.818186+00:00
[2023-10-11T03:46:35.838+0000] {processor.py:179} INFO - Processing /home/airflow/.local/lib/python3.8/site-packages/airflow/example_dags/example_task_group.py took 0.075 seconds
[2023-10-11T03:47:06.065+0000] {processor.py:157} INFO - Started process (PID=920) to work on /home/airflow/.local/lib/python3.8/site-packages/airflow/example_dags/example_task_group.py
[2023-10-11T03:47:06.067+0000] {processor.py:829} INFO - Processing file /home/airflow/.local/lib/python3.8/site-packages/airflow/example_dags/example_task_group.py for tasks to queue
[2023-10-11T03:47:06.069+0000] {logging_mixin.py:151} INFO - [2023-10-11T03:47:06.069+0000] {dagbag.py:539} INFO - Filling up the DagBag from /home/airflow/.local/lib/python3.8/site-packages/airflow/example_dags/example_task_group.py
[2023-10-11T03:47:06.076+0000] {processor.py:839} INFO - DAG(s) dict_keys(['example_task_group']) retrieved from /home/airflow/.local/lib/python3.8/site-packages/airflow/example_dags/example_task_group.py
[2023-10-11T03:47:06.101+0000] {logging_mixin.py:151} INFO - [2023-10-11T03:47:06.101+0000] {dag.py:2915} INFO - Sync 1 DAGs
[2023-10-11T03:47:06.128+0000] {logging_mixin.py:151} INFO - [2023-10-11T03:47:06.128+0000] {dag.py:3696} INFO - Setting next_dagrun for example_task_group to 2023-10-10T03:47:06.128073+00:00, run_after=2023-10-11T03:47:06.128073+00:00
[2023-10-11T03:47:06.159+0000] {processor.py:179} INFO - Processing /home/airflow/.local/lib/python3.8/site-packages/airflow/example_dags/example_task_group.py took 0.098 seconds
[2023-10-11T03:47:36.406+0000] {processor.py:157} INFO - Started process (PID=977) to work on /home/airflow/.local/lib/python3.8/site-packages/airflow/example_dags/example_task_group.py
[2023-10-11T03:47:36.407+0000] {processor.py:829} INFO - Processing file /home/airflow/.local/lib/python3.8/site-packages/airflow/example_dags/example_task_group.py for tasks to queue
[2023-10-11T03:47:36.410+0000] {logging_mixin.py:151} INFO - [2023-10-11T03:47:36.410+0000] {dagbag.py:539} INFO - Filling up the DagBag from /home/airflow/.local/lib/python3.8/site-packages/airflow/example_dags/example_task_group.py
[2023-10-11T03:47:36.421+0000] {processor.py:839} INFO - DAG(s) dict_keys(['example_task_group']) retrieved from /home/airflow/.local/lib/python3.8/site-packages/airflow/example_dags/example_task_group.py
[2023-10-11T03:47:36.448+0000] {logging_mixin.py:151} INFO - [2023-10-11T03:47:36.448+0000] {dag.py:2915} INFO - Sync 1 DAGs
[2023-10-11T03:47:36.473+0000] {logging_mixin.py:151} INFO - [2023-10-11T03:47:36.473+0000] {dag.py:3696} INFO - Setting next_dagrun for example_task_group to 2023-10-10T03:47:36.473061+00:00, run_after=2023-10-11T03:47:36.473061+00:00
[2023-10-11T03:47:36.497+0000] {processor.py:179} INFO - Processing /home/airflow/.local/lib/python3.8/site-packages/airflow/example_dags/example_task_group.py took 0.094 seconds
[2023-10-11T03:48:06.819+0000] {processor.py:157} INFO - Started process (PID=1034) to work on /home/airflow/.local/lib/python3.8/site-packages/airflow/example_dags/example_task_group.py
[2023-10-11T03:48:06.822+0000] {processor.py:829} INFO - Processing file /home/airflow/.local/lib/python3.8/site-packages/airflow/example_dags/example_task_group.py for tasks to queue
[2023-10-11T03:48:06.826+0000] {logging_mixin.py:151} INFO - [2023-10-11T03:48:06.825+0000] {dagbag.py:539} INFO - Filling up the DagBag from /home/airflow/.local/lib/python3.8/site-packages/airflow/example_dags/example_task_group.py
[2023-10-11T03:48:06.833+0000] {processor.py:839} INFO - DAG(s) dict_keys(['example_task_group']) retrieved from /home/airflow/.local/lib/python3.8/site-packages/airflow/example_dags/example_task_group.py
[2023-10-11T03:48:06.867+0000] {logging_mixin.py:151} INFO - [2023-10-11T03:48:06.867+0000] {dag.py:2915} INFO - Sync 1 DAGs
[2023-10-11T03:48:06.893+0000] {logging_mixin.py:151} INFO - [2023-10-11T03:48:06.893+0000] {dag.py:3696} INFO - Setting next_dagrun for example_task_group to 2023-10-10T03:48:06.893068+00:00, run_after=2023-10-11T03:48:06.893068+00:00
[2023-10-11T03:48:06.919+0000] {processor.py:179} INFO - Processing /home/airflow/.local/lib/python3.8/site-packages/airflow/example_dags/example_task_group.py took 0.103 seconds
[2023-10-11T03:48:37.231+0000] {processor.py:157} INFO - Started process (PID=1091) to work on /home/airflow/.local/lib/python3.8/site-packages/airflow/example_dags/example_task_group.py
[2023-10-11T03:48:37.233+0000] {processor.py:829} INFO - Processing file /home/airflow/.local/lib/python3.8/site-packages/airflow/example_dags/example_task_group.py for tasks to queue
[2023-10-11T03:48:37.236+0000] {logging_mixin.py:151} INFO - [2023-10-11T03:48:37.235+0000] {dagbag.py:539} INFO - Filling up the DagBag from /home/airflow/.local/lib/python3.8/site-packages/airflow/example_dags/example_task_group.py
[2023-10-11T03:48:37.242+0000] {processor.py:839} INFO - DAG(s) dict_keys(['example_task_group']) retrieved from /home/airflow/.local/lib/python3.8/site-packages/airflow/example_dags/example_task_group.py
[2023-10-11T03:48:37.270+0000] {logging_mixin.py:151} INFO - [2023-10-11T03:48:37.270+0000] {dag.py:2915} INFO - Sync 1 DAGs
[2023-10-11T03:48:37.294+0000] {logging_mixin.py:151} INFO - [2023-10-11T03:48:37.293+0000] {dag.py:3696} INFO - Setting next_dagrun for example_task_group to 2023-10-10T03:48:37.293355+00:00, run_after=2023-10-11T03:48:37.293355+00:00
[2023-10-11T03:48:37.322+0000] {processor.py:179} INFO - Processing /home/airflow/.local/lib/python3.8/site-packages/airflow/example_dags/example_task_group.py took 0.095 seconds
[2023-10-11T03:49:07.797+0000] {processor.py:157} INFO - Started process (PID=1155) to work on /home/airflow/.local/lib/python3.8/site-packages/airflow/example_dags/example_task_group.py
[2023-10-11T03:49:07.798+0000] {processor.py:829} INFO - Processing file /home/airflow/.local/lib/python3.8/site-packages/airflow/example_dags/example_task_group.py for tasks to queue
[2023-10-11T03:49:07.800+0000] {logging_mixin.py:151} INFO - [2023-10-11T03:49:07.800+0000] {dagbag.py:539} INFO - Filling up the DagBag from /home/airflow/.local/lib/python3.8/site-packages/airflow/example_dags/example_task_group.py
[2023-10-11T03:49:07.808+0000] {processor.py:839} INFO - DAG(s) dict_keys(['example_task_group']) retrieved from /home/airflow/.local/lib/python3.8/site-packages/airflow/example_dags/example_task_group.py
[2023-10-11T03:49:07.830+0000] {logging_mixin.py:151} INFO - [2023-10-11T03:49:07.830+0000] {dag.py:2915} INFO - Sync 1 DAGs
[2023-10-11T03:49:07.849+0000] {logging_mixin.py:151} INFO - [2023-10-11T03:49:07.849+0000] {dag.py:3696} INFO - Setting next_dagrun for example_task_group to 2023-10-10T03:49:07.848992+00:00, run_after=2023-10-11T03:49:07.848992+00:00
[2023-10-11T03:49:07.875+0000] {processor.py:179} INFO - Processing /home/airflow/.local/lib/python3.8/site-packages/airflow/example_dags/example_task_group.py took 0.083 seconds
[2023-10-11T03:49:38.228+0000] {processor.py:157} INFO - Started process (PID=1212) to work on /home/airflow/.local/lib/python3.8/site-packages/airflow/example_dags/example_task_group.py
[2023-10-11T03:49:38.230+0000] {processor.py:829} INFO - Processing file /home/airflow/.local/lib/python3.8/site-packages/airflow/example_dags/example_task_group.py for tasks to queue
[2023-10-11T03:49:38.233+0000] {logging_mixin.py:151} INFO - [2023-10-11T03:49:38.232+0000] {dagbag.py:539} INFO - Filling up the DagBag from /home/airflow/.local/lib/python3.8/site-packages/airflow/example_dags/example_task_group.py
[2023-10-11T03:49:38.239+0000] {processor.py:839} INFO - DAG(s) dict_keys(['example_task_group']) retrieved from /home/airflow/.local/lib/python3.8/site-packages/airflow/example_dags/example_task_group.py
[2023-10-11T03:49:38.261+0000] {logging_mixin.py:151} INFO - [2023-10-11T03:49:38.261+0000] {dag.py:2915} INFO - Sync 1 DAGs
[2023-10-11T03:49:38.278+0000] {logging_mixin.py:151} INFO - [2023-10-11T03:49:38.277+0000] {dag.py:3696} INFO - Setting next_dagrun for example_task_group to 2023-10-10T03:49:38.277643+00:00, run_after=2023-10-11T03:49:38.277643+00:00
[2023-10-11T03:49:38.296+0000] {processor.py:179} INFO - Processing /home/airflow/.local/lib/python3.8/site-packages/airflow/example_dags/example_task_group.py took 0.070 seconds
[2023-10-11T03:50:08.439+0000] {processor.py:157} INFO - Started process (PID=1269) to work on /home/airflow/.local/lib/python3.8/site-packages/airflow/example_dags/example_task_group.py
[2023-10-11T03:50:08.441+0000] {processor.py:829} INFO - Processing file /home/airflow/.local/lib/python3.8/site-packages/airflow/example_dags/example_task_group.py for tasks to queue
[2023-10-11T03:50:08.444+0000] {logging_mixin.py:151} INFO - [2023-10-11T03:50:08.443+0000] {dagbag.py:539} INFO - Filling up the DagBag from /home/airflow/.local/lib/python3.8/site-packages/airflow/example_dags/example_task_group.py
[2023-10-11T03:50:08.451+0000] {processor.py:839} INFO - DAG(s) dict_keys(['example_task_group']) retrieved from /home/airflow/.local/lib/python3.8/site-packages/airflow/example_dags/example_task_group.py
[2023-10-11T03:50:08.477+0000] {logging_mixin.py:151} INFO - [2023-10-11T03:50:08.476+0000] {dag.py:2915} INFO - Sync 1 DAGs
[2023-10-11T03:50:08.498+0000] {logging_mixin.py:151} INFO - [2023-10-11T03:50:08.497+0000] {dag.py:3696} INFO - Setting next_dagrun for example_task_group to 2023-10-10T03:50:08.497294+00:00, run_after=2023-10-11T03:50:08.497294+00:00
[2023-10-11T03:50:08.521+0000] {processor.py:179} INFO - Processing /home/airflow/.local/lib/python3.8/site-packages/airflow/example_dags/example_task_group.py took 0.087 seconds
[2023-10-11T03:50:39.120+0000] {processor.py:157} INFO - Started process (PID=1326) to work on /home/airflow/.local/lib/python3.8/site-packages/airflow/example_dags/example_task_group.py
[2023-10-11T03:50:39.121+0000] {processor.py:829} INFO - Processing file /home/airflow/.local/lib/python3.8/site-packages/airflow/example_dags/example_task_group.py for tasks to queue
[2023-10-11T03:50:39.124+0000] {logging_mixin.py:151} INFO - [2023-10-11T03:50:39.123+0000] {dagbag.py:539} INFO - Filling up the DagBag from /home/airflow/.local/lib/python3.8/site-packages/airflow/example_dags/example_task_group.py
[2023-10-11T03:50:39.131+0000] {processor.py:839} INFO - DAG(s) dict_keys(['example_task_group']) retrieved from /home/airflow/.local/lib/python3.8/site-packages/airflow/example_dags/example_task_group.py
[2023-10-11T03:50:39.153+0000] {logging_mixin.py:151} INFO - [2023-10-11T03:50:39.153+0000] {dag.py:2915} INFO - Sync 1 DAGs
[2023-10-11T03:50:39.172+0000] {logging_mixin.py:151} INFO - [2023-10-11T03:50:39.172+0000] {dag.py:3696} INFO - Setting next_dagrun for example_task_group to 2023-10-10T03:50:39.171899+00:00, run_after=2023-10-11T03:50:39.171899+00:00
[2023-10-11T03:50:39.193+0000] {processor.py:179} INFO - Processing /home/airflow/.local/lib/python3.8/site-packages/airflow/example_dags/example_task_group.py took 0.075 seconds
[2023-10-11T03:51:09.708+0000] {processor.py:157} INFO - Started process (PID=1383) to work on /home/airflow/.local/lib/python3.8/site-packages/airflow/example_dags/example_task_group.py
[2023-10-11T03:51:09.711+0000] {processor.py:829} INFO - Processing file /home/airflow/.local/lib/python3.8/site-packages/airflow/example_dags/example_task_group.py for tasks to queue
[2023-10-11T03:51:09.715+0000] {logging_mixin.py:151} INFO - [2023-10-11T03:51:09.715+0000] {dagbag.py:539} INFO - Filling up the DagBag from /home/airflow/.local/lib/python3.8/site-packages/airflow/example_dags/example_task_group.py
[2023-10-11T03:51:09.723+0000] {processor.py:839} INFO - DAG(s) dict_keys(['example_task_group']) retrieved from /home/airflow/.local/lib/python3.8/site-packages/airflow/example_dags/example_task_group.py
[2023-10-11T03:51:09.764+0000] {logging_mixin.py:151} INFO - [2023-10-11T03:51:09.763+0000] {dag.py:2915} INFO - Sync 1 DAGs
[2023-10-11T03:51:09.785+0000] {logging_mixin.py:151} INFO - [2023-10-11T03:51:09.785+0000] {dag.py:3696} INFO - Setting next_dagrun for example_task_group to 2023-10-10T03:51:09.785245+00:00, run_after=2023-10-11T03:51:09.785245+00:00
[2023-10-11T03:51:09.807+0000] {processor.py:179} INFO - Processing /home/airflow/.local/lib/python3.8/site-packages/airflow/example_dags/example_task_group.py took 0.102 seconds
[2023-10-11T03:51:39.917+0000] {processor.py:157} INFO - Started process (PID=1440) to work on /home/airflow/.local/lib/python3.8/site-packages/airflow/example_dags/example_task_group.py
[2023-10-11T03:51:39.919+0000] {processor.py:829} INFO - Processing file /home/airflow/.local/lib/python3.8/site-packages/airflow/example_dags/example_task_group.py for tasks to queue
[2023-10-11T03:51:39.924+0000] {logging_mixin.py:151} INFO - [2023-10-11T03:51:39.923+0000] {dagbag.py:539} INFO - Filling up the DagBag from /home/airflow/.local/lib/python3.8/site-packages/airflow/example_dags/example_task_group.py
[2023-10-11T03:51:39.933+0000] {processor.py:839} INFO - DAG(s) dict_keys(['example_task_group']) retrieved from /home/airflow/.local/lib/python3.8/site-packages/airflow/example_dags/example_task_group.py
[2023-10-11T03:51:39.966+0000] {logging_mixin.py:151} INFO - [2023-10-11T03:51:39.966+0000] {dag.py:2915} INFO - Sync 1 DAGs
[2023-10-11T03:51:40.000+0000] {logging_mixin.py:151} INFO - [2023-10-11T03:51:40.000+0000] {dag.py:3696} INFO - Setting next_dagrun for example_task_group to 2023-10-10T03:51:40.000202+00:00, run_after=2023-10-11T03:51:40.000202+00:00
[2023-10-11T03:51:40.022+0000] {processor.py:179} INFO - Processing /home/airflow/.local/lib/python3.8/site-packages/airflow/example_dags/example_task_group.py took 0.109 seconds
[2023-10-11T03:52:10.368+0000] {processor.py:157} INFO - Started process (PID=1497) to work on /home/airflow/.local/lib/python3.8/site-packages/airflow/example_dags/example_task_group.py
[2023-10-11T03:52:10.369+0000] {processor.py:829} INFO - Processing file /home/airflow/.local/lib/python3.8/site-packages/airflow/example_dags/example_task_group.py for tasks to queue
[2023-10-11T03:52:10.373+0000] {logging_mixin.py:151} INFO - [2023-10-11T03:52:10.372+0000] {dagbag.py:539} INFO - Filling up the DagBag from /home/airflow/.local/lib/python3.8/site-packages/airflow/example_dags/example_task_group.py
[2023-10-11T03:52:10.379+0000] {processor.py:839} INFO - DAG(s) dict_keys(['example_task_group']) retrieved from /home/airflow/.local/lib/python3.8/site-packages/airflow/example_dags/example_task_group.py
[2023-10-11T03:52:10.402+0000] {logging_mixin.py:151} INFO - [2023-10-11T03:52:10.401+0000] {dag.py:2915} INFO - Sync 1 DAGs
[2023-10-11T03:52:10.423+0000] {logging_mixin.py:151} INFO - [2023-10-11T03:52:10.423+0000] {dag.py:3696} INFO - Setting next_dagrun for example_task_group to 2023-10-10T03:52:10.423158+00:00, run_after=2023-10-11T03:52:10.423158+00:00
[2023-10-11T03:52:10.445+0000] {processor.py:179} INFO - Processing /home/airflow/.local/lib/python3.8/site-packages/airflow/example_dags/example_task_group.py took 0.081 seconds
[2023-10-11T03:52:40.730+0000] {processor.py:157} INFO - Started process (PID=1554) to work on /home/airflow/.local/lib/python3.8/site-packages/airflow/example_dags/example_task_group.py
[2023-10-11T03:52:40.731+0000] {processor.py:829} INFO - Processing file /home/airflow/.local/lib/python3.8/site-packages/airflow/example_dags/example_task_group.py for tasks to queue
[2023-10-11T03:52:40.734+0000] {logging_mixin.py:151} INFO - [2023-10-11T03:52:40.734+0000] {dagbag.py:539} INFO - Filling up the DagBag from /home/airflow/.local/lib/python3.8/site-packages/airflow/example_dags/example_task_group.py
[2023-10-11T03:52:40.741+0000] {processor.py:839} INFO - DAG(s) dict_keys(['example_task_group']) retrieved from /home/airflow/.local/lib/python3.8/site-packages/airflow/example_dags/example_task_group.py
[2023-10-11T03:52:40.763+0000] {logging_mixin.py:151} INFO - [2023-10-11T03:52:40.762+0000] {dag.py:2915} INFO - Sync 1 DAGs
[2023-10-11T03:52:40.782+0000] {logging_mixin.py:151} INFO - [2023-10-11T03:52:40.782+0000] {dag.py:3696} INFO - Setting next_dagrun for example_task_group to 2023-10-10T03:52:40.782259+00:00, run_after=2023-10-11T03:52:40.782259+00:00
[2023-10-11T03:52:40.802+0000] {processor.py:179} INFO - Processing /home/airflow/.local/lib/python3.8/site-packages/airflow/example_dags/example_task_group.py took 0.075 seconds
[2023-10-11T03:53:11.035+0000] {processor.py:157} INFO - Started process (PID=1611) to work on /home/airflow/.local/lib/python3.8/site-packages/airflow/example_dags/example_task_group.py
[2023-10-11T03:53:11.037+0000] {processor.py:829} INFO - Processing file /home/airflow/.local/lib/python3.8/site-packages/airflow/example_dags/example_task_group.py for tasks to queue
[2023-10-11T03:53:11.039+0000] {logging_mixin.py:151} INFO - [2023-10-11T03:53:11.039+0000] {dagbag.py:539} INFO - Filling up the DagBag from /home/airflow/.local/lib/python3.8/site-packages/airflow/example_dags/example_task_group.py
[2023-10-11T03:53:11.046+0000] {processor.py:839} INFO - DAG(s) dict_keys(['example_task_group']) retrieved from /home/airflow/.local/lib/python3.8/site-packages/airflow/example_dags/example_task_group.py
[2023-10-11T03:53:11.068+0000] {logging_mixin.py:151} INFO - [2023-10-11T03:53:11.068+0000] {dag.py:2915} INFO - Sync 1 DAGs
[2023-10-11T03:53:11.089+0000] {logging_mixin.py:151} INFO - [2023-10-11T03:53:11.088+0000] {dag.py:3696} INFO - Setting next_dagrun for example_task_group to 2023-10-10T03:53:11.088266+00:00, run_after=2023-10-11T03:53:11.088266+00:00
[2023-10-11T03:53:11.109+0000] {processor.py:179} INFO - Processing /home/airflow/.local/lib/python3.8/site-packages/airflow/example_dags/example_task_group.py took 0.077 seconds
[2023-10-11T03:53:42.375+0000] {processor.py:157} INFO - Started process (PID=1668) to work on /home/airflow/.local/lib/python3.8/site-packages/airflow/example_dags/example_task_group.py
[2023-10-11T03:53:42.376+0000] {processor.py:829} INFO - Processing file /home/airflow/.local/lib/python3.8/site-packages/airflow/example_dags/example_task_group.py for tasks to queue
[2023-10-11T03:53:42.379+0000] {logging_mixin.py:151} INFO - [2023-10-11T03:53:42.379+0000] {dagbag.py:539} INFO - Filling up the DagBag from /home/airflow/.local/lib/python3.8/site-packages/airflow/example_dags/example_task_group.py
[2023-10-11T03:53:42.385+0000] {processor.py:839} INFO - DAG(s) dict_keys(['example_task_group']) retrieved from /home/airflow/.local/lib/python3.8/site-packages/airflow/example_dags/example_task_group.py
[2023-10-11T03:53:42.409+0000] {logging_mixin.py:151} INFO - [2023-10-11T03:53:42.409+0000] {dag.py:2915} INFO - Sync 1 DAGs
[2023-10-11T03:53:42.429+0000] {logging_mixin.py:151} INFO - [2023-10-11T03:53:42.428+0000] {dag.py:3696} INFO - Setting next_dagrun for example_task_group to 2023-10-10T03:53:42.428628+00:00, run_after=2023-10-11T03:53:42.428628+00:00
[2023-10-11T03:53:42.448+0000] {processor.py:179} INFO - Processing /home/airflow/.local/lib/python3.8/site-packages/airflow/example_dags/example_task_group.py took 0.077 seconds
[2023-10-11T03:54:12.556+0000] {processor.py:157} INFO - Started process (PID=1725) to work on /home/airflow/.local/lib/python3.8/site-packages/airflow/example_dags/example_task_group.py
[2023-10-11T03:54:12.558+0000] {processor.py:829} INFO - Processing file /home/airflow/.local/lib/python3.8/site-packages/airflow/example_dags/example_task_group.py for tasks to queue
[2023-10-11T03:54:12.560+0000] {logging_mixin.py:151} INFO - [2023-10-11T03:54:12.560+0000] {dagbag.py:539} INFO - Filling up the DagBag from /home/airflow/.local/lib/python3.8/site-packages/airflow/example_dags/example_task_group.py
[2023-10-11T03:54:12.568+0000] {processor.py:839} INFO - DAG(s) dict_keys(['example_task_group']) retrieved from /home/airflow/.local/lib/python3.8/site-packages/airflow/example_dags/example_task_group.py
[2023-10-11T03:54:12.596+0000] {logging_mixin.py:151} INFO - [2023-10-11T03:54:12.596+0000] {dag.py:2915} INFO - Sync 1 DAGs
[2023-10-11T03:54:12.621+0000] {logging_mixin.py:151} INFO - [2023-10-11T03:54:12.621+0000] {dag.py:3696} INFO - Setting next_dagrun for example_task_group to 2023-10-10T03:54:12.620689+00:00, run_after=2023-10-11T03:54:12.620689+00:00
[2023-10-11T03:54:12.645+0000] {processor.py:179} INFO - Processing /home/airflow/.local/lib/python3.8/site-packages/airflow/example_dags/example_task_group.py took 0.092 seconds
[2023-10-11T03:54:42.808+0000] {processor.py:157} INFO - Started process (PID=1782) to work on /home/airflow/.local/lib/python3.8/site-packages/airflow/example_dags/example_task_group.py
[2023-10-11T03:54:42.809+0000] {processor.py:829} INFO - Processing file /home/airflow/.local/lib/python3.8/site-packages/airflow/example_dags/example_task_group.py for tasks to queue
[2023-10-11T03:54:42.812+0000] {logging_mixin.py:151} INFO - [2023-10-11T03:54:42.811+0000] {dagbag.py:539} INFO - Filling up the DagBag from /home/airflow/.local/lib/python3.8/site-packages/airflow/example_dags/example_task_group.py
[2023-10-11T03:54:42.819+0000] {processor.py:839} INFO - DAG(s) dict_keys(['example_task_group']) retrieved from /home/airflow/.local/lib/python3.8/site-packages/airflow/example_dags/example_task_group.py
[2023-10-11T03:54:42.842+0000] {logging_mixin.py:151} INFO - [2023-10-11T03:54:42.842+0000] {dag.py:2915} INFO - Sync 1 DAGs
[2023-10-11T03:54:42.862+0000] {logging_mixin.py:151} INFO - [2023-10-11T03:54:42.862+0000] {dag.py:3696} INFO - Setting next_dagrun for example_task_group to 2023-10-10T03:54:42.862227+00:00, run_after=2023-10-11T03:54:42.862227+00:00
[2023-10-11T03:54:42.882+0000] {processor.py:179} INFO - Processing /home/airflow/.local/lib/python3.8/site-packages/airflow/example_dags/example_task_group.py took 0.077 seconds
[2023-10-11T03:55:13.383+0000] {processor.py:157} INFO - Started process (PID=1839) to work on /home/airflow/.local/lib/python3.8/site-packages/airflow/example_dags/example_task_group.py
[2023-10-11T03:55:13.384+0000] {processor.py:829} INFO - Processing file /home/airflow/.local/lib/python3.8/site-packages/airflow/example_dags/example_task_group.py for tasks to queue
[2023-10-11T03:55:13.387+0000] {logging_mixin.py:151} INFO - [2023-10-11T03:55:13.387+0000] {dagbag.py:539} INFO - Filling up the DagBag from /home/airflow/.local/lib/python3.8/site-packages/airflow/example_dags/example_task_group.py
[2023-10-11T03:55:13.395+0000] {processor.py:839} INFO - DAG(s) dict_keys(['example_task_group']) retrieved from /home/airflow/.local/lib/python3.8/site-packages/airflow/example_dags/example_task_group.py
[2023-10-11T03:55:13.417+0000] {logging_mixin.py:151} INFO - [2023-10-11T03:55:13.417+0000] {dag.py:2915} INFO - Sync 1 DAGs
[2023-10-11T03:55:13.436+0000] {logging_mixin.py:151} INFO - [2023-10-11T03:55:13.435+0000] {dag.py:3696} INFO - Setting next_dagrun for example_task_group to 2023-10-10T03:55:13.435660+00:00, run_after=2023-10-11T03:55:13.435660+00:00
[2023-10-11T03:55:13.455+0000] {processor.py:179} INFO - Processing /home/airflow/.local/lib/python3.8/site-packages/airflow/example_dags/example_task_group.py took 0.076 seconds
[2023-10-11T03:55:43.688+0000] {processor.py:157} INFO - Started process (PID=1896) to work on /home/airflow/.local/lib/python3.8/site-packages/airflow/example_dags/example_task_group.py
[2023-10-11T03:55:43.690+0000] {processor.py:829} INFO - Processing file /home/airflow/.local/lib/python3.8/site-packages/airflow/example_dags/example_task_group.py for tasks to queue
[2023-10-11T03:55:43.693+0000] {logging_mixin.py:151} INFO - [2023-10-11T03:55:43.693+0000] {dagbag.py:539} INFO - Filling up the DagBag from /home/airflow/.local/lib/python3.8/site-packages/airflow/example_dags/example_task_group.py
[2023-10-11T03:55:43.700+0000] {processor.py:839} INFO - DAG(s) dict_keys(['example_task_group']) retrieved from /home/airflow/.local/lib/python3.8/site-packages/airflow/example_dags/example_task_group.py
[2023-10-11T03:55:43.727+0000] {logging_mixin.py:151} INFO - [2023-10-11T03:55:43.727+0000] {dag.py:2915} INFO - Sync 1 DAGs
[2023-10-11T03:55:43.747+0000] {logging_mixin.py:151} INFO - [2023-10-11T03:55:43.747+0000] {dag.py:3696} INFO - Setting next_dagrun for example_task_group to 2023-10-10T03:55:43.747327+00:00, run_after=2023-10-11T03:55:43.747327+00:00
[2023-10-11T03:55:43.770+0000] {processor.py:179} INFO - Processing /home/airflow/.local/lib/python3.8/site-packages/airflow/example_dags/example_task_group.py took 0.085 seconds
[2023-10-11T03:56:14.237+0000] {processor.py:157} INFO - Started process (PID=1953) to work on /home/airflow/.local/lib/python3.8/site-packages/airflow/example_dags/example_task_group.py
[2023-10-11T03:56:14.238+0000] {processor.py:829} INFO - Processing file /home/airflow/.local/lib/python3.8/site-packages/airflow/example_dags/example_task_group.py for tasks to queue
[2023-10-11T03:56:14.241+0000] {logging_mixin.py:151} INFO - [2023-10-11T03:56:14.241+0000] {dagbag.py:539} INFO - Filling up the DagBag from /home/airflow/.local/lib/python3.8/site-packages/airflow/example_dags/example_task_group.py
[2023-10-11T03:56:14.249+0000] {processor.py:839} INFO - DAG(s) dict_keys(['example_task_group']) retrieved from /home/airflow/.local/lib/python3.8/site-packages/airflow/example_dags/example_task_group.py
[2023-10-11T03:56:14.273+0000] {logging_mixin.py:151} INFO - [2023-10-11T03:56:14.273+0000] {dag.py:2915} INFO - Sync 1 DAGs
[2023-10-11T03:56:14.296+0000] {logging_mixin.py:151} INFO - [2023-10-11T03:56:14.296+0000] {dag.py:3696} INFO - Setting next_dagrun for example_task_group to 2023-10-10T03:56:14.296128+00:00, run_after=2023-10-11T03:56:14.296128+00:00
[2023-10-11T03:56:14.331+0000] {processor.py:179} INFO - Processing /home/airflow/.local/lib/python3.8/site-packages/airflow/example_dags/example_task_group.py took 0.098 seconds
[2023-10-11T03:56:44.715+0000] {processor.py:157} INFO - Started process (PID=2010) to work on /home/airflow/.local/lib/python3.8/site-packages/airflow/example_dags/example_task_group.py
[2023-10-11T03:56:44.716+0000] {processor.py:829} INFO - Processing file /home/airflow/.local/lib/python3.8/site-packages/airflow/example_dags/example_task_group.py for tasks to queue
[2023-10-11T03:56:44.720+0000] {logging_mixin.py:151} INFO - [2023-10-11T03:56:44.719+0000] {dagbag.py:539} INFO - Filling up the DagBag from /home/airflow/.local/lib/python3.8/site-packages/airflow/example_dags/example_task_group.py
[2023-10-11T03:56:44.726+0000] {processor.py:839} INFO - DAG(s) dict_keys(['example_task_group']) retrieved from /home/airflow/.local/lib/python3.8/site-packages/airflow/example_dags/example_task_group.py
[2023-10-11T03:56:44.757+0000] {logging_mixin.py:151} INFO - [2023-10-11T03:56:44.757+0000] {dag.py:2915} INFO - Sync 1 DAGs
[2023-10-11T03:56:44.786+0000] {logging_mixin.py:151} INFO - [2023-10-11T03:56:44.785+0000] {dag.py:3696} INFO - Setting next_dagrun for example_task_group to 2023-10-10T03:56:44.785045+00:00, run_after=2023-10-11T03:56:44.785045+00:00
[2023-10-11T03:56:44.810+0000] {processor.py:179} INFO - Processing /home/airflow/.local/lib/python3.8/site-packages/airflow/example_dags/example_task_group.py took 0.098 seconds
[2023-10-11T03:57:14.936+0000] {processor.py:157} INFO - Started process (PID=2067) to work on /home/airflow/.local/lib/python3.8/site-packages/airflow/example_dags/example_task_group.py
[2023-10-11T03:57:14.938+0000] {processor.py:829} INFO - Processing file /home/airflow/.local/lib/python3.8/site-packages/airflow/example_dags/example_task_group.py for tasks to queue
[2023-10-11T03:57:14.940+0000] {logging_mixin.py:151} INFO - [2023-10-11T03:57:14.940+0000] {dagbag.py:539} INFO - Filling up the DagBag from /home/airflow/.local/lib/python3.8/site-packages/airflow/example_dags/example_task_group.py
[2023-10-11T03:57:14.947+0000] {processor.py:839} INFO - DAG(s) dict_keys(['example_task_group']) retrieved from /home/airflow/.local/lib/python3.8/site-packages/airflow/example_dags/example_task_group.py
[2023-10-11T03:57:14.969+0000] {logging_mixin.py:151} INFO - [2023-10-11T03:57:14.969+0000] {dag.py:2915} INFO - Sync 1 DAGs
[2023-10-11T03:57:14.988+0000] {logging_mixin.py:151} INFO - [2023-10-11T03:57:14.988+0000] {dag.py:3696} INFO - Setting next_dagrun for example_task_group to 2023-10-10T03:57:14.988468+00:00, run_after=2023-10-11T03:57:14.988468+00:00
[2023-10-11T03:57:15.007+0000] {processor.py:179} INFO - Processing /home/airflow/.local/lib/python3.8/site-packages/airflow/example_dags/example_task_group.py took 0.076 seconds
[2023-10-11T03:57:45.849+0000] {processor.py:157} INFO - Started process (PID=2124) to work on /home/airflow/.local/lib/python3.8/site-packages/airflow/example_dags/example_task_group.py
[2023-10-11T03:57:45.851+0000] {processor.py:829} INFO - Processing file /home/airflow/.local/lib/python3.8/site-packages/airflow/example_dags/example_task_group.py for tasks to queue
[2023-10-11T03:57:45.854+0000] {logging_mixin.py:151} INFO - [2023-10-11T03:57:45.853+0000] {dagbag.py:539} INFO - Filling up the DagBag from /home/airflow/.local/lib/python3.8/site-packages/airflow/example_dags/example_task_group.py
[2023-10-11T03:57:45.861+0000] {processor.py:839} INFO - DAG(s) dict_keys(['example_task_group']) retrieved from /home/airflow/.local/lib/python3.8/site-packages/airflow/example_dags/example_task_group.py
[2023-10-11T03:57:45.883+0000] {logging_mixin.py:151} INFO - [2023-10-11T03:57:45.883+0000] {dag.py:2915} INFO - Sync 1 DAGs
[2023-10-11T03:57:45.900+0000] {logging_mixin.py:151} INFO - [2023-10-11T03:57:45.900+0000] {dag.py:3696} INFO - Setting next_dagrun for example_task_group to 2023-10-10T03:57:45.899985+00:00, run_after=2023-10-11T03:57:45.899985+00:00
[2023-10-11T03:57:45.922+0000] {processor.py:179} INFO - Processing /home/airflow/.local/lib/python3.8/site-packages/airflow/example_dags/example_task_group.py took 0.076 seconds
[2023-10-11T03:58:16.167+0000] {processor.py:157} INFO - Started process (PID=2181) to work on /home/airflow/.local/lib/python3.8/site-packages/airflow/example_dags/example_task_group.py
[2023-10-11T03:58:16.169+0000] {processor.py:829} INFO - Processing file /home/airflow/.local/lib/python3.8/site-packages/airflow/example_dags/example_task_group.py for tasks to queue
[2023-10-11T03:58:16.172+0000] {logging_mixin.py:151} INFO - [2023-10-11T03:58:16.171+0000] {dagbag.py:539} INFO - Filling up the DagBag from /home/airflow/.local/lib/python3.8/site-packages/airflow/example_dags/example_task_group.py
[2023-10-11T03:58:16.178+0000] {processor.py:839} INFO - DAG(s) dict_keys(['example_task_group']) retrieved from /home/airflow/.local/lib/python3.8/site-packages/airflow/example_dags/example_task_group.py
[2023-10-11T03:58:16.200+0000] {logging_mixin.py:151} INFO - [2023-10-11T03:58:16.200+0000] {dag.py:2915} INFO - Sync 1 DAGs
[2023-10-11T03:58:16.223+0000] {logging_mixin.py:151} INFO - [2023-10-11T03:58:16.222+0000] {dag.py:3696} INFO - Setting next_dagrun for example_task_group to 2023-10-10T03:58:16.222731+00:00, run_after=2023-10-11T03:58:16.222731+00:00
[2023-10-11T03:58:16.245+0000] {processor.py:179} INFO - Processing /home/airflow/.local/lib/python3.8/site-packages/airflow/example_dags/example_task_group.py took 0.082 seconds
[2023-10-11T03:58:46.575+0000] {processor.py:157} INFO - Started process (PID=2238) to work on /home/airflow/.local/lib/python3.8/site-packages/airflow/example_dags/example_task_group.py
[2023-10-11T03:58:46.576+0000] {processor.py:829} INFO - Processing file /home/airflow/.local/lib/python3.8/site-packages/airflow/example_dags/example_task_group.py for tasks to queue
[2023-10-11T03:58:46.579+0000] {logging_mixin.py:151} INFO - [2023-10-11T03:58:46.579+0000] {dagbag.py:539} INFO - Filling up the DagBag from /home/airflow/.local/lib/python3.8/site-packages/airflow/example_dags/example_task_group.py
[2023-10-11T03:58:46.587+0000] {processor.py:839} INFO - DAG(s) dict_keys(['example_task_group']) retrieved from /home/airflow/.local/lib/python3.8/site-packages/airflow/example_dags/example_task_group.py
[2023-10-11T03:58:46.609+0000] {logging_mixin.py:151} INFO - [2023-10-11T03:58:46.609+0000] {dag.py:2915} INFO - Sync 1 DAGs
[2023-10-11T03:58:46.628+0000] {logging_mixin.py:151} INFO - [2023-10-11T03:58:46.628+0000] {dag.py:3696} INFO - Setting next_dagrun for example_task_group to 2023-10-10T03:58:46.628511+00:00, run_after=2023-10-11T03:58:46.628511+00:00
[2023-10-11T03:58:46.651+0000] {processor.py:179} INFO - Processing /home/airflow/.local/lib/python3.8/site-packages/airflow/example_dags/example_task_group.py took 0.079 seconds
[2023-10-11T03:59:16.999+0000] {processor.py:157} INFO - Started process (PID=2295) to work on /home/airflow/.local/lib/python3.8/site-packages/airflow/example_dags/example_task_group.py
[2023-10-11T03:59:17.001+0000] {processor.py:829} INFO - Processing file /home/airflow/.local/lib/python3.8/site-packages/airflow/example_dags/example_task_group.py for tasks to queue
[2023-10-11T03:59:17.003+0000] {logging_mixin.py:151} INFO - [2023-10-11T03:59:17.003+0000] {dagbag.py:539} INFO - Filling up the DagBag from /home/airflow/.local/lib/python3.8/site-packages/airflow/example_dags/example_task_group.py
[2023-10-11T03:59:17.010+0000] {processor.py:839} INFO - DAG(s) dict_keys(['example_task_group']) retrieved from /home/airflow/.local/lib/python3.8/site-packages/airflow/example_dags/example_task_group.py
[2023-10-11T03:59:17.034+0000] {logging_mixin.py:151} INFO - [2023-10-11T03:59:17.034+0000] {dag.py:2915} INFO - Sync 1 DAGs
[2023-10-11T03:59:17.058+0000] {logging_mixin.py:151} INFO - [2023-10-11T03:59:17.057+0000] {dag.py:3696} INFO - Setting next_dagrun for example_task_group to 2023-10-10T03:59:17.057569+00:00, run_after=2023-10-11T03:59:17.057569+00:00
[2023-10-11T03:59:17.081+0000] {processor.py:179} INFO - Processing /home/airflow/.local/lib/python3.8/site-packages/airflow/example_dags/example_task_group.py took 0.085 seconds
[2023-10-11T03:59:47.442+0000] {processor.py:157} INFO - Started process (PID=2352) to work on /home/airflow/.local/lib/python3.8/site-packages/airflow/example_dags/example_task_group.py
[2023-10-11T03:59:47.444+0000] {processor.py:829} INFO - Processing file /home/airflow/.local/lib/python3.8/site-packages/airflow/example_dags/example_task_group.py for tasks to queue
[2023-10-11T03:59:47.446+0000] {logging_mixin.py:151} INFO - [2023-10-11T03:59:47.446+0000] {dagbag.py:539} INFO - Filling up the DagBag from /home/airflow/.local/lib/python3.8/site-packages/airflow/example_dags/example_task_group.py
[2023-10-11T03:59:47.454+0000] {processor.py:839} INFO - DAG(s) dict_keys(['example_task_group']) retrieved from /home/airflow/.local/lib/python3.8/site-packages/airflow/example_dags/example_task_group.py
[2023-10-11T03:59:47.477+0000] {logging_mixin.py:151} INFO - [2023-10-11T03:59:47.477+0000] {dag.py:2915} INFO - Sync 1 DAGs
[2023-10-11T03:59:47.500+0000] {logging_mixin.py:151} INFO - [2023-10-11T03:59:47.500+0000] {dag.py:3696} INFO - Setting next_dagrun for example_task_group to 2023-10-10T03:59:47.499986+00:00, run_after=2023-10-11T03:59:47.499986+00:00
[2023-10-11T03:59:47.523+0000] {processor.py:179} INFO - Processing /home/airflow/.local/lib/python3.8/site-packages/airflow/example_dags/example_task_group.py took 0.083 seconds
[2023-10-11T04:00:17.848+0000] {processor.py:157} INFO - Started process (PID=2409) to work on /home/airflow/.local/lib/python3.8/site-packages/airflow/example_dags/example_task_group.py
[2023-10-11T04:00:17.850+0000] {processor.py:829} INFO - Processing file /home/airflow/.local/lib/python3.8/site-packages/airflow/example_dags/example_task_group.py for tasks to queue
[2023-10-11T04:00:17.853+0000] {logging_mixin.py:151} INFO - [2023-10-11T04:00:17.852+0000] {dagbag.py:539} INFO - Filling up the DagBag from /home/airflow/.local/lib/python3.8/site-packages/airflow/example_dags/example_task_group.py
[2023-10-11T04:00:17.861+0000] {processor.py:839} INFO - DAG(s) dict_keys(['example_task_group']) retrieved from /home/airflow/.local/lib/python3.8/site-packages/airflow/example_dags/example_task_group.py
[2023-10-11T04:00:17.885+0000] {logging_mixin.py:151} INFO - [2023-10-11T04:00:17.884+0000] {dag.py:2915} INFO - Sync 1 DAGs
[2023-10-11T04:00:17.903+0000] {logging_mixin.py:151} INFO - [2023-10-11T04:00:17.903+0000] {dag.py:3696} INFO - Setting next_dagrun for example_task_group to 2023-10-10T04:00:17.903188+00:00, run_after=2023-10-11T04:00:17.903188+00:00
[2023-10-11T04:00:17.926+0000] {processor.py:179} INFO - Processing /home/airflow/.local/lib/python3.8/site-packages/airflow/example_dags/example_task_group.py took 0.083 seconds
[2023-10-11T04:00:48.213+0000] {processor.py:157} INFO - Started process (PID=2466) to work on /home/airflow/.local/lib/python3.8/site-packages/airflow/example_dags/example_task_group.py
[2023-10-11T04:00:48.214+0000] {processor.py:829} INFO - Processing file /home/airflow/.local/lib/python3.8/site-packages/airflow/example_dags/example_task_group.py for tasks to queue
[2023-10-11T04:00:48.218+0000] {logging_mixin.py:151} INFO - [2023-10-11T04:00:48.217+0000] {dagbag.py:539} INFO - Filling up the DagBag from /home/airflow/.local/lib/python3.8/site-packages/airflow/example_dags/example_task_group.py
[2023-10-11T04:00:48.226+0000] {processor.py:839} INFO - DAG(s) dict_keys(['example_task_group']) retrieved from /home/airflow/.local/lib/python3.8/site-packages/airflow/example_dags/example_task_group.py
[2023-10-11T04:00:48.253+0000] {logging_mixin.py:151} INFO - [2023-10-11T04:00:48.252+0000] {dag.py:2915} INFO - Sync 1 DAGs
[2023-10-11T04:00:48.272+0000] {logging_mixin.py:151} INFO - [2023-10-11T04:00:48.272+0000] {dag.py:3696} INFO - Setting next_dagrun for example_task_group to 2023-10-10T04:00:48.272021+00:00, run_after=2023-10-11T04:00:48.272021+00:00
[2023-10-11T04:00:48.295+0000] {processor.py:179} INFO - Processing /home/airflow/.local/lib/python3.8/site-packages/airflow/example_dags/example_task_group.py took 0.085 seconds
[2023-10-11T04:01:18.761+0000] {processor.py:157} INFO - Started process (PID=2523) to work on /home/airflow/.local/lib/python3.8/site-packages/airflow/example_dags/example_task_group.py
[2023-10-11T04:01:18.763+0000] {processor.py:829} INFO - Processing file /home/airflow/.local/lib/python3.8/site-packages/airflow/example_dags/example_task_group.py for tasks to queue
[2023-10-11T04:01:18.766+0000] {logging_mixin.py:151} INFO - [2023-10-11T04:01:18.765+0000] {dagbag.py:539} INFO - Filling up the DagBag from /home/airflow/.local/lib/python3.8/site-packages/airflow/example_dags/example_task_group.py
[2023-10-11T04:01:18.772+0000] {processor.py:839} INFO - DAG(s) dict_keys(['example_task_group']) retrieved from /home/airflow/.local/lib/python3.8/site-packages/airflow/example_dags/example_task_group.py
[2023-10-11T04:01:18.794+0000] {logging_mixin.py:151} INFO - [2023-10-11T04:01:18.794+0000] {dag.py:2915} INFO - Sync 1 DAGs
[2023-10-11T04:01:18.811+0000] {logging_mixin.py:151} INFO - [2023-10-11T04:01:18.811+0000] {dag.py:3696} INFO - Setting next_dagrun for example_task_group to 2023-10-10T04:01:18.811145+00:00, run_after=2023-10-11T04:01:18.811145+00:00
[2023-10-11T04:01:18.833+0000] {processor.py:179} INFO - Processing /home/airflow/.local/lib/python3.8/site-packages/airflow/example_dags/example_task_group.py took 0.074 seconds
[2023-10-11T04:01:48.951+0000] {processor.py:157} INFO - Started process (PID=2580) to work on /home/airflow/.local/lib/python3.8/site-packages/airflow/example_dags/example_task_group.py
[2023-10-11T04:01:48.952+0000] {processor.py:829} INFO - Processing file /home/airflow/.local/lib/python3.8/site-packages/airflow/example_dags/example_task_group.py for tasks to queue
[2023-10-11T04:01:48.955+0000] {logging_mixin.py:151} INFO - [2023-10-11T04:01:48.954+0000] {dagbag.py:539} INFO - Filling up the DagBag from /home/airflow/.local/lib/python3.8/site-packages/airflow/example_dags/example_task_group.py
[2023-10-11T04:01:48.961+0000] {processor.py:839} INFO - DAG(s) dict_keys(['example_task_group']) retrieved from /home/airflow/.local/lib/python3.8/site-packages/airflow/example_dags/example_task_group.py
[2023-10-11T04:01:48.982+0000] {logging_mixin.py:151} INFO - [2023-10-11T04:01:48.982+0000] {dag.py:2915} INFO - Sync 1 DAGs
[2023-10-11T04:01:49.002+0000] {logging_mixin.py:151} INFO - [2023-10-11T04:01:49.001+0000] {dag.py:3696} INFO - Setting next_dagrun for example_task_group to 2023-10-10T04:01:49.001639+00:00, run_after=2023-10-11T04:01:49.001639+00:00
[2023-10-11T04:01:49.022+0000] {processor.py:179} INFO - Processing /home/airflow/.local/lib/python3.8/site-packages/airflow/example_dags/example_task_group.py took 0.075 seconds
[2023-10-11T04:02:19.570+0000] {processor.py:157} INFO - Started process (PID=2637) to work on /home/airflow/.local/lib/python3.8/site-packages/airflow/example_dags/example_task_group.py
[2023-10-11T04:02:19.572+0000] {processor.py:829} INFO - Processing file /home/airflow/.local/lib/python3.8/site-packages/airflow/example_dags/example_task_group.py for tasks to queue
[2023-10-11T04:02:19.577+0000] {logging_mixin.py:151} INFO - [2023-10-11T04:02:19.576+0000] {dagbag.py:539} INFO - Filling up the DagBag from /home/airflow/.local/lib/python3.8/site-packages/airflow/example_dags/example_task_group.py
[2023-10-11T04:02:19.586+0000] {processor.py:839} INFO - DAG(s) dict_keys(['example_task_group']) retrieved from /home/airflow/.local/lib/python3.8/site-packages/airflow/example_dags/example_task_group.py
[2023-10-11T04:02:19.618+0000] {logging_mixin.py:151} INFO - [2023-10-11T04:02:19.617+0000] {dag.py:2915} INFO - Sync 1 DAGs
[2023-10-11T04:02:19.642+0000] {logging_mixin.py:151} INFO - [2023-10-11T04:02:19.642+0000] {dag.py:3696} INFO - Setting next_dagrun for example_task_group to 2023-10-10T04:02:19.641869+00:00, run_after=2023-10-11T04:02:19.641869+00:00
[2023-10-11T04:02:19.666+0000] {processor.py:179} INFO - Processing /home/airflow/.local/lib/python3.8/site-packages/airflow/example_dags/example_task_group.py took 0.100 seconds
[2023-10-11T04:02:50.519+0000] {processor.py:157} INFO - Started process (PID=2694) to work on /home/airflow/.local/lib/python3.8/site-packages/airflow/example_dags/example_task_group.py
[2023-10-11T04:02:50.521+0000] {processor.py:829} INFO - Processing file /home/airflow/.local/lib/python3.8/site-packages/airflow/example_dags/example_task_group.py for tasks to queue
[2023-10-11T04:02:50.523+0000] {logging_mixin.py:151} INFO - [2023-10-11T04:02:50.523+0000] {dagbag.py:539} INFO - Filling up the DagBag from /home/airflow/.local/lib/python3.8/site-packages/airflow/example_dags/example_task_group.py
[2023-10-11T04:02:50.530+0000] {processor.py:839} INFO - DAG(s) dict_keys(['example_task_group']) retrieved from /home/airflow/.local/lib/python3.8/site-packages/airflow/example_dags/example_task_group.py
[2023-10-11T04:02:50.552+0000] {logging_mixin.py:151} INFO - [2023-10-11T04:02:50.552+0000] {dag.py:2915} INFO - Sync 1 DAGs
[2023-10-11T04:02:50.571+0000] {logging_mixin.py:151} INFO - [2023-10-11T04:02:50.570+0000] {dag.py:3696} INFO - Setting next_dagrun for example_task_group to 2023-10-10T04:02:50.570731+00:00, run_after=2023-10-11T04:02:50.570731+00:00
[2023-10-11T04:02:50.590+0000] {processor.py:179} INFO - Processing /home/airflow/.local/lib/python3.8/site-packages/airflow/example_dags/example_task_group.py took 0.075 seconds
[2023-10-11T04:03:21.626+0000] {processor.py:157} INFO - Started process (PID=2751) to work on /home/airflow/.local/lib/python3.8/site-packages/airflow/example_dags/example_task_group.py
[2023-10-11T04:03:21.627+0000] {processor.py:829} INFO - Processing file /home/airflow/.local/lib/python3.8/site-packages/airflow/example_dags/example_task_group.py for tasks to queue
[2023-10-11T04:03:21.630+0000] {logging_mixin.py:151} INFO - [2023-10-11T04:03:21.629+0000] {dagbag.py:539} INFO - Filling up the DagBag from /home/airflow/.local/lib/python3.8/site-packages/airflow/example_dags/example_task_group.py
[2023-10-11T04:03:21.637+0000] {processor.py:839} INFO - DAG(s) dict_keys(['example_task_group']) retrieved from /home/airflow/.local/lib/python3.8/site-packages/airflow/example_dags/example_task_group.py
[2023-10-11T04:03:21.664+0000] {logging_mixin.py:151} INFO - [2023-10-11T04:03:21.663+0000] {dag.py:2915} INFO - Sync 1 DAGs
[2023-10-11T04:03:21.694+0000] {logging_mixin.py:151} INFO - [2023-10-11T04:03:21.694+0000] {dag.py:3696} INFO - Setting next_dagrun for example_task_group to 2023-10-10T04:03:21.693835+00:00, run_after=2023-10-11T04:03:21.693835+00:00
[2023-10-11T04:03:21.732+0000] {processor.py:179} INFO - Processing /home/airflow/.local/lib/python3.8/site-packages/airflow/example_dags/example_task_group.py took 0.109 seconds
[2023-10-11T04:03:52.289+0000] {processor.py:157} INFO - Started process (PID=2810) to work on /home/airflow/.local/lib/python3.8/site-packages/airflow/example_dags/example_task_group.py
[2023-10-11T04:03:52.290+0000] {processor.py:829} INFO - Processing file /home/airflow/.local/lib/python3.8/site-packages/airflow/example_dags/example_task_group.py for tasks to queue
[2023-10-11T04:03:52.293+0000] {logging_mixin.py:151} INFO - [2023-10-11T04:03:52.293+0000] {dagbag.py:539} INFO - Filling up the DagBag from /home/airflow/.local/lib/python3.8/site-packages/airflow/example_dags/example_task_group.py
[2023-10-11T04:03:52.301+0000] {processor.py:839} INFO - DAG(s) dict_keys(['example_task_group']) retrieved from /home/airflow/.local/lib/python3.8/site-packages/airflow/example_dags/example_task_group.py
[2023-10-11T04:03:52.328+0000] {logging_mixin.py:151} INFO - [2023-10-11T04:03:52.327+0000] {dag.py:2915} INFO - Sync 1 DAGs
[2023-10-11T04:03:52.349+0000] {logging_mixin.py:151} INFO - [2023-10-11T04:03:52.349+0000] {dag.py:3696} INFO - Setting next_dagrun for example_task_group to 2023-10-10T04:03:52.348867+00:00, run_after=2023-10-11T04:03:52.348867+00:00
[2023-10-11T04:03:52.375+0000] {processor.py:179} INFO - Processing /home/airflow/.local/lib/python3.8/site-packages/airflow/example_dags/example_task_group.py took 0.090 seconds
[2023-10-11T04:04:22.488+0000] {processor.py:157} INFO - Started process (PID=2876) to work on /home/airflow/.local/lib/python3.8/site-packages/airflow/example_dags/example_task_group.py
[2023-10-11T04:04:22.490+0000] {processor.py:829} INFO - Processing file /home/airflow/.local/lib/python3.8/site-packages/airflow/example_dags/example_task_group.py for tasks to queue
[2023-10-11T04:04:22.492+0000] {logging_mixin.py:151} INFO - [2023-10-11T04:04:22.492+0000] {dagbag.py:539} INFO - Filling up the DagBag from /home/airflow/.local/lib/python3.8/site-packages/airflow/example_dags/example_task_group.py
[2023-10-11T04:04:22.499+0000] {processor.py:839} INFO - DAG(s) dict_keys(['example_task_group']) retrieved from /home/airflow/.local/lib/python3.8/site-packages/airflow/example_dags/example_task_group.py
[2023-10-11T04:04:22.520+0000] {logging_mixin.py:151} INFO - [2023-10-11T04:04:22.520+0000] {dag.py:2915} INFO - Sync 1 DAGs
[2023-10-11T04:04:22.542+0000] {logging_mixin.py:151} INFO - [2023-10-11T04:04:22.542+0000] {dag.py:3696} INFO - Setting next_dagrun for example_task_group to 2023-10-10T04:04:22.542192+00:00, run_after=2023-10-11T04:04:22.542192+00:00
[2023-10-11T04:04:22.562+0000] {processor.py:179} INFO - Processing /home/airflow/.local/lib/python3.8/site-packages/airflow/example_dags/example_task_group.py took 0.077 seconds
