[2023-10-11T03:39:29.581+0000] {processor.py:157} INFO - Started process (PID=80) to work on /home/airflow/.local/lib/python3.8/site-packages/airflow/example_dags/example_branch_labels.py
[2023-10-11T03:39:29.584+0000] {processor.py:829} INFO - Processing file /home/airflow/.local/lib/python3.8/site-packages/airflow/example_dags/example_branch_labels.py for tasks to queue
[2023-10-11T03:39:29.589+0000] {logging_mixin.py:151} INFO - [2023-10-11T03:39:29.588+0000] {dagbag.py:539} INFO - Filling up the DagBag from /home/airflow/.local/lib/python3.8/site-packages/airflow/example_dags/example_branch_labels.py
[2023-10-11T03:39:29.608+0000] {processor.py:839} INFO - DAG(s) dict_keys(['example_branch_labels']) retrieved from /home/airflow/.local/lib/python3.8/site-packages/airflow/example_dags/example_branch_labels.py
[2023-10-11T03:39:29.642+0000] {logging_mixin.py:151} INFO - [2023-10-11T03:39:29.642+0000] {dag.py:2915} INFO - Sync 1 DAGs
[2023-10-11T03:39:29.684+0000] {logging_mixin.py:151} INFO - [2023-10-11T03:39:29.684+0000] {dag.py:3696} INFO - Setting next_dagrun for example_branch_labels to 2023-10-10T00:00:00+00:00, run_after=2023-10-11T00:00:00+00:00
[2023-10-11T03:39:29.713+0000] {processor.py:179} INFO - Processing /home/airflow/.local/lib/python3.8/site-packages/airflow/example_dags/example_branch_labels.py took 0.139 seconds
[2023-10-11T03:39:59.912+0000] {processor.py:157} INFO - Started process (PID=137) to work on /home/airflow/.local/lib/python3.8/site-packages/airflow/example_dags/example_branch_labels.py
[2023-10-11T03:39:59.917+0000] {processor.py:829} INFO - Processing file /home/airflow/.local/lib/python3.8/site-packages/airflow/example_dags/example_branch_labels.py for tasks to queue
[2023-10-11T03:39:59.919+0000] {logging_mixin.py:151} INFO - [2023-10-11T03:39:59.919+0000] {dagbag.py:539} INFO - Filling up the DagBag from /home/airflow/.local/lib/python3.8/site-packages/airflow/example_dags/example_branch_labels.py
[2023-10-11T03:39:59.926+0000] {processor.py:839} INFO - DAG(s) dict_keys(['example_branch_labels']) retrieved from /home/airflow/.local/lib/python3.8/site-packages/airflow/example_dags/example_branch_labels.py
[2023-10-11T03:39:59.945+0000] {logging_mixin.py:151} INFO - [2023-10-11T03:39:59.945+0000] {dag.py:2915} INFO - Sync 1 DAGs
[2023-10-11T03:39:59.963+0000] {logging_mixin.py:151} INFO - [2023-10-11T03:39:59.963+0000] {dag.py:3696} INFO - Setting next_dagrun for example_branch_labels to 2023-10-10T00:00:00+00:00, run_after=2023-10-11T00:00:00+00:00
[2023-10-11T03:39:59.983+0000] {processor.py:179} INFO - Processing /home/airflow/.local/lib/python3.8/site-packages/airflow/example_dags/example_branch_labels.py took 0.074 seconds
[2023-10-11T03:40:30.670+0000] {processor.py:157} INFO - Started process (PID=194) to work on /home/airflow/.local/lib/python3.8/site-packages/airflow/example_dags/example_branch_labels.py
[2023-10-11T03:40:30.672+0000] {processor.py:829} INFO - Processing file /home/airflow/.local/lib/python3.8/site-packages/airflow/example_dags/example_branch_labels.py for tasks to queue
[2023-10-11T03:40:30.675+0000] {logging_mixin.py:151} INFO - [2023-10-11T03:40:30.674+0000] {dagbag.py:539} INFO - Filling up the DagBag from /home/airflow/.local/lib/python3.8/site-packages/airflow/example_dags/example_branch_labels.py
[2023-10-11T03:40:30.682+0000] {processor.py:839} INFO - DAG(s) dict_keys(['example_branch_labels']) retrieved from /home/airflow/.local/lib/python3.8/site-packages/airflow/example_dags/example_branch_labels.py
[2023-10-11T03:40:30.705+0000] {logging_mixin.py:151} INFO - [2023-10-11T03:40:30.705+0000] {dag.py:2915} INFO - Sync 1 DAGs
[2023-10-11T03:40:30.727+0000] {logging_mixin.py:151} INFO - [2023-10-11T03:40:30.727+0000] {dag.py:3696} INFO - Setting next_dagrun for example_branch_labels to 2023-10-10T00:00:00+00:00, run_after=2023-10-11T00:00:00+00:00
[2023-10-11T03:40:30.747+0000] {processor.py:179} INFO - Processing /home/airflow/.local/lib/python3.8/site-packages/airflow/example_dags/example_branch_labels.py took 0.080 seconds
[2023-10-11T03:41:01.471+0000] {processor.py:157} INFO - Started process (PID=251) to work on /home/airflow/.local/lib/python3.8/site-packages/airflow/example_dags/example_branch_labels.py
[2023-10-11T03:41:01.473+0000] {processor.py:829} INFO - Processing file /home/airflow/.local/lib/python3.8/site-packages/airflow/example_dags/example_branch_labels.py for tasks to queue
[2023-10-11T03:41:01.478+0000] {logging_mixin.py:151} INFO - [2023-10-11T03:41:01.477+0000] {dagbag.py:539} INFO - Filling up the DagBag from /home/airflow/.local/lib/python3.8/site-packages/airflow/example_dags/example_branch_labels.py
[2023-10-11T03:41:01.488+0000] {processor.py:839} INFO - DAG(s) dict_keys(['example_branch_labels']) retrieved from /home/airflow/.local/lib/python3.8/site-packages/airflow/example_dags/example_branch_labels.py
[2023-10-11T03:41:01.527+0000] {logging_mixin.py:151} INFO - [2023-10-11T03:41:01.527+0000] {dag.py:2915} INFO - Sync 1 DAGs
[2023-10-11T03:41:01.569+0000] {logging_mixin.py:151} INFO - [2023-10-11T03:41:01.568+0000] {dag.py:3696} INFO - Setting next_dagrun for example_branch_labels to 2023-10-10T00:00:00+00:00, run_after=2023-10-11T00:00:00+00:00
[2023-10-11T03:41:01.604+0000] {processor.py:179} INFO - Processing /home/airflow/.local/lib/python3.8/site-packages/airflow/example_dags/example_branch_labels.py took 0.136 seconds
[2023-10-11T03:41:32.329+0000] {processor.py:157} INFO - Started process (PID=308) to work on /home/airflow/.local/lib/python3.8/site-packages/airflow/example_dags/example_branch_labels.py
[2023-10-11T03:41:32.331+0000] {processor.py:829} INFO - Processing file /home/airflow/.local/lib/python3.8/site-packages/airflow/example_dags/example_branch_labels.py for tasks to queue
[2023-10-11T03:41:32.334+0000] {logging_mixin.py:151} INFO - [2023-10-11T03:41:32.334+0000] {dagbag.py:539} INFO - Filling up the DagBag from /home/airflow/.local/lib/python3.8/site-packages/airflow/example_dags/example_branch_labels.py
[2023-10-11T03:41:32.349+0000] {processor.py:839} INFO - DAG(s) dict_keys(['example_branch_labels']) retrieved from /home/airflow/.local/lib/python3.8/site-packages/airflow/example_dags/example_branch_labels.py
[2023-10-11T03:41:32.397+0000] {logging_mixin.py:151} INFO - [2023-10-11T03:41:32.397+0000] {dag.py:2915} INFO - Sync 1 DAGs
[2023-10-11T03:41:32.445+0000] {logging_mixin.py:151} INFO - [2023-10-11T03:41:32.444+0000] {dag.py:3696} INFO - Setting next_dagrun for example_branch_labels to 2023-10-10T00:00:00+00:00, run_after=2023-10-11T00:00:00+00:00
[2023-10-11T03:41:32.495+0000] {processor.py:179} INFO - Processing /home/airflow/.local/lib/python3.8/site-packages/airflow/example_dags/example_branch_labels.py took 0.171 seconds
[2023-10-11T03:42:02.854+0000] {processor.py:157} INFO - Started process (PID=365) to work on /home/airflow/.local/lib/python3.8/site-packages/airflow/example_dags/example_branch_labels.py
[2023-10-11T03:42:02.857+0000] {processor.py:829} INFO - Processing file /home/airflow/.local/lib/python3.8/site-packages/airflow/example_dags/example_branch_labels.py for tasks to queue
[2023-10-11T03:42:02.860+0000] {logging_mixin.py:151} INFO - [2023-10-11T03:42:02.859+0000] {dagbag.py:539} INFO - Filling up the DagBag from /home/airflow/.local/lib/python3.8/site-packages/airflow/example_dags/example_branch_labels.py
[2023-10-11T03:42:02.867+0000] {processor.py:839} INFO - DAG(s) dict_keys(['example_branch_labels']) retrieved from /home/airflow/.local/lib/python3.8/site-packages/airflow/example_dags/example_branch_labels.py
[2023-10-11T03:42:02.890+0000] {logging_mixin.py:151} INFO - [2023-10-11T03:42:02.890+0000] {dag.py:2915} INFO - Sync 1 DAGs
[2023-10-11T03:42:02.911+0000] {logging_mixin.py:151} INFO - [2023-10-11T03:42:02.911+0000] {dag.py:3696} INFO - Setting next_dagrun for example_branch_labels to 2023-10-10T00:00:00+00:00, run_after=2023-10-11T00:00:00+00:00
[2023-10-11T03:42:02.934+0000] {processor.py:179} INFO - Processing /home/airflow/.local/lib/python3.8/site-packages/airflow/example_dags/example_branch_labels.py took 0.083 seconds
[2023-10-11T03:42:33.650+0000] {processor.py:157} INFO - Started process (PID=422) to work on /home/airflow/.local/lib/python3.8/site-packages/airflow/example_dags/example_branch_labels.py
[2023-10-11T03:42:33.652+0000] {processor.py:829} INFO - Processing file /home/airflow/.local/lib/python3.8/site-packages/airflow/example_dags/example_branch_labels.py for tasks to queue
[2023-10-11T03:42:33.655+0000] {logging_mixin.py:151} INFO - [2023-10-11T03:42:33.655+0000] {dagbag.py:539} INFO - Filling up the DagBag from /home/airflow/.local/lib/python3.8/site-packages/airflow/example_dags/example_branch_labels.py
[2023-10-11T03:42:33.662+0000] {processor.py:839} INFO - DAG(s) dict_keys(['example_branch_labels']) retrieved from /home/airflow/.local/lib/python3.8/site-packages/airflow/example_dags/example_branch_labels.py
[2023-10-11T03:42:33.687+0000] {logging_mixin.py:151} INFO - [2023-10-11T03:42:33.687+0000] {dag.py:2915} INFO - Sync 1 DAGs
[2023-10-11T03:42:33.707+0000] {logging_mixin.py:151} INFO - [2023-10-11T03:42:33.706+0000] {dag.py:3696} INFO - Setting next_dagrun for example_branch_labels to 2023-10-10T00:00:00+00:00, run_after=2023-10-11T00:00:00+00:00
[2023-10-11T03:42:33.727+0000] {processor.py:179} INFO - Processing /home/airflow/.local/lib/python3.8/site-packages/airflow/example_dags/example_branch_labels.py took 0.079 seconds
[2023-10-11T03:43:04.044+0000] {processor.py:157} INFO - Started process (PID=478) to work on /home/airflow/.local/lib/python3.8/site-packages/airflow/example_dags/example_branch_labels.py
[2023-10-11T03:43:04.046+0000] {processor.py:829} INFO - Processing file /home/airflow/.local/lib/python3.8/site-packages/airflow/example_dags/example_branch_labels.py for tasks to queue
[2023-10-11T03:43:04.049+0000] {logging_mixin.py:151} INFO - [2023-10-11T03:43:04.049+0000] {dagbag.py:539} INFO - Filling up the DagBag from /home/airflow/.local/lib/python3.8/site-packages/airflow/example_dags/example_branch_labels.py
[2023-10-11T03:43:04.058+0000] {processor.py:839} INFO - DAG(s) dict_keys(['example_branch_labels']) retrieved from /home/airflow/.local/lib/python3.8/site-packages/airflow/example_dags/example_branch_labels.py
[2023-10-11T03:43:04.092+0000] {logging_mixin.py:151} INFO - [2023-10-11T03:43:04.092+0000] {dag.py:2915} INFO - Sync 1 DAGs
[2023-10-11T03:43:04.124+0000] {logging_mixin.py:151} INFO - [2023-10-11T03:43:04.124+0000] {dag.py:3696} INFO - Setting next_dagrun for example_branch_labels to 2023-10-10T00:00:00+00:00, run_after=2023-10-11T00:00:00+00:00
[2023-10-11T03:43:04.153+0000] {processor.py:179} INFO - Processing /home/airflow/.local/lib/python3.8/site-packages/airflow/example_dags/example_branch_labels.py took 0.111 seconds
[2023-10-11T03:43:34.857+0000] {processor.py:157} INFO - Started process (PID=535) to work on /home/airflow/.local/lib/python3.8/site-packages/airflow/example_dags/example_branch_labels.py
[2023-10-11T03:43:34.858+0000] {processor.py:829} INFO - Processing file /home/airflow/.local/lib/python3.8/site-packages/airflow/example_dags/example_branch_labels.py for tasks to queue
[2023-10-11T03:43:34.861+0000] {logging_mixin.py:151} INFO - [2023-10-11T03:43:34.861+0000] {dagbag.py:539} INFO - Filling up the DagBag from /home/airflow/.local/lib/python3.8/site-packages/airflow/example_dags/example_branch_labels.py
[2023-10-11T03:43:34.869+0000] {processor.py:839} INFO - DAG(s) dict_keys(['example_branch_labels']) retrieved from /home/airflow/.local/lib/python3.8/site-packages/airflow/example_dags/example_branch_labels.py
[2023-10-11T03:43:34.889+0000] {logging_mixin.py:151} INFO - [2023-10-11T03:43:34.889+0000] {dag.py:2915} INFO - Sync 1 DAGs
[2023-10-11T03:43:34.911+0000] {logging_mixin.py:151} INFO - [2023-10-11T03:43:34.910+0000] {dag.py:3696} INFO - Setting next_dagrun for example_branch_labels to 2023-10-10T00:00:00+00:00, run_after=2023-10-11T00:00:00+00:00
[2023-10-11T03:43:34.928+0000] {processor.py:179} INFO - Processing /home/airflow/.local/lib/python3.8/site-packages/airflow/example_dags/example_branch_labels.py took 0.074 seconds
[2023-10-11T03:44:05.707+0000] {processor.py:157} INFO - Started process (PID=592) to work on /home/airflow/.local/lib/python3.8/site-packages/airflow/example_dags/example_branch_labels.py
[2023-10-11T03:44:05.710+0000] {processor.py:829} INFO - Processing file /home/airflow/.local/lib/python3.8/site-packages/airflow/example_dags/example_branch_labels.py for tasks to queue
[2023-10-11T03:44:05.716+0000] {logging_mixin.py:151} INFO - [2023-10-11T03:44:05.715+0000] {dagbag.py:539} INFO - Filling up the DagBag from /home/airflow/.local/lib/python3.8/site-packages/airflow/example_dags/example_branch_labels.py
[2023-10-11T03:44:05.729+0000] {processor.py:839} INFO - DAG(s) dict_keys(['example_branch_labels']) retrieved from /home/airflow/.local/lib/python3.8/site-packages/airflow/example_dags/example_branch_labels.py
[2023-10-11T03:44:05.768+0000] {logging_mixin.py:151} INFO - [2023-10-11T03:44:05.768+0000] {dag.py:2915} INFO - Sync 1 DAGs
[2023-10-11T03:44:05.814+0000] {logging_mixin.py:151} INFO - [2023-10-11T03:44:05.813+0000] {dag.py:3696} INFO - Setting next_dagrun for example_branch_labels to 2023-10-10T00:00:00+00:00, run_after=2023-10-11T00:00:00+00:00
[2023-10-11T03:44:05.851+0000] {processor.py:179} INFO - Processing /home/airflow/.local/lib/python3.8/site-packages/airflow/example_dags/example_branch_labels.py took 0.150 seconds
[2023-10-11T03:44:35.955+0000] {processor.py:157} INFO - Started process (PID=649) to work on /home/airflow/.local/lib/python3.8/site-packages/airflow/example_dags/example_branch_labels.py
[2023-10-11T03:44:35.957+0000] {processor.py:829} INFO - Processing file /home/airflow/.local/lib/python3.8/site-packages/airflow/example_dags/example_branch_labels.py for tasks to queue
[2023-10-11T03:44:35.959+0000] {logging_mixin.py:151} INFO - [2023-10-11T03:44:35.959+0000] {dagbag.py:539} INFO - Filling up the DagBag from /home/airflow/.local/lib/python3.8/site-packages/airflow/example_dags/example_branch_labels.py
[2023-10-11T03:44:35.967+0000] {processor.py:839} INFO - DAG(s) dict_keys(['example_branch_labels']) retrieved from /home/airflow/.local/lib/python3.8/site-packages/airflow/example_dags/example_branch_labels.py
[2023-10-11T03:44:35.994+0000] {logging_mixin.py:151} INFO - [2023-10-11T03:44:35.994+0000] {dag.py:2915} INFO - Sync 1 DAGs
[2023-10-11T03:44:36.017+0000] {logging_mixin.py:151} INFO - [2023-10-11T03:44:36.017+0000] {dag.py:3696} INFO - Setting next_dagrun for example_branch_labels to 2023-10-10T00:00:00+00:00, run_after=2023-10-11T00:00:00+00:00
[2023-10-11T03:44:36.041+0000] {processor.py:179} INFO - Processing /home/airflow/.local/lib/python3.8/site-packages/airflow/example_dags/example_branch_labels.py took 0.090 seconds
[2023-10-11T03:45:06.562+0000] {processor.py:157} INFO - Started process (PID=713) to work on /home/airflow/.local/lib/python3.8/site-packages/airflow/example_dags/example_branch_labels.py
[2023-10-11T03:45:06.564+0000] {processor.py:829} INFO - Processing file /home/airflow/.local/lib/python3.8/site-packages/airflow/example_dags/example_branch_labels.py for tasks to queue
[2023-10-11T03:45:06.568+0000] {logging_mixin.py:151} INFO - [2023-10-11T03:45:06.568+0000] {dagbag.py:539} INFO - Filling up the DagBag from /home/airflow/.local/lib/python3.8/site-packages/airflow/example_dags/example_branch_labels.py
[2023-10-11T03:45:06.580+0000] {processor.py:839} INFO - DAG(s) dict_keys(['example_branch_labels']) retrieved from /home/airflow/.local/lib/python3.8/site-packages/airflow/example_dags/example_branch_labels.py
[2023-10-11T03:45:06.621+0000] {logging_mixin.py:151} INFO - [2023-10-11T03:45:06.620+0000] {dag.py:2915} INFO - Sync 1 DAGs
[2023-10-11T03:45:06.647+0000] {logging_mixin.py:151} INFO - [2023-10-11T03:45:06.647+0000] {dag.py:3696} INFO - Setting next_dagrun for example_branch_labels to 2023-10-10T00:00:00+00:00, run_after=2023-10-11T00:00:00+00:00
[2023-10-11T03:45:06.677+0000] {processor.py:179} INFO - Processing /home/airflow/.local/lib/python3.8/site-packages/airflow/example_dags/example_branch_labels.py took 0.119 seconds
[2023-10-11T03:45:37.287+0000] {processor.py:157} INFO - Started process (PID=770) to work on /home/airflow/.local/lib/python3.8/site-packages/airflow/example_dags/example_branch_labels.py
[2023-10-11T03:45:37.288+0000] {processor.py:829} INFO - Processing file /home/airflow/.local/lib/python3.8/site-packages/airflow/example_dags/example_branch_labels.py for tasks to queue
[2023-10-11T03:45:37.291+0000] {logging_mixin.py:151} INFO - [2023-10-11T03:45:37.291+0000] {dagbag.py:539} INFO - Filling up the DagBag from /home/airflow/.local/lib/python3.8/site-packages/airflow/example_dags/example_branch_labels.py
[2023-10-11T03:45:37.298+0000] {processor.py:839} INFO - DAG(s) dict_keys(['example_branch_labels']) retrieved from /home/airflow/.local/lib/python3.8/site-packages/airflow/example_dags/example_branch_labels.py
[2023-10-11T03:45:37.321+0000] {logging_mixin.py:151} INFO - [2023-10-11T03:45:37.320+0000] {dag.py:2915} INFO - Sync 1 DAGs
[2023-10-11T03:45:37.347+0000] {logging_mixin.py:151} INFO - [2023-10-11T03:45:37.347+0000] {dag.py:3696} INFO - Setting next_dagrun for example_branch_labels to 2023-10-10T00:00:00+00:00, run_after=2023-10-11T00:00:00+00:00
[2023-10-11T03:45:37.367+0000] {processor.py:179} INFO - Processing /home/airflow/.local/lib/python3.8/site-packages/airflow/example_dags/example_branch_labels.py took 0.084 seconds
[2023-10-11T03:46:07.611+0000] {processor.py:157} INFO - Started process (PID=827) to work on /home/airflow/.local/lib/python3.8/site-packages/airflow/example_dags/example_branch_labels.py
[2023-10-11T03:46:07.612+0000] {processor.py:829} INFO - Processing file /home/airflow/.local/lib/python3.8/site-packages/airflow/example_dags/example_branch_labels.py for tasks to queue
[2023-10-11T03:46:07.615+0000] {logging_mixin.py:151} INFO - [2023-10-11T03:46:07.614+0000] {dagbag.py:539} INFO - Filling up the DagBag from /home/airflow/.local/lib/python3.8/site-packages/airflow/example_dags/example_branch_labels.py
[2023-10-11T03:46:07.622+0000] {processor.py:839} INFO - DAG(s) dict_keys(['example_branch_labels']) retrieved from /home/airflow/.local/lib/python3.8/site-packages/airflow/example_dags/example_branch_labels.py
[2023-10-11T03:46:07.644+0000] {logging_mixin.py:151} INFO - [2023-10-11T03:46:07.644+0000] {dag.py:2915} INFO - Sync 1 DAGs
[2023-10-11T03:46:07.666+0000] {logging_mixin.py:151} INFO - [2023-10-11T03:46:07.665+0000] {dag.py:3696} INFO - Setting next_dagrun for example_branch_labels to 2023-10-10T00:00:00+00:00, run_after=2023-10-11T00:00:00+00:00
[2023-10-11T03:46:07.685+0000] {processor.py:179} INFO - Processing /home/airflow/.local/lib/python3.8/site-packages/airflow/example_dags/example_branch_labels.py took 0.077 seconds
[2023-10-11T03:46:38.703+0000] {processor.py:157} INFO - Started process (PID=884) to work on /home/airflow/.local/lib/python3.8/site-packages/airflow/example_dags/example_branch_labels.py
[2023-10-11T03:46:38.704+0000] {processor.py:829} INFO - Processing file /home/airflow/.local/lib/python3.8/site-packages/airflow/example_dags/example_branch_labels.py for tasks to queue
[2023-10-11T03:46:38.706+0000] {logging_mixin.py:151} INFO - [2023-10-11T03:46:38.706+0000] {dagbag.py:539} INFO - Filling up the DagBag from /home/airflow/.local/lib/python3.8/site-packages/airflow/example_dags/example_branch_labels.py
[2023-10-11T03:46:38.714+0000] {processor.py:839} INFO - DAG(s) dict_keys(['example_branch_labels']) retrieved from /home/airflow/.local/lib/python3.8/site-packages/airflow/example_dags/example_branch_labels.py
[2023-10-11T03:46:38.736+0000] {logging_mixin.py:151} INFO - [2023-10-11T03:46:38.736+0000] {dag.py:2915} INFO - Sync 1 DAGs
[2023-10-11T03:46:38.756+0000] {logging_mixin.py:151} INFO - [2023-10-11T03:46:38.756+0000] {dag.py:3696} INFO - Setting next_dagrun for example_branch_labels to 2023-10-10T00:00:00+00:00, run_after=2023-10-11T00:00:00+00:00
[2023-10-11T03:46:38.778+0000] {processor.py:179} INFO - Processing /home/airflow/.local/lib/python3.8/site-packages/airflow/example_dags/example_branch_labels.py took 0.078 seconds
[2023-10-11T03:47:09.016+0000] {processor.py:157} INFO - Started process (PID=941) to work on /home/airflow/.local/lib/python3.8/site-packages/airflow/example_dags/example_branch_labels.py
[2023-10-11T03:47:09.018+0000] {processor.py:829} INFO - Processing file /home/airflow/.local/lib/python3.8/site-packages/airflow/example_dags/example_branch_labels.py for tasks to queue
[2023-10-11T03:47:09.020+0000] {logging_mixin.py:151} INFO - [2023-10-11T03:47:09.020+0000] {dagbag.py:539} INFO - Filling up the DagBag from /home/airflow/.local/lib/python3.8/site-packages/airflow/example_dags/example_branch_labels.py
[2023-10-11T03:47:09.027+0000] {processor.py:839} INFO - DAG(s) dict_keys(['example_branch_labels']) retrieved from /home/airflow/.local/lib/python3.8/site-packages/airflow/example_dags/example_branch_labels.py
[2023-10-11T03:47:09.049+0000] {logging_mixin.py:151} INFO - [2023-10-11T03:47:09.049+0000] {dag.py:2915} INFO - Sync 1 DAGs
[2023-10-11T03:47:09.071+0000] {logging_mixin.py:151} INFO - [2023-10-11T03:47:09.071+0000] {dag.py:3696} INFO - Setting next_dagrun for example_branch_labels to 2023-10-10T00:00:00+00:00, run_after=2023-10-11T00:00:00+00:00
[2023-10-11T03:47:09.094+0000] {processor.py:179} INFO - Processing /home/airflow/.local/lib/python3.8/site-packages/airflow/example_dags/example_branch_labels.py took 0.081 seconds
[2023-10-11T03:47:39.252+0000] {processor.py:157} INFO - Started process (PID=998) to work on /home/airflow/.local/lib/python3.8/site-packages/airflow/example_dags/example_branch_labels.py
[2023-10-11T03:47:39.254+0000] {processor.py:829} INFO - Processing file /home/airflow/.local/lib/python3.8/site-packages/airflow/example_dags/example_branch_labels.py for tasks to queue
[2023-10-11T03:47:39.257+0000] {logging_mixin.py:151} INFO - [2023-10-11T03:47:39.257+0000] {dagbag.py:539} INFO - Filling up the DagBag from /home/airflow/.local/lib/python3.8/site-packages/airflow/example_dags/example_branch_labels.py
[2023-10-11T03:47:39.266+0000] {processor.py:839} INFO - DAG(s) dict_keys(['example_branch_labels']) retrieved from /home/airflow/.local/lib/python3.8/site-packages/airflow/example_dags/example_branch_labels.py
[2023-10-11T03:47:39.294+0000] {logging_mixin.py:151} INFO - [2023-10-11T03:47:39.294+0000] {dag.py:2915} INFO - Sync 1 DAGs
[2023-10-11T03:47:39.313+0000] {logging_mixin.py:151} INFO - [2023-10-11T03:47:39.313+0000] {dag.py:3696} INFO - Setting next_dagrun for example_branch_labels to 2023-10-10T00:00:00+00:00, run_after=2023-10-11T00:00:00+00:00
[2023-10-11T03:47:39.333+0000] {processor.py:179} INFO - Processing /home/airflow/.local/lib/python3.8/site-packages/airflow/example_dags/example_branch_labels.py took 0.085 seconds
[2023-10-11T03:48:09.722+0000] {processor.py:157} INFO - Started process (PID=1055) to work on /home/airflow/.local/lib/python3.8/site-packages/airflow/example_dags/example_branch_labels.py
[2023-10-11T03:48:09.724+0000] {processor.py:829} INFO - Processing file /home/airflow/.local/lib/python3.8/site-packages/airflow/example_dags/example_branch_labels.py for tasks to queue
[2023-10-11T03:48:09.726+0000] {logging_mixin.py:151} INFO - [2023-10-11T03:48:09.726+0000] {dagbag.py:539} INFO - Filling up the DagBag from /home/airflow/.local/lib/python3.8/site-packages/airflow/example_dags/example_branch_labels.py
[2023-10-11T03:48:09.733+0000] {processor.py:839} INFO - DAG(s) dict_keys(['example_branch_labels']) retrieved from /home/airflow/.local/lib/python3.8/site-packages/airflow/example_dags/example_branch_labels.py
[2023-10-11T03:48:09.755+0000] {logging_mixin.py:151} INFO - [2023-10-11T03:48:09.755+0000] {dag.py:2915} INFO - Sync 1 DAGs
[2023-10-11T03:48:09.774+0000] {logging_mixin.py:151} INFO - [2023-10-11T03:48:09.774+0000] {dag.py:3696} INFO - Setting next_dagrun for example_branch_labels to 2023-10-10T00:00:00+00:00, run_after=2023-10-11T00:00:00+00:00
[2023-10-11T03:48:09.795+0000] {processor.py:179} INFO - Processing /home/airflow/.local/lib/python3.8/site-packages/airflow/example_dags/example_branch_labels.py took 0.077 seconds
[2023-10-11T03:48:40.128+0000] {processor.py:157} INFO - Started process (PID=1112) to work on /home/airflow/.local/lib/python3.8/site-packages/airflow/example_dags/example_branch_labels.py
[2023-10-11T03:48:40.129+0000] {processor.py:829} INFO - Processing file /home/airflow/.local/lib/python3.8/site-packages/airflow/example_dags/example_branch_labels.py for tasks to queue
[2023-10-11T03:48:40.132+0000] {logging_mixin.py:151} INFO - [2023-10-11T03:48:40.131+0000] {dagbag.py:539} INFO - Filling up the DagBag from /home/airflow/.local/lib/python3.8/site-packages/airflow/example_dags/example_branch_labels.py
[2023-10-11T03:48:40.140+0000] {processor.py:839} INFO - DAG(s) dict_keys(['example_branch_labels']) retrieved from /home/airflow/.local/lib/python3.8/site-packages/airflow/example_dags/example_branch_labels.py
[2023-10-11T03:48:40.161+0000] {logging_mixin.py:151} INFO - [2023-10-11T03:48:40.161+0000] {dag.py:2915} INFO - Sync 1 DAGs
[2023-10-11T03:48:40.184+0000] {logging_mixin.py:151} INFO - [2023-10-11T03:48:40.184+0000] {dag.py:3696} INFO - Setting next_dagrun for example_branch_labels to 2023-10-10T00:00:00+00:00, run_after=2023-10-11T00:00:00+00:00
[2023-10-11T03:48:40.206+0000] {processor.py:179} INFO - Processing /home/airflow/.local/lib/python3.8/site-packages/airflow/example_dags/example_branch_labels.py took 0.081 seconds
[2023-10-11T03:49:10.598+0000] {processor.py:157} INFO - Started process (PID=1169) to work on /home/airflow/.local/lib/python3.8/site-packages/airflow/example_dags/example_branch_labels.py
[2023-10-11T03:49:10.601+0000] {processor.py:829} INFO - Processing file /home/airflow/.local/lib/python3.8/site-packages/airflow/example_dags/example_branch_labels.py for tasks to queue
[2023-10-11T03:49:10.606+0000] {logging_mixin.py:151} INFO - [2023-10-11T03:49:10.605+0000] {dagbag.py:539} INFO - Filling up the DagBag from /home/airflow/.local/lib/python3.8/site-packages/airflow/example_dags/example_branch_labels.py
[2023-10-11T03:49:10.616+0000] {processor.py:839} INFO - DAG(s) dict_keys(['example_branch_labels']) retrieved from /home/airflow/.local/lib/python3.8/site-packages/airflow/example_dags/example_branch_labels.py
[2023-10-11T03:49:10.642+0000] {logging_mixin.py:151} INFO - [2023-10-11T03:49:10.642+0000] {dag.py:2915} INFO - Sync 1 DAGs
[2023-10-11T03:49:10.662+0000] {logging_mixin.py:151} INFO - [2023-10-11T03:49:10.662+0000] {dag.py:3696} INFO - Setting next_dagrun for example_branch_labels to 2023-10-10T00:00:00+00:00, run_after=2023-10-11T00:00:00+00:00
[2023-10-11T03:49:10.684+0000] {processor.py:179} INFO - Processing /home/airflow/.local/lib/python3.8/site-packages/airflow/example_dags/example_branch_labels.py took 0.088 seconds
[2023-10-11T03:49:41.326+0000] {processor.py:157} INFO - Started process (PID=1226) to work on /home/airflow/.local/lib/python3.8/site-packages/airflow/example_dags/example_branch_labels.py
[2023-10-11T03:49:41.328+0000] {processor.py:829} INFO - Processing file /home/airflow/.local/lib/python3.8/site-packages/airflow/example_dags/example_branch_labels.py for tasks to queue
[2023-10-11T03:49:41.331+0000] {logging_mixin.py:151} INFO - [2023-10-11T03:49:41.331+0000] {dagbag.py:539} INFO - Filling up the DagBag from /home/airflow/.local/lib/python3.8/site-packages/airflow/example_dags/example_branch_labels.py
[2023-10-11T03:49:41.338+0000] {processor.py:839} INFO - DAG(s) dict_keys(['example_branch_labels']) retrieved from /home/airflow/.local/lib/python3.8/site-packages/airflow/example_dags/example_branch_labels.py
[2023-10-11T03:49:41.362+0000] {logging_mixin.py:151} INFO - [2023-10-11T03:49:41.361+0000] {dag.py:2915} INFO - Sync 1 DAGs
[2023-10-11T03:49:41.382+0000] {logging_mixin.py:151} INFO - [2023-10-11T03:49:41.382+0000] {dag.py:3696} INFO - Setting next_dagrun for example_branch_labels to 2023-10-10T00:00:00+00:00, run_after=2023-10-11T00:00:00+00:00
[2023-10-11T03:49:41.403+0000] {processor.py:179} INFO - Processing /home/airflow/.local/lib/python3.8/site-packages/airflow/example_dags/example_branch_labels.py took 0.080 seconds
[2023-10-11T03:50:11.686+0000] {processor.py:157} INFO - Started process (PID=1283) to work on /home/airflow/.local/lib/python3.8/site-packages/airflow/example_dags/example_branch_labels.py
[2023-10-11T03:50:11.687+0000] {processor.py:829} INFO - Processing file /home/airflow/.local/lib/python3.8/site-packages/airflow/example_dags/example_branch_labels.py for tasks to queue
[2023-10-11T03:50:11.689+0000] {logging_mixin.py:151} INFO - [2023-10-11T03:50:11.689+0000] {dagbag.py:539} INFO - Filling up the DagBag from /home/airflow/.local/lib/python3.8/site-packages/airflow/example_dags/example_branch_labels.py
[2023-10-11T03:50:11.697+0000] {processor.py:839} INFO - DAG(s) dict_keys(['example_branch_labels']) retrieved from /home/airflow/.local/lib/python3.8/site-packages/airflow/example_dags/example_branch_labels.py
[2023-10-11T03:50:11.722+0000] {logging_mixin.py:151} INFO - [2023-10-11T03:50:11.722+0000] {dag.py:2915} INFO - Sync 1 DAGs
[2023-10-11T03:50:11.747+0000] {logging_mixin.py:151} INFO - [2023-10-11T03:50:11.746+0000] {dag.py:3696} INFO - Setting next_dagrun for example_branch_labels to 2023-10-10T00:00:00+00:00, run_after=2023-10-11T00:00:00+00:00
[2023-10-11T03:50:11.770+0000] {processor.py:179} INFO - Processing /home/airflow/.local/lib/python3.8/site-packages/airflow/example_dags/example_branch_labels.py took 0.087 seconds
[2023-10-11T03:50:42.084+0000] {processor.py:157} INFO - Started process (PID=1340) to work on /home/airflow/.local/lib/python3.8/site-packages/airflow/example_dags/example_branch_labels.py
[2023-10-11T03:50:42.086+0000] {processor.py:829} INFO - Processing file /home/airflow/.local/lib/python3.8/site-packages/airflow/example_dags/example_branch_labels.py for tasks to queue
[2023-10-11T03:50:42.089+0000] {logging_mixin.py:151} INFO - [2023-10-11T03:50:42.088+0000] {dagbag.py:539} INFO - Filling up the DagBag from /home/airflow/.local/lib/python3.8/site-packages/airflow/example_dags/example_branch_labels.py
[2023-10-11T03:50:42.096+0000] {processor.py:839} INFO - DAG(s) dict_keys(['example_branch_labels']) retrieved from /home/airflow/.local/lib/python3.8/site-packages/airflow/example_dags/example_branch_labels.py
[2023-10-11T03:50:42.118+0000] {logging_mixin.py:151} INFO - [2023-10-11T03:50:42.118+0000] {dag.py:2915} INFO - Sync 1 DAGs
[2023-10-11T03:50:42.138+0000] {logging_mixin.py:151} INFO - [2023-10-11T03:50:42.138+0000] {dag.py:3696} INFO - Setting next_dagrun for example_branch_labels to 2023-10-10T00:00:00+00:00, run_after=2023-10-11T00:00:00+00:00
[2023-10-11T03:50:42.159+0000] {processor.py:179} INFO - Processing /home/airflow/.local/lib/python3.8/site-packages/airflow/example_dags/example_branch_labels.py took 0.078 seconds
[2023-10-11T03:51:12.760+0000] {processor.py:157} INFO - Started process (PID=1397) to work on /home/airflow/.local/lib/python3.8/site-packages/airflow/example_dags/example_branch_labels.py
[2023-10-11T03:51:12.762+0000] {processor.py:829} INFO - Processing file /home/airflow/.local/lib/python3.8/site-packages/airflow/example_dags/example_branch_labels.py for tasks to queue
[2023-10-11T03:51:12.764+0000] {logging_mixin.py:151} INFO - [2023-10-11T03:51:12.763+0000] {dagbag.py:539} INFO - Filling up the DagBag from /home/airflow/.local/lib/python3.8/site-packages/airflow/example_dags/example_branch_labels.py
[2023-10-11T03:51:12.777+0000] {processor.py:839} INFO - DAG(s) dict_keys(['example_branch_labels']) retrieved from /home/airflow/.local/lib/python3.8/site-packages/airflow/example_dags/example_branch_labels.py
[2023-10-11T03:51:12.809+0000] {logging_mixin.py:151} INFO - [2023-10-11T03:51:12.809+0000] {dag.py:2915} INFO - Sync 1 DAGs
[2023-10-11T03:51:12.836+0000] {logging_mixin.py:151} INFO - [2023-10-11T03:51:12.836+0000] {dag.py:3696} INFO - Setting next_dagrun for example_branch_labels to 2023-10-10T00:00:00+00:00, run_after=2023-10-11T00:00:00+00:00
[2023-10-11T03:51:12.862+0000] {processor.py:179} INFO - Processing /home/airflow/.local/lib/python3.8/site-packages/airflow/example_dags/example_branch_labels.py took 0.104 seconds
[2023-10-11T03:51:42.938+0000] {processor.py:157} INFO - Started process (PID=1453) to work on /home/airflow/.local/lib/python3.8/site-packages/airflow/example_dags/example_branch_labels.py
[2023-10-11T03:51:42.939+0000] {processor.py:829} INFO - Processing file /home/airflow/.local/lib/python3.8/site-packages/airflow/example_dags/example_branch_labels.py for tasks to queue
[2023-10-11T03:51:42.942+0000] {logging_mixin.py:151} INFO - [2023-10-11T03:51:42.941+0000] {dagbag.py:539} INFO - Filling up the DagBag from /home/airflow/.local/lib/python3.8/site-packages/airflow/example_dags/example_branch_labels.py
[2023-10-11T03:51:42.948+0000] {processor.py:839} INFO - DAG(s) dict_keys(['example_branch_labels']) retrieved from /home/airflow/.local/lib/python3.8/site-packages/airflow/example_dags/example_branch_labels.py
[2023-10-11T03:51:42.973+0000] {logging_mixin.py:151} INFO - [2023-10-11T03:51:42.972+0000] {dag.py:2915} INFO - Sync 1 DAGs
[2023-10-11T03:51:42.996+0000] {logging_mixin.py:151} INFO - [2023-10-11T03:51:42.996+0000] {dag.py:3696} INFO - Setting next_dagrun for example_branch_labels to 2023-10-10T00:00:00+00:00, run_after=2023-10-11T00:00:00+00:00
[2023-10-11T03:51:43.021+0000] {processor.py:179} INFO - Processing /home/airflow/.local/lib/python3.8/site-packages/airflow/example_dags/example_branch_labels.py took 0.086 seconds
[2023-10-11T03:52:13.193+0000] {processor.py:157} INFO - Started process (PID=1510) to work on /home/airflow/.local/lib/python3.8/site-packages/airflow/example_dags/example_branch_labels.py
[2023-10-11T03:52:13.194+0000] {processor.py:829} INFO - Processing file /home/airflow/.local/lib/python3.8/site-packages/airflow/example_dags/example_branch_labels.py for tasks to queue
[2023-10-11T03:52:13.198+0000] {logging_mixin.py:151} INFO - [2023-10-11T03:52:13.198+0000] {dagbag.py:539} INFO - Filling up the DagBag from /home/airflow/.local/lib/python3.8/site-packages/airflow/example_dags/example_branch_labels.py
[2023-10-11T03:52:13.204+0000] {processor.py:839} INFO - DAG(s) dict_keys(['example_branch_labels']) retrieved from /home/airflow/.local/lib/python3.8/site-packages/airflow/example_dags/example_branch_labels.py
[2023-10-11T03:52:13.227+0000] {logging_mixin.py:151} INFO - [2023-10-11T03:52:13.226+0000] {dag.py:2915} INFO - Sync 1 DAGs
[2023-10-11T03:52:13.247+0000] {logging_mixin.py:151} INFO - [2023-10-11T03:52:13.247+0000] {dag.py:3696} INFO - Setting next_dagrun for example_branch_labels to 2023-10-10T00:00:00+00:00, run_after=2023-10-11T00:00:00+00:00
[2023-10-11T03:52:13.267+0000] {processor.py:179} INFO - Processing /home/airflow/.local/lib/python3.8/site-packages/airflow/example_dags/example_branch_labels.py took 0.077 seconds
[2023-10-11T03:52:43.557+0000] {processor.py:157} INFO - Started process (PID=1567) to work on /home/airflow/.local/lib/python3.8/site-packages/airflow/example_dags/example_branch_labels.py
[2023-10-11T03:52:43.559+0000] {processor.py:829} INFO - Processing file /home/airflow/.local/lib/python3.8/site-packages/airflow/example_dags/example_branch_labels.py for tasks to queue
[2023-10-11T03:52:43.563+0000] {logging_mixin.py:151} INFO - [2023-10-11T03:52:43.562+0000] {dagbag.py:539} INFO - Filling up the DagBag from /home/airflow/.local/lib/python3.8/site-packages/airflow/example_dags/example_branch_labels.py
[2023-10-11T03:52:43.570+0000] {processor.py:839} INFO - DAG(s) dict_keys(['example_branch_labels']) retrieved from /home/airflow/.local/lib/python3.8/site-packages/airflow/example_dags/example_branch_labels.py
[2023-10-11T03:52:43.593+0000] {logging_mixin.py:151} INFO - [2023-10-11T03:52:43.593+0000] {dag.py:2915} INFO - Sync 1 DAGs
[2023-10-11T03:52:43.611+0000] {logging_mixin.py:151} INFO - [2023-10-11T03:52:43.611+0000] {dag.py:3696} INFO - Setting next_dagrun for example_branch_labels to 2023-10-10T00:00:00+00:00, run_after=2023-10-11T00:00:00+00:00
[2023-10-11T03:52:43.630+0000] {processor.py:179} INFO - Processing /home/airflow/.local/lib/python3.8/site-packages/airflow/example_dags/example_branch_labels.py took 0.076 seconds
[2023-10-11T03:53:13.837+0000] {processor.py:157} INFO - Started process (PID=1623) to work on /home/airflow/.local/lib/python3.8/site-packages/airflow/example_dags/example_branch_labels.py
[2023-10-11T03:53:13.838+0000] {processor.py:829} INFO - Processing file /home/airflow/.local/lib/python3.8/site-packages/airflow/example_dags/example_branch_labels.py for tasks to queue
[2023-10-11T03:53:13.841+0000] {logging_mixin.py:151} INFO - [2023-10-11T03:53:13.840+0000] {dagbag.py:539} INFO - Filling up the DagBag from /home/airflow/.local/lib/python3.8/site-packages/airflow/example_dags/example_branch_labels.py
[2023-10-11T03:53:13.849+0000] {processor.py:839} INFO - DAG(s) dict_keys(['example_branch_labels']) retrieved from /home/airflow/.local/lib/python3.8/site-packages/airflow/example_dags/example_branch_labels.py
[2023-10-11T03:53:13.872+0000] {logging_mixin.py:151} INFO - [2023-10-11T03:53:13.872+0000] {dag.py:2915} INFO - Sync 1 DAGs
[2023-10-11T03:53:13.892+0000] {logging_mixin.py:151} INFO - [2023-10-11T03:53:13.892+0000] {dag.py:3696} INFO - Setting next_dagrun for example_branch_labels to 2023-10-10T00:00:00+00:00, run_after=2023-10-11T00:00:00+00:00
[2023-10-11T03:53:13.913+0000] {processor.py:179} INFO - Processing /home/airflow/.local/lib/python3.8/site-packages/airflow/example_dags/example_branch_labels.py took 0.082 seconds
[2023-10-11T03:53:44.453+0000] {processor.py:157} INFO - Started process (PID=1682) to work on /home/airflow/.local/lib/python3.8/site-packages/airflow/example_dags/example_branch_labels.py
[2023-10-11T03:53:44.454+0000] {processor.py:829} INFO - Processing file /home/airflow/.local/lib/python3.8/site-packages/airflow/example_dags/example_branch_labels.py for tasks to queue
[2023-10-11T03:53:44.458+0000] {logging_mixin.py:151} INFO - [2023-10-11T03:53:44.458+0000] {dagbag.py:539} INFO - Filling up the DagBag from /home/airflow/.local/lib/python3.8/site-packages/airflow/example_dags/example_branch_labels.py
[2023-10-11T03:53:44.468+0000] {processor.py:839} INFO - DAG(s) dict_keys(['example_branch_labels']) retrieved from /home/airflow/.local/lib/python3.8/site-packages/airflow/example_dags/example_branch_labels.py
[2023-10-11T03:53:44.494+0000] {logging_mixin.py:151} INFO - [2023-10-11T03:53:44.494+0000] {dag.py:2915} INFO - Sync 1 DAGs
[2023-10-11T03:53:44.516+0000] {logging_mixin.py:151} INFO - [2023-10-11T03:53:44.516+0000] {dag.py:3696} INFO - Setting next_dagrun for example_branch_labels to 2023-10-10T00:00:00+00:00, run_after=2023-10-11T00:00:00+00:00
[2023-10-11T03:53:44.538+0000] {processor.py:179} INFO - Processing /home/airflow/.local/lib/python3.8/site-packages/airflow/example_dags/example_branch_labels.py took 0.089 seconds
[2023-10-11T03:54:14.712+0000] {processor.py:157} INFO - Started process (PID=1739) to work on /home/airflow/.local/lib/python3.8/site-packages/airflow/example_dags/example_branch_labels.py
[2023-10-11T03:54:14.714+0000] {processor.py:829} INFO - Processing file /home/airflow/.local/lib/python3.8/site-packages/airflow/example_dags/example_branch_labels.py for tasks to queue
[2023-10-11T03:54:14.717+0000] {logging_mixin.py:151} INFO - [2023-10-11T03:54:14.716+0000] {dagbag.py:539} INFO - Filling up the DagBag from /home/airflow/.local/lib/python3.8/site-packages/airflow/example_dags/example_branch_labels.py
[2023-10-11T03:54:14.723+0000] {processor.py:839} INFO - DAG(s) dict_keys(['example_branch_labels']) retrieved from /home/airflow/.local/lib/python3.8/site-packages/airflow/example_dags/example_branch_labels.py
[2023-10-11T03:54:14.749+0000] {logging_mixin.py:151} INFO - [2023-10-11T03:54:14.748+0000] {dag.py:2915} INFO - Sync 1 DAGs
[2023-10-11T03:54:14.770+0000] {logging_mixin.py:151} INFO - [2023-10-11T03:54:14.769+0000] {dag.py:3696} INFO - Setting next_dagrun for example_branch_labels to 2023-10-10T00:00:00+00:00, run_after=2023-10-11T00:00:00+00:00
[2023-10-11T03:54:14.791+0000] {processor.py:179} INFO - Processing /home/airflow/.local/lib/python3.8/site-packages/airflow/example_dags/example_branch_labels.py took 0.083 seconds
[2023-10-11T03:54:44.901+0000] {processor.py:157} INFO - Started process (PID=1796) to work on /home/airflow/.local/lib/python3.8/site-packages/airflow/example_dags/example_branch_labels.py
[2023-10-11T03:54:44.902+0000] {processor.py:829} INFO - Processing file /home/airflow/.local/lib/python3.8/site-packages/airflow/example_dags/example_branch_labels.py for tasks to queue
[2023-10-11T03:54:44.905+0000] {logging_mixin.py:151} INFO - [2023-10-11T03:54:44.905+0000] {dagbag.py:539} INFO - Filling up the DagBag from /home/airflow/.local/lib/python3.8/site-packages/airflow/example_dags/example_branch_labels.py
[2023-10-11T03:54:44.912+0000] {processor.py:839} INFO - DAG(s) dict_keys(['example_branch_labels']) retrieved from /home/airflow/.local/lib/python3.8/site-packages/airflow/example_dags/example_branch_labels.py
[2023-10-11T03:54:44.935+0000] {logging_mixin.py:151} INFO - [2023-10-11T03:54:44.934+0000] {dag.py:2915} INFO - Sync 1 DAGs
[2023-10-11T03:54:44.959+0000] {logging_mixin.py:151} INFO - [2023-10-11T03:54:44.959+0000] {dag.py:3696} INFO - Setting next_dagrun for example_branch_labels to 2023-10-10T00:00:00+00:00, run_after=2023-10-11T00:00:00+00:00
[2023-10-11T03:54:44.980+0000] {processor.py:179} INFO - Processing /home/airflow/.local/lib/python3.8/site-packages/airflow/example_dags/example_branch_labels.py took 0.082 seconds
[2023-10-11T03:55:15.321+0000] {processor.py:157} INFO - Started process (PID=1853) to work on /home/airflow/.local/lib/python3.8/site-packages/airflow/example_dags/example_branch_labels.py
[2023-10-11T03:55:15.322+0000] {processor.py:829} INFO - Processing file /home/airflow/.local/lib/python3.8/site-packages/airflow/example_dags/example_branch_labels.py for tasks to queue
[2023-10-11T03:55:15.324+0000] {logging_mixin.py:151} INFO - [2023-10-11T03:55:15.324+0000] {dagbag.py:539} INFO - Filling up the DagBag from /home/airflow/.local/lib/python3.8/site-packages/airflow/example_dags/example_branch_labels.py
[2023-10-11T03:55:15.332+0000] {processor.py:839} INFO - DAG(s) dict_keys(['example_branch_labels']) retrieved from /home/airflow/.local/lib/python3.8/site-packages/airflow/example_dags/example_branch_labels.py
[2023-10-11T03:55:15.354+0000] {logging_mixin.py:151} INFO - [2023-10-11T03:55:15.354+0000] {dag.py:2915} INFO - Sync 1 DAGs
[2023-10-11T03:55:15.374+0000] {logging_mixin.py:151} INFO - [2023-10-11T03:55:15.374+0000] {dag.py:3696} INFO - Setting next_dagrun for example_branch_labels to 2023-10-10T00:00:00+00:00, run_after=2023-10-11T00:00:00+00:00
[2023-10-11T03:55:15.394+0000] {processor.py:179} INFO - Processing /home/airflow/.local/lib/python3.8/site-packages/airflow/example_dags/example_branch_labels.py took 0.076 seconds
[2023-10-11T03:55:45.687+0000] {processor.py:157} INFO - Started process (PID=1910) to work on /home/airflow/.local/lib/python3.8/site-packages/airflow/example_dags/example_branch_labels.py
[2023-10-11T03:55:45.689+0000] {processor.py:829} INFO - Processing file /home/airflow/.local/lib/python3.8/site-packages/airflow/example_dags/example_branch_labels.py for tasks to queue
[2023-10-11T03:55:45.693+0000] {logging_mixin.py:151} INFO - [2023-10-11T03:55:45.693+0000] {dagbag.py:539} INFO - Filling up the DagBag from /home/airflow/.local/lib/python3.8/site-packages/airflow/example_dags/example_branch_labels.py
[2023-10-11T03:55:45.702+0000] {processor.py:839} INFO - DAG(s) dict_keys(['example_branch_labels']) retrieved from /home/airflow/.local/lib/python3.8/site-packages/airflow/example_dags/example_branch_labels.py
[2023-10-11T03:55:45.737+0000] {logging_mixin.py:151} INFO - [2023-10-11T03:55:45.737+0000] {dag.py:2915} INFO - Sync 1 DAGs
[2023-10-11T03:55:45.765+0000] {logging_mixin.py:151} INFO - [2023-10-11T03:55:45.765+0000] {dag.py:3696} INFO - Setting next_dagrun for example_branch_labels to 2023-10-10T00:00:00+00:00, run_after=2023-10-11T00:00:00+00:00
[2023-10-11T03:55:45.788+0000] {processor.py:179} INFO - Processing /home/airflow/.local/lib/python3.8/site-packages/airflow/example_dags/example_branch_labels.py took 0.105 seconds
[2023-10-11T03:56:16.518+0000] {processor.py:157} INFO - Started process (PID=1967) to work on /home/airflow/.local/lib/python3.8/site-packages/airflow/example_dags/example_branch_labels.py
[2023-10-11T03:56:16.519+0000] {processor.py:829} INFO - Processing file /home/airflow/.local/lib/python3.8/site-packages/airflow/example_dags/example_branch_labels.py for tasks to queue
[2023-10-11T03:56:16.522+0000] {logging_mixin.py:151} INFO - [2023-10-11T03:56:16.522+0000] {dagbag.py:539} INFO - Filling up the DagBag from /home/airflow/.local/lib/python3.8/site-packages/airflow/example_dags/example_branch_labels.py
[2023-10-11T03:56:16.530+0000] {processor.py:839} INFO - DAG(s) dict_keys(['example_branch_labels']) retrieved from /home/airflow/.local/lib/python3.8/site-packages/airflow/example_dags/example_branch_labels.py
[2023-10-11T03:56:16.555+0000] {logging_mixin.py:151} INFO - [2023-10-11T03:56:16.555+0000] {dag.py:2915} INFO - Sync 1 DAGs
[2023-10-11T03:56:16.576+0000] {logging_mixin.py:151} INFO - [2023-10-11T03:56:16.576+0000] {dag.py:3696} INFO - Setting next_dagrun for example_branch_labels to 2023-10-10T00:00:00+00:00, run_after=2023-10-11T00:00:00+00:00
[2023-10-11T03:56:16.596+0000] {processor.py:179} INFO - Processing /home/airflow/.local/lib/python3.8/site-packages/airflow/example_dags/example_branch_labels.py took 0.081 seconds
[2023-10-11T03:56:46.841+0000] {processor.py:157} INFO - Started process (PID=2024) to work on /home/airflow/.local/lib/python3.8/site-packages/airflow/example_dags/example_branch_labels.py
[2023-10-11T03:56:46.843+0000] {processor.py:829} INFO - Processing file /home/airflow/.local/lib/python3.8/site-packages/airflow/example_dags/example_branch_labels.py for tasks to queue
[2023-10-11T03:56:46.846+0000] {logging_mixin.py:151} INFO - [2023-10-11T03:56:46.845+0000] {dagbag.py:539} INFO - Filling up the DagBag from /home/airflow/.local/lib/python3.8/site-packages/airflow/example_dags/example_branch_labels.py
[2023-10-11T03:56:46.853+0000] {processor.py:839} INFO - DAG(s) dict_keys(['example_branch_labels']) retrieved from /home/airflow/.local/lib/python3.8/site-packages/airflow/example_dags/example_branch_labels.py
[2023-10-11T03:56:46.875+0000] {logging_mixin.py:151} INFO - [2023-10-11T03:56:46.875+0000] {dag.py:2915} INFO - Sync 1 DAGs
[2023-10-11T03:56:46.894+0000] {logging_mixin.py:151} INFO - [2023-10-11T03:56:46.894+0000] {dag.py:3696} INFO - Setting next_dagrun for example_branch_labels to 2023-10-10T00:00:00+00:00, run_after=2023-10-11T00:00:00+00:00
[2023-10-11T03:56:46.912+0000] {processor.py:179} INFO - Processing /home/airflow/.local/lib/python3.8/site-packages/airflow/example_dags/example_branch_labels.py took 0.075 seconds
[2023-10-11T03:57:17.504+0000] {processor.py:157} INFO - Started process (PID=2081) to work on /home/airflow/.local/lib/python3.8/site-packages/airflow/example_dags/example_branch_labels.py
[2023-10-11T03:57:17.506+0000] {processor.py:829} INFO - Processing file /home/airflow/.local/lib/python3.8/site-packages/airflow/example_dags/example_branch_labels.py for tasks to queue
[2023-10-11T03:57:17.510+0000] {logging_mixin.py:151} INFO - [2023-10-11T03:57:17.509+0000] {dagbag.py:539} INFO - Filling up the DagBag from /home/airflow/.local/lib/python3.8/site-packages/airflow/example_dags/example_branch_labels.py
[2023-10-11T03:57:17.522+0000] {processor.py:839} INFO - DAG(s) dict_keys(['example_branch_labels']) retrieved from /home/airflow/.local/lib/python3.8/site-packages/airflow/example_dags/example_branch_labels.py
[2023-10-11T03:57:17.554+0000] {logging_mixin.py:151} INFO - [2023-10-11T03:57:17.554+0000] {dag.py:2915} INFO - Sync 1 DAGs
[2023-10-11T03:57:17.577+0000] {logging_mixin.py:151} INFO - [2023-10-11T03:57:17.577+0000] {dag.py:3696} INFO - Setting next_dagrun for example_branch_labels to 2023-10-10T00:00:00+00:00, run_after=2023-10-11T00:00:00+00:00
[2023-10-11T03:57:17.602+0000] {processor.py:179} INFO - Processing /home/airflow/.local/lib/python3.8/site-packages/airflow/example_dags/example_branch_labels.py took 0.102 seconds
[2023-10-11T03:57:47.965+0000] {processor.py:157} INFO - Started process (PID=2138) to work on /home/airflow/.local/lib/python3.8/site-packages/airflow/example_dags/example_branch_labels.py
[2023-10-11T03:57:47.966+0000] {processor.py:829} INFO - Processing file /home/airflow/.local/lib/python3.8/site-packages/airflow/example_dags/example_branch_labels.py for tasks to queue
[2023-10-11T03:57:47.969+0000] {logging_mixin.py:151} INFO - [2023-10-11T03:57:47.969+0000] {dagbag.py:539} INFO - Filling up the DagBag from /home/airflow/.local/lib/python3.8/site-packages/airflow/example_dags/example_branch_labels.py
[2023-10-11T03:57:47.976+0000] {processor.py:839} INFO - DAG(s) dict_keys(['example_branch_labels']) retrieved from /home/airflow/.local/lib/python3.8/site-packages/airflow/example_dags/example_branch_labels.py
[2023-10-11T03:57:48.000+0000] {logging_mixin.py:151} INFO - [2023-10-11T03:57:48.000+0000] {dag.py:2915} INFO - Sync 1 DAGs
[2023-10-11T03:57:48.022+0000] {logging_mixin.py:151} INFO - [2023-10-11T03:57:48.021+0000] {dag.py:3696} INFO - Setting next_dagrun for example_branch_labels to 2023-10-10T00:00:00+00:00, run_after=2023-10-11T00:00:00+00:00
[2023-10-11T03:57:48.044+0000] {processor.py:179} INFO - Processing /home/airflow/.local/lib/python3.8/site-packages/airflow/example_dags/example_branch_labels.py took 0.084 seconds
[2023-10-11T03:58:18.341+0000] {processor.py:157} INFO - Started process (PID=2195) to work on /home/airflow/.local/lib/python3.8/site-packages/airflow/example_dags/example_branch_labels.py
[2023-10-11T03:58:18.342+0000] {processor.py:829} INFO - Processing file /home/airflow/.local/lib/python3.8/site-packages/airflow/example_dags/example_branch_labels.py for tasks to queue
[2023-10-11T03:58:18.344+0000] {logging_mixin.py:151} INFO - [2023-10-11T03:58:18.344+0000] {dagbag.py:539} INFO - Filling up the DagBag from /home/airflow/.local/lib/python3.8/site-packages/airflow/example_dags/example_branch_labels.py
[2023-10-11T03:58:18.352+0000] {processor.py:839} INFO - DAG(s) dict_keys(['example_branch_labels']) retrieved from /home/airflow/.local/lib/python3.8/site-packages/airflow/example_dags/example_branch_labels.py
[2023-10-11T03:58:18.374+0000] {logging_mixin.py:151} INFO - [2023-10-11T03:58:18.374+0000] {dag.py:2915} INFO - Sync 1 DAGs
[2023-10-11T03:58:18.395+0000] {logging_mixin.py:151} INFO - [2023-10-11T03:58:18.395+0000] {dag.py:3696} INFO - Setting next_dagrun for example_branch_labels to 2023-10-10T00:00:00+00:00, run_after=2023-10-11T00:00:00+00:00
[2023-10-11T03:58:18.416+0000] {processor.py:179} INFO - Processing /home/airflow/.local/lib/python3.8/site-packages/airflow/example_dags/example_branch_labels.py took 0.078 seconds
[2023-10-11T03:58:49.298+0000] {processor.py:157} INFO - Started process (PID=2252) to work on /home/airflow/.local/lib/python3.8/site-packages/airflow/example_dags/example_branch_labels.py
[2023-10-11T03:58:49.300+0000] {processor.py:829} INFO - Processing file /home/airflow/.local/lib/python3.8/site-packages/airflow/example_dags/example_branch_labels.py for tasks to queue
[2023-10-11T03:58:49.302+0000] {logging_mixin.py:151} INFO - [2023-10-11T03:58:49.302+0000] {dagbag.py:539} INFO - Filling up the DagBag from /home/airflow/.local/lib/python3.8/site-packages/airflow/example_dags/example_branch_labels.py
[2023-10-11T03:58:49.309+0000] {processor.py:839} INFO - DAG(s) dict_keys(['example_branch_labels']) retrieved from /home/airflow/.local/lib/python3.8/site-packages/airflow/example_dags/example_branch_labels.py
[2023-10-11T03:58:49.332+0000] {logging_mixin.py:151} INFO - [2023-10-11T03:58:49.332+0000] {dag.py:2915} INFO - Sync 1 DAGs
[2023-10-11T03:58:49.350+0000] {logging_mixin.py:151} INFO - [2023-10-11T03:58:49.350+0000] {dag.py:3696} INFO - Setting next_dagrun for example_branch_labels to 2023-10-10T00:00:00+00:00, run_after=2023-10-11T00:00:00+00:00
[2023-10-11T03:58:49.369+0000] {processor.py:179} INFO - Processing /home/airflow/.local/lib/python3.8/site-packages/airflow/example_dags/example_branch_labels.py took 0.075 seconds
[2023-10-11T03:59:19.960+0000] {processor.py:157} INFO - Started process (PID=2309) to work on /home/airflow/.local/lib/python3.8/site-packages/airflow/example_dags/example_branch_labels.py
[2023-10-11T03:59:19.961+0000] {processor.py:829} INFO - Processing file /home/airflow/.local/lib/python3.8/site-packages/airflow/example_dags/example_branch_labels.py for tasks to queue
[2023-10-11T03:59:19.964+0000] {logging_mixin.py:151} INFO - [2023-10-11T03:59:19.963+0000] {dagbag.py:539} INFO - Filling up the DagBag from /home/airflow/.local/lib/python3.8/site-packages/airflow/example_dags/example_branch_labels.py
[2023-10-11T03:59:19.970+0000] {processor.py:839} INFO - DAG(s) dict_keys(['example_branch_labels']) retrieved from /home/airflow/.local/lib/python3.8/site-packages/airflow/example_dags/example_branch_labels.py
[2023-10-11T03:59:19.992+0000] {logging_mixin.py:151} INFO - [2023-10-11T03:59:19.992+0000] {dag.py:2915} INFO - Sync 1 DAGs
[2023-10-11T03:59:20.011+0000] {logging_mixin.py:151} INFO - [2023-10-11T03:59:20.011+0000] {dag.py:3696} INFO - Setting next_dagrun for example_branch_labels to 2023-10-10T00:00:00+00:00, run_after=2023-10-11T00:00:00+00:00
[2023-10-11T03:59:20.034+0000] {processor.py:179} INFO - Processing /home/airflow/.local/lib/python3.8/site-packages/airflow/example_dags/example_branch_labels.py took 0.077 seconds
[2023-10-11T03:59:50.445+0000] {processor.py:157} INFO - Started process (PID=2366) to work on /home/airflow/.local/lib/python3.8/site-packages/airflow/example_dags/example_branch_labels.py
[2023-10-11T03:59:50.446+0000] {processor.py:829} INFO - Processing file /home/airflow/.local/lib/python3.8/site-packages/airflow/example_dags/example_branch_labels.py for tasks to queue
[2023-10-11T03:59:50.450+0000] {logging_mixin.py:151} INFO - [2023-10-11T03:59:50.450+0000] {dagbag.py:539} INFO - Filling up the DagBag from /home/airflow/.local/lib/python3.8/site-packages/airflow/example_dags/example_branch_labels.py
[2023-10-11T03:59:50.458+0000] {processor.py:839} INFO - DAG(s) dict_keys(['example_branch_labels']) retrieved from /home/airflow/.local/lib/python3.8/site-packages/airflow/example_dags/example_branch_labels.py
[2023-10-11T03:59:50.481+0000] {logging_mixin.py:151} INFO - [2023-10-11T03:59:50.481+0000] {dag.py:2915} INFO - Sync 1 DAGs
[2023-10-11T03:59:50.501+0000] {logging_mixin.py:151} INFO - [2023-10-11T03:59:50.500+0000] {dag.py:3696} INFO - Setting next_dagrun for example_branch_labels to 2023-10-10T00:00:00+00:00, run_after=2023-10-11T00:00:00+00:00
[2023-10-11T03:59:50.521+0000] {processor.py:179} INFO - Processing /home/airflow/.local/lib/python3.8/site-packages/airflow/example_dags/example_branch_labels.py took 0.079 seconds
[2023-10-11T04:00:20.898+0000] {processor.py:157} INFO - Started process (PID=2422) to work on /home/airflow/.local/lib/python3.8/site-packages/airflow/example_dags/example_branch_labels.py
[2023-10-11T04:00:20.900+0000] {processor.py:829} INFO - Processing file /home/airflow/.local/lib/python3.8/site-packages/airflow/example_dags/example_branch_labels.py for tasks to queue
[2023-10-11T04:00:20.903+0000] {logging_mixin.py:151} INFO - [2023-10-11T04:00:20.902+0000] {dagbag.py:539} INFO - Filling up the DagBag from /home/airflow/.local/lib/python3.8/site-packages/airflow/example_dags/example_branch_labels.py
[2023-10-11T04:00:20.910+0000] {processor.py:839} INFO - DAG(s) dict_keys(['example_branch_labels']) retrieved from /home/airflow/.local/lib/python3.8/site-packages/airflow/example_dags/example_branch_labels.py
[2023-10-11T04:00:20.933+0000] {logging_mixin.py:151} INFO - [2023-10-11T04:00:20.932+0000] {dag.py:2915} INFO - Sync 1 DAGs
[2023-10-11T04:00:20.955+0000] {logging_mixin.py:151} INFO - [2023-10-11T04:00:20.955+0000] {dag.py:3696} INFO - Setting next_dagrun for example_branch_labels to 2023-10-10T00:00:00+00:00, run_after=2023-10-11T00:00:00+00:00
[2023-10-11T04:00:20.977+0000] {processor.py:179} INFO - Processing /home/airflow/.local/lib/python3.8/site-packages/airflow/example_dags/example_branch_labels.py took 0.083 seconds
[2023-10-11T04:00:51.238+0000] {processor.py:157} INFO - Started process (PID=2480) to work on /home/airflow/.local/lib/python3.8/site-packages/airflow/example_dags/example_branch_labels.py
[2023-10-11T04:00:51.239+0000] {processor.py:829} INFO - Processing file /home/airflow/.local/lib/python3.8/site-packages/airflow/example_dags/example_branch_labels.py for tasks to queue
[2023-10-11T04:00:51.243+0000] {logging_mixin.py:151} INFO - [2023-10-11T04:00:51.242+0000] {dagbag.py:539} INFO - Filling up the DagBag from /home/airflow/.local/lib/python3.8/site-packages/airflow/example_dags/example_branch_labels.py
[2023-10-11T04:00:51.251+0000] {processor.py:839} INFO - DAG(s) dict_keys(['example_branch_labels']) retrieved from /home/airflow/.local/lib/python3.8/site-packages/airflow/example_dags/example_branch_labels.py
[2023-10-11T04:00:51.276+0000] {logging_mixin.py:151} INFO - [2023-10-11T04:00:51.276+0000] {dag.py:2915} INFO - Sync 1 DAGs
[2023-10-11T04:00:51.300+0000] {logging_mixin.py:151} INFO - [2023-10-11T04:00:51.300+0000] {dag.py:3696} INFO - Setting next_dagrun for example_branch_labels to 2023-10-10T00:00:00+00:00, run_after=2023-10-11T00:00:00+00:00
[2023-10-11T04:00:51.321+0000] {processor.py:179} INFO - Processing /home/airflow/.local/lib/python3.8/site-packages/airflow/example_dags/example_branch_labels.py took 0.088 seconds
[2023-10-11T04:01:21.728+0000] {processor.py:157} INFO - Started process (PID=2537) to work on /home/airflow/.local/lib/python3.8/site-packages/airflow/example_dags/example_branch_labels.py
[2023-10-11T04:01:21.729+0000] {processor.py:829} INFO - Processing file /home/airflow/.local/lib/python3.8/site-packages/airflow/example_dags/example_branch_labels.py for tasks to queue
[2023-10-11T04:01:21.731+0000] {logging_mixin.py:151} INFO - [2023-10-11T04:01:21.731+0000] {dagbag.py:539} INFO - Filling up the DagBag from /home/airflow/.local/lib/python3.8/site-packages/airflow/example_dags/example_branch_labels.py
[2023-10-11T04:01:21.738+0000] {processor.py:839} INFO - DAG(s) dict_keys(['example_branch_labels']) retrieved from /home/airflow/.local/lib/python3.8/site-packages/airflow/example_dags/example_branch_labels.py
[2023-10-11T04:01:21.761+0000] {logging_mixin.py:151} INFO - [2023-10-11T04:01:21.761+0000] {dag.py:2915} INFO - Sync 1 DAGs
[2023-10-11T04:01:21.785+0000] {logging_mixin.py:151} INFO - [2023-10-11T04:01:21.785+0000] {dag.py:3696} INFO - Setting next_dagrun for example_branch_labels to 2023-10-10T00:00:00+00:00, run_after=2023-10-11T00:00:00+00:00
[2023-10-11T04:01:21.805+0000] {processor.py:179} INFO - Processing /home/airflow/.local/lib/python3.8/site-packages/airflow/example_dags/example_branch_labels.py took 0.081 seconds
[2023-10-11T04:01:52.736+0000] {processor.py:157} INFO - Started process (PID=2594) to work on /home/airflow/.local/lib/python3.8/site-packages/airflow/example_dags/example_branch_labels.py
[2023-10-11T04:01:52.737+0000] {processor.py:829} INFO - Processing file /home/airflow/.local/lib/python3.8/site-packages/airflow/example_dags/example_branch_labels.py for tasks to queue
[2023-10-11T04:01:52.740+0000] {logging_mixin.py:151} INFO - [2023-10-11T04:01:52.739+0000] {dagbag.py:539} INFO - Filling up the DagBag from /home/airflow/.local/lib/python3.8/site-packages/airflow/example_dags/example_branch_labels.py
[2023-10-11T04:01:52.749+0000] {processor.py:839} INFO - DAG(s) dict_keys(['example_branch_labels']) retrieved from /home/airflow/.local/lib/python3.8/site-packages/airflow/example_dags/example_branch_labels.py
[2023-10-11T04:01:52.769+0000] {logging_mixin.py:151} INFO - [2023-10-11T04:01:52.769+0000] {dag.py:2915} INFO - Sync 1 DAGs
[2023-10-11T04:01:52.789+0000] {logging_mixin.py:151} INFO - [2023-10-11T04:01:52.789+0000] {dag.py:3696} INFO - Setting next_dagrun for example_branch_labels to 2023-10-10T00:00:00+00:00, run_after=2023-10-11T00:00:00+00:00
[2023-10-11T04:01:52.810+0000] {processor.py:179} INFO - Processing /home/airflow/.local/lib/python3.8/site-packages/airflow/example_dags/example_branch_labels.py took 0.077 seconds
[2023-10-11T04:02:23.458+0000] {processor.py:157} INFO - Started process (PID=2651) to work on /home/airflow/.local/lib/python3.8/site-packages/airflow/example_dags/example_branch_labels.py
[2023-10-11T04:02:23.460+0000] {processor.py:829} INFO - Processing file /home/airflow/.local/lib/python3.8/site-packages/airflow/example_dags/example_branch_labels.py for tasks to queue
[2023-10-11T04:02:23.464+0000] {logging_mixin.py:151} INFO - [2023-10-11T04:02:23.463+0000] {dagbag.py:539} INFO - Filling up the DagBag from /home/airflow/.local/lib/python3.8/site-packages/airflow/example_dags/example_branch_labels.py
[2023-10-11T04:02:23.476+0000] {processor.py:839} INFO - DAG(s) dict_keys(['example_branch_labels']) retrieved from /home/airflow/.local/lib/python3.8/site-packages/airflow/example_dags/example_branch_labels.py
[2023-10-11T04:02:23.513+0000] {logging_mixin.py:151} INFO - [2023-10-11T04:02:23.512+0000] {dag.py:2915} INFO - Sync 1 DAGs
[2023-10-11T04:02:23.545+0000] {logging_mixin.py:151} INFO - [2023-10-11T04:02:23.544+0000] {dag.py:3696} INFO - Setting next_dagrun for example_branch_labels to 2023-10-10T00:00:00+00:00, run_after=2023-10-11T00:00:00+00:00
[2023-10-11T04:02:23.570+0000] {processor.py:179} INFO - Processing /home/airflow/.local/lib/python3.8/site-packages/airflow/example_dags/example_branch_labels.py took 0.116 seconds
[2023-10-11T04:02:54.456+0000] {processor.py:157} INFO - Started process (PID=2708) to work on /home/airflow/.local/lib/python3.8/site-packages/airflow/example_dags/example_branch_labels.py
[2023-10-11T04:02:54.457+0000] {processor.py:829} INFO - Processing file /home/airflow/.local/lib/python3.8/site-packages/airflow/example_dags/example_branch_labels.py for tasks to queue
[2023-10-11T04:02:54.459+0000] {logging_mixin.py:151} INFO - [2023-10-11T04:02:54.459+0000] {dagbag.py:539} INFO - Filling up the DagBag from /home/airflow/.local/lib/python3.8/site-packages/airflow/example_dags/example_branch_labels.py
[2023-10-11T04:02:54.468+0000] {processor.py:839} INFO - DAG(s) dict_keys(['example_branch_labels']) retrieved from /home/airflow/.local/lib/python3.8/site-packages/airflow/example_dags/example_branch_labels.py
[2023-10-11T04:02:54.491+0000] {logging_mixin.py:151} INFO - [2023-10-11T04:02:54.490+0000] {dag.py:2915} INFO - Sync 1 DAGs
[2023-10-11T04:02:54.511+0000] {logging_mixin.py:151} INFO - [2023-10-11T04:02:54.511+0000] {dag.py:3696} INFO - Setting next_dagrun for example_branch_labels to 2023-10-10T00:00:00+00:00, run_after=2023-10-11T00:00:00+00:00
[2023-10-11T04:02:54.531+0000] {processor.py:179} INFO - Processing /home/airflow/.local/lib/python3.8/site-packages/airflow/example_dags/example_branch_labels.py took 0.078 seconds
[2023-10-11T04:03:24.845+0000] {processor.py:157} INFO - Started process (PID=2765) to work on /home/airflow/.local/lib/python3.8/site-packages/airflow/example_dags/example_branch_labels.py
[2023-10-11T04:03:24.847+0000] {processor.py:829} INFO - Processing file /home/airflow/.local/lib/python3.8/site-packages/airflow/example_dags/example_branch_labels.py for tasks to queue
[2023-10-11T04:03:24.851+0000] {logging_mixin.py:151} INFO - [2023-10-11T04:03:24.850+0000] {dagbag.py:539} INFO - Filling up the DagBag from /home/airflow/.local/lib/python3.8/site-packages/airflow/example_dags/example_branch_labels.py
[2023-10-11T04:03:24.860+0000] {processor.py:839} INFO - DAG(s) dict_keys(['example_branch_labels']) retrieved from /home/airflow/.local/lib/python3.8/site-packages/airflow/example_dags/example_branch_labels.py
[2023-10-11T04:03:24.902+0000] {logging_mixin.py:151} INFO - [2023-10-11T04:03:24.901+0000] {dag.py:2915} INFO - Sync 1 DAGs
[2023-10-11T04:03:24.933+0000] {logging_mixin.py:151} INFO - [2023-10-11T04:03:24.933+0000] {dag.py:3696} INFO - Setting next_dagrun for example_branch_labels to 2023-10-10T00:00:00+00:00, run_after=2023-10-11T00:00:00+00:00
[2023-10-11T04:03:24.954+0000] {processor.py:179} INFO - Processing /home/airflow/.local/lib/python3.8/site-packages/airflow/example_dags/example_branch_labels.py took 0.112 seconds
[2023-10-11T04:03:55.521+0000] {processor.py:157} INFO - Started process (PID=2826) to work on /home/airflow/.local/lib/python3.8/site-packages/airflow/example_dags/example_branch_labels.py
[2023-10-11T04:03:55.523+0000] {processor.py:829} INFO - Processing file /home/airflow/.local/lib/python3.8/site-packages/airflow/example_dags/example_branch_labels.py for tasks to queue
[2023-10-11T04:03:55.525+0000] {logging_mixin.py:151} INFO - [2023-10-11T04:03:55.525+0000] {dagbag.py:539} INFO - Filling up the DagBag from /home/airflow/.local/lib/python3.8/site-packages/airflow/example_dags/example_branch_labels.py
[2023-10-11T04:03:55.532+0000] {processor.py:839} INFO - DAG(s) dict_keys(['example_branch_labels']) retrieved from /home/airflow/.local/lib/python3.8/site-packages/airflow/example_dags/example_branch_labels.py
[2023-10-11T04:03:55.558+0000] {logging_mixin.py:151} INFO - [2023-10-11T04:03:55.558+0000] {dag.py:2915} INFO - Sync 1 DAGs
[2023-10-11T04:03:55.580+0000] {logging_mixin.py:151} INFO - [2023-10-11T04:03:55.580+0000] {dag.py:3696} INFO - Setting next_dagrun for example_branch_labels to 2023-10-10T00:00:00+00:00, run_after=2023-10-11T00:00:00+00:00
[2023-10-11T04:03:55.607+0000] {processor.py:179} INFO - Processing /home/airflow/.local/lib/python3.8/site-packages/airflow/example_dags/example_branch_labels.py took 0.090 seconds
[2023-10-11T04:04:25.743+0000] {processor.py:157} INFO - Started process (PID=2890) to work on /home/airflow/.local/lib/python3.8/site-packages/airflow/example_dags/example_branch_labels.py
[2023-10-11T04:04:25.744+0000] {processor.py:829} INFO - Processing file /home/airflow/.local/lib/python3.8/site-packages/airflow/example_dags/example_branch_labels.py for tasks to queue
[2023-10-11T04:04:25.746+0000] {logging_mixin.py:151} INFO - [2023-10-11T04:04:25.746+0000] {dagbag.py:539} INFO - Filling up the DagBag from /home/airflow/.local/lib/python3.8/site-packages/airflow/example_dags/example_branch_labels.py
[2023-10-11T04:04:25.753+0000] {processor.py:839} INFO - DAG(s) dict_keys(['example_branch_labels']) retrieved from /home/airflow/.local/lib/python3.8/site-packages/airflow/example_dags/example_branch_labels.py
[2023-10-11T04:04:25.778+0000] {logging_mixin.py:151} INFO - [2023-10-11T04:04:25.777+0000] {dag.py:2915} INFO - Sync 1 DAGs
[2023-10-11T04:04:25.801+0000] {logging_mixin.py:151} INFO - [2023-10-11T04:04:25.800+0000] {dag.py:3696} INFO - Setting next_dagrun for example_branch_labels to 2023-10-10T00:00:00+00:00, run_after=2023-10-11T00:00:00+00:00
[2023-10-11T04:04:25.822+0000] {processor.py:179} INFO - Processing /home/airflow/.local/lib/python3.8/site-packages/airflow/example_dags/example_branch_labels.py took 0.083 seconds
