[2023-10-11T03:39:28.418+0000] {processor.py:157} INFO - Started process (PID=68) to work on /home/airflow/.local/lib/python3.8/site-packages/airflow/example_dags/example_short_circuit_operator.py
[2023-10-11T03:39:28.419+0000] {processor.py:829} INFO - Processing file /home/airflow/.local/lib/python3.8/site-packages/airflow/example_dags/example_short_circuit_operator.py for tasks to queue
[2023-10-11T03:39:28.424+0000] {logging_mixin.py:151} INFO - [2023-10-11T03:39:28.423+0000] {dagbag.py:539} INFO - Filling up the DagBag from /home/airflow/.local/lib/python3.8/site-packages/airflow/example_dags/example_short_circuit_operator.py
[2023-10-11T03:39:28.441+0000] {processor.py:839} INFO - DAG(s) dict_keys(['example_short_circuit_operator']) retrieved from /home/airflow/.local/lib/python3.8/site-packages/airflow/example_dags/example_short_circuit_operator.py
[2023-10-11T03:39:28.497+0000] {logging_mixin.py:151} INFO - [2023-10-11T03:39:28.496+0000] {dag.py:2915} INFO - Sync 1 DAGs
[2023-10-11T03:39:28.530+0000] {logging_mixin.py:151} INFO - [2023-10-11T03:39:28.529+0000] {dag.py:3696} INFO - Setting next_dagrun for example_short_circuit_operator to 2023-10-10T03:39:28.529603+00:00, run_after=2023-10-11T03:39:28.529603+00:00
[2023-10-11T03:39:28.558+0000] {processor.py:179} INFO - Processing /home/airflow/.local/lib/python3.8/site-packages/airflow/example_dags/example_short_circuit_operator.py took 0.145 seconds
[2023-10-11T03:39:59.206+0000] {processor.py:157} INFO - Started process (PID=125) to work on /home/airflow/.local/lib/python3.8/site-packages/airflow/example_dags/example_short_circuit_operator.py
[2023-10-11T03:39:59.208+0000] {processor.py:829} INFO - Processing file /home/airflow/.local/lib/python3.8/site-packages/airflow/example_dags/example_short_circuit_operator.py for tasks to queue
[2023-10-11T03:39:59.210+0000] {logging_mixin.py:151} INFO - [2023-10-11T03:39:59.210+0000] {dagbag.py:539} INFO - Filling up the DagBag from /home/airflow/.local/lib/python3.8/site-packages/airflow/example_dags/example_short_circuit_operator.py
[2023-10-11T03:39:59.218+0000] {processor.py:839} INFO - DAG(s) dict_keys(['example_short_circuit_operator']) retrieved from /home/airflow/.local/lib/python3.8/site-packages/airflow/example_dags/example_short_circuit_operator.py
[2023-10-11T03:39:59.240+0000] {logging_mixin.py:151} INFO - [2023-10-11T03:39:59.240+0000] {dag.py:2915} INFO - Sync 1 DAGs
[2023-10-11T03:39:59.260+0000] {logging_mixin.py:151} INFO - [2023-10-11T03:39:59.259+0000] {dag.py:3696} INFO - Setting next_dagrun for example_short_circuit_operator to 2023-10-10T03:39:59.259627+00:00, run_after=2023-10-11T03:39:59.259627+00:00
[2023-10-11T03:39:59.279+0000] {processor.py:179} INFO - Processing /home/airflow/.local/lib/python3.8/site-packages/airflow/example_dags/example_short_circuit_operator.py took 0.075 seconds
[2023-10-11T03:40:29.688+0000] {processor.py:157} INFO - Started process (PID=182) to work on /home/airflow/.local/lib/python3.8/site-packages/airflow/example_dags/example_short_circuit_operator.py
[2023-10-11T03:40:29.690+0000] {processor.py:829} INFO - Processing file /home/airflow/.local/lib/python3.8/site-packages/airflow/example_dags/example_short_circuit_operator.py for tasks to queue
[2023-10-11T03:40:29.692+0000] {logging_mixin.py:151} INFO - [2023-10-11T03:40:29.692+0000] {dagbag.py:539} INFO - Filling up the DagBag from /home/airflow/.local/lib/python3.8/site-packages/airflow/example_dags/example_short_circuit_operator.py
[2023-10-11T03:40:29.699+0000] {processor.py:839} INFO - DAG(s) dict_keys(['example_short_circuit_operator']) retrieved from /home/airflow/.local/lib/python3.8/site-packages/airflow/example_dags/example_short_circuit_operator.py
[2023-10-11T03:40:29.720+0000] {logging_mixin.py:151} INFO - [2023-10-11T03:40:29.720+0000] {dag.py:2915} INFO - Sync 1 DAGs
[2023-10-11T03:40:29.741+0000] {logging_mixin.py:151} INFO - [2023-10-11T03:40:29.741+0000] {dag.py:3696} INFO - Setting next_dagrun for example_short_circuit_operator to 2023-10-10T03:40:29.740950+00:00, run_after=2023-10-11T03:40:29.740950+00:00
[2023-10-11T03:40:29.763+0000] {processor.py:179} INFO - Processing /home/airflow/.local/lib/python3.8/site-packages/airflow/example_dags/example_short_circuit_operator.py took 0.078 seconds
[2023-10-11T03:41:00.523+0000] {processor.py:157} INFO - Started process (PID=239) to work on /home/airflow/.local/lib/python3.8/site-packages/airflow/example_dags/example_short_circuit_operator.py
[2023-10-11T03:41:00.525+0000] {processor.py:829} INFO - Processing file /home/airflow/.local/lib/python3.8/site-packages/airflow/example_dags/example_short_circuit_operator.py for tasks to queue
[2023-10-11T03:41:00.527+0000] {logging_mixin.py:151} INFO - [2023-10-11T03:41:00.527+0000] {dagbag.py:539} INFO - Filling up the DagBag from /home/airflow/.local/lib/python3.8/site-packages/airflow/example_dags/example_short_circuit_operator.py
[2023-10-11T03:41:00.538+0000] {processor.py:839} INFO - DAG(s) dict_keys(['example_short_circuit_operator']) retrieved from /home/airflow/.local/lib/python3.8/site-packages/airflow/example_dags/example_short_circuit_operator.py
[2023-10-11T03:41:00.571+0000] {logging_mixin.py:151} INFO - [2023-10-11T03:41:00.570+0000] {dag.py:2915} INFO - Sync 1 DAGs
[2023-10-11T03:41:00.612+0000] {logging_mixin.py:151} INFO - [2023-10-11T03:41:00.612+0000] {dag.py:3696} INFO - Setting next_dagrun for example_short_circuit_operator to 2023-10-10T03:41:00.611935+00:00, run_after=2023-10-11T03:41:00.611935+00:00
[2023-10-11T03:41:00.649+0000] {processor.py:179} INFO - Processing /home/airflow/.local/lib/python3.8/site-packages/airflow/example_dags/example_short_circuit_operator.py took 0.130 seconds
[2023-10-11T03:41:31.081+0000] {processor.py:157} INFO - Started process (PID=296) to work on /home/airflow/.local/lib/python3.8/site-packages/airflow/example_dags/example_short_circuit_operator.py
[2023-10-11T03:41:31.083+0000] {processor.py:829} INFO - Processing file /home/airflow/.local/lib/python3.8/site-packages/airflow/example_dags/example_short_circuit_operator.py for tasks to queue
[2023-10-11T03:41:31.089+0000] {logging_mixin.py:151} INFO - [2023-10-11T03:41:31.088+0000] {dagbag.py:539} INFO - Filling up the DagBag from /home/airflow/.local/lib/python3.8/site-packages/airflow/example_dags/example_short_circuit_operator.py
[2023-10-11T03:41:31.106+0000] {processor.py:839} INFO - DAG(s) dict_keys(['example_short_circuit_operator']) retrieved from /home/airflow/.local/lib/python3.8/site-packages/airflow/example_dags/example_short_circuit_operator.py
[2023-10-11T03:41:31.152+0000] {logging_mixin.py:151} INFO - [2023-10-11T03:41:31.152+0000] {dag.py:2915} INFO - Sync 1 DAGs
[2023-10-11T03:41:31.202+0000] {logging_mixin.py:151} INFO - [2023-10-11T03:41:31.202+0000] {dag.py:3696} INFO - Setting next_dagrun for example_short_circuit_operator to 2023-10-10T03:41:31.201804+00:00, run_after=2023-10-11T03:41:31.201804+00:00
[2023-10-11T03:41:31.242+0000] {processor.py:179} INFO - Processing /home/airflow/.local/lib/python3.8/site-packages/airflow/example_dags/example_short_circuit_operator.py took 0.166 seconds
[2023-10-11T03:42:01.678+0000] {processor.py:157} INFO - Started process (PID=353) to work on /home/airflow/.local/lib/python3.8/site-packages/airflow/example_dags/example_short_circuit_operator.py
[2023-10-11T03:42:01.680+0000] {processor.py:829} INFO - Processing file /home/airflow/.local/lib/python3.8/site-packages/airflow/example_dags/example_short_circuit_operator.py for tasks to queue
[2023-10-11T03:42:01.684+0000] {logging_mixin.py:151} INFO - [2023-10-11T03:42:01.684+0000] {dagbag.py:539} INFO - Filling up the DagBag from /home/airflow/.local/lib/python3.8/site-packages/airflow/example_dags/example_short_circuit_operator.py
[2023-10-11T03:42:01.694+0000] {processor.py:839} INFO - DAG(s) dict_keys(['example_short_circuit_operator']) retrieved from /home/airflow/.local/lib/python3.8/site-packages/airflow/example_dags/example_short_circuit_operator.py
[2023-10-11T03:42:01.726+0000] {logging_mixin.py:151} INFO - [2023-10-11T03:42:01.726+0000] {dag.py:2915} INFO - Sync 1 DAGs
[2023-10-11T03:42:01.752+0000] {logging_mixin.py:151} INFO - [2023-10-11T03:42:01.751+0000] {dag.py:3696} INFO - Setting next_dagrun for example_short_circuit_operator to 2023-10-10T03:42:01.751642+00:00, run_after=2023-10-11T03:42:01.751642+00:00
[2023-10-11T03:42:01.775+0000] {processor.py:179} INFO - Processing /home/airflow/.local/lib/python3.8/site-packages/airflow/example_dags/example_short_circuit_operator.py took 0.103 seconds
[2023-10-11T03:42:31.828+0000] {processor.py:157} INFO - Started process (PID=410) to work on /home/airflow/.local/lib/python3.8/site-packages/airflow/example_dags/example_short_circuit_operator.py
[2023-10-11T03:42:31.830+0000] {processor.py:829} INFO - Processing file /home/airflow/.local/lib/python3.8/site-packages/airflow/example_dags/example_short_circuit_operator.py for tasks to queue
[2023-10-11T03:42:31.833+0000] {logging_mixin.py:151} INFO - [2023-10-11T03:42:31.833+0000] {dagbag.py:539} INFO - Filling up the DagBag from /home/airflow/.local/lib/python3.8/site-packages/airflow/example_dags/example_short_circuit_operator.py
[2023-10-11T03:42:31.844+0000] {processor.py:839} INFO - DAG(s) dict_keys(['example_short_circuit_operator']) retrieved from /home/airflow/.local/lib/python3.8/site-packages/airflow/example_dags/example_short_circuit_operator.py
[2023-10-11T03:42:31.878+0000] {logging_mixin.py:151} INFO - [2023-10-11T03:42:31.877+0000] {dag.py:2915} INFO - Sync 1 DAGs
[2023-10-11T03:42:31.903+0000] {logging_mixin.py:151} INFO - [2023-10-11T03:42:31.903+0000] {dag.py:3696} INFO - Setting next_dagrun for example_short_circuit_operator to 2023-10-10T03:42:31.902699+00:00, run_after=2023-10-11T03:42:31.902699+00:00
[2023-10-11T03:42:31.932+0000] {processor.py:179} INFO - Processing /home/airflow/.local/lib/python3.8/site-packages/airflow/example_dags/example_short_circuit_operator.py took 0.109 seconds
[2023-10-11T03:43:02.671+0000] {processor.py:157} INFO - Started process (PID=466) to work on /home/airflow/.local/lib/python3.8/site-packages/airflow/example_dags/example_short_circuit_operator.py
[2023-10-11T03:43:02.673+0000] {processor.py:829} INFO - Processing file /home/airflow/.local/lib/python3.8/site-packages/airflow/example_dags/example_short_circuit_operator.py for tasks to queue
[2023-10-11T03:43:02.679+0000] {logging_mixin.py:151} INFO - [2023-10-11T03:43:02.679+0000] {dagbag.py:539} INFO - Filling up the DagBag from /home/airflow/.local/lib/python3.8/site-packages/airflow/example_dags/example_short_circuit_operator.py
[2023-10-11T03:43:02.690+0000] {processor.py:839} INFO - DAG(s) dict_keys(['example_short_circuit_operator']) retrieved from /home/airflow/.local/lib/python3.8/site-packages/airflow/example_dags/example_short_circuit_operator.py
[2023-10-11T03:43:02.787+0000] {logging_mixin.py:151} INFO - [2023-10-11T03:43:02.787+0000] {dag.py:2915} INFO - Sync 1 DAGs
[2023-10-11T03:43:02.811+0000] {logging_mixin.py:151} INFO - [2023-10-11T03:43:02.810+0000] {dag.py:3696} INFO - Setting next_dagrun for example_short_circuit_operator to 2023-10-10T03:43:02.810707+00:00, run_after=2023-10-11T03:43:02.810707+00:00
[2023-10-11T03:43:02.837+0000] {processor.py:179} INFO - Processing /home/airflow/.local/lib/python3.8/site-packages/airflow/example_dags/example_short_circuit_operator.py took 0.171 seconds
[2023-10-11T03:43:32.978+0000] {processor.py:157} INFO - Started process (PID=523) to work on /home/airflow/.local/lib/python3.8/site-packages/airflow/example_dags/example_short_circuit_operator.py
[2023-10-11T03:43:32.986+0000] {processor.py:829} INFO - Processing file /home/airflow/.local/lib/python3.8/site-packages/airflow/example_dags/example_short_circuit_operator.py for tasks to queue
[2023-10-11T03:43:32.992+0000] {logging_mixin.py:151} INFO - [2023-10-11T03:43:32.992+0000] {dagbag.py:539} INFO - Filling up the DagBag from /home/airflow/.local/lib/python3.8/site-packages/airflow/example_dags/example_short_circuit_operator.py
[2023-10-11T03:43:33.006+0000] {processor.py:839} INFO - DAG(s) dict_keys(['example_short_circuit_operator']) retrieved from /home/airflow/.local/lib/python3.8/site-packages/airflow/example_dags/example_short_circuit_operator.py
[2023-10-11T03:43:33.106+0000] {logging_mixin.py:151} INFO - [2023-10-11T03:43:33.105+0000] {dag.py:2915} INFO - Sync 1 DAGs
[2023-10-11T03:43:33.144+0000] {logging_mixin.py:151} INFO - [2023-10-11T03:43:33.144+0000] {dag.py:3696} INFO - Setting next_dagrun for example_short_circuit_operator to 2023-10-10T03:43:33.143821+00:00, run_after=2023-10-11T03:43:33.143821+00:00
[2023-10-11T03:43:33.184+0000] {processor.py:179} INFO - Processing /home/airflow/.local/lib/python3.8/site-packages/airflow/example_dags/example_short_circuit_operator.py took 0.222 seconds
[2023-10-11T03:44:03.489+0000] {processor.py:157} INFO - Started process (PID=580) to work on /home/airflow/.local/lib/python3.8/site-packages/airflow/example_dags/example_short_circuit_operator.py
[2023-10-11T03:44:03.490+0000] {processor.py:829} INFO - Processing file /home/airflow/.local/lib/python3.8/site-packages/airflow/example_dags/example_short_circuit_operator.py for tasks to queue
[2023-10-11T03:44:03.494+0000] {logging_mixin.py:151} INFO - [2023-10-11T03:44:03.493+0000] {dagbag.py:539} INFO - Filling up the DagBag from /home/airflow/.local/lib/python3.8/site-packages/airflow/example_dags/example_short_circuit_operator.py
[2023-10-11T03:44:03.502+0000] {processor.py:839} INFO - DAG(s) dict_keys(['example_short_circuit_operator']) retrieved from /home/airflow/.local/lib/python3.8/site-packages/airflow/example_dags/example_short_circuit_operator.py
[2023-10-11T03:44:03.527+0000] {logging_mixin.py:151} INFO - [2023-10-11T03:44:03.527+0000] {dag.py:2915} INFO - Sync 1 DAGs
[2023-10-11T03:44:03.554+0000] {logging_mixin.py:151} INFO - [2023-10-11T03:44:03.553+0000] {dag.py:3696} INFO - Setting next_dagrun for example_short_circuit_operator to 2023-10-10T03:44:03.553380+00:00, run_after=2023-10-11T03:44:03.553380+00:00
[2023-10-11T03:44:03.579+0000] {processor.py:179} INFO - Processing /home/airflow/.local/lib/python3.8/site-packages/airflow/example_dags/example_short_circuit_operator.py took 0.094 seconds
[2023-10-11T03:44:33.668+0000] {processor.py:157} INFO - Started process (PID=637) to work on /home/airflow/.local/lib/python3.8/site-packages/airflow/example_dags/example_short_circuit_operator.py
[2023-10-11T03:44:33.670+0000] {processor.py:829} INFO - Processing file /home/airflow/.local/lib/python3.8/site-packages/airflow/example_dags/example_short_circuit_operator.py for tasks to queue
[2023-10-11T03:44:33.674+0000] {logging_mixin.py:151} INFO - [2023-10-11T03:44:33.673+0000] {dagbag.py:539} INFO - Filling up the DagBag from /home/airflow/.local/lib/python3.8/site-packages/airflow/example_dags/example_short_circuit_operator.py
[2023-10-11T03:44:33.685+0000] {processor.py:839} INFO - DAG(s) dict_keys(['example_short_circuit_operator']) retrieved from /home/airflow/.local/lib/python3.8/site-packages/airflow/example_dags/example_short_circuit_operator.py
[2023-10-11T03:44:33.717+0000] {logging_mixin.py:151} INFO - [2023-10-11T03:44:33.717+0000] {dag.py:2915} INFO - Sync 1 DAGs
[2023-10-11T03:44:33.738+0000] {logging_mixin.py:151} INFO - [2023-10-11T03:44:33.738+0000] {dag.py:3696} INFO - Setting next_dagrun for example_short_circuit_operator to 2023-10-10T03:44:33.737764+00:00, run_after=2023-10-11T03:44:33.737764+00:00
[2023-10-11T03:44:33.771+0000] {processor.py:179} INFO - Processing /home/airflow/.local/lib/python3.8/site-packages/airflow/example_dags/example_short_circuit_operator.py took 0.108 seconds
[2023-10-11T03:45:04.272+0000] {processor.py:157} INFO - Started process (PID=694) to work on /home/airflow/.local/lib/python3.8/site-packages/airflow/example_dags/example_short_circuit_operator.py
[2023-10-11T03:45:04.273+0000] {processor.py:829} INFO - Processing file /home/airflow/.local/lib/python3.8/site-packages/airflow/example_dags/example_short_circuit_operator.py for tasks to queue
[2023-10-11T03:45:04.276+0000] {logging_mixin.py:151} INFO - [2023-10-11T03:45:04.276+0000] {dagbag.py:539} INFO - Filling up the DagBag from /home/airflow/.local/lib/python3.8/site-packages/airflow/example_dags/example_short_circuit_operator.py
[2023-10-11T03:45:04.283+0000] {processor.py:839} INFO - DAG(s) dict_keys(['example_short_circuit_operator']) retrieved from /home/airflow/.local/lib/python3.8/site-packages/airflow/example_dags/example_short_circuit_operator.py
[2023-10-11T03:45:04.317+0000] {logging_mixin.py:151} INFO - [2023-10-11T03:45:04.317+0000] {dag.py:2915} INFO - Sync 1 DAGs
[2023-10-11T03:45:04.338+0000] {logging_mixin.py:151} INFO - [2023-10-11T03:45:04.337+0000] {dag.py:3696} INFO - Setting next_dagrun for example_short_circuit_operator to 2023-10-10T03:45:04.337700+00:00, run_after=2023-10-11T03:45:04.337700+00:00
[2023-10-11T03:45:04.358+0000] {processor.py:179} INFO - Processing /home/airflow/.local/lib/python3.8/site-packages/airflow/example_dags/example_short_circuit_operator.py took 0.091 seconds
[2023-10-11T03:45:34.469+0000] {processor.py:157} INFO - Started process (PID=751) to work on /home/airflow/.local/lib/python3.8/site-packages/airflow/example_dags/example_short_circuit_operator.py
[2023-10-11T03:45:34.470+0000] {processor.py:829} INFO - Processing file /home/airflow/.local/lib/python3.8/site-packages/airflow/example_dags/example_short_circuit_operator.py for tasks to queue
[2023-10-11T03:45:34.472+0000] {logging_mixin.py:151} INFO - [2023-10-11T03:45:34.472+0000] {dagbag.py:539} INFO - Filling up the DagBag from /home/airflow/.local/lib/python3.8/site-packages/airflow/example_dags/example_short_circuit_operator.py
[2023-10-11T03:45:34.479+0000] {processor.py:839} INFO - DAG(s) dict_keys(['example_short_circuit_operator']) retrieved from /home/airflow/.local/lib/python3.8/site-packages/airflow/example_dags/example_short_circuit_operator.py
[2023-10-11T03:45:34.512+0000] {logging_mixin.py:151} INFO - [2023-10-11T03:45:34.512+0000] {dag.py:2915} INFO - Sync 1 DAGs
[2023-10-11T03:45:34.534+0000] {logging_mixin.py:151} INFO - [2023-10-11T03:45:34.534+0000] {dag.py:3696} INFO - Setting next_dagrun for example_short_circuit_operator to 2023-10-10T03:45:34.534048+00:00, run_after=2023-10-11T03:45:34.534048+00:00
[2023-10-11T03:45:34.563+0000] {processor.py:179} INFO - Processing /home/airflow/.local/lib/python3.8/site-packages/airflow/example_dags/example_short_circuit_operator.py took 0.097 seconds
[2023-10-11T03:46:04.861+0000] {processor.py:157} INFO - Started process (PID=808) to work on /home/airflow/.local/lib/python3.8/site-packages/airflow/example_dags/example_short_circuit_operator.py
[2023-10-11T03:46:04.863+0000] {processor.py:829} INFO - Processing file /home/airflow/.local/lib/python3.8/site-packages/airflow/example_dags/example_short_circuit_operator.py for tasks to queue
[2023-10-11T03:46:04.866+0000] {logging_mixin.py:151} INFO - [2023-10-11T03:46:04.866+0000] {dagbag.py:539} INFO - Filling up the DagBag from /home/airflow/.local/lib/python3.8/site-packages/airflow/example_dags/example_short_circuit_operator.py
[2023-10-11T03:46:04.878+0000] {processor.py:839} INFO - DAG(s) dict_keys(['example_short_circuit_operator']) retrieved from /home/airflow/.local/lib/python3.8/site-packages/airflow/example_dags/example_short_circuit_operator.py
[2023-10-11T03:46:04.906+0000] {logging_mixin.py:151} INFO - [2023-10-11T03:46:04.906+0000] {dag.py:2915} INFO - Sync 1 DAGs
[2023-10-11T03:46:04.926+0000] {logging_mixin.py:151} INFO - [2023-10-11T03:46:04.926+0000] {dag.py:3696} INFO - Setting next_dagrun for example_short_circuit_operator to 2023-10-10T03:46:04.925857+00:00, run_after=2023-10-11T03:46:04.925857+00:00
[2023-10-11T03:46:04.945+0000] {processor.py:179} INFO - Processing /home/airflow/.local/lib/python3.8/site-packages/airflow/example_dags/example_short_circuit_operator.py took 0.086 seconds
[2023-10-11T03:46:35.894+0000] {processor.py:157} INFO - Started process (PID=865) to work on /home/airflow/.local/lib/python3.8/site-packages/airflow/example_dags/example_short_circuit_operator.py
[2023-10-11T03:46:35.896+0000] {processor.py:829} INFO - Processing file /home/airflow/.local/lib/python3.8/site-packages/airflow/example_dags/example_short_circuit_operator.py for tasks to queue
[2023-10-11T03:46:35.899+0000] {logging_mixin.py:151} INFO - [2023-10-11T03:46:35.899+0000] {dagbag.py:539} INFO - Filling up the DagBag from /home/airflow/.local/lib/python3.8/site-packages/airflow/example_dags/example_short_circuit_operator.py
[2023-10-11T03:46:35.906+0000] {processor.py:839} INFO - DAG(s) dict_keys(['example_short_circuit_operator']) retrieved from /home/airflow/.local/lib/python3.8/site-packages/airflow/example_dags/example_short_circuit_operator.py
[2023-10-11T03:46:35.929+0000] {logging_mixin.py:151} INFO - [2023-10-11T03:46:35.928+0000] {dag.py:2915} INFO - Sync 1 DAGs
[2023-10-11T03:46:35.946+0000] {logging_mixin.py:151} INFO - [2023-10-11T03:46:35.946+0000] {dag.py:3696} INFO - Setting next_dagrun for example_short_circuit_operator to 2023-10-10T03:46:35.946526+00:00, run_after=2023-10-11T03:46:35.946526+00:00
[2023-10-11T03:46:35.967+0000] {processor.py:179} INFO - Processing /home/airflow/.local/lib/python3.8/site-packages/airflow/example_dags/example_short_circuit_operator.py took 0.075 seconds
[2023-10-11T03:47:06.193+0000] {processor.py:157} INFO - Started process (PID=922) to work on /home/airflow/.local/lib/python3.8/site-packages/airflow/example_dags/example_short_circuit_operator.py
[2023-10-11T03:47:06.194+0000] {processor.py:829} INFO - Processing file /home/airflow/.local/lib/python3.8/site-packages/airflow/example_dags/example_short_circuit_operator.py for tasks to queue
[2023-10-11T03:47:06.197+0000] {logging_mixin.py:151} INFO - [2023-10-11T03:47:06.196+0000] {dagbag.py:539} INFO - Filling up the DagBag from /home/airflow/.local/lib/python3.8/site-packages/airflow/example_dags/example_short_circuit_operator.py
[2023-10-11T03:47:06.203+0000] {processor.py:839} INFO - DAG(s) dict_keys(['example_short_circuit_operator']) retrieved from /home/airflow/.local/lib/python3.8/site-packages/airflow/example_dags/example_short_circuit_operator.py
[2023-10-11T03:47:06.229+0000] {logging_mixin.py:151} INFO - [2023-10-11T03:47:06.228+0000] {dag.py:2915} INFO - Sync 1 DAGs
[2023-10-11T03:47:06.251+0000] {logging_mixin.py:151} INFO - [2023-10-11T03:47:06.251+0000] {dag.py:3696} INFO - Setting next_dagrun for example_short_circuit_operator to 2023-10-10T03:47:06.250931+00:00, run_after=2023-10-11T03:47:06.250931+00:00
[2023-10-11T03:47:06.273+0000] {processor.py:179} INFO - Processing /home/airflow/.local/lib/python3.8/site-packages/airflow/example_dags/example_short_circuit_operator.py took 0.084 seconds
[2023-10-11T03:47:36.681+0000] {processor.py:157} INFO - Started process (PID=979) to work on /home/airflow/.local/lib/python3.8/site-packages/airflow/example_dags/example_short_circuit_operator.py
[2023-10-11T03:47:36.683+0000] {processor.py:829} INFO - Processing file /home/airflow/.local/lib/python3.8/site-packages/airflow/example_dags/example_short_circuit_operator.py for tasks to queue
[2023-10-11T03:47:36.685+0000] {logging_mixin.py:151} INFO - [2023-10-11T03:47:36.685+0000] {dagbag.py:539} INFO - Filling up the DagBag from /home/airflow/.local/lib/python3.8/site-packages/airflow/example_dags/example_short_circuit_operator.py
[2023-10-11T03:47:36.691+0000] {processor.py:839} INFO - DAG(s) dict_keys(['example_short_circuit_operator']) retrieved from /home/airflow/.local/lib/python3.8/site-packages/airflow/example_dags/example_short_circuit_operator.py
[2023-10-11T03:47:36.720+0000] {logging_mixin.py:151} INFO - [2023-10-11T03:47:36.720+0000] {dag.py:2915} INFO - Sync 1 DAGs
[2023-10-11T03:47:36.748+0000] {logging_mixin.py:151} INFO - [2023-10-11T03:47:36.748+0000] {dag.py:3696} INFO - Setting next_dagrun for example_short_circuit_operator to 2023-10-10T03:47:36.746673+00:00, run_after=2023-10-11T03:47:36.746673+00:00
[2023-10-11T03:47:36.771+0000] {processor.py:179} INFO - Processing /home/airflow/.local/lib/python3.8/site-packages/airflow/example_dags/example_short_circuit_operator.py took 0.094 seconds
[2023-10-11T03:48:07.168+0000] {processor.py:157} INFO - Started process (PID=1037) to work on /home/airflow/.local/lib/python3.8/site-packages/airflow/example_dags/example_short_circuit_operator.py
[2023-10-11T03:48:07.169+0000] {processor.py:829} INFO - Processing file /home/airflow/.local/lib/python3.8/site-packages/airflow/example_dags/example_short_circuit_operator.py for tasks to queue
[2023-10-11T03:48:07.173+0000] {logging_mixin.py:151} INFO - [2023-10-11T03:48:07.172+0000] {dagbag.py:539} INFO - Filling up the DagBag from /home/airflow/.local/lib/python3.8/site-packages/airflow/example_dags/example_short_circuit_operator.py
[2023-10-11T03:48:07.180+0000] {processor.py:839} INFO - DAG(s) dict_keys(['example_short_circuit_operator']) retrieved from /home/airflow/.local/lib/python3.8/site-packages/airflow/example_dags/example_short_circuit_operator.py
[2023-10-11T03:48:07.278+0000] {logging_mixin.py:151} INFO - [2023-10-11T03:48:07.278+0000] {dag.py:2915} INFO - Sync 1 DAGs
[2023-10-11T03:48:07.310+0000] {logging_mixin.py:151} INFO - [2023-10-11T03:48:07.309+0000] {dag.py:3696} INFO - Setting next_dagrun for example_short_circuit_operator to 2023-10-10T03:48:07.309629+00:00, run_after=2023-10-11T03:48:07.309629+00:00
[2023-10-11T03:48:07.336+0000] {processor.py:179} INFO - Processing /home/airflow/.local/lib/python3.8/site-packages/airflow/example_dags/example_short_circuit_operator.py took 0.173 seconds
[2023-10-11T03:48:37.601+0000] {processor.py:157} INFO - Started process (PID=1101) to work on /home/airflow/.local/lib/python3.8/site-packages/airflow/example_dags/example_short_circuit_operator.py
[2023-10-11T03:48:37.602+0000] {processor.py:829} INFO - Processing file /home/airflow/.local/lib/python3.8/site-packages/airflow/example_dags/example_short_circuit_operator.py for tasks to queue
[2023-10-11T03:48:37.605+0000] {logging_mixin.py:151} INFO - [2023-10-11T03:48:37.605+0000] {dagbag.py:539} INFO - Filling up the DagBag from /home/airflow/.local/lib/python3.8/site-packages/airflow/example_dags/example_short_circuit_operator.py
[2023-10-11T03:48:37.613+0000] {processor.py:839} INFO - DAG(s) dict_keys(['example_short_circuit_operator']) retrieved from /home/airflow/.local/lib/python3.8/site-packages/airflow/example_dags/example_short_circuit_operator.py
[2023-10-11T03:48:37.641+0000] {logging_mixin.py:151} INFO - [2023-10-11T03:48:37.641+0000] {dag.py:2915} INFO - Sync 1 DAGs
[2023-10-11T03:48:37.670+0000] {logging_mixin.py:151} INFO - [2023-10-11T03:48:37.669+0000] {dag.py:3696} INFO - Setting next_dagrun for example_short_circuit_operator to 2023-10-10T03:48:37.669768+00:00, run_after=2023-10-11T03:48:37.669768+00:00
[2023-10-11T03:48:37.691+0000] {processor.py:179} INFO - Processing /home/airflow/.local/lib/python3.8/site-packages/airflow/example_dags/example_short_circuit_operator.py took 0.094 seconds
[2023-10-11T03:49:07.954+0000] {processor.py:157} INFO - Started process (PID=1158) to work on /home/airflow/.local/lib/python3.8/site-packages/airflow/example_dags/example_short_circuit_operator.py
[2023-10-11T03:49:07.956+0000] {processor.py:829} INFO - Processing file /home/airflow/.local/lib/python3.8/site-packages/airflow/example_dags/example_short_circuit_operator.py for tasks to queue
[2023-10-11T03:49:07.958+0000] {logging_mixin.py:151} INFO - [2023-10-11T03:49:07.958+0000] {dagbag.py:539} INFO - Filling up the DagBag from /home/airflow/.local/lib/python3.8/site-packages/airflow/example_dags/example_short_circuit_operator.py
[2023-10-11T03:49:07.967+0000] {processor.py:839} INFO - DAG(s) dict_keys(['example_short_circuit_operator']) retrieved from /home/airflow/.local/lib/python3.8/site-packages/airflow/example_dags/example_short_circuit_operator.py
[2023-10-11T03:49:07.989+0000] {logging_mixin.py:151} INFO - [2023-10-11T03:49:07.989+0000] {dag.py:2915} INFO - Sync 1 DAGs
[2023-10-11T03:49:08.011+0000] {logging_mixin.py:151} INFO - [2023-10-11T03:49:08.011+0000] {dag.py:3696} INFO - Setting next_dagrun for example_short_circuit_operator to 2023-10-10T03:49:08.010939+00:00, run_after=2023-10-11T03:49:08.010939+00:00
[2023-10-11T03:49:08.040+0000] {processor.py:179} INFO - Processing /home/airflow/.local/lib/python3.8/site-packages/airflow/example_dags/example_short_circuit_operator.py took 0.088 seconds
[2023-10-11T03:49:38.493+0000] {processor.py:157} INFO - Started process (PID=1214) to work on /home/airflow/.local/lib/python3.8/site-packages/airflow/example_dags/example_short_circuit_operator.py
[2023-10-11T03:49:38.495+0000] {processor.py:829} INFO - Processing file /home/airflow/.local/lib/python3.8/site-packages/airflow/example_dags/example_short_circuit_operator.py for tasks to queue
[2023-10-11T03:49:38.498+0000] {logging_mixin.py:151} INFO - [2023-10-11T03:49:38.498+0000] {dagbag.py:539} INFO - Filling up the DagBag from /home/airflow/.local/lib/python3.8/site-packages/airflow/example_dags/example_short_circuit_operator.py
[2023-10-11T03:49:38.504+0000] {processor.py:839} INFO - DAG(s) dict_keys(['example_short_circuit_operator']) retrieved from /home/airflow/.local/lib/python3.8/site-packages/airflow/example_dags/example_short_circuit_operator.py
[2023-10-11T03:49:38.529+0000] {logging_mixin.py:151} INFO - [2023-10-11T03:49:38.529+0000] {dag.py:2915} INFO - Sync 1 DAGs
[2023-10-11T03:49:38.547+0000] {logging_mixin.py:151} INFO - [2023-10-11T03:49:38.547+0000] {dag.py:3696} INFO - Setting next_dagrun for example_short_circuit_operator to 2023-10-10T03:49:38.547470+00:00, run_after=2023-10-11T03:49:38.547470+00:00
[2023-10-11T03:49:38.568+0000] {processor.py:179} INFO - Processing /home/airflow/.local/lib/python3.8/site-packages/airflow/example_dags/example_short_circuit_operator.py took 0.078 seconds
[2023-10-11T03:50:08.641+0000] {processor.py:157} INFO - Started process (PID=1271) to work on /home/airflow/.local/lib/python3.8/site-packages/airflow/example_dags/example_short_circuit_operator.py
[2023-10-11T03:50:08.642+0000] {processor.py:829} INFO - Processing file /home/airflow/.local/lib/python3.8/site-packages/airflow/example_dags/example_short_circuit_operator.py for tasks to queue
[2023-10-11T03:50:08.645+0000] {logging_mixin.py:151} INFO - [2023-10-11T03:50:08.644+0000] {dagbag.py:539} INFO - Filling up the DagBag from /home/airflow/.local/lib/python3.8/site-packages/airflow/example_dags/example_short_circuit_operator.py
[2023-10-11T03:50:08.651+0000] {processor.py:839} INFO - DAG(s) dict_keys(['example_short_circuit_operator']) retrieved from /home/airflow/.local/lib/python3.8/site-packages/airflow/example_dags/example_short_circuit_operator.py
[2023-10-11T03:50:08.677+0000] {logging_mixin.py:151} INFO - [2023-10-11T03:50:08.676+0000] {dag.py:2915} INFO - Sync 1 DAGs
[2023-10-11T03:50:08.697+0000] {logging_mixin.py:151} INFO - [2023-10-11T03:50:08.697+0000] {dag.py:3696} INFO - Setting next_dagrun for example_short_circuit_operator to 2023-10-10T03:50:08.696972+00:00, run_after=2023-10-11T03:50:08.696972+00:00
[2023-10-11T03:50:08.720+0000] {processor.py:179} INFO - Processing /home/airflow/.local/lib/python3.8/site-packages/airflow/example_dags/example_short_circuit_operator.py took 0.082 seconds
[2023-10-11T03:50:39.381+0000] {processor.py:157} INFO - Started process (PID=1328) to work on /home/airflow/.local/lib/python3.8/site-packages/airflow/example_dags/example_short_circuit_operator.py
[2023-10-11T03:50:39.383+0000] {processor.py:829} INFO - Processing file /home/airflow/.local/lib/python3.8/site-packages/airflow/example_dags/example_short_circuit_operator.py for tasks to queue
[2023-10-11T03:50:39.385+0000] {logging_mixin.py:151} INFO - [2023-10-11T03:50:39.385+0000] {dagbag.py:539} INFO - Filling up the DagBag from /home/airflow/.local/lib/python3.8/site-packages/airflow/example_dags/example_short_circuit_operator.py
[2023-10-11T03:50:39.392+0000] {processor.py:839} INFO - DAG(s) dict_keys(['example_short_circuit_operator']) retrieved from /home/airflow/.local/lib/python3.8/site-packages/airflow/example_dags/example_short_circuit_operator.py
[2023-10-11T03:50:39.416+0000] {logging_mixin.py:151} INFO - [2023-10-11T03:50:39.416+0000] {dag.py:2915} INFO - Sync 1 DAGs
[2023-10-11T03:50:39.436+0000] {logging_mixin.py:151} INFO - [2023-10-11T03:50:39.436+0000] {dag.py:3696} INFO - Setting next_dagrun for example_short_circuit_operator to 2023-10-10T03:50:39.436264+00:00, run_after=2023-10-11T03:50:39.436264+00:00
[2023-10-11T03:50:39.458+0000] {processor.py:179} INFO - Processing /home/airflow/.local/lib/python3.8/site-packages/airflow/example_dags/example_short_circuit_operator.py took 0.080 seconds
[2023-10-11T03:51:09.839+0000] {processor.py:157} INFO - Started process (PID=1385) to work on /home/airflow/.local/lib/python3.8/site-packages/airflow/example_dags/example_short_circuit_operator.py
[2023-10-11T03:51:09.841+0000] {processor.py:829} INFO - Processing file /home/airflow/.local/lib/python3.8/site-packages/airflow/example_dags/example_short_circuit_operator.py for tasks to queue
[2023-10-11T03:51:09.845+0000] {logging_mixin.py:151} INFO - [2023-10-11T03:51:09.844+0000] {dagbag.py:539} INFO - Filling up the DagBag from /home/airflow/.local/lib/python3.8/site-packages/airflow/example_dags/example_short_circuit_operator.py
[2023-10-11T03:51:09.852+0000] {processor.py:839} INFO - DAG(s) dict_keys(['example_short_circuit_operator']) retrieved from /home/airflow/.local/lib/python3.8/site-packages/airflow/example_dags/example_short_circuit_operator.py
[2023-10-11T03:51:09.880+0000] {logging_mixin.py:151} INFO - [2023-10-11T03:51:09.880+0000] {dag.py:2915} INFO - Sync 1 DAGs
[2023-10-11T03:51:09.904+0000] {logging_mixin.py:151} INFO - [2023-10-11T03:51:09.903+0000] {dag.py:3696} INFO - Setting next_dagrun for example_short_circuit_operator to 2023-10-10T03:51:09.903708+00:00, run_after=2023-10-11T03:51:09.903708+00:00
[2023-10-11T03:51:09.930+0000] {processor.py:179} INFO - Processing /home/airflow/.local/lib/python3.8/site-packages/airflow/example_dags/example_short_circuit_operator.py took 0.094 seconds
[2023-10-11T03:51:40.064+0000] {processor.py:157} INFO - Started process (PID=1442) to work on /home/airflow/.local/lib/python3.8/site-packages/airflow/example_dags/example_short_circuit_operator.py
[2023-10-11T03:51:40.065+0000] {processor.py:829} INFO - Processing file /home/airflow/.local/lib/python3.8/site-packages/airflow/example_dags/example_short_circuit_operator.py for tasks to queue
[2023-10-11T03:51:40.067+0000] {logging_mixin.py:151} INFO - [2023-10-11T03:51:40.067+0000] {dagbag.py:539} INFO - Filling up the DagBag from /home/airflow/.local/lib/python3.8/site-packages/airflow/example_dags/example_short_circuit_operator.py
[2023-10-11T03:51:40.076+0000] {processor.py:839} INFO - DAG(s) dict_keys(['example_short_circuit_operator']) retrieved from /home/airflow/.local/lib/python3.8/site-packages/airflow/example_dags/example_short_circuit_operator.py
[2023-10-11T03:51:40.101+0000] {logging_mixin.py:151} INFO - [2023-10-11T03:51:40.101+0000] {dag.py:2915} INFO - Sync 1 DAGs
[2023-10-11T03:51:40.122+0000] {logging_mixin.py:151} INFO - [2023-10-11T03:51:40.122+0000] {dag.py:3696} INFO - Setting next_dagrun for example_short_circuit_operator to 2023-10-10T03:51:40.121908+00:00, run_after=2023-10-11T03:51:40.121908+00:00
[2023-10-11T03:51:40.153+0000] {processor.py:179} INFO - Processing /home/airflow/.local/lib/python3.8/site-packages/airflow/example_dags/example_short_circuit_operator.py took 0.093 seconds
[2023-10-11T03:52:10.481+0000] {processor.py:157} INFO - Started process (PID=1499) to work on /home/airflow/.local/lib/python3.8/site-packages/airflow/example_dags/example_short_circuit_operator.py
[2023-10-11T03:52:10.482+0000] {processor.py:829} INFO - Processing file /home/airflow/.local/lib/python3.8/site-packages/airflow/example_dags/example_short_circuit_operator.py for tasks to queue
[2023-10-11T03:52:10.487+0000] {logging_mixin.py:151} INFO - [2023-10-11T03:52:10.486+0000] {dagbag.py:539} INFO - Filling up the DagBag from /home/airflow/.local/lib/python3.8/site-packages/airflow/example_dags/example_short_circuit_operator.py
[2023-10-11T03:52:10.493+0000] {processor.py:839} INFO - DAG(s) dict_keys(['example_short_circuit_operator']) retrieved from /home/airflow/.local/lib/python3.8/site-packages/airflow/example_dags/example_short_circuit_operator.py
[2023-10-11T03:52:10.520+0000] {logging_mixin.py:151} INFO - [2023-10-11T03:52:10.520+0000] {dag.py:2915} INFO - Sync 1 DAGs
[2023-10-11T03:52:10.541+0000] {logging_mixin.py:151} INFO - [2023-10-11T03:52:10.541+0000] {dag.py:3696} INFO - Setting next_dagrun for example_short_circuit_operator to 2023-10-10T03:52:10.540774+00:00, run_after=2023-10-11T03:52:10.540774+00:00
[2023-10-11T03:52:10.564+0000] {processor.py:179} INFO - Processing /home/airflow/.local/lib/python3.8/site-packages/airflow/example_dags/example_short_circuit_operator.py took 0.087 seconds
[2023-10-11T03:52:40.843+0000] {processor.py:157} INFO - Started process (PID=1556) to work on /home/airflow/.local/lib/python3.8/site-packages/airflow/example_dags/example_short_circuit_operator.py
[2023-10-11T03:52:40.845+0000] {processor.py:829} INFO - Processing file /home/airflow/.local/lib/python3.8/site-packages/airflow/example_dags/example_short_circuit_operator.py for tasks to queue
[2023-10-11T03:52:40.849+0000] {logging_mixin.py:151} INFO - [2023-10-11T03:52:40.848+0000] {dagbag.py:539} INFO - Filling up the DagBag from /home/airflow/.local/lib/python3.8/site-packages/airflow/example_dags/example_short_circuit_operator.py
[2023-10-11T03:52:40.855+0000] {processor.py:839} INFO - DAG(s) dict_keys(['example_short_circuit_operator']) retrieved from /home/airflow/.local/lib/python3.8/site-packages/airflow/example_dags/example_short_circuit_operator.py
[2023-10-11T03:52:40.880+0000] {logging_mixin.py:151} INFO - [2023-10-11T03:52:40.879+0000] {dag.py:2915} INFO - Sync 1 DAGs
[2023-10-11T03:52:40.904+0000] {logging_mixin.py:151} INFO - [2023-10-11T03:52:40.903+0000] {dag.py:3696} INFO - Setting next_dagrun for example_short_circuit_operator to 2023-10-10T03:52:40.903654+00:00, run_after=2023-10-11T03:52:40.903654+00:00
[2023-10-11T03:52:40.924+0000] {processor.py:179} INFO - Processing /home/airflow/.local/lib/python3.8/site-packages/airflow/example_dags/example_short_circuit_operator.py took 0.085 seconds
[2023-10-11T03:53:11.143+0000] {processor.py:157} INFO - Started process (PID=1613) to work on /home/airflow/.local/lib/python3.8/site-packages/airflow/example_dags/example_short_circuit_operator.py
[2023-10-11T03:53:11.145+0000] {processor.py:829} INFO - Processing file /home/airflow/.local/lib/python3.8/site-packages/airflow/example_dags/example_short_circuit_operator.py for tasks to queue
[2023-10-11T03:53:11.148+0000] {logging_mixin.py:151} INFO - [2023-10-11T03:53:11.147+0000] {dagbag.py:539} INFO - Filling up the DagBag from /home/airflow/.local/lib/python3.8/site-packages/airflow/example_dags/example_short_circuit_operator.py
[2023-10-11T03:53:11.156+0000] {processor.py:839} INFO - DAG(s) dict_keys(['example_short_circuit_operator']) retrieved from /home/airflow/.local/lib/python3.8/site-packages/airflow/example_dags/example_short_circuit_operator.py
[2023-10-11T03:53:11.188+0000] {logging_mixin.py:151} INFO - [2023-10-11T03:53:11.187+0000] {dag.py:2915} INFO - Sync 1 DAGs
[2023-10-11T03:53:11.211+0000] {logging_mixin.py:151} INFO - [2023-10-11T03:53:11.211+0000] {dag.py:3696} INFO - Setting next_dagrun for example_short_circuit_operator to 2023-10-10T03:53:11.211108+00:00, run_after=2023-10-11T03:53:11.211108+00:00
[2023-10-11T03:53:11.232+0000] {processor.py:179} INFO - Processing /home/airflow/.local/lib/python3.8/site-packages/airflow/example_dags/example_short_circuit_operator.py took 0.092 seconds
[2023-10-11T03:53:42.498+0000] {processor.py:157} INFO - Started process (PID=1670) to work on /home/airflow/.local/lib/python3.8/site-packages/airflow/example_dags/example_short_circuit_operator.py
[2023-10-11T03:53:42.500+0000] {processor.py:829} INFO - Processing file /home/airflow/.local/lib/python3.8/site-packages/airflow/example_dags/example_short_circuit_operator.py for tasks to queue
[2023-10-11T03:53:42.503+0000] {logging_mixin.py:151} INFO - [2023-10-11T03:53:42.502+0000] {dagbag.py:539} INFO - Filling up the DagBag from /home/airflow/.local/lib/python3.8/site-packages/airflow/example_dags/example_short_circuit_operator.py
[2023-10-11T03:53:42.510+0000] {processor.py:839} INFO - DAG(s) dict_keys(['example_short_circuit_operator']) retrieved from /home/airflow/.local/lib/python3.8/site-packages/airflow/example_dags/example_short_circuit_operator.py
[2023-10-11T03:53:42.534+0000] {logging_mixin.py:151} INFO - [2023-10-11T03:53:42.534+0000] {dag.py:2915} INFO - Sync 1 DAGs
[2023-10-11T03:53:42.554+0000] {logging_mixin.py:151} INFO - [2023-10-11T03:53:42.553+0000] {dag.py:3696} INFO - Setting next_dagrun for example_short_circuit_operator to 2023-10-10T03:53:42.553230+00:00, run_after=2023-10-11T03:53:42.553230+00:00
[2023-10-11T03:53:42.576+0000] {processor.py:179} INFO - Processing /home/airflow/.local/lib/python3.8/site-packages/airflow/example_dags/example_short_circuit_operator.py took 0.081 seconds
[2023-10-11T03:54:12.676+0000] {processor.py:157} INFO - Started process (PID=1727) to work on /home/airflow/.local/lib/python3.8/site-packages/airflow/example_dags/example_short_circuit_operator.py
[2023-10-11T03:54:12.678+0000] {processor.py:829} INFO - Processing file /home/airflow/.local/lib/python3.8/site-packages/airflow/example_dags/example_short_circuit_operator.py for tasks to queue
[2023-10-11T03:54:12.680+0000] {logging_mixin.py:151} INFO - [2023-10-11T03:54:12.680+0000] {dagbag.py:539} INFO - Filling up the DagBag from /home/airflow/.local/lib/python3.8/site-packages/airflow/example_dags/example_short_circuit_operator.py
[2023-10-11T03:54:12.688+0000] {processor.py:839} INFO - DAG(s) dict_keys(['example_short_circuit_operator']) retrieved from /home/airflow/.local/lib/python3.8/site-packages/airflow/example_dags/example_short_circuit_operator.py
[2023-10-11T03:54:12.712+0000] {logging_mixin.py:151} INFO - [2023-10-11T03:54:12.712+0000] {dag.py:2915} INFO - Sync 1 DAGs
[2023-10-11T03:54:12.732+0000] {logging_mixin.py:151} INFO - [2023-10-11T03:54:12.732+0000] {dag.py:3696} INFO - Setting next_dagrun for example_short_circuit_operator to 2023-10-10T03:54:12.731960+00:00, run_after=2023-10-11T03:54:12.731960+00:00
[2023-10-11T03:54:12.758+0000] {processor.py:179} INFO - Processing /home/airflow/.local/lib/python3.8/site-packages/airflow/example_dags/example_short_circuit_operator.py took 0.084 seconds
[2023-10-11T03:54:42.916+0000] {processor.py:157} INFO - Started process (PID=1784) to work on /home/airflow/.local/lib/python3.8/site-packages/airflow/example_dags/example_short_circuit_operator.py
[2023-10-11T03:54:42.917+0000] {processor.py:829} INFO - Processing file /home/airflow/.local/lib/python3.8/site-packages/airflow/example_dags/example_short_circuit_operator.py for tasks to queue
[2023-10-11T03:54:42.920+0000] {logging_mixin.py:151} INFO - [2023-10-11T03:54:42.919+0000] {dagbag.py:539} INFO - Filling up the DagBag from /home/airflow/.local/lib/python3.8/site-packages/airflow/example_dags/example_short_circuit_operator.py
[2023-10-11T03:54:42.927+0000] {processor.py:839} INFO - DAG(s) dict_keys(['example_short_circuit_operator']) retrieved from /home/airflow/.local/lib/python3.8/site-packages/airflow/example_dags/example_short_circuit_operator.py
[2023-10-11T03:54:42.953+0000] {logging_mixin.py:151} INFO - [2023-10-11T03:54:42.953+0000] {dag.py:2915} INFO - Sync 1 DAGs
[2023-10-11T03:54:42.974+0000] {logging_mixin.py:151} INFO - [2023-10-11T03:54:42.974+0000] {dag.py:3696} INFO - Setting next_dagrun for example_short_circuit_operator to 2023-10-10T03:54:42.974082+00:00, run_after=2023-10-11T03:54:42.974082+00:00
[2023-10-11T03:54:42.995+0000] {processor.py:179} INFO - Processing /home/airflow/.local/lib/python3.8/site-packages/airflow/example_dags/example_short_circuit_operator.py took 0.083 seconds
[2023-10-11T03:55:13.643+0000] {processor.py:157} INFO - Started process (PID=1841) to work on /home/airflow/.local/lib/python3.8/site-packages/airflow/example_dags/example_short_circuit_operator.py
[2023-10-11T03:55:13.644+0000] {processor.py:829} INFO - Processing file /home/airflow/.local/lib/python3.8/site-packages/airflow/example_dags/example_short_circuit_operator.py for tasks to queue
[2023-10-11T03:55:13.647+0000] {logging_mixin.py:151} INFO - [2023-10-11T03:55:13.646+0000] {dagbag.py:539} INFO - Filling up the DagBag from /home/airflow/.local/lib/python3.8/site-packages/airflow/example_dags/example_short_circuit_operator.py
[2023-10-11T03:55:13.653+0000] {processor.py:839} INFO - DAG(s) dict_keys(['example_short_circuit_operator']) retrieved from /home/airflow/.local/lib/python3.8/site-packages/airflow/example_dags/example_short_circuit_operator.py
[2023-10-11T03:55:13.677+0000] {logging_mixin.py:151} INFO - [2023-10-11T03:55:13.677+0000] {dag.py:2915} INFO - Sync 1 DAGs
[2023-10-11T03:55:13.698+0000] {logging_mixin.py:151} INFO - [2023-10-11T03:55:13.698+0000] {dag.py:3696} INFO - Setting next_dagrun for example_short_circuit_operator to 2023-10-10T03:55:13.698161+00:00, run_after=2023-10-11T03:55:13.698161+00:00
[2023-10-11T03:55:13.718+0000] {processor.py:179} INFO - Processing /home/airflow/.local/lib/python3.8/site-packages/airflow/example_dags/example_short_circuit_operator.py took 0.078 seconds
[2023-10-11T03:55:43.812+0000] {processor.py:157} INFO - Started process (PID=1898) to work on /home/airflow/.local/lib/python3.8/site-packages/airflow/example_dags/example_short_circuit_operator.py
[2023-10-11T03:55:43.813+0000] {processor.py:829} INFO - Processing file /home/airflow/.local/lib/python3.8/site-packages/airflow/example_dags/example_short_circuit_operator.py for tasks to queue
[2023-10-11T03:55:43.815+0000] {logging_mixin.py:151} INFO - [2023-10-11T03:55:43.815+0000] {dagbag.py:539} INFO - Filling up the DagBag from /home/airflow/.local/lib/python3.8/site-packages/airflow/example_dags/example_short_circuit_operator.py
[2023-10-11T03:55:43.823+0000] {processor.py:839} INFO - DAG(s) dict_keys(['example_short_circuit_operator']) retrieved from /home/airflow/.local/lib/python3.8/site-packages/airflow/example_dags/example_short_circuit_operator.py
[2023-10-11T03:55:43.848+0000] {logging_mixin.py:151} INFO - [2023-10-11T03:55:43.848+0000] {dag.py:2915} INFO - Sync 1 DAGs
[2023-10-11T03:55:43.869+0000] {logging_mixin.py:151} INFO - [2023-10-11T03:55:43.868+0000] {dag.py:3696} INFO - Setting next_dagrun for example_short_circuit_operator to 2023-10-10T03:55:43.868397+00:00, run_after=2023-10-11T03:55:43.868397+00:00
[2023-10-11T03:55:43.888+0000] {processor.py:179} INFO - Processing /home/airflow/.local/lib/python3.8/site-packages/airflow/example_dags/example_short_circuit_operator.py took 0.080 seconds
[2023-10-11T03:56:14.596+0000] {processor.py:157} INFO - Started process (PID=1955) to work on /home/airflow/.local/lib/python3.8/site-packages/airflow/example_dags/example_short_circuit_operator.py
[2023-10-11T03:56:14.598+0000] {processor.py:829} INFO - Processing file /home/airflow/.local/lib/python3.8/site-packages/airflow/example_dags/example_short_circuit_operator.py for tasks to queue
[2023-10-11T03:56:14.602+0000] {logging_mixin.py:151} INFO - [2023-10-11T03:56:14.601+0000] {dagbag.py:539} INFO - Filling up the DagBag from /home/airflow/.local/lib/python3.8/site-packages/airflow/example_dags/example_short_circuit_operator.py
[2023-10-11T03:56:14.612+0000] {processor.py:839} INFO - DAG(s) dict_keys(['example_short_circuit_operator']) retrieved from /home/airflow/.local/lib/python3.8/site-packages/airflow/example_dags/example_short_circuit_operator.py
[2023-10-11T03:56:14.645+0000] {logging_mixin.py:151} INFO - [2023-10-11T03:56:14.645+0000] {dag.py:2915} INFO - Sync 1 DAGs
[2023-10-11T03:56:14.671+0000] {logging_mixin.py:151} INFO - [2023-10-11T03:56:14.670+0000] {dag.py:3696} INFO - Setting next_dagrun for example_short_circuit_operator to 2023-10-10T03:56:14.670192+00:00, run_after=2023-10-11T03:56:14.670192+00:00
[2023-10-11T03:56:14.693+0000] {processor.py:179} INFO - Processing /home/airflow/.local/lib/python3.8/site-packages/airflow/example_dags/example_short_circuit_operator.py took 0.102 seconds
[2023-10-11T03:56:44.868+0000] {processor.py:157} INFO - Started process (PID=2012) to work on /home/airflow/.local/lib/python3.8/site-packages/airflow/example_dags/example_short_circuit_operator.py
[2023-10-11T03:56:44.870+0000] {processor.py:829} INFO - Processing file /home/airflow/.local/lib/python3.8/site-packages/airflow/example_dags/example_short_circuit_operator.py for tasks to queue
[2023-10-11T03:56:44.874+0000] {logging_mixin.py:151} INFO - [2023-10-11T03:56:44.873+0000] {dagbag.py:539} INFO - Filling up the DagBag from /home/airflow/.local/lib/python3.8/site-packages/airflow/example_dags/example_short_circuit_operator.py
[2023-10-11T03:56:44.886+0000] {processor.py:839} INFO - DAG(s) dict_keys(['example_short_circuit_operator']) retrieved from /home/airflow/.local/lib/python3.8/site-packages/airflow/example_dags/example_short_circuit_operator.py
[2023-10-11T03:56:44.925+0000] {logging_mixin.py:151} INFO - [2023-10-11T03:56:44.924+0000] {dag.py:2915} INFO - Sync 1 DAGs
[2023-10-11T03:56:44.964+0000] {logging_mixin.py:151} INFO - [2023-10-11T03:56:44.963+0000] {dag.py:3696} INFO - Setting next_dagrun for example_short_circuit_operator to 2023-10-10T03:56:44.963301+00:00, run_after=2023-10-11T03:56:44.963301+00:00
[2023-10-11T03:56:44.998+0000] {processor.py:179} INFO - Processing /home/airflow/.local/lib/python3.8/site-packages/airflow/example_dags/example_short_circuit_operator.py took 0.136 seconds
[2023-10-11T03:57:15.048+0000] {processor.py:157} INFO - Started process (PID=2069) to work on /home/airflow/.local/lib/python3.8/site-packages/airflow/example_dags/example_short_circuit_operator.py
[2023-10-11T03:57:15.049+0000] {processor.py:829} INFO - Processing file /home/airflow/.local/lib/python3.8/site-packages/airflow/example_dags/example_short_circuit_operator.py for tasks to queue
[2023-10-11T03:57:15.052+0000] {logging_mixin.py:151} INFO - [2023-10-11T03:57:15.052+0000] {dagbag.py:539} INFO - Filling up the DagBag from /home/airflow/.local/lib/python3.8/site-packages/airflow/example_dags/example_short_circuit_operator.py
[2023-10-11T03:57:15.059+0000] {processor.py:839} INFO - DAG(s) dict_keys(['example_short_circuit_operator']) retrieved from /home/airflow/.local/lib/python3.8/site-packages/airflow/example_dags/example_short_circuit_operator.py
[2023-10-11T03:57:15.085+0000] {logging_mixin.py:151} INFO - [2023-10-11T03:57:15.085+0000] {dag.py:2915} INFO - Sync 1 DAGs
[2023-10-11T03:57:15.104+0000] {logging_mixin.py:151} INFO - [2023-10-11T03:57:15.104+0000] {dag.py:3696} INFO - Setting next_dagrun for example_short_circuit_operator to 2023-10-10T03:57:15.104375+00:00, run_after=2023-10-11T03:57:15.104375+00:00
[2023-10-11T03:57:15.123+0000] {processor.py:179} INFO - Processing /home/airflow/.local/lib/python3.8/site-packages/airflow/example_dags/example_short_circuit_operator.py took 0.080 seconds
[2023-10-11T03:57:45.988+0000] {processor.py:157} INFO - Started process (PID=2126) to work on /home/airflow/.local/lib/python3.8/site-packages/airflow/example_dags/example_short_circuit_operator.py
[2023-10-11T03:57:45.990+0000] {processor.py:829} INFO - Processing file /home/airflow/.local/lib/python3.8/site-packages/airflow/example_dags/example_short_circuit_operator.py for tasks to queue
[2023-10-11T03:57:45.992+0000] {logging_mixin.py:151} INFO - [2023-10-11T03:57:45.992+0000] {dagbag.py:539} INFO - Filling up the DagBag from /home/airflow/.local/lib/python3.8/site-packages/airflow/example_dags/example_short_circuit_operator.py
[2023-10-11T03:57:46.000+0000] {processor.py:839} INFO - DAG(s) dict_keys(['example_short_circuit_operator']) retrieved from /home/airflow/.local/lib/python3.8/site-packages/airflow/example_dags/example_short_circuit_operator.py
[2023-10-11T03:57:46.024+0000] {logging_mixin.py:151} INFO - [2023-10-11T03:57:46.023+0000] {dag.py:2915} INFO - Sync 1 DAGs
[2023-10-11T03:57:46.042+0000] {logging_mixin.py:151} INFO - [2023-10-11T03:57:46.041+0000] {dag.py:3696} INFO - Setting next_dagrun for example_short_circuit_operator to 2023-10-10T03:57:46.041668+00:00, run_after=2023-10-11T03:57:46.041668+00:00
[2023-10-11T03:57:46.064+0000] {processor.py:179} INFO - Processing /home/airflow/.local/lib/python3.8/site-packages/airflow/example_dags/example_short_circuit_operator.py took 0.079 seconds
[2023-10-11T03:58:16.284+0000] {processor.py:157} INFO - Started process (PID=2183) to work on /home/airflow/.local/lib/python3.8/site-packages/airflow/example_dags/example_short_circuit_operator.py
[2023-10-11T03:58:16.286+0000] {processor.py:829} INFO - Processing file /home/airflow/.local/lib/python3.8/site-packages/airflow/example_dags/example_short_circuit_operator.py for tasks to queue
[2023-10-11T03:58:16.288+0000] {logging_mixin.py:151} INFO - [2023-10-11T03:58:16.288+0000] {dagbag.py:539} INFO - Filling up the DagBag from /home/airflow/.local/lib/python3.8/site-packages/airflow/example_dags/example_short_circuit_operator.py
[2023-10-11T03:58:16.297+0000] {processor.py:839} INFO - DAG(s) dict_keys(['example_short_circuit_operator']) retrieved from /home/airflow/.local/lib/python3.8/site-packages/airflow/example_dags/example_short_circuit_operator.py
[2023-10-11T03:58:16.321+0000] {logging_mixin.py:151} INFO - [2023-10-11T03:58:16.321+0000] {dag.py:2915} INFO - Sync 1 DAGs
[2023-10-11T03:58:16.340+0000] {logging_mixin.py:151} INFO - [2023-10-11T03:58:16.340+0000] {dag.py:3696} INFO - Setting next_dagrun for example_short_circuit_operator to 2023-10-10T03:58:16.339833+00:00, run_after=2023-10-11T03:58:16.339833+00:00
[2023-10-11T03:58:16.362+0000] {processor.py:179} INFO - Processing /home/airflow/.local/lib/python3.8/site-packages/airflow/example_dags/example_short_circuit_operator.py took 0.080 seconds
[2023-10-11T03:58:46.700+0000] {processor.py:157} INFO - Started process (PID=2240) to work on /home/airflow/.local/lib/python3.8/site-packages/airflow/example_dags/example_short_circuit_operator.py
[2023-10-11T03:58:46.701+0000] {processor.py:829} INFO - Processing file /home/airflow/.local/lib/python3.8/site-packages/airflow/example_dags/example_short_circuit_operator.py for tasks to queue
[2023-10-11T03:58:46.704+0000] {logging_mixin.py:151} INFO - [2023-10-11T03:58:46.704+0000] {dagbag.py:539} INFO - Filling up the DagBag from /home/airflow/.local/lib/python3.8/site-packages/airflow/example_dags/example_short_circuit_operator.py
[2023-10-11T03:58:46.710+0000] {processor.py:839} INFO - DAG(s) dict_keys(['example_short_circuit_operator']) retrieved from /home/airflow/.local/lib/python3.8/site-packages/airflow/example_dags/example_short_circuit_operator.py
[2023-10-11T03:58:46.735+0000] {logging_mixin.py:151} INFO - [2023-10-11T03:58:46.735+0000] {dag.py:2915} INFO - Sync 1 DAGs
[2023-10-11T03:58:46.754+0000] {logging_mixin.py:151} INFO - [2023-10-11T03:58:46.754+0000] {dag.py:3696} INFO - Setting next_dagrun for example_short_circuit_operator to 2023-10-10T03:58:46.753883+00:00, run_after=2023-10-11T03:58:46.753883+00:00
[2023-10-11T03:58:46.776+0000] {processor.py:179} INFO - Processing /home/airflow/.local/lib/python3.8/site-packages/airflow/example_dags/example_short_circuit_operator.py took 0.079 seconds
[2023-10-11T03:59:17.136+0000] {processor.py:157} INFO - Started process (PID=2297) to work on /home/airflow/.local/lib/python3.8/site-packages/airflow/example_dags/example_short_circuit_operator.py
[2023-10-11T03:59:17.137+0000] {processor.py:829} INFO - Processing file /home/airflow/.local/lib/python3.8/site-packages/airflow/example_dags/example_short_circuit_operator.py for tasks to queue
[2023-10-11T03:59:17.140+0000] {logging_mixin.py:151} INFO - [2023-10-11T03:59:17.139+0000] {dagbag.py:539} INFO - Filling up the DagBag from /home/airflow/.local/lib/python3.8/site-packages/airflow/example_dags/example_short_circuit_operator.py
[2023-10-11T03:59:17.148+0000] {processor.py:839} INFO - DAG(s) dict_keys(['example_short_circuit_operator']) retrieved from /home/airflow/.local/lib/python3.8/site-packages/airflow/example_dags/example_short_circuit_operator.py
[2023-10-11T03:59:17.173+0000] {logging_mixin.py:151} INFO - [2023-10-11T03:59:17.173+0000] {dag.py:2915} INFO - Sync 1 DAGs
[2023-10-11T03:59:17.203+0000] {logging_mixin.py:151} INFO - [2023-10-11T03:59:17.203+0000] {dag.py:3696} INFO - Setting next_dagrun for example_short_circuit_operator to 2023-10-10T03:59:17.202951+00:00, run_after=2023-10-11T03:59:17.202951+00:00
[2023-10-11T03:59:17.223+0000] {processor.py:179} INFO - Processing /home/airflow/.local/lib/python3.8/site-packages/airflow/example_dags/example_short_circuit_operator.py took 0.090 seconds
[2023-10-11T03:59:47.568+0000] {processor.py:157} INFO - Started process (PID=2354) to work on /home/airflow/.local/lib/python3.8/site-packages/airflow/example_dags/example_short_circuit_operator.py
[2023-10-11T03:59:47.570+0000] {processor.py:829} INFO - Processing file /home/airflow/.local/lib/python3.8/site-packages/airflow/example_dags/example_short_circuit_operator.py for tasks to queue
[2023-10-11T03:59:47.572+0000] {logging_mixin.py:151} INFO - [2023-10-11T03:59:47.572+0000] {dagbag.py:539} INFO - Filling up the DagBag from /home/airflow/.local/lib/python3.8/site-packages/airflow/example_dags/example_short_circuit_operator.py
[2023-10-11T03:59:47.581+0000] {processor.py:839} INFO - DAG(s) dict_keys(['example_short_circuit_operator']) retrieved from /home/airflow/.local/lib/python3.8/site-packages/airflow/example_dags/example_short_circuit_operator.py
[2023-10-11T03:59:47.605+0000] {logging_mixin.py:151} INFO - [2023-10-11T03:59:47.605+0000] {dag.py:2915} INFO - Sync 1 DAGs
[2023-10-11T03:59:47.628+0000] {logging_mixin.py:151} INFO - [2023-10-11T03:59:47.628+0000] {dag.py:3696} INFO - Setting next_dagrun for example_short_circuit_operator to 2023-10-10T03:59:47.627902+00:00, run_after=2023-10-11T03:59:47.627902+00:00
[2023-10-11T03:59:47.650+0000] {processor.py:179} INFO - Processing /home/airflow/.local/lib/python3.8/site-packages/airflow/example_dags/example_short_circuit_operator.py took 0.085 seconds
[2023-10-11T04:00:17.977+0000] {processor.py:157} INFO - Started process (PID=2411) to work on /home/airflow/.local/lib/python3.8/site-packages/airflow/example_dags/example_short_circuit_operator.py
[2023-10-11T04:00:17.978+0000] {processor.py:829} INFO - Processing file /home/airflow/.local/lib/python3.8/site-packages/airflow/example_dags/example_short_circuit_operator.py for tasks to queue
[2023-10-11T04:00:17.981+0000] {logging_mixin.py:151} INFO - [2023-10-11T04:00:17.981+0000] {dagbag.py:539} INFO - Filling up the DagBag from /home/airflow/.local/lib/python3.8/site-packages/airflow/example_dags/example_short_circuit_operator.py
[2023-10-11T04:00:17.988+0000] {processor.py:839} INFO - DAG(s) dict_keys(['example_short_circuit_operator']) retrieved from /home/airflow/.local/lib/python3.8/site-packages/airflow/example_dags/example_short_circuit_operator.py
[2023-10-11T04:00:18.014+0000] {logging_mixin.py:151} INFO - [2023-10-11T04:00:18.014+0000] {dag.py:2915} INFO - Sync 1 DAGs
[2023-10-11T04:00:18.032+0000] {logging_mixin.py:151} INFO - [2023-10-11T04:00:18.032+0000] {dag.py:3696} INFO - Setting next_dagrun for example_short_circuit_operator to 2023-10-10T04:00:18.031879+00:00, run_after=2023-10-11T04:00:18.031879+00:00
[2023-10-11T04:00:18.053+0000] {processor.py:179} INFO - Processing /home/airflow/.local/lib/python3.8/site-packages/airflow/example_dags/example_short_circuit_operator.py took 0.080 seconds
[2023-10-11T04:00:48.337+0000] {processor.py:157} INFO - Started process (PID=2468) to work on /home/airflow/.local/lib/python3.8/site-packages/airflow/example_dags/example_short_circuit_operator.py
[2023-10-11T04:00:48.338+0000] {processor.py:829} INFO - Processing file /home/airflow/.local/lib/python3.8/site-packages/airflow/example_dags/example_short_circuit_operator.py for tasks to queue
[2023-10-11T04:00:48.341+0000] {logging_mixin.py:151} INFO - [2023-10-11T04:00:48.341+0000] {dagbag.py:539} INFO - Filling up the DagBag from /home/airflow/.local/lib/python3.8/site-packages/airflow/example_dags/example_short_circuit_operator.py
[2023-10-11T04:00:48.351+0000] {processor.py:839} INFO - DAG(s) dict_keys(['example_short_circuit_operator']) retrieved from /home/airflow/.local/lib/python3.8/site-packages/airflow/example_dags/example_short_circuit_operator.py
[2023-10-11T04:00:48.388+0000] {logging_mixin.py:151} INFO - [2023-10-11T04:00:48.387+0000] {dag.py:2915} INFO - Sync 1 DAGs
[2023-10-11T04:00:48.408+0000] {logging_mixin.py:151} INFO - [2023-10-11T04:00:48.408+0000] {dag.py:3696} INFO - Setting next_dagrun for example_short_circuit_operator to 2023-10-10T04:00:48.408375+00:00, run_after=2023-10-11T04:00:48.408375+00:00
[2023-10-11T04:00:48.431+0000] {processor.py:179} INFO - Processing /home/airflow/.local/lib/python3.8/site-packages/airflow/example_dags/example_short_circuit_operator.py took 0.098 seconds
[2023-10-11T04:01:18.886+0000] {processor.py:157} INFO - Started process (PID=2525) to work on /home/airflow/.local/lib/python3.8/site-packages/airflow/example_dags/example_short_circuit_operator.py
[2023-10-11T04:01:18.888+0000] {processor.py:829} INFO - Processing file /home/airflow/.local/lib/python3.8/site-packages/airflow/example_dags/example_short_circuit_operator.py for tasks to queue
[2023-10-11T04:01:18.893+0000] {logging_mixin.py:151} INFO - [2023-10-11T04:01:18.892+0000] {dagbag.py:539} INFO - Filling up the DagBag from /home/airflow/.local/lib/python3.8/site-packages/airflow/example_dags/example_short_circuit_operator.py
[2023-10-11T04:01:18.900+0000] {processor.py:839} INFO - DAG(s) dict_keys(['example_short_circuit_operator']) retrieved from /home/airflow/.local/lib/python3.8/site-packages/airflow/example_dags/example_short_circuit_operator.py
[2023-10-11T04:01:18.922+0000] {logging_mixin.py:151} INFO - [2023-10-11T04:01:18.922+0000] {dag.py:2915} INFO - Sync 1 DAGs
[2023-10-11T04:01:18.941+0000] {logging_mixin.py:151} INFO - [2023-10-11T04:01:18.940+0000] {dag.py:3696} INFO - Setting next_dagrun for example_short_circuit_operator to 2023-10-10T04:01:18.940699+00:00, run_after=2023-10-11T04:01:18.940699+00:00
[2023-10-11T04:01:18.960+0000] {processor.py:179} INFO - Processing /home/airflow/.local/lib/python3.8/site-packages/airflow/example_dags/example_short_circuit_operator.py took 0.077 seconds
[2023-10-11T04:01:49.058+0000] {processor.py:157} INFO - Started process (PID=2582) to work on /home/airflow/.local/lib/python3.8/site-packages/airflow/example_dags/example_short_circuit_operator.py
[2023-10-11T04:01:49.060+0000] {processor.py:829} INFO - Processing file /home/airflow/.local/lib/python3.8/site-packages/airflow/example_dags/example_short_circuit_operator.py for tasks to queue
[2023-10-11T04:01:49.063+0000] {logging_mixin.py:151} INFO - [2023-10-11T04:01:49.062+0000] {dagbag.py:539} INFO - Filling up the DagBag from /home/airflow/.local/lib/python3.8/site-packages/airflow/example_dags/example_short_circuit_operator.py
[2023-10-11T04:01:49.069+0000] {processor.py:839} INFO - DAG(s) dict_keys(['example_short_circuit_operator']) retrieved from /home/airflow/.local/lib/python3.8/site-packages/airflow/example_dags/example_short_circuit_operator.py
[2023-10-11T04:01:49.093+0000] {logging_mixin.py:151} INFO - [2023-10-11T04:01:49.093+0000] {dag.py:2915} INFO - Sync 1 DAGs
[2023-10-11T04:01:49.111+0000] {logging_mixin.py:151} INFO - [2023-10-11T04:01:49.111+0000] {dag.py:3696} INFO - Setting next_dagrun for example_short_circuit_operator to 2023-10-10T04:01:49.111648+00:00, run_after=2023-10-11T04:01:49.111648+00:00
[2023-10-11T04:01:49.132+0000] {processor.py:179} INFO - Processing /home/airflow/.local/lib/python3.8/site-packages/airflow/example_dags/example_short_circuit_operator.py took 0.076 seconds
[2023-10-11T04:02:19.701+0000] {processor.py:157} INFO - Started process (PID=2639) to work on /home/airflow/.local/lib/python3.8/site-packages/airflow/example_dags/example_short_circuit_operator.py
[2023-10-11T04:02:19.702+0000] {processor.py:829} INFO - Processing file /home/airflow/.local/lib/python3.8/site-packages/airflow/example_dags/example_short_circuit_operator.py for tasks to queue
[2023-10-11T04:02:19.704+0000] {logging_mixin.py:151} INFO - [2023-10-11T04:02:19.704+0000] {dagbag.py:539} INFO - Filling up the DagBag from /home/airflow/.local/lib/python3.8/site-packages/airflow/example_dags/example_short_circuit_operator.py
[2023-10-11T04:02:19.714+0000] {processor.py:839} INFO - DAG(s) dict_keys(['example_short_circuit_operator']) retrieved from /home/airflow/.local/lib/python3.8/site-packages/airflow/example_dags/example_short_circuit_operator.py
[2023-10-11T04:02:19.740+0000] {logging_mixin.py:151} INFO - [2023-10-11T04:02:19.740+0000] {dag.py:2915} INFO - Sync 1 DAGs
[2023-10-11T04:02:19.764+0000] {logging_mixin.py:151} INFO - [2023-10-11T04:02:19.763+0000] {dag.py:3696} INFO - Setting next_dagrun for example_short_circuit_operator to 2023-10-10T04:02:19.763648+00:00, run_after=2023-10-11T04:02:19.763648+00:00
[2023-10-11T04:02:19.787+0000] {processor.py:179} INFO - Processing /home/airflow/.local/lib/python3.8/site-packages/airflow/example_dags/example_short_circuit_operator.py took 0.089 seconds
[2023-10-11T04:02:50.772+0000] {processor.py:157} INFO - Started process (PID=2696) to work on /home/airflow/.local/lib/python3.8/site-packages/airflow/example_dags/example_short_circuit_operator.py
[2023-10-11T04:02:50.774+0000] {processor.py:829} INFO - Processing file /home/airflow/.local/lib/python3.8/site-packages/airflow/example_dags/example_short_circuit_operator.py for tasks to queue
[2023-10-11T04:02:50.777+0000] {logging_mixin.py:151} INFO - [2023-10-11T04:02:50.777+0000] {dagbag.py:539} INFO - Filling up the DagBag from /home/airflow/.local/lib/python3.8/site-packages/airflow/example_dags/example_short_circuit_operator.py
[2023-10-11T04:02:50.784+0000] {processor.py:839} INFO - DAG(s) dict_keys(['example_short_circuit_operator']) retrieved from /home/airflow/.local/lib/python3.8/site-packages/airflow/example_dags/example_short_circuit_operator.py
[2023-10-11T04:02:50.807+0000] {logging_mixin.py:151} INFO - [2023-10-11T04:02:50.807+0000] {dag.py:2915} INFO - Sync 1 DAGs
[2023-10-11T04:02:50.825+0000] {logging_mixin.py:151} INFO - [2023-10-11T04:02:50.825+0000] {dag.py:3696} INFO - Setting next_dagrun for example_short_circuit_operator to 2023-10-10T04:02:50.824899+00:00, run_after=2023-10-11T04:02:50.824899+00:00
[2023-10-11T04:02:50.845+0000] {processor.py:179} INFO - Processing /home/airflow/.local/lib/python3.8/site-packages/airflow/example_dags/example_short_circuit_operator.py took 0.077 seconds
[2023-10-11T04:03:21.784+0000] {processor.py:157} INFO - Started process (PID=2753) to work on /home/airflow/.local/lib/python3.8/site-packages/airflow/example_dags/example_short_circuit_operator.py
[2023-10-11T04:03:21.787+0000] {processor.py:829} INFO - Processing file /home/airflow/.local/lib/python3.8/site-packages/airflow/example_dags/example_short_circuit_operator.py for tasks to queue
[2023-10-11T04:03:21.792+0000] {logging_mixin.py:151} INFO - [2023-10-11T04:03:21.792+0000] {dagbag.py:539} INFO - Filling up the DagBag from /home/airflow/.local/lib/python3.8/site-packages/airflow/example_dags/example_short_circuit_operator.py
[2023-10-11T04:03:21.806+0000] {processor.py:839} INFO - DAG(s) dict_keys(['example_short_circuit_operator']) retrieved from /home/airflow/.local/lib/python3.8/site-packages/airflow/example_dags/example_short_circuit_operator.py
[2023-10-11T04:03:21.851+0000] {logging_mixin.py:151} INFO - [2023-10-11T04:03:21.851+0000] {dag.py:2915} INFO - Sync 1 DAGs
[2023-10-11T04:03:21.894+0000] {logging_mixin.py:151} INFO - [2023-10-11T04:03:21.894+0000] {dag.py:3696} INFO - Setting next_dagrun for example_short_circuit_operator to 2023-10-10T04:03:21.894056+00:00, run_after=2023-10-11T04:03:21.894056+00:00
[2023-10-11T04:03:21.932+0000] {processor.py:179} INFO - Processing /home/airflow/.local/lib/python3.8/site-packages/airflow/example_dags/example_short_circuit_operator.py took 0.155 seconds
[2023-10-11T04:03:52.578+0000] {processor.py:157} INFO - Started process (PID=2812) to work on /home/airflow/.local/lib/python3.8/site-packages/airflow/example_dags/example_short_circuit_operator.py
[2023-10-11T04:03:52.581+0000] {processor.py:829} INFO - Processing file /home/airflow/.local/lib/python3.8/site-packages/airflow/example_dags/example_short_circuit_operator.py for tasks to queue
[2023-10-11T04:03:52.584+0000] {logging_mixin.py:151} INFO - [2023-10-11T04:03:52.584+0000] {dagbag.py:539} INFO - Filling up the DagBag from /home/airflow/.local/lib/python3.8/site-packages/airflow/example_dags/example_short_circuit_operator.py
[2023-10-11T04:03:52.592+0000] {processor.py:839} INFO - DAG(s) dict_keys(['example_short_circuit_operator']) retrieved from /home/airflow/.local/lib/python3.8/site-packages/airflow/example_dags/example_short_circuit_operator.py
[2023-10-11T04:03:52.618+0000] {logging_mixin.py:151} INFO - [2023-10-11T04:03:52.618+0000] {dag.py:2915} INFO - Sync 1 DAGs
[2023-10-11T04:03:52.638+0000] {logging_mixin.py:151} INFO - [2023-10-11T04:03:52.638+0000] {dag.py:3696} INFO - Setting next_dagrun for example_short_circuit_operator to 2023-10-10T04:03:52.638534+00:00, run_after=2023-10-11T04:03:52.638534+00:00
[2023-10-11T04:03:52.662+0000] {processor.py:179} INFO - Processing /home/airflow/.local/lib/python3.8/site-packages/airflow/example_dags/example_short_circuit_operator.py took 0.086 seconds
[2023-10-11T04:04:22.778+0000] {processor.py:157} INFO - Started process (PID=2878) to work on /home/airflow/.local/lib/python3.8/site-packages/airflow/example_dags/example_short_circuit_operator.py
[2023-10-11T04:04:22.780+0000] {processor.py:829} INFO - Processing file /home/airflow/.local/lib/python3.8/site-packages/airflow/example_dags/example_short_circuit_operator.py for tasks to queue
[2023-10-11T04:04:22.782+0000] {logging_mixin.py:151} INFO - [2023-10-11T04:04:22.782+0000] {dagbag.py:539} INFO - Filling up the DagBag from /home/airflow/.local/lib/python3.8/site-packages/airflow/example_dags/example_short_circuit_operator.py
[2023-10-11T04:04:22.789+0000] {processor.py:839} INFO - DAG(s) dict_keys(['example_short_circuit_operator']) retrieved from /home/airflow/.local/lib/python3.8/site-packages/airflow/example_dags/example_short_circuit_operator.py
[2023-10-11T04:04:22.812+0000] {logging_mixin.py:151} INFO - [2023-10-11T04:04:22.812+0000] {dag.py:2915} INFO - Sync 1 DAGs
[2023-10-11T04:04:22.829+0000] {logging_mixin.py:151} INFO - [2023-10-11T04:04:22.829+0000] {dag.py:3696} INFO - Setting next_dagrun for example_short_circuit_operator to 2023-10-10T04:04:22.829182+00:00, run_after=2023-10-11T04:04:22.829182+00:00
[2023-10-11T04:04:22.850+0000] {processor.py:179} INFO - Processing /home/airflow/.local/lib/python3.8/site-packages/airflow/example_dags/example_short_circuit_operator.py took 0.075 seconds
