[2023-10-11T03:39:28.193+0000] {processor.py:157} INFO - Started process (PID=65) to work on /home/airflow/.local/lib/python3.8/site-packages/airflow/example_dags/example_task_group_decorator.py
[2023-10-11T03:39:28.196+0000] {processor.py:829} INFO - Processing file /home/airflow/.local/lib/python3.8/site-packages/airflow/example_dags/example_task_group_decorator.py for tasks to queue
[2023-10-11T03:39:28.199+0000] {logging_mixin.py:151} INFO - [2023-10-11T03:39:28.199+0000] {dagbag.py:539} INFO - Filling up the DagBag from /home/airflow/.local/lib/python3.8/site-packages/airflow/example_dags/example_task_group_decorator.py
[2023-10-11T03:39:28.217+0000] {processor.py:839} INFO - DAG(s) dict_keys(['example_task_group_decorator']) retrieved from /home/airflow/.local/lib/python3.8/site-packages/airflow/example_dags/example_task_group_decorator.py
[2023-10-11T03:39:28.259+0000] {logging_mixin.py:151} INFO - [2023-10-11T03:39:28.259+0000] {dag.py:2915} INFO - Sync 1 DAGs
[2023-10-11T03:39:28.299+0000] {logging_mixin.py:151} INFO - [2023-10-11T03:39:28.299+0000] {dag.py:3696} INFO - Setting next_dagrun for example_task_group_decorator to 2023-10-10T03:39:28.298699+00:00, run_after=2023-10-11T03:39:28.298699+00:00
[2023-10-11T03:39:28.336+0000] {processor.py:179} INFO - Processing /home/airflow/.local/lib/python3.8/site-packages/airflow/example_dags/example_task_group_decorator.py took 0.149 seconds
[2023-10-11T03:39:59.040+0000] {processor.py:157} INFO - Started process (PID=122) to work on /home/airflow/.local/lib/python3.8/site-packages/airflow/example_dags/example_task_group_decorator.py
[2023-10-11T03:39:59.042+0000] {processor.py:829} INFO - Processing file /home/airflow/.local/lib/python3.8/site-packages/airflow/example_dags/example_task_group_decorator.py for tasks to queue
[2023-10-11T03:39:59.045+0000] {logging_mixin.py:151} INFO - [2023-10-11T03:39:59.044+0000] {dagbag.py:539} INFO - Filling up the DagBag from /home/airflow/.local/lib/python3.8/site-packages/airflow/example_dags/example_task_group_decorator.py
[2023-10-11T03:39:59.057+0000] {processor.py:839} INFO - DAG(s) dict_keys(['example_task_group_decorator']) retrieved from /home/airflow/.local/lib/python3.8/site-packages/airflow/example_dags/example_task_group_decorator.py
[2023-10-11T03:39:59.082+0000] {logging_mixin.py:151} INFO - [2023-10-11T03:39:59.082+0000] {dag.py:2915} INFO - Sync 1 DAGs
[2023-10-11T03:39:59.103+0000] {logging_mixin.py:151} INFO - [2023-10-11T03:39:59.102+0000] {dag.py:3696} INFO - Setting next_dagrun for example_task_group_decorator to 2023-10-10T03:39:59.102701+00:00, run_after=2023-10-11T03:39:59.102701+00:00
[2023-10-11T03:39:59.121+0000] {processor.py:179} INFO - Processing /home/airflow/.local/lib/python3.8/site-packages/airflow/example_dags/example_task_group_decorator.py took 0.084 seconds
[2023-10-11T03:40:29.541+0000] {processor.py:157} INFO - Started process (PID=179) to work on /home/airflow/.local/lib/python3.8/site-packages/airflow/example_dags/example_task_group_decorator.py
[2023-10-11T03:40:29.543+0000] {processor.py:829} INFO - Processing file /home/airflow/.local/lib/python3.8/site-packages/airflow/example_dags/example_task_group_decorator.py for tasks to queue
[2023-10-11T03:40:29.545+0000] {logging_mixin.py:151} INFO - [2023-10-11T03:40:29.545+0000] {dagbag.py:539} INFO - Filling up the DagBag from /home/airflow/.local/lib/python3.8/site-packages/airflow/example_dags/example_task_group_decorator.py
[2023-10-11T03:40:29.557+0000] {processor.py:839} INFO - DAG(s) dict_keys(['example_task_group_decorator']) retrieved from /home/airflow/.local/lib/python3.8/site-packages/airflow/example_dags/example_task_group_decorator.py
[2023-10-11T03:40:29.582+0000] {logging_mixin.py:151} INFO - [2023-10-11T03:40:29.582+0000] {dag.py:2915} INFO - Sync 1 DAGs
[2023-10-11T03:40:29.600+0000] {logging_mixin.py:151} INFO - [2023-10-11T03:40:29.600+0000] {dag.py:3696} INFO - Setting next_dagrun for example_task_group_decorator to 2023-10-10T03:40:29.600475+00:00, run_after=2023-10-11T03:40:29.600475+00:00
[2023-10-11T03:40:29.620+0000] {processor.py:179} INFO - Processing /home/airflow/.local/lib/python3.8/site-packages/airflow/example_dags/example_task_group_decorator.py took 0.082 seconds
[2023-10-11T03:41:00.280+0000] {processor.py:157} INFO - Started process (PID=236) to work on /home/airflow/.local/lib/python3.8/site-packages/airflow/example_dags/example_task_group_decorator.py
[2023-10-11T03:41:00.283+0000] {processor.py:829} INFO - Processing file /home/airflow/.local/lib/python3.8/site-packages/airflow/example_dags/example_task_group_decorator.py for tasks to queue
[2023-10-11T03:41:00.287+0000] {logging_mixin.py:151} INFO - [2023-10-11T03:41:00.287+0000] {dagbag.py:539} INFO - Filling up the DagBag from /home/airflow/.local/lib/python3.8/site-packages/airflow/example_dags/example_task_group_decorator.py
[2023-10-11T03:41:00.303+0000] {processor.py:839} INFO - DAG(s) dict_keys(['example_task_group_decorator']) retrieved from /home/airflow/.local/lib/python3.8/site-packages/airflow/example_dags/example_task_group_decorator.py
[2023-10-11T03:41:00.336+0000] {logging_mixin.py:151} INFO - [2023-10-11T03:41:00.336+0000] {dag.py:2915} INFO - Sync 1 DAGs
[2023-10-11T03:41:00.374+0000] {logging_mixin.py:151} INFO - [2023-10-11T03:41:00.373+0000] {dag.py:3696} INFO - Setting next_dagrun for example_task_group_decorator to 2023-10-10T03:41:00.373219+00:00, run_after=2023-10-11T03:41:00.373219+00:00
[2023-10-11T03:41:00.409+0000] {processor.py:179} INFO - Processing /home/airflow/.local/lib/python3.8/site-packages/airflow/example_dags/example_task_group_decorator.py took 0.134 seconds
[2023-10-11T03:41:30.742+0000] {processor.py:157} INFO - Started process (PID=293) to work on /home/airflow/.local/lib/python3.8/site-packages/airflow/example_dags/example_task_group_decorator.py
[2023-10-11T03:41:30.744+0000] {processor.py:829} INFO - Processing file /home/airflow/.local/lib/python3.8/site-packages/airflow/example_dags/example_task_group_decorator.py for tasks to queue
[2023-10-11T03:41:30.750+0000] {logging_mixin.py:151} INFO - [2023-10-11T03:41:30.749+0000] {dagbag.py:539} INFO - Filling up the DagBag from /home/airflow/.local/lib/python3.8/site-packages/airflow/example_dags/example_task_group_decorator.py
[2023-10-11T03:41:30.773+0000] {processor.py:839} INFO - DAG(s) dict_keys(['example_task_group_decorator']) retrieved from /home/airflow/.local/lib/python3.8/site-packages/airflow/example_dags/example_task_group_decorator.py
[2023-10-11T03:41:30.821+0000] {logging_mixin.py:151} INFO - [2023-10-11T03:41:30.820+0000] {dag.py:2915} INFO - Sync 1 DAGs
[2023-10-11T03:41:30.853+0000] {logging_mixin.py:151} INFO - [2023-10-11T03:41:30.853+0000] {dag.py:3696} INFO - Setting next_dagrun for example_task_group_decorator to 2023-10-10T03:41:30.852813+00:00, run_after=2023-10-11T03:41:30.852813+00:00
[2023-10-11T03:41:30.881+0000] {processor.py:179} INFO - Processing /home/airflow/.local/lib/python3.8/site-packages/airflow/example_dags/example_task_group_decorator.py took 0.145 seconds
[2023-10-11T03:42:01.072+0000] {processor.py:157} INFO - Started process (PID=350) to work on /home/airflow/.local/lib/python3.8/site-packages/airflow/example_dags/example_task_group_decorator.py
[2023-10-11T03:42:01.075+0000] {processor.py:829} INFO - Processing file /home/airflow/.local/lib/python3.8/site-packages/airflow/example_dags/example_task_group_decorator.py for tasks to queue
[2023-10-11T03:42:01.080+0000] {logging_mixin.py:151} INFO - [2023-10-11T03:42:01.079+0000] {dagbag.py:539} INFO - Filling up the DagBag from /home/airflow/.local/lib/python3.8/site-packages/airflow/example_dags/example_task_group_decorator.py
[2023-10-11T03:42:01.102+0000] {processor.py:839} INFO - DAG(s) dict_keys(['example_task_group_decorator']) retrieved from /home/airflow/.local/lib/python3.8/site-packages/airflow/example_dags/example_task_group_decorator.py
[2023-10-11T03:42:01.154+0000] {logging_mixin.py:151} INFO - [2023-10-11T03:42:01.153+0000] {dag.py:2915} INFO - Sync 1 DAGs
[2023-10-11T03:42:01.185+0000] {logging_mixin.py:151} INFO - [2023-10-11T03:42:01.185+0000] {dag.py:3696} INFO - Setting next_dagrun for example_task_group_decorator to 2023-10-10T03:42:01.185059+00:00, run_after=2023-10-11T03:42:01.185059+00:00
[2023-10-11T03:42:01.220+0000] {processor.py:179} INFO - Processing /home/airflow/.local/lib/python3.8/site-packages/airflow/example_dags/example_task_group_decorator.py took 0.155 seconds
[2023-10-11T03:42:31.524+0000] {processor.py:157} INFO - Started process (PID=407) to work on /home/airflow/.local/lib/python3.8/site-packages/airflow/example_dags/example_task_group_decorator.py
[2023-10-11T03:42:31.526+0000] {processor.py:829} INFO - Processing file /home/airflow/.local/lib/python3.8/site-packages/airflow/example_dags/example_task_group_decorator.py for tasks to queue
[2023-10-11T03:42:31.529+0000] {logging_mixin.py:151} INFO - [2023-10-11T03:42:31.529+0000] {dagbag.py:539} INFO - Filling up the DagBag from /home/airflow/.local/lib/python3.8/site-packages/airflow/example_dags/example_task_group_decorator.py
[2023-10-11T03:42:31.544+0000] {processor.py:839} INFO - DAG(s) dict_keys(['example_task_group_decorator']) retrieved from /home/airflow/.local/lib/python3.8/site-packages/airflow/example_dags/example_task_group_decorator.py
[2023-10-11T03:42:31.579+0000] {logging_mixin.py:151} INFO - [2023-10-11T03:42:31.578+0000] {dag.py:2915} INFO - Sync 1 DAGs
[2023-10-11T03:42:31.616+0000] {logging_mixin.py:151} INFO - [2023-10-11T03:42:31.615+0000] {dag.py:3696} INFO - Setting next_dagrun for example_task_group_decorator to 2023-10-10T03:42:31.615308+00:00, run_after=2023-10-11T03:42:31.615308+00:00
[2023-10-11T03:42:31.659+0000] {processor.py:179} INFO - Processing /home/airflow/.local/lib/python3.8/site-packages/airflow/example_dags/example_task_group_decorator.py took 0.138 seconds
[2023-10-11T03:43:02.331+0000] {processor.py:157} INFO - Started process (PID=463) to work on /home/airflow/.local/lib/python3.8/site-packages/airflow/example_dags/example_task_group_decorator.py
[2023-10-11T03:43:02.333+0000] {processor.py:829} INFO - Processing file /home/airflow/.local/lib/python3.8/site-packages/airflow/example_dags/example_task_group_decorator.py for tasks to queue
[2023-10-11T03:43:02.337+0000] {logging_mixin.py:151} INFO - [2023-10-11T03:43:02.336+0000] {dagbag.py:539} INFO - Filling up the DagBag from /home/airflow/.local/lib/python3.8/site-packages/airflow/example_dags/example_task_group_decorator.py
[2023-10-11T03:43:02.356+0000] {processor.py:839} INFO - DAG(s) dict_keys(['example_task_group_decorator']) retrieved from /home/airflow/.local/lib/python3.8/site-packages/airflow/example_dags/example_task_group_decorator.py
[2023-10-11T03:43:02.390+0000] {logging_mixin.py:151} INFO - [2023-10-11T03:43:02.390+0000] {dag.py:2915} INFO - Sync 1 DAGs
[2023-10-11T03:43:02.414+0000] {logging_mixin.py:151} INFO - [2023-10-11T03:43:02.414+0000] {dag.py:3696} INFO - Setting next_dagrun for example_task_group_decorator to 2023-10-10T03:43:02.414157+00:00, run_after=2023-10-11T03:43:02.414157+00:00
[2023-10-11T03:43:02.441+0000] {processor.py:179} INFO - Processing /home/airflow/.local/lib/python3.8/site-packages/airflow/example_dags/example_task_group_decorator.py took 0.114 seconds
[2023-10-11T03:43:32.511+0000] {processor.py:157} INFO - Started process (PID=520) to work on /home/airflow/.local/lib/python3.8/site-packages/airflow/example_dags/example_task_group_decorator.py
[2023-10-11T03:43:32.512+0000] {processor.py:829} INFO - Processing file /home/airflow/.local/lib/python3.8/site-packages/airflow/example_dags/example_task_group_decorator.py for tasks to queue
[2023-10-11T03:43:32.516+0000] {logging_mixin.py:151} INFO - [2023-10-11T03:43:32.515+0000] {dagbag.py:539} INFO - Filling up the DagBag from /home/airflow/.local/lib/python3.8/site-packages/airflow/example_dags/example_task_group_decorator.py
[2023-10-11T03:43:32.536+0000] {processor.py:839} INFO - DAG(s) dict_keys(['example_task_group_decorator']) retrieved from /home/airflow/.local/lib/python3.8/site-packages/airflow/example_dags/example_task_group_decorator.py
[2023-10-11T03:43:32.568+0000] {logging_mixin.py:151} INFO - [2023-10-11T03:43:32.568+0000] {dag.py:2915} INFO - Sync 1 DAGs
[2023-10-11T03:43:32.596+0000] {logging_mixin.py:151} INFO - [2023-10-11T03:43:32.595+0000] {dag.py:3696} INFO - Setting next_dagrun for example_task_group_decorator to 2023-10-10T03:43:32.595637+00:00, run_after=2023-10-11T03:43:32.595637+00:00
[2023-10-11T03:43:32.636+0000] {processor.py:179} INFO - Processing /home/airflow/.local/lib/python3.8/site-packages/airflow/example_dags/example_task_group_decorator.py took 0.129 seconds
[2023-10-11T03:44:02.850+0000] {processor.py:157} INFO - Started process (PID=577) to work on /home/airflow/.local/lib/python3.8/site-packages/airflow/example_dags/example_task_group_decorator.py
[2023-10-11T03:44:02.852+0000] {processor.py:829} INFO - Processing file /home/airflow/.local/lib/python3.8/site-packages/airflow/example_dags/example_task_group_decorator.py for tasks to queue
[2023-10-11T03:44:02.856+0000] {logging_mixin.py:151} INFO - [2023-10-11T03:44:02.856+0000] {dagbag.py:539} INFO - Filling up the DagBag from /home/airflow/.local/lib/python3.8/site-packages/airflow/example_dags/example_task_group_decorator.py
[2023-10-11T03:44:02.877+0000] {processor.py:839} INFO - DAG(s) dict_keys(['example_task_group_decorator']) retrieved from /home/airflow/.local/lib/python3.8/site-packages/airflow/example_dags/example_task_group_decorator.py
[2023-10-11T03:44:02.918+0000] {logging_mixin.py:151} INFO - [2023-10-11T03:44:02.918+0000] {dag.py:2915} INFO - Sync 1 DAGs
[2023-10-11T03:44:02.954+0000] {logging_mixin.py:151} INFO - [2023-10-11T03:44:02.954+0000] {dag.py:3696} INFO - Setting next_dagrun for example_task_group_decorator to 2023-10-10T03:44:02.953893+00:00, run_after=2023-10-11T03:44:02.953893+00:00
[2023-10-11T03:44:02.991+0000] {processor.py:179} INFO - Processing /home/airflow/.local/lib/python3.8/site-packages/airflow/example_dags/example_task_group_decorator.py took 0.146 seconds
[2023-10-11T03:44:33.342+0000] {processor.py:157} INFO - Started process (PID=634) to work on /home/airflow/.local/lib/python3.8/site-packages/airflow/example_dags/example_task_group_decorator.py
[2023-10-11T03:44:33.343+0000] {processor.py:829} INFO - Processing file /home/airflow/.local/lib/python3.8/site-packages/airflow/example_dags/example_task_group_decorator.py for tasks to queue
[2023-10-11T03:44:33.346+0000] {logging_mixin.py:151} INFO - [2023-10-11T03:44:33.346+0000] {dagbag.py:539} INFO - Filling up the DagBag from /home/airflow/.local/lib/python3.8/site-packages/airflow/example_dags/example_task_group_decorator.py
[2023-10-11T03:44:33.359+0000] {processor.py:839} INFO - DAG(s) dict_keys(['example_task_group_decorator']) retrieved from /home/airflow/.local/lib/python3.8/site-packages/airflow/example_dags/example_task_group_decorator.py
[2023-10-11T03:44:33.391+0000] {logging_mixin.py:151} INFO - [2023-10-11T03:44:33.390+0000] {dag.py:2915} INFO - Sync 1 DAGs
[2023-10-11T03:44:33.412+0000] {logging_mixin.py:151} INFO - [2023-10-11T03:44:33.412+0000] {dag.py:3696} INFO - Setting next_dagrun for example_task_group_decorator to 2023-10-10T03:44:33.412151+00:00, run_after=2023-10-11T03:44:33.412151+00:00
[2023-10-11T03:44:33.434+0000] {processor.py:179} INFO - Processing /home/airflow/.local/lib/python3.8/site-packages/airflow/example_dags/example_task_group_decorator.py took 0.096 seconds
[2023-10-11T03:45:03.887+0000] {processor.py:157} INFO - Started process (PID=691) to work on /home/airflow/.local/lib/python3.8/site-packages/airflow/example_dags/example_task_group_decorator.py
[2023-10-11T03:45:03.889+0000] {processor.py:829} INFO - Processing file /home/airflow/.local/lib/python3.8/site-packages/airflow/example_dags/example_task_group_decorator.py for tasks to queue
[2023-10-11T03:45:03.893+0000] {logging_mixin.py:151} INFO - [2023-10-11T03:45:03.893+0000] {dagbag.py:539} INFO - Filling up the DagBag from /home/airflow/.local/lib/python3.8/site-packages/airflow/example_dags/example_task_group_decorator.py
[2023-10-11T03:45:03.906+0000] {processor.py:839} INFO - DAG(s) dict_keys(['example_task_group_decorator']) retrieved from /home/airflow/.local/lib/python3.8/site-packages/airflow/example_dags/example_task_group_decorator.py
[2023-10-11T03:45:03.935+0000] {logging_mixin.py:151} INFO - [2023-10-11T03:45:03.934+0000] {dag.py:2915} INFO - Sync 1 DAGs
[2023-10-11T03:45:03.958+0000] {logging_mixin.py:151} INFO - [2023-10-11T03:45:03.957+0000] {dag.py:3696} INFO - Setting next_dagrun for example_task_group_decorator to 2023-10-10T03:45:03.957530+00:00, run_after=2023-10-11T03:45:03.957530+00:00
[2023-10-11T03:45:03.980+0000] {processor.py:179} INFO - Processing /home/airflow/.local/lib/python3.8/site-packages/airflow/example_dags/example_task_group_decorator.py took 0.096 seconds
[2023-10-11T03:45:34.181+0000] {processor.py:157} INFO - Started process (PID=748) to work on /home/airflow/.local/lib/python3.8/site-packages/airflow/example_dags/example_task_group_decorator.py
[2023-10-11T03:45:34.182+0000] {processor.py:829} INFO - Processing file /home/airflow/.local/lib/python3.8/site-packages/airflow/example_dags/example_task_group_decorator.py for tasks to queue
[2023-10-11T03:45:34.184+0000] {logging_mixin.py:151} INFO - [2023-10-11T03:45:34.184+0000] {dagbag.py:539} INFO - Filling up the DagBag from /home/airflow/.local/lib/python3.8/site-packages/airflow/example_dags/example_task_group_decorator.py
[2023-10-11T03:45:34.196+0000] {processor.py:839} INFO - DAG(s) dict_keys(['example_task_group_decorator']) retrieved from /home/airflow/.local/lib/python3.8/site-packages/airflow/example_dags/example_task_group_decorator.py
[2023-10-11T03:45:34.222+0000] {logging_mixin.py:151} INFO - [2023-10-11T03:45:34.221+0000] {dag.py:2915} INFO - Sync 1 DAGs
[2023-10-11T03:45:34.244+0000] {logging_mixin.py:151} INFO - [2023-10-11T03:45:34.244+0000] {dag.py:3696} INFO - Setting next_dagrun for example_task_group_decorator to 2023-10-10T03:45:34.244097+00:00, run_after=2023-10-11T03:45:34.244097+00:00
[2023-10-11T03:45:34.264+0000] {processor.py:179} INFO - Processing /home/airflow/.local/lib/python3.8/site-packages/airflow/example_dags/example_task_group_decorator.py took 0.086 seconds
[2023-10-11T03:46:04.570+0000] {processor.py:157} INFO - Started process (PID=805) to work on /home/airflow/.local/lib/python3.8/site-packages/airflow/example_dags/example_task_group_decorator.py
[2023-10-11T03:46:04.571+0000] {processor.py:829} INFO - Processing file /home/airflow/.local/lib/python3.8/site-packages/airflow/example_dags/example_task_group_decorator.py for tasks to queue
[2023-10-11T03:46:04.574+0000] {logging_mixin.py:151} INFO - [2023-10-11T03:46:04.574+0000] {dagbag.py:539} INFO - Filling up the DagBag from /home/airflow/.local/lib/python3.8/site-packages/airflow/example_dags/example_task_group_decorator.py
[2023-10-11T03:46:04.585+0000] {processor.py:839} INFO - DAG(s) dict_keys(['example_task_group_decorator']) retrieved from /home/airflow/.local/lib/python3.8/site-packages/airflow/example_dags/example_task_group_decorator.py
[2023-10-11T03:46:04.610+0000] {logging_mixin.py:151} INFO - [2023-10-11T03:46:04.610+0000] {dag.py:2915} INFO - Sync 1 DAGs
[2023-10-11T03:46:04.637+0000] {logging_mixin.py:151} INFO - [2023-10-11T03:46:04.637+0000] {dag.py:3696} INFO - Setting next_dagrun for example_task_group_decorator to 2023-10-10T03:46:04.637458+00:00, run_after=2023-10-11T03:46:04.637458+00:00
[2023-10-11T03:46:04.663+0000] {processor.py:179} INFO - Processing /home/airflow/.local/lib/python3.8/site-packages/airflow/example_dags/example_task_group_decorator.py took 0.097 seconds
[2023-10-11T03:46:35.638+0000] {processor.py:157} INFO - Started process (PID=862) to work on /home/airflow/.local/lib/python3.8/site-packages/airflow/example_dags/example_task_group_decorator.py
[2023-10-11T03:46:35.640+0000] {processor.py:829} INFO - Processing file /home/airflow/.local/lib/python3.8/site-packages/airflow/example_dags/example_task_group_decorator.py for tasks to queue
[2023-10-11T03:46:35.643+0000] {logging_mixin.py:151} INFO - [2023-10-11T03:46:35.643+0000] {dagbag.py:539} INFO - Filling up the DagBag from /home/airflow/.local/lib/python3.8/site-packages/airflow/example_dags/example_task_group_decorator.py
[2023-10-11T03:46:35.656+0000] {processor.py:839} INFO - DAG(s) dict_keys(['example_task_group_decorator']) retrieved from /home/airflow/.local/lib/python3.8/site-packages/airflow/example_dags/example_task_group_decorator.py
[2023-10-11T03:46:35.680+0000] {logging_mixin.py:151} INFO - [2023-10-11T03:46:35.680+0000] {dag.py:2915} INFO - Sync 1 DAGs
[2023-10-11T03:46:35.703+0000] {logging_mixin.py:151} INFO - [2023-10-11T03:46:35.703+0000] {dag.py:3696} INFO - Setting next_dagrun for example_task_group_decorator to 2023-10-10T03:46:35.703269+00:00, run_after=2023-10-11T03:46:35.703269+00:00
[2023-10-11T03:46:35.724+0000] {processor.py:179} INFO - Processing /home/airflow/.local/lib/python3.8/site-packages/airflow/example_dags/example_task_group_decorator.py took 0.089 seconds
[2023-10-11T03:47:06.007+0000] {processor.py:157} INFO - Started process (PID=919) to work on /home/airflow/.local/lib/python3.8/site-packages/airflow/example_dags/example_task_group_decorator.py
[2023-10-11T03:47:06.008+0000] {processor.py:829} INFO - Processing file /home/airflow/.local/lib/python3.8/site-packages/airflow/example_dags/example_task_group_decorator.py for tasks to queue
[2023-10-11T03:47:06.012+0000] {logging_mixin.py:151} INFO - [2023-10-11T03:47:06.012+0000] {dagbag.py:539} INFO - Filling up the DagBag from /home/airflow/.local/lib/python3.8/site-packages/airflow/example_dags/example_task_group_decorator.py
[2023-10-11T03:47:06.024+0000] {processor.py:839} INFO - DAG(s) dict_keys(['example_task_group_decorator']) retrieved from /home/airflow/.local/lib/python3.8/site-packages/airflow/example_dags/example_task_group_decorator.py
[2023-10-11T03:47:06.052+0000] {logging_mixin.py:151} INFO - [2023-10-11T03:47:06.052+0000] {dag.py:2915} INFO - Sync 1 DAGs
[2023-10-11T03:47:06.073+0000] {logging_mixin.py:151} INFO - [2023-10-11T03:47:06.073+0000] {dag.py:3696} INFO - Setting next_dagrun for example_task_group_decorator to 2023-10-10T03:47:06.073445+00:00, run_after=2023-10-11T03:47:06.073445+00:00
[2023-10-11T03:47:06.099+0000] {processor.py:179} INFO - Processing /home/airflow/.local/lib/python3.8/site-packages/airflow/example_dags/example_task_group_decorator.py took 0.095 seconds
[2023-10-11T03:47:36.405+0000] {processor.py:157} INFO - Started process (PID=976) to work on /home/airflow/.local/lib/python3.8/site-packages/airflow/example_dags/example_task_group_decorator.py
[2023-10-11T03:47:36.407+0000] {processor.py:829} INFO - Processing file /home/airflow/.local/lib/python3.8/site-packages/airflow/example_dags/example_task_group_decorator.py for tasks to queue
[2023-10-11T03:47:36.409+0000] {logging_mixin.py:151} INFO - [2023-10-11T03:47:36.409+0000] {dagbag.py:539} INFO - Filling up the DagBag from /home/airflow/.local/lib/python3.8/site-packages/airflow/example_dags/example_task_group_decorator.py
[2023-10-11T03:47:36.426+0000] {processor.py:839} INFO - DAG(s) dict_keys(['example_task_group_decorator']) retrieved from /home/airflow/.local/lib/python3.8/site-packages/airflow/example_dags/example_task_group_decorator.py
[2023-10-11T03:47:36.458+0000] {logging_mixin.py:151} INFO - [2023-10-11T03:47:36.458+0000] {dag.py:2915} INFO - Sync 1 DAGs
[2023-10-11T03:47:36.483+0000] {logging_mixin.py:151} INFO - [2023-10-11T03:47:36.483+0000] {dag.py:3696} INFO - Setting next_dagrun for example_task_group_decorator to 2023-10-10T03:47:36.483075+00:00, run_after=2023-10-11T03:47:36.483075+00:00
[2023-10-11T03:47:36.506+0000] {processor.py:179} INFO - Processing /home/airflow/.local/lib/python3.8/site-packages/airflow/example_dags/example_task_group_decorator.py took 0.103 seconds
[2023-10-11T03:48:06.817+0000] {processor.py:157} INFO - Started process (PID=1033) to work on /home/airflow/.local/lib/python3.8/site-packages/airflow/example_dags/example_task_group_decorator.py
[2023-10-11T03:48:06.819+0000] {processor.py:829} INFO - Processing file /home/airflow/.local/lib/python3.8/site-packages/airflow/example_dags/example_task_group_decorator.py for tasks to queue
[2023-10-11T03:48:06.822+0000] {logging_mixin.py:151} INFO - [2023-10-11T03:48:06.822+0000] {dagbag.py:539} INFO - Filling up the DagBag from /home/airflow/.local/lib/python3.8/site-packages/airflow/example_dags/example_task_group_decorator.py
[2023-10-11T03:48:06.837+0000] {processor.py:839} INFO - DAG(s) dict_keys(['example_task_group_decorator']) retrieved from /home/airflow/.local/lib/python3.8/site-packages/airflow/example_dags/example_task_group_decorator.py
[2023-10-11T03:48:06.873+0000] {logging_mixin.py:151} INFO - [2023-10-11T03:48:06.873+0000] {dag.py:2915} INFO - Sync 1 DAGs
[2023-10-11T03:48:06.897+0000] {logging_mixin.py:151} INFO - [2023-10-11T03:48:06.897+0000] {dag.py:3696} INFO - Setting next_dagrun for example_task_group_decorator to 2023-10-10T03:48:06.896866+00:00, run_after=2023-10-11T03:48:06.896866+00:00
[2023-10-11T03:48:06.920+0000] {processor.py:179} INFO - Processing /home/airflow/.local/lib/python3.8/site-packages/airflow/example_dags/example_task_group_decorator.py took 0.105 seconds
[2023-10-11T03:48:37.158+0000] {processor.py:157} INFO - Started process (PID=1090) to work on /home/airflow/.local/lib/python3.8/site-packages/airflow/example_dags/example_task_group_decorator.py
[2023-10-11T03:48:37.160+0000] {processor.py:829} INFO - Processing file /home/airflow/.local/lib/python3.8/site-packages/airflow/example_dags/example_task_group_decorator.py for tasks to queue
[2023-10-11T03:48:37.162+0000] {logging_mixin.py:151} INFO - [2023-10-11T03:48:37.162+0000] {dagbag.py:539} INFO - Filling up the DagBag from /home/airflow/.local/lib/python3.8/site-packages/airflow/example_dags/example_task_group_decorator.py
[2023-10-11T03:48:37.174+0000] {processor.py:839} INFO - DAG(s) dict_keys(['example_task_group_decorator']) retrieved from /home/airflow/.local/lib/python3.8/site-packages/airflow/example_dags/example_task_group_decorator.py
[2023-10-11T03:48:37.199+0000] {logging_mixin.py:151} INFO - [2023-10-11T03:48:37.199+0000] {dag.py:2915} INFO - Sync 1 DAGs
[2023-10-11T03:48:37.219+0000] {logging_mixin.py:151} INFO - [2023-10-11T03:48:37.219+0000] {dag.py:3696} INFO - Setting next_dagrun for example_task_group_decorator to 2023-10-10T03:48:37.219327+00:00, run_after=2023-10-11T03:48:37.219327+00:00
[2023-10-11T03:48:37.244+0000] {processor.py:179} INFO - Processing /home/airflow/.local/lib/python3.8/site-packages/airflow/example_dags/example_task_group_decorator.py took 0.088 seconds
[2023-10-11T03:49:07.717+0000] {processor.py:157} INFO - Started process (PID=1154) to work on /home/airflow/.local/lib/python3.8/site-packages/airflow/example_dags/example_task_group_decorator.py
[2023-10-11T03:49:07.719+0000] {processor.py:829} INFO - Processing file /home/airflow/.local/lib/python3.8/site-packages/airflow/example_dags/example_task_group_decorator.py for tasks to queue
[2023-10-11T03:49:07.721+0000] {logging_mixin.py:151} INFO - [2023-10-11T03:49:07.721+0000] {dagbag.py:539} INFO - Filling up the DagBag from /home/airflow/.local/lib/python3.8/site-packages/airflow/example_dags/example_task_group_decorator.py
[2023-10-11T03:49:07.733+0000] {processor.py:839} INFO - DAG(s) dict_keys(['example_task_group_decorator']) retrieved from /home/airflow/.local/lib/python3.8/site-packages/airflow/example_dags/example_task_group_decorator.py
[2023-10-11T03:49:07.759+0000] {logging_mixin.py:151} INFO - [2023-10-11T03:49:07.758+0000] {dag.py:2915} INFO - Sync 1 DAGs
[2023-10-11T03:49:07.780+0000] {logging_mixin.py:151} INFO - [2023-10-11T03:49:07.780+0000] {dag.py:3696} INFO - Setting next_dagrun for example_task_group_decorator to 2023-10-10T03:49:07.780189+00:00, run_after=2023-10-11T03:49:07.780189+00:00
[2023-10-11T03:49:07.801+0000] {processor.py:179} INFO - Processing /home/airflow/.local/lib/python3.8/site-packages/airflow/example_dags/example_task_group_decorator.py took 0.086 seconds
[2023-10-11T03:49:38.228+0000] {processor.py:157} INFO - Started process (PID=1211) to work on /home/airflow/.local/lib/python3.8/site-packages/airflow/example_dags/example_task_group_decorator.py
[2023-10-11T03:49:38.230+0000] {processor.py:829} INFO - Processing file /home/airflow/.local/lib/python3.8/site-packages/airflow/example_dags/example_task_group_decorator.py for tasks to queue
[2023-10-11T03:49:38.233+0000] {logging_mixin.py:151} INFO - [2023-10-11T03:49:38.233+0000] {dagbag.py:539} INFO - Filling up the DagBag from /home/airflow/.local/lib/python3.8/site-packages/airflow/example_dags/example_task_group_decorator.py
[2023-10-11T03:49:38.244+0000] {processor.py:839} INFO - DAG(s) dict_keys(['example_task_group_decorator']) retrieved from /home/airflow/.local/lib/python3.8/site-packages/airflow/example_dags/example_task_group_decorator.py
[2023-10-11T03:49:38.266+0000] {logging_mixin.py:151} INFO - [2023-10-11T03:49:38.266+0000] {dag.py:2915} INFO - Sync 1 DAGs
[2023-10-11T03:49:38.284+0000] {logging_mixin.py:151} INFO - [2023-10-11T03:49:38.283+0000] {dag.py:3696} INFO - Setting next_dagrun for example_task_group_decorator to 2023-10-10T03:49:38.283756+00:00, run_after=2023-10-11T03:49:38.283756+00:00
[2023-10-11T03:49:38.303+0000] {processor.py:179} INFO - Processing /home/airflow/.local/lib/python3.8/site-packages/airflow/example_dags/example_task_group_decorator.py took 0.078 seconds
[2023-10-11T03:50:08.358+0000] {processor.py:157} INFO - Started process (PID=1268) to work on /home/airflow/.local/lib/python3.8/site-packages/airflow/example_dags/example_task_group_decorator.py
[2023-10-11T03:50:08.359+0000] {processor.py:829} INFO - Processing file /home/airflow/.local/lib/python3.8/site-packages/airflow/example_dags/example_task_group_decorator.py for tasks to queue
[2023-10-11T03:50:08.362+0000] {logging_mixin.py:151} INFO - [2023-10-11T03:50:08.361+0000] {dagbag.py:539} INFO - Filling up the DagBag from /home/airflow/.local/lib/python3.8/site-packages/airflow/example_dags/example_task_group_decorator.py
[2023-10-11T03:50:08.374+0000] {processor.py:839} INFO - DAG(s) dict_keys(['example_task_group_decorator']) retrieved from /home/airflow/.local/lib/python3.8/site-packages/airflow/example_dags/example_task_group_decorator.py
[2023-10-11T03:50:08.409+0000] {logging_mixin.py:151} INFO - [2023-10-11T03:50:08.408+0000] {dag.py:2915} INFO - Sync 1 DAGs
[2023-10-11T03:50:08.438+0000] {logging_mixin.py:151} INFO - [2023-10-11T03:50:08.438+0000] {dag.py:3696} INFO - Setting next_dagrun for example_task_group_decorator to 2023-10-10T03:50:08.437790+00:00, run_after=2023-10-11T03:50:08.437790+00:00
[2023-10-11T03:50:08.464+0000] {processor.py:179} INFO - Processing /home/airflow/.local/lib/python3.8/site-packages/airflow/example_dags/example_task_group_decorator.py took 0.110 seconds
[2023-10-11T03:50:39.119+0000] {processor.py:157} INFO - Started process (PID=1325) to work on /home/airflow/.local/lib/python3.8/site-packages/airflow/example_dags/example_task_group_decorator.py
[2023-10-11T03:50:39.121+0000] {processor.py:829} INFO - Processing file /home/airflow/.local/lib/python3.8/site-packages/airflow/example_dags/example_task_group_decorator.py for tasks to queue
[2023-10-11T03:50:39.123+0000] {logging_mixin.py:151} INFO - [2023-10-11T03:50:39.123+0000] {dagbag.py:539} INFO - Filling up the DagBag from /home/airflow/.local/lib/python3.8/site-packages/airflow/example_dags/example_task_group_decorator.py
[2023-10-11T03:50:39.137+0000] {processor.py:839} INFO - DAG(s) dict_keys(['example_task_group_decorator']) retrieved from /home/airflow/.local/lib/python3.8/site-packages/airflow/example_dags/example_task_group_decorator.py
[2023-10-11T03:50:39.159+0000] {logging_mixin.py:151} INFO - [2023-10-11T03:50:39.159+0000] {dag.py:2915} INFO - Sync 1 DAGs
[2023-10-11T03:50:39.179+0000] {logging_mixin.py:151} INFO - [2023-10-11T03:50:39.178+0000] {dag.py:3696} INFO - Setting next_dagrun for example_task_group_decorator to 2023-10-10T03:50:39.178473+00:00, run_after=2023-10-11T03:50:39.178473+00:00
[2023-10-11T03:50:39.199+0000] {processor.py:179} INFO - Processing /home/airflow/.local/lib/python3.8/site-packages/airflow/example_dags/example_task_group_decorator.py took 0.082 seconds
[2023-10-11T03:51:09.622+0000] {processor.py:157} INFO - Started process (PID=1382) to work on /home/airflow/.local/lib/python3.8/site-packages/airflow/example_dags/example_task_group_decorator.py
[2023-10-11T03:51:09.623+0000] {processor.py:829} INFO - Processing file /home/airflow/.local/lib/python3.8/site-packages/airflow/example_dags/example_task_group_decorator.py for tasks to queue
[2023-10-11T03:51:09.626+0000] {logging_mixin.py:151} INFO - [2023-10-11T03:51:09.625+0000] {dagbag.py:539} INFO - Filling up the DagBag from /home/airflow/.local/lib/python3.8/site-packages/airflow/example_dags/example_task_group_decorator.py
[2023-10-11T03:51:09.638+0000] {processor.py:839} INFO - DAG(s) dict_keys(['example_task_group_decorator']) retrieved from /home/airflow/.local/lib/python3.8/site-packages/airflow/example_dags/example_task_group_decorator.py
[2023-10-11T03:51:09.666+0000] {logging_mixin.py:151} INFO - [2023-10-11T03:51:09.666+0000] {dag.py:2915} INFO - Sync 1 DAGs
[2023-10-11T03:51:09.686+0000] {logging_mixin.py:151} INFO - [2023-10-11T03:51:09.686+0000] {dag.py:3696} INFO - Setting next_dagrun for example_task_group_decorator to 2023-10-10T03:51:09.686491+00:00, run_after=2023-10-11T03:51:09.686491+00:00
[2023-10-11T03:51:09.717+0000] {processor.py:179} INFO - Processing /home/airflow/.local/lib/python3.8/site-packages/airflow/example_dags/example_task_group_decorator.py took 0.098 seconds
[2023-10-11T03:51:39.834+0000] {processor.py:157} INFO - Started process (PID=1439) to work on /home/airflow/.local/lib/python3.8/site-packages/airflow/example_dags/example_task_group_decorator.py
[2023-10-11T03:51:39.836+0000] {processor.py:829} INFO - Processing file /home/airflow/.local/lib/python3.8/site-packages/airflow/example_dags/example_task_group_decorator.py for tasks to queue
[2023-10-11T03:51:39.838+0000] {logging_mixin.py:151} INFO - [2023-10-11T03:51:39.838+0000] {dagbag.py:539} INFO - Filling up the DagBag from /home/airflow/.local/lib/python3.8/site-packages/airflow/example_dags/example_task_group_decorator.py
[2023-10-11T03:51:39.851+0000] {processor.py:839} INFO - DAG(s) dict_keys(['example_task_group_decorator']) retrieved from /home/airflow/.local/lib/python3.8/site-packages/airflow/example_dags/example_task_group_decorator.py
[2023-10-11T03:51:39.880+0000] {logging_mixin.py:151} INFO - [2023-10-11T03:51:39.880+0000] {dag.py:2915} INFO - Sync 1 DAGs
[2023-10-11T03:51:39.915+0000] {logging_mixin.py:151} INFO - [2023-10-11T03:51:39.915+0000] {dag.py:3696} INFO - Setting next_dagrun for example_task_group_decorator to 2023-10-10T03:51:39.915084+00:00, run_after=2023-10-11T03:51:39.915084+00:00
[2023-10-11T03:51:39.948+0000] {processor.py:179} INFO - Processing /home/airflow/.local/lib/python3.8/site-packages/airflow/example_dags/example_task_group_decorator.py took 0.117 seconds
[2023-10-11T03:52:10.322+0000] {processor.py:157} INFO - Started process (PID=1496) to work on /home/airflow/.local/lib/python3.8/site-packages/airflow/example_dags/example_task_group_decorator.py
[2023-10-11T03:52:10.324+0000] {processor.py:829} INFO - Processing file /home/airflow/.local/lib/python3.8/site-packages/airflow/example_dags/example_task_group_decorator.py for tasks to queue
[2023-10-11T03:52:10.327+0000] {logging_mixin.py:151} INFO - [2023-10-11T03:52:10.326+0000] {dagbag.py:539} INFO - Filling up the DagBag from /home/airflow/.local/lib/python3.8/site-packages/airflow/example_dags/example_task_group_decorator.py
[2023-10-11T03:52:10.340+0000] {processor.py:839} INFO - DAG(s) dict_keys(['example_task_group_decorator']) retrieved from /home/airflow/.local/lib/python3.8/site-packages/airflow/example_dags/example_task_group_decorator.py
[2023-10-11T03:52:10.375+0000] {logging_mixin.py:151} INFO - [2023-10-11T03:52:10.375+0000] {dag.py:2915} INFO - Sync 1 DAGs
[2023-10-11T03:52:10.395+0000] {logging_mixin.py:151} INFO - [2023-10-11T03:52:10.395+0000] {dag.py:3696} INFO - Setting next_dagrun for example_task_group_decorator to 2023-10-10T03:52:10.395341+00:00, run_after=2023-10-11T03:52:10.395341+00:00
[2023-10-11T03:52:10.417+0000] {processor.py:179} INFO - Processing /home/airflow/.local/lib/python3.8/site-packages/airflow/example_dags/example_task_group_decorator.py took 0.099 seconds
[2023-10-11T03:52:40.705+0000] {processor.py:157} INFO - Started process (PID=1553) to work on /home/airflow/.local/lib/python3.8/site-packages/airflow/example_dags/example_task_group_decorator.py
[2023-10-11T03:52:40.706+0000] {processor.py:829} INFO - Processing file /home/airflow/.local/lib/python3.8/site-packages/airflow/example_dags/example_task_group_decorator.py for tasks to queue
[2023-10-11T03:52:40.708+0000] {logging_mixin.py:151} INFO - [2023-10-11T03:52:40.708+0000] {dagbag.py:539} INFO - Filling up the DagBag from /home/airflow/.local/lib/python3.8/site-packages/airflow/example_dags/example_task_group_decorator.py
[2023-10-11T03:52:40.721+0000] {processor.py:839} INFO - DAG(s) dict_keys(['example_task_group_decorator']) retrieved from /home/airflow/.local/lib/python3.8/site-packages/airflow/example_dags/example_task_group_decorator.py
[2023-10-11T03:52:40.747+0000] {logging_mixin.py:151} INFO - [2023-10-11T03:52:40.747+0000] {dag.py:2915} INFO - Sync 1 DAGs
[2023-10-11T03:52:40.766+0000] {logging_mixin.py:151} INFO - [2023-10-11T03:52:40.766+0000] {dag.py:3696} INFO - Setting next_dagrun for example_task_group_decorator to 2023-10-10T03:52:40.766055+00:00, run_after=2023-10-11T03:52:40.766055+00:00
[2023-10-11T03:52:40.786+0000] {processor.py:179} INFO - Processing /home/airflow/.local/lib/python3.8/site-packages/airflow/example_dags/example_task_group_decorator.py took 0.084 seconds
[2023-10-11T03:53:10.968+0000] {processor.py:157} INFO - Started process (PID=1610) to work on /home/airflow/.local/lib/python3.8/site-packages/airflow/example_dags/example_task_group_decorator.py
[2023-10-11T03:53:10.970+0000] {processor.py:829} INFO - Processing file /home/airflow/.local/lib/python3.8/site-packages/airflow/example_dags/example_task_group_decorator.py for tasks to queue
[2023-10-11T03:53:10.973+0000] {logging_mixin.py:151} INFO - [2023-10-11T03:53:10.972+0000] {dagbag.py:539} INFO - Filling up the DagBag from /home/airflow/.local/lib/python3.8/site-packages/airflow/example_dags/example_task_group_decorator.py
[2023-10-11T03:53:10.985+0000] {processor.py:839} INFO - DAG(s) dict_keys(['example_task_group_decorator']) retrieved from /home/airflow/.local/lib/python3.8/site-packages/airflow/example_dags/example_task_group_decorator.py
[2023-10-11T03:53:11.010+0000] {logging_mixin.py:151} INFO - [2023-10-11T03:53:11.009+0000] {dag.py:2915} INFO - Sync 1 DAGs
[2023-10-11T03:53:11.033+0000] {logging_mixin.py:151} INFO - [2023-10-11T03:53:11.033+0000] {dag.py:3696} INFO - Setting next_dagrun for example_task_group_decorator to 2023-10-10T03:53:11.032890+00:00, run_after=2023-10-11T03:53:11.032890+00:00
[2023-10-11T03:53:11.052+0000] {processor.py:179} INFO - Processing /home/airflow/.local/lib/python3.8/site-packages/airflow/example_dags/example_task_group_decorator.py took 0.087 seconds
[2023-10-11T03:53:42.375+0000] {processor.py:157} INFO - Started process (PID=1667) to work on /home/airflow/.local/lib/python3.8/site-packages/airflow/example_dags/example_task_group_decorator.py
[2023-10-11T03:53:42.376+0000] {processor.py:829} INFO - Processing file /home/airflow/.local/lib/python3.8/site-packages/airflow/example_dags/example_task_group_decorator.py for tasks to queue
[2023-10-11T03:53:42.379+0000] {logging_mixin.py:151} INFO - [2023-10-11T03:53:42.379+0000] {dagbag.py:539} INFO - Filling up the DagBag from /home/airflow/.local/lib/python3.8/site-packages/airflow/example_dags/example_task_group_decorator.py
[2023-10-11T03:53:42.391+0000] {processor.py:839} INFO - DAG(s) dict_keys(['example_task_group_decorator']) retrieved from /home/airflow/.local/lib/python3.8/site-packages/airflow/example_dags/example_task_group_decorator.py
[2023-10-11T03:53:42.415+0000] {logging_mixin.py:151} INFO - [2023-10-11T03:53:42.415+0000] {dag.py:2915} INFO - Sync 1 DAGs
[2023-10-11T03:53:42.439+0000] {logging_mixin.py:151} INFO - [2023-10-11T03:53:42.439+0000] {dag.py:3696} INFO - Setting next_dagrun for example_task_group_decorator to 2023-10-10T03:53:42.439424+00:00, run_after=2023-10-11T03:53:42.439424+00:00
[2023-10-11T03:53:42.460+0000] {processor.py:179} INFO - Processing /home/airflow/.local/lib/python3.8/site-packages/airflow/example_dags/example_task_group_decorator.py took 0.088 seconds
[2023-10-11T03:54:12.511+0000] {processor.py:157} INFO - Started process (PID=1724) to work on /home/airflow/.local/lib/python3.8/site-packages/airflow/example_dags/example_task_group_decorator.py
[2023-10-11T03:54:12.512+0000] {processor.py:829} INFO - Processing file /home/airflow/.local/lib/python3.8/site-packages/airflow/example_dags/example_task_group_decorator.py for tasks to queue
[2023-10-11T03:54:12.514+0000] {logging_mixin.py:151} INFO - [2023-10-11T03:54:12.514+0000] {dagbag.py:539} INFO - Filling up the DagBag from /home/airflow/.local/lib/python3.8/site-packages/airflow/example_dags/example_task_group_decorator.py
[2023-10-11T03:54:12.529+0000] {processor.py:839} INFO - DAG(s) dict_keys(['example_task_group_decorator']) retrieved from /home/airflow/.local/lib/python3.8/site-packages/airflow/example_dags/example_task_group_decorator.py
[2023-10-11T03:54:12.557+0000] {logging_mixin.py:151} INFO - [2023-10-11T03:54:12.557+0000] {dag.py:2915} INFO - Sync 1 DAGs
[2023-10-11T03:54:12.578+0000] {logging_mixin.py:151} INFO - [2023-10-11T03:54:12.578+0000] {dag.py:3696} INFO - Setting next_dagrun for example_task_group_decorator to 2023-10-10T03:54:12.577855+00:00, run_after=2023-10-11T03:54:12.577855+00:00
[2023-10-11T03:54:12.606+0000] {processor.py:179} INFO - Processing /home/airflow/.local/lib/python3.8/site-packages/airflow/example_dags/example_task_group_decorator.py took 0.097 seconds
[2023-10-11T03:54:42.732+0000] {processor.py:157} INFO - Started process (PID=1781) to work on /home/airflow/.local/lib/python3.8/site-packages/airflow/example_dags/example_task_group_decorator.py
[2023-10-11T03:54:42.733+0000] {processor.py:829} INFO - Processing file /home/airflow/.local/lib/python3.8/site-packages/airflow/example_dags/example_task_group_decorator.py for tasks to queue
[2023-10-11T03:54:42.737+0000] {logging_mixin.py:151} INFO - [2023-10-11T03:54:42.736+0000] {dagbag.py:539} INFO - Filling up the DagBag from /home/airflow/.local/lib/python3.8/site-packages/airflow/example_dags/example_task_group_decorator.py
[2023-10-11T03:54:42.748+0000] {processor.py:839} INFO - DAG(s) dict_keys(['example_task_group_decorator']) retrieved from /home/airflow/.local/lib/python3.8/site-packages/airflow/example_dags/example_task_group_decorator.py
[2023-10-11T03:54:42.772+0000] {logging_mixin.py:151} INFO - [2023-10-11T03:54:42.772+0000] {dag.py:2915} INFO - Sync 1 DAGs
[2023-10-11T03:54:42.791+0000] {logging_mixin.py:151} INFO - [2023-10-11T03:54:42.791+0000] {dag.py:3696} INFO - Setting next_dagrun for example_task_group_decorator to 2023-10-10T03:54:42.791579+00:00, run_after=2023-10-11T03:54:42.791579+00:00
[2023-10-11T03:54:42.813+0000] {processor.py:179} INFO - Processing /home/airflow/.local/lib/python3.8/site-packages/airflow/example_dags/example_task_group_decorator.py took 0.084 seconds
[2023-10-11T03:55:13.382+0000] {processor.py:157} INFO - Started process (PID=1838) to work on /home/airflow/.local/lib/python3.8/site-packages/airflow/example_dags/example_task_group_decorator.py
[2023-10-11T03:55:13.383+0000] {processor.py:829} INFO - Processing file /home/airflow/.local/lib/python3.8/site-packages/airflow/example_dags/example_task_group_decorator.py for tasks to queue
[2023-10-11T03:55:13.385+0000] {logging_mixin.py:151} INFO - [2023-10-11T03:55:13.385+0000] {dagbag.py:539} INFO - Filling up the DagBag from /home/airflow/.local/lib/python3.8/site-packages/airflow/example_dags/example_task_group_decorator.py
[2023-10-11T03:55:13.398+0000] {processor.py:839} INFO - DAG(s) dict_keys(['example_task_group_decorator']) retrieved from /home/airflow/.local/lib/python3.8/site-packages/airflow/example_dags/example_task_group_decorator.py
[2023-10-11T03:55:13.421+0000] {logging_mixin.py:151} INFO - [2023-10-11T03:55:13.421+0000] {dag.py:2915} INFO - Sync 1 DAGs
[2023-10-11T03:55:13.439+0000] {logging_mixin.py:151} INFO - [2023-10-11T03:55:13.439+0000] {dag.py:3696} INFO - Setting next_dagrun for example_task_group_decorator to 2023-10-10T03:55:13.439598+00:00, run_after=2023-10-11T03:55:13.439598+00:00
[2023-10-11T03:55:13.460+0000] {processor.py:179} INFO - Processing /home/airflow/.local/lib/python3.8/site-packages/airflow/example_dags/example_task_group_decorator.py took 0.082 seconds
[2023-10-11T03:55:43.613+0000] {processor.py:157} INFO - Started process (PID=1895) to work on /home/airflow/.local/lib/python3.8/site-packages/airflow/example_dags/example_task_group_decorator.py
[2023-10-11T03:55:43.615+0000] {processor.py:829} INFO - Processing file /home/airflow/.local/lib/python3.8/site-packages/airflow/example_dags/example_task_group_decorator.py for tasks to queue
[2023-10-11T03:55:43.617+0000] {logging_mixin.py:151} INFO - [2023-10-11T03:55:43.617+0000] {dagbag.py:539} INFO - Filling up the DagBag from /home/airflow/.local/lib/python3.8/site-packages/airflow/example_dags/example_task_group_decorator.py
[2023-10-11T03:55:43.630+0000] {processor.py:839} INFO - DAG(s) dict_keys(['example_task_group_decorator']) retrieved from /home/airflow/.local/lib/python3.8/site-packages/airflow/example_dags/example_task_group_decorator.py
[2023-10-11T03:55:43.653+0000] {logging_mixin.py:151} INFO - [2023-10-11T03:55:43.653+0000] {dag.py:2915} INFO - Sync 1 DAGs
[2023-10-11T03:55:43.673+0000] {logging_mixin.py:151} INFO - [2023-10-11T03:55:43.673+0000] {dag.py:3696} INFO - Setting next_dagrun for example_task_group_decorator to 2023-10-10T03:55:43.673356+00:00, run_after=2023-10-11T03:55:43.673356+00:00
[2023-10-11T03:55:43.696+0000] {processor.py:179} INFO - Processing /home/airflow/.local/lib/python3.8/site-packages/airflow/example_dags/example_task_group_decorator.py took 0.086 seconds
[2023-10-11T03:56:14.236+0000] {processor.py:157} INFO - Started process (PID=1952) to work on /home/airflow/.local/lib/python3.8/site-packages/airflow/example_dags/example_task_group_decorator.py
[2023-10-11T03:56:14.238+0000] {processor.py:829} INFO - Processing file /home/airflow/.local/lib/python3.8/site-packages/airflow/example_dags/example_task_group_decorator.py for tasks to queue
[2023-10-11T03:56:14.241+0000] {logging_mixin.py:151} INFO - [2023-10-11T03:56:14.240+0000] {dagbag.py:539} INFO - Filling up the DagBag from /home/airflow/.local/lib/python3.8/site-packages/airflow/example_dags/example_task_group_decorator.py
[2023-10-11T03:56:14.253+0000] {processor.py:839} INFO - DAG(s) dict_keys(['example_task_group_decorator']) retrieved from /home/airflow/.local/lib/python3.8/site-packages/airflow/example_dags/example_task_group_decorator.py
[2023-10-11T03:56:14.278+0000] {logging_mixin.py:151} INFO - [2023-10-11T03:56:14.278+0000] {dag.py:2915} INFO - Sync 1 DAGs
[2023-10-11T03:56:14.304+0000] {logging_mixin.py:151} INFO - [2023-10-11T03:56:14.304+0000] {dag.py:3696} INFO - Setting next_dagrun for example_task_group_decorator to 2023-10-10T03:56:14.304240+00:00, run_after=2023-10-11T03:56:14.304240+00:00
[2023-10-11T03:56:14.340+0000] {processor.py:179} INFO - Processing /home/airflow/.local/lib/python3.8/site-packages/airflow/example_dags/example_task_group_decorator.py took 0.106 seconds
[2023-10-11T03:56:44.596+0000] {processor.py:157} INFO - Started process (PID=2009) to work on /home/airflow/.local/lib/python3.8/site-packages/airflow/example_dags/example_task_group_decorator.py
[2023-10-11T03:56:44.599+0000] {processor.py:829} INFO - Processing file /home/airflow/.local/lib/python3.8/site-packages/airflow/example_dags/example_task_group_decorator.py for tasks to queue
[2023-10-11T03:56:44.604+0000] {logging_mixin.py:151} INFO - [2023-10-11T03:56:44.604+0000] {dagbag.py:539} INFO - Filling up the DagBag from /home/airflow/.local/lib/python3.8/site-packages/airflow/example_dags/example_task_group_decorator.py
[2023-10-11T03:56:44.621+0000] {processor.py:839} INFO - DAG(s) dict_keys(['example_task_group_decorator']) retrieved from /home/airflow/.local/lib/python3.8/site-packages/airflow/example_dags/example_task_group_decorator.py
[2023-10-11T03:56:44.668+0000] {logging_mixin.py:151} INFO - [2023-10-11T03:56:44.667+0000] {dag.py:2915} INFO - Sync 1 DAGs
[2023-10-11T03:56:44.705+0000] {logging_mixin.py:151} INFO - [2023-10-11T03:56:44.705+0000] {dag.py:3696} INFO - Setting next_dagrun for example_task_group_decorator to 2023-10-10T03:56:44.704920+00:00, run_after=2023-10-11T03:56:44.704920+00:00
[2023-10-11T03:56:44.728+0000] {processor.py:179} INFO - Processing /home/airflow/.local/lib/python3.8/site-packages/airflow/example_dags/example_task_group_decorator.py took 0.136 seconds
[2023-10-11T03:57:14.846+0000] {processor.py:157} INFO - Started process (PID=2066) to work on /home/airflow/.local/lib/python3.8/site-packages/airflow/example_dags/example_task_group_decorator.py
[2023-10-11T03:57:14.847+0000] {processor.py:829} INFO - Processing file /home/airflow/.local/lib/python3.8/site-packages/airflow/example_dags/example_task_group_decorator.py for tasks to queue
[2023-10-11T03:57:14.850+0000] {logging_mixin.py:151} INFO - [2023-10-11T03:57:14.850+0000] {dagbag.py:539} INFO - Filling up the DagBag from /home/airflow/.local/lib/python3.8/site-packages/airflow/example_dags/example_task_group_decorator.py
[2023-10-11T03:57:14.862+0000] {processor.py:839} INFO - DAG(s) dict_keys(['example_task_group_decorator']) retrieved from /home/airflow/.local/lib/python3.8/site-packages/airflow/example_dags/example_task_group_decorator.py
[2023-10-11T03:57:14.888+0000] {logging_mixin.py:151} INFO - [2023-10-11T03:57:14.887+0000] {dag.py:2915} INFO - Sync 1 DAGs
[2023-10-11T03:57:14.909+0000] {logging_mixin.py:151} INFO - [2023-10-11T03:57:14.909+0000] {dag.py:3696} INFO - Setting next_dagrun for example_task_group_decorator to 2023-10-10T03:57:14.909097+00:00, run_after=2023-10-11T03:57:14.909097+00:00
[2023-10-11T03:57:14.930+0000] {processor.py:179} INFO - Processing /home/airflow/.local/lib/python3.8/site-packages/airflow/example_dags/example_task_group_decorator.py took 0.087 seconds
[2023-10-11T03:57:45.719+0000] {processor.py:157} INFO - Started process (PID=2123) to work on /home/airflow/.local/lib/python3.8/site-packages/airflow/example_dags/example_task_group_decorator.py
[2023-10-11T03:57:45.721+0000] {processor.py:829} INFO - Processing file /home/airflow/.local/lib/python3.8/site-packages/airflow/example_dags/example_task_group_decorator.py for tasks to queue
[2023-10-11T03:57:45.723+0000] {logging_mixin.py:151} INFO - [2023-10-11T03:57:45.723+0000] {dagbag.py:539} INFO - Filling up the DagBag from /home/airflow/.local/lib/python3.8/site-packages/airflow/example_dags/example_task_group_decorator.py
[2023-10-11T03:57:45.736+0000] {processor.py:839} INFO - DAG(s) dict_keys(['example_task_group_decorator']) retrieved from /home/airflow/.local/lib/python3.8/site-packages/airflow/example_dags/example_task_group_decorator.py
[2023-10-11T03:57:45.759+0000] {logging_mixin.py:151} INFO - [2023-10-11T03:57:45.759+0000] {dag.py:2915} INFO - Sync 1 DAGs
[2023-10-11T03:57:45.778+0000] {logging_mixin.py:151} INFO - [2023-10-11T03:57:45.778+0000] {dag.py:3696} INFO - Setting next_dagrun for example_task_group_decorator to 2023-10-10T03:57:45.777897+00:00, run_after=2023-10-11T03:57:45.777897+00:00
[2023-10-11T03:57:45.803+0000] {processor.py:179} INFO - Processing /home/airflow/.local/lib/python3.8/site-packages/airflow/example_dags/example_task_group_decorator.py took 0.088 seconds
[2023-10-11T03:58:16.013+0000] {processor.py:157} INFO - Started process (PID=2180) to work on /home/airflow/.local/lib/python3.8/site-packages/airflow/example_dags/example_task_group_decorator.py
[2023-10-11T03:58:16.015+0000] {processor.py:829} INFO - Processing file /home/airflow/.local/lib/python3.8/site-packages/airflow/example_dags/example_task_group_decorator.py for tasks to queue
[2023-10-11T03:58:16.018+0000] {logging_mixin.py:151} INFO - [2023-10-11T03:58:16.018+0000] {dagbag.py:539} INFO - Filling up the DagBag from /home/airflow/.local/lib/python3.8/site-packages/airflow/example_dags/example_task_group_decorator.py
[2023-10-11T03:58:16.030+0000] {processor.py:839} INFO - DAG(s) dict_keys(['example_task_group_decorator']) retrieved from /home/airflow/.local/lib/python3.8/site-packages/airflow/example_dags/example_task_group_decorator.py
[2023-10-11T03:58:16.054+0000] {logging_mixin.py:151} INFO - [2023-10-11T03:58:16.054+0000] {dag.py:2915} INFO - Sync 1 DAGs
[2023-10-11T03:58:16.072+0000] {logging_mixin.py:151} INFO - [2023-10-11T03:58:16.072+0000] {dag.py:3696} INFO - Setting next_dagrun for example_task_group_decorator to 2023-10-10T03:58:16.072165+00:00, run_after=2023-10-11T03:58:16.072165+00:00
[2023-10-11T03:58:16.092+0000] {processor.py:179} INFO - Processing /home/airflow/.local/lib/python3.8/site-packages/airflow/example_dags/example_task_group_decorator.py took 0.082 seconds
[2023-10-11T03:58:46.441+0000] {processor.py:157} INFO - Started process (PID=2237) to work on /home/airflow/.local/lib/python3.8/site-packages/airflow/example_dags/example_task_group_decorator.py
[2023-10-11T03:58:46.443+0000] {processor.py:829} INFO - Processing file /home/airflow/.local/lib/python3.8/site-packages/airflow/example_dags/example_task_group_decorator.py for tasks to queue
[2023-10-11T03:58:46.446+0000] {logging_mixin.py:151} INFO - [2023-10-11T03:58:46.446+0000] {dagbag.py:539} INFO - Filling up the DagBag from /home/airflow/.local/lib/python3.8/site-packages/airflow/example_dags/example_task_group_decorator.py
[2023-10-11T03:58:46.458+0000] {processor.py:839} INFO - DAG(s) dict_keys(['example_task_group_decorator']) retrieved from /home/airflow/.local/lib/python3.8/site-packages/airflow/example_dags/example_task_group_decorator.py
[2023-10-11T03:58:46.482+0000] {logging_mixin.py:151} INFO - [2023-10-11T03:58:46.482+0000] {dag.py:2915} INFO - Sync 1 DAGs
[2023-10-11T03:58:46.501+0000] {logging_mixin.py:151} INFO - [2023-10-11T03:58:46.501+0000] {dag.py:3696} INFO - Setting next_dagrun for example_task_group_decorator to 2023-10-10T03:58:46.501506+00:00, run_after=2023-10-11T03:58:46.501506+00:00
[2023-10-11T03:58:46.523+0000] {processor.py:179} INFO - Processing /home/airflow/.local/lib/python3.8/site-packages/airflow/example_dags/example_task_group_decorator.py took 0.085 seconds
[2023-10-11T03:59:16.870+0000] {processor.py:157} INFO - Started process (PID=2294) to work on /home/airflow/.local/lib/python3.8/site-packages/airflow/example_dags/example_task_group_decorator.py
[2023-10-11T03:59:16.871+0000] {processor.py:829} INFO - Processing file /home/airflow/.local/lib/python3.8/site-packages/airflow/example_dags/example_task_group_decorator.py for tasks to queue
[2023-10-11T03:59:16.874+0000] {logging_mixin.py:151} INFO - [2023-10-11T03:59:16.873+0000] {dagbag.py:539} INFO - Filling up the DagBag from /home/airflow/.local/lib/python3.8/site-packages/airflow/example_dags/example_task_group_decorator.py
[2023-10-11T03:59:16.885+0000] {processor.py:839} INFO - DAG(s) dict_keys(['example_task_group_decorator']) retrieved from /home/airflow/.local/lib/python3.8/site-packages/airflow/example_dags/example_task_group_decorator.py
[2023-10-11T03:59:16.908+0000] {logging_mixin.py:151} INFO - [2023-10-11T03:59:16.907+0000] {dag.py:2915} INFO - Sync 1 DAGs
[2023-10-11T03:59:16.926+0000] {logging_mixin.py:151} INFO - [2023-10-11T03:59:16.926+0000] {dag.py:3696} INFO - Setting next_dagrun for example_task_group_decorator to 2023-10-10T03:59:16.925963+00:00, run_after=2023-10-11T03:59:16.925963+00:00
[2023-10-11T03:59:16.946+0000] {processor.py:179} INFO - Processing /home/airflow/.local/lib/python3.8/site-packages/airflow/example_dags/example_task_group_decorator.py took 0.079 seconds
[2023-10-11T03:59:47.385+0000] {processor.py:157} INFO - Started process (PID=2351) to work on /home/airflow/.local/lib/python3.8/site-packages/airflow/example_dags/example_task_group_decorator.py
[2023-10-11T03:59:47.387+0000] {processor.py:829} INFO - Processing file /home/airflow/.local/lib/python3.8/site-packages/airflow/example_dags/example_task_group_decorator.py for tasks to queue
[2023-10-11T03:59:47.390+0000] {logging_mixin.py:151} INFO - [2023-10-11T03:59:47.389+0000] {dagbag.py:539} INFO - Filling up the DagBag from /home/airflow/.local/lib/python3.8/site-packages/airflow/example_dags/example_task_group_decorator.py
[2023-10-11T03:59:47.404+0000] {processor.py:839} INFO - DAG(s) dict_keys(['example_task_group_decorator']) retrieved from /home/airflow/.local/lib/python3.8/site-packages/airflow/example_dags/example_task_group_decorator.py
[2023-10-11T03:59:47.431+0000] {logging_mixin.py:151} INFO - [2023-10-11T03:59:47.431+0000] {dag.py:2915} INFO - Sync 1 DAGs
[2023-10-11T03:59:47.453+0000] {logging_mixin.py:151} INFO - [2023-10-11T03:59:47.453+0000] {dag.py:3696} INFO - Setting next_dagrun for example_task_group_decorator to 2023-10-10T03:59:47.452793+00:00, run_after=2023-10-11T03:59:47.452793+00:00
[2023-10-11T03:59:47.478+0000] {processor.py:179} INFO - Processing /home/airflow/.local/lib/python3.8/site-packages/airflow/example_dags/example_task_group_decorator.py took 0.097 seconds
[2023-10-11T04:00:17.704+0000] {processor.py:157} INFO - Started process (PID=2408) to work on /home/airflow/.local/lib/python3.8/site-packages/airflow/example_dags/example_task_group_decorator.py
[2023-10-11T04:00:17.706+0000] {processor.py:829} INFO - Processing file /home/airflow/.local/lib/python3.8/site-packages/airflow/example_dags/example_task_group_decorator.py for tasks to queue
[2023-10-11T04:00:17.709+0000] {logging_mixin.py:151} INFO - [2023-10-11T04:00:17.709+0000] {dagbag.py:539} INFO - Filling up the DagBag from /home/airflow/.local/lib/python3.8/site-packages/airflow/example_dags/example_task_group_decorator.py
[2023-10-11T04:00:17.721+0000] {processor.py:839} INFO - DAG(s) dict_keys(['example_task_group_decorator']) retrieved from /home/airflow/.local/lib/python3.8/site-packages/airflow/example_dags/example_task_group_decorator.py
[2023-10-11T04:00:17.748+0000] {logging_mixin.py:151} INFO - [2023-10-11T04:00:17.748+0000] {dag.py:2915} INFO - Sync 1 DAGs
[2023-10-11T04:00:17.767+0000] {logging_mixin.py:151} INFO - [2023-10-11T04:00:17.767+0000] {dag.py:3696} INFO - Setting next_dagrun for example_task_group_decorator to 2023-10-10T04:00:17.767619+00:00, run_after=2023-10-11T04:00:17.767619+00:00
[2023-10-11T04:00:17.786+0000] {processor.py:179} INFO - Processing /home/airflow/.local/lib/python3.8/site-packages/airflow/example_dags/example_task_group_decorator.py took 0.085 seconds
[2023-10-11T04:00:48.116+0000] {processor.py:157} INFO - Started process (PID=2465) to work on /home/airflow/.local/lib/python3.8/site-packages/airflow/example_dags/example_task_group_decorator.py
[2023-10-11T04:00:48.118+0000] {processor.py:829} INFO - Processing file /home/airflow/.local/lib/python3.8/site-packages/airflow/example_dags/example_task_group_decorator.py for tasks to queue
[2023-10-11T04:00:48.120+0000] {logging_mixin.py:151} INFO - [2023-10-11T04:00:48.120+0000] {dagbag.py:539} INFO - Filling up the DagBag from /home/airflow/.local/lib/python3.8/site-packages/airflow/example_dags/example_task_group_decorator.py
[2023-10-11T04:00:48.134+0000] {processor.py:839} INFO - DAG(s) dict_keys(['example_task_group_decorator']) retrieved from /home/airflow/.local/lib/python3.8/site-packages/airflow/example_dags/example_task_group_decorator.py
[2023-10-11T04:00:48.167+0000] {logging_mixin.py:151} INFO - [2023-10-11T04:00:48.167+0000] {dag.py:2915} INFO - Sync 1 DAGs
[2023-10-11T04:00:48.194+0000] {logging_mixin.py:151} INFO - [2023-10-11T04:00:48.194+0000] {dag.py:3696} INFO - Setting next_dagrun for example_task_group_decorator to 2023-10-10T04:00:48.193693+00:00, run_after=2023-10-11T04:00:48.193693+00:00
[2023-10-11T04:00:48.220+0000] {processor.py:179} INFO - Processing /home/airflow/.local/lib/python3.8/site-packages/airflow/example_dags/example_task_group_decorator.py took 0.107 seconds
[2023-10-11T04:01:18.632+0000] {processor.py:157} INFO - Started process (PID=2522) to work on /home/airflow/.local/lib/python3.8/site-packages/airflow/example_dags/example_task_group_decorator.py
[2023-10-11T04:01:18.634+0000] {processor.py:829} INFO - Processing file /home/airflow/.local/lib/python3.8/site-packages/airflow/example_dags/example_task_group_decorator.py for tasks to queue
[2023-10-11T04:01:18.637+0000] {logging_mixin.py:151} INFO - [2023-10-11T04:01:18.636+0000] {dagbag.py:539} INFO - Filling up the DagBag from /home/airflow/.local/lib/python3.8/site-packages/airflow/example_dags/example_task_group_decorator.py
[2023-10-11T04:01:18.648+0000] {processor.py:839} INFO - DAG(s) dict_keys(['example_task_group_decorator']) retrieved from /home/airflow/.local/lib/python3.8/site-packages/airflow/example_dags/example_task_group_decorator.py
[2023-10-11T04:01:18.674+0000] {logging_mixin.py:151} INFO - [2023-10-11T04:01:18.673+0000] {dag.py:2915} INFO - Sync 1 DAGs
[2023-10-11T04:01:18.691+0000] {logging_mixin.py:151} INFO - [2023-10-11T04:01:18.691+0000] {dag.py:3696} INFO - Setting next_dagrun for example_task_group_decorator to 2023-10-10T04:01:18.691479+00:00, run_after=2023-10-11T04:01:18.691479+00:00
[2023-10-11T04:01:18.711+0000] {processor.py:179} INFO - Processing /home/airflow/.local/lib/python3.8/site-packages/airflow/example_dags/example_task_group_decorator.py took 0.082 seconds
[2023-10-11T04:01:48.888+0000] {processor.py:157} INFO - Started process (PID=2579) to work on /home/airflow/.local/lib/python3.8/site-packages/airflow/example_dags/example_task_group_decorator.py
[2023-10-11T04:01:48.889+0000] {processor.py:829} INFO - Processing file /home/airflow/.local/lib/python3.8/site-packages/airflow/example_dags/example_task_group_decorator.py for tasks to queue
[2023-10-11T04:01:48.892+0000] {logging_mixin.py:151} INFO - [2023-10-11T04:01:48.892+0000] {dagbag.py:539} INFO - Filling up the DagBag from /home/airflow/.local/lib/python3.8/site-packages/airflow/example_dags/example_task_group_decorator.py
[2023-10-11T04:01:48.904+0000] {processor.py:839} INFO - DAG(s) dict_keys(['example_task_group_decorator']) retrieved from /home/airflow/.local/lib/python3.8/site-packages/airflow/example_dags/example_task_group_decorator.py
[2023-10-11T04:01:48.927+0000] {logging_mixin.py:151} INFO - [2023-10-11T04:01:48.927+0000] {dag.py:2915} INFO - Sync 1 DAGs
[2023-10-11T04:01:48.947+0000] {logging_mixin.py:151} INFO - [2023-10-11T04:01:48.947+0000] {dag.py:3696} INFO - Setting next_dagrun for example_task_group_decorator to 2023-10-10T04:01:48.947535+00:00, run_after=2023-10-11T04:01:48.947535+00:00
[2023-10-11T04:01:48.968+0000] {processor.py:179} INFO - Processing /home/airflow/.local/lib/python3.8/site-packages/airflow/example_dags/example_task_group_decorator.py took 0.083 seconds
[2023-10-11T04:02:19.505+0000] {processor.py:157} INFO - Started process (PID=2636) to work on /home/airflow/.local/lib/python3.8/site-packages/airflow/example_dags/example_task_group_decorator.py
[2023-10-11T04:02:19.507+0000] {processor.py:829} INFO - Processing file /home/airflow/.local/lib/python3.8/site-packages/airflow/example_dags/example_task_group_decorator.py for tasks to queue
[2023-10-11T04:02:19.510+0000] {logging_mixin.py:151} INFO - [2023-10-11T04:02:19.510+0000] {dagbag.py:539} INFO - Filling up the DagBag from /home/airflow/.local/lib/python3.8/site-packages/airflow/example_dags/example_task_group_decorator.py
[2023-10-11T04:02:19.524+0000] {processor.py:839} INFO - DAG(s) dict_keys(['example_task_group_decorator']) retrieved from /home/airflow/.local/lib/python3.8/site-packages/airflow/example_dags/example_task_group_decorator.py
[2023-10-11T04:02:19.553+0000] {logging_mixin.py:151} INFO - [2023-10-11T04:02:19.553+0000] {dag.py:2915} INFO - Sync 1 DAGs
[2023-10-11T04:02:19.580+0000] {logging_mixin.py:151} INFO - [2023-10-11T04:02:19.580+0000] {dag.py:3696} INFO - Setting next_dagrun for example_task_group_decorator to 2023-10-10T04:02:19.579850+00:00, run_after=2023-10-11T04:02:19.579850+00:00
[2023-10-11T04:02:19.607+0000] {processor.py:179} INFO - Processing /home/airflow/.local/lib/python3.8/site-packages/airflow/example_dags/example_task_group_decorator.py took 0.106 seconds
[2023-10-11T04:02:50.519+0000] {processor.py:157} INFO - Started process (PID=2693) to work on /home/airflow/.local/lib/python3.8/site-packages/airflow/example_dags/example_task_group_decorator.py
[2023-10-11T04:02:50.521+0000] {processor.py:829} INFO - Processing file /home/airflow/.local/lib/python3.8/site-packages/airflow/example_dags/example_task_group_decorator.py for tasks to queue
[2023-10-11T04:02:50.523+0000] {logging_mixin.py:151} INFO - [2023-10-11T04:02:50.523+0000] {dagbag.py:539} INFO - Filling up the DagBag from /home/airflow/.local/lib/python3.8/site-packages/airflow/example_dags/example_task_group_decorator.py
[2023-10-11T04:02:50.534+0000] {processor.py:839} INFO - DAG(s) dict_keys(['example_task_group_decorator']) retrieved from /home/airflow/.local/lib/python3.8/site-packages/airflow/example_dags/example_task_group_decorator.py
[2023-10-11T04:02:50.559+0000] {logging_mixin.py:151} INFO - [2023-10-11T04:02:50.558+0000] {dag.py:2915} INFO - Sync 1 DAGs
[2023-10-11T04:02:50.578+0000] {logging_mixin.py:151} INFO - [2023-10-11T04:02:50.578+0000] {dag.py:3696} INFO - Setting next_dagrun for example_task_group_decorator to 2023-10-10T04:02:50.578399+00:00, run_after=2023-10-11T04:02:50.578399+00:00
[2023-10-11T04:02:50.598+0000] {processor.py:179} INFO - Processing /home/airflow/.local/lib/python3.8/site-packages/airflow/example_dags/example_task_group_decorator.py took 0.081 seconds
[2023-10-11T04:03:21.567+0000] {processor.py:157} INFO - Started process (PID=2750) to work on /home/airflow/.local/lib/python3.8/site-packages/airflow/example_dags/example_task_group_decorator.py
[2023-10-11T04:03:21.568+0000] {processor.py:829} INFO - Processing file /home/airflow/.local/lib/python3.8/site-packages/airflow/example_dags/example_task_group_decorator.py for tasks to queue
[2023-10-11T04:03:21.570+0000] {logging_mixin.py:151} INFO - [2023-10-11T04:03:21.569+0000] {dagbag.py:539} INFO - Filling up the DagBag from /home/airflow/.local/lib/python3.8/site-packages/airflow/example_dags/example_task_group_decorator.py
[2023-10-11T04:03:21.586+0000] {processor.py:839} INFO - DAG(s) dict_keys(['example_task_group_decorator']) retrieved from /home/airflow/.local/lib/python3.8/site-packages/airflow/example_dags/example_task_group_decorator.py
[2023-10-11T04:03:21.614+0000] {logging_mixin.py:151} INFO - [2023-10-11T04:03:21.613+0000] {dag.py:2915} INFO - Sync 1 DAGs
[2023-10-11T04:03:21.640+0000] {logging_mixin.py:151} INFO - [2023-10-11T04:03:21.640+0000] {dag.py:3696} INFO - Setting next_dagrun for example_task_group_decorator to 2023-10-10T04:03:21.639873+00:00, run_after=2023-10-11T04:03:21.639873+00:00
[2023-10-11T04:03:21.664+0000] {processor.py:179} INFO - Processing /home/airflow/.local/lib/python3.8/site-packages/airflow/example_dags/example_task_group_decorator.py took 0.101 seconds
[2023-10-11T04:03:52.287+0000] {processor.py:157} INFO - Started process (PID=2809) to work on /home/airflow/.local/lib/python3.8/site-packages/airflow/example_dags/example_task_group_decorator.py
[2023-10-11T04:03:52.289+0000] {processor.py:829} INFO - Processing file /home/airflow/.local/lib/python3.8/site-packages/airflow/example_dags/example_task_group_decorator.py for tasks to queue
[2023-10-11T04:03:52.292+0000] {logging_mixin.py:151} INFO - [2023-10-11T04:03:52.291+0000] {dagbag.py:539} INFO - Filling up the DagBag from /home/airflow/.local/lib/python3.8/site-packages/airflow/example_dags/example_task_group_decorator.py
[2023-10-11T04:03:52.306+0000] {processor.py:839} INFO - DAG(s) dict_keys(['example_task_group_decorator']) retrieved from /home/airflow/.local/lib/python3.8/site-packages/airflow/example_dags/example_task_group_decorator.py
[2023-10-11T04:03:52.331+0000] {logging_mixin.py:151} INFO - [2023-10-11T04:03:52.331+0000] {dag.py:2915} INFO - Sync 1 DAGs
[2023-10-11T04:03:52.354+0000] {logging_mixin.py:151} INFO - [2023-10-11T04:03:52.354+0000] {dag.py:3696} INFO - Setting next_dagrun for example_task_group_decorator to 2023-10-10T04:03:52.354521+00:00, run_after=2023-10-11T04:03:52.354521+00:00
[2023-10-11T04:03:52.381+0000] {processor.py:179} INFO - Processing /home/airflow/.local/lib/python3.8/site-packages/airflow/example_dags/example_task_group_decorator.py took 0.098 seconds
[2023-10-11T04:04:22.486+0000] {processor.py:157} INFO - Started process (PID=2875) to work on /home/airflow/.local/lib/python3.8/site-packages/airflow/example_dags/example_task_group_decorator.py
[2023-10-11T04:04:22.488+0000] {processor.py:829} INFO - Processing file /home/airflow/.local/lib/python3.8/site-packages/airflow/example_dags/example_task_group_decorator.py for tasks to queue
[2023-10-11T04:04:22.491+0000] {logging_mixin.py:151} INFO - [2023-10-11T04:04:22.490+0000] {dagbag.py:539} INFO - Filling up the DagBag from /home/airflow/.local/lib/python3.8/site-packages/airflow/example_dags/example_task_group_decorator.py
[2023-10-11T04:04:22.505+0000] {processor.py:839} INFO - DAG(s) dict_keys(['example_task_group_decorator']) retrieved from /home/airflow/.local/lib/python3.8/site-packages/airflow/example_dags/example_task_group_decorator.py
[2023-10-11T04:04:22.528+0000] {logging_mixin.py:151} INFO - [2023-10-11T04:04:22.527+0000] {dag.py:2915} INFO - Sync 1 DAGs
[2023-10-11T04:04:22.551+0000] {logging_mixin.py:151} INFO - [2023-10-11T04:04:22.551+0000] {dag.py:3696} INFO - Setting next_dagrun for example_task_group_decorator to 2023-10-10T04:04:22.550931+00:00, run_after=2023-10-11T04:04:22.550931+00:00
[2023-10-11T04:04:22.572+0000] {processor.py:179} INFO - Processing /home/airflow/.local/lib/python3.8/site-packages/airflow/example_dags/example_task_group_decorator.py took 0.088 seconds
