[2023-10-11T03:39:27.740+0000] {processor.py:157} INFO - Started process (PID=60) to work on /home/airflow/.local/lib/python3.8/site-packages/airflow/example_dags/example_dynamic_task_mapping_with_no_taskflow_operators.py
[2023-10-11T03:39:27.742+0000] {processor.py:829} INFO - Processing file /home/airflow/.local/lib/python3.8/site-packages/airflow/example_dags/example_dynamic_task_mapping_with_no_taskflow_operators.py for tasks to queue
[2023-10-11T03:39:27.745+0000] {logging_mixin.py:151} INFO - [2023-10-11T03:39:27.744+0000] {dagbag.py:539} INFO - Filling up the DagBag from /home/airflow/.local/lib/python3.8/site-packages/airflow/example_dags/example_dynamic_task_mapping_with_no_taskflow_operators.py
[2023-10-11T03:39:27.756+0000] {processor.py:839} INFO - DAG(s) dict_keys(['example_dynamic_task_mapping_with_no_taskflow_operators']) retrieved from /home/airflow/.local/lib/python3.8/site-packages/airflow/example_dags/example_dynamic_task_mapping_with_no_taskflow_operators.py
[2023-10-11T03:39:27.788+0000] {logging_mixin.py:151} INFO - [2023-10-11T03:39:27.787+0000] {dag.py:2915} INFO - Sync 1 DAGs
[2023-10-11T03:39:27.815+0000] {logging_mixin.py:151} INFO - [2023-10-11T03:39:27.814+0000] {dag.py:3696} INFO - Setting next_dagrun for example_dynamic_task_mapping_with_no_taskflow_operators to 2023-10-10T03:39:27.814652+00:00, run_after=2023-10-11T03:39:27.814652+00:00
[2023-10-11T03:39:27.846+0000] {processor.py:179} INFO - Processing /home/airflow/.local/lib/python3.8/site-packages/airflow/example_dags/example_dynamic_task_mapping_with_no_taskflow_operators.py took 0.109 seconds
[2023-10-11T03:39:58.764+0000] {processor.py:157} INFO - Started process (PID=117) to work on /home/airflow/.local/lib/python3.8/site-packages/airflow/example_dags/example_dynamic_task_mapping_with_no_taskflow_operators.py
[2023-10-11T03:39:58.769+0000] {processor.py:829} INFO - Processing file /home/airflow/.local/lib/python3.8/site-packages/airflow/example_dags/example_dynamic_task_mapping_with_no_taskflow_operators.py for tasks to queue
[2023-10-11T03:39:58.771+0000] {logging_mixin.py:151} INFO - [2023-10-11T03:39:58.771+0000] {dagbag.py:539} INFO - Filling up the DagBag from /home/airflow/.local/lib/python3.8/site-packages/airflow/example_dags/example_dynamic_task_mapping_with_no_taskflow_operators.py
[2023-10-11T03:39:58.777+0000] {processor.py:839} INFO - DAG(s) dict_keys(['example_dynamic_task_mapping_with_no_taskflow_operators']) retrieved from /home/airflow/.local/lib/python3.8/site-packages/airflow/example_dags/example_dynamic_task_mapping_with_no_taskflow_operators.py
[2023-10-11T03:39:58.800+0000] {logging_mixin.py:151} INFO - [2023-10-11T03:39:58.799+0000] {dag.py:2915} INFO - Sync 1 DAGs
[2023-10-11T03:39:58.819+0000] {logging_mixin.py:151} INFO - [2023-10-11T03:39:58.819+0000] {dag.py:3696} INFO - Setting next_dagrun for example_dynamic_task_mapping_with_no_taskflow_operators to 2023-10-10T03:39:58.819196+00:00, run_after=2023-10-11T03:39:58.819196+00:00
[2023-10-11T03:39:58.838+0000] {processor.py:179} INFO - Processing /home/airflow/.local/lib/python3.8/site-packages/airflow/example_dags/example_dynamic_task_mapping_with_no_taskflow_operators.py took 0.079 seconds
[2023-10-11T03:40:29.266+0000] {processor.py:157} INFO - Started process (PID=174) to work on /home/airflow/.local/lib/python3.8/site-packages/airflow/example_dags/example_dynamic_task_mapping_with_no_taskflow_operators.py
[2023-10-11T03:40:29.267+0000] {processor.py:829} INFO - Processing file /home/airflow/.local/lib/python3.8/site-packages/airflow/example_dags/example_dynamic_task_mapping_with_no_taskflow_operators.py for tasks to queue
[2023-10-11T03:40:29.270+0000] {logging_mixin.py:151} INFO - [2023-10-11T03:40:29.270+0000] {dagbag.py:539} INFO - Filling up the DagBag from /home/airflow/.local/lib/python3.8/site-packages/airflow/example_dags/example_dynamic_task_mapping_with_no_taskflow_operators.py
[2023-10-11T03:40:29.275+0000] {processor.py:839} INFO - DAG(s) dict_keys(['example_dynamic_task_mapping_with_no_taskflow_operators']) retrieved from /home/airflow/.local/lib/python3.8/site-packages/airflow/example_dags/example_dynamic_task_mapping_with_no_taskflow_operators.py
[2023-10-11T03:40:29.295+0000] {logging_mixin.py:151} INFO - [2023-10-11T03:40:29.295+0000] {dag.py:2915} INFO - Sync 1 DAGs
[2023-10-11T03:40:29.316+0000] {logging_mixin.py:151} INFO - [2023-10-11T03:40:29.315+0000] {dag.py:3696} INFO - Setting next_dagrun for example_dynamic_task_mapping_with_no_taskflow_operators to 2023-10-10T03:40:29.315127+00:00, run_after=2023-10-11T03:40:29.315127+00:00
[2023-10-11T03:40:29.334+0000] {processor.py:179} INFO - Processing /home/airflow/.local/lib/python3.8/site-packages/airflow/example_dags/example_dynamic_task_mapping_with_no_taskflow_operators.py took 0.071 seconds
[2023-10-11T03:40:59.915+0000] {processor.py:157} INFO - Started process (PID=231) to work on /home/airflow/.local/lib/python3.8/site-packages/airflow/example_dags/example_dynamic_task_mapping_with_no_taskflow_operators.py
[2023-10-11T03:40:59.917+0000] {processor.py:829} INFO - Processing file /home/airflow/.local/lib/python3.8/site-packages/airflow/example_dags/example_dynamic_task_mapping_with_no_taskflow_operators.py for tasks to queue
[2023-10-11T03:40:59.922+0000] {logging_mixin.py:151} INFO - [2023-10-11T03:40:59.921+0000] {dagbag.py:539} INFO - Filling up the DagBag from /home/airflow/.local/lib/python3.8/site-packages/airflow/example_dags/example_dynamic_task_mapping_with_no_taskflow_operators.py
[2023-10-11T03:40:59.933+0000] {processor.py:839} INFO - DAG(s) dict_keys(['example_dynamic_task_mapping_with_no_taskflow_operators']) retrieved from /home/airflow/.local/lib/python3.8/site-packages/airflow/example_dags/example_dynamic_task_mapping_with_no_taskflow_operators.py
[2023-10-11T03:40:59.966+0000] {logging_mixin.py:151} INFO - [2023-10-11T03:40:59.966+0000] {dag.py:2915} INFO - Sync 1 DAGs
[2023-10-11T03:41:00.003+0000] {logging_mixin.py:151} INFO - [2023-10-11T03:41:00.003+0000] {dag.py:3696} INFO - Setting next_dagrun for example_dynamic_task_mapping_with_no_taskflow_operators to 2023-10-10T03:41:00.002875+00:00, run_after=2023-10-11T03:41:00.002875+00:00
[2023-10-11T03:41:00.040+0000] {processor.py:179} INFO - Processing /home/airflow/.local/lib/python3.8/site-packages/airflow/example_dags/example_dynamic_task_mapping_with_no_taskflow_operators.py took 0.130 seconds
[2023-10-11T03:41:30.189+0000] {processor.py:157} INFO - Started process (PID=288) to work on /home/airflow/.local/lib/python3.8/site-packages/airflow/example_dags/example_dynamic_task_mapping_with_no_taskflow_operators.py
[2023-10-11T03:41:30.192+0000] {processor.py:829} INFO - Processing file /home/airflow/.local/lib/python3.8/site-packages/airflow/example_dags/example_dynamic_task_mapping_with_no_taskflow_operators.py for tasks to queue
[2023-10-11T03:41:30.195+0000] {logging_mixin.py:151} INFO - [2023-10-11T03:41:30.195+0000] {dagbag.py:539} INFO - Filling up the DagBag from /home/airflow/.local/lib/python3.8/site-packages/airflow/example_dags/example_dynamic_task_mapping_with_no_taskflow_operators.py
[2023-10-11T03:41:30.206+0000] {processor.py:839} INFO - DAG(s) dict_keys(['example_dynamic_task_mapping_with_no_taskflow_operators']) retrieved from /home/airflow/.local/lib/python3.8/site-packages/airflow/example_dags/example_dynamic_task_mapping_with_no_taskflow_operators.py
[2023-10-11T03:41:30.236+0000] {logging_mixin.py:151} INFO - [2023-10-11T03:41:30.236+0000] {dag.py:2915} INFO - Sync 1 DAGs
[2023-10-11T03:41:30.277+0000] {logging_mixin.py:151} INFO - [2023-10-11T03:41:30.276+0000] {dag.py:3696} INFO - Setting next_dagrun for example_dynamic_task_mapping_with_no_taskflow_operators to 2023-10-10T03:41:30.272509+00:00, run_after=2023-10-11T03:41:30.272509+00:00
[2023-10-11T03:41:30.327+0000] {processor.py:179} INFO - Processing /home/airflow/.local/lib/python3.8/site-packages/airflow/example_dags/example_dynamic_task_mapping_with_no_taskflow_operators.py took 0.143 seconds
[2023-10-11T03:42:00.465+0000] {processor.py:157} INFO - Started process (PID=345) to work on /home/airflow/.local/lib/python3.8/site-packages/airflow/example_dags/example_dynamic_task_mapping_with_no_taskflow_operators.py
[2023-10-11T03:42:00.466+0000] {processor.py:829} INFO - Processing file /home/airflow/.local/lib/python3.8/site-packages/airflow/example_dags/example_dynamic_task_mapping_with_no_taskflow_operators.py for tasks to queue
[2023-10-11T03:42:00.469+0000] {logging_mixin.py:151} INFO - [2023-10-11T03:42:00.468+0000] {dagbag.py:539} INFO - Filling up the DagBag from /home/airflow/.local/lib/python3.8/site-packages/airflow/example_dags/example_dynamic_task_mapping_with_no_taskflow_operators.py
[2023-10-11T03:42:00.474+0000] {processor.py:839} INFO - DAG(s) dict_keys(['example_dynamic_task_mapping_with_no_taskflow_operators']) retrieved from /home/airflow/.local/lib/python3.8/site-packages/airflow/example_dags/example_dynamic_task_mapping_with_no_taskflow_operators.py
[2023-10-11T03:42:00.496+0000] {logging_mixin.py:151} INFO - [2023-10-11T03:42:00.496+0000] {dag.py:2915} INFO - Sync 1 DAGs
[2023-10-11T03:42:00.516+0000] {logging_mixin.py:151} INFO - [2023-10-11T03:42:00.516+0000] {dag.py:3696} INFO - Setting next_dagrun for example_dynamic_task_mapping_with_no_taskflow_operators to 2023-10-10T03:42:00.514925+00:00, run_after=2023-10-11T03:42:00.514925+00:00
[2023-10-11T03:42:00.537+0000] {processor.py:179} INFO - Processing /home/airflow/.local/lib/python3.8/site-packages/airflow/example_dags/example_dynamic_task_mapping_with_no_taskflow_operators.py took 0.075 seconds
[2023-10-11T03:42:31.214+0000] {processor.py:157} INFO - Started process (PID=402) to work on /home/airflow/.local/lib/python3.8/site-packages/airflow/example_dags/example_dynamic_task_mapping_with_no_taskflow_operators.py
[2023-10-11T03:42:31.215+0000] {processor.py:829} INFO - Processing file /home/airflow/.local/lib/python3.8/site-packages/airflow/example_dags/example_dynamic_task_mapping_with_no_taskflow_operators.py for tasks to queue
[2023-10-11T03:42:31.218+0000] {logging_mixin.py:151} INFO - [2023-10-11T03:42:31.217+0000] {dagbag.py:539} INFO - Filling up the DagBag from /home/airflow/.local/lib/python3.8/site-packages/airflow/example_dags/example_dynamic_task_mapping_with_no_taskflow_operators.py
[2023-10-11T03:42:31.224+0000] {processor.py:839} INFO - DAG(s) dict_keys(['example_dynamic_task_mapping_with_no_taskflow_operators']) retrieved from /home/airflow/.local/lib/python3.8/site-packages/airflow/example_dags/example_dynamic_task_mapping_with_no_taskflow_operators.py
[2023-10-11T03:42:31.247+0000] {logging_mixin.py:151} INFO - [2023-10-11T03:42:31.246+0000] {dag.py:2915} INFO - Sync 1 DAGs
[2023-10-11T03:42:31.272+0000] {logging_mixin.py:151} INFO - [2023-10-11T03:42:31.272+0000] {dag.py:3696} INFO - Setting next_dagrun for example_dynamic_task_mapping_with_no_taskflow_operators to 2023-10-10T03:42:31.271098+00:00, run_after=2023-10-11T03:42:31.271098+00:00
[2023-10-11T03:42:31.299+0000] {processor.py:179} INFO - Processing /home/airflow/.local/lib/python3.8/site-packages/airflow/example_dags/example_dynamic_task_mapping_with_no_taskflow_operators.py took 0.089 seconds
[2023-10-11T03:43:01.841+0000] {processor.py:157} INFO - Started process (PID=458) to work on /home/airflow/.local/lib/python3.8/site-packages/airflow/example_dags/example_dynamic_task_mapping_with_no_taskflow_operators.py
[2023-10-11T03:43:01.845+0000] {processor.py:829} INFO - Processing file /home/airflow/.local/lib/python3.8/site-packages/airflow/example_dags/example_dynamic_task_mapping_with_no_taskflow_operators.py for tasks to queue
[2023-10-11T03:43:01.852+0000] {logging_mixin.py:151} INFO - [2023-10-11T03:43:01.851+0000] {dagbag.py:539} INFO - Filling up the DagBag from /home/airflow/.local/lib/python3.8/site-packages/airflow/example_dags/example_dynamic_task_mapping_with_no_taskflow_operators.py
[2023-10-11T03:43:01.866+0000] {processor.py:839} INFO - DAG(s) dict_keys(['example_dynamic_task_mapping_with_no_taskflow_operators']) retrieved from /home/airflow/.local/lib/python3.8/site-packages/airflow/example_dags/example_dynamic_task_mapping_with_no_taskflow_operators.py
[2023-10-11T03:43:01.893+0000] {logging_mixin.py:151} INFO - [2023-10-11T03:43:01.892+0000] {dag.py:2915} INFO - Sync 1 DAGs
[2023-10-11T03:43:01.916+0000] {logging_mixin.py:151} INFO - [2023-10-11T03:43:01.916+0000] {dag.py:3696} INFO - Setting next_dagrun for example_dynamic_task_mapping_with_no_taskflow_operators to 2023-10-10T03:43:01.915832+00:00, run_after=2023-10-11T03:43:01.915832+00:00
[2023-10-11T03:43:01.937+0000] {processor.py:179} INFO - Processing /home/airflow/.local/lib/python3.8/site-packages/airflow/example_dags/example_dynamic_task_mapping_with_no_taskflow_operators.py took 0.105 seconds
[2023-10-11T03:43:32.126+0000] {processor.py:157} INFO - Started process (PID=515) to work on /home/airflow/.local/lib/python3.8/site-packages/airflow/example_dags/example_dynamic_task_mapping_with_no_taskflow_operators.py
[2023-10-11T03:43:32.127+0000] {processor.py:829} INFO - Processing file /home/airflow/.local/lib/python3.8/site-packages/airflow/example_dags/example_dynamic_task_mapping_with_no_taskflow_operators.py for tasks to queue
[2023-10-11T03:43:32.129+0000] {logging_mixin.py:151} INFO - [2023-10-11T03:43:32.129+0000] {dagbag.py:539} INFO - Filling up the DagBag from /home/airflow/.local/lib/python3.8/site-packages/airflow/example_dags/example_dynamic_task_mapping_with_no_taskflow_operators.py
[2023-10-11T03:43:32.135+0000] {processor.py:839} INFO - DAG(s) dict_keys(['example_dynamic_task_mapping_with_no_taskflow_operators']) retrieved from /home/airflow/.local/lib/python3.8/site-packages/airflow/example_dags/example_dynamic_task_mapping_with_no_taskflow_operators.py
[2023-10-11T03:43:32.156+0000] {logging_mixin.py:151} INFO - [2023-10-11T03:43:32.156+0000] {dag.py:2915} INFO - Sync 1 DAGs
[2023-10-11T03:43:32.183+0000] {logging_mixin.py:151} INFO - [2023-10-11T03:43:32.182+0000] {dag.py:3696} INFO - Setting next_dagrun for example_dynamic_task_mapping_with_no_taskflow_operators to 2023-10-10T03:43:32.181038+00:00, run_after=2023-10-11T03:43:32.181038+00:00
[2023-10-11T03:43:32.209+0000] {processor.py:179} INFO - Processing /home/airflow/.local/lib/python3.8/site-packages/airflow/example_dags/example_dynamic_task_mapping_with_no_taskflow_operators.py took 0.085 seconds
[2023-10-11T03:44:02.484+0000] {processor.py:157} INFO - Started process (PID=572) to work on /home/airflow/.local/lib/python3.8/site-packages/airflow/example_dags/example_dynamic_task_mapping_with_no_taskflow_operators.py
[2023-10-11T03:44:02.485+0000] {processor.py:829} INFO - Processing file /home/airflow/.local/lib/python3.8/site-packages/airflow/example_dags/example_dynamic_task_mapping_with_no_taskflow_operators.py for tasks to queue
[2023-10-11T03:44:02.489+0000] {logging_mixin.py:151} INFO - [2023-10-11T03:44:02.488+0000] {dagbag.py:539} INFO - Filling up the DagBag from /home/airflow/.local/lib/python3.8/site-packages/airflow/example_dags/example_dynamic_task_mapping_with_no_taskflow_operators.py
[2023-10-11T03:44:02.496+0000] {processor.py:839} INFO - DAG(s) dict_keys(['example_dynamic_task_mapping_with_no_taskflow_operators']) retrieved from /home/airflow/.local/lib/python3.8/site-packages/airflow/example_dags/example_dynamic_task_mapping_with_no_taskflow_operators.py
[2023-10-11T03:44:02.530+0000] {logging_mixin.py:151} INFO - [2023-10-11T03:44:02.530+0000] {dag.py:2915} INFO - Sync 1 DAGs
[2023-10-11T03:44:02.562+0000] {logging_mixin.py:151} INFO - [2023-10-11T03:44:02.562+0000] {dag.py:3696} INFO - Setting next_dagrun for example_dynamic_task_mapping_with_no_taskflow_operators to 2023-10-10T03:44:02.561064+00:00, run_after=2023-10-11T03:44:02.561064+00:00
[2023-10-11T03:44:02.593+0000] {processor.py:179} INFO - Processing /home/airflow/.local/lib/python3.8/site-packages/airflow/example_dags/example_dynamic_task_mapping_with_no_taskflow_operators.py took 0.112 seconds
[2023-10-11T03:44:33.053+0000] {processor.py:157} INFO - Started process (PID=629) to work on /home/airflow/.local/lib/python3.8/site-packages/airflow/example_dags/example_dynamic_task_mapping_with_no_taskflow_operators.py
[2023-10-11T03:44:33.054+0000] {processor.py:829} INFO - Processing file /home/airflow/.local/lib/python3.8/site-packages/airflow/example_dags/example_dynamic_task_mapping_with_no_taskflow_operators.py for tasks to queue
[2023-10-11T03:44:33.057+0000] {logging_mixin.py:151} INFO - [2023-10-11T03:44:33.056+0000] {dagbag.py:539} INFO - Filling up the DagBag from /home/airflow/.local/lib/python3.8/site-packages/airflow/example_dags/example_dynamic_task_mapping_with_no_taskflow_operators.py
[2023-10-11T03:44:33.064+0000] {processor.py:839} INFO - DAG(s) dict_keys(['example_dynamic_task_mapping_with_no_taskflow_operators']) retrieved from /home/airflow/.local/lib/python3.8/site-packages/airflow/example_dags/example_dynamic_task_mapping_with_no_taskflow_operators.py
[2023-10-11T03:44:33.092+0000] {logging_mixin.py:151} INFO - [2023-10-11T03:44:33.092+0000] {dag.py:2915} INFO - Sync 1 DAGs
[2023-10-11T03:44:33.125+0000] {logging_mixin.py:151} INFO - [2023-10-11T03:44:33.125+0000] {dag.py:3696} INFO - Setting next_dagrun for example_dynamic_task_mapping_with_no_taskflow_operators to 2023-10-10T03:44:33.124632+00:00, run_after=2023-10-11T03:44:33.124632+00:00
[2023-10-11T03:44:33.151+0000] {processor.py:179} INFO - Processing /home/airflow/.local/lib/python3.8/site-packages/airflow/example_dags/example_dynamic_task_mapping_with_no_taskflow_operators.py took 0.101 seconds
[2023-10-11T03:45:03.462+0000] {processor.py:157} INFO - Started process (PID=686) to work on /home/airflow/.local/lib/python3.8/site-packages/airflow/example_dags/example_dynamic_task_mapping_with_no_taskflow_operators.py
[2023-10-11T03:45:03.464+0000] {processor.py:829} INFO - Processing file /home/airflow/.local/lib/python3.8/site-packages/airflow/example_dags/example_dynamic_task_mapping_with_no_taskflow_operators.py for tasks to queue
[2023-10-11T03:45:03.467+0000] {logging_mixin.py:151} INFO - [2023-10-11T03:45:03.466+0000] {dagbag.py:539} INFO - Filling up the DagBag from /home/airflow/.local/lib/python3.8/site-packages/airflow/example_dags/example_dynamic_task_mapping_with_no_taskflow_operators.py
[2023-10-11T03:45:03.473+0000] {processor.py:839} INFO - DAG(s) dict_keys(['example_dynamic_task_mapping_with_no_taskflow_operators']) retrieved from /home/airflow/.local/lib/python3.8/site-packages/airflow/example_dags/example_dynamic_task_mapping_with_no_taskflow_operators.py
[2023-10-11T03:45:03.500+0000] {logging_mixin.py:151} INFO - [2023-10-11T03:45:03.499+0000] {dag.py:2915} INFO - Sync 1 DAGs
[2023-10-11T03:45:03.520+0000] {logging_mixin.py:151} INFO - [2023-10-11T03:45:03.520+0000] {dag.py:3696} INFO - Setting next_dagrun for example_dynamic_task_mapping_with_no_taskflow_operators to 2023-10-10T03:45:03.519983+00:00, run_after=2023-10-11T03:45:03.519983+00:00
[2023-10-11T03:45:03.553+0000] {processor.py:179} INFO - Processing /home/airflow/.local/lib/python3.8/site-packages/airflow/example_dags/example_dynamic_task_mapping_with_no_taskflow_operators.py took 0.094 seconds
[2023-10-11T03:45:33.926+0000] {processor.py:157} INFO - Started process (PID=743) to work on /home/airflow/.local/lib/python3.8/site-packages/airflow/example_dags/example_dynamic_task_mapping_with_no_taskflow_operators.py
[2023-10-11T03:45:33.928+0000] {processor.py:829} INFO - Processing file /home/airflow/.local/lib/python3.8/site-packages/airflow/example_dags/example_dynamic_task_mapping_with_no_taskflow_operators.py for tasks to queue
[2023-10-11T03:45:33.931+0000] {logging_mixin.py:151} INFO - [2023-10-11T03:45:33.931+0000] {dagbag.py:539} INFO - Filling up the DagBag from /home/airflow/.local/lib/python3.8/site-packages/airflow/example_dags/example_dynamic_task_mapping_with_no_taskflow_operators.py
[2023-10-11T03:45:33.938+0000] {processor.py:839} INFO - DAG(s) dict_keys(['example_dynamic_task_mapping_with_no_taskflow_operators']) retrieved from /home/airflow/.local/lib/python3.8/site-packages/airflow/example_dags/example_dynamic_task_mapping_with_no_taskflow_operators.py
[2023-10-11T03:45:33.959+0000] {logging_mixin.py:151} INFO - [2023-10-11T03:45:33.958+0000] {dag.py:2915} INFO - Sync 1 DAGs
[2023-10-11T03:45:33.977+0000] {logging_mixin.py:151} INFO - [2023-10-11T03:45:33.977+0000] {dag.py:3696} INFO - Setting next_dagrun for example_dynamic_task_mapping_with_no_taskflow_operators to 2023-10-10T03:45:33.976998+00:00, run_after=2023-10-11T03:45:33.976998+00:00
[2023-10-11T03:45:33.996+0000] {processor.py:179} INFO - Processing /home/airflow/.local/lib/python3.8/site-packages/airflow/example_dags/example_dynamic_task_mapping_with_no_taskflow_operators.py took 0.073 seconds
[2023-10-11T03:46:04.307+0000] {processor.py:157} INFO - Started process (PID=800) to work on /home/airflow/.local/lib/python3.8/site-packages/airflow/example_dags/example_dynamic_task_mapping_with_no_taskflow_operators.py
[2023-10-11T03:46:04.309+0000] {processor.py:829} INFO - Processing file /home/airflow/.local/lib/python3.8/site-packages/airflow/example_dags/example_dynamic_task_mapping_with_no_taskflow_operators.py for tasks to queue
[2023-10-11T03:46:04.311+0000] {logging_mixin.py:151} INFO - [2023-10-11T03:46:04.311+0000] {dagbag.py:539} INFO - Filling up the DagBag from /home/airflow/.local/lib/python3.8/site-packages/airflow/example_dags/example_dynamic_task_mapping_with_no_taskflow_operators.py
[2023-10-11T03:46:04.319+0000] {processor.py:839} INFO - DAG(s) dict_keys(['example_dynamic_task_mapping_with_no_taskflow_operators']) retrieved from /home/airflow/.local/lib/python3.8/site-packages/airflow/example_dags/example_dynamic_task_mapping_with_no_taskflow_operators.py
[2023-10-11T03:46:04.344+0000] {logging_mixin.py:151} INFO - [2023-10-11T03:46:04.344+0000] {dag.py:2915} INFO - Sync 1 DAGs
[2023-10-11T03:46:04.363+0000] {logging_mixin.py:151} INFO - [2023-10-11T03:46:04.362+0000] {dag.py:3696} INFO - Setting next_dagrun for example_dynamic_task_mapping_with_no_taskflow_operators to 2023-10-10T03:46:04.362547+00:00, run_after=2023-10-11T03:46:04.362547+00:00
[2023-10-11T03:46:04.386+0000] {processor.py:179} INFO - Processing /home/airflow/.local/lib/python3.8/site-packages/airflow/example_dags/example_dynamic_task_mapping_with_no_taskflow_operators.py took 0.082 seconds
[2023-10-11T03:46:34.954+0000] {processor.py:157} INFO - Started process (PID=857) to work on /home/airflow/.local/lib/python3.8/site-packages/airflow/example_dags/example_dynamic_task_mapping_with_no_taskflow_operators.py
[2023-10-11T03:46:34.955+0000] {processor.py:829} INFO - Processing file /home/airflow/.local/lib/python3.8/site-packages/airflow/example_dags/example_dynamic_task_mapping_with_no_taskflow_operators.py for tasks to queue
[2023-10-11T03:46:34.959+0000] {logging_mixin.py:151} INFO - [2023-10-11T03:46:34.959+0000] {dagbag.py:539} INFO - Filling up the DagBag from /home/airflow/.local/lib/python3.8/site-packages/airflow/example_dags/example_dynamic_task_mapping_with_no_taskflow_operators.py
[2023-10-11T03:46:34.968+0000] {processor.py:839} INFO - DAG(s) dict_keys(['example_dynamic_task_mapping_with_no_taskflow_operators']) retrieved from /home/airflow/.local/lib/python3.8/site-packages/airflow/example_dags/example_dynamic_task_mapping_with_no_taskflow_operators.py
[2023-10-11T03:46:34.993+0000] {logging_mixin.py:151} INFO - [2023-10-11T03:46:34.992+0000] {dag.py:2915} INFO - Sync 1 DAGs
[2023-10-11T03:46:35.014+0000] {logging_mixin.py:151} INFO - [2023-10-11T03:46:35.013+0000] {dag.py:3696} INFO - Setting next_dagrun for example_dynamic_task_mapping_with_no_taskflow_operators to 2023-10-10T03:46:35.013431+00:00, run_after=2023-10-11T03:46:35.013431+00:00
[2023-10-11T03:46:35.046+0000] {processor.py:179} INFO - Processing /home/airflow/.local/lib/python3.8/site-packages/airflow/example_dags/example_dynamic_task_mapping_with_no_taskflow_operators.py took 0.095 seconds
[2023-10-11T03:47:05.668+0000] {processor.py:157} INFO - Started process (PID=914) to work on /home/airflow/.local/lib/python3.8/site-packages/airflow/example_dags/example_dynamic_task_mapping_with_no_taskflow_operators.py
[2023-10-11T03:47:05.669+0000] {processor.py:829} INFO - Processing file /home/airflow/.local/lib/python3.8/site-packages/airflow/example_dags/example_dynamic_task_mapping_with_no_taskflow_operators.py for tasks to queue
[2023-10-11T03:47:05.672+0000] {logging_mixin.py:151} INFO - [2023-10-11T03:47:05.672+0000] {dagbag.py:539} INFO - Filling up the DagBag from /home/airflow/.local/lib/python3.8/site-packages/airflow/example_dags/example_dynamic_task_mapping_with_no_taskflow_operators.py
[2023-10-11T03:47:05.679+0000] {processor.py:839} INFO - DAG(s) dict_keys(['example_dynamic_task_mapping_with_no_taskflow_operators']) retrieved from /home/airflow/.local/lib/python3.8/site-packages/airflow/example_dags/example_dynamic_task_mapping_with_no_taskflow_operators.py
[2023-10-11T03:47:05.703+0000] {logging_mixin.py:151} INFO - [2023-10-11T03:47:05.703+0000] {dag.py:2915} INFO - Sync 1 DAGs
[2023-10-11T03:47:05.727+0000] {logging_mixin.py:151} INFO - [2023-10-11T03:47:05.727+0000] {dag.py:3696} INFO - Setting next_dagrun for example_dynamic_task_mapping_with_no_taskflow_operators to 2023-10-10T03:47:05.726577+00:00, run_after=2023-10-11T03:47:05.726577+00:00
[2023-10-11T03:47:05.754+0000] {processor.py:179} INFO - Processing /home/airflow/.local/lib/python3.8/site-packages/airflow/example_dags/example_dynamic_task_mapping_with_no_taskflow_operators.py took 0.089 seconds
[2023-10-11T03:47:35.870+0000] {processor.py:157} INFO - Started process (PID=971) to work on /home/airflow/.local/lib/python3.8/site-packages/airflow/example_dags/example_dynamic_task_mapping_with_no_taskflow_operators.py
[2023-10-11T03:47:35.872+0000] {processor.py:829} INFO - Processing file /home/airflow/.local/lib/python3.8/site-packages/airflow/example_dags/example_dynamic_task_mapping_with_no_taskflow_operators.py for tasks to queue
[2023-10-11T03:47:35.876+0000] {logging_mixin.py:151} INFO - [2023-10-11T03:47:35.876+0000] {dagbag.py:539} INFO - Filling up the DagBag from /home/airflow/.local/lib/python3.8/site-packages/airflow/example_dags/example_dynamic_task_mapping_with_no_taskflow_operators.py
[2023-10-11T03:47:35.883+0000] {processor.py:839} INFO - DAG(s) dict_keys(['example_dynamic_task_mapping_with_no_taskflow_operators']) retrieved from /home/airflow/.local/lib/python3.8/site-packages/airflow/example_dags/example_dynamic_task_mapping_with_no_taskflow_operators.py
[2023-10-11T03:47:35.908+0000] {logging_mixin.py:151} INFO - [2023-10-11T03:47:35.908+0000] {dag.py:2915} INFO - Sync 1 DAGs
[2023-10-11T03:47:35.934+0000] {logging_mixin.py:151} INFO - [2023-10-11T03:47:35.934+0000] {dag.py:3696} INFO - Setting next_dagrun for example_dynamic_task_mapping_with_no_taskflow_operators to 2023-10-10T03:47:35.934316+00:00, run_after=2023-10-11T03:47:35.934316+00:00
[2023-10-11T03:47:35.962+0000] {processor.py:179} INFO - Processing /home/airflow/.local/lib/python3.8/site-packages/airflow/example_dags/example_dynamic_task_mapping_with_no_taskflow_operators.py took 0.095 seconds
[2023-10-11T03:48:06.267+0000] {processor.py:157} INFO - Started process (PID=1028) to work on /home/airflow/.local/lib/python3.8/site-packages/airflow/example_dags/example_dynamic_task_mapping_with_no_taskflow_operators.py
[2023-10-11T03:48:06.269+0000] {processor.py:829} INFO - Processing file /home/airflow/.local/lib/python3.8/site-packages/airflow/example_dags/example_dynamic_task_mapping_with_no_taskflow_operators.py for tasks to queue
[2023-10-11T03:48:06.274+0000] {logging_mixin.py:151} INFO - [2023-10-11T03:48:06.273+0000] {dagbag.py:539} INFO - Filling up the DagBag from /home/airflow/.local/lib/python3.8/site-packages/airflow/example_dags/example_dynamic_task_mapping_with_no_taskflow_operators.py
[2023-10-11T03:48:06.282+0000] {processor.py:839} INFO - DAG(s) dict_keys(['example_dynamic_task_mapping_with_no_taskflow_operators']) retrieved from /home/airflow/.local/lib/python3.8/site-packages/airflow/example_dags/example_dynamic_task_mapping_with_no_taskflow_operators.py
[2023-10-11T03:48:06.302+0000] {logging_mixin.py:151} INFO - [2023-10-11T03:48:06.302+0000] {dag.py:2915} INFO - Sync 1 DAGs
[2023-10-11T03:48:06.321+0000] {logging_mixin.py:151} INFO - [2023-10-11T03:48:06.321+0000] {dag.py:3696} INFO - Setting next_dagrun for example_dynamic_task_mapping_with_no_taskflow_operators to 2023-10-10T03:48:06.320955+00:00, run_after=2023-10-11T03:48:06.320955+00:00
[2023-10-11T03:48:06.341+0000] {processor.py:179} INFO - Processing /home/airflow/.local/lib/python3.8/site-packages/airflow/example_dags/example_dynamic_task_mapping_with_no_taskflow_operators.py took 0.076 seconds
[2023-10-11T03:48:36.886+0000] {processor.py:157} INFO - Started process (PID=1085) to work on /home/airflow/.local/lib/python3.8/site-packages/airflow/example_dags/example_dynamic_task_mapping_with_no_taskflow_operators.py
[2023-10-11T03:48:36.887+0000] {processor.py:829} INFO - Processing file /home/airflow/.local/lib/python3.8/site-packages/airflow/example_dags/example_dynamic_task_mapping_with_no_taskflow_operators.py for tasks to queue
[2023-10-11T03:48:36.889+0000] {logging_mixin.py:151} INFO - [2023-10-11T03:48:36.889+0000] {dagbag.py:539} INFO - Filling up the DagBag from /home/airflow/.local/lib/python3.8/site-packages/airflow/example_dags/example_dynamic_task_mapping_with_no_taskflow_operators.py
[2023-10-11T03:48:36.895+0000] {processor.py:839} INFO - DAG(s) dict_keys(['example_dynamic_task_mapping_with_no_taskflow_operators']) retrieved from /home/airflow/.local/lib/python3.8/site-packages/airflow/example_dags/example_dynamic_task_mapping_with_no_taskflow_operators.py
[2023-10-11T03:48:36.917+0000] {logging_mixin.py:151} INFO - [2023-10-11T03:48:36.917+0000] {dag.py:2915} INFO - Sync 1 DAGs
[2023-10-11T03:48:36.938+0000] {logging_mixin.py:151} INFO - [2023-10-11T03:48:36.938+0000] {dag.py:3696} INFO - Setting next_dagrun for example_dynamic_task_mapping_with_no_taskflow_operators to 2023-10-10T03:48:36.938027+00:00, run_after=2023-10-11T03:48:36.938027+00:00
[2023-10-11T03:48:36.958+0000] {processor.py:179} INFO - Processing /home/airflow/.local/lib/python3.8/site-packages/airflow/example_dags/example_dynamic_task_mapping_with_no_taskflow_operators.py took 0.076 seconds
[2023-10-11T03:49:07.341+0000] {processor.py:157} INFO - Started process (PID=1142) to work on /home/airflow/.local/lib/python3.8/site-packages/airflow/example_dags/example_dynamic_task_mapping_with_no_taskflow_operators.py
[2023-10-11T03:49:07.342+0000] {processor.py:829} INFO - Processing file /home/airflow/.local/lib/python3.8/site-packages/airflow/example_dags/example_dynamic_task_mapping_with_no_taskflow_operators.py for tasks to queue
[2023-10-11T03:49:07.346+0000] {logging_mixin.py:151} INFO - [2023-10-11T03:49:07.346+0000] {dagbag.py:539} INFO - Filling up the DagBag from /home/airflow/.local/lib/python3.8/site-packages/airflow/example_dags/example_dynamic_task_mapping_with_no_taskflow_operators.py
[2023-10-11T03:49:07.353+0000] {processor.py:839} INFO - DAG(s) dict_keys(['example_dynamic_task_mapping_with_no_taskflow_operators']) retrieved from /home/airflow/.local/lib/python3.8/site-packages/airflow/example_dags/example_dynamic_task_mapping_with_no_taskflow_operators.py
[2023-10-11T03:49:07.378+0000] {logging_mixin.py:151} INFO - [2023-10-11T03:49:07.377+0000] {dag.py:2915} INFO - Sync 1 DAGs
[2023-10-11T03:49:07.401+0000] {logging_mixin.py:151} INFO - [2023-10-11T03:49:07.401+0000] {dag.py:3696} INFO - Setting next_dagrun for example_dynamic_task_mapping_with_no_taskflow_operators to 2023-10-10T03:49:07.400445+00:00, run_after=2023-10-11T03:49:07.400445+00:00
[2023-10-11T03:49:07.428+0000] {processor.py:179} INFO - Processing /home/airflow/.local/lib/python3.8/site-packages/airflow/example_dags/example_dynamic_task_mapping_with_no_taskflow_operators.py took 0.090 seconds
[2023-10-11T03:49:37.709+0000] {processor.py:157} INFO - Started process (PID=1206) to work on /home/airflow/.local/lib/python3.8/site-packages/airflow/example_dags/example_dynamic_task_mapping_with_no_taskflow_operators.py
[2023-10-11T03:49:37.712+0000] {processor.py:829} INFO - Processing file /home/airflow/.local/lib/python3.8/site-packages/airflow/example_dags/example_dynamic_task_mapping_with_no_taskflow_operators.py for tasks to queue
[2023-10-11T03:49:37.715+0000] {logging_mixin.py:151} INFO - [2023-10-11T03:49:37.715+0000] {dagbag.py:539} INFO - Filling up the DagBag from /home/airflow/.local/lib/python3.8/site-packages/airflow/example_dags/example_dynamic_task_mapping_with_no_taskflow_operators.py
[2023-10-11T03:49:37.722+0000] {processor.py:839} INFO - DAG(s) dict_keys(['example_dynamic_task_mapping_with_no_taskflow_operators']) retrieved from /home/airflow/.local/lib/python3.8/site-packages/airflow/example_dags/example_dynamic_task_mapping_with_no_taskflow_operators.py
[2023-10-11T03:49:37.745+0000] {logging_mixin.py:151} INFO - [2023-10-11T03:49:37.745+0000] {dag.py:2915} INFO - Sync 1 DAGs
[2023-10-11T03:49:37.767+0000] {logging_mixin.py:151} INFO - [2023-10-11T03:49:37.767+0000] {dag.py:3696} INFO - Setting next_dagrun for example_dynamic_task_mapping_with_no_taskflow_operators to 2023-10-10T03:49:37.766738+00:00, run_after=2023-10-11T03:49:37.766738+00:00
[2023-10-11T03:49:37.788+0000] {processor.py:179} INFO - Processing /home/airflow/.local/lib/python3.8/site-packages/airflow/example_dags/example_dynamic_task_mapping_with_no_taskflow_operators.py took 0.082 seconds
[2023-10-11T03:50:08.065+0000] {processor.py:157} INFO - Started process (PID=1263) to work on /home/airflow/.local/lib/python3.8/site-packages/airflow/example_dags/example_dynamic_task_mapping_with_no_taskflow_operators.py
[2023-10-11T03:50:08.068+0000] {processor.py:829} INFO - Processing file /home/airflow/.local/lib/python3.8/site-packages/airflow/example_dags/example_dynamic_task_mapping_with_no_taskflow_operators.py for tasks to queue
[2023-10-11T03:50:08.072+0000] {logging_mixin.py:151} INFO - [2023-10-11T03:50:08.071+0000] {dagbag.py:539} INFO - Filling up the DagBag from /home/airflow/.local/lib/python3.8/site-packages/airflow/example_dags/example_dynamic_task_mapping_with_no_taskflow_operators.py
[2023-10-11T03:50:08.078+0000] {processor.py:839} INFO - DAG(s) dict_keys(['example_dynamic_task_mapping_with_no_taskflow_operators']) retrieved from /home/airflow/.local/lib/python3.8/site-packages/airflow/example_dags/example_dynamic_task_mapping_with_no_taskflow_operators.py
[2023-10-11T03:50:08.101+0000] {logging_mixin.py:151} INFO - [2023-10-11T03:50:08.100+0000] {dag.py:2915} INFO - Sync 1 DAGs
[2023-10-11T03:50:08.124+0000] {logging_mixin.py:151} INFO - [2023-10-11T03:50:08.124+0000] {dag.py:3696} INFO - Setting next_dagrun for example_dynamic_task_mapping_with_no_taskflow_operators to 2023-10-10T03:50:08.124069+00:00, run_after=2023-10-11T03:50:08.124069+00:00
[2023-10-11T03:50:08.144+0000] {processor.py:179} INFO - Processing /home/airflow/.local/lib/python3.8/site-packages/airflow/example_dags/example_dynamic_task_mapping_with_no_taskflow_operators.py took 0.081 seconds
[2023-10-11T03:50:38.583+0000] {processor.py:157} INFO - Started process (PID=1320) to work on /home/airflow/.local/lib/python3.8/site-packages/airflow/example_dags/example_dynamic_task_mapping_with_no_taskflow_operators.py
[2023-10-11T03:50:38.585+0000] {processor.py:829} INFO - Processing file /home/airflow/.local/lib/python3.8/site-packages/airflow/example_dags/example_dynamic_task_mapping_with_no_taskflow_operators.py for tasks to queue
[2023-10-11T03:50:38.587+0000] {logging_mixin.py:151} INFO - [2023-10-11T03:50:38.587+0000] {dagbag.py:539} INFO - Filling up the DagBag from /home/airflow/.local/lib/python3.8/site-packages/airflow/example_dags/example_dynamic_task_mapping_with_no_taskflow_operators.py
[2023-10-11T03:50:38.593+0000] {processor.py:839} INFO - DAG(s) dict_keys(['example_dynamic_task_mapping_with_no_taskflow_operators']) retrieved from /home/airflow/.local/lib/python3.8/site-packages/airflow/example_dags/example_dynamic_task_mapping_with_no_taskflow_operators.py
[2023-10-11T03:50:38.614+0000] {logging_mixin.py:151} INFO - [2023-10-11T03:50:38.614+0000] {dag.py:2915} INFO - Sync 1 DAGs
[2023-10-11T03:50:38.637+0000] {logging_mixin.py:151} INFO - [2023-10-11T03:50:38.636+0000] {dag.py:3696} INFO - Setting next_dagrun for example_dynamic_task_mapping_with_no_taskflow_operators to 2023-10-10T03:50:38.636638+00:00, run_after=2023-10-11T03:50:38.636638+00:00
[2023-10-11T03:50:38.657+0000] {processor.py:179} INFO - Processing /home/airflow/.local/lib/python3.8/site-packages/airflow/example_dags/example_dynamic_task_mapping_with_no_taskflow_operators.py took 0.078 seconds
[2023-10-11T03:51:09.303+0000] {processor.py:157} INFO - Started process (PID=1377) to work on /home/airflow/.local/lib/python3.8/site-packages/airflow/example_dags/example_dynamic_task_mapping_with_no_taskflow_operators.py
[2023-10-11T03:51:09.304+0000] {processor.py:829} INFO - Processing file /home/airflow/.local/lib/python3.8/site-packages/airflow/example_dags/example_dynamic_task_mapping_with_no_taskflow_operators.py for tasks to queue
[2023-10-11T03:51:09.307+0000] {logging_mixin.py:151} INFO - [2023-10-11T03:51:09.307+0000] {dagbag.py:539} INFO - Filling up the DagBag from /home/airflow/.local/lib/python3.8/site-packages/airflow/example_dags/example_dynamic_task_mapping_with_no_taskflow_operators.py
[2023-10-11T03:51:09.315+0000] {processor.py:839} INFO - DAG(s) dict_keys(['example_dynamic_task_mapping_with_no_taskflow_operators']) retrieved from /home/airflow/.local/lib/python3.8/site-packages/airflow/example_dags/example_dynamic_task_mapping_with_no_taskflow_operators.py
[2023-10-11T03:51:09.339+0000] {logging_mixin.py:151} INFO - [2023-10-11T03:51:09.339+0000] {dag.py:2915} INFO - Sync 1 DAGs
[2023-10-11T03:51:09.362+0000] {logging_mixin.py:151} INFO - [2023-10-11T03:51:09.362+0000] {dag.py:3696} INFO - Setting next_dagrun for example_dynamic_task_mapping_with_no_taskflow_operators to 2023-10-10T03:51:09.362363+00:00, run_after=2023-10-11T03:51:09.362363+00:00
[2023-10-11T03:51:09.390+0000] {processor.py:179} INFO - Processing /home/airflow/.local/lib/python3.8/site-packages/airflow/example_dags/example_dynamic_task_mapping_with_no_taskflow_operators.py took 0.091 seconds
[2023-10-11T03:51:39.562+0000] {processor.py:157} INFO - Started process (PID=1434) to work on /home/airflow/.local/lib/python3.8/site-packages/airflow/example_dags/example_dynamic_task_mapping_with_no_taskflow_operators.py
[2023-10-11T03:51:39.563+0000] {processor.py:829} INFO - Processing file /home/airflow/.local/lib/python3.8/site-packages/airflow/example_dags/example_dynamic_task_mapping_with_no_taskflow_operators.py for tasks to queue
[2023-10-11T03:51:39.566+0000] {logging_mixin.py:151} INFO - [2023-10-11T03:51:39.566+0000] {dagbag.py:539} INFO - Filling up the DagBag from /home/airflow/.local/lib/python3.8/site-packages/airflow/example_dags/example_dynamic_task_mapping_with_no_taskflow_operators.py
[2023-10-11T03:51:39.572+0000] {processor.py:839} INFO - DAG(s) dict_keys(['example_dynamic_task_mapping_with_no_taskflow_operators']) retrieved from /home/airflow/.local/lib/python3.8/site-packages/airflow/example_dags/example_dynamic_task_mapping_with_no_taskflow_operators.py
[2023-10-11T03:51:39.597+0000] {logging_mixin.py:151} INFO - [2023-10-11T03:51:39.597+0000] {dag.py:2915} INFO - Sync 1 DAGs
[2023-10-11T03:51:39.618+0000] {logging_mixin.py:151} INFO - [2023-10-11T03:51:39.617+0000] {dag.py:3696} INFO - Setting next_dagrun for example_dynamic_task_mapping_with_no_taskflow_operators to 2023-10-10T03:51:39.617604+00:00, run_after=2023-10-11T03:51:39.617604+00:00
[2023-10-11T03:51:39.637+0000] {processor.py:179} INFO - Processing /home/airflow/.local/lib/python3.8/site-packages/airflow/example_dags/example_dynamic_task_mapping_with_no_taskflow_operators.py took 0.080 seconds
[2023-10-11T03:52:09.999+0000] {processor.py:157} INFO - Started process (PID=1491) to work on /home/airflow/.local/lib/python3.8/site-packages/airflow/example_dags/example_dynamic_task_mapping_with_no_taskflow_operators.py
[2023-10-11T03:52:10.001+0000] {processor.py:829} INFO - Processing file /home/airflow/.local/lib/python3.8/site-packages/airflow/example_dags/example_dynamic_task_mapping_with_no_taskflow_operators.py for tasks to queue
[2023-10-11T03:52:10.004+0000] {logging_mixin.py:151} INFO - [2023-10-11T03:52:10.003+0000] {dagbag.py:539} INFO - Filling up the DagBag from /home/airflow/.local/lib/python3.8/site-packages/airflow/example_dags/example_dynamic_task_mapping_with_no_taskflow_operators.py
[2023-10-11T03:52:10.010+0000] {processor.py:839} INFO - DAG(s) dict_keys(['example_dynamic_task_mapping_with_no_taskflow_operators']) retrieved from /home/airflow/.local/lib/python3.8/site-packages/airflow/example_dags/example_dynamic_task_mapping_with_no_taskflow_operators.py
[2023-10-11T03:52:10.032+0000] {logging_mixin.py:151} INFO - [2023-10-11T03:52:10.032+0000] {dag.py:2915} INFO - Sync 1 DAGs
[2023-10-11T03:52:10.056+0000] {logging_mixin.py:151} INFO - [2023-10-11T03:52:10.056+0000] {dag.py:3696} INFO - Setting next_dagrun for example_dynamic_task_mapping_with_no_taskflow_operators to 2023-10-10T03:52:10.056413+00:00, run_after=2023-10-11T03:52:10.056413+00:00
[2023-10-11T03:52:10.087+0000] {processor.py:179} INFO - Processing /home/airflow/.local/lib/python3.8/site-packages/airflow/example_dags/example_dynamic_task_mapping_with_no_taskflow_operators.py took 0.090 seconds
[2023-10-11T03:52:40.389+0000] {processor.py:157} INFO - Started process (PID=1548) to work on /home/airflow/.local/lib/python3.8/site-packages/airflow/example_dags/example_dynamic_task_mapping_with_no_taskflow_operators.py
[2023-10-11T03:52:40.390+0000] {processor.py:829} INFO - Processing file /home/airflow/.local/lib/python3.8/site-packages/airflow/example_dags/example_dynamic_task_mapping_with_no_taskflow_operators.py for tasks to queue
[2023-10-11T03:52:40.392+0000] {logging_mixin.py:151} INFO - [2023-10-11T03:52:40.392+0000] {dagbag.py:539} INFO - Filling up the DagBag from /home/airflow/.local/lib/python3.8/site-packages/airflow/example_dags/example_dynamic_task_mapping_with_no_taskflow_operators.py
[2023-10-11T03:52:40.399+0000] {processor.py:839} INFO - DAG(s) dict_keys(['example_dynamic_task_mapping_with_no_taskflow_operators']) retrieved from /home/airflow/.local/lib/python3.8/site-packages/airflow/example_dags/example_dynamic_task_mapping_with_no_taskflow_operators.py
[2023-10-11T03:52:40.420+0000] {logging_mixin.py:151} INFO - [2023-10-11T03:52:40.420+0000] {dag.py:2915} INFO - Sync 1 DAGs
[2023-10-11T03:52:40.439+0000] {logging_mixin.py:151} INFO - [2023-10-11T03:52:40.439+0000] {dag.py:3696} INFO - Setting next_dagrun for example_dynamic_task_mapping_with_no_taskflow_operators to 2023-10-10T03:52:40.439293+00:00, run_after=2023-10-11T03:52:40.439293+00:00
[2023-10-11T03:52:40.459+0000] {processor.py:179} INFO - Processing /home/airflow/.local/lib/python3.8/site-packages/airflow/example_dags/example_dynamic_task_mapping_with_no_taskflow_operators.py took 0.072 seconds
[2023-10-11T03:53:10.715+0000] {processor.py:157} INFO - Started process (PID=1605) to work on /home/airflow/.local/lib/python3.8/site-packages/airflow/example_dags/example_dynamic_task_mapping_with_no_taskflow_operators.py
[2023-10-11T03:53:10.716+0000] {processor.py:829} INFO - Processing file /home/airflow/.local/lib/python3.8/site-packages/airflow/example_dags/example_dynamic_task_mapping_with_no_taskflow_operators.py for tasks to queue
[2023-10-11T03:53:10.719+0000] {logging_mixin.py:151} INFO - [2023-10-11T03:53:10.719+0000] {dagbag.py:539} INFO - Filling up the DagBag from /home/airflow/.local/lib/python3.8/site-packages/airflow/example_dags/example_dynamic_task_mapping_with_no_taskflow_operators.py
[2023-10-11T03:53:10.726+0000] {processor.py:839} INFO - DAG(s) dict_keys(['example_dynamic_task_mapping_with_no_taskflow_operators']) retrieved from /home/airflow/.local/lib/python3.8/site-packages/airflow/example_dags/example_dynamic_task_mapping_with_no_taskflow_operators.py
[2023-10-11T03:53:10.747+0000] {logging_mixin.py:151} INFO - [2023-10-11T03:53:10.746+0000] {dag.py:2915} INFO - Sync 1 DAGs
[2023-10-11T03:53:10.767+0000] {logging_mixin.py:151} INFO - [2023-10-11T03:53:10.766+0000] {dag.py:3696} INFO - Setting next_dagrun for example_dynamic_task_mapping_with_no_taskflow_operators to 2023-10-10T03:53:10.766648+00:00, run_after=2023-10-11T03:53:10.766648+00:00
[2023-10-11T03:53:10.787+0000] {processor.py:179} INFO - Processing /home/airflow/.local/lib/python3.8/site-packages/airflow/example_dags/example_dynamic_task_mapping_with_no_taskflow_operators.py took 0.076 seconds
[2023-10-11T03:53:41.828+0000] {processor.py:157} INFO - Started process (PID=1662) to work on /home/airflow/.local/lib/python3.8/site-packages/airflow/example_dags/example_dynamic_task_mapping_with_no_taskflow_operators.py
[2023-10-11T03:53:41.829+0000] {processor.py:829} INFO - Processing file /home/airflow/.local/lib/python3.8/site-packages/airflow/example_dags/example_dynamic_task_mapping_with_no_taskflow_operators.py for tasks to queue
[2023-10-11T03:53:41.831+0000] {logging_mixin.py:151} INFO - [2023-10-11T03:53:41.831+0000] {dagbag.py:539} INFO - Filling up the DagBag from /home/airflow/.local/lib/python3.8/site-packages/airflow/example_dags/example_dynamic_task_mapping_with_no_taskflow_operators.py
[2023-10-11T03:53:41.838+0000] {processor.py:839} INFO - DAG(s) dict_keys(['example_dynamic_task_mapping_with_no_taskflow_operators']) retrieved from /home/airflow/.local/lib/python3.8/site-packages/airflow/example_dags/example_dynamic_task_mapping_with_no_taskflow_operators.py
[2023-10-11T03:53:41.860+0000] {logging_mixin.py:151} INFO - [2023-10-11T03:53:41.859+0000] {dag.py:2915} INFO - Sync 1 DAGs
[2023-10-11T03:53:41.880+0000] {logging_mixin.py:151} INFO - [2023-10-11T03:53:41.880+0000] {dag.py:3696} INFO - Setting next_dagrun for example_dynamic_task_mapping_with_no_taskflow_operators to 2023-10-10T03:53:41.880029+00:00, run_after=2023-10-11T03:53:41.880029+00:00
[2023-10-11T03:53:41.899+0000] {processor.py:179} INFO - Processing /home/airflow/.local/lib/python3.8/site-packages/airflow/example_dags/example_dynamic_task_mapping_with_no_taskflow_operators.py took 0.075 seconds
[2023-10-11T03:54:12.237+0000] {processor.py:157} INFO - Started process (PID=1719) to work on /home/airflow/.local/lib/python3.8/site-packages/airflow/example_dags/example_dynamic_task_mapping_with_no_taskflow_operators.py
[2023-10-11T03:54:12.239+0000] {processor.py:829} INFO - Processing file /home/airflow/.local/lib/python3.8/site-packages/airflow/example_dags/example_dynamic_task_mapping_with_no_taskflow_operators.py for tasks to queue
[2023-10-11T03:54:12.241+0000] {logging_mixin.py:151} INFO - [2023-10-11T03:54:12.241+0000] {dagbag.py:539} INFO - Filling up the DagBag from /home/airflow/.local/lib/python3.8/site-packages/airflow/example_dags/example_dynamic_task_mapping_with_no_taskflow_operators.py
[2023-10-11T03:54:12.247+0000] {processor.py:839} INFO - DAG(s) dict_keys(['example_dynamic_task_mapping_with_no_taskflow_operators']) retrieved from /home/airflow/.local/lib/python3.8/site-packages/airflow/example_dags/example_dynamic_task_mapping_with_no_taskflow_operators.py
[2023-10-11T03:54:12.270+0000] {logging_mixin.py:151} INFO - [2023-10-11T03:54:12.269+0000] {dag.py:2915} INFO - Sync 1 DAGs
[2023-10-11T03:54:12.290+0000] {logging_mixin.py:151} INFO - [2023-10-11T03:54:12.290+0000] {dag.py:3696} INFO - Setting next_dagrun for example_dynamic_task_mapping_with_no_taskflow_operators to 2023-10-10T03:54:12.290317+00:00, run_after=2023-10-11T03:54:12.290317+00:00
[2023-10-11T03:54:12.310+0000] {processor.py:179} INFO - Processing /home/airflow/.local/lib/python3.8/site-packages/airflow/example_dags/example_dynamic_task_mapping_with_no_taskflow_operators.py took 0.078 seconds
[2023-10-11T03:54:42.468+0000] {processor.py:157} INFO - Started process (PID=1776) to work on /home/airflow/.local/lib/python3.8/site-packages/airflow/example_dags/example_dynamic_task_mapping_with_no_taskflow_operators.py
[2023-10-11T03:54:42.470+0000] {processor.py:829} INFO - Processing file /home/airflow/.local/lib/python3.8/site-packages/airflow/example_dags/example_dynamic_task_mapping_with_no_taskflow_operators.py for tasks to queue
[2023-10-11T03:54:42.472+0000] {logging_mixin.py:151} INFO - [2023-10-11T03:54:42.472+0000] {dagbag.py:539} INFO - Filling up the DagBag from /home/airflow/.local/lib/python3.8/site-packages/airflow/example_dags/example_dynamic_task_mapping_with_no_taskflow_operators.py
[2023-10-11T03:54:42.479+0000] {processor.py:839} INFO - DAG(s) dict_keys(['example_dynamic_task_mapping_with_no_taskflow_operators']) retrieved from /home/airflow/.local/lib/python3.8/site-packages/airflow/example_dags/example_dynamic_task_mapping_with_no_taskflow_operators.py
[2023-10-11T03:54:42.502+0000] {logging_mixin.py:151} INFO - [2023-10-11T03:54:42.501+0000] {dag.py:2915} INFO - Sync 1 DAGs
[2023-10-11T03:54:42.523+0000] {logging_mixin.py:151} INFO - [2023-10-11T03:54:42.523+0000] {dag.py:3696} INFO - Setting next_dagrun for example_dynamic_task_mapping_with_no_taskflow_operators to 2023-10-10T03:54:42.522870+00:00, run_after=2023-10-11T03:54:42.522870+00:00
[2023-10-11T03:54:42.542+0000] {processor.py:179} INFO - Processing /home/airflow/.local/lib/python3.8/site-packages/airflow/example_dags/example_dynamic_task_mapping_with_no_taskflow_operators.py took 0.078 seconds
[2023-10-11T03:55:12.854+0000] {processor.py:157} INFO - Started process (PID=1833) to work on /home/airflow/.local/lib/python3.8/site-packages/airflow/example_dags/example_dynamic_task_mapping_with_no_taskflow_operators.py
[2023-10-11T03:55:12.855+0000] {processor.py:829} INFO - Processing file /home/airflow/.local/lib/python3.8/site-packages/airflow/example_dags/example_dynamic_task_mapping_with_no_taskflow_operators.py for tasks to queue
[2023-10-11T03:55:12.858+0000] {logging_mixin.py:151} INFO - [2023-10-11T03:55:12.858+0000] {dagbag.py:539} INFO - Filling up the DagBag from /home/airflow/.local/lib/python3.8/site-packages/airflow/example_dags/example_dynamic_task_mapping_with_no_taskflow_operators.py
[2023-10-11T03:55:12.863+0000] {processor.py:839} INFO - DAG(s) dict_keys(['example_dynamic_task_mapping_with_no_taskflow_operators']) retrieved from /home/airflow/.local/lib/python3.8/site-packages/airflow/example_dags/example_dynamic_task_mapping_with_no_taskflow_operators.py
[2023-10-11T03:55:12.884+0000] {logging_mixin.py:151} INFO - [2023-10-11T03:55:12.884+0000] {dag.py:2915} INFO - Sync 1 DAGs
[2023-10-11T03:55:12.906+0000] {logging_mixin.py:151} INFO - [2023-10-11T03:55:12.906+0000] {dag.py:3696} INFO - Setting next_dagrun for example_dynamic_task_mapping_with_no_taskflow_operators to 2023-10-10T03:55:12.906293+00:00, run_after=2023-10-11T03:55:12.906293+00:00
[2023-10-11T03:55:12.926+0000] {processor.py:179} INFO - Processing /home/airflow/.local/lib/python3.8/site-packages/airflow/example_dags/example_dynamic_task_mapping_with_no_taskflow_operators.py took 0.075 seconds
[2023-10-11T03:55:43.369+0000] {processor.py:157} INFO - Started process (PID=1890) to work on /home/airflow/.local/lib/python3.8/site-packages/airflow/example_dags/example_dynamic_task_mapping_with_no_taskflow_operators.py
[2023-10-11T03:55:43.371+0000] {processor.py:829} INFO - Processing file /home/airflow/.local/lib/python3.8/site-packages/airflow/example_dags/example_dynamic_task_mapping_with_no_taskflow_operators.py for tasks to queue
[2023-10-11T03:55:43.373+0000] {logging_mixin.py:151} INFO - [2023-10-11T03:55:43.373+0000] {dagbag.py:539} INFO - Filling up the DagBag from /home/airflow/.local/lib/python3.8/site-packages/airflow/example_dags/example_dynamic_task_mapping_with_no_taskflow_operators.py
[2023-10-11T03:55:43.381+0000] {processor.py:839} INFO - DAG(s) dict_keys(['example_dynamic_task_mapping_with_no_taskflow_operators']) retrieved from /home/airflow/.local/lib/python3.8/site-packages/airflow/example_dags/example_dynamic_task_mapping_with_no_taskflow_operators.py
[2023-10-11T03:55:43.402+0000] {logging_mixin.py:151} INFO - [2023-10-11T03:55:43.402+0000] {dag.py:2915} INFO - Sync 1 DAGs
[2023-10-11T03:55:43.423+0000] {logging_mixin.py:151} INFO - [2023-10-11T03:55:43.423+0000] {dag.py:3696} INFO - Setting next_dagrun for example_dynamic_task_mapping_with_no_taskflow_operators to 2023-10-10T03:55:43.423235+00:00, run_after=2023-10-11T03:55:43.423235+00:00
[2023-10-11T03:55:43.442+0000] {processor.py:179} INFO - Processing /home/airflow/.local/lib/python3.8/site-packages/airflow/example_dags/example_dynamic_task_mapping_with_no_taskflow_operators.py took 0.076 seconds
[2023-10-11T03:56:13.759+0000] {processor.py:157} INFO - Started process (PID=1947) to work on /home/airflow/.local/lib/python3.8/site-packages/airflow/example_dags/example_dynamic_task_mapping_with_no_taskflow_operators.py
[2023-10-11T03:56:13.761+0000] {processor.py:829} INFO - Processing file /home/airflow/.local/lib/python3.8/site-packages/airflow/example_dags/example_dynamic_task_mapping_with_no_taskflow_operators.py for tasks to queue
[2023-10-11T03:56:13.766+0000] {logging_mixin.py:151} INFO - [2023-10-11T03:56:13.765+0000] {dagbag.py:539} INFO - Filling up the DagBag from /home/airflow/.local/lib/python3.8/site-packages/airflow/example_dags/example_dynamic_task_mapping_with_no_taskflow_operators.py
[2023-10-11T03:56:13.775+0000] {processor.py:839} INFO - DAG(s) dict_keys(['example_dynamic_task_mapping_with_no_taskflow_operators']) retrieved from /home/airflow/.local/lib/python3.8/site-packages/airflow/example_dags/example_dynamic_task_mapping_with_no_taskflow_operators.py
[2023-10-11T03:56:13.809+0000] {logging_mixin.py:151} INFO - [2023-10-11T03:56:13.808+0000] {dag.py:2915} INFO - Sync 1 DAGs
[2023-10-11T03:56:13.840+0000] {logging_mixin.py:151} INFO - [2023-10-11T03:56:13.839+0000] {dag.py:3696} INFO - Setting next_dagrun for example_dynamic_task_mapping_with_no_taskflow_operators to 2023-10-10T03:56:13.839270+00:00, run_after=2023-10-11T03:56:13.839270+00:00
[2023-10-11T03:56:13.878+0000] {processor.py:179} INFO - Processing /home/airflow/.local/lib/python3.8/site-packages/airflow/example_dags/example_dynamic_task_mapping_with_no_taskflow_operators.py took 0.123 seconds
[2023-10-11T03:56:44.232+0000] {processor.py:157} INFO - Started process (PID=2004) to work on /home/airflow/.local/lib/python3.8/site-packages/airflow/example_dags/example_dynamic_task_mapping_with_no_taskflow_operators.py
[2023-10-11T03:56:44.234+0000] {processor.py:829} INFO - Processing file /home/airflow/.local/lib/python3.8/site-packages/airflow/example_dags/example_dynamic_task_mapping_with_no_taskflow_operators.py for tasks to queue
[2023-10-11T03:56:44.239+0000] {logging_mixin.py:151} INFO - [2023-10-11T03:56:44.239+0000] {dagbag.py:539} INFO - Filling up the DagBag from /home/airflow/.local/lib/python3.8/site-packages/airflow/example_dags/example_dynamic_task_mapping_with_no_taskflow_operators.py
[2023-10-11T03:56:44.248+0000] {processor.py:839} INFO - DAG(s) dict_keys(['example_dynamic_task_mapping_with_no_taskflow_operators']) retrieved from /home/airflow/.local/lib/python3.8/site-packages/airflow/example_dags/example_dynamic_task_mapping_with_no_taskflow_operators.py
[2023-10-11T03:56:44.279+0000] {logging_mixin.py:151} INFO - [2023-10-11T03:56:44.279+0000] {dag.py:2915} INFO - Sync 1 DAGs
[2023-10-11T03:56:44.300+0000] {logging_mixin.py:151} INFO - [2023-10-11T03:56:44.300+0000] {dag.py:3696} INFO - Setting next_dagrun for example_dynamic_task_mapping_with_no_taskflow_operators to 2023-10-10T03:56:44.299902+00:00, run_after=2023-10-11T03:56:44.299902+00:00
[2023-10-11T03:56:44.324+0000] {processor.py:179} INFO - Processing /home/airflow/.local/lib/python3.8/site-packages/airflow/example_dags/example_dynamic_task_mapping_with_no_taskflow_operators.py took 0.096 seconds
[2023-10-11T03:57:14.579+0000] {processor.py:157} INFO - Started process (PID=2061) to work on /home/airflow/.local/lib/python3.8/site-packages/airflow/example_dags/example_dynamic_task_mapping_with_no_taskflow_operators.py
[2023-10-11T03:57:14.581+0000] {processor.py:829} INFO - Processing file /home/airflow/.local/lib/python3.8/site-packages/airflow/example_dags/example_dynamic_task_mapping_with_no_taskflow_operators.py for tasks to queue
[2023-10-11T03:57:14.585+0000] {logging_mixin.py:151} INFO - [2023-10-11T03:57:14.585+0000] {dagbag.py:539} INFO - Filling up the DagBag from /home/airflow/.local/lib/python3.8/site-packages/airflow/example_dags/example_dynamic_task_mapping_with_no_taskflow_operators.py
[2023-10-11T03:57:14.592+0000] {processor.py:839} INFO - DAG(s) dict_keys(['example_dynamic_task_mapping_with_no_taskflow_operators']) retrieved from /home/airflow/.local/lib/python3.8/site-packages/airflow/example_dags/example_dynamic_task_mapping_with_no_taskflow_operators.py
[2023-10-11T03:57:14.613+0000] {logging_mixin.py:151} INFO - [2023-10-11T03:57:14.613+0000] {dag.py:2915} INFO - Sync 1 DAGs
[2023-10-11T03:57:14.635+0000] {logging_mixin.py:151} INFO - [2023-10-11T03:57:14.634+0000] {dag.py:3696} INFO - Setting next_dagrun for example_dynamic_task_mapping_with_no_taskflow_operators to 2023-10-10T03:57:14.634728+00:00, run_after=2023-10-11T03:57:14.634728+00:00
[2023-10-11T03:57:14.656+0000] {processor.py:179} INFO - Processing /home/airflow/.local/lib/python3.8/site-packages/airflow/example_dags/example_dynamic_task_mapping_with_no_taskflow_operators.py took 0.080 seconds
[2023-10-11T03:57:45.352+0000] {processor.py:157} INFO - Started process (PID=2118) to work on /home/airflow/.local/lib/python3.8/site-packages/airflow/example_dags/example_dynamic_task_mapping_with_no_taskflow_operators.py
[2023-10-11T03:57:45.353+0000] {processor.py:829} INFO - Processing file /home/airflow/.local/lib/python3.8/site-packages/airflow/example_dags/example_dynamic_task_mapping_with_no_taskflow_operators.py for tasks to queue
[2023-10-11T03:57:45.357+0000] {logging_mixin.py:151} INFO - [2023-10-11T03:57:45.357+0000] {dagbag.py:539} INFO - Filling up the DagBag from /home/airflow/.local/lib/python3.8/site-packages/airflow/example_dags/example_dynamic_task_mapping_with_no_taskflow_operators.py
[2023-10-11T03:57:45.363+0000] {processor.py:839} INFO - DAG(s) dict_keys(['example_dynamic_task_mapping_with_no_taskflow_operators']) retrieved from /home/airflow/.local/lib/python3.8/site-packages/airflow/example_dags/example_dynamic_task_mapping_with_no_taskflow_operators.py
[2023-10-11T03:57:45.383+0000] {logging_mixin.py:151} INFO - [2023-10-11T03:57:45.383+0000] {dag.py:2915} INFO - Sync 1 DAGs
[2023-10-11T03:57:45.403+0000] {logging_mixin.py:151} INFO - [2023-10-11T03:57:45.402+0000] {dag.py:3696} INFO - Setting next_dagrun for example_dynamic_task_mapping_with_no_taskflow_operators to 2023-10-10T03:57:45.402682+00:00, run_after=2023-10-11T03:57:45.402682+00:00
[2023-10-11T03:57:45.421+0000] {processor.py:179} INFO - Processing /home/airflow/.local/lib/python3.8/site-packages/airflow/example_dags/example_dynamic_task_mapping_with_no_taskflow_operators.py took 0.072 seconds
[2023-10-11T03:58:15.630+0000] {processor.py:157} INFO - Started process (PID=2175) to work on /home/airflow/.local/lib/python3.8/site-packages/airflow/example_dags/example_dynamic_task_mapping_with_no_taskflow_operators.py
[2023-10-11T03:58:15.631+0000] {processor.py:829} INFO - Processing file /home/airflow/.local/lib/python3.8/site-packages/airflow/example_dags/example_dynamic_task_mapping_with_no_taskflow_operators.py for tasks to queue
[2023-10-11T03:58:15.634+0000] {logging_mixin.py:151} INFO - [2023-10-11T03:58:15.634+0000] {dagbag.py:539} INFO - Filling up the DagBag from /home/airflow/.local/lib/python3.8/site-packages/airflow/example_dags/example_dynamic_task_mapping_with_no_taskflow_operators.py
[2023-10-11T03:58:15.640+0000] {processor.py:839} INFO - DAG(s) dict_keys(['example_dynamic_task_mapping_with_no_taskflow_operators']) retrieved from /home/airflow/.local/lib/python3.8/site-packages/airflow/example_dags/example_dynamic_task_mapping_with_no_taskflow_operators.py
[2023-10-11T03:58:15.661+0000] {logging_mixin.py:151} INFO - [2023-10-11T03:58:15.661+0000] {dag.py:2915} INFO - Sync 1 DAGs
[2023-10-11T03:58:15.680+0000] {logging_mixin.py:151} INFO - [2023-10-11T03:58:15.679+0000] {dag.py:3696} INFO - Setting next_dagrun for example_dynamic_task_mapping_with_no_taskflow_operators to 2023-10-10T03:58:15.679767+00:00, run_after=2023-10-11T03:58:15.679767+00:00
[2023-10-11T03:58:15.698+0000] {processor.py:179} INFO - Processing /home/airflow/.local/lib/python3.8/site-packages/airflow/example_dags/example_dynamic_task_mapping_with_no_taskflow_operators.py took 0.072 seconds
[2023-10-11T03:58:45.893+0000] {processor.py:157} INFO - Started process (PID=2232) to work on /home/airflow/.local/lib/python3.8/site-packages/airflow/example_dags/example_dynamic_task_mapping_with_no_taskflow_operators.py
[2023-10-11T03:58:45.895+0000] {processor.py:829} INFO - Processing file /home/airflow/.local/lib/python3.8/site-packages/airflow/example_dags/example_dynamic_task_mapping_with_no_taskflow_operators.py for tasks to queue
[2023-10-11T03:58:45.897+0000] {logging_mixin.py:151} INFO - [2023-10-11T03:58:45.897+0000] {dagbag.py:539} INFO - Filling up the DagBag from /home/airflow/.local/lib/python3.8/site-packages/airflow/example_dags/example_dynamic_task_mapping_with_no_taskflow_operators.py
[2023-10-11T03:58:45.903+0000] {processor.py:839} INFO - DAG(s) dict_keys(['example_dynamic_task_mapping_with_no_taskflow_operators']) retrieved from /home/airflow/.local/lib/python3.8/site-packages/airflow/example_dags/example_dynamic_task_mapping_with_no_taskflow_operators.py
[2023-10-11T03:58:45.923+0000] {logging_mixin.py:151} INFO - [2023-10-11T03:58:45.923+0000] {dag.py:2915} INFO - Sync 1 DAGs
[2023-10-11T03:58:45.945+0000] {logging_mixin.py:151} INFO - [2023-10-11T03:58:45.945+0000] {dag.py:3696} INFO - Setting next_dagrun for example_dynamic_task_mapping_with_no_taskflow_operators to 2023-10-10T03:58:45.945453+00:00, run_after=2023-10-11T03:58:45.945453+00:00
[2023-10-11T03:58:45.966+0000] {processor.py:179} INFO - Processing /home/airflow/.local/lib/python3.8/site-packages/airflow/example_dags/example_dynamic_task_mapping_with_no_taskflow_operators.py took 0.075 seconds
[2023-10-11T03:59:16.344+0000] {processor.py:157} INFO - Started process (PID=2289) to work on /home/airflow/.local/lib/python3.8/site-packages/airflow/example_dags/example_dynamic_task_mapping_with_no_taskflow_operators.py
[2023-10-11T03:59:16.346+0000] {processor.py:829} INFO - Processing file /home/airflow/.local/lib/python3.8/site-packages/airflow/example_dags/example_dynamic_task_mapping_with_no_taskflow_operators.py for tasks to queue
[2023-10-11T03:59:16.348+0000] {logging_mixin.py:151} INFO - [2023-10-11T03:59:16.348+0000] {dagbag.py:539} INFO - Filling up the DagBag from /home/airflow/.local/lib/python3.8/site-packages/airflow/example_dags/example_dynamic_task_mapping_with_no_taskflow_operators.py
[2023-10-11T03:59:16.353+0000] {processor.py:839} INFO - DAG(s) dict_keys(['example_dynamic_task_mapping_with_no_taskflow_operators']) retrieved from /home/airflow/.local/lib/python3.8/site-packages/airflow/example_dags/example_dynamic_task_mapping_with_no_taskflow_operators.py
[2023-10-11T03:59:16.376+0000] {logging_mixin.py:151} INFO - [2023-10-11T03:59:16.375+0000] {dag.py:2915} INFO - Sync 1 DAGs
[2023-10-11T03:59:16.399+0000] {logging_mixin.py:151} INFO - [2023-10-11T03:59:16.398+0000] {dag.py:3696} INFO - Setting next_dagrun for example_dynamic_task_mapping_with_no_taskflow_operators to 2023-10-10T03:59:16.398685+00:00, run_after=2023-10-11T03:59:16.398685+00:00
[2023-10-11T03:59:16.422+0000] {processor.py:179} INFO - Processing /home/airflow/.local/lib/python3.8/site-packages/airflow/example_dags/example_dynamic_task_mapping_with_no_taskflow_operators.py took 0.080 seconds
[2023-10-11T03:59:47.034+0000] {processor.py:157} INFO - Started process (PID=2346) to work on /home/airflow/.local/lib/python3.8/site-packages/airflow/example_dags/example_dynamic_task_mapping_with_no_taskflow_operators.py
[2023-10-11T03:59:47.036+0000] {processor.py:829} INFO - Processing file /home/airflow/.local/lib/python3.8/site-packages/airflow/example_dags/example_dynamic_task_mapping_with_no_taskflow_operators.py for tasks to queue
[2023-10-11T03:59:47.038+0000] {logging_mixin.py:151} INFO - [2023-10-11T03:59:47.038+0000] {dagbag.py:539} INFO - Filling up the DagBag from /home/airflow/.local/lib/python3.8/site-packages/airflow/example_dags/example_dynamic_task_mapping_with_no_taskflow_operators.py
[2023-10-11T03:59:47.044+0000] {processor.py:839} INFO - DAG(s) dict_keys(['example_dynamic_task_mapping_with_no_taskflow_operators']) retrieved from /home/airflow/.local/lib/python3.8/site-packages/airflow/example_dags/example_dynamic_task_mapping_with_no_taskflow_operators.py
[2023-10-11T03:59:47.068+0000] {logging_mixin.py:151} INFO - [2023-10-11T03:59:47.068+0000] {dag.py:2915} INFO - Sync 1 DAGs
[2023-10-11T03:59:47.091+0000] {logging_mixin.py:151} INFO - [2023-10-11T03:59:47.091+0000] {dag.py:3696} INFO - Setting next_dagrun for example_dynamic_task_mapping_with_no_taskflow_operators to 2023-10-10T03:59:47.091084+00:00, run_after=2023-10-11T03:59:47.091084+00:00
[2023-10-11T03:59:47.113+0000] {processor.py:179} INFO - Processing /home/airflow/.local/lib/python3.8/site-packages/airflow/example_dags/example_dynamic_task_mapping_with_no_taskflow_operators.py took 0.081 seconds
[2023-10-11T04:00:17.286+0000] {processor.py:157} INFO - Started process (PID=2403) to work on /home/airflow/.local/lib/python3.8/site-packages/airflow/example_dags/example_dynamic_task_mapping_with_no_taskflow_operators.py
[2023-10-11T04:00:17.288+0000] {processor.py:829} INFO - Processing file /home/airflow/.local/lib/python3.8/site-packages/airflow/example_dags/example_dynamic_task_mapping_with_no_taskflow_operators.py for tasks to queue
[2023-10-11T04:00:17.290+0000] {logging_mixin.py:151} INFO - [2023-10-11T04:00:17.290+0000] {dagbag.py:539} INFO - Filling up the DagBag from /home/airflow/.local/lib/python3.8/site-packages/airflow/example_dags/example_dynamic_task_mapping_with_no_taskflow_operators.py
[2023-10-11T04:00:17.297+0000] {processor.py:839} INFO - DAG(s) dict_keys(['example_dynamic_task_mapping_with_no_taskflow_operators']) retrieved from /home/airflow/.local/lib/python3.8/site-packages/airflow/example_dags/example_dynamic_task_mapping_with_no_taskflow_operators.py
[2023-10-11T04:00:17.316+0000] {logging_mixin.py:151} INFO - [2023-10-11T04:00:17.316+0000] {dag.py:2915} INFO - Sync 1 DAGs
[2023-10-11T04:00:17.333+0000] {logging_mixin.py:151} INFO - [2023-10-11T04:00:17.333+0000] {dag.py:3696} INFO - Setting next_dagrun for example_dynamic_task_mapping_with_no_taskflow_operators to 2023-10-10T04:00:17.333534+00:00, run_after=2023-10-11T04:00:17.333534+00:00
[2023-10-11T04:00:17.351+0000] {processor.py:179} INFO - Processing /home/airflow/.local/lib/python3.8/site-packages/airflow/example_dags/example_dynamic_task_mapping_with_no_taskflow_operators.py took 0.068 seconds
[2023-10-11T04:00:47.829+0000] {processor.py:157} INFO - Started process (PID=2460) to work on /home/airflow/.local/lib/python3.8/site-packages/airflow/example_dags/example_dynamic_task_mapping_with_no_taskflow_operators.py
[2023-10-11T04:00:47.830+0000] {processor.py:829} INFO - Processing file /home/airflow/.local/lib/python3.8/site-packages/airflow/example_dags/example_dynamic_task_mapping_with_no_taskflow_operators.py for tasks to queue
[2023-10-11T04:00:47.834+0000] {logging_mixin.py:151} INFO - [2023-10-11T04:00:47.834+0000] {dagbag.py:539} INFO - Filling up the DagBag from /home/airflow/.local/lib/python3.8/site-packages/airflow/example_dags/example_dynamic_task_mapping_with_no_taskflow_operators.py
[2023-10-11T04:00:47.842+0000] {processor.py:839} INFO - DAG(s) dict_keys(['example_dynamic_task_mapping_with_no_taskflow_operators']) retrieved from /home/airflow/.local/lib/python3.8/site-packages/airflow/example_dags/example_dynamic_task_mapping_with_no_taskflow_operators.py
[2023-10-11T04:00:47.866+0000] {logging_mixin.py:151} INFO - [2023-10-11T04:00:47.866+0000] {dag.py:2915} INFO - Sync 1 DAGs
[2023-10-11T04:00:47.888+0000] {logging_mixin.py:151} INFO - [2023-10-11T04:00:47.888+0000] {dag.py:3696} INFO - Setting next_dagrun for example_dynamic_task_mapping_with_no_taskflow_operators to 2023-10-10T04:00:47.887965+00:00, run_after=2023-10-11T04:00:47.887965+00:00
[2023-10-11T04:00:47.909+0000] {processor.py:179} INFO - Processing /home/airflow/.local/lib/python3.8/site-packages/airflow/example_dags/example_dynamic_task_mapping_with_no_taskflow_operators.py took 0.083 seconds
[2023-10-11T04:01:18.236+0000] {processor.py:157} INFO - Started process (PID=2517) to work on /home/airflow/.local/lib/python3.8/site-packages/airflow/example_dags/example_dynamic_task_mapping_with_no_taskflow_operators.py
[2023-10-11T04:01:18.237+0000] {processor.py:829} INFO - Processing file /home/airflow/.local/lib/python3.8/site-packages/airflow/example_dags/example_dynamic_task_mapping_with_no_taskflow_operators.py for tasks to queue
[2023-10-11T04:01:18.241+0000] {logging_mixin.py:151} INFO - [2023-10-11T04:01:18.240+0000] {dagbag.py:539} INFO - Filling up the DagBag from /home/airflow/.local/lib/python3.8/site-packages/airflow/example_dags/example_dynamic_task_mapping_with_no_taskflow_operators.py
[2023-10-11T04:01:18.247+0000] {processor.py:839} INFO - DAG(s) dict_keys(['example_dynamic_task_mapping_with_no_taskflow_operators']) retrieved from /home/airflow/.local/lib/python3.8/site-packages/airflow/example_dags/example_dynamic_task_mapping_with_no_taskflow_operators.py
[2023-10-11T04:01:18.268+0000] {logging_mixin.py:151} INFO - [2023-10-11T04:01:18.267+0000] {dag.py:2915} INFO - Sync 1 DAGs
[2023-10-11T04:01:18.284+0000] {logging_mixin.py:151} INFO - [2023-10-11T04:01:18.284+0000] {dag.py:3696} INFO - Setting next_dagrun for example_dynamic_task_mapping_with_no_taskflow_operators to 2023-10-10T04:01:18.284499+00:00, run_after=2023-10-11T04:01:18.284499+00:00
[2023-10-11T04:01:18.304+0000] {processor.py:179} INFO - Processing /home/airflow/.local/lib/python3.8/site-packages/airflow/example_dags/example_dynamic_task_mapping_with_no_taskflow_operators.py took 0.071 seconds
[2023-10-11T04:01:48.630+0000] {processor.py:157} INFO - Started process (PID=2574) to work on /home/airflow/.local/lib/python3.8/site-packages/airflow/example_dags/example_dynamic_task_mapping_with_no_taskflow_operators.py
[2023-10-11T04:01:48.631+0000] {processor.py:829} INFO - Processing file /home/airflow/.local/lib/python3.8/site-packages/airflow/example_dags/example_dynamic_task_mapping_with_no_taskflow_operators.py for tasks to queue
[2023-10-11T04:01:48.634+0000] {logging_mixin.py:151} INFO - [2023-10-11T04:01:48.633+0000] {dagbag.py:539} INFO - Filling up the DagBag from /home/airflow/.local/lib/python3.8/site-packages/airflow/example_dags/example_dynamic_task_mapping_with_no_taskflow_operators.py
[2023-10-11T04:01:48.640+0000] {processor.py:839} INFO - DAG(s) dict_keys(['example_dynamic_task_mapping_with_no_taskflow_operators']) retrieved from /home/airflow/.local/lib/python3.8/site-packages/airflow/example_dags/example_dynamic_task_mapping_with_no_taskflow_operators.py
[2023-10-11T04:01:48.660+0000] {logging_mixin.py:151} INFO - [2023-10-11T04:01:48.660+0000] {dag.py:2915} INFO - Sync 1 DAGs
[2023-10-11T04:01:48.680+0000] {logging_mixin.py:151} INFO - [2023-10-11T04:01:48.680+0000] {dag.py:3696} INFO - Setting next_dagrun for example_dynamic_task_mapping_with_no_taskflow_operators to 2023-10-10T04:01:48.679931+00:00, run_after=2023-10-11T04:01:48.679931+00:00
[2023-10-11T04:01:48.699+0000] {processor.py:179} INFO - Processing /home/airflow/.local/lib/python3.8/site-packages/airflow/example_dags/example_dynamic_task_mapping_with_no_taskflow_operators.py took 0.072 seconds
[2023-10-11T04:02:19.215+0000] {processor.py:157} INFO - Started process (PID=2631) to work on /home/airflow/.local/lib/python3.8/site-packages/airflow/example_dags/example_dynamic_task_mapping_with_no_taskflow_operators.py
[2023-10-11T04:02:19.216+0000] {processor.py:829} INFO - Processing file /home/airflow/.local/lib/python3.8/site-packages/airflow/example_dags/example_dynamic_task_mapping_with_no_taskflow_operators.py for tasks to queue
[2023-10-11T04:02:19.219+0000] {logging_mixin.py:151} INFO - [2023-10-11T04:02:19.219+0000] {dagbag.py:539} INFO - Filling up the DagBag from /home/airflow/.local/lib/python3.8/site-packages/airflow/example_dags/example_dynamic_task_mapping_with_no_taskflow_operators.py
[2023-10-11T04:02:19.226+0000] {processor.py:839} INFO - DAG(s) dict_keys(['example_dynamic_task_mapping_with_no_taskflow_operators']) retrieved from /home/airflow/.local/lib/python3.8/site-packages/airflow/example_dags/example_dynamic_task_mapping_with_no_taskflow_operators.py
[2023-10-11T04:02:19.251+0000] {logging_mixin.py:151} INFO - [2023-10-11T04:02:19.250+0000] {dag.py:2915} INFO - Sync 1 DAGs
[2023-10-11T04:02:19.270+0000] {logging_mixin.py:151} INFO - [2023-10-11T04:02:19.269+0000] {dag.py:3696} INFO - Setting next_dagrun for example_dynamic_task_mapping_with_no_taskflow_operators to 2023-10-10T04:02:19.269719+00:00, run_after=2023-10-11T04:02:19.269719+00:00
[2023-10-11T04:02:19.291+0000] {processor.py:179} INFO - Processing /home/airflow/.local/lib/python3.8/site-packages/airflow/example_dags/example_dynamic_task_mapping_with_no_taskflow_operators.py took 0.080 seconds
[2023-10-11T04:02:50.031+0000] {processor.py:157} INFO - Started process (PID=2688) to work on /home/airflow/.local/lib/python3.8/site-packages/airflow/example_dags/example_dynamic_task_mapping_with_no_taskflow_operators.py
[2023-10-11T04:02:50.032+0000] {processor.py:829} INFO - Processing file /home/airflow/.local/lib/python3.8/site-packages/airflow/example_dags/example_dynamic_task_mapping_with_no_taskflow_operators.py for tasks to queue
[2023-10-11T04:02:50.035+0000] {logging_mixin.py:151} INFO - [2023-10-11T04:02:50.035+0000] {dagbag.py:539} INFO - Filling up the DagBag from /home/airflow/.local/lib/python3.8/site-packages/airflow/example_dags/example_dynamic_task_mapping_with_no_taskflow_operators.py
[2023-10-11T04:02:50.041+0000] {processor.py:839} INFO - DAG(s) dict_keys(['example_dynamic_task_mapping_with_no_taskflow_operators']) retrieved from /home/airflow/.local/lib/python3.8/site-packages/airflow/example_dags/example_dynamic_task_mapping_with_no_taskflow_operators.py
[2023-10-11T04:02:50.060+0000] {logging_mixin.py:151} INFO - [2023-10-11T04:02:50.060+0000] {dag.py:2915} INFO - Sync 1 DAGs
[2023-10-11T04:02:50.079+0000] {logging_mixin.py:151} INFO - [2023-10-11T04:02:50.079+0000] {dag.py:3696} INFO - Setting next_dagrun for example_dynamic_task_mapping_with_no_taskflow_operators to 2023-10-10T04:02:50.078941+00:00, run_after=2023-10-11T04:02:50.078941+00:00
[2023-10-11T04:02:50.099+0000] {processor.py:179} INFO - Processing /home/airflow/.local/lib/python3.8/site-packages/airflow/example_dags/example_dynamic_task_mapping_with_no_taskflow_operators.py took 0.072 seconds
[2023-10-11T04:03:21.093+0000] {processor.py:157} INFO - Started process (PID=2745) to work on /home/airflow/.local/lib/python3.8/site-packages/airflow/example_dags/example_dynamic_task_mapping_with_no_taskflow_operators.py
[2023-10-11T04:03:21.095+0000] {processor.py:829} INFO - Processing file /home/airflow/.local/lib/python3.8/site-packages/airflow/example_dags/example_dynamic_task_mapping_with_no_taskflow_operators.py for tasks to queue
[2023-10-11T04:03:21.101+0000] {logging_mixin.py:151} INFO - [2023-10-11T04:03:21.100+0000] {dagbag.py:539} INFO - Filling up the DagBag from /home/airflow/.local/lib/python3.8/site-packages/airflow/example_dags/example_dynamic_task_mapping_with_no_taskflow_operators.py
[2023-10-11T04:03:21.113+0000] {processor.py:839} INFO - DAG(s) dict_keys(['example_dynamic_task_mapping_with_no_taskflow_operators']) retrieved from /home/airflow/.local/lib/python3.8/site-packages/airflow/example_dags/example_dynamic_task_mapping_with_no_taskflow_operators.py
[2023-10-11T04:03:21.150+0000] {logging_mixin.py:151} INFO - [2023-10-11T04:03:21.150+0000] {dag.py:2915} INFO - Sync 1 DAGs
[2023-10-11T04:03:21.194+0000] {logging_mixin.py:151} INFO - [2023-10-11T04:03:21.193+0000] {dag.py:3696} INFO - Setting next_dagrun for example_dynamic_task_mapping_with_no_taskflow_operators to 2023-10-10T04:03:21.193056+00:00, run_after=2023-10-11T04:03:21.193056+00:00
[2023-10-11T04:03:21.226+0000] {processor.py:179} INFO - Processing /home/airflow/.local/lib/python3.8/site-packages/airflow/example_dags/example_dynamic_task_mapping_with_no_taskflow_operators.py took 0.141 seconds
[2023-10-11T04:03:51.720+0000] {processor.py:157} INFO - Started process (PID=2804) to work on /home/airflow/.local/lib/python3.8/site-packages/airflow/example_dags/example_dynamic_task_mapping_with_no_taskflow_operators.py
[2023-10-11T04:03:51.722+0000] {processor.py:829} INFO - Processing file /home/airflow/.local/lib/python3.8/site-packages/airflow/example_dags/example_dynamic_task_mapping_with_no_taskflow_operators.py for tasks to queue
[2023-10-11T04:03:51.724+0000] {logging_mixin.py:151} INFO - [2023-10-11T04:03:51.724+0000] {dagbag.py:539} INFO - Filling up the DagBag from /home/airflow/.local/lib/python3.8/site-packages/airflow/example_dags/example_dynamic_task_mapping_with_no_taskflow_operators.py
[2023-10-11T04:03:51.732+0000] {processor.py:839} INFO - DAG(s) dict_keys(['example_dynamic_task_mapping_with_no_taskflow_operators']) retrieved from /home/airflow/.local/lib/python3.8/site-packages/airflow/example_dags/example_dynamic_task_mapping_with_no_taskflow_operators.py
[2023-10-11T04:03:51.758+0000] {logging_mixin.py:151} INFO - [2023-10-11T04:03:51.757+0000] {dag.py:2915} INFO - Sync 1 DAGs
[2023-10-11T04:03:51.784+0000] {logging_mixin.py:151} INFO - [2023-10-11T04:03:51.784+0000] {dag.py:3696} INFO - Setting next_dagrun for example_dynamic_task_mapping_with_no_taskflow_operators to 2023-10-10T04:03:51.783769+00:00, run_after=2023-10-11T04:03:51.783769+00:00
[2023-10-11T04:03:51.808+0000] {processor.py:179} INFO - Processing /home/airflow/.local/lib/python3.8/site-packages/airflow/example_dags/example_dynamic_task_mapping_with_no_taskflow_operators.py took 0.091 seconds
[2023-10-11T04:04:21.956+0000] {processor.py:157} INFO - Started process (PID=2870) to work on /home/airflow/.local/lib/python3.8/site-packages/airflow/example_dags/example_dynamic_task_mapping_with_no_taskflow_operators.py
[2023-10-11T04:04:21.957+0000] {processor.py:829} INFO - Processing file /home/airflow/.local/lib/python3.8/site-packages/airflow/example_dags/example_dynamic_task_mapping_with_no_taskflow_operators.py for tasks to queue
[2023-10-11T04:04:21.960+0000] {logging_mixin.py:151} INFO - [2023-10-11T04:04:21.960+0000] {dagbag.py:539} INFO - Filling up the DagBag from /home/airflow/.local/lib/python3.8/site-packages/airflow/example_dags/example_dynamic_task_mapping_with_no_taskflow_operators.py
[2023-10-11T04:04:21.966+0000] {processor.py:839} INFO - DAG(s) dict_keys(['example_dynamic_task_mapping_with_no_taskflow_operators']) retrieved from /home/airflow/.local/lib/python3.8/site-packages/airflow/example_dags/example_dynamic_task_mapping_with_no_taskflow_operators.py
[2023-10-11T04:04:21.986+0000] {logging_mixin.py:151} INFO - [2023-10-11T04:04:21.985+0000] {dag.py:2915} INFO - Sync 1 DAGs
[2023-10-11T04:04:22.003+0000] {logging_mixin.py:151} INFO - [2023-10-11T04:04:22.003+0000] {dag.py:3696} INFO - Setting next_dagrun for example_dynamic_task_mapping_with_no_taskflow_operators to 2023-10-10T04:04:22.003574+00:00, run_after=2023-10-11T04:04:22.003574+00:00
[2023-10-11T04:04:22.022+0000] {processor.py:179} INFO - Processing /home/airflow/.local/lib/python3.8/site-packages/airflow/example_dags/example_dynamic_task_mapping_with_no_taskflow_operators.py took 0.070 seconds
