[2023-10-11T03:39:27.698+0000] {processor.py:157} INFO - Started process (PID=59) to work on /home/airflow/.local/lib/python3.8/site-packages/airflow/example_dags/example_setup_teardown.py
[2023-10-11T03:39:27.700+0000] {processor.py:829} INFO - Processing file /home/airflow/.local/lib/python3.8/site-packages/airflow/example_dags/example_setup_teardown.py for tasks to queue
[2023-10-11T03:39:27.703+0000] {logging_mixin.py:151} INFO - [2023-10-11T03:39:27.702+0000] {dagbag.py:539} INFO - Filling up the DagBag from /home/airflow/.local/lib/python3.8/site-packages/airflow/example_dags/example_setup_teardown.py
[2023-10-11T03:39:27.715+0000] {processor.py:839} INFO - DAG(s) dict_keys(['example_setup_teardown']) retrieved from /home/airflow/.local/lib/python3.8/site-packages/airflow/example_dags/example_setup_teardown.py
[2023-10-11T03:39:27.745+0000] {logging_mixin.py:151} INFO - [2023-10-11T03:39:27.745+0000] {dag.py:2915} INFO - Sync 1 DAGs
[2023-10-11T03:39:27.769+0000] {logging_mixin.py:151} INFO - [2023-10-11T03:39:27.769+0000] {dag.py:3696} INFO - Setting next_dagrun for example_setup_teardown to 2023-10-10T03:39:27.768927+00:00, run_after=2023-10-11T03:39:27.768927+00:00
[2023-10-11T03:39:27.795+0000] {processor.py:179} INFO - Processing /home/airflow/.local/lib/python3.8/site-packages/airflow/example_dags/example_setup_teardown.py took 0.100 seconds
[2023-10-11T03:39:58.710+0000] {processor.py:157} INFO - Started process (PID=116) to work on /home/airflow/.local/lib/python3.8/site-packages/airflow/example_dags/example_setup_teardown.py
[2023-10-11T03:39:58.712+0000] {processor.py:829} INFO - Processing file /home/airflow/.local/lib/python3.8/site-packages/airflow/example_dags/example_setup_teardown.py for tasks to queue
[2023-10-11T03:39:58.715+0000] {logging_mixin.py:151} INFO - [2023-10-11T03:39:58.714+0000] {dagbag.py:539} INFO - Filling up the DagBag from /home/airflow/.local/lib/python3.8/site-packages/airflow/example_dags/example_setup_teardown.py
[2023-10-11T03:39:58.720+0000] {processor.py:839} INFO - DAG(s) dict_keys(['example_setup_teardown']) retrieved from /home/airflow/.local/lib/python3.8/site-packages/airflow/example_dags/example_setup_teardown.py
[2023-10-11T03:39:58.743+0000] {logging_mixin.py:151} INFO - [2023-10-11T03:39:58.743+0000] {dag.py:2915} INFO - Sync 1 DAGs
[2023-10-11T03:39:58.768+0000] {logging_mixin.py:151} INFO - [2023-10-11T03:39:58.768+0000] {dag.py:3696} INFO - Setting next_dagrun for example_setup_teardown to 2023-10-10T03:39:58.768007+00:00, run_after=2023-10-11T03:39:58.768007+00:00
[2023-10-11T03:39:58.787+0000] {processor.py:179} INFO - Processing /home/airflow/.local/lib/python3.8/site-packages/airflow/example_dags/example_setup_teardown.py took 0.080 seconds
[2023-10-11T03:40:29.213+0000] {processor.py:157} INFO - Started process (PID=173) to work on /home/airflow/.local/lib/python3.8/site-packages/airflow/example_dags/example_setup_teardown.py
[2023-10-11T03:40:29.214+0000] {processor.py:829} INFO - Processing file /home/airflow/.local/lib/python3.8/site-packages/airflow/example_dags/example_setup_teardown.py for tasks to queue
[2023-10-11T03:40:29.216+0000] {logging_mixin.py:151} INFO - [2023-10-11T03:40:29.216+0000] {dagbag.py:539} INFO - Filling up the DagBag from /home/airflow/.local/lib/python3.8/site-packages/airflow/example_dags/example_setup_teardown.py
[2023-10-11T03:40:29.223+0000] {processor.py:839} INFO - DAG(s) dict_keys(['example_setup_teardown']) retrieved from /home/airflow/.local/lib/python3.8/site-packages/airflow/example_dags/example_setup_teardown.py
[2023-10-11T03:40:29.243+0000] {logging_mixin.py:151} INFO - [2023-10-11T03:40:29.243+0000] {dag.py:2915} INFO - Sync 1 DAGs
[2023-10-11T03:40:29.265+0000] {logging_mixin.py:151} INFO - [2023-10-11T03:40:29.265+0000] {dag.py:3696} INFO - Setting next_dagrun for example_setup_teardown to 2023-10-10T03:40:29.265137+00:00, run_after=2023-10-11T03:40:29.265137+00:00
[2023-10-11T03:40:29.290+0000] {processor.py:179} INFO - Processing /home/airflow/.local/lib/python3.8/site-packages/airflow/example_dags/example_setup_teardown.py took 0.080 seconds
[2023-10-11T03:40:59.843+0000] {processor.py:157} INFO - Started process (PID=230) to work on /home/airflow/.local/lib/python3.8/site-packages/airflow/example_dags/example_setup_teardown.py
[2023-10-11T03:40:59.844+0000] {processor.py:829} INFO - Processing file /home/airflow/.local/lib/python3.8/site-packages/airflow/example_dags/example_setup_teardown.py for tasks to queue
[2023-10-11T03:40:59.847+0000] {logging_mixin.py:151} INFO - [2023-10-11T03:40:59.847+0000] {dagbag.py:539} INFO - Filling up the DagBag from /home/airflow/.local/lib/python3.8/site-packages/airflow/example_dags/example_setup_teardown.py
[2023-10-11T03:40:59.857+0000] {processor.py:839} INFO - DAG(s) dict_keys(['example_setup_teardown']) retrieved from /home/airflow/.local/lib/python3.8/site-packages/airflow/example_dags/example_setup_teardown.py
[2023-10-11T03:40:59.888+0000] {logging_mixin.py:151} INFO - [2023-10-11T03:40:59.888+0000] {dag.py:2915} INFO - Sync 1 DAGs
[2023-10-11T03:40:59.921+0000] {logging_mixin.py:151} INFO - [2023-10-11T03:40:59.921+0000] {dag.py:3696} INFO - Setting next_dagrun for example_setup_teardown to 2023-10-10T03:40:59.921108+00:00, run_after=2023-10-11T03:40:59.921108+00:00
[2023-10-11T03:40:59.962+0000] {processor.py:179} INFO - Processing /home/airflow/.local/lib/python3.8/site-packages/airflow/example_dags/example_setup_teardown.py took 0.123 seconds
[2023-10-11T03:41:30.123+0000] {processor.py:157} INFO - Started process (PID=287) to work on /home/airflow/.local/lib/python3.8/site-packages/airflow/example_dags/example_setup_teardown.py
[2023-10-11T03:41:30.125+0000] {processor.py:829} INFO - Processing file /home/airflow/.local/lib/python3.8/site-packages/airflow/example_dags/example_setup_teardown.py for tasks to queue
[2023-10-11T03:41:30.128+0000] {logging_mixin.py:151} INFO - [2023-10-11T03:41:30.127+0000] {dagbag.py:539} INFO - Filling up the DagBag from /home/airflow/.local/lib/python3.8/site-packages/airflow/example_dags/example_setup_teardown.py
[2023-10-11T03:41:30.140+0000] {processor.py:839} INFO - DAG(s) dict_keys(['example_setup_teardown']) retrieved from /home/airflow/.local/lib/python3.8/site-packages/airflow/example_dags/example_setup_teardown.py
[2023-10-11T03:41:30.175+0000] {logging_mixin.py:151} INFO - [2023-10-11T03:41:30.175+0000] {dag.py:2915} INFO - Sync 1 DAGs
[2023-10-11T03:41:30.207+0000] {logging_mixin.py:151} INFO - [2023-10-11T03:41:30.206+0000] {dag.py:3696} INFO - Setting next_dagrun for example_setup_teardown to 2023-10-10T03:41:30.206602+00:00, run_after=2023-10-11T03:41:30.206602+00:00
[2023-10-11T03:41:30.242+0000] {processor.py:179} INFO - Processing /home/airflow/.local/lib/python3.8/site-packages/airflow/example_dags/example_setup_teardown.py took 0.124 seconds
[2023-10-11T03:42:00.350+0000] {processor.py:157} INFO - Started process (PID=344) to work on /home/airflow/.local/lib/python3.8/site-packages/airflow/example_dags/example_setup_teardown.py
[2023-10-11T03:42:00.352+0000] {processor.py:829} INFO - Processing file /home/airflow/.local/lib/python3.8/site-packages/airflow/example_dags/example_setup_teardown.py for tasks to queue
[2023-10-11T03:42:00.355+0000] {logging_mixin.py:151} INFO - [2023-10-11T03:42:00.354+0000] {dagbag.py:539} INFO - Filling up the DagBag from /home/airflow/.local/lib/python3.8/site-packages/airflow/example_dags/example_setup_teardown.py
[2023-10-11T03:42:00.361+0000] {processor.py:839} INFO - DAG(s) dict_keys(['example_setup_teardown']) retrieved from /home/airflow/.local/lib/python3.8/site-packages/airflow/example_dags/example_setup_teardown.py
[2023-10-11T03:42:00.380+0000] {logging_mixin.py:151} INFO - [2023-10-11T03:42:00.380+0000] {dag.py:2915} INFO - Sync 1 DAGs
[2023-10-11T03:42:00.403+0000] {logging_mixin.py:151} INFO - [2023-10-11T03:42:00.402+0000] {dag.py:3696} INFO - Setting next_dagrun for example_setup_teardown to 2023-10-10T03:42:00.402703+00:00, run_after=2023-10-11T03:42:00.402703+00:00
[2023-10-11T03:42:00.422+0000] {processor.py:179} INFO - Processing /home/airflow/.local/lib/python3.8/site-packages/airflow/example_dags/example_setup_teardown.py took 0.075 seconds
[2023-10-11T03:42:31.100+0000] {processor.py:157} INFO - Started process (PID=401) to work on /home/airflow/.local/lib/python3.8/site-packages/airflow/example_dags/example_setup_teardown.py
[2023-10-11T03:42:31.102+0000] {processor.py:829} INFO - Processing file /home/airflow/.local/lib/python3.8/site-packages/airflow/example_dags/example_setup_teardown.py for tasks to queue
[2023-10-11T03:42:31.105+0000] {logging_mixin.py:151} INFO - [2023-10-11T03:42:31.104+0000] {dagbag.py:539} INFO - Filling up the DagBag from /home/airflow/.local/lib/python3.8/site-packages/airflow/example_dags/example_setup_teardown.py
[2023-10-11T03:42:31.112+0000] {processor.py:839} INFO - DAG(s) dict_keys(['example_setup_teardown']) retrieved from /home/airflow/.local/lib/python3.8/site-packages/airflow/example_dags/example_setup_teardown.py
[2023-10-11T03:42:31.142+0000] {logging_mixin.py:151} INFO - [2023-10-11T03:42:31.142+0000] {dag.py:2915} INFO - Sync 1 DAGs
[2023-10-11T03:42:31.162+0000] {logging_mixin.py:151} INFO - [2023-10-11T03:42:31.162+0000] {dag.py:3696} INFO - Setting next_dagrun for example_setup_teardown to 2023-10-10T03:42:31.161970+00:00, run_after=2023-10-11T03:42:31.161970+00:00
[2023-10-11T03:42:31.184+0000] {processor.py:179} INFO - Processing /home/airflow/.local/lib/python3.8/site-packages/airflow/example_dags/example_setup_teardown.py took 0.088 seconds
[2023-10-11T03:43:01.620+0000] {processor.py:157} INFO - Started process (PID=457) to work on /home/airflow/.local/lib/python3.8/site-packages/airflow/example_dags/example_setup_teardown.py
[2023-10-11T03:43:01.624+0000] {processor.py:829} INFO - Processing file /home/airflow/.local/lib/python3.8/site-packages/airflow/example_dags/example_setup_teardown.py for tasks to queue
[2023-10-11T03:43:01.630+0000] {logging_mixin.py:151} INFO - [2023-10-11T03:43:01.629+0000] {dagbag.py:539} INFO - Filling up the DagBag from /home/airflow/.local/lib/python3.8/site-packages/airflow/example_dags/example_setup_teardown.py
[2023-10-11T03:43:01.645+0000] {processor.py:839} INFO - DAG(s) dict_keys(['example_setup_teardown']) retrieved from /home/airflow/.local/lib/python3.8/site-packages/airflow/example_dags/example_setup_teardown.py
[2023-10-11T03:43:01.682+0000] {logging_mixin.py:151} INFO - [2023-10-11T03:43:01.681+0000] {dag.py:2915} INFO - Sync 1 DAGs
[2023-10-11T03:43:01.721+0000] {logging_mixin.py:151} INFO - [2023-10-11T03:43:01.721+0000] {dag.py:3696} INFO - Setting next_dagrun for example_setup_teardown to 2023-10-10T03:43:01.720295+00:00, run_after=2023-10-11T03:43:01.720295+00:00
[2023-10-11T03:43:01.766+0000] {processor.py:179} INFO - Processing /home/airflow/.local/lib/python3.8/site-packages/airflow/example_dags/example_setup_teardown.py took 0.152 seconds
[2023-10-11T03:43:31.998+0000] {processor.py:157} INFO - Started process (PID=514) to work on /home/airflow/.local/lib/python3.8/site-packages/airflow/example_dags/example_setup_teardown.py
[2023-10-11T03:43:32.000+0000] {processor.py:829} INFO - Processing file /home/airflow/.local/lib/python3.8/site-packages/airflow/example_dags/example_setup_teardown.py for tasks to queue
[2023-10-11T03:43:32.004+0000] {logging_mixin.py:151} INFO - [2023-10-11T03:43:32.003+0000] {dagbag.py:539} INFO - Filling up the DagBag from /home/airflow/.local/lib/python3.8/site-packages/airflow/example_dags/example_setup_teardown.py
[2023-10-11T03:43:32.011+0000] {processor.py:839} INFO - DAG(s) dict_keys(['example_setup_teardown']) retrieved from /home/airflow/.local/lib/python3.8/site-packages/airflow/example_dags/example_setup_teardown.py
[2023-10-11T03:43:32.039+0000] {logging_mixin.py:151} INFO - [2023-10-11T03:43:32.038+0000] {dag.py:2915} INFO - Sync 1 DAGs
[2023-10-11T03:43:32.063+0000] {logging_mixin.py:151} INFO - [2023-10-11T03:43:32.062+0000] {dag.py:3696} INFO - Setting next_dagrun for example_setup_teardown to 2023-10-10T03:43:32.062621+00:00, run_after=2023-10-11T03:43:32.062621+00:00
[2023-10-11T03:43:32.088+0000] {processor.py:179} INFO - Processing /home/airflow/.local/lib/python3.8/site-packages/airflow/example_dags/example_setup_teardown.py took 0.094 seconds
[2023-10-11T03:44:02.438+0000] {processor.py:157} INFO - Started process (PID=571) to work on /home/airflow/.local/lib/python3.8/site-packages/airflow/example_dags/example_setup_teardown.py
[2023-10-11T03:44:02.439+0000] {processor.py:829} INFO - Processing file /home/airflow/.local/lib/python3.8/site-packages/airflow/example_dags/example_setup_teardown.py for tasks to queue
[2023-10-11T03:44:02.442+0000] {logging_mixin.py:151} INFO - [2023-10-11T03:44:02.442+0000] {dagbag.py:539} INFO - Filling up the DagBag from /home/airflow/.local/lib/python3.8/site-packages/airflow/example_dags/example_setup_teardown.py
[2023-10-11T03:44:02.451+0000] {processor.py:839} INFO - DAG(s) dict_keys(['example_setup_teardown']) retrieved from /home/airflow/.local/lib/python3.8/site-packages/airflow/example_dags/example_setup_teardown.py
[2023-10-11T03:44:02.475+0000] {logging_mixin.py:151} INFO - [2023-10-11T03:44:02.474+0000] {dag.py:2915} INFO - Sync 1 DAGs
[2023-10-11T03:44:02.500+0000] {logging_mixin.py:151} INFO - [2023-10-11T03:44:02.500+0000] {dag.py:3696} INFO - Setting next_dagrun for example_setup_teardown to 2023-10-10T03:44:02.499981+00:00, run_after=2023-10-11T03:44:02.499981+00:00
[2023-10-11T03:44:02.540+0000] {processor.py:179} INFO - Processing /home/airflow/.local/lib/python3.8/site-packages/airflow/example_dags/example_setup_teardown.py took 0.106 seconds
[2023-10-11T03:44:32.955+0000] {processor.py:157} INFO - Started process (PID=628) to work on /home/airflow/.local/lib/python3.8/site-packages/airflow/example_dags/example_setup_teardown.py
[2023-10-11T03:44:32.957+0000] {processor.py:829} INFO - Processing file /home/airflow/.local/lib/python3.8/site-packages/airflow/example_dags/example_setup_teardown.py for tasks to queue
[2023-10-11T03:44:32.961+0000] {logging_mixin.py:151} INFO - [2023-10-11T03:44:32.961+0000] {dagbag.py:539} INFO - Filling up the DagBag from /home/airflow/.local/lib/python3.8/site-packages/airflow/example_dags/example_setup_teardown.py
[2023-10-11T03:44:32.968+0000] {processor.py:839} INFO - DAG(s) dict_keys(['example_setup_teardown']) retrieved from /home/airflow/.local/lib/python3.8/site-packages/airflow/example_dags/example_setup_teardown.py
[2023-10-11T03:44:32.991+0000] {logging_mixin.py:151} INFO - [2023-10-11T03:44:32.991+0000] {dag.py:2915} INFO - Sync 1 DAGs
[2023-10-11T03:44:33.017+0000] {logging_mixin.py:151} INFO - [2023-10-11T03:44:33.017+0000] {dag.py:3696} INFO - Setting next_dagrun for example_setup_teardown to 2023-10-10T03:44:33.016584+00:00, run_after=2023-10-11T03:44:33.016584+00:00
[2023-10-11T03:44:33.044+0000] {processor.py:179} INFO - Processing /home/airflow/.local/lib/python3.8/site-packages/airflow/example_dags/example_setup_teardown.py took 0.091 seconds
[2023-10-11T03:45:03.331+0000] {processor.py:157} INFO - Started process (PID=685) to work on /home/airflow/.local/lib/python3.8/site-packages/airflow/example_dags/example_setup_teardown.py
[2023-10-11T03:45:03.332+0000] {processor.py:829} INFO - Processing file /home/airflow/.local/lib/python3.8/site-packages/airflow/example_dags/example_setup_teardown.py for tasks to queue
[2023-10-11T03:45:03.335+0000] {logging_mixin.py:151} INFO - [2023-10-11T03:45:03.334+0000] {dagbag.py:539} INFO - Filling up the DagBag from /home/airflow/.local/lib/python3.8/site-packages/airflow/example_dags/example_setup_teardown.py
[2023-10-11T03:45:03.343+0000] {processor.py:839} INFO - DAG(s) dict_keys(['example_setup_teardown']) retrieved from /home/airflow/.local/lib/python3.8/site-packages/airflow/example_dags/example_setup_teardown.py
[2023-10-11T03:45:03.364+0000] {logging_mixin.py:151} INFO - [2023-10-11T03:45:03.364+0000] {dag.py:2915} INFO - Sync 1 DAGs
[2023-10-11T03:45:03.388+0000] {logging_mixin.py:151} INFO - [2023-10-11T03:45:03.388+0000] {dag.py:3696} INFO - Setting next_dagrun for example_setup_teardown to 2023-10-10T03:45:03.388148+00:00, run_after=2023-10-11T03:45:03.388148+00:00
[2023-10-11T03:45:03.411+0000] {processor.py:179} INFO - Processing /home/airflow/.local/lib/python3.8/site-packages/airflow/example_dags/example_setup_teardown.py took 0.083 seconds
[2023-10-11T03:45:33.864+0000] {processor.py:157} INFO - Started process (PID=742) to work on /home/airflow/.local/lib/python3.8/site-packages/airflow/example_dags/example_setup_teardown.py
[2023-10-11T03:45:33.865+0000] {processor.py:829} INFO - Processing file /home/airflow/.local/lib/python3.8/site-packages/airflow/example_dags/example_setup_teardown.py for tasks to queue
[2023-10-11T03:45:33.868+0000] {logging_mixin.py:151} INFO - [2023-10-11T03:45:33.868+0000] {dagbag.py:539} INFO - Filling up the DagBag from /home/airflow/.local/lib/python3.8/site-packages/airflow/example_dags/example_setup_teardown.py
[2023-10-11T03:45:33.874+0000] {processor.py:839} INFO - DAG(s) dict_keys(['example_setup_teardown']) retrieved from /home/airflow/.local/lib/python3.8/site-packages/airflow/example_dags/example_setup_teardown.py
[2023-10-11T03:45:33.895+0000] {logging_mixin.py:151} INFO - [2023-10-11T03:45:33.895+0000] {dag.py:2915} INFO - Sync 1 DAGs
[2023-10-11T03:45:33.915+0000] {logging_mixin.py:151} INFO - [2023-10-11T03:45:33.915+0000] {dag.py:3696} INFO - Setting next_dagrun for example_setup_teardown to 2023-10-10T03:45:33.914799+00:00, run_after=2023-10-11T03:45:33.914799+00:00
[2023-10-11T03:45:33.935+0000] {processor.py:179} INFO - Processing /home/airflow/.local/lib/python3.8/site-packages/airflow/example_dags/example_setup_teardown.py took 0.074 seconds
[2023-10-11T03:46:04.227+0000] {processor.py:157} INFO - Started process (PID=799) to work on /home/airflow/.local/lib/python3.8/site-packages/airflow/example_dags/example_setup_teardown.py
[2023-10-11T03:46:04.230+0000] {processor.py:829} INFO - Processing file /home/airflow/.local/lib/python3.8/site-packages/airflow/example_dags/example_setup_teardown.py for tasks to queue
[2023-10-11T03:46:04.232+0000] {logging_mixin.py:151} INFO - [2023-10-11T03:46:04.232+0000] {dagbag.py:539} INFO - Filling up the DagBag from /home/airflow/.local/lib/python3.8/site-packages/airflow/example_dags/example_setup_teardown.py
[2023-10-11T03:46:04.238+0000] {processor.py:839} INFO - DAG(s) dict_keys(['example_setup_teardown']) retrieved from /home/airflow/.local/lib/python3.8/site-packages/airflow/example_dags/example_setup_teardown.py
[2023-10-11T03:46:04.263+0000] {logging_mixin.py:151} INFO - [2023-10-11T03:46:04.263+0000] {dag.py:2915} INFO - Sync 1 DAGs
[2023-10-11T03:46:04.285+0000] {logging_mixin.py:151} INFO - [2023-10-11T03:46:04.285+0000] {dag.py:3696} INFO - Setting next_dagrun for example_setup_teardown to 2023-10-10T03:46:04.285288+00:00, run_after=2023-10-11T03:46:04.285288+00:00
[2023-10-11T03:46:04.306+0000] {processor.py:179} INFO - Processing /home/airflow/.local/lib/python3.8/site-packages/airflow/example_dags/example_setup_teardown.py took 0.083 seconds
[2023-10-11T03:46:34.953+0000] {processor.py:157} INFO - Started process (PID=856) to work on /home/airflow/.local/lib/python3.8/site-packages/airflow/example_dags/example_setup_teardown.py
[2023-10-11T03:46:34.954+0000] {processor.py:829} INFO - Processing file /home/airflow/.local/lib/python3.8/site-packages/airflow/example_dags/example_setup_teardown.py for tasks to queue
[2023-10-11T03:46:34.957+0000] {logging_mixin.py:151} INFO - [2023-10-11T03:46:34.956+0000] {dagbag.py:539} INFO - Filling up the DagBag from /home/airflow/.local/lib/python3.8/site-packages/airflow/example_dags/example_setup_teardown.py
[2023-10-11T03:46:34.968+0000] {processor.py:839} INFO - DAG(s) dict_keys(['example_setup_teardown']) retrieved from /home/airflow/.local/lib/python3.8/site-packages/airflow/example_dags/example_setup_teardown.py
[2023-10-11T03:46:34.993+0000] {logging_mixin.py:151} INFO - [2023-10-11T03:46:34.993+0000] {dag.py:2915} INFO - Sync 1 DAGs
[2023-10-11T03:46:35.011+0000] {logging_mixin.py:151} INFO - [2023-10-11T03:46:35.010+0000] {dag.py:3696} INFO - Setting next_dagrun for example_setup_teardown to 2023-10-10T03:46:35.010679+00:00, run_after=2023-10-11T03:46:35.010679+00:00
[2023-10-11T03:46:35.046+0000] {processor.py:179} INFO - Processing /home/airflow/.local/lib/python3.8/site-packages/airflow/example_dags/example_setup_teardown.py took 0.096 seconds
[2023-10-11T03:47:05.622+0000] {processor.py:157} INFO - Started process (PID=913) to work on /home/airflow/.local/lib/python3.8/site-packages/airflow/example_dags/example_setup_teardown.py
[2023-10-11T03:47:05.623+0000] {processor.py:829} INFO - Processing file /home/airflow/.local/lib/python3.8/site-packages/airflow/example_dags/example_setup_teardown.py for tasks to queue
[2023-10-11T03:47:05.626+0000] {logging_mixin.py:151} INFO - [2023-10-11T03:47:05.625+0000] {dagbag.py:539} INFO - Filling up the DagBag from /home/airflow/.local/lib/python3.8/site-packages/airflow/example_dags/example_setup_teardown.py
[2023-10-11T03:47:05.632+0000] {processor.py:839} INFO - DAG(s) dict_keys(['example_setup_teardown']) retrieved from /home/airflow/.local/lib/python3.8/site-packages/airflow/example_dags/example_setup_teardown.py
[2023-10-11T03:47:05.656+0000] {logging_mixin.py:151} INFO - [2023-10-11T03:47:05.656+0000] {dag.py:2915} INFO - Sync 1 DAGs
[2023-10-11T03:47:05.677+0000] {logging_mixin.py:151} INFO - [2023-10-11T03:47:05.677+0000] {dag.py:3696} INFO - Setting next_dagrun for example_setup_teardown to 2023-10-10T03:47:05.677313+00:00, run_after=2023-10-11T03:47:05.677313+00:00
[2023-10-11T03:47:05.703+0000] {processor.py:179} INFO - Processing /home/airflow/.local/lib/python3.8/site-packages/airflow/example_dags/example_setup_teardown.py took 0.084 seconds
[2023-10-11T03:47:35.855+0000] {processor.py:157} INFO - Started process (PID=970) to work on /home/airflow/.local/lib/python3.8/site-packages/airflow/example_dags/example_setup_teardown.py
[2023-10-11T03:47:35.856+0000] {processor.py:829} INFO - Processing file /home/airflow/.local/lib/python3.8/site-packages/airflow/example_dags/example_setup_teardown.py for tasks to queue
[2023-10-11T03:47:35.859+0000] {logging_mixin.py:151} INFO - [2023-10-11T03:47:35.859+0000] {dagbag.py:539} INFO - Filling up the DagBag from /home/airflow/.local/lib/python3.8/site-packages/airflow/example_dags/example_setup_teardown.py
[2023-10-11T03:47:35.867+0000] {processor.py:839} INFO - DAG(s) dict_keys(['example_setup_teardown']) retrieved from /home/airflow/.local/lib/python3.8/site-packages/airflow/example_dags/example_setup_teardown.py
[2023-10-11T03:47:35.894+0000] {logging_mixin.py:151} INFO - [2023-10-11T03:47:35.894+0000] {dag.py:2915} INFO - Sync 1 DAGs
[2023-10-11T03:47:35.921+0000] {logging_mixin.py:151} INFO - [2023-10-11T03:47:35.920+0000] {dag.py:3696} INFO - Setting next_dagrun for example_setup_teardown to 2023-10-10T03:47:35.920639+00:00, run_after=2023-10-11T03:47:35.920639+00:00
[2023-10-11T03:47:35.951+0000] {processor.py:179} INFO - Processing /home/airflow/.local/lib/python3.8/site-packages/airflow/example_dags/example_setup_teardown.py took 0.100 seconds
[2023-10-11T03:48:06.134+0000] {processor.py:157} INFO - Started process (PID=1027) to work on /home/airflow/.local/lib/python3.8/site-packages/airflow/example_dags/example_setup_teardown.py
[2023-10-11T03:48:06.135+0000] {processor.py:829} INFO - Processing file /home/airflow/.local/lib/python3.8/site-packages/airflow/example_dags/example_setup_teardown.py for tasks to queue
[2023-10-11T03:48:06.138+0000] {logging_mixin.py:151} INFO - [2023-10-11T03:48:06.138+0000] {dagbag.py:539} INFO - Filling up the DagBag from /home/airflow/.local/lib/python3.8/site-packages/airflow/example_dags/example_setup_teardown.py
[2023-10-11T03:48:06.146+0000] {processor.py:839} INFO - DAG(s) dict_keys(['example_setup_teardown']) retrieved from /home/airflow/.local/lib/python3.8/site-packages/airflow/example_dags/example_setup_teardown.py
[2023-10-11T03:48:06.173+0000] {logging_mixin.py:151} INFO - [2023-10-11T03:48:06.173+0000] {dag.py:2915} INFO - Sync 1 DAGs
[2023-10-11T03:48:06.197+0000] {logging_mixin.py:151} INFO - [2023-10-11T03:48:06.197+0000] {dag.py:3696} INFO - Setting next_dagrun for example_setup_teardown to 2023-10-10T03:48:06.196951+00:00, run_after=2023-10-11T03:48:06.196951+00:00
[2023-10-11T03:48:06.218+0000] {processor.py:179} INFO - Processing /home/airflow/.local/lib/python3.8/site-packages/airflow/example_dags/example_setup_teardown.py took 0.087 seconds
[2023-10-11T03:48:36.766+0000] {processor.py:157} INFO - Started process (PID=1084) to work on /home/airflow/.local/lib/python3.8/site-packages/airflow/example_dags/example_setup_teardown.py
[2023-10-11T03:48:36.768+0000] {processor.py:829} INFO - Processing file /home/airflow/.local/lib/python3.8/site-packages/airflow/example_dags/example_setup_teardown.py for tasks to queue
[2023-10-11T03:48:36.770+0000] {logging_mixin.py:151} INFO - [2023-10-11T03:48:36.770+0000] {dagbag.py:539} INFO - Filling up the DagBag from /home/airflow/.local/lib/python3.8/site-packages/airflow/example_dags/example_setup_teardown.py
[2023-10-11T03:48:36.776+0000] {processor.py:839} INFO - DAG(s) dict_keys(['example_setup_teardown']) retrieved from /home/airflow/.local/lib/python3.8/site-packages/airflow/example_dags/example_setup_teardown.py
[2023-10-11T03:48:36.799+0000] {logging_mixin.py:151} INFO - [2023-10-11T03:48:36.799+0000] {dag.py:2915} INFO - Sync 1 DAGs
[2023-10-11T03:48:36.819+0000] {logging_mixin.py:151} INFO - [2023-10-11T03:48:36.818+0000] {dag.py:3696} INFO - Setting next_dagrun for example_setup_teardown to 2023-10-10T03:48:36.818744+00:00, run_after=2023-10-11T03:48:36.818744+00:00
[2023-10-11T03:48:36.840+0000] {processor.py:179} INFO - Processing /home/airflow/.local/lib/python3.8/site-packages/airflow/example_dags/example_setup_teardown.py took 0.078 seconds
[2023-10-11T03:49:07.285+0000] {processor.py:157} INFO - Started process (PID=1141) to work on /home/airflow/.local/lib/python3.8/site-packages/airflow/example_dags/example_setup_teardown.py
[2023-10-11T03:49:07.287+0000] {processor.py:829} INFO - Processing file /home/airflow/.local/lib/python3.8/site-packages/airflow/example_dags/example_setup_teardown.py for tasks to queue
[2023-10-11T03:49:07.289+0000] {logging_mixin.py:151} INFO - [2023-10-11T03:49:07.289+0000] {dagbag.py:539} INFO - Filling up the DagBag from /home/airflow/.local/lib/python3.8/site-packages/airflow/example_dags/example_setup_teardown.py
[2023-10-11T03:49:07.297+0000] {processor.py:839} INFO - DAG(s) dict_keys(['example_setup_teardown']) retrieved from /home/airflow/.local/lib/python3.8/site-packages/airflow/example_dags/example_setup_teardown.py
[2023-10-11T03:49:07.320+0000] {logging_mixin.py:151} INFO - [2023-10-11T03:49:07.319+0000] {dag.py:2915} INFO - Sync 1 DAGs
[2023-10-11T03:49:07.340+0000] {logging_mixin.py:151} INFO - [2023-10-11T03:49:07.340+0000] {dag.py:3696} INFO - Setting next_dagrun for example_setup_teardown to 2023-10-10T03:49:07.340104+00:00, run_after=2023-10-11T03:49:07.340104+00:00
[2023-10-11T03:49:07.367+0000] {processor.py:179} INFO - Processing /home/airflow/.local/lib/python3.8/site-packages/airflow/example_dags/example_setup_teardown.py took 0.085 seconds
[2023-10-11T03:49:37.474+0000] {processor.py:157} INFO - Started process (PID=1198) to work on /home/airflow/.local/lib/python3.8/site-packages/airflow/example_dags/example_setup_teardown.py
[2023-10-11T03:49:37.476+0000] {processor.py:829} INFO - Processing file /home/airflow/.local/lib/python3.8/site-packages/airflow/example_dags/example_setup_teardown.py for tasks to queue
[2023-10-11T03:49:37.480+0000] {logging_mixin.py:151} INFO - [2023-10-11T03:49:37.479+0000] {dagbag.py:539} INFO - Filling up the DagBag from /home/airflow/.local/lib/python3.8/site-packages/airflow/example_dags/example_setup_teardown.py
[2023-10-11T03:49:37.485+0000] {processor.py:839} INFO - DAG(s) dict_keys(['example_setup_teardown']) retrieved from /home/airflow/.local/lib/python3.8/site-packages/airflow/example_dags/example_setup_teardown.py
[2023-10-11T03:49:37.507+0000] {logging_mixin.py:151} INFO - [2023-10-11T03:49:37.507+0000] {dag.py:2915} INFO - Sync 1 DAGs
[2023-10-11T03:49:37.527+0000] {logging_mixin.py:151} INFO - [2023-10-11T03:49:37.527+0000] {dag.py:3696} INFO - Setting next_dagrun for example_setup_teardown to 2023-10-10T03:49:37.527278+00:00, run_after=2023-10-11T03:49:37.527278+00:00
[2023-10-11T03:49:37.554+0000] {processor.py:179} INFO - Processing /home/airflow/.local/lib/python3.8/site-packages/airflow/example_dags/example_setup_teardown.py took 0.082 seconds
[2023-10-11T03:50:08.010+0000] {processor.py:157} INFO - Started process (PID=1262) to work on /home/airflow/.local/lib/python3.8/site-packages/airflow/example_dags/example_setup_teardown.py
[2023-10-11T03:50:08.012+0000] {processor.py:829} INFO - Processing file /home/airflow/.local/lib/python3.8/site-packages/airflow/example_dags/example_setup_teardown.py for tasks to queue
[2023-10-11T03:50:08.014+0000] {logging_mixin.py:151} INFO - [2023-10-11T03:50:08.014+0000] {dagbag.py:539} INFO - Filling up the DagBag from /home/airflow/.local/lib/python3.8/site-packages/airflow/example_dags/example_setup_teardown.py
[2023-10-11T03:50:08.022+0000] {processor.py:839} INFO - DAG(s) dict_keys(['example_setup_teardown']) retrieved from /home/airflow/.local/lib/python3.8/site-packages/airflow/example_dags/example_setup_teardown.py
[2023-10-11T03:50:08.045+0000] {logging_mixin.py:151} INFO - [2023-10-11T03:50:08.045+0000] {dag.py:2915} INFO - Sync 1 DAGs
[2023-10-11T03:50:08.068+0000] {logging_mixin.py:151} INFO - [2023-10-11T03:50:08.068+0000] {dag.py:3696} INFO - Setting next_dagrun for example_setup_teardown to 2023-10-10T03:50:08.068069+00:00, run_after=2023-10-11T03:50:08.068069+00:00
[2023-10-11T03:50:08.090+0000] {processor.py:179} INFO - Processing /home/airflow/.local/lib/python3.8/site-packages/airflow/example_dags/example_setup_teardown.py took 0.083 seconds
[2023-10-11T03:50:38.442+0000] {processor.py:157} INFO - Started process (PID=1319) to work on /home/airflow/.local/lib/python3.8/site-packages/airflow/example_dags/example_setup_teardown.py
[2023-10-11T03:50:38.444+0000] {processor.py:829} INFO - Processing file /home/airflow/.local/lib/python3.8/site-packages/airflow/example_dags/example_setup_teardown.py for tasks to queue
[2023-10-11T03:50:38.446+0000] {logging_mixin.py:151} INFO - [2023-10-11T03:50:38.446+0000] {dagbag.py:539} INFO - Filling up the DagBag from /home/airflow/.local/lib/python3.8/site-packages/airflow/example_dags/example_setup_teardown.py
[2023-10-11T03:50:38.455+0000] {processor.py:839} INFO - DAG(s) dict_keys(['example_setup_teardown']) retrieved from /home/airflow/.local/lib/python3.8/site-packages/airflow/example_dags/example_setup_teardown.py
[2023-10-11T03:50:38.477+0000] {logging_mixin.py:151} INFO - [2023-10-11T03:50:38.477+0000] {dag.py:2915} INFO - Sync 1 DAGs
[2023-10-11T03:50:38.498+0000] {logging_mixin.py:151} INFO - [2023-10-11T03:50:38.498+0000] {dag.py:3696} INFO - Setting next_dagrun for example_setup_teardown to 2023-10-10T03:50:38.497890+00:00, run_after=2023-10-11T03:50:38.497890+00:00
[2023-10-11T03:50:38.522+0000] {processor.py:179} INFO - Processing /home/airflow/.local/lib/python3.8/site-packages/airflow/example_dags/example_setup_teardown.py took 0.082 seconds
[2023-10-11T03:51:09.172+0000] {processor.py:157} INFO - Started process (PID=1376) to work on /home/airflow/.local/lib/python3.8/site-packages/airflow/example_dags/example_setup_teardown.py
[2023-10-11T03:51:09.173+0000] {processor.py:829} INFO - Processing file /home/airflow/.local/lib/python3.8/site-packages/airflow/example_dags/example_setup_teardown.py for tasks to queue
[2023-10-11T03:51:09.177+0000] {logging_mixin.py:151} INFO - [2023-10-11T03:51:09.176+0000] {dagbag.py:539} INFO - Filling up the DagBag from /home/airflow/.local/lib/python3.8/site-packages/airflow/example_dags/example_setup_teardown.py
[2023-10-11T03:51:09.186+0000] {processor.py:839} INFO - DAG(s) dict_keys(['example_setup_teardown']) retrieved from /home/airflow/.local/lib/python3.8/site-packages/airflow/example_dags/example_setup_teardown.py
[2023-10-11T03:51:09.215+0000] {logging_mixin.py:151} INFO - [2023-10-11T03:51:09.215+0000] {dag.py:2915} INFO - Sync 1 DAGs
[2023-10-11T03:51:09.237+0000] {logging_mixin.py:151} INFO - [2023-10-11T03:51:09.237+0000] {dag.py:3696} INFO - Setting next_dagrun for example_setup_teardown to 2023-10-10T03:51:09.237464+00:00, run_after=2023-10-11T03:51:09.237464+00:00
[2023-10-11T03:51:09.265+0000] {processor.py:179} INFO - Processing /home/airflow/.local/lib/python3.8/site-packages/airflow/example_dags/example_setup_teardown.py took 0.096 seconds
[2023-10-11T03:51:39.453+0000] {processor.py:157} INFO - Started process (PID=1433) to work on /home/airflow/.local/lib/python3.8/site-packages/airflow/example_dags/example_setup_teardown.py
[2023-10-11T03:51:39.455+0000] {processor.py:829} INFO - Processing file /home/airflow/.local/lib/python3.8/site-packages/airflow/example_dags/example_setup_teardown.py for tasks to queue
[2023-10-11T03:51:39.459+0000] {logging_mixin.py:151} INFO - [2023-10-11T03:51:39.458+0000] {dagbag.py:539} INFO - Filling up the DagBag from /home/airflow/.local/lib/python3.8/site-packages/airflow/example_dags/example_setup_teardown.py
[2023-10-11T03:51:39.464+0000] {processor.py:839} INFO - DAG(s) dict_keys(['example_setup_teardown']) retrieved from /home/airflow/.local/lib/python3.8/site-packages/airflow/example_dags/example_setup_teardown.py
[2023-10-11T03:51:39.485+0000] {logging_mixin.py:151} INFO - [2023-10-11T03:51:39.485+0000] {dag.py:2915} INFO - Sync 1 DAGs
[2023-10-11T03:51:39.505+0000] {logging_mixin.py:151} INFO - [2023-10-11T03:51:39.505+0000] {dag.py:3696} INFO - Setting next_dagrun for example_setup_teardown to 2023-10-10T03:51:39.505357+00:00, run_after=2023-10-11T03:51:39.505357+00:00
[2023-10-11T03:51:39.527+0000] {processor.py:179} INFO - Processing /home/airflow/.local/lib/python3.8/site-packages/airflow/example_dags/example_setup_teardown.py took 0.076 seconds
[2023-10-11T03:52:09.884+0000] {processor.py:157} INFO - Started process (PID=1489) to work on /home/airflow/.local/lib/python3.8/site-packages/airflow/example_dags/example_setup_teardown.py
[2023-10-11T03:52:09.886+0000] {processor.py:829} INFO - Processing file /home/airflow/.local/lib/python3.8/site-packages/airflow/example_dags/example_setup_teardown.py for tasks to queue
[2023-10-11T03:52:09.890+0000] {logging_mixin.py:151} INFO - [2023-10-11T03:52:09.890+0000] {dagbag.py:539} INFO - Filling up the DagBag from /home/airflow/.local/lib/python3.8/site-packages/airflow/example_dags/example_setup_teardown.py
[2023-10-11T03:52:09.897+0000] {processor.py:839} INFO - DAG(s) dict_keys(['example_setup_teardown']) retrieved from /home/airflow/.local/lib/python3.8/site-packages/airflow/example_dags/example_setup_teardown.py
[2023-10-11T03:52:09.923+0000] {logging_mixin.py:151} INFO - [2023-10-11T03:52:09.923+0000] {dag.py:2915} INFO - Sync 1 DAGs
[2023-10-11T03:52:09.944+0000] {logging_mixin.py:151} INFO - [2023-10-11T03:52:09.944+0000] {dag.py:3696} INFO - Setting next_dagrun for example_setup_teardown to 2023-10-10T03:52:09.944483+00:00, run_after=2023-10-11T03:52:09.944483+00:00
[2023-10-11T03:52:09.963+0000] {processor.py:179} INFO - Processing /home/airflow/.local/lib/python3.8/site-packages/airflow/example_dags/example_setup_teardown.py took 0.082 seconds
[2023-10-11T03:52:40.267+0000] {processor.py:157} INFO - Started process (PID=1546) to work on /home/airflow/.local/lib/python3.8/site-packages/airflow/example_dags/example_setup_teardown.py
[2023-10-11T03:52:40.268+0000] {processor.py:829} INFO - Processing file /home/airflow/.local/lib/python3.8/site-packages/airflow/example_dags/example_setup_teardown.py for tasks to queue
[2023-10-11T03:52:40.271+0000] {logging_mixin.py:151} INFO - [2023-10-11T03:52:40.270+0000] {dagbag.py:539} INFO - Filling up the DagBag from /home/airflow/.local/lib/python3.8/site-packages/airflow/example_dags/example_setup_teardown.py
[2023-10-11T03:52:40.277+0000] {processor.py:839} INFO - DAG(s) dict_keys(['example_setup_teardown']) retrieved from /home/airflow/.local/lib/python3.8/site-packages/airflow/example_dags/example_setup_teardown.py
[2023-10-11T03:52:40.306+0000] {logging_mixin.py:151} INFO - [2023-10-11T03:52:40.306+0000] {dag.py:2915} INFO - Sync 1 DAGs
[2023-10-11T03:52:40.331+0000] {logging_mixin.py:151} INFO - [2023-10-11T03:52:40.331+0000] {dag.py:3696} INFO - Setting next_dagrun for example_setup_teardown to 2023-10-10T03:52:40.330977+00:00, run_after=2023-10-11T03:52:40.330977+00:00
[2023-10-11T03:52:40.354+0000] {processor.py:179} INFO - Processing /home/airflow/.local/lib/python3.8/site-packages/airflow/example_dags/example_setup_teardown.py took 0.092 seconds
[2023-10-11T03:53:10.632+0000] {processor.py:157} INFO - Started process (PID=1604) to work on /home/airflow/.local/lib/python3.8/site-packages/airflow/example_dags/example_setup_teardown.py
[2023-10-11T03:53:10.634+0000] {processor.py:829} INFO - Processing file /home/airflow/.local/lib/python3.8/site-packages/airflow/example_dags/example_setup_teardown.py for tasks to queue
[2023-10-11T03:53:10.637+0000] {logging_mixin.py:151} INFO - [2023-10-11T03:53:10.637+0000] {dagbag.py:539} INFO - Filling up the DagBag from /home/airflow/.local/lib/python3.8/site-packages/airflow/example_dags/example_setup_teardown.py
[2023-10-11T03:53:10.646+0000] {processor.py:839} INFO - DAG(s) dict_keys(['example_setup_teardown']) retrieved from /home/airflow/.local/lib/python3.8/site-packages/airflow/example_dags/example_setup_teardown.py
[2023-10-11T03:53:10.668+0000] {logging_mixin.py:151} INFO - [2023-10-11T03:53:10.668+0000] {dag.py:2915} INFO - Sync 1 DAGs
[2023-10-11T03:53:10.689+0000] {logging_mixin.py:151} INFO - [2023-10-11T03:53:10.689+0000] {dag.py:3696} INFO - Setting next_dagrun for example_setup_teardown to 2023-10-10T03:53:10.689307+00:00, run_after=2023-10-11T03:53:10.689307+00:00
[2023-10-11T03:53:10.711+0000] {processor.py:179} INFO - Processing /home/airflow/.local/lib/python3.8/site-packages/airflow/example_dags/example_setup_teardown.py took 0.082 seconds
[2023-10-11T03:53:41.710+0000] {processor.py:157} INFO - Started process (PID=1661) to work on /home/airflow/.local/lib/python3.8/site-packages/airflow/example_dags/example_setup_teardown.py
[2023-10-11T03:53:41.711+0000] {processor.py:829} INFO - Processing file /home/airflow/.local/lib/python3.8/site-packages/airflow/example_dags/example_setup_teardown.py for tasks to queue
[2023-10-11T03:53:41.714+0000] {logging_mixin.py:151} INFO - [2023-10-11T03:53:41.713+0000] {dagbag.py:539} INFO - Filling up the DagBag from /home/airflow/.local/lib/python3.8/site-packages/airflow/example_dags/example_setup_teardown.py
[2023-10-11T03:53:41.720+0000] {processor.py:839} INFO - DAG(s) dict_keys(['example_setup_teardown']) retrieved from /home/airflow/.local/lib/python3.8/site-packages/airflow/example_dags/example_setup_teardown.py
[2023-10-11T03:53:41.742+0000] {logging_mixin.py:151} INFO - [2023-10-11T03:53:41.742+0000] {dag.py:2915} INFO - Sync 1 DAGs
[2023-10-11T03:53:41.760+0000] {logging_mixin.py:151} INFO - [2023-10-11T03:53:41.760+0000] {dag.py:3696} INFO - Setting next_dagrun for example_setup_teardown to 2023-10-10T03:53:41.760449+00:00, run_after=2023-10-11T03:53:41.760449+00:00
[2023-10-11T03:53:41.779+0000] {processor.py:179} INFO - Processing /home/airflow/.local/lib/python3.8/site-packages/airflow/example_dags/example_setup_teardown.py took 0.071 seconds
[2023-10-11T03:54:12.170+0000] {processor.py:157} INFO - Started process (PID=1718) to work on /home/airflow/.local/lib/python3.8/site-packages/airflow/example_dags/example_setup_teardown.py
[2023-10-11T03:54:12.172+0000] {processor.py:829} INFO - Processing file /home/airflow/.local/lib/python3.8/site-packages/airflow/example_dags/example_setup_teardown.py for tasks to queue
[2023-10-11T03:54:12.174+0000] {logging_mixin.py:151} INFO - [2023-10-11T03:54:12.174+0000] {dagbag.py:539} INFO - Filling up the DagBag from /home/airflow/.local/lib/python3.8/site-packages/airflow/example_dags/example_setup_teardown.py
[2023-10-11T03:54:12.180+0000] {processor.py:839} INFO - DAG(s) dict_keys(['example_setup_teardown']) retrieved from /home/airflow/.local/lib/python3.8/site-packages/airflow/example_dags/example_setup_teardown.py
[2023-10-11T03:54:12.207+0000] {logging_mixin.py:151} INFO - [2023-10-11T03:54:12.206+0000] {dag.py:2915} INFO - Sync 1 DAGs
[2023-10-11T03:54:12.228+0000] {logging_mixin.py:151} INFO - [2023-10-11T03:54:12.228+0000] {dag.py:3696} INFO - Setting next_dagrun for example_setup_teardown to 2023-10-10T03:54:12.228393+00:00, run_after=2023-10-11T03:54:12.228393+00:00
[2023-10-11T03:54:12.250+0000] {processor.py:179} INFO - Processing /home/airflow/.local/lib/python3.8/site-packages/airflow/example_dags/example_setup_teardown.py took 0.085 seconds
[2023-10-11T03:54:42.364+0000] {processor.py:157} INFO - Started process (PID=1775) to work on /home/airflow/.local/lib/python3.8/site-packages/airflow/example_dags/example_setup_teardown.py
[2023-10-11T03:54:42.366+0000] {processor.py:829} INFO - Processing file /home/airflow/.local/lib/python3.8/site-packages/airflow/example_dags/example_setup_teardown.py for tasks to queue
[2023-10-11T03:54:42.368+0000] {logging_mixin.py:151} INFO - [2023-10-11T03:54:42.368+0000] {dagbag.py:539} INFO - Filling up the DagBag from /home/airflow/.local/lib/python3.8/site-packages/airflow/example_dags/example_setup_teardown.py
[2023-10-11T03:54:42.375+0000] {processor.py:839} INFO - DAG(s) dict_keys(['example_setup_teardown']) retrieved from /home/airflow/.local/lib/python3.8/site-packages/airflow/example_dags/example_setup_teardown.py
[2023-10-11T03:54:42.395+0000] {logging_mixin.py:151} INFO - [2023-10-11T03:54:42.395+0000] {dag.py:2915} INFO - Sync 1 DAGs
[2023-10-11T03:54:42.414+0000] {logging_mixin.py:151} INFO - [2023-10-11T03:54:42.414+0000] {dag.py:3696} INFO - Setting next_dagrun for example_setup_teardown to 2023-10-10T03:54:42.414353+00:00, run_after=2023-10-11T03:54:42.414353+00:00
[2023-10-11T03:54:42.435+0000] {processor.py:179} INFO - Processing /home/airflow/.local/lib/python3.8/site-packages/airflow/example_dags/example_setup_teardown.py took 0.074 seconds
[2023-10-11T03:55:12.853+0000] {processor.py:157} INFO - Started process (PID=1832) to work on /home/airflow/.local/lib/python3.8/site-packages/airflow/example_dags/example_setup_teardown.py
[2023-10-11T03:55:12.855+0000] {processor.py:829} INFO - Processing file /home/airflow/.local/lib/python3.8/site-packages/airflow/example_dags/example_setup_teardown.py for tasks to queue
[2023-10-11T03:55:12.858+0000] {logging_mixin.py:151} INFO - [2023-10-11T03:55:12.857+0000] {dagbag.py:539} INFO - Filling up the DagBag from /home/airflow/.local/lib/python3.8/site-packages/airflow/example_dags/example_setup_teardown.py
[2023-10-11T03:55:12.863+0000] {processor.py:839} INFO - DAG(s) dict_keys(['example_setup_teardown']) retrieved from /home/airflow/.local/lib/python3.8/site-packages/airflow/example_dags/example_setup_teardown.py
[2023-10-11T03:55:12.886+0000] {logging_mixin.py:151} INFO - [2023-10-11T03:55:12.886+0000] {dag.py:2915} INFO - Sync 1 DAGs
[2023-10-11T03:55:12.908+0000] {logging_mixin.py:151} INFO - [2023-10-11T03:55:12.908+0000] {dag.py:3696} INFO - Setting next_dagrun for example_setup_teardown to 2023-10-10T03:55:12.908262+00:00, run_after=2023-10-11T03:55:12.908262+00:00
[2023-10-11T03:55:12.928+0000] {processor.py:179} INFO - Processing /home/airflow/.local/lib/python3.8/site-packages/airflow/example_dags/example_setup_teardown.py took 0.077 seconds
[2023-10-11T03:55:43.269+0000] {processor.py:157} INFO - Started process (PID=1889) to work on /home/airflow/.local/lib/python3.8/site-packages/airflow/example_dags/example_setup_teardown.py
[2023-10-11T03:55:43.270+0000] {processor.py:829} INFO - Processing file /home/airflow/.local/lib/python3.8/site-packages/airflow/example_dags/example_setup_teardown.py for tasks to queue
[2023-10-11T03:55:43.273+0000] {logging_mixin.py:151} INFO - [2023-10-11T03:55:43.273+0000] {dagbag.py:539} INFO - Filling up the DagBag from /home/airflow/.local/lib/python3.8/site-packages/airflow/example_dags/example_setup_teardown.py
[2023-10-11T03:55:43.279+0000] {processor.py:839} INFO - DAG(s) dict_keys(['example_setup_teardown']) retrieved from /home/airflow/.local/lib/python3.8/site-packages/airflow/example_dags/example_setup_teardown.py
[2023-10-11T03:55:43.298+0000] {logging_mixin.py:151} INFO - [2023-10-11T03:55:43.298+0000] {dag.py:2915} INFO - Sync 1 DAGs
[2023-10-11T03:55:43.318+0000] {logging_mixin.py:151} INFO - [2023-10-11T03:55:43.318+0000] {dag.py:3696} INFO - Setting next_dagrun for example_setup_teardown to 2023-10-10T03:55:43.318190+00:00, run_after=2023-10-11T03:55:43.318190+00:00
[2023-10-11T03:55:43.338+0000] {processor.py:179} INFO - Processing /home/airflow/.local/lib/python3.8/site-packages/airflow/example_dags/example_setup_teardown.py took 0.072 seconds
[2023-10-11T03:56:13.630+0000] {processor.py:157} INFO - Started process (PID=1946) to work on /home/airflow/.local/lib/python3.8/site-packages/airflow/example_dags/example_setup_teardown.py
[2023-10-11T03:56:13.632+0000] {processor.py:829} INFO - Processing file /home/airflow/.local/lib/python3.8/site-packages/airflow/example_dags/example_setup_teardown.py for tasks to queue
[2023-10-11T03:56:13.634+0000] {logging_mixin.py:151} INFO - [2023-10-11T03:56:13.634+0000] {dagbag.py:539} INFO - Filling up the DagBag from /home/airflow/.local/lib/python3.8/site-packages/airflow/example_dags/example_setup_teardown.py
[2023-10-11T03:56:13.643+0000] {processor.py:839} INFO - DAG(s) dict_keys(['example_setup_teardown']) retrieved from /home/airflow/.local/lib/python3.8/site-packages/airflow/example_dags/example_setup_teardown.py
[2023-10-11T03:56:13.672+0000] {logging_mixin.py:151} INFO - [2023-10-11T03:56:13.672+0000] {dag.py:2915} INFO - Sync 1 DAGs
[2023-10-11T03:56:13.702+0000] {logging_mixin.py:151} INFO - [2023-10-11T03:56:13.702+0000] {dag.py:3696} INFO - Setting next_dagrun for example_setup_teardown to 2023-10-10T03:56:13.701735+00:00, run_after=2023-10-11T03:56:13.701735+00:00
[2023-10-11T03:56:13.738+0000] {processor.py:179} INFO - Processing /home/airflow/.local/lib/python3.8/site-packages/airflow/example_dags/example_setup_teardown.py took 0.110 seconds
[2023-10-11T03:56:44.159+0000] {processor.py:157} INFO - Started process (PID=2003) to work on /home/airflow/.local/lib/python3.8/site-packages/airflow/example_dags/example_setup_teardown.py
[2023-10-11T03:56:44.160+0000] {processor.py:829} INFO - Processing file /home/airflow/.local/lib/python3.8/site-packages/airflow/example_dags/example_setup_teardown.py for tasks to queue
[2023-10-11T03:56:44.164+0000] {logging_mixin.py:151} INFO - [2023-10-11T03:56:44.164+0000] {dagbag.py:539} INFO - Filling up the DagBag from /home/airflow/.local/lib/python3.8/site-packages/airflow/example_dags/example_setup_teardown.py
[2023-10-11T03:56:44.172+0000] {processor.py:839} INFO - DAG(s) dict_keys(['example_setup_teardown']) retrieved from /home/airflow/.local/lib/python3.8/site-packages/airflow/example_dags/example_setup_teardown.py
[2023-10-11T03:56:44.193+0000] {logging_mixin.py:151} INFO - [2023-10-11T03:56:44.193+0000] {dag.py:2915} INFO - Sync 1 DAGs
[2023-10-11T03:56:44.214+0000] {logging_mixin.py:151} INFO - [2023-10-11T03:56:44.213+0000] {dag.py:3696} INFO - Setting next_dagrun for example_setup_teardown to 2023-10-10T03:56:44.213391+00:00, run_after=2023-10-11T03:56:44.213391+00:00
[2023-10-11T03:56:44.237+0000] {processor.py:179} INFO - Processing /home/airflow/.local/lib/python3.8/site-packages/airflow/example_dags/example_setup_teardown.py took 0.081 seconds
[2023-10-11T03:57:14.507+0000] {processor.py:157} INFO - Started process (PID=2060) to work on /home/airflow/.local/lib/python3.8/site-packages/airflow/example_dags/example_setup_teardown.py
[2023-10-11T03:57:14.508+0000] {processor.py:829} INFO - Processing file /home/airflow/.local/lib/python3.8/site-packages/airflow/example_dags/example_setup_teardown.py for tasks to queue
[2023-10-11T03:57:14.511+0000] {logging_mixin.py:151} INFO - [2023-10-11T03:57:14.510+0000] {dagbag.py:539} INFO - Filling up the DagBag from /home/airflow/.local/lib/python3.8/site-packages/airflow/example_dags/example_setup_teardown.py
[2023-10-11T03:57:14.519+0000] {processor.py:839} INFO - DAG(s) dict_keys(['example_setup_teardown']) retrieved from /home/airflow/.local/lib/python3.8/site-packages/airflow/example_dags/example_setup_teardown.py
[2023-10-11T03:57:14.540+0000] {logging_mixin.py:151} INFO - [2023-10-11T03:57:14.540+0000] {dag.py:2915} INFO - Sync 1 DAGs
[2023-10-11T03:57:14.563+0000] {logging_mixin.py:151} INFO - [2023-10-11T03:57:14.563+0000] {dag.py:3696} INFO - Setting next_dagrun for example_setup_teardown to 2023-10-10T03:57:14.562967+00:00, run_after=2023-10-11T03:57:14.562967+00:00
[2023-10-11T03:57:14.583+0000] {processor.py:179} INFO - Processing /home/airflow/.local/lib/python3.8/site-packages/airflow/example_dags/example_setup_teardown.py took 0.079 seconds
[2023-10-11T03:57:45.212+0000] {processor.py:157} INFO - Started process (PID=2117) to work on /home/airflow/.local/lib/python3.8/site-packages/airflow/example_dags/example_setup_teardown.py
[2023-10-11T03:57:45.213+0000] {processor.py:829} INFO - Processing file /home/airflow/.local/lib/python3.8/site-packages/airflow/example_dags/example_setup_teardown.py for tasks to queue
[2023-10-11T03:57:45.216+0000] {logging_mixin.py:151} INFO - [2023-10-11T03:57:45.215+0000] {dagbag.py:539} INFO - Filling up the DagBag from /home/airflow/.local/lib/python3.8/site-packages/airflow/example_dags/example_setup_teardown.py
[2023-10-11T03:57:45.221+0000] {processor.py:839} INFO - DAG(s) dict_keys(['example_setup_teardown']) retrieved from /home/airflow/.local/lib/python3.8/site-packages/airflow/example_dags/example_setup_teardown.py
[2023-10-11T03:57:45.241+0000] {logging_mixin.py:151} INFO - [2023-10-11T03:57:45.241+0000] {dag.py:2915} INFO - Sync 1 DAGs
[2023-10-11T03:57:45.263+0000] {logging_mixin.py:151} INFO - [2023-10-11T03:57:45.262+0000] {dag.py:3696} INFO - Setting next_dagrun for example_setup_teardown to 2023-10-10T03:57:45.262531+00:00, run_after=2023-10-11T03:57:45.262531+00:00
[2023-10-11T03:57:45.291+0000] {processor.py:179} INFO - Processing /home/airflow/.local/lib/python3.8/site-packages/airflow/example_dags/example_setup_teardown.py took 0.084 seconds
[2023-10-11T03:58:15.490+0000] {processor.py:157} INFO - Started process (PID=2174) to work on /home/airflow/.local/lib/python3.8/site-packages/airflow/example_dags/example_setup_teardown.py
[2023-10-11T03:58:15.491+0000] {processor.py:829} INFO - Processing file /home/airflow/.local/lib/python3.8/site-packages/airflow/example_dags/example_setup_teardown.py for tasks to queue
[2023-10-11T03:58:15.494+0000] {logging_mixin.py:151} INFO - [2023-10-11T03:58:15.493+0000] {dagbag.py:539} INFO - Filling up the DagBag from /home/airflow/.local/lib/python3.8/site-packages/airflow/example_dags/example_setup_teardown.py
[2023-10-11T03:58:15.500+0000] {processor.py:839} INFO - DAG(s) dict_keys(['example_setup_teardown']) retrieved from /home/airflow/.local/lib/python3.8/site-packages/airflow/example_dags/example_setup_teardown.py
[2023-10-11T03:58:15.520+0000] {logging_mixin.py:151} INFO - [2023-10-11T03:58:15.520+0000] {dag.py:2915} INFO - Sync 1 DAGs
[2023-10-11T03:58:15.542+0000] {logging_mixin.py:151} INFO - [2023-10-11T03:58:15.541+0000] {dag.py:3696} INFO - Setting next_dagrun for example_setup_teardown to 2023-10-10T03:58:15.541447+00:00, run_after=2023-10-11T03:58:15.541447+00:00
[2023-10-11T03:58:15.565+0000] {processor.py:179} INFO - Processing /home/airflow/.local/lib/python3.8/site-packages/airflow/example_dags/example_setup_teardown.py took 0.077 seconds
[2023-10-11T03:58:45.772+0000] {processor.py:157} INFO - Started process (PID=2231) to work on /home/airflow/.local/lib/python3.8/site-packages/airflow/example_dags/example_setup_teardown.py
[2023-10-11T03:58:45.773+0000] {processor.py:829} INFO - Processing file /home/airflow/.local/lib/python3.8/site-packages/airflow/example_dags/example_setup_teardown.py for tasks to queue
[2023-10-11T03:58:45.776+0000] {logging_mixin.py:151} INFO - [2023-10-11T03:58:45.775+0000] {dagbag.py:539} INFO - Filling up the DagBag from /home/airflow/.local/lib/python3.8/site-packages/airflow/example_dags/example_setup_teardown.py
[2023-10-11T03:58:45.781+0000] {processor.py:839} INFO - DAG(s) dict_keys(['example_setup_teardown']) retrieved from /home/airflow/.local/lib/python3.8/site-packages/airflow/example_dags/example_setup_teardown.py
[2023-10-11T03:58:45.802+0000] {logging_mixin.py:151} INFO - [2023-10-11T03:58:45.802+0000] {dag.py:2915} INFO - Sync 1 DAGs
[2023-10-11T03:58:45.823+0000] {logging_mixin.py:151} INFO - [2023-10-11T03:58:45.823+0000] {dag.py:3696} INFO - Setting next_dagrun for example_setup_teardown to 2023-10-10T03:58:45.823127+00:00, run_after=2023-10-11T03:58:45.823127+00:00
[2023-10-11T03:58:45.844+0000] {processor.py:179} INFO - Processing /home/airflow/.local/lib/python3.8/site-packages/airflow/example_dags/example_setup_teardown.py took 0.077 seconds
[2023-10-11T03:59:16.343+0000] {processor.py:157} INFO - Started process (PID=2288) to work on /home/airflow/.local/lib/python3.8/site-packages/airflow/example_dags/example_setup_teardown.py
[2023-10-11T03:59:16.344+0000] {processor.py:829} INFO - Processing file /home/airflow/.local/lib/python3.8/site-packages/airflow/example_dags/example_setup_teardown.py for tasks to queue
[2023-10-11T03:59:16.346+0000] {logging_mixin.py:151} INFO - [2023-10-11T03:59:16.346+0000] {dagbag.py:539} INFO - Filling up the DagBag from /home/airflow/.local/lib/python3.8/site-packages/airflow/example_dags/example_setup_teardown.py
[2023-10-11T03:59:16.352+0000] {processor.py:839} INFO - DAG(s) dict_keys(['example_setup_teardown']) retrieved from /home/airflow/.local/lib/python3.8/site-packages/airflow/example_dags/example_setup_teardown.py
[2023-10-11T03:59:16.377+0000] {logging_mixin.py:151} INFO - [2023-10-11T03:59:16.376+0000] {dag.py:2915} INFO - Sync 1 DAGs
[2023-10-11T03:59:16.398+0000] {logging_mixin.py:151} INFO - [2023-10-11T03:59:16.398+0000] {dag.py:3696} INFO - Setting next_dagrun for example_setup_teardown to 2023-10-10T03:59:16.398562+00:00, run_after=2023-10-11T03:59:16.398562+00:00
[2023-10-11T03:59:16.425+0000] {processor.py:179} INFO - Processing /home/airflow/.local/lib/python3.8/site-packages/airflow/example_dags/example_setup_teardown.py took 0.085 seconds
[2023-10-11T03:59:46.976+0000] {processor.py:157} INFO - Started process (PID=2345) to work on /home/airflow/.local/lib/python3.8/site-packages/airflow/example_dags/example_setup_teardown.py
[2023-10-11T03:59:46.977+0000] {processor.py:829} INFO - Processing file /home/airflow/.local/lib/python3.8/site-packages/airflow/example_dags/example_setup_teardown.py for tasks to queue
[2023-10-11T03:59:46.979+0000] {logging_mixin.py:151} INFO - [2023-10-11T03:59:46.979+0000] {dagbag.py:539} INFO - Filling up the DagBag from /home/airflow/.local/lib/python3.8/site-packages/airflow/example_dags/example_setup_teardown.py
[2023-10-11T03:59:46.985+0000] {processor.py:839} INFO - DAG(s) dict_keys(['example_setup_teardown']) retrieved from /home/airflow/.local/lib/python3.8/site-packages/airflow/example_dags/example_setup_teardown.py
[2023-10-11T03:59:47.006+0000] {logging_mixin.py:151} INFO - [2023-10-11T03:59:47.005+0000] {dag.py:2915} INFO - Sync 1 DAGs
[2023-10-11T03:59:47.026+0000] {logging_mixin.py:151} INFO - [2023-10-11T03:59:47.026+0000] {dag.py:3696} INFO - Setting next_dagrun for example_setup_teardown to 2023-10-10T03:59:47.025833+00:00, run_after=2023-10-11T03:59:47.025833+00:00
[2023-10-11T03:59:47.046+0000] {processor.py:179} INFO - Processing /home/airflow/.local/lib/python3.8/site-packages/airflow/example_dags/example_setup_teardown.py took 0.073 seconds
[2023-10-11T04:00:17.183+0000] {processor.py:157} INFO - Started process (PID=2402) to work on /home/airflow/.local/lib/python3.8/site-packages/airflow/example_dags/example_setup_teardown.py
[2023-10-11T04:00:17.184+0000] {processor.py:829} INFO - Processing file /home/airflow/.local/lib/python3.8/site-packages/airflow/example_dags/example_setup_teardown.py for tasks to queue
[2023-10-11T04:00:17.187+0000] {logging_mixin.py:151} INFO - [2023-10-11T04:00:17.186+0000] {dagbag.py:539} INFO - Filling up the DagBag from /home/airflow/.local/lib/python3.8/site-packages/airflow/example_dags/example_setup_teardown.py
[2023-10-11T04:00:17.193+0000] {processor.py:839} INFO - DAG(s) dict_keys(['example_setup_teardown']) retrieved from /home/airflow/.local/lib/python3.8/site-packages/airflow/example_dags/example_setup_teardown.py
[2023-10-11T04:00:17.214+0000] {logging_mixin.py:151} INFO - [2023-10-11T04:00:17.214+0000] {dag.py:2915} INFO - Sync 1 DAGs
[2023-10-11T04:00:17.233+0000] {logging_mixin.py:151} INFO - [2023-10-11T04:00:17.233+0000] {dag.py:3696} INFO - Setting next_dagrun for example_setup_teardown to 2023-10-10T04:00:17.233528+00:00, run_after=2023-10-11T04:00:17.233528+00:00
[2023-10-11T04:00:17.259+0000] {processor.py:179} INFO - Processing /home/airflow/.local/lib/python3.8/site-packages/airflow/example_dags/example_setup_teardown.py took 0.079 seconds
[2023-10-11T04:00:47.688+0000] {processor.py:157} INFO - Started process (PID=2459) to work on /home/airflow/.local/lib/python3.8/site-packages/airflow/example_dags/example_setup_teardown.py
[2023-10-11T04:00:47.690+0000] {processor.py:829} INFO - Processing file /home/airflow/.local/lib/python3.8/site-packages/airflow/example_dags/example_setup_teardown.py for tasks to queue
[2023-10-11T04:00:47.692+0000] {logging_mixin.py:151} INFO - [2023-10-11T04:00:47.692+0000] {dagbag.py:539} INFO - Filling up the DagBag from /home/airflow/.local/lib/python3.8/site-packages/airflow/example_dags/example_setup_teardown.py
[2023-10-11T04:00:47.699+0000] {processor.py:839} INFO - DAG(s) dict_keys(['example_setup_teardown']) retrieved from /home/airflow/.local/lib/python3.8/site-packages/airflow/example_dags/example_setup_teardown.py
[2023-10-11T04:00:47.726+0000] {logging_mixin.py:151} INFO - [2023-10-11T04:00:47.726+0000] {dag.py:2915} INFO - Sync 1 DAGs
[2023-10-11T04:00:47.751+0000] {logging_mixin.py:151} INFO - [2023-10-11T04:00:47.751+0000] {dag.py:3696} INFO - Setting next_dagrun for example_setup_teardown to 2023-10-10T04:00:47.751225+00:00, run_after=2023-10-11T04:00:47.751225+00:00
[2023-10-11T04:00:47.781+0000] {processor.py:179} INFO - Processing /home/airflow/.local/lib/python3.8/site-packages/airflow/example_dags/example_setup_teardown.py took 0.096 seconds
[2023-10-11T04:01:18.106+0000] {processor.py:157} INFO - Started process (PID=2516) to work on /home/airflow/.local/lib/python3.8/site-packages/airflow/example_dags/example_setup_teardown.py
[2023-10-11T04:01:18.107+0000] {processor.py:829} INFO - Processing file /home/airflow/.local/lib/python3.8/site-packages/airflow/example_dags/example_setup_teardown.py for tasks to queue
[2023-10-11T04:01:18.110+0000] {logging_mixin.py:151} INFO - [2023-10-11T04:01:18.110+0000] {dagbag.py:539} INFO - Filling up the DagBag from /home/airflow/.local/lib/python3.8/site-packages/airflow/example_dags/example_setup_teardown.py
[2023-10-11T04:01:18.116+0000] {processor.py:839} INFO - DAG(s) dict_keys(['example_setup_teardown']) retrieved from /home/airflow/.local/lib/python3.8/site-packages/airflow/example_dags/example_setup_teardown.py
[2023-10-11T04:01:18.140+0000] {logging_mixin.py:151} INFO - [2023-10-11T04:01:18.140+0000] {dag.py:2915} INFO - Sync 1 DAGs
[2023-10-11T04:01:18.157+0000] {logging_mixin.py:151} INFO - [2023-10-11T04:01:18.157+0000] {dag.py:3696} INFO - Setting next_dagrun for example_setup_teardown to 2023-10-10T04:01:18.156904+00:00, run_after=2023-10-11T04:01:18.156904+00:00
[2023-10-11T04:01:18.179+0000] {processor.py:179} INFO - Processing /home/airflow/.local/lib/python3.8/site-packages/airflow/example_dags/example_setup_teardown.py took 0.077 seconds
[2023-10-11T04:01:48.570+0000] {processor.py:157} INFO - Started process (PID=2573) to work on /home/airflow/.local/lib/python3.8/site-packages/airflow/example_dags/example_setup_teardown.py
[2023-10-11T04:01:48.572+0000] {processor.py:829} INFO - Processing file /home/airflow/.local/lib/python3.8/site-packages/airflow/example_dags/example_setup_teardown.py for tasks to queue
[2023-10-11T04:01:48.574+0000] {logging_mixin.py:151} INFO - [2023-10-11T04:01:48.574+0000] {dagbag.py:539} INFO - Filling up the DagBag from /home/airflow/.local/lib/python3.8/site-packages/airflow/example_dags/example_setup_teardown.py
[2023-10-11T04:01:48.580+0000] {processor.py:839} INFO - DAG(s) dict_keys(['example_setup_teardown']) retrieved from /home/airflow/.local/lib/python3.8/site-packages/airflow/example_dags/example_setup_teardown.py
[2023-10-11T04:01:48.602+0000] {logging_mixin.py:151} INFO - [2023-10-11T04:01:48.601+0000] {dag.py:2915} INFO - Sync 1 DAGs
[2023-10-11T04:01:48.622+0000] {logging_mixin.py:151} INFO - [2023-10-11T04:01:48.622+0000] {dag.py:3696} INFO - Setting next_dagrun for example_setup_teardown to 2023-10-10T04:01:48.621964+00:00, run_after=2023-10-11T04:01:48.621964+00:00
[2023-10-11T04:01:48.642+0000] {processor.py:179} INFO - Processing /home/airflow/.local/lib/python3.8/site-packages/airflow/example_dags/example_setup_teardown.py took 0.075 seconds
[2023-10-11T04:02:19.105+0000] {processor.py:157} INFO - Started process (PID=2630) to work on /home/airflow/.local/lib/python3.8/site-packages/airflow/example_dags/example_setup_teardown.py
[2023-10-11T04:02:19.107+0000] {processor.py:829} INFO - Processing file /home/airflow/.local/lib/python3.8/site-packages/airflow/example_dags/example_setup_teardown.py for tasks to queue
[2023-10-11T04:02:19.110+0000] {logging_mixin.py:151} INFO - [2023-10-11T04:02:19.110+0000] {dagbag.py:539} INFO - Filling up the DagBag from /home/airflow/.local/lib/python3.8/site-packages/airflow/example_dags/example_setup_teardown.py
[2023-10-11T04:02:19.117+0000] {processor.py:839} INFO - DAG(s) dict_keys(['example_setup_teardown']) retrieved from /home/airflow/.local/lib/python3.8/site-packages/airflow/example_dags/example_setup_teardown.py
[2023-10-11T04:02:19.141+0000] {logging_mixin.py:151} INFO - [2023-10-11T04:02:19.141+0000] {dag.py:2915} INFO - Sync 1 DAGs
[2023-10-11T04:02:19.162+0000] {logging_mixin.py:151} INFO - [2023-10-11T04:02:19.162+0000] {dag.py:3696} INFO - Setting next_dagrun for example_setup_teardown to 2023-10-10T04:02:19.161918+00:00, run_after=2023-10-11T04:02:19.161918+00:00
[2023-10-11T04:02:19.182+0000] {processor.py:179} INFO - Processing /home/airflow/.local/lib/python3.8/site-packages/airflow/example_dags/example_setup_teardown.py took 0.081 seconds
[2023-10-11T04:02:50.030+0000] {processor.py:157} INFO - Started process (PID=2687) to work on /home/airflow/.local/lib/python3.8/site-packages/airflow/example_dags/example_setup_teardown.py
[2023-10-11T04:02:50.031+0000] {processor.py:829} INFO - Processing file /home/airflow/.local/lib/python3.8/site-packages/airflow/example_dags/example_setup_teardown.py for tasks to queue
[2023-10-11T04:02:50.034+0000] {logging_mixin.py:151} INFO - [2023-10-11T04:02:50.034+0000] {dagbag.py:539} INFO - Filling up the DagBag from /home/airflow/.local/lib/python3.8/site-packages/airflow/example_dags/example_setup_teardown.py
[2023-10-11T04:02:50.040+0000] {processor.py:839} INFO - DAG(s) dict_keys(['example_setup_teardown']) retrieved from /home/airflow/.local/lib/python3.8/site-packages/airflow/example_dags/example_setup_teardown.py
[2023-10-11T04:02:50.061+0000] {logging_mixin.py:151} INFO - [2023-10-11T04:02:50.061+0000] {dag.py:2915} INFO - Sync 1 DAGs
[2023-10-11T04:02:50.078+0000] {logging_mixin.py:151} INFO - [2023-10-11T04:02:50.077+0000] {dag.py:3696} INFO - Setting next_dagrun for example_setup_teardown to 2023-10-10T04:02:50.077786+00:00, run_after=2023-10-11T04:02:50.077786+00:00
[2023-10-11T04:02:50.097+0000] {processor.py:179} INFO - Processing /home/airflow/.local/lib/python3.8/site-packages/airflow/example_dags/example_setup_teardown.py took 0.070 seconds
[2023-10-11T04:03:20.911+0000] {processor.py:157} INFO - Started process (PID=2744) to work on /home/airflow/.local/lib/python3.8/site-packages/airflow/example_dags/example_setup_teardown.py
[2023-10-11T04:03:20.914+0000] {processor.py:829} INFO - Processing file /home/airflow/.local/lib/python3.8/site-packages/airflow/example_dags/example_setup_teardown.py for tasks to queue
[2023-10-11T04:03:20.918+0000] {logging_mixin.py:151} INFO - [2023-10-11T04:03:20.917+0000] {dagbag.py:539} INFO - Filling up the DagBag from /home/airflow/.local/lib/python3.8/site-packages/airflow/example_dags/example_setup_teardown.py
[2023-10-11T04:03:20.926+0000] {processor.py:839} INFO - DAG(s) dict_keys(['example_setup_teardown']) retrieved from /home/airflow/.local/lib/python3.8/site-packages/airflow/example_dags/example_setup_teardown.py
[2023-10-11T04:03:20.961+0000] {logging_mixin.py:151} INFO - [2023-10-11T04:03:20.961+0000] {dag.py:2915} INFO - Sync 1 DAGs
[2023-10-11T04:03:20.994+0000] {logging_mixin.py:151} INFO - [2023-10-11T04:03:20.994+0000] {dag.py:3696} INFO - Setting next_dagrun for example_setup_teardown to 2023-10-10T04:03:20.993924+00:00, run_after=2023-10-11T04:03:20.993924+00:00
[2023-10-11T04:03:21.032+0000] {processor.py:179} INFO - Processing /home/airflow/.local/lib/python3.8/site-packages/airflow/example_dags/example_setup_teardown.py took 0.126 seconds
[2023-10-11T04:03:51.586+0000] {processor.py:157} INFO - Started process (PID=2803) to work on /home/airflow/.local/lib/python3.8/site-packages/airflow/example_dags/example_setup_teardown.py
[2023-10-11T04:03:51.589+0000] {processor.py:829} INFO - Processing file /home/airflow/.local/lib/python3.8/site-packages/airflow/example_dags/example_setup_teardown.py for tasks to queue
[2023-10-11T04:03:51.593+0000] {logging_mixin.py:151} INFO - [2023-10-11T04:03:51.593+0000] {dagbag.py:539} INFO - Filling up the DagBag from /home/airflow/.local/lib/python3.8/site-packages/airflow/example_dags/example_setup_teardown.py
[2023-10-11T04:03:51.599+0000] {processor.py:839} INFO - DAG(s) dict_keys(['example_setup_teardown']) retrieved from /home/airflow/.local/lib/python3.8/site-packages/airflow/example_dags/example_setup_teardown.py
[2023-10-11T04:03:51.620+0000] {logging_mixin.py:151} INFO - [2023-10-11T04:03:51.620+0000] {dag.py:2915} INFO - Sync 1 DAGs
[2023-10-11T04:03:51.641+0000] {logging_mixin.py:151} INFO - [2023-10-11T04:03:51.640+0000] {dag.py:3696} INFO - Setting next_dagrun for example_setup_teardown to 2023-10-10T04:03:51.640695+00:00, run_after=2023-10-11T04:03:51.640695+00:00
[2023-10-11T04:03:51.661+0000] {processor.py:179} INFO - Processing /home/airflow/.local/lib/python3.8/site-packages/airflow/example_dags/example_setup_teardown.py took 0.078 seconds
[2023-10-11T04:04:21.846+0000] {processor.py:157} INFO - Started process (PID=2869) to work on /home/airflow/.local/lib/python3.8/site-packages/airflow/example_dags/example_setup_teardown.py
[2023-10-11T04:04:21.848+0000] {processor.py:829} INFO - Processing file /home/airflow/.local/lib/python3.8/site-packages/airflow/example_dags/example_setup_teardown.py for tasks to queue
[2023-10-11T04:04:21.851+0000] {logging_mixin.py:151} INFO - [2023-10-11T04:04:21.850+0000] {dagbag.py:539} INFO - Filling up the DagBag from /home/airflow/.local/lib/python3.8/site-packages/airflow/example_dags/example_setup_teardown.py
[2023-10-11T04:04:21.858+0000] {processor.py:839} INFO - DAG(s) dict_keys(['example_setup_teardown']) retrieved from /home/airflow/.local/lib/python3.8/site-packages/airflow/example_dags/example_setup_teardown.py
[2023-10-11T04:04:21.880+0000] {logging_mixin.py:151} INFO - [2023-10-11T04:04:21.880+0000] {dag.py:2915} INFO - Sync 1 DAGs
[2023-10-11T04:04:21.901+0000] {logging_mixin.py:151} INFO - [2023-10-11T04:04:21.900+0000] {dag.py:3696} INFO - Setting next_dagrun for example_setup_teardown to 2023-10-10T04:04:21.900452+00:00, run_after=2023-10-11T04:04:21.900452+00:00
[2023-10-11T04:04:21.919+0000] {processor.py:179} INFO - Processing /home/airflow/.local/lib/python3.8/site-packages/airflow/example_dags/example_setup_teardown.py took 0.075 seconds
