[2023-10-11T03:39:30.096+0000] {processor.py:157} INFO - Started process (PID=87) to work on /home/airflow/.local/lib/python3.8/site-packages/airflow/example_dags/example_external_task_marker_dag.py
[2023-10-11T03:39:30.098+0000] {processor.py:829} INFO - Processing file /home/airflow/.local/lib/python3.8/site-packages/airflow/example_dags/example_external_task_marker_dag.py for tasks to queue
[2023-10-11T03:39:30.100+0000] {logging_mixin.py:151} INFO - [2023-10-11T03:39:30.100+0000] {dagbag.py:539} INFO - Filling up the DagBag from /home/airflow/.local/lib/python3.8/site-packages/airflow/example_dags/example_external_task_marker_dag.py
[2023-10-11T03:39:30.107+0000] {processor.py:839} INFO - DAG(s) dict_keys(['example_external_task_marker_parent', 'example_external_task_marker_child']) retrieved from /home/airflow/.local/lib/python3.8/site-packages/airflow/example_dags/example_external_task_marker_dag.py
[2023-10-11T03:39:30.135+0000] {logging_mixin.py:151} INFO - [2023-10-11T03:39:30.135+0000] {dag.py:2915} INFO - Sync 2 DAGs
[2023-10-11T03:39:30.158+0000] {logging_mixin.py:151} INFO - [2023-10-11T03:39:30.157+0000] {dag.py:3696} INFO - Setting next_dagrun for example_external_task_marker_child to None, run_after=None
[2023-10-11T03:39:30.164+0000] {logging_mixin.py:151} INFO - [2023-10-11T03:39:30.163+0000] {dag.py:3696} INFO - Setting next_dagrun for example_external_task_marker_parent to None, run_after=None
[2023-10-11T03:39:30.188+0000] {processor.py:179} INFO - Processing /home/airflow/.local/lib/python3.8/site-packages/airflow/example_dags/example_external_task_marker_dag.py took 0.095 seconds
[2023-10-11T03:40:00.423+0000] {processor.py:157} INFO - Started process (PID=143) to work on /home/airflow/.local/lib/python3.8/site-packages/airflow/example_dags/example_external_task_marker_dag.py
[2023-10-11T03:40:00.429+0000] {processor.py:829} INFO - Processing file /home/airflow/.local/lib/python3.8/site-packages/airflow/example_dags/example_external_task_marker_dag.py for tasks to queue
[2023-10-11T03:40:00.431+0000] {logging_mixin.py:151} INFO - [2023-10-11T03:40:00.431+0000] {dagbag.py:539} INFO - Filling up the DagBag from /home/airflow/.local/lib/python3.8/site-packages/airflow/example_dags/example_external_task_marker_dag.py
[2023-10-11T03:40:00.437+0000] {processor.py:839} INFO - DAG(s) dict_keys(['example_external_task_marker_child', 'example_external_task_marker_parent']) retrieved from /home/airflow/.local/lib/python3.8/site-packages/airflow/example_dags/example_external_task_marker_dag.py
[2023-10-11T03:40:00.461+0000] {logging_mixin.py:151} INFO - [2023-10-11T03:40:00.461+0000] {dag.py:2915} INFO - Sync 2 DAGs
[2023-10-11T03:40:00.472+0000] {logging_mixin.py:151} INFO - [2023-10-11T03:40:00.471+0000] {dag.py:3696} INFO - Setting next_dagrun for example_external_task_marker_child to None, run_after=None
[2023-10-11T03:40:00.475+0000] {logging_mixin.py:151} INFO - [2023-10-11T03:40:00.475+0000] {dag.py:3696} INFO - Setting next_dagrun for example_external_task_marker_parent to None, run_after=None
[2023-10-11T03:40:00.498+0000] {processor.py:179} INFO - Processing /home/airflow/.local/lib/python3.8/site-packages/airflow/example_dags/example_external_task_marker_dag.py took 0.078 seconds
[2023-10-11T03:40:31.234+0000] {processor.py:157} INFO - Started process (PID=200) to work on /home/airflow/.local/lib/python3.8/site-packages/airflow/example_dags/example_external_task_marker_dag.py
[2023-10-11T03:40:31.235+0000] {processor.py:829} INFO - Processing file /home/airflow/.local/lib/python3.8/site-packages/airflow/example_dags/example_external_task_marker_dag.py for tasks to queue
[2023-10-11T03:40:31.238+0000] {logging_mixin.py:151} INFO - [2023-10-11T03:40:31.237+0000] {dagbag.py:539} INFO - Filling up the DagBag from /home/airflow/.local/lib/python3.8/site-packages/airflow/example_dags/example_external_task_marker_dag.py
[2023-10-11T03:40:31.243+0000] {processor.py:839} INFO - DAG(s) dict_keys(['example_external_task_marker_parent', 'example_external_task_marker_child']) retrieved from /home/airflow/.local/lib/python3.8/site-packages/airflow/example_dags/example_external_task_marker_dag.py
[2023-10-11T03:40:31.268+0000] {logging_mixin.py:151} INFO - [2023-10-11T03:40:31.268+0000] {dag.py:2915} INFO - Sync 2 DAGs
[2023-10-11T03:40:31.279+0000] {logging_mixin.py:151} INFO - [2023-10-11T03:40:31.279+0000] {dag.py:3696} INFO - Setting next_dagrun for example_external_task_marker_child to None, run_after=None
[2023-10-11T03:40:31.282+0000] {logging_mixin.py:151} INFO - [2023-10-11T03:40:31.282+0000] {dag.py:3696} INFO - Setting next_dagrun for example_external_task_marker_parent to None, run_after=None
[2023-10-11T03:40:31.303+0000] {processor.py:179} INFO - Processing /home/airflow/.local/lib/python3.8/site-packages/airflow/example_dags/example_external_task_marker_dag.py took 0.072 seconds
[2023-10-11T03:41:01.882+0000] {processor.py:157} INFO - Started process (PID=257) to work on /home/airflow/.local/lib/python3.8/site-packages/airflow/example_dags/example_external_task_marker_dag.py
[2023-10-11T03:41:01.883+0000] {processor.py:829} INFO - Processing file /home/airflow/.local/lib/python3.8/site-packages/airflow/example_dags/example_external_task_marker_dag.py for tasks to queue
[2023-10-11T03:41:01.886+0000] {logging_mixin.py:151} INFO - [2023-10-11T03:41:01.885+0000] {dagbag.py:539} INFO - Filling up the DagBag from /home/airflow/.local/lib/python3.8/site-packages/airflow/example_dags/example_external_task_marker_dag.py
[2023-10-11T03:41:01.893+0000] {processor.py:839} INFO - DAG(s) dict_keys(['example_external_task_marker_child', 'example_external_task_marker_parent']) retrieved from /home/airflow/.local/lib/python3.8/site-packages/airflow/example_dags/example_external_task_marker_dag.py
[2023-10-11T03:41:01.920+0000] {logging_mixin.py:151} INFO - [2023-10-11T03:41:01.920+0000] {dag.py:2915} INFO - Sync 2 DAGs
[2023-10-11T03:41:01.934+0000] {logging_mixin.py:151} INFO - [2023-10-11T03:41:01.933+0000] {dag.py:3696} INFO - Setting next_dagrun for example_external_task_marker_child to None, run_after=None
[2023-10-11T03:41:01.938+0000] {logging_mixin.py:151} INFO - [2023-10-11T03:41:01.938+0000] {dag.py:3696} INFO - Setting next_dagrun for example_external_task_marker_parent to None, run_after=None
[2023-10-11T03:41:01.958+0000] {processor.py:179} INFO - Processing /home/airflow/.local/lib/python3.8/site-packages/airflow/example_dags/example_external_task_marker_dag.py took 0.079 seconds
[2023-10-11T03:41:33.033+0000] {processor.py:157} INFO - Started process (PID=314) to work on /home/airflow/.local/lib/python3.8/site-packages/airflow/example_dags/example_external_task_marker_dag.py
[2023-10-11T03:41:33.036+0000] {processor.py:829} INFO - Processing file /home/airflow/.local/lib/python3.8/site-packages/airflow/example_dags/example_external_task_marker_dag.py for tasks to queue
[2023-10-11T03:41:33.040+0000] {logging_mixin.py:151} INFO - [2023-10-11T03:41:33.039+0000] {dagbag.py:539} INFO - Filling up the DagBag from /home/airflow/.local/lib/python3.8/site-packages/airflow/example_dags/example_external_task_marker_dag.py
[2023-10-11T03:41:33.048+0000] {processor.py:839} INFO - DAG(s) dict_keys(['example_external_task_marker_child', 'example_external_task_marker_parent']) retrieved from /home/airflow/.local/lib/python3.8/site-packages/airflow/example_dags/example_external_task_marker_dag.py
[2023-10-11T03:41:33.093+0000] {logging_mixin.py:151} INFO - [2023-10-11T03:41:33.093+0000] {dag.py:2915} INFO - Sync 2 DAGs
[2023-10-11T03:41:33.117+0000] {logging_mixin.py:151} INFO - [2023-10-11T03:41:33.117+0000] {dag.py:3696} INFO - Setting next_dagrun for example_external_task_marker_child to None, run_after=None
[2023-10-11T03:41:33.121+0000] {logging_mixin.py:151} INFO - [2023-10-11T03:41:33.121+0000] {dag.py:3696} INFO - Setting next_dagrun for example_external_task_marker_parent to None, run_after=None
[2023-10-11T03:41:33.149+0000] {processor.py:179} INFO - Processing /home/airflow/.local/lib/python3.8/site-packages/airflow/example_dags/example_external_task_marker_dag.py took 0.121 seconds
[2023-10-11T03:42:03.768+0000] {processor.py:157} INFO - Started process (PID=371) to work on /home/airflow/.local/lib/python3.8/site-packages/airflow/example_dags/example_external_task_marker_dag.py
[2023-10-11T03:42:03.771+0000] {processor.py:829} INFO - Processing file /home/airflow/.local/lib/python3.8/site-packages/airflow/example_dags/example_external_task_marker_dag.py for tasks to queue
[2023-10-11T03:42:03.775+0000] {logging_mixin.py:151} INFO - [2023-10-11T03:42:03.774+0000] {dagbag.py:539} INFO - Filling up the DagBag from /home/airflow/.local/lib/python3.8/site-packages/airflow/example_dags/example_external_task_marker_dag.py
[2023-10-11T03:42:03.783+0000] {processor.py:839} INFO - DAG(s) dict_keys(['example_external_task_marker_child', 'example_external_task_marker_parent']) retrieved from /home/airflow/.local/lib/python3.8/site-packages/airflow/example_dags/example_external_task_marker_dag.py
[2023-10-11T03:42:03.829+0000] {logging_mixin.py:151} INFO - [2023-10-11T03:42:03.829+0000] {dag.py:2915} INFO - Sync 2 DAGs
[2023-10-11T03:42:03.853+0000] {logging_mixin.py:151} INFO - [2023-10-11T03:42:03.852+0000] {dag.py:3696} INFO - Setting next_dagrun for example_external_task_marker_child to None, run_after=None
[2023-10-11T03:42:03.861+0000] {logging_mixin.py:151} INFO - [2023-10-11T03:42:03.861+0000] {dag.py:3696} INFO - Setting next_dagrun for example_external_task_marker_parent to None, run_after=None
[2023-10-11T03:42:03.896+0000] {processor.py:179} INFO - Processing /home/airflow/.local/lib/python3.8/site-packages/airflow/example_dags/example_external_task_marker_dag.py took 0.133 seconds
[2023-10-11T03:42:33.992+0000] {processor.py:157} INFO - Started process (PID=428) to work on /home/airflow/.local/lib/python3.8/site-packages/airflow/example_dags/example_external_task_marker_dag.py
[2023-10-11T03:42:33.993+0000] {processor.py:829} INFO - Processing file /home/airflow/.local/lib/python3.8/site-packages/airflow/example_dags/example_external_task_marker_dag.py for tasks to queue
[2023-10-11T03:42:33.996+0000] {logging_mixin.py:151} INFO - [2023-10-11T03:42:33.996+0000] {dagbag.py:539} INFO - Filling up the DagBag from /home/airflow/.local/lib/python3.8/site-packages/airflow/example_dags/example_external_task_marker_dag.py
[2023-10-11T03:42:34.001+0000] {processor.py:839} INFO - DAG(s) dict_keys(['example_external_task_marker_parent', 'example_external_task_marker_child']) retrieved from /home/airflow/.local/lib/python3.8/site-packages/airflow/example_dags/example_external_task_marker_dag.py
[2023-10-11T03:42:34.024+0000] {logging_mixin.py:151} INFO - [2023-10-11T03:42:34.024+0000] {dag.py:2915} INFO - Sync 2 DAGs
[2023-10-11T03:42:34.037+0000] {logging_mixin.py:151} INFO - [2023-10-11T03:42:34.037+0000] {dag.py:3696} INFO - Setting next_dagrun for example_external_task_marker_child to None, run_after=None
[2023-10-11T03:42:34.040+0000] {logging_mixin.py:151} INFO - [2023-10-11T03:42:34.040+0000] {dag.py:3696} INFO - Setting next_dagrun for example_external_task_marker_parent to None, run_after=None
[2023-10-11T03:42:34.060+0000] {processor.py:179} INFO - Processing /home/airflow/.local/lib/python3.8/site-packages/airflow/example_dags/example_external_task_marker_dag.py took 0.070 seconds
[2023-10-11T03:43:04.470+0000] {processor.py:157} INFO - Started process (PID=484) to work on /home/airflow/.local/lib/python3.8/site-packages/airflow/example_dags/example_external_task_marker_dag.py
[2023-10-11T03:43:04.472+0000] {processor.py:829} INFO - Processing file /home/airflow/.local/lib/python3.8/site-packages/airflow/example_dags/example_external_task_marker_dag.py for tasks to queue
[2023-10-11T03:43:04.474+0000] {logging_mixin.py:151} INFO - [2023-10-11T03:43:04.474+0000] {dagbag.py:539} INFO - Filling up the DagBag from /home/airflow/.local/lib/python3.8/site-packages/airflow/example_dags/example_external_task_marker_dag.py
[2023-10-11T03:43:04.480+0000] {processor.py:839} INFO - DAG(s) dict_keys(['example_external_task_marker_child', 'example_external_task_marker_parent']) retrieved from /home/airflow/.local/lib/python3.8/site-packages/airflow/example_dags/example_external_task_marker_dag.py
[2023-10-11T03:43:04.508+0000] {logging_mixin.py:151} INFO - [2023-10-11T03:43:04.508+0000] {dag.py:2915} INFO - Sync 2 DAGs
[2023-10-11T03:43:04.522+0000] {logging_mixin.py:151} INFO - [2023-10-11T03:43:04.521+0000] {dag.py:3696} INFO - Setting next_dagrun for example_external_task_marker_child to None, run_after=None
[2023-10-11T03:43:04.525+0000] {logging_mixin.py:151} INFO - [2023-10-11T03:43:04.525+0000] {dag.py:3696} INFO - Setting next_dagrun for example_external_task_marker_parent to None, run_after=None
[2023-10-11T03:43:04.543+0000] {processor.py:179} INFO - Processing /home/airflow/.local/lib/python3.8/site-packages/airflow/example_dags/example_external_task_marker_dag.py took 0.075 seconds
[2023-10-11T03:43:35.256+0000] {processor.py:157} INFO - Started process (PID=541) to work on /home/airflow/.local/lib/python3.8/site-packages/airflow/example_dags/example_external_task_marker_dag.py
[2023-10-11T03:43:35.257+0000] {processor.py:829} INFO - Processing file /home/airflow/.local/lib/python3.8/site-packages/airflow/example_dags/example_external_task_marker_dag.py for tasks to queue
[2023-10-11T03:43:35.261+0000] {logging_mixin.py:151} INFO - [2023-10-11T03:43:35.261+0000] {dagbag.py:539} INFO - Filling up the DagBag from /home/airflow/.local/lib/python3.8/site-packages/airflow/example_dags/example_external_task_marker_dag.py
[2023-10-11T03:43:35.267+0000] {processor.py:839} INFO - DAG(s) dict_keys(['example_external_task_marker_parent', 'example_external_task_marker_child']) retrieved from /home/airflow/.local/lib/python3.8/site-packages/airflow/example_dags/example_external_task_marker_dag.py
[2023-10-11T03:43:35.291+0000] {logging_mixin.py:151} INFO - [2023-10-11T03:43:35.291+0000] {dag.py:2915} INFO - Sync 2 DAGs
[2023-10-11T03:43:35.304+0000] {logging_mixin.py:151} INFO - [2023-10-11T03:43:35.304+0000] {dag.py:3696} INFO - Setting next_dagrun for example_external_task_marker_child to None, run_after=None
[2023-10-11T03:43:35.309+0000] {logging_mixin.py:151} INFO - [2023-10-11T03:43:35.309+0000] {dag.py:3696} INFO - Setting next_dagrun for example_external_task_marker_parent to None, run_after=None
[2023-10-11T03:43:35.327+0000] {processor.py:179} INFO - Processing /home/airflow/.local/lib/python3.8/site-packages/airflow/example_dags/example_external_task_marker_dag.py took 0.075 seconds
[2023-10-11T03:44:06.273+0000] {processor.py:157} INFO - Started process (PID=605) to work on /home/airflow/.local/lib/python3.8/site-packages/airflow/example_dags/example_external_task_marker_dag.py
[2023-10-11T03:44:06.275+0000] {processor.py:829} INFO - Processing file /home/airflow/.local/lib/python3.8/site-packages/airflow/example_dags/example_external_task_marker_dag.py for tasks to queue
[2023-10-11T03:44:06.279+0000] {logging_mixin.py:151} INFO - [2023-10-11T03:44:06.279+0000] {dagbag.py:539} INFO - Filling up the DagBag from /home/airflow/.local/lib/python3.8/site-packages/airflow/example_dags/example_external_task_marker_dag.py
[2023-10-11T03:44:06.288+0000] {processor.py:839} INFO - DAG(s) dict_keys(['example_external_task_marker_child', 'example_external_task_marker_parent']) retrieved from /home/airflow/.local/lib/python3.8/site-packages/airflow/example_dags/example_external_task_marker_dag.py
[2023-10-11T03:44:06.326+0000] {logging_mixin.py:151} INFO - [2023-10-11T03:44:06.326+0000] {dag.py:2915} INFO - Sync 2 DAGs
[2023-10-11T03:44:06.347+0000] {logging_mixin.py:151} INFO - [2023-10-11T03:44:06.346+0000] {dag.py:3696} INFO - Setting next_dagrun for example_external_task_marker_child to None, run_after=None
[2023-10-11T03:44:06.353+0000] {logging_mixin.py:151} INFO - [2023-10-11T03:44:06.352+0000] {dag.py:3696} INFO - Setting next_dagrun for example_external_task_marker_parent to None, run_after=None
[2023-10-11T03:44:06.386+0000] {processor.py:179} INFO - Processing /home/airflow/.local/lib/python3.8/site-packages/airflow/example_dags/example_external_task_marker_dag.py took 0.118 seconds
[2023-10-11T03:44:36.612+0000] {processor.py:157} INFO - Started process (PID=662) to work on /home/airflow/.local/lib/python3.8/site-packages/airflow/example_dags/example_external_task_marker_dag.py
[2023-10-11T03:44:36.615+0000] {processor.py:829} INFO - Processing file /home/airflow/.local/lib/python3.8/site-packages/airflow/example_dags/example_external_task_marker_dag.py for tasks to queue
[2023-10-11T03:44:36.619+0000] {logging_mixin.py:151} INFO - [2023-10-11T03:44:36.619+0000] {dagbag.py:539} INFO - Filling up the DagBag from /home/airflow/.local/lib/python3.8/site-packages/airflow/example_dags/example_external_task_marker_dag.py
[2023-10-11T03:44:36.628+0000] {processor.py:839} INFO - DAG(s) dict_keys(['example_external_task_marker_parent', 'example_external_task_marker_child']) retrieved from /home/airflow/.local/lib/python3.8/site-packages/airflow/example_dags/example_external_task_marker_dag.py
[2023-10-11T03:44:36.672+0000] {logging_mixin.py:151} INFO - [2023-10-11T03:44:36.672+0000] {dag.py:2915} INFO - Sync 2 DAGs
[2023-10-11T03:44:36.686+0000] {logging_mixin.py:151} INFO - [2023-10-11T03:44:36.686+0000] {dag.py:3696} INFO - Setting next_dagrun for example_external_task_marker_child to None, run_after=None
[2023-10-11T03:44:36.690+0000] {logging_mixin.py:151} INFO - [2023-10-11T03:44:36.690+0000] {dag.py:3696} INFO - Setting next_dagrun for example_external_task_marker_parent to None, run_after=None
[2023-10-11T03:44:36.715+0000] {processor.py:179} INFO - Processing /home/airflow/.local/lib/python3.8/site-packages/airflow/example_dags/example_external_task_marker_dag.py took 0.109 seconds
[2023-10-11T03:45:07.538+0000] {processor.py:157} INFO - Started process (PID=719) to work on /home/airflow/.local/lib/python3.8/site-packages/airflow/example_dags/example_external_task_marker_dag.py
[2023-10-11T03:45:07.539+0000] {processor.py:829} INFO - Processing file /home/airflow/.local/lib/python3.8/site-packages/airflow/example_dags/example_external_task_marker_dag.py for tasks to queue
[2023-10-11T03:45:07.542+0000] {logging_mixin.py:151} INFO - [2023-10-11T03:45:07.542+0000] {dagbag.py:539} INFO - Filling up the DagBag from /home/airflow/.local/lib/python3.8/site-packages/airflow/example_dags/example_external_task_marker_dag.py
[2023-10-11T03:45:07.548+0000] {processor.py:839} INFO - DAG(s) dict_keys(['example_external_task_marker_child', 'example_external_task_marker_parent']) retrieved from /home/airflow/.local/lib/python3.8/site-packages/airflow/example_dags/example_external_task_marker_dag.py
[2023-10-11T03:45:07.573+0000] {logging_mixin.py:151} INFO - [2023-10-11T03:45:07.573+0000] {dag.py:2915} INFO - Sync 2 DAGs
[2023-10-11T03:45:07.587+0000] {logging_mixin.py:151} INFO - [2023-10-11T03:45:07.587+0000] {dag.py:3696} INFO - Setting next_dagrun for example_external_task_marker_child to None, run_after=None
[2023-10-11T03:45:07.591+0000] {logging_mixin.py:151} INFO - [2023-10-11T03:45:07.591+0000] {dag.py:3696} INFO - Setting next_dagrun for example_external_task_marker_parent to None, run_after=None
[2023-10-11T03:45:07.611+0000] {processor.py:179} INFO - Processing /home/airflow/.local/lib/python3.8/site-packages/airflow/example_dags/example_external_task_marker_dag.py took 0.076 seconds
[2023-10-11T03:45:37.714+0000] {processor.py:157} INFO - Started process (PID=776) to work on /home/airflow/.local/lib/python3.8/site-packages/airflow/example_dags/example_external_task_marker_dag.py
[2023-10-11T03:45:37.716+0000] {processor.py:829} INFO - Processing file /home/airflow/.local/lib/python3.8/site-packages/airflow/example_dags/example_external_task_marker_dag.py for tasks to queue
[2023-10-11T03:45:37.718+0000] {logging_mixin.py:151} INFO - [2023-10-11T03:45:37.718+0000] {dagbag.py:539} INFO - Filling up the DagBag from /home/airflow/.local/lib/python3.8/site-packages/airflow/example_dags/example_external_task_marker_dag.py
[2023-10-11T03:45:37.724+0000] {processor.py:839} INFO - DAG(s) dict_keys(['example_external_task_marker_child', 'example_external_task_marker_parent']) retrieved from /home/airflow/.local/lib/python3.8/site-packages/airflow/example_dags/example_external_task_marker_dag.py
[2023-10-11T03:45:37.753+0000] {logging_mixin.py:151} INFO - [2023-10-11T03:45:37.753+0000] {dag.py:2915} INFO - Sync 2 DAGs
[2023-10-11T03:45:37.766+0000] {logging_mixin.py:151} INFO - [2023-10-11T03:45:37.765+0000] {dag.py:3696} INFO - Setting next_dagrun for example_external_task_marker_child to None, run_after=None
[2023-10-11T03:45:37.772+0000] {logging_mixin.py:151} INFO - [2023-10-11T03:45:37.772+0000] {dag.py:3696} INFO - Setting next_dagrun for example_external_task_marker_parent to None, run_after=None
[2023-10-11T03:45:37.797+0000] {processor.py:179} INFO - Processing /home/airflow/.local/lib/python3.8/site-packages/airflow/example_dags/example_external_task_marker_dag.py took 0.087 seconds
[2023-10-11T03:46:07.949+0000] {processor.py:157} INFO - Started process (PID=833) to work on /home/airflow/.local/lib/python3.8/site-packages/airflow/example_dags/example_external_task_marker_dag.py
[2023-10-11T03:46:07.950+0000] {processor.py:829} INFO - Processing file /home/airflow/.local/lib/python3.8/site-packages/airflow/example_dags/example_external_task_marker_dag.py for tasks to queue
[2023-10-11T03:46:07.953+0000] {logging_mixin.py:151} INFO - [2023-10-11T03:46:07.953+0000] {dagbag.py:539} INFO - Filling up the DagBag from /home/airflow/.local/lib/python3.8/site-packages/airflow/example_dags/example_external_task_marker_dag.py
[2023-10-11T03:46:07.959+0000] {processor.py:839} INFO - DAG(s) dict_keys(['example_external_task_marker_parent', 'example_external_task_marker_child']) retrieved from /home/airflow/.local/lib/python3.8/site-packages/airflow/example_dags/example_external_task_marker_dag.py
[2023-10-11T03:46:07.985+0000] {logging_mixin.py:151} INFO - [2023-10-11T03:46:07.985+0000] {dag.py:2915} INFO - Sync 2 DAGs
[2023-10-11T03:46:07.995+0000] {logging_mixin.py:151} INFO - [2023-10-11T03:46:07.995+0000] {dag.py:3696} INFO - Setting next_dagrun for example_external_task_marker_child to None, run_after=None
[2023-10-11T03:46:07.998+0000] {logging_mixin.py:151} INFO - [2023-10-11T03:46:07.998+0000] {dag.py:3696} INFO - Setting next_dagrun for example_external_task_marker_parent to None, run_after=None
[2023-10-11T03:46:08.019+0000] {processor.py:179} INFO - Processing /home/airflow/.local/lib/python3.8/site-packages/airflow/example_dags/example_external_task_marker_dag.py took 0.073 seconds
[2023-10-11T03:46:39.024+0000] {processor.py:157} INFO - Started process (PID=890) to work on /home/airflow/.local/lib/python3.8/site-packages/airflow/example_dags/example_external_task_marker_dag.py
[2023-10-11T03:46:39.025+0000] {processor.py:829} INFO - Processing file /home/airflow/.local/lib/python3.8/site-packages/airflow/example_dags/example_external_task_marker_dag.py for tasks to queue
[2023-10-11T03:46:39.027+0000] {logging_mixin.py:151} INFO - [2023-10-11T03:46:39.027+0000] {dagbag.py:539} INFO - Filling up the DagBag from /home/airflow/.local/lib/python3.8/site-packages/airflow/example_dags/example_external_task_marker_dag.py
[2023-10-11T03:46:39.033+0000] {processor.py:839} INFO - DAG(s) dict_keys(['example_external_task_marker_parent', 'example_external_task_marker_child']) retrieved from /home/airflow/.local/lib/python3.8/site-packages/airflow/example_dags/example_external_task_marker_dag.py
[2023-10-11T03:46:39.058+0000] {logging_mixin.py:151} INFO - [2023-10-11T03:46:39.058+0000] {dag.py:2915} INFO - Sync 2 DAGs
[2023-10-11T03:46:39.070+0000] {logging_mixin.py:151} INFO - [2023-10-11T03:46:39.069+0000] {dag.py:3696} INFO - Setting next_dagrun for example_external_task_marker_child to None, run_after=None
[2023-10-11T03:46:39.073+0000] {logging_mixin.py:151} INFO - [2023-10-11T03:46:39.073+0000] {dag.py:3696} INFO - Setting next_dagrun for example_external_task_marker_parent to None, run_after=None
[2023-10-11T03:46:39.093+0000] {processor.py:179} INFO - Processing /home/airflow/.local/lib/python3.8/site-packages/airflow/example_dags/example_external_task_marker_dag.py took 0.073 seconds
[2023-10-11T03:47:09.400+0000] {processor.py:157} INFO - Started process (PID=947) to work on /home/airflow/.local/lib/python3.8/site-packages/airflow/example_dags/example_external_task_marker_dag.py
[2023-10-11T03:47:09.402+0000] {processor.py:829} INFO - Processing file /home/airflow/.local/lib/python3.8/site-packages/airflow/example_dags/example_external_task_marker_dag.py for tasks to queue
[2023-10-11T03:47:09.405+0000] {logging_mixin.py:151} INFO - [2023-10-11T03:47:09.404+0000] {dagbag.py:539} INFO - Filling up the DagBag from /home/airflow/.local/lib/python3.8/site-packages/airflow/example_dags/example_external_task_marker_dag.py
[2023-10-11T03:47:09.410+0000] {processor.py:839} INFO - DAG(s) dict_keys(['example_external_task_marker_child', 'example_external_task_marker_parent']) retrieved from /home/airflow/.local/lib/python3.8/site-packages/airflow/example_dags/example_external_task_marker_dag.py
[2023-10-11T03:47:09.438+0000] {logging_mixin.py:151} INFO - [2023-10-11T03:47:09.438+0000] {dag.py:2915} INFO - Sync 2 DAGs
[2023-10-11T03:47:09.450+0000] {logging_mixin.py:151} INFO - [2023-10-11T03:47:09.450+0000] {dag.py:3696} INFO - Setting next_dagrun for example_external_task_marker_child to None, run_after=None
[2023-10-11T03:47:09.454+0000] {logging_mixin.py:151} INFO - [2023-10-11T03:47:09.454+0000] {dag.py:3696} INFO - Setting next_dagrun for example_external_task_marker_parent to None, run_after=None
[2023-10-11T03:47:09.475+0000] {processor.py:179} INFO - Processing /home/airflow/.local/lib/python3.8/site-packages/airflow/example_dags/example_external_task_marker_dag.py took 0.078 seconds
[2023-10-11T03:47:39.638+0000] {processor.py:157} INFO - Started process (PID=1004) to work on /home/airflow/.local/lib/python3.8/site-packages/airflow/example_dags/example_external_task_marker_dag.py
[2023-10-11T03:47:39.640+0000] {processor.py:829} INFO - Processing file /home/airflow/.local/lib/python3.8/site-packages/airflow/example_dags/example_external_task_marker_dag.py for tasks to queue
[2023-10-11T03:47:39.642+0000] {logging_mixin.py:151} INFO - [2023-10-11T03:47:39.642+0000] {dagbag.py:539} INFO - Filling up the DagBag from /home/airflow/.local/lib/python3.8/site-packages/airflow/example_dags/example_external_task_marker_dag.py
[2023-10-11T03:47:39.648+0000] {processor.py:839} INFO - DAG(s) dict_keys(['example_external_task_marker_parent', 'example_external_task_marker_child']) retrieved from /home/airflow/.local/lib/python3.8/site-packages/airflow/example_dags/example_external_task_marker_dag.py
[2023-10-11T03:47:39.673+0000] {logging_mixin.py:151} INFO - [2023-10-11T03:47:39.673+0000] {dag.py:2915} INFO - Sync 2 DAGs
[2023-10-11T03:47:39.686+0000] {logging_mixin.py:151} INFO - [2023-10-11T03:47:39.685+0000] {dag.py:3696} INFO - Setting next_dagrun for example_external_task_marker_child to None, run_after=None
[2023-10-11T03:47:39.690+0000] {logging_mixin.py:151} INFO - [2023-10-11T03:47:39.690+0000] {dag.py:3696} INFO - Setting next_dagrun for example_external_task_marker_parent to None, run_after=None
[2023-10-11T03:47:39.711+0000] {processor.py:179} INFO - Processing /home/airflow/.local/lib/python3.8/site-packages/airflow/example_dags/example_external_task_marker_dag.py took 0.076 seconds
[2023-10-11T03:48:10.237+0000] {processor.py:157} INFO - Started process (PID=1061) to work on /home/airflow/.local/lib/python3.8/site-packages/airflow/example_dags/example_external_task_marker_dag.py
[2023-10-11T03:48:10.239+0000] {processor.py:829} INFO - Processing file /home/airflow/.local/lib/python3.8/site-packages/airflow/example_dags/example_external_task_marker_dag.py for tasks to queue
[2023-10-11T03:48:10.242+0000] {logging_mixin.py:151} INFO - [2023-10-11T03:48:10.241+0000] {dagbag.py:539} INFO - Filling up the DagBag from /home/airflow/.local/lib/python3.8/site-packages/airflow/example_dags/example_external_task_marker_dag.py
[2023-10-11T03:48:10.249+0000] {processor.py:839} INFO - DAG(s) dict_keys(['example_external_task_marker_parent', 'example_external_task_marker_child']) retrieved from /home/airflow/.local/lib/python3.8/site-packages/airflow/example_dags/example_external_task_marker_dag.py
[2023-10-11T03:48:10.274+0000] {logging_mixin.py:151} INFO - [2023-10-11T03:48:10.274+0000] {dag.py:2915} INFO - Sync 2 DAGs
[2023-10-11T03:48:10.286+0000] {logging_mixin.py:151} INFO - [2023-10-11T03:48:10.286+0000] {dag.py:3696} INFO - Setting next_dagrun for example_external_task_marker_child to None, run_after=None
[2023-10-11T03:48:10.289+0000] {logging_mixin.py:151} INFO - [2023-10-11T03:48:10.289+0000] {dag.py:3696} INFO - Setting next_dagrun for example_external_task_marker_parent to None, run_after=None
[2023-10-11T03:48:10.309+0000] {processor.py:179} INFO - Processing /home/airflow/.local/lib/python3.8/site-packages/airflow/example_dags/example_external_task_marker_dag.py took 0.077 seconds
[2023-10-11T03:48:40.637+0000] {processor.py:157} INFO - Started process (PID=1118) to work on /home/airflow/.local/lib/python3.8/site-packages/airflow/example_dags/example_external_task_marker_dag.py
[2023-10-11T03:48:40.639+0000] {processor.py:829} INFO - Processing file /home/airflow/.local/lib/python3.8/site-packages/airflow/example_dags/example_external_task_marker_dag.py for tasks to queue
[2023-10-11T03:48:40.642+0000] {logging_mixin.py:151} INFO - [2023-10-11T03:48:40.641+0000] {dagbag.py:539} INFO - Filling up the DagBag from /home/airflow/.local/lib/python3.8/site-packages/airflow/example_dags/example_external_task_marker_dag.py
[2023-10-11T03:48:40.648+0000] {processor.py:839} INFO - DAG(s) dict_keys(['example_external_task_marker_parent', 'example_external_task_marker_child']) retrieved from /home/airflow/.local/lib/python3.8/site-packages/airflow/example_dags/example_external_task_marker_dag.py
[2023-10-11T03:48:40.679+0000] {logging_mixin.py:151} INFO - [2023-10-11T03:48:40.679+0000] {dag.py:2915} INFO - Sync 2 DAGs
[2023-10-11T03:48:40.693+0000] {logging_mixin.py:151} INFO - [2023-10-11T03:48:40.693+0000] {dag.py:3696} INFO - Setting next_dagrun for example_external_task_marker_child to None, run_after=None
[2023-10-11T03:48:40.698+0000] {logging_mixin.py:151} INFO - [2023-10-11T03:48:40.698+0000] {dag.py:3696} INFO - Setting next_dagrun for example_external_task_marker_parent to None, run_after=None
[2023-10-11T03:48:40.726+0000] {processor.py:179} INFO - Processing /home/airflow/.local/lib/python3.8/site-packages/airflow/example_dags/example_external_task_marker_dag.py took 0.092 seconds
[2023-10-11T03:49:11.165+0000] {processor.py:157} INFO - Started process (PID=1175) to work on /home/airflow/.local/lib/python3.8/site-packages/airflow/example_dags/example_external_task_marker_dag.py
[2023-10-11T03:49:11.167+0000] {processor.py:829} INFO - Processing file /home/airflow/.local/lib/python3.8/site-packages/airflow/example_dags/example_external_task_marker_dag.py for tasks to queue
[2023-10-11T03:49:11.170+0000] {logging_mixin.py:151} INFO - [2023-10-11T03:49:11.170+0000] {dagbag.py:539} INFO - Filling up the DagBag from /home/airflow/.local/lib/python3.8/site-packages/airflow/example_dags/example_external_task_marker_dag.py
[2023-10-11T03:49:11.175+0000] {processor.py:839} INFO - DAG(s) dict_keys(['example_external_task_marker_parent', 'example_external_task_marker_child']) retrieved from /home/airflow/.local/lib/python3.8/site-packages/airflow/example_dags/example_external_task_marker_dag.py
[2023-10-11T03:49:11.207+0000] {logging_mixin.py:151} INFO - [2023-10-11T03:49:11.207+0000] {dag.py:2915} INFO - Sync 2 DAGs
[2023-10-11T03:49:11.221+0000] {logging_mixin.py:151} INFO - [2023-10-11T03:49:11.221+0000] {dag.py:3696} INFO - Setting next_dagrun for example_external_task_marker_child to None, run_after=None
[2023-10-11T03:49:11.227+0000] {logging_mixin.py:151} INFO - [2023-10-11T03:49:11.226+0000] {dag.py:3696} INFO - Setting next_dagrun for example_external_task_marker_parent to None, run_after=None
[2023-10-11T03:49:11.251+0000] {processor.py:179} INFO - Processing /home/airflow/.local/lib/python3.8/site-packages/airflow/example_dags/example_external_task_marker_dag.py took 0.089 seconds
[2023-10-11T03:49:41.671+0000] {processor.py:157} INFO - Started process (PID=1232) to work on /home/airflow/.local/lib/python3.8/site-packages/airflow/example_dags/example_external_task_marker_dag.py
[2023-10-11T03:49:41.672+0000] {processor.py:829} INFO - Processing file /home/airflow/.local/lib/python3.8/site-packages/airflow/example_dags/example_external_task_marker_dag.py for tasks to queue
[2023-10-11T03:49:41.675+0000] {logging_mixin.py:151} INFO - [2023-10-11T03:49:41.674+0000] {dagbag.py:539} INFO - Filling up the DagBag from /home/airflow/.local/lib/python3.8/site-packages/airflow/example_dags/example_external_task_marker_dag.py
[2023-10-11T03:49:41.682+0000] {processor.py:839} INFO - DAG(s) dict_keys(['example_external_task_marker_child', 'example_external_task_marker_parent']) retrieved from /home/airflow/.local/lib/python3.8/site-packages/airflow/example_dags/example_external_task_marker_dag.py
[2023-10-11T03:49:41.709+0000] {logging_mixin.py:151} INFO - [2023-10-11T03:49:41.708+0000] {dag.py:2915} INFO - Sync 2 DAGs
[2023-10-11T03:49:41.724+0000] {logging_mixin.py:151} INFO - [2023-10-11T03:49:41.724+0000] {dag.py:3696} INFO - Setting next_dagrun for example_external_task_marker_child to None, run_after=None
[2023-10-11T03:49:41.730+0000] {logging_mixin.py:151} INFO - [2023-10-11T03:49:41.730+0000] {dag.py:3696} INFO - Setting next_dagrun for example_external_task_marker_parent to None, run_after=None
[2023-10-11T03:49:41.759+0000] {processor.py:179} INFO - Processing /home/airflow/.local/lib/python3.8/site-packages/airflow/example_dags/example_external_task_marker_dag.py took 0.091 seconds
[2023-10-11T03:50:12.075+0000] {processor.py:157} INFO - Started process (PID=1289) to work on /home/airflow/.local/lib/python3.8/site-packages/airflow/example_dags/example_external_task_marker_dag.py
[2023-10-11T03:50:12.077+0000] {processor.py:829} INFO - Processing file /home/airflow/.local/lib/python3.8/site-packages/airflow/example_dags/example_external_task_marker_dag.py for tasks to queue
[2023-10-11T03:50:12.079+0000] {logging_mixin.py:151} INFO - [2023-10-11T03:50:12.079+0000] {dagbag.py:539} INFO - Filling up the DagBag from /home/airflow/.local/lib/python3.8/site-packages/airflow/example_dags/example_external_task_marker_dag.py
[2023-10-11T03:50:12.084+0000] {processor.py:839} INFO - DAG(s) dict_keys(['example_external_task_marker_child', 'example_external_task_marker_parent']) retrieved from /home/airflow/.local/lib/python3.8/site-packages/airflow/example_dags/example_external_task_marker_dag.py
[2023-10-11T03:50:12.109+0000] {logging_mixin.py:151} INFO - [2023-10-11T03:50:12.109+0000] {dag.py:2915} INFO - Sync 2 DAGs
[2023-10-11T03:50:12.119+0000] {logging_mixin.py:151} INFO - [2023-10-11T03:50:12.119+0000] {dag.py:3696} INFO - Setting next_dagrun for example_external_task_marker_child to None, run_after=None
[2023-10-11T03:50:12.123+0000] {logging_mixin.py:151} INFO - [2023-10-11T03:50:12.123+0000] {dag.py:3696} INFO - Setting next_dagrun for example_external_task_marker_parent to None, run_after=None
[2023-10-11T03:50:12.141+0000] {processor.py:179} INFO - Processing /home/airflow/.local/lib/python3.8/site-packages/airflow/example_dags/example_external_task_marker_dag.py took 0.070 seconds
[2023-10-11T03:50:42.460+0000] {processor.py:157} INFO - Started process (PID=1346) to work on /home/airflow/.local/lib/python3.8/site-packages/airflow/example_dags/example_external_task_marker_dag.py
[2023-10-11T03:50:42.462+0000] {processor.py:829} INFO - Processing file /home/airflow/.local/lib/python3.8/site-packages/airflow/example_dags/example_external_task_marker_dag.py for tasks to queue
[2023-10-11T03:50:42.464+0000] {logging_mixin.py:151} INFO - [2023-10-11T03:50:42.464+0000] {dagbag.py:539} INFO - Filling up the DagBag from /home/airflow/.local/lib/python3.8/site-packages/airflow/example_dags/example_external_task_marker_dag.py
[2023-10-11T03:50:42.469+0000] {processor.py:839} INFO - DAG(s) dict_keys(['example_external_task_marker_parent', 'example_external_task_marker_child']) retrieved from /home/airflow/.local/lib/python3.8/site-packages/airflow/example_dags/example_external_task_marker_dag.py
[2023-10-11T03:50:42.495+0000] {logging_mixin.py:151} INFO - [2023-10-11T03:50:42.495+0000] {dag.py:2915} INFO - Sync 2 DAGs
[2023-10-11T03:50:42.508+0000] {logging_mixin.py:151} INFO - [2023-10-11T03:50:42.508+0000] {dag.py:3696} INFO - Setting next_dagrun for example_external_task_marker_child to None, run_after=None
[2023-10-11T03:50:42.512+0000] {logging_mixin.py:151} INFO - [2023-10-11T03:50:42.512+0000] {dag.py:3696} INFO - Setting next_dagrun for example_external_task_marker_parent to None, run_after=None
[2023-10-11T03:50:42.530+0000] {processor.py:179} INFO - Processing /home/airflow/.local/lib/python3.8/site-packages/airflow/example_dags/example_external_task_marker_dag.py took 0.073 seconds
[2023-10-11T03:51:13.153+0000] {processor.py:157} INFO - Started process (PID=1403) to work on /home/airflow/.local/lib/python3.8/site-packages/airflow/example_dags/example_external_task_marker_dag.py
[2023-10-11T03:51:13.154+0000] {processor.py:829} INFO - Processing file /home/airflow/.local/lib/python3.8/site-packages/airflow/example_dags/example_external_task_marker_dag.py for tasks to queue
[2023-10-11T03:51:13.157+0000] {logging_mixin.py:151} INFO - [2023-10-11T03:51:13.157+0000] {dagbag.py:539} INFO - Filling up the DagBag from /home/airflow/.local/lib/python3.8/site-packages/airflow/example_dags/example_external_task_marker_dag.py
[2023-10-11T03:51:13.162+0000] {processor.py:839} INFO - DAG(s) dict_keys(['example_external_task_marker_parent', 'example_external_task_marker_child']) retrieved from /home/airflow/.local/lib/python3.8/site-packages/airflow/example_dags/example_external_task_marker_dag.py
[2023-10-11T03:51:13.189+0000] {logging_mixin.py:151} INFO - [2023-10-11T03:51:13.188+0000] {dag.py:2915} INFO - Sync 2 DAGs
[2023-10-11T03:51:13.202+0000] {logging_mixin.py:151} INFO - [2023-10-11T03:51:13.202+0000] {dag.py:3696} INFO - Setting next_dagrun for example_external_task_marker_child to None, run_after=None
[2023-10-11T03:51:13.206+0000] {logging_mixin.py:151} INFO - [2023-10-11T03:51:13.206+0000] {dag.py:3696} INFO - Setting next_dagrun for example_external_task_marker_parent to None, run_after=None
[2023-10-11T03:51:13.236+0000] {processor.py:179} INFO - Processing /home/airflow/.local/lib/python3.8/site-packages/airflow/example_dags/example_external_task_marker_dag.py took 0.088 seconds
[2023-10-11T03:51:43.469+0000] {processor.py:157} INFO - Started process (PID=1460) to work on /home/airflow/.local/lib/python3.8/site-packages/airflow/example_dags/example_external_task_marker_dag.py
[2023-10-11T03:51:43.470+0000] {processor.py:829} INFO - Processing file /home/airflow/.local/lib/python3.8/site-packages/airflow/example_dags/example_external_task_marker_dag.py for tasks to queue
[2023-10-11T03:51:43.473+0000] {logging_mixin.py:151} INFO - [2023-10-11T03:51:43.473+0000] {dagbag.py:539} INFO - Filling up the DagBag from /home/airflow/.local/lib/python3.8/site-packages/airflow/example_dags/example_external_task_marker_dag.py
[2023-10-11T03:51:43.479+0000] {processor.py:839} INFO - DAG(s) dict_keys(['example_external_task_marker_child', 'example_external_task_marker_parent']) retrieved from /home/airflow/.local/lib/python3.8/site-packages/airflow/example_dags/example_external_task_marker_dag.py
[2023-10-11T03:51:43.509+0000] {logging_mixin.py:151} INFO - [2023-10-11T03:51:43.509+0000] {dag.py:2915} INFO - Sync 2 DAGs
[2023-10-11T03:51:43.522+0000] {logging_mixin.py:151} INFO - [2023-10-11T03:51:43.521+0000] {dag.py:3696} INFO - Setting next_dagrun for example_external_task_marker_child to None, run_after=None
[2023-10-11T03:51:43.525+0000] {logging_mixin.py:151} INFO - [2023-10-11T03:51:43.525+0000] {dag.py:3696} INFO - Setting next_dagrun for example_external_task_marker_parent to None, run_after=None
[2023-10-11T03:51:43.544+0000] {processor.py:179} INFO - Processing /home/airflow/.local/lib/python3.8/site-packages/airflow/example_dags/example_external_task_marker_dag.py took 0.080 seconds
[2023-10-11T03:52:13.928+0000] {processor.py:157} INFO - Started process (PID=1517) to work on /home/airflow/.local/lib/python3.8/site-packages/airflow/example_dags/example_external_task_marker_dag.py
[2023-10-11T03:52:13.930+0000] {processor.py:829} INFO - Processing file /home/airflow/.local/lib/python3.8/site-packages/airflow/example_dags/example_external_task_marker_dag.py for tasks to queue
[2023-10-11T03:52:13.933+0000] {logging_mixin.py:151} INFO - [2023-10-11T03:52:13.933+0000] {dagbag.py:539} INFO - Filling up the DagBag from /home/airflow/.local/lib/python3.8/site-packages/airflow/example_dags/example_external_task_marker_dag.py
[2023-10-11T03:52:13.939+0000] {processor.py:839} INFO - DAG(s) dict_keys(['example_external_task_marker_parent', 'example_external_task_marker_child']) retrieved from /home/airflow/.local/lib/python3.8/site-packages/airflow/example_dags/example_external_task_marker_dag.py
[2023-10-11T03:52:13.969+0000] {logging_mixin.py:151} INFO - [2023-10-11T03:52:13.969+0000] {dag.py:2915} INFO - Sync 2 DAGs
[2023-10-11T03:52:13.982+0000] {logging_mixin.py:151} INFO - [2023-10-11T03:52:13.982+0000] {dag.py:3696} INFO - Setting next_dagrun for example_external_task_marker_child to None, run_after=None
[2023-10-11T03:52:13.985+0000] {logging_mixin.py:151} INFO - [2023-10-11T03:52:13.985+0000] {dag.py:3696} INFO - Setting next_dagrun for example_external_task_marker_parent to None, run_after=None
[2023-10-11T03:52:14.004+0000] {processor.py:179} INFO - Processing /home/airflow/.local/lib/python3.8/site-packages/airflow/example_dags/example_external_task_marker_dag.py took 0.081 seconds
[2023-10-11T03:52:44.410+0000] {processor.py:157} INFO - Started process (PID=1574) to work on /home/airflow/.local/lib/python3.8/site-packages/airflow/example_dags/example_external_task_marker_dag.py
[2023-10-11T03:52:44.412+0000] {processor.py:829} INFO - Processing file /home/airflow/.local/lib/python3.8/site-packages/airflow/example_dags/example_external_task_marker_dag.py for tasks to queue
[2023-10-11T03:52:44.415+0000] {logging_mixin.py:151} INFO - [2023-10-11T03:52:44.414+0000] {dagbag.py:539} INFO - Filling up the DagBag from /home/airflow/.local/lib/python3.8/site-packages/airflow/example_dags/example_external_task_marker_dag.py
[2023-10-11T03:52:44.419+0000] {processor.py:839} INFO - DAG(s) dict_keys(['example_external_task_marker_child', 'example_external_task_marker_parent']) retrieved from /home/airflow/.local/lib/python3.8/site-packages/airflow/example_dags/example_external_task_marker_dag.py
[2023-10-11T03:52:44.444+0000] {logging_mixin.py:151} INFO - [2023-10-11T03:52:44.444+0000] {dag.py:2915} INFO - Sync 2 DAGs
[2023-10-11T03:52:44.455+0000] {logging_mixin.py:151} INFO - [2023-10-11T03:52:44.454+0000] {dag.py:3696} INFO - Setting next_dagrun for example_external_task_marker_child to None, run_after=None
[2023-10-11T03:52:44.459+0000] {logging_mixin.py:151} INFO - [2023-10-11T03:52:44.458+0000] {dag.py:3696} INFO - Setting next_dagrun for example_external_task_marker_parent to None, run_after=None
[2023-10-11T03:52:44.478+0000] {processor.py:179} INFO - Processing /home/airflow/.local/lib/python3.8/site-packages/airflow/example_dags/example_external_task_marker_dag.py took 0.071 seconds
[2023-10-11T03:53:15.357+0000] {processor.py:157} INFO - Started process (PID=1631) to work on /home/airflow/.local/lib/python3.8/site-packages/airflow/example_dags/example_external_task_marker_dag.py
[2023-10-11T03:53:15.358+0000] {processor.py:829} INFO - Processing file /home/airflow/.local/lib/python3.8/site-packages/airflow/example_dags/example_external_task_marker_dag.py for tasks to queue
[2023-10-11T03:53:15.362+0000] {logging_mixin.py:151} INFO - [2023-10-11T03:53:15.362+0000] {dagbag.py:539} INFO - Filling up the DagBag from /home/airflow/.local/lib/python3.8/site-packages/airflow/example_dags/example_external_task_marker_dag.py
[2023-10-11T03:53:15.368+0000] {processor.py:839} INFO - DAG(s) dict_keys(['example_external_task_marker_child', 'example_external_task_marker_parent']) retrieved from /home/airflow/.local/lib/python3.8/site-packages/airflow/example_dags/example_external_task_marker_dag.py
[2023-10-11T03:53:15.396+0000] {logging_mixin.py:151} INFO - [2023-10-11T03:53:15.395+0000] {dag.py:2915} INFO - Sync 2 DAGs
[2023-10-11T03:53:15.407+0000] {logging_mixin.py:151} INFO - [2023-10-11T03:53:15.407+0000] {dag.py:3696} INFO - Setting next_dagrun for example_external_task_marker_child to None, run_after=None
[2023-10-11T03:53:15.410+0000] {logging_mixin.py:151} INFO - [2023-10-11T03:53:15.410+0000] {dag.py:3696} INFO - Setting next_dagrun for example_external_task_marker_parent to None, run_after=None
[2023-10-11T03:53:15.430+0000] {processor.py:179} INFO - Processing /home/airflow/.local/lib/python3.8/site-packages/airflow/example_dags/example_external_task_marker_dag.py took 0.075 seconds
[2023-10-11T03:53:45.783+0000] {processor.py:157} INFO - Started process (PID=1688) to work on /home/airflow/.local/lib/python3.8/site-packages/airflow/example_dags/example_external_task_marker_dag.py
[2023-10-11T03:53:45.785+0000] {processor.py:829} INFO - Processing file /home/airflow/.local/lib/python3.8/site-packages/airflow/example_dags/example_external_task_marker_dag.py for tasks to queue
[2023-10-11T03:53:45.788+0000] {logging_mixin.py:151} INFO - [2023-10-11T03:53:45.787+0000] {dagbag.py:539} INFO - Filling up the DagBag from /home/airflow/.local/lib/python3.8/site-packages/airflow/example_dags/example_external_task_marker_dag.py
[2023-10-11T03:53:45.795+0000] {processor.py:839} INFO - DAG(s) dict_keys(['example_external_task_marker_parent', 'example_external_task_marker_child']) retrieved from /home/airflow/.local/lib/python3.8/site-packages/airflow/example_dags/example_external_task_marker_dag.py
[2023-10-11T03:53:45.820+0000] {logging_mixin.py:151} INFO - [2023-10-11T03:53:45.820+0000] {dag.py:2915} INFO - Sync 2 DAGs
[2023-10-11T03:53:45.831+0000] {logging_mixin.py:151} INFO - [2023-10-11T03:53:45.831+0000] {dag.py:3696} INFO - Setting next_dagrun for example_external_task_marker_child to None, run_after=None
[2023-10-11T03:53:45.835+0000] {logging_mixin.py:151} INFO - [2023-10-11T03:53:45.835+0000] {dag.py:3696} INFO - Setting next_dagrun for example_external_task_marker_parent to None, run_after=None
[2023-10-11T03:53:45.854+0000] {processor.py:179} INFO - Processing /home/airflow/.local/lib/python3.8/site-packages/airflow/example_dags/example_external_task_marker_dag.py took 0.074 seconds
[2023-10-11T03:54:16.046+0000] {processor.py:157} INFO - Started process (PID=1745) to work on /home/airflow/.local/lib/python3.8/site-packages/airflow/example_dags/example_external_task_marker_dag.py
[2023-10-11T03:54:16.047+0000] {processor.py:829} INFO - Processing file /home/airflow/.local/lib/python3.8/site-packages/airflow/example_dags/example_external_task_marker_dag.py for tasks to queue
[2023-10-11T03:54:16.049+0000] {logging_mixin.py:151} INFO - [2023-10-11T03:54:16.049+0000] {dagbag.py:539} INFO - Filling up the DagBag from /home/airflow/.local/lib/python3.8/site-packages/airflow/example_dags/example_external_task_marker_dag.py
[2023-10-11T03:54:16.055+0000] {processor.py:839} INFO - DAG(s) dict_keys(['example_external_task_marker_child', 'example_external_task_marker_parent']) retrieved from /home/airflow/.local/lib/python3.8/site-packages/airflow/example_dags/example_external_task_marker_dag.py
[2023-10-11T03:54:16.080+0000] {logging_mixin.py:151} INFO - [2023-10-11T03:54:16.080+0000] {dag.py:2915} INFO - Sync 2 DAGs
[2023-10-11T03:54:16.092+0000] {logging_mixin.py:151} INFO - [2023-10-11T03:54:16.091+0000] {dag.py:3696} INFO - Setting next_dagrun for example_external_task_marker_child to None, run_after=None
[2023-10-11T03:54:16.095+0000] {logging_mixin.py:151} INFO - [2023-10-11T03:54:16.095+0000] {dag.py:3696} INFO - Setting next_dagrun for example_external_task_marker_parent to None, run_after=None
[2023-10-11T03:54:16.117+0000] {processor.py:179} INFO - Processing /home/airflow/.local/lib/python3.8/site-packages/airflow/example_dags/example_external_task_marker_dag.py took 0.075 seconds
[2023-10-11T03:54:46.228+0000] {processor.py:157} INFO - Started process (PID=1802) to work on /home/airflow/.local/lib/python3.8/site-packages/airflow/example_dags/example_external_task_marker_dag.py
[2023-10-11T03:54:46.230+0000] {processor.py:829} INFO - Processing file /home/airflow/.local/lib/python3.8/site-packages/airflow/example_dags/example_external_task_marker_dag.py for tasks to queue
[2023-10-11T03:54:46.233+0000] {logging_mixin.py:151} INFO - [2023-10-11T03:54:46.232+0000] {dagbag.py:539} INFO - Filling up the DagBag from /home/airflow/.local/lib/python3.8/site-packages/airflow/example_dags/example_external_task_marker_dag.py
[2023-10-11T03:54:46.239+0000] {processor.py:839} INFO - DAG(s) dict_keys(['example_external_task_marker_parent', 'example_external_task_marker_child']) retrieved from /home/airflow/.local/lib/python3.8/site-packages/airflow/example_dags/example_external_task_marker_dag.py
[2023-10-11T03:54:46.264+0000] {logging_mixin.py:151} INFO - [2023-10-11T03:54:46.264+0000] {dag.py:2915} INFO - Sync 2 DAGs
[2023-10-11T03:54:46.274+0000] {logging_mixin.py:151} INFO - [2023-10-11T03:54:46.274+0000] {dag.py:3696} INFO - Setting next_dagrun for example_external_task_marker_child to None, run_after=None
[2023-10-11T03:54:46.278+0000] {logging_mixin.py:151} INFO - [2023-10-11T03:54:46.278+0000] {dag.py:3696} INFO - Setting next_dagrun for example_external_task_marker_parent to None, run_after=None
[2023-10-11T03:54:46.296+0000] {processor.py:179} INFO - Processing /home/airflow/.local/lib/python3.8/site-packages/airflow/example_dags/example_external_task_marker_dag.py took 0.072 seconds
[2023-10-11T03:55:16.628+0000] {processor.py:157} INFO - Started process (PID=1859) to work on /home/airflow/.local/lib/python3.8/site-packages/airflow/example_dags/example_external_task_marker_dag.py
[2023-10-11T03:55:16.630+0000] {processor.py:829} INFO - Processing file /home/airflow/.local/lib/python3.8/site-packages/airflow/example_dags/example_external_task_marker_dag.py for tasks to queue
[2023-10-11T03:55:16.633+0000] {logging_mixin.py:151} INFO - [2023-10-11T03:55:16.633+0000] {dagbag.py:539} INFO - Filling up the DagBag from /home/airflow/.local/lib/python3.8/site-packages/airflow/example_dags/example_external_task_marker_dag.py
[2023-10-11T03:55:16.639+0000] {processor.py:839} INFO - DAG(s) dict_keys(['example_external_task_marker_parent', 'example_external_task_marker_child']) retrieved from /home/airflow/.local/lib/python3.8/site-packages/airflow/example_dags/example_external_task_marker_dag.py
[2023-10-11T03:55:16.664+0000] {logging_mixin.py:151} INFO - [2023-10-11T03:55:16.664+0000] {dag.py:2915} INFO - Sync 2 DAGs
[2023-10-11T03:55:16.677+0000] {logging_mixin.py:151} INFO - [2023-10-11T03:55:16.677+0000] {dag.py:3696} INFO - Setting next_dagrun for example_external_task_marker_child to None, run_after=None
[2023-10-11T03:55:16.681+0000] {logging_mixin.py:151} INFO - [2023-10-11T03:55:16.680+0000] {dag.py:3696} INFO - Setting next_dagrun for example_external_task_marker_parent to None, run_after=None
[2023-10-11T03:55:16.699+0000] {processor.py:179} INFO - Processing /home/airflow/.local/lib/python3.8/site-packages/airflow/example_dags/example_external_task_marker_dag.py took 0.075 seconds
[2023-10-11T03:55:47.015+0000] {processor.py:157} INFO - Started process (PID=1916) to work on /home/airflow/.local/lib/python3.8/site-packages/airflow/example_dags/example_external_task_marker_dag.py
[2023-10-11T03:55:47.017+0000] {processor.py:829} INFO - Processing file /home/airflow/.local/lib/python3.8/site-packages/airflow/example_dags/example_external_task_marker_dag.py for tasks to queue
[2023-10-11T03:55:47.021+0000] {logging_mixin.py:151} INFO - [2023-10-11T03:55:47.020+0000] {dagbag.py:539} INFO - Filling up the DagBag from /home/airflow/.local/lib/python3.8/site-packages/airflow/example_dags/example_external_task_marker_dag.py
[2023-10-11T03:55:47.026+0000] {processor.py:839} INFO - DAG(s) dict_keys(['example_external_task_marker_child', 'example_external_task_marker_parent']) retrieved from /home/airflow/.local/lib/python3.8/site-packages/airflow/example_dags/example_external_task_marker_dag.py
[2023-10-11T03:55:47.056+0000] {logging_mixin.py:151} INFO - [2023-10-11T03:55:47.056+0000] {dag.py:2915} INFO - Sync 2 DAGs
[2023-10-11T03:55:47.069+0000] {logging_mixin.py:151} INFO - [2023-10-11T03:55:47.068+0000] {dag.py:3696} INFO - Setting next_dagrun for example_external_task_marker_child to None, run_after=None
[2023-10-11T03:55:47.073+0000] {logging_mixin.py:151} INFO - [2023-10-11T03:55:47.073+0000] {dag.py:3696} INFO - Setting next_dagrun for example_external_task_marker_parent to None, run_after=None
[2023-10-11T03:55:47.103+0000] {processor.py:179} INFO - Processing /home/airflow/.local/lib/python3.8/site-packages/airflow/example_dags/example_external_task_marker_dag.py took 0.090 seconds
[2023-10-11T03:56:17.785+0000] {processor.py:157} INFO - Started process (PID=1973) to work on /home/airflow/.local/lib/python3.8/site-packages/airflow/example_dags/example_external_task_marker_dag.py
[2023-10-11T03:56:17.787+0000] {processor.py:829} INFO - Processing file /home/airflow/.local/lib/python3.8/site-packages/airflow/example_dags/example_external_task_marker_dag.py for tasks to queue
[2023-10-11T03:56:17.790+0000] {logging_mixin.py:151} INFO - [2023-10-11T03:56:17.790+0000] {dagbag.py:539} INFO - Filling up the DagBag from /home/airflow/.local/lib/python3.8/site-packages/airflow/example_dags/example_external_task_marker_dag.py
[2023-10-11T03:56:17.797+0000] {processor.py:839} INFO - DAG(s) dict_keys(['example_external_task_marker_child', 'example_external_task_marker_parent']) retrieved from /home/airflow/.local/lib/python3.8/site-packages/airflow/example_dags/example_external_task_marker_dag.py
[2023-10-11T03:56:17.825+0000] {logging_mixin.py:151} INFO - [2023-10-11T03:56:17.825+0000] {dag.py:2915} INFO - Sync 2 DAGs
[2023-10-11T03:56:17.838+0000] {logging_mixin.py:151} INFO - [2023-10-11T03:56:17.838+0000] {dag.py:3696} INFO - Setting next_dagrun for example_external_task_marker_child to None, run_after=None
[2023-10-11T03:56:17.843+0000] {logging_mixin.py:151} INFO - [2023-10-11T03:56:17.843+0000] {dag.py:3696} INFO - Setting next_dagrun for example_external_task_marker_parent to None, run_after=None
[2023-10-11T03:56:17.862+0000] {processor.py:179} INFO - Processing /home/airflow/.local/lib/python3.8/site-packages/airflow/example_dags/example_external_task_marker_dag.py took 0.080 seconds
[2023-10-11T03:56:48.145+0000] {processor.py:157} INFO - Started process (PID=2030) to work on /home/airflow/.local/lib/python3.8/site-packages/airflow/example_dags/example_external_task_marker_dag.py
[2023-10-11T03:56:48.147+0000] {processor.py:829} INFO - Processing file /home/airflow/.local/lib/python3.8/site-packages/airflow/example_dags/example_external_task_marker_dag.py for tasks to queue
[2023-10-11T03:56:48.150+0000] {logging_mixin.py:151} INFO - [2023-10-11T03:56:48.150+0000] {dagbag.py:539} INFO - Filling up the DagBag from /home/airflow/.local/lib/python3.8/site-packages/airflow/example_dags/example_external_task_marker_dag.py
[2023-10-11T03:56:48.158+0000] {processor.py:839} INFO - DAG(s) dict_keys(['example_external_task_marker_child', 'example_external_task_marker_parent']) retrieved from /home/airflow/.local/lib/python3.8/site-packages/airflow/example_dags/example_external_task_marker_dag.py
[2023-10-11T03:56:48.188+0000] {logging_mixin.py:151} INFO - [2023-10-11T03:56:48.188+0000] {dag.py:2915} INFO - Sync 2 DAGs
[2023-10-11T03:56:48.201+0000] {logging_mixin.py:151} INFO - [2023-10-11T03:56:48.201+0000] {dag.py:3696} INFO - Setting next_dagrun for example_external_task_marker_child to None, run_after=None
[2023-10-11T03:56:48.205+0000] {logging_mixin.py:151} INFO - [2023-10-11T03:56:48.205+0000] {dag.py:3696} INFO - Setting next_dagrun for example_external_task_marker_parent to None, run_after=None
[2023-10-11T03:56:48.230+0000] {processor.py:179} INFO - Processing /home/airflow/.local/lib/python3.8/site-packages/airflow/example_dags/example_external_task_marker_dag.py took 0.089 seconds
[2023-10-11T03:57:18.944+0000] {processor.py:157} INFO - Started process (PID=2087) to work on /home/airflow/.local/lib/python3.8/site-packages/airflow/example_dags/example_external_task_marker_dag.py
[2023-10-11T03:57:18.946+0000] {processor.py:829} INFO - Processing file /home/airflow/.local/lib/python3.8/site-packages/airflow/example_dags/example_external_task_marker_dag.py for tasks to queue
[2023-10-11T03:57:18.948+0000] {logging_mixin.py:151} INFO - [2023-10-11T03:57:18.948+0000] {dagbag.py:539} INFO - Filling up the DagBag from /home/airflow/.local/lib/python3.8/site-packages/airflow/example_dags/example_external_task_marker_dag.py
[2023-10-11T03:57:18.955+0000] {processor.py:839} INFO - DAG(s) dict_keys(['example_external_task_marker_parent', 'example_external_task_marker_child']) retrieved from /home/airflow/.local/lib/python3.8/site-packages/airflow/example_dags/example_external_task_marker_dag.py
[2023-10-11T03:57:18.982+0000] {logging_mixin.py:151} INFO - [2023-10-11T03:57:18.981+0000] {dag.py:2915} INFO - Sync 2 DAGs
[2023-10-11T03:57:18.994+0000] {logging_mixin.py:151} INFO - [2023-10-11T03:57:18.994+0000] {dag.py:3696} INFO - Setting next_dagrun for example_external_task_marker_child to None, run_after=None
[2023-10-11T03:57:18.998+0000] {logging_mixin.py:151} INFO - [2023-10-11T03:57:18.997+0000] {dag.py:3696} INFO - Setting next_dagrun for example_external_task_marker_parent to None, run_after=None
[2023-10-11T03:57:19.022+0000] {processor.py:179} INFO - Processing /home/airflow/.local/lib/python3.8/site-packages/airflow/example_dags/example_external_task_marker_dag.py took 0.081 seconds
[2023-10-11T03:57:49.347+0000] {processor.py:157} INFO - Started process (PID=2144) to work on /home/airflow/.local/lib/python3.8/site-packages/airflow/example_dags/example_external_task_marker_dag.py
[2023-10-11T03:57:49.349+0000] {processor.py:829} INFO - Processing file /home/airflow/.local/lib/python3.8/site-packages/airflow/example_dags/example_external_task_marker_dag.py for tasks to queue
[2023-10-11T03:57:49.352+0000] {logging_mixin.py:151} INFO - [2023-10-11T03:57:49.351+0000] {dagbag.py:539} INFO - Filling up the DagBag from /home/airflow/.local/lib/python3.8/site-packages/airflow/example_dags/example_external_task_marker_dag.py
[2023-10-11T03:57:49.357+0000] {processor.py:839} INFO - DAG(s) dict_keys(['example_external_task_marker_parent', 'example_external_task_marker_child']) retrieved from /home/airflow/.local/lib/python3.8/site-packages/airflow/example_dags/example_external_task_marker_dag.py
[2023-10-11T03:57:49.382+0000] {logging_mixin.py:151} INFO - [2023-10-11T03:57:49.382+0000] {dag.py:2915} INFO - Sync 2 DAGs
[2023-10-11T03:57:49.392+0000] {logging_mixin.py:151} INFO - [2023-10-11T03:57:49.392+0000] {dag.py:3696} INFO - Setting next_dagrun for example_external_task_marker_child to None, run_after=None
[2023-10-11T03:57:49.395+0000] {logging_mixin.py:151} INFO - [2023-10-11T03:57:49.395+0000] {dag.py:3696} INFO - Setting next_dagrun for example_external_task_marker_parent to None, run_after=None
[2023-10-11T03:57:49.413+0000] {processor.py:179} INFO - Processing /home/airflow/.local/lib/python3.8/site-packages/airflow/example_dags/example_external_task_marker_dag.py took 0.069 seconds
[2023-10-11T03:58:19.635+0000] {processor.py:157} INFO - Started process (PID=2201) to work on /home/airflow/.local/lib/python3.8/site-packages/airflow/example_dags/example_external_task_marker_dag.py
[2023-10-11T03:58:19.637+0000] {processor.py:829} INFO - Processing file /home/airflow/.local/lib/python3.8/site-packages/airflow/example_dags/example_external_task_marker_dag.py for tasks to queue
[2023-10-11T03:58:19.639+0000] {logging_mixin.py:151} INFO - [2023-10-11T03:58:19.639+0000] {dagbag.py:539} INFO - Filling up the DagBag from /home/airflow/.local/lib/python3.8/site-packages/airflow/example_dags/example_external_task_marker_dag.py
[2023-10-11T03:58:19.646+0000] {processor.py:839} INFO - DAG(s) dict_keys(['example_external_task_marker_parent', 'example_external_task_marker_child']) retrieved from /home/airflow/.local/lib/python3.8/site-packages/airflow/example_dags/example_external_task_marker_dag.py
[2023-10-11T03:58:19.671+0000] {logging_mixin.py:151} INFO - [2023-10-11T03:58:19.671+0000] {dag.py:2915} INFO - Sync 2 DAGs
[2023-10-11T03:58:19.683+0000] {logging_mixin.py:151} INFO - [2023-10-11T03:58:19.683+0000] {dag.py:3696} INFO - Setting next_dagrun for example_external_task_marker_child to None, run_after=None
[2023-10-11T03:58:19.687+0000] {logging_mixin.py:151} INFO - [2023-10-11T03:58:19.687+0000] {dag.py:3696} INFO - Setting next_dagrun for example_external_task_marker_parent to None, run_after=None
[2023-10-11T03:58:19.705+0000] {processor.py:179} INFO - Processing /home/airflow/.local/lib/python3.8/site-packages/airflow/example_dags/example_external_task_marker_dag.py took 0.073 seconds
[2023-10-11T03:58:49.808+0000] {processor.py:157} INFO - Started process (PID=2258) to work on /home/airflow/.local/lib/python3.8/site-packages/airflow/example_dags/example_external_task_marker_dag.py
[2023-10-11T03:58:49.810+0000] {processor.py:829} INFO - Processing file /home/airflow/.local/lib/python3.8/site-packages/airflow/example_dags/example_external_task_marker_dag.py for tasks to queue
[2023-10-11T03:58:49.813+0000] {logging_mixin.py:151} INFO - [2023-10-11T03:58:49.813+0000] {dagbag.py:539} INFO - Filling up the DagBag from /home/airflow/.local/lib/python3.8/site-packages/airflow/example_dags/example_external_task_marker_dag.py
[2023-10-11T03:58:49.818+0000] {processor.py:839} INFO - DAG(s) dict_keys(['example_external_task_marker_parent', 'example_external_task_marker_child']) retrieved from /home/airflow/.local/lib/python3.8/site-packages/airflow/example_dags/example_external_task_marker_dag.py
[2023-10-11T03:58:49.843+0000] {logging_mixin.py:151} INFO - [2023-10-11T03:58:49.843+0000] {dag.py:2915} INFO - Sync 2 DAGs
[2023-10-11T03:58:49.853+0000] {logging_mixin.py:151} INFO - [2023-10-11T03:58:49.853+0000] {dag.py:3696} INFO - Setting next_dagrun for example_external_task_marker_child to None, run_after=None
[2023-10-11T03:58:49.857+0000] {logging_mixin.py:151} INFO - [2023-10-11T03:58:49.857+0000] {dag.py:3696} INFO - Setting next_dagrun for example_external_task_marker_parent to None, run_after=None
[2023-10-11T03:58:49.876+0000] {processor.py:179} INFO - Processing /home/airflow/.local/lib/python3.8/site-packages/airflow/example_dags/example_external_task_marker_dag.py took 0.071 seconds
[2023-10-11T03:59:20.464+0000] {processor.py:157} INFO - Started process (PID=2315) to work on /home/airflow/.local/lib/python3.8/site-packages/airflow/example_dags/example_external_task_marker_dag.py
[2023-10-11T03:59:20.465+0000] {processor.py:829} INFO - Processing file /home/airflow/.local/lib/python3.8/site-packages/airflow/example_dags/example_external_task_marker_dag.py for tasks to queue
[2023-10-11T03:59:20.468+0000] {logging_mixin.py:151} INFO - [2023-10-11T03:59:20.468+0000] {dagbag.py:539} INFO - Filling up the DagBag from /home/airflow/.local/lib/python3.8/site-packages/airflow/example_dags/example_external_task_marker_dag.py
[2023-10-11T03:59:20.473+0000] {processor.py:839} INFO - DAG(s) dict_keys(['example_external_task_marker_child', 'example_external_task_marker_parent']) retrieved from /home/airflow/.local/lib/python3.8/site-packages/airflow/example_dags/example_external_task_marker_dag.py
[2023-10-11T03:59:20.499+0000] {logging_mixin.py:151} INFO - [2023-10-11T03:59:20.499+0000] {dag.py:2915} INFO - Sync 2 DAGs
[2023-10-11T03:59:20.510+0000] {logging_mixin.py:151} INFO - [2023-10-11T03:59:20.510+0000] {dag.py:3696} INFO - Setting next_dagrun for example_external_task_marker_child to None, run_after=None
[2023-10-11T03:59:20.514+0000] {logging_mixin.py:151} INFO - [2023-10-11T03:59:20.514+0000] {dag.py:3696} INFO - Setting next_dagrun for example_external_task_marker_parent to None, run_after=None
[2023-10-11T03:59:20.533+0000] {processor.py:179} INFO - Processing /home/airflow/.local/lib/python3.8/site-packages/airflow/example_dags/example_external_task_marker_dag.py took 0.072 seconds
[2023-10-11T03:59:51.117+0000] {processor.py:157} INFO - Started process (PID=2372) to work on /home/airflow/.local/lib/python3.8/site-packages/airflow/example_dags/example_external_task_marker_dag.py
[2023-10-11T03:59:51.118+0000] {processor.py:829} INFO - Processing file /home/airflow/.local/lib/python3.8/site-packages/airflow/example_dags/example_external_task_marker_dag.py for tasks to queue
[2023-10-11T03:59:51.121+0000] {logging_mixin.py:151} INFO - [2023-10-11T03:59:51.121+0000] {dagbag.py:539} INFO - Filling up the DagBag from /home/airflow/.local/lib/python3.8/site-packages/airflow/example_dags/example_external_task_marker_dag.py
[2023-10-11T03:59:51.126+0000] {processor.py:839} INFO - DAG(s) dict_keys(['example_external_task_marker_parent', 'example_external_task_marker_child']) retrieved from /home/airflow/.local/lib/python3.8/site-packages/airflow/example_dags/example_external_task_marker_dag.py
[2023-10-11T03:59:51.152+0000] {logging_mixin.py:151} INFO - [2023-10-11T03:59:51.152+0000] {dag.py:2915} INFO - Sync 2 DAGs
[2023-10-11T03:59:51.163+0000] {logging_mixin.py:151} INFO - [2023-10-11T03:59:51.163+0000] {dag.py:3696} INFO - Setting next_dagrun for example_external_task_marker_child to None, run_after=None
[2023-10-11T03:59:51.168+0000] {logging_mixin.py:151} INFO - [2023-10-11T03:59:51.167+0000] {dag.py:3696} INFO - Setting next_dagrun for example_external_task_marker_parent to None, run_after=None
[2023-10-11T03:59:51.187+0000] {processor.py:179} INFO - Processing /home/airflow/.local/lib/python3.8/site-packages/airflow/example_dags/example_external_task_marker_dag.py took 0.073 seconds
[2023-10-11T04:00:21.539+0000] {processor.py:157} INFO - Started process (PID=2429) to work on /home/airflow/.local/lib/python3.8/site-packages/airflow/example_dags/example_external_task_marker_dag.py
[2023-10-11T04:00:21.540+0000] {processor.py:829} INFO - Processing file /home/airflow/.local/lib/python3.8/site-packages/airflow/example_dags/example_external_task_marker_dag.py for tasks to queue
[2023-10-11T04:00:21.543+0000] {logging_mixin.py:151} INFO - [2023-10-11T04:00:21.543+0000] {dagbag.py:539} INFO - Filling up the DagBag from /home/airflow/.local/lib/python3.8/site-packages/airflow/example_dags/example_external_task_marker_dag.py
[2023-10-11T04:00:21.551+0000] {processor.py:839} INFO - DAG(s) dict_keys(['example_external_task_marker_child', 'example_external_task_marker_parent']) retrieved from /home/airflow/.local/lib/python3.8/site-packages/airflow/example_dags/example_external_task_marker_dag.py
[2023-10-11T04:00:21.577+0000] {logging_mixin.py:151} INFO - [2023-10-11T04:00:21.577+0000] {dag.py:2915} INFO - Sync 2 DAGs
[2023-10-11T04:00:21.588+0000] {logging_mixin.py:151} INFO - [2023-10-11T04:00:21.588+0000] {dag.py:3696} INFO - Setting next_dagrun for example_external_task_marker_child to None, run_after=None
[2023-10-11T04:00:21.593+0000] {logging_mixin.py:151} INFO - [2023-10-11T04:00:21.592+0000] {dag.py:3696} INFO - Setting next_dagrun for example_external_task_marker_parent to None, run_after=None
[2023-10-11T04:00:21.614+0000] {processor.py:179} INFO - Processing /home/airflow/.local/lib/python3.8/site-packages/airflow/example_dags/example_external_task_marker_dag.py took 0.079 seconds
[2023-10-11T04:00:51.801+0000] {processor.py:157} INFO - Started process (PID=2486) to work on /home/airflow/.local/lib/python3.8/site-packages/airflow/example_dags/example_external_task_marker_dag.py
[2023-10-11T04:00:51.803+0000] {processor.py:829} INFO - Processing file /home/airflow/.local/lib/python3.8/site-packages/airflow/example_dags/example_external_task_marker_dag.py for tasks to queue
[2023-10-11T04:00:51.806+0000] {logging_mixin.py:151} INFO - [2023-10-11T04:00:51.806+0000] {dagbag.py:539} INFO - Filling up the DagBag from /home/airflow/.local/lib/python3.8/site-packages/airflow/example_dags/example_external_task_marker_dag.py
[2023-10-11T04:00:51.813+0000] {processor.py:839} INFO - DAG(s) dict_keys(['example_external_task_marker_parent', 'example_external_task_marker_child']) retrieved from /home/airflow/.local/lib/python3.8/site-packages/airflow/example_dags/example_external_task_marker_dag.py
[2023-10-11T04:00:51.839+0000] {logging_mixin.py:151} INFO - [2023-10-11T04:00:51.839+0000] {dag.py:2915} INFO - Sync 2 DAGs
[2023-10-11T04:00:51.854+0000] {logging_mixin.py:151} INFO - [2023-10-11T04:00:51.854+0000] {dag.py:3696} INFO - Setting next_dagrun for example_external_task_marker_child to None, run_after=None
[2023-10-11T04:00:51.859+0000] {logging_mixin.py:151} INFO - [2023-10-11T04:00:51.859+0000] {dag.py:3696} INFO - Setting next_dagrun for example_external_task_marker_parent to None, run_after=None
[2023-10-11T04:00:51.885+0000] {processor.py:179} INFO - Processing /home/airflow/.local/lib/python3.8/site-packages/airflow/example_dags/example_external_task_marker_dag.py took 0.088 seconds
[2023-10-11T04:01:22.363+0000] {processor.py:157} INFO - Started process (PID=2543) to work on /home/airflow/.local/lib/python3.8/site-packages/airflow/example_dags/example_external_task_marker_dag.py
[2023-10-11T04:01:22.364+0000] {processor.py:829} INFO - Processing file /home/airflow/.local/lib/python3.8/site-packages/airflow/example_dags/example_external_task_marker_dag.py for tasks to queue
[2023-10-11T04:01:22.366+0000] {logging_mixin.py:151} INFO - [2023-10-11T04:01:22.366+0000] {dagbag.py:539} INFO - Filling up the DagBag from /home/airflow/.local/lib/python3.8/site-packages/airflow/example_dags/example_external_task_marker_dag.py
[2023-10-11T04:01:22.372+0000] {processor.py:839} INFO - DAG(s) dict_keys(['example_external_task_marker_child', 'example_external_task_marker_parent']) retrieved from /home/airflow/.local/lib/python3.8/site-packages/airflow/example_dags/example_external_task_marker_dag.py
[2023-10-11T04:01:22.396+0000] {logging_mixin.py:151} INFO - [2023-10-11T04:01:22.396+0000] {dag.py:2915} INFO - Sync 2 DAGs
[2023-10-11T04:01:22.407+0000] {logging_mixin.py:151} INFO - [2023-10-11T04:01:22.407+0000] {dag.py:3696} INFO - Setting next_dagrun for example_external_task_marker_child to None, run_after=None
[2023-10-11T04:01:22.411+0000] {logging_mixin.py:151} INFO - [2023-10-11T04:01:22.411+0000] {dag.py:3696} INFO - Setting next_dagrun for example_external_task_marker_parent to None, run_after=None
[2023-10-11T04:01:22.431+0000] {processor.py:179} INFO - Processing /home/airflow/.local/lib/python3.8/site-packages/airflow/example_dags/example_external_task_marker_dag.py took 0.071 seconds
[2023-10-11T04:01:53.055+0000] {processor.py:157} INFO - Started process (PID=2600) to work on /home/airflow/.local/lib/python3.8/site-packages/airflow/example_dags/example_external_task_marker_dag.py
[2023-10-11T04:01:53.056+0000] {processor.py:829} INFO - Processing file /home/airflow/.local/lib/python3.8/site-packages/airflow/example_dags/example_external_task_marker_dag.py for tasks to queue
[2023-10-11T04:01:53.059+0000] {logging_mixin.py:151} INFO - [2023-10-11T04:01:53.059+0000] {dagbag.py:539} INFO - Filling up the DagBag from /home/airflow/.local/lib/python3.8/site-packages/airflow/example_dags/example_external_task_marker_dag.py
[2023-10-11T04:01:53.066+0000] {processor.py:839} INFO - DAG(s) dict_keys(['example_external_task_marker_parent', 'example_external_task_marker_child']) retrieved from /home/airflow/.local/lib/python3.8/site-packages/airflow/example_dags/example_external_task_marker_dag.py
[2023-10-11T04:01:53.093+0000] {logging_mixin.py:151} INFO - [2023-10-11T04:01:53.093+0000] {dag.py:2915} INFO - Sync 2 DAGs
[2023-10-11T04:01:53.104+0000] {logging_mixin.py:151} INFO - [2023-10-11T04:01:53.103+0000] {dag.py:3696} INFO - Setting next_dagrun for example_external_task_marker_child to None, run_after=None
[2023-10-11T04:01:53.108+0000] {logging_mixin.py:151} INFO - [2023-10-11T04:01:53.108+0000] {dag.py:3696} INFO - Setting next_dagrun for example_external_task_marker_parent to None, run_after=None
[2023-10-11T04:01:53.126+0000] {processor.py:179} INFO - Processing /home/airflow/.local/lib/python3.8/site-packages/airflow/example_dags/example_external_task_marker_dag.py took 0.075 seconds
[2023-10-11T04:02:23.851+0000] {processor.py:157} INFO - Started process (PID=2657) to work on /home/airflow/.local/lib/python3.8/site-packages/airflow/example_dags/example_external_task_marker_dag.py
[2023-10-11T04:02:23.853+0000] {processor.py:829} INFO - Processing file /home/airflow/.local/lib/python3.8/site-packages/airflow/example_dags/example_external_task_marker_dag.py for tasks to queue
[2023-10-11T04:02:23.856+0000] {logging_mixin.py:151} INFO - [2023-10-11T04:02:23.855+0000] {dagbag.py:539} INFO - Filling up the DagBag from /home/airflow/.local/lib/python3.8/site-packages/airflow/example_dags/example_external_task_marker_dag.py
[2023-10-11T04:02:23.863+0000] {processor.py:839} INFO - DAG(s) dict_keys(['example_external_task_marker_parent', 'example_external_task_marker_child']) retrieved from /home/airflow/.local/lib/python3.8/site-packages/airflow/example_dags/example_external_task_marker_dag.py
[2023-10-11T04:02:23.895+0000] {logging_mixin.py:151} INFO - [2023-10-11T04:02:23.895+0000] {dag.py:2915} INFO - Sync 2 DAGs
[2023-10-11T04:02:23.909+0000] {logging_mixin.py:151} INFO - [2023-10-11T04:02:23.909+0000] {dag.py:3696} INFO - Setting next_dagrun for example_external_task_marker_child to None, run_after=None
[2023-10-11T04:02:23.913+0000] {logging_mixin.py:151} INFO - [2023-10-11T04:02:23.913+0000] {dag.py:3696} INFO - Setting next_dagrun for example_external_task_marker_parent to None, run_after=None
[2023-10-11T04:02:23.931+0000] {processor.py:179} INFO - Processing /home/airflow/.local/lib/python3.8/site-packages/airflow/example_dags/example_external_task_marker_dag.py took 0.084 seconds
[2023-10-11T04:02:54.759+0000] {processor.py:157} INFO - Started process (PID=2714) to work on /home/airflow/.local/lib/python3.8/site-packages/airflow/example_dags/example_external_task_marker_dag.py
[2023-10-11T04:02:54.761+0000] {processor.py:829} INFO - Processing file /home/airflow/.local/lib/python3.8/site-packages/airflow/example_dags/example_external_task_marker_dag.py for tasks to queue
[2023-10-11T04:02:54.763+0000] {logging_mixin.py:151} INFO - [2023-10-11T04:02:54.763+0000] {dagbag.py:539} INFO - Filling up the DagBag from /home/airflow/.local/lib/python3.8/site-packages/airflow/example_dags/example_external_task_marker_dag.py
[2023-10-11T04:02:54.768+0000] {processor.py:839} INFO - DAG(s) dict_keys(['example_external_task_marker_parent', 'example_external_task_marker_child']) retrieved from /home/airflow/.local/lib/python3.8/site-packages/airflow/example_dags/example_external_task_marker_dag.py
[2023-10-11T04:02:54.792+0000] {logging_mixin.py:151} INFO - [2023-10-11T04:02:54.792+0000] {dag.py:2915} INFO - Sync 2 DAGs
[2023-10-11T04:02:54.803+0000] {logging_mixin.py:151} INFO - [2023-10-11T04:02:54.803+0000] {dag.py:3696} INFO - Setting next_dagrun for example_external_task_marker_child to None, run_after=None
[2023-10-11T04:02:54.807+0000] {logging_mixin.py:151} INFO - [2023-10-11T04:02:54.806+0000] {dag.py:3696} INFO - Setting next_dagrun for example_external_task_marker_parent to None, run_after=None
[2023-10-11T04:02:54.827+0000] {processor.py:179} INFO - Processing /home/airflow/.local/lib/python3.8/site-packages/airflow/example_dags/example_external_task_marker_dag.py took 0.071 seconds
[2023-10-11T04:03:25.260+0000] {processor.py:157} INFO - Started process (PID=2771) to work on /home/airflow/.local/lib/python3.8/site-packages/airflow/example_dags/example_external_task_marker_dag.py
[2023-10-11T04:03:25.262+0000] {processor.py:829} INFO - Processing file /home/airflow/.local/lib/python3.8/site-packages/airflow/example_dags/example_external_task_marker_dag.py for tasks to queue
[2023-10-11T04:03:25.264+0000] {logging_mixin.py:151} INFO - [2023-10-11T04:03:25.264+0000] {dagbag.py:539} INFO - Filling up the DagBag from /home/airflow/.local/lib/python3.8/site-packages/airflow/example_dags/example_external_task_marker_dag.py
[2023-10-11T04:03:25.271+0000] {processor.py:839} INFO - DAG(s) dict_keys(['example_external_task_marker_child', 'example_external_task_marker_parent']) retrieved from /home/airflow/.local/lib/python3.8/site-packages/airflow/example_dags/example_external_task_marker_dag.py
[2023-10-11T04:03:25.296+0000] {logging_mixin.py:151} INFO - [2023-10-11T04:03:25.296+0000] {dag.py:2915} INFO - Sync 2 DAGs
[2023-10-11T04:03:25.313+0000] {logging_mixin.py:151} INFO - [2023-10-11T04:03:25.313+0000] {dag.py:3696} INFO - Setting next_dagrun for example_external_task_marker_child to None, run_after=None
[2023-10-11T04:03:25.320+0000] {logging_mixin.py:151} INFO - [2023-10-11T04:03:25.319+0000] {dag.py:3696} INFO - Setting next_dagrun for example_external_task_marker_parent to None, run_after=None
[2023-10-11T04:03:25.341+0000] {processor.py:179} INFO - Processing /home/airflow/.local/lib/python3.8/site-packages/airflow/example_dags/example_external_task_marker_dag.py took 0.084 seconds
[2023-10-11T04:03:55.931+0000] {processor.py:157} INFO - Started process (PID=2832) to work on /home/airflow/.local/lib/python3.8/site-packages/airflow/example_dags/example_external_task_marker_dag.py
[2023-10-11T04:03:55.932+0000] {processor.py:829} INFO - Processing file /home/airflow/.local/lib/python3.8/site-packages/airflow/example_dags/example_external_task_marker_dag.py for tasks to queue
[2023-10-11T04:03:55.936+0000] {logging_mixin.py:151} INFO - [2023-10-11T04:03:55.935+0000] {dagbag.py:539} INFO - Filling up the DagBag from /home/airflow/.local/lib/python3.8/site-packages/airflow/example_dags/example_external_task_marker_dag.py
[2023-10-11T04:03:55.944+0000] {processor.py:839} INFO - DAG(s) dict_keys(['example_external_task_marker_child', 'example_external_task_marker_parent']) retrieved from /home/airflow/.local/lib/python3.8/site-packages/airflow/example_dags/example_external_task_marker_dag.py
[2023-10-11T04:03:55.975+0000] {logging_mixin.py:151} INFO - [2023-10-11T04:03:55.974+0000] {dag.py:2915} INFO - Sync 2 DAGs
[2023-10-11T04:03:55.988+0000] {logging_mixin.py:151} INFO - [2023-10-11T04:03:55.988+0000] {dag.py:3696} INFO - Setting next_dagrun for example_external_task_marker_child to None, run_after=None
[2023-10-11T04:03:55.993+0000] {logging_mixin.py:151} INFO - [2023-10-11T04:03:55.993+0000] {dag.py:3696} INFO - Setting next_dagrun for example_external_task_marker_parent to None, run_after=None
[2023-10-11T04:03:56.019+0000] {processor.py:179} INFO - Processing /home/airflow/.local/lib/python3.8/site-packages/airflow/example_dags/example_external_task_marker_dag.py took 0.093 seconds
[2023-10-11T04:04:26.092+0000] {processor.py:157} INFO - Started process (PID=2896) to work on /home/airflow/.local/lib/python3.8/site-packages/airflow/example_dags/example_external_task_marker_dag.py
[2023-10-11T04:04:26.093+0000] {processor.py:829} INFO - Processing file /home/airflow/.local/lib/python3.8/site-packages/airflow/example_dags/example_external_task_marker_dag.py for tasks to queue
[2023-10-11T04:04:26.097+0000] {logging_mixin.py:151} INFO - [2023-10-11T04:04:26.096+0000] {dagbag.py:539} INFO - Filling up the DagBag from /home/airflow/.local/lib/python3.8/site-packages/airflow/example_dags/example_external_task_marker_dag.py
[2023-10-11T04:04:26.103+0000] {processor.py:839} INFO - DAG(s) dict_keys(['example_external_task_marker_parent', 'example_external_task_marker_child']) retrieved from /home/airflow/.local/lib/python3.8/site-packages/airflow/example_dags/example_external_task_marker_dag.py
[2023-10-11T04:04:26.130+0000] {logging_mixin.py:151} INFO - [2023-10-11T04:04:26.130+0000] {dag.py:2915} INFO - Sync 2 DAGs
[2023-10-11T04:04:26.145+0000] {logging_mixin.py:151} INFO - [2023-10-11T04:04:26.145+0000] {dag.py:3696} INFO - Setting next_dagrun for example_external_task_marker_child to None, run_after=None
[2023-10-11T04:04:26.149+0000] {logging_mixin.py:151} INFO - [2023-10-11T04:04:26.149+0000] {dag.py:3696} INFO - Setting next_dagrun for example_external_task_marker_parent to None, run_after=None
[2023-10-11T04:04:26.169+0000] {processor.py:179} INFO - Processing /home/airflow/.local/lib/python3.8/site-packages/airflow/example_dags/example_external_task_marker_dag.py took 0.080 seconds
