[2023-10-11T03:39:27.553+0000] {processor.py:157} INFO - Started process (PID=57) to work on /home/airflow/.local/lib/python3.8/site-packages/airflow/example_dags/example_trigger_target_dag.py
[2023-10-11T03:39:27.555+0000] {processor.py:829} INFO - Processing file /home/airflow/.local/lib/python3.8/site-packages/airflow/example_dags/example_trigger_target_dag.py for tasks to queue
[2023-10-11T03:39:27.559+0000] {logging_mixin.py:151} INFO - [2023-10-11T03:39:27.559+0000] {dagbag.py:539} INFO - Filling up the DagBag from /home/airflow/.local/lib/python3.8/site-packages/airflow/example_dags/example_trigger_target_dag.py
[2023-10-11T03:39:27.569+0000] {processor.py:839} INFO - DAG(s) dict_keys(['example_trigger_target_dag']) retrieved from /home/airflow/.local/lib/python3.8/site-packages/airflow/example_dags/example_trigger_target_dag.py
[2023-10-11T03:39:27.612+0000] {logging_mixin.py:151} INFO - [2023-10-11T03:39:27.611+0000] {dag.py:2915} INFO - Sync 1 DAGs
[2023-10-11T03:39:27.629+0000] {logging_mixin.py:151} INFO - [2023-10-11T03:39:27.629+0000] {dag.py:3696} INFO - Setting next_dagrun for example_trigger_target_dag to None, run_after=None
[2023-10-11T03:39:27.661+0000] {processor.py:179} INFO - Processing /home/airflow/.local/lib/python3.8/site-packages/airflow/example_dags/example_trigger_target_dag.py took 0.112 seconds
[2023-10-11T03:39:58.611+0000] {processor.py:157} INFO - Started process (PID=114) to work on /home/airflow/.local/lib/python3.8/site-packages/airflow/example_dags/example_trigger_target_dag.py
[2023-10-11T03:39:58.614+0000] {processor.py:829} INFO - Processing file /home/airflow/.local/lib/python3.8/site-packages/airflow/example_dags/example_trigger_target_dag.py for tasks to queue
[2023-10-11T03:39:58.617+0000] {logging_mixin.py:151} INFO - [2023-10-11T03:39:58.616+0000] {dagbag.py:539} INFO - Filling up the DagBag from /home/airflow/.local/lib/python3.8/site-packages/airflow/example_dags/example_trigger_target_dag.py
[2023-10-11T03:39:58.622+0000] {processor.py:839} INFO - DAG(s) dict_keys(['example_trigger_target_dag']) retrieved from /home/airflow/.local/lib/python3.8/site-packages/airflow/example_dags/example_trigger_target_dag.py
[2023-10-11T03:39:58.643+0000] {logging_mixin.py:151} INFO - [2023-10-11T03:39:58.643+0000] {dag.py:2915} INFO - Sync 1 DAGs
[2023-10-11T03:39:58.657+0000] {logging_mixin.py:151} INFO - [2023-10-11T03:39:58.657+0000] {dag.py:3696} INFO - Setting next_dagrun for example_trigger_target_dag to None, run_after=None
[2023-10-11T03:39:58.675+0000] {processor.py:179} INFO - Processing /home/airflow/.local/lib/python3.8/site-packages/airflow/example_dags/example_trigger_target_dag.py took 0.067 seconds
[2023-10-11T03:40:29.120+0000] {processor.py:157} INFO - Started process (PID=171) to work on /home/airflow/.local/lib/python3.8/site-packages/airflow/example_dags/example_trigger_target_dag.py
[2023-10-11T03:40:29.122+0000] {processor.py:829} INFO - Processing file /home/airflow/.local/lib/python3.8/site-packages/airflow/example_dags/example_trigger_target_dag.py for tasks to queue
[2023-10-11T03:40:29.124+0000] {logging_mixin.py:151} INFO - [2023-10-11T03:40:29.124+0000] {dagbag.py:539} INFO - Filling up the DagBag from /home/airflow/.local/lib/python3.8/site-packages/airflow/example_dags/example_trigger_target_dag.py
[2023-10-11T03:40:29.130+0000] {processor.py:839} INFO - DAG(s) dict_keys(['example_trigger_target_dag']) retrieved from /home/airflow/.local/lib/python3.8/site-packages/airflow/example_dags/example_trigger_target_dag.py
[2023-10-11T03:40:29.153+0000] {logging_mixin.py:151} INFO - [2023-10-11T03:40:29.153+0000] {dag.py:2915} INFO - Sync 1 DAGs
[2023-10-11T03:40:29.164+0000] {logging_mixin.py:151} INFO - [2023-10-11T03:40:29.164+0000] {dag.py:3696} INFO - Setting next_dagrun for example_trigger_target_dag to None, run_after=None
[2023-10-11T03:40:29.183+0000] {processor.py:179} INFO - Processing /home/airflow/.local/lib/python3.8/site-packages/airflow/example_dags/example_trigger_target_dag.py took 0.067 seconds
[2023-10-11T03:40:59.704+0000] {processor.py:157} INFO - Started process (PID=228) to work on /home/airflow/.local/lib/python3.8/site-packages/airflow/example_dags/example_trigger_target_dag.py
[2023-10-11T03:40:59.706+0000] {processor.py:829} INFO - Processing file /home/airflow/.local/lib/python3.8/site-packages/airflow/example_dags/example_trigger_target_dag.py for tasks to queue
[2023-10-11T03:40:59.710+0000] {logging_mixin.py:151} INFO - [2023-10-11T03:40:59.709+0000] {dagbag.py:539} INFO - Filling up the DagBag from /home/airflow/.local/lib/python3.8/site-packages/airflow/example_dags/example_trigger_target_dag.py
[2023-10-11T03:40:59.716+0000] {processor.py:839} INFO - DAG(s) dict_keys(['example_trigger_target_dag']) retrieved from /home/airflow/.local/lib/python3.8/site-packages/airflow/example_dags/example_trigger_target_dag.py
[2023-10-11T03:40:59.744+0000] {logging_mixin.py:151} INFO - [2023-10-11T03:40:59.744+0000] {dag.py:2915} INFO - Sync 1 DAGs
[2023-10-11T03:40:59.761+0000] {logging_mixin.py:151} INFO - [2023-10-11T03:40:59.760+0000] {dag.py:3696} INFO - Setting next_dagrun for example_trigger_target_dag to None, run_after=None
[2023-10-11T03:40:59.800+0000] {processor.py:179} INFO - Processing /home/airflow/.local/lib/python3.8/site-packages/airflow/example_dags/example_trigger_target_dag.py took 0.100 seconds
[2023-10-11T03:41:29.968+0000] {processor.py:157} INFO - Started process (PID=285) to work on /home/airflow/.local/lib/python3.8/site-packages/airflow/example_dags/example_trigger_target_dag.py
[2023-10-11T03:41:29.971+0000] {processor.py:829} INFO - Processing file /home/airflow/.local/lib/python3.8/site-packages/airflow/example_dags/example_trigger_target_dag.py for tasks to queue
[2023-10-11T03:41:29.974+0000] {logging_mixin.py:151} INFO - [2023-10-11T03:41:29.974+0000] {dagbag.py:539} INFO - Filling up the DagBag from /home/airflow/.local/lib/python3.8/site-packages/airflow/example_dags/example_trigger_target_dag.py
[2023-10-11T03:41:29.981+0000] {processor.py:839} INFO - DAG(s) dict_keys(['example_trigger_target_dag']) retrieved from /home/airflow/.local/lib/python3.8/site-packages/airflow/example_dags/example_trigger_target_dag.py
[2023-10-11T03:41:30.013+0000] {logging_mixin.py:151} INFO - [2023-10-11T03:41:30.013+0000] {dag.py:2915} INFO - Sync 1 DAGs
[2023-10-11T03:41:30.031+0000] {logging_mixin.py:151} INFO - [2023-10-11T03:41:30.031+0000] {dag.py:3696} INFO - Setting next_dagrun for example_trigger_target_dag to None, run_after=None
[2023-10-11T03:41:30.069+0000] {processor.py:179} INFO - Processing /home/airflow/.local/lib/python3.8/site-packages/airflow/example_dags/example_trigger_target_dag.py took 0.107 seconds
[2023-10-11T03:42:00.182+0000] {processor.py:157} INFO - Started process (PID=342) to work on /home/airflow/.local/lib/python3.8/site-packages/airflow/example_dags/example_trigger_target_dag.py
[2023-10-11T03:42:00.186+0000] {processor.py:829} INFO - Processing file /home/airflow/.local/lib/python3.8/site-packages/airflow/example_dags/example_trigger_target_dag.py for tasks to queue
[2023-10-11T03:42:00.192+0000] {logging_mixin.py:151} INFO - [2023-10-11T03:42:00.191+0000] {dagbag.py:539} INFO - Filling up the DagBag from /home/airflow/.local/lib/python3.8/site-packages/airflow/example_dags/example_trigger_target_dag.py
[2023-10-11T03:42:00.203+0000] {processor.py:839} INFO - DAG(s) dict_keys(['example_trigger_target_dag']) retrieved from /home/airflow/.local/lib/python3.8/site-packages/airflow/example_dags/example_trigger_target_dag.py
[2023-10-11T03:42:00.242+0000] {logging_mixin.py:151} INFO - [2023-10-11T03:42:00.242+0000] {dag.py:2915} INFO - Sync 1 DAGs
[2023-10-11T03:42:00.256+0000] {logging_mixin.py:151} INFO - [2023-10-11T03:42:00.256+0000] {dag.py:3696} INFO - Setting next_dagrun for example_trigger_target_dag to None, run_after=None
[2023-10-11T03:42:00.288+0000] {processor.py:179} INFO - Processing /home/airflow/.local/lib/python3.8/site-packages/airflow/example_dags/example_trigger_target_dag.py took 0.113 seconds
[2023-10-11T03:42:30.970+0000] {processor.py:157} INFO - Started process (PID=399) to work on /home/airflow/.local/lib/python3.8/site-packages/airflow/example_dags/example_trigger_target_dag.py
[2023-10-11T03:42:30.972+0000] {processor.py:829} INFO - Processing file /home/airflow/.local/lib/python3.8/site-packages/airflow/example_dags/example_trigger_target_dag.py for tasks to queue
[2023-10-11T03:42:30.975+0000] {logging_mixin.py:151} INFO - [2023-10-11T03:42:30.975+0000] {dagbag.py:539} INFO - Filling up the DagBag from /home/airflow/.local/lib/python3.8/site-packages/airflow/example_dags/example_trigger_target_dag.py
[2023-10-11T03:42:30.982+0000] {processor.py:839} INFO - DAG(s) dict_keys(['example_trigger_target_dag']) retrieved from /home/airflow/.local/lib/python3.8/site-packages/airflow/example_dags/example_trigger_target_dag.py
[2023-10-11T03:42:31.006+0000] {logging_mixin.py:151} INFO - [2023-10-11T03:42:31.006+0000] {dag.py:2915} INFO - Sync 1 DAGs
[2023-10-11T03:42:31.020+0000] {logging_mixin.py:151} INFO - [2023-10-11T03:42:31.019+0000] {dag.py:3696} INFO - Setting next_dagrun for example_trigger_target_dag to None, run_after=None
[2023-10-11T03:42:31.047+0000] {processor.py:179} INFO - Processing /home/airflow/.local/lib/python3.8/site-packages/airflow/example_dags/example_trigger_target_dag.py took 0.081 seconds
[2023-10-11T03:43:01.173+0000] {processor.py:157} INFO - Started process (PID=455) to work on /home/airflow/.local/lib/python3.8/site-packages/airflow/example_dags/example_trigger_target_dag.py
[2023-10-11T03:43:01.175+0000] {processor.py:829} INFO - Processing file /home/airflow/.local/lib/python3.8/site-packages/airflow/example_dags/example_trigger_target_dag.py for tasks to queue
[2023-10-11T03:43:01.177+0000] {logging_mixin.py:151} INFO - [2023-10-11T03:43:01.177+0000] {dagbag.py:539} INFO - Filling up the DagBag from /home/airflow/.local/lib/python3.8/site-packages/airflow/example_dags/example_trigger_target_dag.py
[2023-10-11T03:43:01.182+0000] {processor.py:839} INFO - DAG(s) dict_keys(['example_trigger_target_dag']) retrieved from /home/airflow/.local/lib/python3.8/site-packages/airflow/example_dags/example_trigger_target_dag.py
[2023-10-11T03:43:01.214+0000] {logging_mixin.py:151} INFO - [2023-10-11T03:43:01.214+0000] {dag.py:2915} INFO - Sync 1 DAGs
[2023-10-11T03:43:01.231+0000] {logging_mixin.py:151} INFO - [2023-10-11T03:43:01.231+0000] {dag.py:3696} INFO - Setting next_dagrun for example_trigger_target_dag to None, run_after=None
[2023-10-11T03:43:01.272+0000] {processor.py:179} INFO - Processing /home/airflow/.local/lib/python3.8/site-packages/airflow/example_dags/example_trigger_target_dag.py took 0.103 seconds
[2023-10-11T03:43:31.341+0000] {processor.py:157} INFO - Started process (PID=511) to work on /home/airflow/.local/lib/python3.8/site-packages/airflow/example_dags/example_trigger_target_dag.py
[2023-10-11T03:43:31.342+0000] {processor.py:829} INFO - Processing file /home/airflow/.local/lib/python3.8/site-packages/airflow/example_dags/example_trigger_target_dag.py for tasks to queue
[2023-10-11T03:43:31.345+0000] {logging_mixin.py:151} INFO - [2023-10-11T03:43:31.344+0000] {dagbag.py:539} INFO - Filling up the DagBag from /home/airflow/.local/lib/python3.8/site-packages/airflow/example_dags/example_trigger_target_dag.py
[2023-10-11T03:43:31.351+0000] {processor.py:839} INFO - DAG(s) dict_keys(['example_trigger_target_dag']) retrieved from /home/airflow/.local/lib/python3.8/site-packages/airflow/example_dags/example_trigger_target_dag.py
[2023-10-11T03:43:31.371+0000] {logging_mixin.py:151} INFO - [2023-10-11T03:43:31.370+0000] {dag.py:2915} INFO - Sync 1 DAGs
[2023-10-11T03:43:31.383+0000] {logging_mixin.py:151} INFO - [2023-10-11T03:43:31.383+0000] {dag.py:3696} INFO - Setting next_dagrun for example_trigger_target_dag to None, run_after=None
[2023-10-11T03:43:31.408+0000] {processor.py:179} INFO - Processing /home/airflow/.local/lib/python3.8/site-packages/airflow/example_dags/example_trigger_target_dag.py took 0.071 seconds
[2023-10-11T03:44:02.156+0000] {processor.py:157} INFO - Started process (PID=568) to work on /home/airflow/.local/lib/python3.8/site-packages/airflow/example_dags/example_trigger_target_dag.py
[2023-10-11T03:44:02.158+0000] {processor.py:829} INFO - Processing file /home/airflow/.local/lib/python3.8/site-packages/airflow/example_dags/example_trigger_target_dag.py for tasks to queue
[2023-10-11T03:44:02.161+0000] {logging_mixin.py:151} INFO - [2023-10-11T03:44:02.161+0000] {dagbag.py:539} INFO - Filling up the DagBag from /home/airflow/.local/lib/python3.8/site-packages/airflow/example_dags/example_trigger_target_dag.py
[2023-10-11T03:44:02.170+0000] {processor.py:839} INFO - DAG(s) dict_keys(['example_trigger_target_dag']) retrieved from /home/airflow/.local/lib/python3.8/site-packages/airflow/example_dags/example_trigger_target_dag.py
[2023-10-11T03:44:02.200+0000] {logging_mixin.py:151} INFO - [2023-10-11T03:44:02.200+0000] {dag.py:2915} INFO - Sync 1 DAGs
[2023-10-11T03:44:02.217+0000] {logging_mixin.py:151} INFO - [2023-10-11T03:44:02.217+0000] {dag.py:3696} INFO - Setting next_dagrun for example_trigger_target_dag to None, run_after=None
[2023-10-11T03:44:02.243+0000] {processor.py:179} INFO - Processing /home/airflow/.local/lib/python3.8/site-packages/airflow/example_dags/example_trigger_target_dag.py took 0.090 seconds
[2023-10-11T03:44:32.839+0000] {processor.py:157} INFO - Started process (PID=626) to work on /home/airflow/.local/lib/python3.8/site-packages/airflow/example_dags/example_trigger_target_dag.py
[2023-10-11T03:44:32.841+0000] {processor.py:829} INFO - Processing file /home/airflow/.local/lib/python3.8/site-packages/airflow/example_dags/example_trigger_target_dag.py for tasks to queue
[2023-10-11T03:44:32.845+0000] {logging_mixin.py:151} INFO - [2023-10-11T03:44:32.845+0000] {dagbag.py:539} INFO - Filling up the DagBag from /home/airflow/.local/lib/python3.8/site-packages/airflow/example_dags/example_trigger_target_dag.py
[2023-10-11T03:44:32.853+0000] {processor.py:839} INFO - DAG(s) dict_keys(['example_trigger_target_dag']) retrieved from /home/airflow/.local/lib/python3.8/site-packages/airflow/example_dags/example_trigger_target_dag.py
[2023-10-11T03:44:32.877+0000] {logging_mixin.py:151} INFO - [2023-10-11T03:44:32.876+0000] {dag.py:2915} INFO - Sync 1 DAGs
[2023-10-11T03:44:32.890+0000] {logging_mixin.py:151} INFO - [2023-10-11T03:44:32.890+0000] {dag.py:3696} INFO - Setting next_dagrun for example_trigger_target_dag to None, run_after=None
[2023-10-11T03:44:32.912+0000] {processor.py:179} INFO - Processing /home/airflow/.local/lib/python3.8/site-packages/airflow/example_dags/example_trigger_target_dag.py took 0.076 seconds
[2023-10-11T03:45:03.222+0000] {processor.py:157} INFO - Started process (PID=683) to work on /home/airflow/.local/lib/python3.8/site-packages/airflow/example_dags/example_trigger_target_dag.py
[2023-10-11T03:45:03.223+0000] {processor.py:829} INFO - Processing file /home/airflow/.local/lib/python3.8/site-packages/airflow/example_dags/example_trigger_target_dag.py for tasks to queue
[2023-10-11T03:45:03.228+0000] {logging_mixin.py:151} INFO - [2023-10-11T03:45:03.228+0000] {dagbag.py:539} INFO - Filling up the DagBag from /home/airflow/.local/lib/python3.8/site-packages/airflow/example_dags/example_trigger_target_dag.py
[2023-10-11T03:45:03.235+0000] {processor.py:839} INFO - DAG(s) dict_keys(['example_trigger_target_dag']) retrieved from /home/airflow/.local/lib/python3.8/site-packages/airflow/example_dags/example_trigger_target_dag.py
[2023-10-11T03:45:03.260+0000] {logging_mixin.py:151} INFO - [2023-10-11T03:45:03.260+0000] {dag.py:2915} INFO - Sync 1 DAGs
[2023-10-11T03:45:03.271+0000] {logging_mixin.py:151} INFO - [2023-10-11T03:45:03.271+0000] {dag.py:3696} INFO - Setting next_dagrun for example_trigger_target_dag to None, run_after=None
[2023-10-11T03:45:03.298+0000] {processor.py:179} INFO - Processing /home/airflow/.local/lib/python3.8/site-packages/airflow/example_dags/example_trigger_target_dag.py took 0.082 seconds
[2023-10-11T03:45:33.760+0000] {processor.py:157} INFO - Started process (PID=740) to work on /home/airflow/.local/lib/python3.8/site-packages/airflow/example_dags/example_trigger_target_dag.py
[2023-10-11T03:45:33.762+0000] {processor.py:829} INFO - Processing file /home/airflow/.local/lib/python3.8/site-packages/airflow/example_dags/example_trigger_target_dag.py for tasks to queue
[2023-10-11T03:45:33.766+0000] {logging_mixin.py:151} INFO - [2023-10-11T03:45:33.765+0000] {dagbag.py:539} INFO - Filling up the DagBag from /home/airflow/.local/lib/python3.8/site-packages/airflow/example_dags/example_trigger_target_dag.py
[2023-10-11T03:45:33.774+0000] {processor.py:839} INFO - DAG(s) dict_keys(['example_trigger_target_dag']) retrieved from /home/airflow/.local/lib/python3.8/site-packages/airflow/example_dags/example_trigger_target_dag.py
[2023-10-11T03:45:33.798+0000] {logging_mixin.py:151} INFO - [2023-10-11T03:45:33.798+0000] {dag.py:2915} INFO - Sync 1 DAGs
[2023-10-11T03:45:33.812+0000] {logging_mixin.py:151} INFO - [2023-10-11T03:45:33.811+0000] {dag.py:3696} INFO - Setting next_dagrun for example_trigger_target_dag to None, run_after=None
[2023-10-11T03:45:33.831+0000] {processor.py:179} INFO - Processing /home/airflow/.local/lib/python3.8/site-packages/airflow/example_dags/example_trigger_target_dag.py took 0.074 seconds
[2023-10-11T03:46:04.133+0000] {processor.py:157} INFO - Started process (PID=797) to work on /home/airflow/.local/lib/python3.8/site-packages/airflow/example_dags/example_trigger_target_dag.py
[2023-10-11T03:46:04.135+0000] {processor.py:829} INFO - Processing file /home/airflow/.local/lib/python3.8/site-packages/airflow/example_dags/example_trigger_target_dag.py for tasks to queue
[2023-10-11T03:46:04.137+0000] {logging_mixin.py:151} INFO - [2023-10-11T03:46:04.137+0000] {dagbag.py:539} INFO - Filling up the DagBag from /home/airflow/.local/lib/python3.8/site-packages/airflow/example_dags/example_trigger_target_dag.py
[2023-10-11T03:46:04.143+0000] {processor.py:839} INFO - DAG(s) dict_keys(['example_trigger_target_dag']) retrieved from /home/airflow/.local/lib/python3.8/site-packages/airflow/example_dags/example_trigger_target_dag.py
[2023-10-11T03:46:04.162+0000] {logging_mixin.py:151} INFO - [2023-10-11T03:46:04.162+0000] {dag.py:2915} INFO - Sync 1 DAGs
[2023-10-11T03:46:04.173+0000] {logging_mixin.py:151} INFO - [2023-10-11T03:46:04.173+0000] {dag.py:3696} INFO - Setting next_dagrun for example_trigger_target_dag to None, run_after=None
[2023-10-11T03:46:04.193+0000] {processor.py:179} INFO - Processing /home/airflow/.local/lib/python3.8/site-packages/airflow/example_dags/example_trigger_target_dag.py took 0.064 seconds
[2023-10-11T03:46:34.675+0000] {processor.py:157} INFO - Started process (PID=854) to work on /home/airflow/.local/lib/python3.8/site-packages/airflow/example_dags/example_trigger_target_dag.py
[2023-10-11T03:46:34.676+0000] {processor.py:829} INFO - Processing file /home/airflow/.local/lib/python3.8/site-packages/airflow/example_dags/example_trigger_target_dag.py for tasks to queue
[2023-10-11T03:46:34.678+0000] {logging_mixin.py:151} INFO - [2023-10-11T03:46:34.678+0000] {dagbag.py:539} INFO - Filling up the DagBag from /home/airflow/.local/lib/python3.8/site-packages/airflow/example_dags/example_trigger_target_dag.py
[2023-10-11T03:46:34.683+0000] {processor.py:839} INFO - DAG(s) dict_keys(['example_trigger_target_dag']) retrieved from /home/airflow/.local/lib/python3.8/site-packages/airflow/example_dags/example_trigger_target_dag.py
[2023-10-11T03:46:34.704+0000] {logging_mixin.py:151} INFO - [2023-10-11T03:46:34.704+0000] {dag.py:2915} INFO - Sync 1 DAGs
[2023-10-11T03:46:34.714+0000] {logging_mixin.py:151} INFO - [2023-10-11T03:46:34.714+0000] {dag.py:3696} INFO - Setting next_dagrun for example_trigger_target_dag to None, run_after=None
[2023-10-11T03:46:34.733+0000] {processor.py:179} INFO - Processing /home/airflow/.local/lib/python3.8/site-packages/airflow/example_dags/example_trigger_target_dag.py took 0.061 seconds
[2023-10-11T03:47:05.502+0000] {processor.py:157} INFO - Started process (PID=911) to work on /home/airflow/.local/lib/python3.8/site-packages/airflow/example_dags/example_trigger_target_dag.py
[2023-10-11T03:47:05.504+0000] {processor.py:829} INFO - Processing file /home/airflow/.local/lib/python3.8/site-packages/airflow/example_dags/example_trigger_target_dag.py for tasks to queue
[2023-10-11T03:47:05.507+0000] {logging_mixin.py:151} INFO - [2023-10-11T03:47:05.507+0000] {dagbag.py:539} INFO - Filling up the DagBag from /home/airflow/.local/lib/python3.8/site-packages/airflow/example_dags/example_trigger_target_dag.py
[2023-10-11T03:47:05.515+0000] {processor.py:839} INFO - DAG(s) dict_keys(['example_trigger_target_dag']) retrieved from /home/airflow/.local/lib/python3.8/site-packages/airflow/example_dags/example_trigger_target_dag.py
[2023-10-11T03:47:05.546+0000] {logging_mixin.py:151} INFO - [2023-10-11T03:47:05.546+0000] {dag.py:2915} INFO - Sync 1 DAGs
[2023-10-11T03:47:05.564+0000] {logging_mixin.py:151} INFO - [2023-10-11T03:47:05.564+0000] {dag.py:3696} INFO - Setting next_dagrun for example_trigger_target_dag to None, run_after=None
[2023-10-11T03:47:05.584+0000] {processor.py:179} INFO - Processing /home/airflow/.local/lib/python3.8/site-packages/airflow/example_dags/example_trigger_target_dag.py took 0.086 seconds
[2023-10-11T03:47:35.690+0000] {processor.py:157} INFO - Started process (PID=968) to work on /home/airflow/.local/lib/python3.8/site-packages/airflow/example_dags/example_trigger_target_dag.py
[2023-10-11T03:47:35.692+0000] {processor.py:829} INFO - Processing file /home/airflow/.local/lib/python3.8/site-packages/airflow/example_dags/example_trigger_target_dag.py for tasks to queue
[2023-10-11T03:47:35.694+0000] {logging_mixin.py:151} INFO - [2023-10-11T03:47:35.694+0000] {dagbag.py:539} INFO - Filling up the DagBag from /home/airflow/.local/lib/python3.8/site-packages/airflow/example_dags/example_trigger_target_dag.py
[2023-10-11T03:47:35.700+0000] {processor.py:839} INFO - DAG(s) dict_keys(['example_trigger_target_dag']) retrieved from /home/airflow/.local/lib/python3.8/site-packages/airflow/example_dags/example_trigger_target_dag.py
[2023-10-11T03:47:35.725+0000] {logging_mixin.py:151} INFO - [2023-10-11T03:47:35.724+0000] {dag.py:2915} INFO - Sync 1 DAGs
[2023-10-11T03:47:35.740+0000] {logging_mixin.py:151} INFO - [2023-10-11T03:47:35.740+0000] {dag.py:3696} INFO - Setting next_dagrun for example_trigger_target_dag to None, run_after=None
[2023-10-11T03:47:35.766+0000] {processor.py:179} INFO - Processing /home/airflow/.local/lib/python3.8/site-packages/airflow/example_dags/example_trigger_target_dag.py took 0.078 seconds
[2023-10-11T03:48:06.028+0000] {processor.py:157} INFO - Started process (PID=1025) to work on /home/airflow/.local/lib/python3.8/site-packages/airflow/example_dags/example_trigger_target_dag.py
[2023-10-11T03:48:06.030+0000] {processor.py:829} INFO - Processing file /home/airflow/.local/lib/python3.8/site-packages/airflow/example_dags/example_trigger_target_dag.py for tasks to queue
[2023-10-11T03:48:06.032+0000] {logging_mixin.py:151} INFO - [2023-10-11T03:48:06.032+0000] {dagbag.py:539} INFO - Filling up the DagBag from /home/airflow/.local/lib/python3.8/site-packages/airflow/example_dags/example_trigger_target_dag.py
[2023-10-11T03:48:06.037+0000] {processor.py:839} INFO - DAG(s) dict_keys(['example_trigger_target_dag']) retrieved from /home/airflow/.local/lib/python3.8/site-packages/airflow/example_dags/example_trigger_target_dag.py
[2023-10-11T03:48:06.062+0000] {logging_mixin.py:151} INFO - [2023-10-11T03:48:06.062+0000] {dag.py:2915} INFO - Sync 1 DAGs
[2023-10-11T03:48:06.072+0000] {logging_mixin.py:151} INFO - [2023-10-11T03:48:06.072+0000] {dag.py:3696} INFO - Setting next_dagrun for example_trigger_target_dag to None, run_after=None
[2023-10-11T03:48:06.098+0000] {processor.py:179} INFO - Processing /home/airflow/.local/lib/python3.8/site-packages/airflow/example_dags/example_trigger_target_dag.py took 0.073 seconds
[2023-10-11T03:48:36.654+0000] {processor.py:157} INFO - Started process (PID=1082) to work on /home/airflow/.local/lib/python3.8/site-packages/airflow/example_dags/example_trigger_target_dag.py
[2023-10-11T03:48:36.656+0000] {processor.py:829} INFO - Processing file /home/airflow/.local/lib/python3.8/site-packages/airflow/example_dags/example_trigger_target_dag.py for tasks to queue
[2023-10-11T03:48:36.661+0000] {logging_mixin.py:151} INFO - [2023-10-11T03:48:36.660+0000] {dagbag.py:539} INFO - Filling up the DagBag from /home/airflow/.local/lib/python3.8/site-packages/airflow/example_dags/example_trigger_target_dag.py
[2023-10-11T03:48:36.670+0000] {processor.py:839} INFO - DAG(s) dict_keys(['example_trigger_target_dag']) retrieved from /home/airflow/.local/lib/python3.8/site-packages/airflow/example_dags/example_trigger_target_dag.py
[2023-10-11T03:48:36.692+0000] {logging_mixin.py:151} INFO - [2023-10-11T03:48:36.692+0000] {dag.py:2915} INFO - Sync 1 DAGs
[2023-10-11T03:48:36.702+0000] {logging_mixin.py:151} INFO - [2023-10-11T03:48:36.702+0000] {dag.py:3696} INFO - Setting next_dagrun for example_trigger_target_dag to None, run_after=None
[2023-10-11T03:48:36.723+0000] {processor.py:179} INFO - Processing /home/airflow/.local/lib/python3.8/site-packages/airflow/example_dags/example_trigger_target_dag.py took 0.073 seconds
[2023-10-11T03:49:07.186+0000] {processor.py:157} INFO - Started process (PID=1139) to work on /home/airflow/.local/lib/python3.8/site-packages/airflow/example_dags/example_trigger_target_dag.py
[2023-10-11T03:49:07.187+0000] {processor.py:829} INFO - Processing file /home/airflow/.local/lib/python3.8/site-packages/airflow/example_dags/example_trigger_target_dag.py for tasks to queue
[2023-10-11T03:49:07.190+0000] {logging_mixin.py:151} INFO - [2023-10-11T03:49:07.189+0000] {dagbag.py:539} INFO - Filling up the DagBag from /home/airflow/.local/lib/python3.8/site-packages/airflow/example_dags/example_trigger_target_dag.py
[2023-10-11T03:49:07.197+0000] {processor.py:839} INFO - DAG(s) dict_keys(['example_trigger_target_dag']) retrieved from /home/airflow/.local/lib/python3.8/site-packages/airflow/example_dags/example_trigger_target_dag.py
[2023-10-11T03:49:07.219+0000] {logging_mixin.py:151} INFO - [2023-10-11T03:49:07.219+0000] {dag.py:2915} INFO - Sync 1 DAGs
[2023-10-11T03:49:07.232+0000] {logging_mixin.py:151} INFO - [2023-10-11T03:49:07.232+0000] {dag.py:3696} INFO - Setting next_dagrun for example_trigger_target_dag to None, run_after=None
[2023-10-11T03:49:07.251+0000] {processor.py:179} INFO - Processing /home/airflow/.local/lib/python3.8/site-packages/airflow/example_dags/example_trigger_target_dag.py took 0.068 seconds
[2023-10-11T03:49:37.355+0000] {processor.py:157} INFO - Started process (PID=1196) to work on /home/airflow/.local/lib/python3.8/site-packages/airflow/example_dags/example_trigger_target_dag.py
[2023-10-11T03:49:37.357+0000] {processor.py:829} INFO - Processing file /home/airflow/.local/lib/python3.8/site-packages/airflow/example_dags/example_trigger_target_dag.py for tasks to queue
[2023-10-11T03:49:37.362+0000] {logging_mixin.py:151} INFO - [2023-10-11T03:49:37.361+0000] {dagbag.py:539} INFO - Filling up the DagBag from /home/airflow/.local/lib/python3.8/site-packages/airflow/example_dags/example_trigger_target_dag.py
[2023-10-11T03:49:37.371+0000] {processor.py:839} INFO - DAG(s) dict_keys(['example_trigger_target_dag']) retrieved from /home/airflow/.local/lib/python3.8/site-packages/airflow/example_dags/example_trigger_target_dag.py
[2023-10-11T03:49:37.398+0000] {logging_mixin.py:151} INFO - [2023-10-11T03:49:37.397+0000] {dag.py:2915} INFO - Sync 1 DAGs
[2023-10-11T03:49:37.409+0000] {logging_mixin.py:151} INFO - [2023-10-11T03:49:37.408+0000] {dag.py:3696} INFO - Setting next_dagrun for example_trigger_target_dag to None, run_after=None
[2023-10-11T03:49:37.434+0000] {processor.py:179} INFO - Processing /home/airflow/.local/lib/python3.8/site-packages/airflow/example_dags/example_trigger_target_dag.py took 0.082 seconds
[2023-10-11T03:50:07.902+0000] {processor.py:157} INFO - Started process (PID=1260) to work on /home/airflow/.local/lib/python3.8/site-packages/airflow/example_dags/example_trigger_target_dag.py
[2023-10-11T03:50:07.904+0000] {processor.py:829} INFO - Processing file /home/airflow/.local/lib/python3.8/site-packages/airflow/example_dags/example_trigger_target_dag.py for tasks to queue
[2023-10-11T03:50:07.907+0000] {logging_mixin.py:151} INFO - [2023-10-11T03:50:07.907+0000] {dagbag.py:539} INFO - Filling up the DagBag from /home/airflow/.local/lib/python3.8/site-packages/airflow/example_dags/example_trigger_target_dag.py
[2023-10-11T03:50:07.914+0000] {processor.py:839} INFO - DAG(s) dict_keys(['example_trigger_target_dag']) retrieved from /home/airflow/.local/lib/python3.8/site-packages/airflow/example_dags/example_trigger_target_dag.py
[2023-10-11T03:50:07.941+0000] {logging_mixin.py:151} INFO - [2023-10-11T03:50:07.940+0000] {dag.py:2915} INFO - Sync 1 DAGs
[2023-10-11T03:50:07.954+0000] {logging_mixin.py:151} INFO - [2023-10-11T03:50:07.954+0000] {dag.py:3696} INFO - Setting next_dagrun for example_trigger_target_dag to None, run_after=None
[2023-10-11T03:50:07.975+0000] {processor.py:179} INFO - Processing /home/airflow/.local/lib/python3.8/site-packages/airflow/example_dags/example_trigger_target_dag.py took 0.078 seconds
[2023-10-11T03:50:38.327+0000] {processor.py:157} INFO - Started process (PID=1317) to work on /home/airflow/.local/lib/python3.8/site-packages/airflow/example_dags/example_trigger_target_dag.py
[2023-10-11T03:50:38.328+0000] {processor.py:829} INFO - Processing file /home/airflow/.local/lib/python3.8/site-packages/airflow/example_dags/example_trigger_target_dag.py for tasks to queue
[2023-10-11T03:50:38.331+0000] {logging_mixin.py:151} INFO - [2023-10-11T03:50:38.331+0000] {dagbag.py:539} INFO - Filling up the DagBag from /home/airflow/.local/lib/python3.8/site-packages/airflow/example_dags/example_trigger_target_dag.py
[2023-10-11T03:50:38.339+0000] {processor.py:839} INFO - DAG(s) dict_keys(['example_trigger_target_dag']) retrieved from /home/airflow/.local/lib/python3.8/site-packages/airflow/example_dags/example_trigger_target_dag.py
[2023-10-11T03:50:38.360+0000] {logging_mixin.py:151} INFO - [2023-10-11T03:50:38.360+0000] {dag.py:2915} INFO - Sync 1 DAGs
[2023-10-11T03:50:38.373+0000] {logging_mixin.py:151} INFO - [2023-10-11T03:50:38.372+0000] {dag.py:3696} INFO - Setting next_dagrun for example_trigger_target_dag to None, run_after=None
[2023-10-11T03:50:38.395+0000] {processor.py:179} INFO - Processing /home/airflow/.local/lib/python3.8/site-packages/airflow/example_dags/example_trigger_target_dag.py took 0.071 seconds
[2023-10-11T03:51:09.005+0000] {processor.py:157} INFO - Started process (PID=1374) to work on /home/airflow/.local/lib/python3.8/site-packages/airflow/example_dags/example_trigger_target_dag.py
[2023-10-11T03:51:09.006+0000] {processor.py:829} INFO - Processing file /home/airflow/.local/lib/python3.8/site-packages/airflow/example_dags/example_trigger_target_dag.py for tasks to queue
[2023-10-11T03:51:09.010+0000] {logging_mixin.py:151} INFO - [2023-10-11T03:51:09.009+0000] {dagbag.py:539} INFO - Filling up the DagBag from /home/airflow/.local/lib/python3.8/site-packages/airflow/example_dags/example_trigger_target_dag.py
[2023-10-11T03:51:09.018+0000] {processor.py:839} INFO - DAG(s) dict_keys(['example_trigger_target_dag']) retrieved from /home/airflow/.local/lib/python3.8/site-packages/airflow/example_dags/example_trigger_target_dag.py
[2023-10-11T03:51:09.052+0000] {logging_mixin.py:151} INFO - [2023-10-11T03:51:09.052+0000] {dag.py:2915} INFO - Sync 1 DAGs
[2023-10-11T03:51:09.072+0000] {logging_mixin.py:151} INFO - [2023-10-11T03:51:09.071+0000] {dag.py:3696} INFO - Setting next_dagrun for example_trigger_target_dag to None, run_after=None
[2023-10-11T03:51:09.100+0000] {processor.py:179} INFO - Processing /home/airflow/.local/lib/python3.8/site-packages/airflow/example_dags/example_trigger_target_dag.py took 0.098 seconds
[2023-10-11T03:51:39.332+0000] {processor.py:157} INFO - Started process (PID=1431) to work on /home/airflow/.local/lib/python3.8/site-packages/airflow/example_dags/example_trigger_target_dag.py
[2023-10-11T03:51:39.334+0000] {processor.py:829} INFO - Processing file /home/airflow/.local/lib/python3.8/site-packages/airflow/example_dags/example_trigger_target_dag.py for tasks to queue
[2023-10-11T03:51:39.336+0000] {logging_mixin.py:151} INFO - [2023-10-11T03:51:39.336+0000] {dagbag.py:539} INFO - Filling up the DagBag from /home/airflow/.local/lib/python3.8/site-packages/airflow/example_dags/example_trigger_target_dag.py
[2023-10-11T03:51:39.342+0000] {processor.py:839} INFO - DAG(s) dict_keys(['example_trigger_target_dag']) retrieved from /home/airflow/.local/lib/python3.8/site-packages/airflow/example_dags/example_trigger_target_dag.py
[2023-10-11T03:51:39.364+0000] {logging_mixin.py:151} INFO - [2023-10-11T03:51:39.364+0000] {dag.py:2915} INFO - Sync 1 DAGs
[2023-10-11T03:51:39.375+0000] {logging_mixin.py:151} INFO - [2023-10-11T03:51:39.375+0000] {dag.py:3696} INFO - Setting next_dagrun for example_trigger_target_dag to None, run_after=None
[2023-10-11T03:51:39.397+0000] {processor.py:179} INFO - Processing /home/airflow/.local/lib/python3.8/site-packages/airflow/example_dags/example_trigger_target_dag.py took 0.069 seconds
[2023-10-11T03:52:09.822+0000] {processor.py:157} INFO - Started process (PID=1488) to work on /home/airflow/.local/lib/python3.8/site-packages/airflow/example_dags/example_trigger_target_dag.py
[2023-10-11T03:52:09.823+0000] {processor.py:829} INFO - Processing file /home/airflow/.local/lib/python3.8/site-packages/airflow/example_dags/example_trigger_target_dag.py for tasks to queue
[2023-10-11T03:52:09.826+0000] {logging_mixin.py:151} INFO - [2023-10-11T03:52:09.826+0000] {dagbag.py:539} INFO - Filling up the DagBag from /home/airflow/.local/lib/python3.8/site-packages/airflow/example_dags/example_trigger_target_dag.py
[2023-10-11T03:52:09.831+0000] {processor.py:839} INFO - DAG(s) dict_keys(['example_trigger_target_dag']) retrieved from /home/airflow/.local/lib/python3.8/site-packages/airflow/example_dags/example_trigger_target_dag.py
[2023-10-11T03:52:09.854+0000] {logging_mixin.py:151} INFO - [2023-10-11T03:52:09.853+0000] {dag.py:2915} INFO - Sync 1 DAGs
[2023-10-11T03:52:09.866+0000] {logging_mixin.py:151} INFO - [2023-10-11T03:52:09.866+0000] {dag.py:3696} INFO - Setting next_dagrun for example_trigger_target_dag to None, run_after=None
[2023-10-11T03:52:09.889+0000] {processor.py:179} INFO - Processing /home/airflow/.local/lib/python3.8/site-packages/airflow/example_dags/example_trigger_target_dag.py took 0.072 seconds
[2023-10-11T03:52:40.201+0000] {processor.py:157} INFO - Started process (PID=1545) to work on /home/airflow/.local/lib/python3.8/site-packages/airflow/example_dags/example_trigger_target_dag.py
[2023-10-11T03:52:40.202+0000] {processor.py:829} INFO - Processing file /home/airflow/.local/lib/python3.8/site-packages/airflow/example_dags/example_trigger_target_dag.py for tasks to queue
[2023-10-11T03:52:40.205+0000] {logging_mixin.py:151} INFO - [2023-10-11T03:52:40.205+0000] {dagbag.py:539} INFO - Filling up the DagBag from /home/airflow/.local/lib/python3.8/site-packages/airflow/example_dags/example_trigger_target_dag.py
[2023-10-11T03:52:40.211+0000] {processor.py:839} INFO - DAG(s) dict_keys(['example_trigger_target_dag']) retrieved from /home/airflow/.local/lib/python3.8/site-packages/airflow/example_dags/example_trigger_target_dag.py
[2023-10-11T03:52:40.234+0000] {logging_mixin.py:151} INFO - [2023-10-11T03:52:40.233+0000] {dag.py:2915} INFO - Sync 1 DAGs
[2023-10-11T03:52:40.247+0000] {logging_mixin.py:151} INFO - [2023-10-11T03:52:40.247+0000] {dag.py:3696} INFO - Setting next_dagrun for example_trigger_target_dag to None, run_after=None
[2023-10-11T03:52:40.272+0000] {processor.py:179} INFO - Processing /home/airflow/.local/lib/python3.8/site-packages/airflow/example_dags/example_trigger_target_dag.py took 0.075 seconds
[2023-10-11T03:53:10.529+0000] {processor.py:157} INFO - Started process (PID=1602) to work on /home/airflow/.local/lib/python3.8/site-packages/airflow/example_dags/example_trigger_target_dag.py
[2023-10-11T03:53:10.530+0000] {processor.py:829} INFO - Processing file /home/airflow/.local/lib/python3.8/site-packages/airflow/example_dags/example_trigger_target_dag.py for tasks to queue
[2023-10-11T03:53:10.532+0000] {logging_mixin.py:151} INFO - [2023-10-11T03:53:10.532+0000] {dagbag.py:539} INFO - Filling up the DagBag from /home/airflow/.local/lib/python3.8/site-packages/airflow/example_dags/example_trigger_target_dag.py
[2023-10-11T03:53:10.538+0000] {processor.py:839} INFO - DAG(s) dict_keys(['example_trigger_target_dag']) retrieved from /home/airflow/.local/lib/python3.8/site-packages/airflow/example_dags/example_trigger_target_dag.py
[2023-10-11T03:53:10.562+0000] {logging_mixin.py:151} INFO - [2023-10-11T03:53:10.562+0000] {dag.py:2915} INFO - Sync 1 DAGs
[2023-10-11T03:53:10.577+0000] {logging_mixin.py:151} INFO - [2023-10-11T03:53:10.577+0000] {dag.py:3696} INFO - Setting next_dagrun for example_trigger_target_dag to None, run_after=None
[2023-10-11T03:53:10.601+0000] {processor.py:179} INFO - Processing /home/airflow/.local/lib/python3.8/site-packages/airflow/example_dags/example_trigger_target_dag.py took 0.074 seconds
[2023-10-11T03:53:41.595+0000] {processor.py:157} INFO - Started process (PID=1659) to work on /home/airflow/.local/lib/python3.8/site-packages/airflow/example_dags/example_trigger_target_dag.py
[2023-10-11T03:53:41.597+0000] {processor.py:829} INFO - Processing file /home/airflow/.local/lib/python3.8/site-packages/airflow/example_dags/example_trigger_target_dag.py for tasks to queue
[2023-10-11T03:53:41.602+0000] {logging_mixin.py:151} INFO - [2023-10-11T03:53:41.601+0000] {dagbag.py:539} INFO - Filling up the DagBag from /home/airflow/.local/lib/python3.8/site-packages/airflow/example_dags/example_trigger_target_dag.py
[2023-10-11T03:53:41.610+0000] {processor.py:839} INFO - DAG(s) dict_keys(['example_trigger_target_dag']) retrieved from /home/airflow/.local/lib/python3.8/site-packages/airflow/example_dags/example_trigger_target_dag.py
[2023-10-11T03:53:41.642+0000] {logging_mixin.py:151} INFO - [2023-10-11T03:53:41.641+0000] {dag.py:2915} INFO - Sync 1 DAGs
[2023-10-11T03:53:41.657+0000] {logging_mixin.py:151} INFO - [2023-10-11T03:53:41.657+0000] {dag.py:3696} INFO - Setting next_dagrun for example_trigger_target_dag to None, run_after=None
[2023-10-11T03:53:41.677+0000] {processor.py:179} INFO - Processing /home/airflow/.local/lib/python3.8/site-packages/airflow/example_dags/example_trigger_target_dag.py took 0.085 seconds
[2023-10-11T03:54:12.068+0000] {processor.py:157} INFO - Started process (PID=1716) to work on /home/airflow/.local/lib/python3.8/site-packages/airflow/example_dags/example_trigger_target_dag.py
[2023-10-11T03:54:12.070+0000] {processor.py:829} INFO - Processing file /home/airflow/.local/lib/python3.8/site-packages/airflow/example_dags/example_trigger_target_dag.py for tasks to queue
[2023-10-11T03:54:12.072+0000] {logging_mixin.py:151} INFO - [2023-10-11T03:54:12.072+0000] {dagbag.py:539} INFO - Filling up the DagBag from /home/airflow/.local/lib/python3.8/site-packages/airflow/example_dags/example_trigger_target_dag.py
[2023-10-11T03:54:12.078+0000] {processor.py:839} INFO - DAG(s) dict_keys(['example_trigger_target_dag']) retrieved from /home/airflow/.local/lib/python3.8/site-packages/airflow/example_dags/example_trigger_target_dag.py
[2023-10-11T03:54:12.099+0000] {logging_mixin.py:151} INFO - [2023-10-11T03:54:12.098+0000] {dag.py:2915} INFO - Sync 1 DAGs
[2023-10-11T03:54:12.110+0000] {logging_mixin.py:151} INFO - [2023-10-11T03:54:12.110+0000] {dag.py:3696} INFO - Setting next_dagrun for example_trigger_target_dag to None, run_after=None
[2023-10-11T03:54:12.131+0000] {processor.py:179} INFO - Processing /home/airflow/.local/lib/python3.8/site-packages/airflow/example_dags/example_trigger_target_dag.py took 0.068 seconds
[2023-10-11T03:54:42.264+0000] {processor.py:157} INFO - Started process (PID=1773) to work on /home/airflow/.local/lib/python3.8/site-packages/airflow/example_dags/example_trigger_target_dag.py
[2023-10-11T03:54:42.265+0000] {processor.py:829} INFO - Processing file /home/airflow/.local/lib/python3.8/site-packages/airflow/example_dags/example_trigger_target_dag.py for tasks to queue
[2023-10-11T03:54:42.268+0000] {logging_mixin.py:151} INFO - [2023-10-11T03:54:42.268+0000] {dagbag.py:539} INFO - Filling up the DagBag from /home/airflow/.local/lib/python3.8/site-packages/airflow/example_dags/example_trigger_target_dag.py
[2023-10-11T03:54:42.274+0000] {processor.py:839} INFO - DAG(s) dict_keys(['example_trigger_target_dag']) retrieved from /home/airflow/.local/lib/python3.8/site-packages/airflow/example_dags/example_trigger_target_dag.py
[2023-10-11T03:54:42.293+0000] {logging_mixin.py:151} INFO - [2023-10-11T03:54:42.293+0000] {dag.py:2915} INFO - Sync 1 DAGs
[2023-10-11T03:54:42.304+0000] {logging_mixin.py:151} INFO - [2023-10-11T03:54:42.304+0000] {dag.py:3696} INFO - Setting next_dagrun for example_trigger_target_dag to None, run_after=None
[2023-10-11T03:54:42.328+0000] {processor.py:179} INFO - Processing /home/airflow/.local/lib/python3.8/site-packages/airflow/example_dags/example_trigger_target_dag.py took 0.067 seconds
[2023-10-11T03:55:12.569+0000] {processor.py:157} INFO - Started process (PID=1830) to work on /home/airflow/.local/lib/python3.8/site-packages/airflow/example_dags/example_trigger_target_dag.py
[2023-10-11T03:55:12.572+0000] {processor.py:829} INFO - Processing file /home/airflow/.local/lib/python3.8/site-packages/airflow/example_dags/example_trigger_target_dag.py for tasks to queue
[2023-10-11T03:55:12.574+0000] {logging_mixin.py:151} INFO - [2023-10-11T03:55:12.574+0000] {dagbag.py:539} INFO - Filling up the DagBag from /home/airflow/.local/lib/python3.8/site-packages/airflow/example_dags/example_trigger_target_dag.py
[2023-10-11T03:55:12.580+0000] {processor.py:839} INFO - DAG(s) dict_keys(['example_trigger_target_dag']) retrieved from /home/airflow/.local/lib/python3.8/site-packages/airflow/example_dags/example_trigger_target_dag.py
[2023-10-11T03:55:12.600+0000] {logging_mixin.py:151} INFO - [2023-10-11T03:55:12.600+0000] {dag.py:2915} INFO - Sync 1 DAGs
[2023-10-11T03:55:12.611+0000] {logging_mixin.py:151} INFO - [2023-10-11T03:55:12.610+0000] {dag.py:3696} INFO - Setting next_dagrun for example_trigger_target_dag to None, run_after=None
[2023-10-11T03:55:12.629+0000] {processor.py:179} INFO - Processing /home/airflow/.local/lib/python3.8/site-packages/airflow/example_dags/example_trigger_target_dag.py took 0.063 seconds
[2023-10-11T03:55:43.152+0000] {processor.py:157} INFO - Started process (PID=1887) to work on /home/airflow/.local/lib/python3.8/site-packages/airflow/example_dags/example_trigger_target_dag.py
[2023-10-11T03:55:43.154+0000] {processor.py:829} INFO - Processing file /home/airflow/.local/lib/python3.8/site-packages/airflow/example_dags/example_trigger_target_dag.py for tasks to queue
[2023-10-11T03:55:43.156+0000] {logging_mixin.py:151} INFO - [2023-10-11T03:55:43.156+0000] {dagbag.py:539} INFO - Filling up the DagBag from /home/airflow/.local/lib/python3.8/site-packages/airflow/example_dags/example_trigger_target_dag.py
[2023-10-11T03:55:43.162+0000] {processor.py:839} INFO - DAG(s) dict_keys(['example_trigger_target_dag']) retrieved from /home/airflow/.local/lib/python3.8/site-packages/airflow/example_dags/example_trigger_target_dag.py
[2023-10-11T03:55:43.183+0000] {logging_mixin.py:151} INFO - [2023-10-11T03:55:43.183+0000] {dag.py:2915} INFO - Sync 1 DAGs
[2023-10-11T03:55:43.193+0000] {logging_mixin.py:151} INFO - [2023-10-11T03:55:43.193+0000] {dag.py:3696} INFO - Setting next_dagrun for example_trigger_target_dag to None, run_after=None
[2023-10-11T03:55:43.215+0000] {processor.py:179} INFO - Processing /home/airflow/.local/lib/python3.8/site-packages/airflow/example_dags/example_trigger_target_dag.py took 0.065 seconds
[2023-10-11T03:56:13.522+0000] {processor.py:157} INFO - Started process (PID=1944) to work on /home/airflow/.local/lib/python3.8/site-packages/airflow/example_dags/example_trigger_target_dag.py
[2023-10-11T03:56:13.524+0000] {processor.py:829} INFO - Processing file /home/airflow/.local/lib/python3.8/site-packages/airflow/example_dags/example_trigger_target_dag.py for tasks to queue
[2023-10-11T03:56:13.526+0000] {logging_mixin.py:151} INFO - [2023-10-11T03:56:13.526+0000] {dagbag.py:539} INFO - Filling up the DagBag from /home/airflow/.local/lib/python3.8/site-packages/airflow/example_dags/example_trigger_target_dag.py
[2023-10-11T03:56:13.533+0000] {processor.py:839} INFO - DAG(s) dict_keys(['example_trigger_target_dag']) retrieved from /home/airflow/.local/lib/python3.8/site-packages/airflow/example_dags/example_trigger_target_dag.py
[2023-10-11T03:56:13.554+0000] {logging_mixin.py:151} INFO - [2023-10-11T03:56:13.554+0000] {dag.py:2915} INFO - Sync 1 DAGs
[2023-10-11T03:56:13.567+0000] {logging_mixin.py:151} INFO - [2023-10-11T03:56:13.567+0000] {dag.py:3696} INFO - Setting next_dagrun for example_trigger_target_dag to None, run_after=None
[2023-10-11T03:56:13.592+0000] {processor.py:179} INFO - Processing /home/airflow/.local/lib/python3.8/site-packages/airflow/example_dags/example_trigger_target_dag.py took 0.073 seconds
[2023-10-11T03:56:44.059+0000] {processor.py:157} INFO - Started process (PID=2001) to work on /home/airflow/.local/lib/python3.8/site-packages/airflow/example_dags/example_trigger_target_dag.py
[2023-10-11T03:56:44.060+0000] {processor.py:829} INFO - Processing file /home/airflow/.local/lib/python3.8/site-packages/airflow/example_dags/example_trigger_target_dag.py for tasks to queue
[2023-10-11T03:56:44.063+0000] {logging_mixin.py:151} INFO - [2023-10-11T03:56:44.062+0000] {dagbag.py:539} INFO - Filling up the DagBag from /home/airflow/.local/lib/python3.8/site-packages/airflow/example_dags/example_trigger_target_dag.py
[2023-10-11T03:56:44.069+0000] {processor.py:839} INFO - DAG(s) dict_keys(['example_trigger_target_dag']) retrieved from /home/airflow/.local/lib/python3.8/site-packages/airflow/example_dags/example_trigger_target_dag.py
[2023-10-11T03:56:44.088+0000] {logging_mixin.py:151} INFO - [2023-10-11T03:56:44.088+0000] {dag.py:2915} INFO - Sync 1 DAGs
[2023-10-11T03:56:44.101+0000] {logging_mixin.py:151} INFO - [2023-10-11T03:56:44.100+0000] {dag.py:3696} INFO - Setting next_dagrun for example_trigger_target_dag to None, run_after=None
[2023-10-11T03:56:44.122+0000] {processor.py:179} INFO - Processing /home/airflow/.local/lib/python3.8/site-packages/airflow/example_dags/example_trigger_target_dag.py took 0.066 seconds
[2023-10-11T03:57:14.414+0000] {processor.py:157} INFO - Started process (PID=2058) to work on /home/airflow/.local/lib/python3.8/site-packages/airflow/example_dags/example_trigger_target_dag.py
[2023-10-11T03:57:14.415+0000] {processor.py:829} INFO - Processing file /home/airflow/.local/lib/python3.8/site-packages/airflow/example_dags/example_trigger_target_dag.py for tasks to queue
[2023-10-11T03:57:14.418+0000] {logging_mixin.py:151} INFO - [2023-10-11T03:57:14.418+0000] {dagbag.py:539} INFO - Filling up the DagBag from /home/airflow/.local/lib/python3.8/site-packages/airflow/example_dags/example_trigger_target_dag.py
[2023-10-11T03:57:14.423+0000] {processor.py:839} INFO - DAG(s) dict_keys(['example_trigger_target_dag']) retrieved from /home/airflow/.local/lib/python3.8/site-packages/airflow/example_dags/example_trigger_target_dag.py
[2023-10-11T03:57:14.444+0000] {logging_mixin.py:151} INFO - [2023-10-11T03:57:14.444+0000] {dag.py:2915} INFO - Sync 1 DAGs
[2023-10-11T03:57:14.458+0000] {logging_mixin.py:151} INFO - [2023-10-11T03:57:14.458+0000] {dag.py:3696} INFO - Setting next_dagrun for example_trigger_target_dag to None, run_after=None
[2023-10-11T03:57:14.479+0000] {processor.py:179} INFO - Processing /home/airflow/.local/lib/python3.8/site-packages/airflow/example_dags/example_trigger_target_dag.py took 0.069 seconds
[2023-10-11T03:57:45.116+0000] {processor.py:157} INFO - Started process (PID=2115) to work on /home/airflow/.local/lib/python3.8/site-packages/airflow/example_dags/example_trigger_target_dag.py
[2023-10-11T03:57:45.118+0000] {processor.py:829} INFO - Processing file /home/airflow/.local/lib/python3.8/site-packages/airflow/example_dags/example_trigger_target_dag.py for tasks to queue
[2023-10-11T03:57:45.120+0000] {logging_mixin.py:151} INFO - [2023-10-11T03:57:45.120+0000] {dagbag.py:539} INFO - Filling up the DagBag from /home/airflow/.local/lib/python3.8/site-packages/airflow/example_dags/example_trigger_target_dag.py
[2023-10-11T03:57:45.125+0000] {processor.py:839} INFO - DAG(s) dict_keys(['example_trigger_target_dag']) retrieved from /home/airflow/.local/lib/python3.8/site-packages/airflow/example_dags/example_trigger_target_dag.py
[2023-10-11T03:57:45.146+0000] {logging_mixin.py:151} INFO - [2023-10-11T03:57:45.146+0000] {dag.py:2915} INFO - Sync 1 DAGs
[2023-10-11T03:57:45.157+0000] {logging_mixin.py:151} INFO - [2023-10-11T03:57:45.156+0000] {dag.py:3696} INFO - Setting next_dagrun for example_trigger_target_dag to None, run_after=None
[2023-10-11T03:57:45.179+0000] {processor.py:179} INFO - Processing /home/airflow/.local/lib/python3.8/site-packages/airflow/example_dags/example_trigger_target_dag.py took 0.065 seconds
[2023-10-11T03:58:15.391+0000] {processor.py:157} INFO - Started process (PID=2172) to work on /home/airflow/.local/lib/python3.8/site-packages/airflow/example_dags/example_trigger_target_dag.py
[2023-10-11T03:58:15.393+0000] {processor.py:829} INFO - Processing file /home/airflow/.local/lib/python3.8/site-packages/airflow/example_dags/example_trigger_target_dag.py for tasks to queue
[2023-10-11T03:58:15.395+0000] {logging_mixin.py:151} INFO - [2023-10-11T03:58:15.395+0000] {dagbag.py:539} INFO - Filling up the DagBag from /home/airflow/.local/lib/python3.8/site-packages/airflow/example_dags/example_trigger_target_dag.py
[2023-10-11T03:58:15.401+0000] {processor.py:839} INFO - DAG(s) dict_keys(['example_trigger_target_dag']) retrieved from /home/airflow/.local/lib/python3.8/site-packages/airflow/example_dags/example_trigger_target_dag.py
[2023-10-11T03:58:15.423+0000] {logging_mixin.py:151} INFO - [2023-10-11T03:58:15.422+0000] {dag.py:2915} INFO - Sync 1 DAGs
[2023-10-11T03:58:15.434+0000] {logging_mixin.py:151} INFO - [2023-10-11T03:58:15.434+0000] {dag.py:3696} INFO - Setting next_dagrun for example_trigger_target_dag to None, run_after=None
[2023-10-11T03:58:15.458+0000] {processor.py:179} INFO - Processing /home/airflow/.local/lib/python3.8/site-packages/airflow/example_dags/example_trigger_target_dag.py took 0.069 seconds
[2023-10-11T03:58:45.676+0000] {processor.py:157} INFO - Started process (PID=2229) to work on /home/airflow/.local/lib/python3.8/site-packages/airflow/example_dags/example_trigger_target_dag.py
[2023-10-11T03:58:45.677+0000] {processor.py:829} INFO - Processing file /home/airflow/.local/lib/python3.8/site-packages/airflow/example_dags/example_trigger_target_dag.py for tasks to queue
[2023-10-11T03:58:45.680+0000] {logging_mixin.py:151} INFO - [2023-10-11T03:58:45.679+0000] {dagbag.py:539} INFO - Filling up the DagBag from /home/airflow/.local/lib/python3.8/site-packages/airflow/example_dags/example_trigger_target_dag.py
[2023-10-11T03:58:45.685+0000] {processor.py:839} INFO - DAG(s) dict_keys(['example_trigger_target_dag']) retrieved from /home/airflow/.local/lib/python3.8/site-packages/airflow/example_dags/example_trigger_target_dag.py
[2023-10-11T03:58:45.707+0000] {logging_mixin.py:151} INFO - [2023-10-11T03:58:45.706+0000] {dag.py:2915} INFO - Sync 1 DAGs
[2023-10-11T03:58:45.718+0000] {logging_mixin.py:151} INFO - [2023-10-11T03:58:45.717+0000] {dag.py:3696} INFO - Setting next_dagrun for example_trigger_target_dag to None, run_after=None
[2023-10-11T03:58:45.737+0000] {processor.py:179} INFO - Processing /home/airflow/.local/lib/python3.8/site-packages/airflow/example_dags/example_trigger_target_dag.py took 0.065 seconds
[2023-10-11T03:59:16.057+0000] {processor.py:157} INFO - Started process (PID=2286) to work on /home/airflow/.local/lib/python3.8/site-packages/airflow/example_dags/example_trigger_target_dag.py
[2023-10-11T03:59:16.058+0000] {processor.py:829} INFO - Processing file /home/airflow/.local/lib/python3.8/site-packages/airflow/example_dags/example_trigger_target_dag.py for tasks to queue
[2023-10-11T03:59:16.061+0000] {logging_mixin.py:151} INFO - [2023-10-11T03:59:16.060+0000] {dagbag.py:539} INFO - Filling up the DagBag from /home/airflow/.local/lib/python3.8/site-packages/airflow/example_dags/example_trigger_target_dag.py
[2023-10-11T03:59:16.068+0000] {processor.py:839} INFO - DAG(s) dict_keys(['example_trigger_target_dag']) retrieved from /home/airflow/.local/lib/python3.8/site-packages/airflow/example_dags/example_trigger_target_dag.py
[2023-10-11T03:59:16.093+0000] {logging_mixin.py:151} INFO - [2023-10-11T03:59:16.093+0000] {dag.py:2915} INFO - Sync 1 DAGs
[2023-10-11T03:59:16.105+0000] {logging_mixin.py:151} INFO - [2023-10-11T03:59:16.105+0000] {dag.py:3696} INFO - Setting next_dagrun for example_trigger_target_dag to None, run_after=None
[2023-10-11T03:59:16.127+0000] {processor.py:179} INFO - Processing /home/airflow/.local/lib/python3.8/site-packages/airflow/example_dags/example_trigger_target_dag.py took 0.074 seconds
[2023-10-11T03:59:46.880+0000] {processor.py:157} INFO - Started process (PID=2343) to work on /home/airflow/.local/lib/python3.8/site-packages/airflow/example_dags/example_trigger_target_dag.py
[2023-10-11T03:59:46.882+0000] {processor.py:829} INFO - Processing file /home/airflow/.local/lib/python3.8/site-packages/airflow/example_dags/example_trigger_target_dag.py for tasks to queue
[2023-10-11T03:59:46.884+0000] {logging_mixin.py:151} INFO - [2023-10-11T03:59:46.884+0000] {dagbag.py:539} INFO - Filling up the DagBag from /home/airflow/.local/lib/python3.8/site-packages/airflow/example_dags/example_trigger_target_dag.py
[2023-10-11T03:59:46.891+0000] {processor.py:839} INFO - DAG(s) dict_keys(['example_trigger_target_dag']) retrieved from /home/airflow/.local/lib/python3.8/site-packages/airflow/example_dags/example_trigger_target_dag.py
[2023-10-11T03:59:46.911+0000] {logging_mixin.py:151} INFO - [2023-10-11T03:59:46.910+0000] {dag.py:2915} INFO - Sync 1 DAGs
[2023-10-11T03:59:46.922+0000] {logging_mixin.py:151} INFO - [2023-10-11T03:59:46.922+0000] {dag.py:3696} INFO - Setting next_dagrun for example_trigger_target_dag to None, run_after=None
[2023-10-11T03:59:46.941+0000] {processor.py:179} INFO - Processing /home/airflow/.local/lib/python3.8/site-packages/airflow/example_dags/example_trigger_target_dag.py took 0.064 seconds
[2023-10-11T04:00:17.070+0000] {processor.py:157} INFO - Started process (PID=2400) to work on /home/airflow/.local/lib/python3.8/site-packages/airflow/example_dags/example_trigger_target_dag.py
[2023-10-11T04:00:17.072+0000] {processor.py:829} INFO - Processing file /home/airflow/.local/lib/python3.8/site-packages/airflow/example_dags/example_trigger_target_dag.py for tasks to queue
[2023-10-11T04:00:17.074+0000] {logging_mixin.py:151} INFO - [2023-10-11T04:00:17.074+0000] {dagbag.py:539} INFO - Filling up the DagBag from /home/airflow/.local/lib/python3.8/site-packages/airflow/example_dags/example_trigger_target_dag.py
[2023-10-11T04:00:17.081+0000] {processor.py:839} INFO - DAG(s) dict_keys(['example_trigger_target_dag']) retrieved from /home/airflow/.local/lib/python3.8/site-packages/airflow/example_dags/example_trigger_target_dag.py
[2023-10-11T04:00:17.103+0000] {logging_mixin.py:151} INFO - [2023-10-11T04:00:17.103+0000] {dag.py:2915} INFO - Sync 1 DAGs
[2023-10-11T04:00:17.116+0000] {logging_mixin.py:151} INFO - [2023-10-11T04:00:17.115+0000] {dag.py:3696} INFO - Setting next_dagrun for example_trigger_target_dag to None, run_after=None
[2023-10-11T04:00:17.141+0000] {processor.py:179} INFO - Processing /home/airflow/.local/lib/python3.8/site-packages/airflow/example_dags/example_trigger_target_dag.py took 0.073 seconds
[2023-10-11T04:00:47.573+0000] {processor.py:157} INFO - Started process (PID=2457) to work on /home/airflow/.local/lib/python3.8/site-packages/airflow/example_dags/example_trigger_target_dag.py
[2023-10-11T04:00:47.574+0000] {processor.py:829} INFO - Processing file /home/airflow/.local/lib/python3.8/site-packages/airflow/example_dags/example_trigger_target_dag.py for tasks to queue
[2023-10-11T04:00:47.577+0000] {logging_mixin.py:151} INFO - [2023-10-11T04:00:47.576+0000] {dagbag.py:539} INFO - Filling up the DagBag from /home/airflow/.local/lib/python3.8/site-packages/airflow/example_dags/example_trigger_target_dag.py
[2023-10-11T04:00:47.583+0000] {processor.py:839} INFO - DAG(s) dict_keys(['example_trigger_target_dag']) retrieved from /home/airflow/.local/lib/python3.8/site-packages/airflow/example_dags/example_trigger_target_dag.py
[2023-10-11T04:00:47.610+0000] {logging_mixin.py:151} INFO - [2023-10-11T04:00:47.610+0000] {dag.py:2915} INFO - Sync 1 DAGs
[2023-10-11T04:00:47.628+0000] {logging_mixin.py:151} INFO - [2023-10-11T04:00:47.628+0000] {dag.py:3696} INFO - Setting next_dagrun for example_trigger_target_dag to None, run_after=None
[2023-10-11T04:00:47.651+0000] {processor.py:179} INFO - Processing /home/airflow/.local/lib/python3.8/site-packages/airflow/example_dags/example_trigger_target_dag.py took 0.081 seconds
[2023-10-11T04:01:17.804+0000] {processor.py:157} INFO - Started process (PID=2514) to work on /home/airflow/.local/lib/python3.8/site-packages/airflow/example_dags/example_trigger_target_dag.py
[2023-10-11T04:01:17.805+0000] {processor.py:829} INFO - Processing file /home/airflow/.local/lib/python3.8/site-packages/airflow/example_dags/example_trigger_target_dag.py for tasks to queue
[2023-10-11T04:01:17.808+0000] {logging_mixin.py:151} INFO - [2023-10-11T04:01:17.807+0000] {dagbag.py:539} INFO - Filling up the DagBag from /home/airflow/.local/lib/python3.8/site-packages/airflow/example_dags/example_trigger_target_dag.py
[2023-10-11T04:01:17.814+0000] {processor.py:839} INFO - DAG(s) dict_keys(['example_trigger_target_dag']) retrieved from /home/airflow/.local/lib/python3.8/site-packages/airflow/example_dags/example_trigger_target_dag.py
[2023-10-11T04:01:17.832+0000] {logging_mixin.py:151} INFO - [2023-10-11T04:01:17.832+0000] {dag.py:2915} INFO - Sync 1 DAGs
[2023-10-11T04:01:17.844+0000] {logging_mixin.py:151} INFO - [2023-10-11T04:01:17.843+0000] {dag.py:3696} INFO - Setting next_dagrun for example_trigger_target_dag to None, run_after=None
[2023-10-11T04:01:17.863+0000] {processor.py:179} INFO - Processing /home/airflow/.local/lib/python3.8/site-packages/airflow/example_dags/example_trigger_target_dag.py took 0.062 seconds
[2023-10-11T04:01:48.477+0000] {processor.py:157} INFO - Started process (PID=2571) to work on /home/airflow/.local/lib/python3.8/site-packages/airflow/example_dags/example_trigger_target_dag.py
[2023-10-11T04:01:48.479+0000] {processor.py:829} INFO - Processing file /home/airflow/.local/lib/python3.8/site-packages/airflow/example_dags/example_trigger_target_dag.py for tasks to queue
[2023-10-11T04:01:48.481+0000] {logging_mixin.py:151} INFO - [2023-10-11T04:01:48.481+0000] {dagbag.py:539} INFO - Filling up the DagBag from /home/airflow/.local/lib/python3.8/site-packages/airflow/example_dags/example_trigger_target_dag.py
[2023-10-11T04:01:48.487+0000] {processor.py:839} INFO - DAG(s) dict_keys(['example_trigger_target_dag']) retrieved from /home/airflow/.local/lib/python3.8/site-packages/airflow/example_dags/example_trigger_target_dag.py
[2023-10-11T04:01:48.507+0000] {logging_mixin.py:151} INFO - [2023-10-11T04:01:48.506+0000] {dag.py:2915} INFO - Sync 1 DAGs
[2023-10-11T04:01:48.519+0000] {logging_mixin.py:151} INFO - [2023-10-11T04:01:48.519+0000] {dag.py:3696} INFO - Setting next_dagrun for example_trigger_target_dag to None, run_after=None
[2023-10-11T04:01:48.539+0000] {processor.py:179} INFO - Processing /home/airflow/.local/lib/python3.8/site-packages/airflow/example_dags/example_trigger_target_dag.py took 0.065 seconds
[2023-10-11T04:02:19.001+0000] {processor.py:157} INFO - Started process (PID=2628) to work on /home/airflow/.local/lib/python3.8/site-packages/airflow/example_dags/example_trigger_target_dag.py
[2023-10-11T04:02:19.003+0000] {processor.py:829} INFO - Processing file /home/airflow/.local/lib/python3.8/site-packages/airflow/example_dags/example_trigger_target_dag.py for tasks to queue
[2023-10-11T04:02:19.005+0000] {logging_mixin.py:151} INFO - [2023-10-11T04:02:19.005+0000] {dagbag.py:539} INFO - Filling up the DagBag from /home/airflow/.local/lib/python3.8/site-packages/airflow/example_dags/example_trigger_target_dag.py
[2023-10-11T04:02:19.012+0000] {processor.py:839} INFO - DAG(s) dict_keys(['example_trigger_target_dag']) retrieved from /home/airflow/.local/lib/python3.8/site-packages/airflow/example_dags/example_trigger_target_dag.py
[2023-10-11T04:02:19.033+0000] {logging_mixin.py:151} INFO - [2023-10-11T04:02:19.033+0000] {dag.py:2915} INFO - Sync 1 DAGs
[2023-10-11T04:02:19.047+0000] {logging_mixin.py:151} INFO - [2023-10-11T04:02:19.046+0000] {dag.py:3696} INFO - Setting next_dagrun for example_trigger_target_dag to None, run_after=None
[2023-10-11T04:02:19.070+0000] {processor.py:179} INFO - Processing /home/airflow/.local/lib/python3.8/site-packages/airflow/example_dags/example_trigger_target_dag.py took 0.072 seconds
[2023-10-11T04:02:49.764+0000] {processor.py:157} INFO - Started process (PID=2685) to work on /home/airflow/.local/lib/python3.8/site-packages/airflow/example_dags/example_trigger_target_dag.py
[2023-10-11T04:02:49.766+0000] {processor.py:829} INFO - Processing file /home/airflow/.local/lib/python3.8/site-packages/airflow/example_dags/example_trigger_target_dag.py for tasks to queue
[2023-10-11T04:02:49.768+0000] {logging_mixin.py:151} INFO - [2023-10-11T04:02:49.768+0000] {dagbag.py:539} INFO - Filling up the DagBag from /home/airflow/.local/lib/python3.8/site-packages/airflow/example_dags/example_trigger_target_dag.py
[2023-10-11T04:02:49.774+0000] {processor.py:839} INFO - DAG(s) dict_keys(['example_trigger_target_dag']) retrieved from /home/airflow/.local/lib/python3.8/site-packages/airflow/example_dags/example_trigger_target_dag.py
[2023-10-11T04:02:49.793+0000] {logging_mixin.py:151} INFO - [2023-10-11T04:02:49.793+0000] {dag.py:2915} INFO - Sync 1 DAGs
[2023-10-11T04:02:49.804+0000] {logging_mixin.py:151} INFO - [2023-10-11T04:02:49.804+0000] {dag.py:3696} INFO - Setting next_dagrun for example_trigger_target_dag to None, run_after=None
[2023-10-11T04:02:49.824+0000] {processor.py:179} INFO - Processing /home/airflow/.local/lib/python3.8/site-packages/airflow/example_dags/example_trigger_target_dag.py took 0.063 seconds
[2023-10-11T04:03:20.753+0000] {processor.py:157} INFO - Started process (PID=2742) to work on /home/airflow/.local/lib/python3.8/site-packages/airflow/example_dags/example_trigger_target_dag.py
[2023-10-11T04:03:20.755+0000] {processor.py:829} INFO - Processing file /home/airflow/.local/lib/python3.8/site-packages/airflow/example_dags/example_trigger_target_dag.py for tasks to queue
[2023-10-11T04:03:20.761+0000] {logging_mixin.py:151} INFO - [2023-10-11T04:03:20.760+0000] {dagbag.py:539} INFO - Filling up the DagBag from /home/airflow/.local/lib/python3.8/site-packages/airflow/example_dags/example_trigger_target_dag.py
[2023-10-11T04:03:20.769+0000] {processor.py:839} INFO - DAG(s) dict_keys(['example_trigger_target_dag']) retrieved from /home/airflow/.local/lib/python3.8/site-packages/airflow/example_dags/example_trigger_target_dag.py
[2023-10-11T04:03:20.801+0000] {logging_mixin.py:151} INFO - [2023-10-11T04:03:20.800+0000] {dag.py:2915} INFO - Sync 1 DAGs
[2023-10-11T04:03:20.812+0000] {logging_mixin.py:151} INFO - [2023-10-11T04:03:20.812+0000] {dag.py:3696} INFO - Setting next_dagrun for example_trigger_target_dag to None, run_after=None
[2023-10-11T04:03:20.836+0000] {processor.py:179} INFO - Processing /home/airflow/.local/lib/python3.8/site-packages/airflow/example_dags/example_trigger_target_dag.py took 0.087 seconds
[2023-10-11T04:03:51.467+0000] {processor.py:157} INFO - Started process (PID=2801) to work on /home/airflow/.local/lib/python3.8/site-packages/airflow/example_dags/example_trigger_target_dag.py
[2023-10-11T04:03:51.469+0000] {processor.py:829} INFO - Processing file /home/airflow/.local/lib/python3.8/site-packages/airflow/example_dags/example_trigger_target_dag.py for tasks to queue
[2023-10-11T04:03:51.473+0000] {logging_mixin.py:151} INFO - [2023-10-11T04:03:51.473+0000] {dagbag.py:539} INFO - Filling up the DagBag from /home/airflow/.local/lib/python3.8/site-packages/airflow/example_dags/example_trigger_target_dag.py
[2023-10-11T04:03:51.479+0000] {processor.py:839} INFO - DAG(s) dict_keys(['example_trigger_target_dag']) retrieved from /home/airflow/.local/lib/python3.8/site-packages/airflow/example_dags/example_trigger_target_dag.py
[2023-10-11T04:03:51.503+0000] {logging_mixin.py:151} INFO - [2023-10-11T04:03:51.503+0000] {dag.py:2915} INFO - Sync 1 DAGs
[2023-10-11T04:03:51.514+0000] {logging_mixin.py:151} INFO - [2023-10-11T04:03:51.514+0000] {dag.py:3696} INFO - Setting next_dagrun for example_trigger_target_dag to None, run_after=None
[2023-10-11T04:03:51.542+0000] {processor.py:179} INFO - Processing /home/airflow/.local/lib/python3.8/site-packages/airflow/example_dags/example_trigger_target_dag.py took 0.078 seconds
[2023-10-11T04:04:21.749+0000] {processor.py:157} INFO - Started process (PID=2867) to work on /home/airflow/.local/lib/python3.8/site-packages/airflow/example_dags/example_trigger_target_dag.py
[2023-10-11T04:04:21.751+0000] {processor.py:829} INFO - Processing file /home/airflow/.local/lib/python3.8/site-packages/airflow/example_dags/example_trigger_target_dag.py for tasks to queue
[2023-10-11T04:04:21.753+0000] {logging_mixin.py:151} INFO - [2023-10-11T04:04:21.753+0000] {dagbag.py:539} INFO - Filling up the DagBag from /home/airflow/.local/lib/python3.8/site-packages/airflow/example_dags/example_trigger_target_dag.py
[2023-10-11T04:04:21.759+0000] {processor.py:839} INFO - DAG(s) dict_keys(['example_trigger_target_dag']) retrieved from /home/airflow/.local/lib/python3.8/site-packages/airflow/example_dags/example_trigger_target_dag.py
[2023-10-11T04:04:21.781+0000] {logging_mixin.py:151} INFO - [2023-10-11T04:04:21.780+0000] {dag.py:2915} INFO - Sync 1 DAGs
[2023-10-11T04:04:21.793+0000] {logging_mixin.py:151} INFO - [2023-10-11T04:04:21.793+0000] {dag.py:3696} INFO - Setting next_dagrun for example_trigger_target_dag to None, run_after=None
[2023-10-11T04:04:21.813+0000] {processor.py:179} INFO - Processing /home/airflow/.local/lib/python3.8/site-packages/airflow/example_dags/example_trigger_target_dag.py took 0.067 seconds
