[2023-10-11T03:39:30.247+0000] {processor.py:157} INFO - Started process (PID=88) to work on /home/airflow/.local/lib/python3.8/site-packages/airflow/example_dags/example_xcomargs.py
[2023-10-11T03:39:30.249+0000] {processor.py:829} INFO - Processing file /home/airflow/.local/lib/python3.8/site-packages/airflow/example_dags/example_xcomargs.py for tasks to queue
[2023-10-11T03:39:30.252+0000] {logging_mixin.py:151} INFO - [2023-10-11T03:39:30.252+0000] {dagbag.py:539} INFO - Filling up the DagBag from /home/airflow/.local/lib/python3.8/site-packages/airflow/example_dags/example_xcomargs.py
[2023-10-11T03:39:30.267+0000] {processor.py:839} INFO - DAG(s) dict_keys(['example_xcom_args_with_operators', 'example_xcom_args']) retrieved from /home/airflow/.local/lib/python3.8/site-packages/airflow/example_dags/example_xcomargs.py
[2023-10-11T03:39:30.363+0000] {logging_mixin.py:151} INFO - [2023-10-11T03:39:30.363+0000] {dag.py:2915} INFO - Sync 2 DAGs
[2023-10-11T03:39:30.385+0000] {logging_mixin.py:151} INFO - [2023-10-11T03:39:30.385+0000] {dag.py:3696} INFO - Setting next_dagrun for example_xcom_args to None, run_after=None
[2023-10-11T03:39:30.392+0000] {logging_mixin.py:151} INFO - [2023-10-11T03:39:30.391+0000] {dag.py:3696} INFO - Setting next_dagrun for example_xcom_args_with_operators to None, run_after=None
[2023-10-11T03:39:30.418+0000] {processor.py:179} INFO - Processing /home/airflow/.local/lib/python3.8/site-packages/airflow/example_dags/example_xcomargs.py took 0.181 seconds
[2023-10-11T03:40:00.565+0000] {processor.py:157} INFO - Started process (PID=144) to work on /home/airflow/.local/lib/python3.8/site-packages/airflow/example_dags/example_xcomargs.py
[2023-10-11T03:40:00.568+0000] {processor.py:829} INFO - Processing file /home/airflow/.local/lib/python3.8/site-packages/airflow/example_dags/example_xcomargs.py for tasks to queue
[2023-10-11T03:40:00.571+0000] {logging_mixin.py:151} INFO - [2023-10-11T03:40:00.571+0000] {dagbag.py:539} INFO - Filling up the DagBag from /home/airflow/.local/lib/python3.8/site-packages/airflow/example_dags/example_xcomargs.py
[2023-10-11T03:40:00.579+0000] {processor.py:839} INFO - DAG(s) dict_keys(['example_xcom_args_with_operators', 'example_xcom_args']) retrieved from /home/airflow/.local/lib/python3.8/site-packages/airflow/example_dags/example_xcomargs.py
[2023-10-11T03:40:00.603+0000] {logging_mixin.py:151} INFO - [2023-10-11T03:40:00.602+0000] {dag.py:2915} INFO - Sync 2 DAGs
[2023-10-11T03:40:00.613+0000] {logging_mixin.py:151} INFO - [2023-10-11T03:40:00.613+0000] {dag.py:3696} INFO - Setting next_dagrun for example_xcom_args to None, run_after=None
[2023-10-11T03:40:00.617+0000] {logging_mixin.py:151} INFO - [2023-10-11T03:40:00.617+0000] {dag.py:3696} INFO - Setting next_dagrun for example_xcom_args_with_operators to None, run_after=None
[2023-10-11T03:40:00.636+0000] {processor.py:179} INFO - Processing /home/airflow/.local/lib/python3.8/site-packages/airflow/example_dags/example_xcomargs.py took 0.075 seconds
[2023-10-11T03:40:31.352+0000] {processor.py:157} INFO - Started process (PID=201) to work on /home/airflow/.local/lib/python3.8/site-packages/airflow/example_dags/example_xcomargs.py
[2023-10-11T03:40:31.353+0000] {processor.py:829} INFO - Processing file /home/airflow/.local/lib/python3.8/site-packages/airflow/example_dags/example_xcomargs.py for tasks to queue
[2023-10-11T03:40:31.355+0000] {logging_mixin.py:151} INFO - [2023-10-11T03:40:31.355+0000] {dagbag.py:539} INFO - Filling up the DagBag from /home/airflow/.local/lib/python3.8/site-packages/airflow/example_dags/example_xcomargs.py
[2023-10-11T03:40:31.363+0000] {processor.py:839} INFO - DAG(s) dict_keys(['example_xcom_args_with_operators', 'example_xcom_args']) retrieved from /home/airflow/.local/lib/python3.8/site-packages/airflow/example_dags/example_xcomargs.py
[2023-10-11T03:40:31.392+0000] {logging_mixin.py:151} INFO - [2023-10-11T03:40:31.392+0000] {dag.py:2915} INFO - Sync 2 DAGs
[2023-10-11T03:40:31.404+0000] {logging_mixin.py:151} INFO - [2023-10-11T03:40:31.404+0000] {dag.py:3696} INFO - Setting next_dagrun for example_xcom_args to None, run_after=None
[2023-10-11T03:40:31.408+0000] {logging_mixin.py:151} INFO - [2023-10-11T03:40:31.407+0000] {dag.py:3696} INFO - Setting next_dagrun for example_xcom_args_with_operators to None, run_after=None
[2023-10-11T03:40:31.431+0000] {processor.py:179} INFO - Processing /home/airflow/.local/lib/python3.8/site-packages/airflow/example_dags/example_xcomargs.py took 0.082 seconds
[2023-10-11T03:41:02.012+0000] {processor.py:157} INFO - Started process (PID=258) to work on /home/airflow/.local/lib/python3.8/site-packages/airflow/example_dags/example_xcomargs.py
[2023-10-11T03:41:02.015+0000] {processor.py:829} INFO - Processing file /home/airflow/.local/lib/python3.8/site-packages/airflow/example_dags/example_xcomargs.py for tasks to queue
[2023-10-11T03:41:02.019+0000] {logging_mixin.py:151} INFO - [2023-10-11T03:41:02.019+0000] {dagbag.py:539} INFO - Filling up the DagBag from /home/airflow/.local/lib/python3.8/site-packages/airflow/example_dags/example_xcomargs.py
[2023-10-11T03:41:02.031+0000] {processor.py:839} INFO - DAG(s) dict_keys(['example_xcom_args', 'example_xcom_args_with_operators']) retrieved from /home/airflow/.local/lib/python3.8/site-packages/airflow/example_dags/example_xcomargs.py
[2023-10-11T03:41:02.071+0000] {logging_mixin.py:151} INFO - [2023-10-11T03:41:02.071+0000] {dag.py:2915} INFO - Sync 2 DAGs
[2023-10-11T03:41:02.090+0000] {logging_mixin.py:151} INFO - [2023-10-11T03:41:02.090+0000] {dag.py:3696} INFO - Setting next_dagrun for example_xcom_args to None, run_after=None
[2023-10-11T03:41:02.099+0000] {logging_mixin.py:151} INFO - [2023-10-11T03:41:02.098+0000] {dag.py:3696} INFO - Setting next_dagrun for example_xcom_args_with_operators to None, run_after=None
[2023-10-11T03:41:02.130+0000] {processor.py:179} INFO - Processing /home/airflow/.local/lib/python3.8/site-packages/airflow/example_dags/example_xcomargs.py took 0.122 seconds
[2023-10-11T03:41:33.076+0000] {processor.py:157} INFO - Started process (PID=315) to work on /home/airflow/.local/lib/python3.8/site-packages/airflow/example_dags/example_xcomargs.py
[2023-10-11T03:41:33.078+0000] {processor.py:829} INFO - Processing file /home/airflow/.local/lib/python3.8/site-packages/airflow/example_dags/example_xcomargs.py for tasks to queue
[2023-10-11T03:41:33.081+0000] {logging_mixin.py:151} INFO - [2023-10-11T03:41:33.081+0000] {dagbag.py:539} INFO - Filling up the DagBag from /home/airflow/.local/lib/python3.8/site-packages/airflow/example_dags/example_xcomargs.py
[2023-10-11T03:41:33.094+0000] {processor.py:839} INFO - DAG(s) dict_keys(['example_xcom_args', 'example_xcom_args_with_operators']) retrieved from /home/airflow/.local/lib/python3.8/site-packages/airflow/example_dags/example_xcomargs.py
[2023-10-11T03:41:33.135+0000] {logging_mixin.py:151} INFO - [2023-10-11T03:41:33.135+0000] {dag.py:2915} INFO - Sync 2 DAGs
[2023-10-11T03:41:33.153+0000] {logging_mixin.py:151} INFO - [2023-10-11T03:41:33.153+0000] {dag.py:3696} INFO - Setting next_dagrun for example_xcom_args to None, run_after=None
[2023-10-11T03:41:33.159+0000] {logging_mixin.py:151} INFO - [2023-10-11T03:41:33.159+0000] {dag.py:3696} INFO - Setting next_dagrun for example_xcom_args_with_operators to None, run_after=None
[2023-10-11T03:41:33.181+0000] {processor.py:179} INFO - Processing /home/airflow/.local/lib/python3.8/site-packages/airflow/example_dags/example_xcomargs.py took 0.112 seconds
[2023-10-11T03:42:03.978+0000] {processor.py:157} INFO - Started process (PID=372) to work on /home/airflow/.local/lib/python3.8/site-packages/airflow/example_dags/example_xcomargs.py
[2023-10-11T03:42:03.981+0000] {processor.py:829} INFO - Processing file /home/airflow/.local/lib/python3.8/site-packages/airflow/example_dags/example_xcomargs.py for tasks to queue
[2023-10-11T03:42:03.986+0000] {logging_mixin.py:151} INFO - [2023-10-11T03:42:03.985+0000] {dagbag.py:539} INFO - Filling up the DagBag from /home/airflow/.local/lib/python3.8/site-packages/airflow/example_dags/example_xcomargs.py
[2023-10-11T03:42:04.002+0000] {processor.py:839} INFO - DAG(s) dict_keys(['example_xcom_args_with_operators', 'example_xcom_args']) retrieved from /home/airflow/.local/lib/python3.8/site-packages/airflow/example_dags/example_xcomargs.py
[2023-10-11T03:42:04.065+0000] {logging_mixin.py:151} INFO - [2023-10-11T03:42:04.065+0000] {dag.py:2915} INFO - Sync 2 DAGs
[2023-10-11T03:42:04.087+0000] {logging_mixin.py:151} INFO - [2023-10-11T03:42:04.087+0000] {dag.py:3696} INFO - Setting next_dagrun for example_xcom_args to None, run_after=None
[2023-10-11T03:42:04.095+0000] {logging_mixin.py:151} INFO - [2023-10-11T03:42:04.094+0000] {dag.py:3696} INFO - Setting next_dagrun for example_xcom_args_with_operators to None, run_after=None
[2023-10-11T03:42:04.128+0000] {processor.py:179} INFO - Processing /home/airflow/.local/lib/python3.8/site-packages/airflow/example_dags/example_xcomargs.py took 0.158 seconds
[2023-10-11T03:42:35.019+0000] {processor.py:157} INFO - Started process (PID=429) to work on /home/airflow/.local/lib/python3.8/site-packages/airflow/example_dags/example_xcomargs.py
[2023-10-11T03:42:35.021+0000] {processor.py:829} INFO - Processing file /home/airflow/.local/lib/python3.8/site-packages/airflow/example_dags/example_xcomargs.py for tasks to queue
[2023-10-11T03:42:35.023+0000] {logging_mixin.py:151} INFO - [2023-10-11T03:42:35.023+0000] {dagbag.py:539} INFO - Filling up the DagBag from /home/airflow/.local/lib/python3.8/site-packages/airflow/example_dags/example_xcomargs.py
[2023-10-11T03:42:35.031+0000] {processor.py:839} INFO - DAG(s) dict_keys(['example_xcom_args', 'example_xcom_args_with_operators']) retrieved from /home/airflow/.local/lib/python3.8/site-packages/airflow/example_dags/example_xcomargs.py
[2023-10-11T03:42:35.054+0000] {logging_mixin.py:151} INFO - [2023-10-11T03:42:35.054+0000] {dag.py:2915} INFO - Sync 2 DAGs
[2023-10-11T03:42:35.066+0000] {logging_mixin.py:151} INFO - [2023-10-11T03:42:35.066+0000] {dag.py:3696} INFO - Setting next_dagrun for example_xcom_args to None, run_after=None
[2023-10-11T03:42:35.069+0000] {logging_mixin.py:151} INFO - [2023-10-11T03:42:35.069+0000] {dag.py:3696} INFO - Setting next_dagrun for example_xcom_args_with_operators to None, run_after=None
[2023-10-11T03:42:35.087+0000] {processor.py:179} INFO - Processing /home/airflow/.local/lib/python3.8/site-packages/airflow/example_dags/example_xcomargs.py took 0.071 seconds
[2023-10-11T03:43:05.499+0000] {processor.py:157} INFO - Started process (PID=485) to work on /home/airflow/.local/lib/python3.8/site-packages/airflow/example_dags/example_xcomargs.py
[2023-10-11T03:43:05.501+0000] {processor.py:829} INFO - Processing file /home/airflow/.local/lib/python3.8/site-packages/airflow/example_dags/example_xcomargs.py for tasks to queue
[2023-10-11T03:43:05.504+0000] {logging_mixin.py:151} INFO - [2023-10-11T03:43:05.504+0000] {dagbag.py:539} INFO - Filling up the DagBag from /home/airflow/.local/lib/python3.8/site-packages/airflow/example_dags/example_xcomargs.py
[2023-10-11T03:43:05.514+0000] {processor.py:839} INFO - DAG(s) dict_keys(['example_xcom_args_with_operators', 'example_xcom_args']) retrieved from /home/airflow/.local/lib/python3.8/site-packages/airflow/example_dags/example_xcomargs.py
[2023-10-11T03:43:05.545+0000] {logging_mixin.py:151} INFO - [2023-10-11T03:43:05.545+0000] {dag.py:2915} INFO - Sync 2 DAGs
[2023-10-11T03:43:05.561+0000] {logging_mixin.py:151} INFO - [2023-10-11T03:43:05.561+0000] {dag.py:3696} INFO - Setting next_dagrun for example_xcom_args to None, run_after=None
[2023-10-11T03:43:05.567+0000] {logging_mixin.py:151} INFO - [2023-10-11T03:43:05.567+0000] {dag.py:3696} INFO - Setting next_dagrun for example_xcom_args_with_operators to None, run_after=None
[2023-10-11T03:43:05.594+0000] {processor.py:179} INFO - Processing /home/airflow/.local/lib/python3.8/site-packages/airflow/example_dags/example_xcomargs.py took 0.098 seconds
[2023-10-11T03:43:36.371+0000] {processor.py:157} INFO - Started process (PID=549) to work on /home/airflow/.local/lib/python3.8/site-packages/airflow/example_dags/example_xcomargs.py
[2023-10-11T03:43:36.375+0000] {processor.py:829} INFO - Processing file /home/airflow/.local/lib/python3.8/site-packages/airflow/example_dags/example_xcomargs.py for tasks to queue
[2023-10-11T03:43:36.379+0000] {logging_mixin.py:151} INFO - [2023-10-11T03:43:36.379+0000] {dagbag.py:539} INFO - Filling up the DagBag from /home/airflow/.local/lib/python3.8/site-packages/airflow/example_dags/example_xcomargs.py
[2023-10-11T03:43:36.394+0000] {processor.py:839} INFO - DAG(s) dict_keys(['example_xcom_args_with_operators', 'example_xcom_args']) retrieved from /home/airflow/.local/lib/python3.8/site-packages/airflow/example_dags/example_xcomargs.py
[2023-10-11T03:43:36.428+0000] {logging_mixin.py:151} INFO - [2023-10-11T03:43:36.428+0000] {dag.py:2915} INFO - Sync 2 DAGs
[2023-10-11T03:43:36.451+0000] {logging_mixin.py:151} INFO - [2023-10-11T03:43:36.451+0000] {dag.py:3696} INFO - Setting next_dagrun for example_xcom_args to None, run_after=None
[2023-10-11T03:43:36.459+0000] {logging_mixin.py:151} INFO - [2023-10-11T03:43:36.459+0000] {dag.py:3696} INFO - Setting next_dagrun for example_xcom_args_with_operators to None, run_after=None
[2023-10-11T03:43:36.493+0000] {processor.py:179} INFO - Processing /home/airflow/.local/lib/python3.8/site-packages/airflow/example_dags/example_xcomargs.py took 0.126 seconds
[2023-10-11T03:44:07.385+0000] {processor.py:157} INFO - Started process (PID=606) to work on /home/airflow/.local/lib/python3.8/site-packages/airflow/example_dags/example_xcomargs.py
[2023-10-11T03:44:07.387+0000] {processor.py:829} INFO - Processing file /home/airflow/.local/lib/python3.8/site-packages/airflow/example_dags/example_xcomargs.py for tasks to queue
[2023-10-11T03:44:07.390+0000] {logging_mixin.py:151} INFO - [2023-10-11T03:44:07.389+0000] {dagbag.py:539} INFO - Filling up the DagBag from /home/airflow/.local/lib/python3.8/site-packages/airflow/example_dags/example_xcomargs.py
[2023-10-11T03:44:07.397+0000] {processor.py:839} INFO - DAG(s) dict_keys(['example_xcom_args_with_operators', 'example_xcom_args']) retrieved from /home/airflow/.local/lib/python3.8/site-packages/airflow/example_dags/example_xcomargs.py
[2023-10-11T03:44:07.424+0000] {logging_mixin.py:151} INFO - [2023-10-11T03:44:07.424+0000] {dag.py:2915} INFO - Sync 2 DAGs
[2023-10-11T03:44:07.436+0000] {logging_mixin.py:151} INFO - [2023-10-11T03:44:07.436+0000] {dag.py:3696} INFO - Setting next_dagrun for example_xcom_args to None, run_after=None
[2023-10-11T03:44:07.440+0000] {logging_mixin.py:151} INFO - [2023-10-11T03:44:07.440+0000] {dag.py:3696} INFO - Setting next_dagrun for example_xcom_args_with_operators to None, run_after=None
[2023-10-11T03:44:07.460+0000] {processor.py:179} INFO - Processing /home/airflow/.local/lib/python3.8/site-packages/airflow/example_dags/example_xcomargs.py took 0.079 seconds
[2023-10-11T03:44:37.606+0000] {processor.py:157} INFO - Started process (PID=663) to work on /home/airflow/.local/lib/python3.8/site-packages/airflow/example_dags/example_xcomargs.py
[2023-10-11T03:44:37.608+0000] {processor.py:829} INFO - Processing file /home/airflow/.local/lib/python3.8/site-packages/airflow/example_dags/example_xcomargs.py for tasks to queue
[2023-10-11T03:44:37.610+0000] {logging_mixin.py:151} INFO - [2023-10-11T03:44:37.610+0000] {dagbag.py:539} INFO - Filling up the DagBag from /home/airflow/.local/lib/python3.8/site-packages/airflow/example_dags/example_xcomargs.py
[2023-10-11T03:44:37.620+0000] {processor.py:839} INFO - DAG(s) dict_keys(['example_xcom_args_with_operators', 'example_xcom_args']) retrieved from /home/airflow/.local/lib/python3.8/site-packages/airflow/example_dags/example_xcomargs.py
[2023-10-11T03:44:37.649+0000] {logging_mixin.py:151} INFO - [2023-10-11T03:44:37.648+0000] {dag.py:2915} INFO - Sync 2 DAGs
[2023-10-11T03:44:37.660+0000] {logging_mixin.py:151} INFO - [2023-10-11T03:44:37.660+0000] {dag.py:3696} INFO - Setting next_dagrun for example_xcom_args to None, run_after=None
[2023-10-11T03:44:37.664+0000] {logging_mixin.py:151} INFO - [2023-10-11T03:44:37.664+0000] {dag.py:3696} INFO - Setting next_dagrun for example_xcom_args_with_operators to None, run_after=None
[2023-10-11T03:44:37.687+0000] {processor.py:179} INFO - Processing /home/airflow/.local/lib/python3.8/site-packages/airflow/example_dags/example_xcomargs.py took 0.084 seconds
[2023-10-11T03:45:08.559+0000] {processor.py:157} INFO - Started process (PID=720) to work on /home/airflow/.local/lib/python3.8/site-packages/airflow/example_dags/example_xcomargs.py
[2023-10-11T03:45:08.561+0000] {processor.py:829} INFO - Processing file /home/airflow/.local/lib/python3.8/site-packages/airflow/example_dags/example_xcomargs.py for tasks to queue
[2023-10-11T03:45:08.565+0000] {logging_mixin.py:151} INFO - [2023-10-11T03:45:08.565+0000] {dagbag.py:539} INFO - Filling up the DagBag from /home/airflow/.local/lib/python3.8/site-packages/airflow/example_dags/example_xcomargs.py
[2023-10-11T03:45:08.577+0000] {processor.py:839} INFO - DAG(s) dict_keys(['example_xcom_args', 'example_xcom_args_with_operators']) retrieved from /home/airflow/.local/lib/python3.8/site-packages/airflow/example_dags/example_xcomargs.py
[2023-10-11T03:45:08.629+0000] {logging_mixin.py:151} INFO - [2023-10-11T03:45:08.629+0000] {dag.py:2915} INFO - Sync 2 DAGs
[2023-10-11T03:45:08.649+0000] {logging_mixin.py:151} INFO - [2023-10-11T03:45:08.648+0000] {dag.py:3696} INFO - Setting next_dagrun for example_xcom_args to None, run_after=None
[2023-10-11T03:45:08.654+0000] {logging_mixin.py:151} INFO - [2023-10-11T03:45:08.654+0000] {dag.py:3696} INFO - Setting next_dagrun for example_xcom_args_with_operators to None, run_after=None
[2023-10-11T03:45:08.686+0000] {processor.py:179} INFO - Processing /home/airflow/.local/lib/python3.8/site-packages/airflow/example_dags/example_xcomargs.py took 0.133 seconds
[2023-10-11T03:45:38.867+0000] {processor.py:157} INFO - Started process (PID=777) to work on /home/airflow/.local/lib/python3.8/site-packages/airflow/example_dags/example_xcomargs.py
[2023-10-11T03:45:38.868+0000] {processor.py:829} INFO - Processing file /home/airflow/.local/lib/python3.8/site-packages/airflow/example_dags/example_xcomargs.py for tasks to queue
[2023-10-11T03:45:38.870+0000] {logging_mixin.py:151} INFO - [2023-10-11T03:45:38.870+0000] {dagbag.py:539} INFO - Filling up the DagBag from /home/airflow/.local/lib/python3.8/site-packages/airflow/example_dags/example_xcomargs.py
[2023-10-11T03:45:38.878+0000] {processor.py:839} INFO - DAG(s) dict_keys(['example_xcom_args', 'example_xcom_args_with_operators']) retrieved from /home/airflow/.local/lib/python3.8/site-packages/airflow/example_dags/example_xcomargs.py
[2023-10-11T03:45:38.904+0000] {logging_mixin.py:151} INFO - [2023-10-11T03:45:38.904+0000] {dag.py:2915} INFO - Sync 2 DAGs
[2023-10-11T03:45:38.916+0000] {logging_mixin.py:151} INFO - [2023-10-11T03:45:38.915+0000] {dag.py:3696} INFO - Setting next_dagrun for example_xcom_args to None, run_after=None
[2023-10-11T03:45:38.919+0000] {logging_mixin.py:151} INFO - [2023-10-11T03:45:38.919+0000] {dag.py:3696} INFO - Setting next_dagrun for example_xcom_args_with_operators to None, run_after=None
[2023-10-11T03:45:38.937+0000] {processor.py:179} INFO - Processing /home/airflow/.local/lib/python3.8/site-packages/airflow/example_dags/example_xcomargs.py took 0.073 seconds
[2023-10-11T03:46:09.014+0000] {processor.py:157} INFO - Started process (PID=834) to work on /home/airflow/.local/lib/python3.8/site-packages/airflow/example_dags/example_xcomargs.py
[2023-10-11T03:46:09.016+0000] {processor.py:829} INFO - Processing file /home/airflow/.local/lib/python3.8/site-packages/airflow/example_dags/example_xcomargs.py for tasks to queue
[2023-10-11T03:46:09.018+0000] {logging_mixin.py:151} INFO - [2023-10-11T03:46:09.018+0000] {dagbag.py:539} INFO - Filling up the DagBag from /home/airflow/.local/lib/python3.8/site-packages/airflow/example_dags/example_xcomargs.py
[2023-10-11T03:46:09.025+0000] {processor.py:839} INFO - DAG(s) dict_keys(['example_xcom_args', 'example_xcom_args_with_operators']) retrieved from /home/airflow/.local/lib/python3.8/site-packages/airflow/example_dags/example_xcomargs.py
[2023-10-11T03:46:09.051+0000] {logging_mixin.py:151} INFO - [2023-10-11T03:46:09.051+0000] {dag.py:2915} INFO - Sync 2 DAGs
[2023-10-11T03:46:09.063+0000] {logging_mixin.py:151} INFO - [2023-10-11T03:46:09.063+0000] {dag.py:3696} INFO - Setting next_dagrun for example_xcom_args to None, run_after=None
[2023-10-11T03:46:09.066+0000] {logging_mixin.py:151} INFO - [2023-10-11T03:46:09.066+0000] {dag.py:3696} INFO - Setting next_dagrun for example_xcom_args_with_operators to None, run_after=None
[2023-10-11T03:46:09.083+0000] {processor.py:179} INFO - Processing /home/airflow/.local/lib/python3.8/site-packages/airflow/example_dags/example_xcomargs.py took 0.073 seconds
[2023-10-11T03:46:39.138+0000] {processor.py:157} INFO - Started process (PID=891) to work on /home/airflow/.local/lib/python3.8/site-packages/airflow/example_dags/example_xcomargs.py
[2023-10-11T03:46:39.139+0000] {processor.py:829} INFO - Processing file /home/airflow/.local/lib/python3.8/site-packages/airflow/example_dags/example_xcomargs.py for tasks to queue
[2023-10-11T03:46:39.142+0000] {logging_mixin.py:151} INFO - [2023-10-11T03:46:39.142+0000] {dagbag.py:539} INFO - Filling up the DagBag from /home/airflow/.local/lib/python3.8/site-packages/airflow/example_dags/example_xcomargs.py
[2023-10-11T03:46:39.149+0000] {processor.py:839} INFO - DAG(s) dict_keys(['example_xcom_args_with_operators', 'example_xcom_args']) retrieved from /home/airflow/.local/lib/python3.8/site-packages/airflow/example_dags/example_xcomargs.py
[2023-10-11T03:46:39.178+0000] {logging_mixin.py:151} INFO - [2023-10-11T03:46:39.177+0000] {dag.py:2915} INFO - Sync 2 DAGs
[2023-10-11T03:46:39.195+0000] {logging_mixin.py:151} INFO - [2023-10-11T03:46:39.194+0000] {dag.py:3696} INFO - Setting next_dagrun for example_xcom_args to None, run_after=None
[2023-10-11T03:46:39.200+0000] {logging_mixin.py:151} INFO - [2023-10-11T03:46:39.199+0000] {dag.py:3696} INFO - Setting next_dagrun for example_xcom_args_with_operators to None, run_after=None
[2023-10-11T03:46:39.221+0000] {processor.py:179} INFO - Processing /home/airflow/.local/lib/python3.8/site-packages/airflow/example_dags/example_xcomargs.py took 0.086 seconds
[2023-10-11T03:47:09.453+0000] {processor.py:157} INFO - Started process (PID=948) to work on /home/airflow/.local/lib/python3.8/site-packages/airflow/example_dags/example_xcomargs.py
[2023-10-11T03:47:09.454+0000] {processor.py:829} INFO - Processing file /home/airflow/.local/lib/python3.8/site-packages/airflow/example_dags/example_xcomargs.py for tasks to queue
[2023-10-11T03:47:09.456+0000] {logging_mixin.py:151} INFO - [2023-10-11T03:47:09.456+0000] {dagbag.py:539} INFO - Filling up the DagBag from /home/airflow/.local/lib/python3.8/site-packages/airflow/example_dags/example_xcomargs.py
[2023-10-11T03:47:09.463+0000] {processor.py:839} INFO - DAG(s) dict_keys(['example_xcom_args_with_operators', 'example_xcom_args']) retrieved from /home/airflow/.local/lib/python3.8/site-packages/airflow/example_dags/example_xcomargs.py
[2023-10-11T03:47:09.494+0000] {logging_mixin.py:151} INFO - [2023-10-11T03:47:09.494+0000] {dag.py:2915} INFO - Sync 2 DAGs
[2023-10-11T03:47:09.510+0000] {logging_mixin.py:151} INFO - [2023-10-11T03:47:09.509+0000] {dag.py:3696} INFO - Setting next_dagrun for example_xcom_args to None, run_after=None
[2023-10-11T03:47:09.516+0000] {logging_mixin.py:151} INFO - [2023-10-11T03:47:09.516+0000] {dag.py:3696} INFO - Setting next_dagrun for example_xcom_args_with_operators to None, run_after=None
[2023-10-11T03:47:09.543+0000] {processor.py:179} INFO - Processing /home/airflow/.local/lib/python3.8/site-packages/airflow/example_dags/example_xcomargs.py took 0.094 seconds
[2023-10-11T03:47:39.710+0000] {processor.py:157} INFO - Started process (PID=1005) to work on /home/airflow/.local/lib/python3.8/site-packages/airflow/example_dags/example_xcomargs.py
[2023-10-11T03:47:39.712+0000] {processor.py:829} INFO - Processing file /home/airflow/.local/lib/python3.8/site-packages/airflow/example_dags/example_xcomargs.py for tasks to queue
[2023-10-11T03:47:39.715+0000] {logging_mixin.py:151} INFO - [2023-10-11T03:47:39.714+0000] {dagbag.py:539} INFO - Filling up the DagBag from /home/airflow/.local/lib/python3.8/site-packages/airflow/example_dags/example_xcomargs.py
[2023-10-11T03:47:39.723+0000] {processor.py:839} INFO - DAG(s) dict_keys(['example_xcom_args_with_operators', 'example_xcom_args']) retrieved from /home/airflow/.local/lib/python3.8/site-packages/airflow/example_dags/example_xcomargs.py
[2023-10-11T03:47:39.749+0000] {logging_mixin.py:151} INFO - [2023-10-11T03:47:39.749+0000] {dag.py:2915} INFO - Sync 2 DAGs
[2023-10-11T03:47:39.761+0000] {logging_mixin.py:151} INFO - [2023-10-11T03:47:39.761+0000] {dag.py:3696} INFO - Setting next_dagrun for example_xcom_args to None, run_after=None
[2023-10-11T03:47:39.767+0000] {logging_mixin.py:151} INFO - [2023-10-11T03:47:39.767+0000] {dag.py:3696} INFO - Setting next_dagrun for example_xcom_args_with_operators to None, run_after=None
[2023-10-11T03:47:39.795+0000] {processor.py:179} INFO - Processing /home/airflow/.local/lib/python3.8/site-packages/airflow/example_dags/example_xcomargs.py took 0.087 seconds
[2023-10-11T03:48:10.235+0000] {processor.py:157} INFO - Started process (PID=1062) to work on /home/airflow/.local/lib/python3.8/site-packages/airflow/example_dags/example_xcomargs.py
[2023-10-11T03:48:10.236+0000] {processor.py:829} INFO - Processing file /home/airflow/.local/lib/python3.8/site-packages/airflow/example_dags/example_xcomargs.py for tasks to queue
[2023-10-11T03:48:10.238+0000] {logging_mixin.py:151} INFO - [2023-10-11T03:48:10.238+0000] {dagbag.py:539} INFO - Filling up the DagBag from /home/airflow/.local/lib/python3.8/site-packages/airflow/example_dags/example_xcomargs.py
[2023-10-11T03:48:10.246+0000] {processor.py:839} INFO - DAG(s) dict_keys(['example_xcom_args', 'example_xcom_args_with_operators']) retrieved from /home/airflow/.local/lib/python3.8/site-packages/airflow/example_dags/example_xcomargs.py
[2023-10-11T03:48:10.273+0000] {logging_mixin.py:151} INFO - [2023-10-11T03:48:10.273+0000] {dag.py:2915} INFO - Sync 2 DAGs
[2023-10-11T03:48:10.285+0000] {logging_mixin.py:151} INFO - [2023-10-11T03:48:10.284+0000] {dag.py:3696} INFO - Setting next_dagrun for example_xcom_args to None, run_after=None
[2023-10-11T03:48:10.288+0000] {logging_mixin.py:151} INFO - [2023-10-11T03:48:10.288+0000] {dag.py:3696} INFO - Setting next_dagrun for example_xcom_args_with_operators to None, run_after=None
[2023-10-11T03:48:10.307+0000] {processor.py:179} INFO - Processing /home/airflow/.local/lib/python3.8/site-packages/airflow/example_dags/example_xcomargs.py took 0.077 seconds
[2023-10-11T03:48:40.638+0000] {processor.py:157} INFO - Started process (PID=1119) to work on /home/airflow/.local/lib/python3.8/site-packages/airflow/example_dags/example_xcomargs.py
[2023-10-11T03:48:40.640+0000] {processor.py:829} INFO - Processing file /home/airflow/.local/lib/python3.8/site-packages/airflow/example_dags/example_xcomargs.py for tasks to queue
[2023-10-11T03:48:40.643+0000] {logging_mixin.py:151} INFO - [2023-10-11T03:48:40.642+0000] {dagbag.py:539} INFO - Filling up the DagBag from /home/airflow/.local/lib/python3.8/site-packages/airflow/example_dags/example_xcomargs.py
[2023-10-11T03:48:40.651+0000] {processor.py:839} INFO - DAG(s) dict_keys(['example_xcom_args', 'example_xcom_args_with_operators']) retrieved from /home/airflow/.local/lib/python3.8/site-packages/airflow/example_dags/example_xcomargs.py
[2023-10-11T03:48:40.683+0000] {logging_mixin.py:151} INFO - [2023-10-11T03:48:40.682+0000] {dag.py:2915} INFO - Sync 2 DAGs
[2023-10-11T03:48:40.697+0000] {logging_mixin.py:151} INFO - [2023-10-11T03:48:40.696+0000] {dag.py:3696} INFO - Setting next_dagrun for example_xcom_args to None, run_after=None
[2023-10-11T03:48:40.701+0000] {logging_mixin.py:151} INFO - [2023-10-11T03:48:40.701+0000] {dag.py:3696} INFO - Setting next_dagrun for example_xcom_args_with_operators to None, run_after=None
[2023-10-11T03:48:40.729+0000] {processor.py:179} INFO - Processing /home/airflow/.local/lib/python3.8/site-packages/airflow/example_dags/example_xcomargs.py took 0.094 seconds
[2023-10-11T03:49:11.283+0000] {processor.py:157} INFO - Started process (PID=1176) to work on /home/airflow/.local/lib/python3.8/site-packages/airflow/example_dags/example_xcomargs.py
[2023-10-11T03:49:11.284+0000] {processor.py:829} INFO - Processing file /home/airflow/.local/lib/python3.8/site-packages/airflow/example_dags/example_xcomargs.py for tasks to queue
[2023-10-11T03:49:11.287+0000] {logging_mixin.py:151} INFO - [2023-10-11T03:49:11.287+0000] {dagbag.py:539} INFO - Filling up the DagBag from /home/airflow/.local/lib/python3.8/site-packages/airflow/example_dags/example_xcomargs.py
[2023-10-11T03:49:11.294+0000] {processor.py:839} INFO - DAG(s) dict_keys(['example_xcom_args', 'example_xcom_args_with_operators']) retrieved from /home/airflow/.local/lib/python3.8/site-packages/airflow/example_dags/example_xcomargs.py
[2023-10-11T03:49:11.319+0000] {logging_mixin.py:151} INFO - [2023-10-11T03:49:11.319+0000] {dag.py:2915} INFO - Sync 2 DAGs
[2023-10-11T03:49:11.330+0000] {logging_mixin.py:151} INFO - [2023-10-11T03:49:11.330+0000] {dag.py:3696} INFO - Setting next_dagrun for example_xcom_args to None, run_after=None
[2023-10-11T03:49:11.335+0000] {logging_mixin.py:151} INFO - [2023-10-11T03:49:11.335+0000] {dag.py:3696} INFO - Setting next_dagrun for example_xcom_args_with_operators to None, run_after=None
[2023-10-11T03:49:11.354+0000] {processor.py:179} INFO - Processing /home/airflow/.local/lib/python3.8/site-packages/airflow/example_dags/example_xcomargs.py took 0.073 seconds
[2023-10-11T03:49:41.720+0000] {processor.py:157} INFO - Started process (PID=1233) to work on /home/airflow/.local/lib/python3.8/site-packages/airflow/example_dags/example_xcomargs.py
[2023-10-11T03:49:41.721+0000] {processor.py:829} INFO - Processing file /home/airflow/.local/lib/python3.8/site-packages/airflow/example_dags/example_xcomargs.py for tasks to queue
[2023-10-11T03:49:41.724+0000] {logging_mixin.py:151} INFO - [2023-10-11T03:49:41.724+0000] {dagbag.py:539} INFO - Filling up the DagBag from /home/airflow/.local/lib/python3.8/site-packages/airflow/example_dags/example_xcomargs.py
[2023-10-11T03:49:41.736+0000] {processor.py:839} INFO - DAG(s) dict_keys(['example_xcom_args_with_operators', 'example_xcom_args']) retrieved from /home/airflow/.local/lib/python3.8/site-packages/airflow/example_dags/example_xcomargs.py
[2023-10-11T03:49:41.773+0000] {logging_mixin.py:151} INFO - [2023-10-11T03:49:41.773+0000] {dag.py:2915} INFO - Sync 2 DAGs
[2023-10-11T03:49:41.788+0000] {logging_mixin.py:151} INFO - [2023-10-11T03:49:41.788+0000] {dag.py:3696} INFO - Setting next_dagrun for example_xcom_args to None, run_after=None
[2023-10-11T03:49:41.792+0000] {logging_mixin.py:151} INFO - [2023-10-11T03:49:41.792+0000] {dag.py:3696} INFO - Setting next_dagrun for example_xcom_args_with_operators to None, run_after=None
[2023-10-11T03:49:41.811+0000] {processor.py:179} INFO - Processing /home/airflow/.local/lib/python3.8/site-packages/airflow/example_dags/example_xcomargs.py took 0.095 seconds
[2023-10-11T03:50:12.212+0000] {processor.py:157} INFO - Started process (PID=1290) to work on /home/airflow/.local/lib/python3.8/site-packages/airflow/example_dags/example_xcomargs.py
[2023-10-11T03:50:12.214+0000] {processor.py:829} INFO - Processing file /home/airflow/.local/lib/python3.8/site-packages/airflow/example_dags/example_xcomargs.py for tasks to queue
[2023-10-11T03:50:12.216+0000] {logging_mixin.py:151} INFO - [2023-10-11T03:50:12.216+0000] {dagbag.py:539} INFO - Filling up the DagBag from /home/airflow/.local/lib/python3.8/site-packages/airflow/example_dags/example_xcomargs.py
[2023-10-11T03:50:12.224+0000] {processor.py:839} INFO - DAG(s) dict_keys(['example_xcom_args', 'example_xcom_args_with_operators']) retrieved from /home/airflow/.local/lib/python3.8/site-packages/airflow/example_dags/example_xcomargs.py
[2023-10-11T03:50:12.250+0000] {logging_mixin.py:151} INFO - [2023-10-11T03:50:12.250+0000] {dag.py:2915} INFO - Sync 2 DAGs
[2023-10-11T03:50:12.262+0000] {logging_mixin.py:151} INFO - [2023-10-11T03:50:12.262+0000] {dag.py:3696} INFO - Setting next_dagrun for example_xcom_args to None, run_after=None
[2023-10-11T03:50:12.267+0000] {logging_mixin.py:151} INFO - [2023-10-11T03:50:12.267+0000] {dag.py:3696} INFO - Setting next_dagrun for example_xcom_args_with_operators to None, run_after=None
[2023-10-11T03:50:12.285+0000] {processor.py:179} INFO - Processing /home/airflow/.local/lib/python3.8/site-packages/airflow/example_dags/example_xcomargs.py took 0.076 seconds
[2023-10-11T03:50:42.514+0000] {processor.py:157} INFO - Started process (PID=1347) to work on /home/airflow/.local/lib/python3.8/site-packages/airflow/example_dags/example_xcomargs.py
[2023-10-11T03:50:42.516+0000] {processor.py:829} INFO - Processing file /home/airflow/.local/lib/python3.8/site-packages/airflow/example_dags/example_xcomargs.py for tasks to queue
[2023-10-11T03:50:42.518+0000] {logging_mixin.py:151} INFO - [2023-10-11T03:50:42.518+0000] {dagbag.py:539} INFO - Filling up the DagBag from /home/airflow/.local/lib/python3.8/site-packages/airflow/example_dags/example_xcomargs.py
[2023-10-11T03:50:42.526+0000] {processor.py:839} INFO - DAG(s) dict_keys(['example_xcom_args_with_operators', 'example_xcom_args']) retrieved from /home/airflow/.local/lib/python3.8/site-packages/airflow/example_dags/example_xcomargs.py
[2023-10-11T03:50:42.553+0000] {logging_mixin.py:151} INFO - [2023-10-11T03:50:42.552+0000] {dag.py:2915} INFO - Sync 2 DAGs
[2023-10-11T03:50:42.566+0000] {logging_mixin.py:151} INFO - [2023-10-11T03:50:42.566+0000] {dag.py:3696} INFO - Setting next_dagrun for example_xcom_args to None, run_after=None
[2023-10-11T03:50:42.570+0000] {logging_mixin.py:151} INFO - [2023-10-11T03:50:42.570+0000] {dag.py:3696} INFO - Setting next_dagrun for example_xcom_args_with_operators to None, run_after=None
[2023-10-11T03:50:42.590+0000] {processor.py:179} INFO - Processing /home/airflow/.local/lib/python3.8/site-packages/airflow/example_dags/example_xcomargs.py took 0.078 seconds
[2023-10-11T03:51:13.227+0000] {processor.py:157} INFO - Started process (PID=1404) to work on /home/airflow/.local/lib/python3.8/site-packages/airflow/example_dags/example_xcomargs.py
[2023-10-11T03:51:13.229+0000] {processor.py:829} INFO - Processing file /home/airflow/.local/lib/python3.8/site-packages/airflow/example_dags/example_xcomargs.py for tasks to queue
[2023-10-11T03:51:13.233+0000] {logging_mixin.py:151} INFO - [2023-10-11T03:51:13.232+0000] {dagbag.py:539} INFO - Filling up the DagBag from /home/airflow/.local/lib/python3.8/site-packages/airflow/example_dags/example_xcomargs.py
[2023-10-11T03:51:13.242+0000] {processor.py:839} INFO - DAG(s) dict_keys(['example_xcom_args', 'example_xcom_args_with_operators']) retrieved from /home/airflow/.local/lib/python3.8/site-packages/airflow/example_dags/example_xcomargs.py
[2023-10-11T03:51:13.271+0000] {logging_mixin.py:151} INFO - [2023-10-11T03:51:13.271+0000] {dag.py:2915} INFO - Sync 2 DAGs
[2023-10-11T03:51:13.287+0000] {logging_mixin.py:151} INFO - [2023-10-11T03:51:13.287+0000] {dag.py:3696} INFO - Setting next_dagrun for example_xcom_args to None, run_after=None
[2023-10-11T03:51:13.293+0000] {logging_mixin.py:151} INFO - [2023-10-11T03:51:13.293+0000] {dag.py:3696} INFO - Setting next_dagrun for example_xcom_args_with_operators to None, run_after=None
[2023-10-11T03:51:13.322+0000] {processor.py:179} INFO - Processing /home/airflow/.local/lib/python3.8/site-packages/airflow/example_dags/example_xcomargs.py took 0.099 seconds
[2023-10-11T03:51:43.500+0000] {processor.py:157} INFO - Started process (PID=1461) to work on /home/airflow/.local/lib/python3.8/site-packages/airflow/example_dags/example_xcomargs.py
[2023-10-11T03:51:43.502+0000] {processor.py:829} INFO - Processing file /home/airflow/.local/lib/python3.8/site-packages/airflow/example_dags/example_xcomargs.py for tasks to queue
[2023-10-11T03:51:43.504+0000] {logging_mixin.py:151} INFO - [2023-10-11T03:51:43.504+0000] {dagbag.py:539} INFO - Filling up the DagBag from /home/airflow/.local/lib/python3.8/site-packages/airflow/example_dags/example_xcomargs.py
[2023-10-11T03:51:43.512+0000] {processor.py:839} INFO - DAG(s) dict_keys(['example_xcom_args_with_operators', 'example_xcom_args']) retrieved from /home/airflow/.local/lib/python3.8/site-packages/airflow/example_dags/example_xcomargs.py
[2023-10-11T03:51:43.536+0000] {logging_mixin.py:151} INFO - [2023-10-11T03:51:43.536+0000] {dag.py:2915} INFO - Sync 2 DAGs
[2023-10-11T03:51:43.547+0000] {logging_mixin.py:151} INFO - [2023-10-11T03:51:43.547+0000] {dag.py:3696} INFO - Setting next_dagrun for example_xcom_args to None, run_after=None
[2023-10-11T03:51:43.552+0000] {logging_mixin.py:151} INFO - [2023-10-11T03:51:43.552+0000] {dag.py:3696} INFO - Setting next_dagrun for example_xcom_args_with_operators to None, run_after=None
[2023-10-11T03:51:43.572+0000] {processor.py:179} INFO - Processing /home/airflow/.local/lib/python3.8/site-packages/airflow/example_dags/example_xcomargs.py took 0.078 seconds
[2023-10-11T03:52:14.053+0000] {processor.py:157} INFO - Started process (PID=1518) to work on /home/airflow/.local/lib/python3.8/site-packages/airflow/example_dags/example_xcomargs.py
[2023-10-11T03:52:14.054+0000] {processor.py:829} INFO - Processing file /home/airflow/.local/lib/python3.8/site-packages/airflow/example_dags/example_xcomargs.py for tasks to queue
[2023-10-11T03:52:14.057+0000] {logging_mixin.py:151} INFO - [2023-10-11T03:52:14.056+0000] {dagbag.py:539} INFO - Filling up the DagBag from /home/airflow/.local/lib/python3.8/site-packages/airflow/example_dags/example_xcomargs.py
[2023-10-11T03:52:14.065+0000] {processor.py:839} INFO - DAG(s) dict_keys(['example_xcom_args', 'example_xcom_args_with_operators']) retrieved from /home/airflow/.local/lib/python3.8/site-packages/airflow/example_dags/example_xcomargs.py
[2023-10-11T03:52:14.089+0000] {logging_mixin.py:151} INFO - [2023-10-11T03:52:14.089+0000] {dag.py:2915} INFO - Sync 2 DAGs
[2023-10-11T03:52:14.101+0000] {logging_mixin.py:151} INFO - [2023-10-11T03:52:14.101+0000] {dag.py:3696} INFO - Setting next_dagrun for example_xcom_args to None, run_after=None
[2023-10-11T03:52:14.105+0000] {logging_mixin.py:151} INFO - [2023-10-11T03:52:14.104+0000] {dag.py:3696} INFO - Setting next_dagrun for example_xcom_args_with_operators to None, run_after=None
[2023-10-11T03:52:14.129+0000] {processor.py:179} INFO - Processing /home/airflow/.local/lib/python3.8/site-packages/airflow/example_dags/example_xcomargs.py took 0.079 seconds
[2023-10-11T03:52:44.410+0000] {processor.py:157} INFO - Started process (PID=1575) to work on /home/airflow/.local/lib/python3.8/site-packages/airflow/example_dags/example_xcomargs.py
[2023-10-11T03:52:44.411+0000] {processor.py:829} INFO - Processing file /home/airflow/.local/lib/python3.8/site-packages/airflow/example_dags/example_xcomargs.py for tasks to queue
[2023-10-11T03:52:44.414+0000] {logging_mixin.py:151} INFO - [2023-10-11T03:52:44.414+0000] {dagbag.py:539} INFO - Filling up the DagBag from /home/airflow/.local/lib/python3.8/site-packages/airflow/example_dags/example_xcomargs.py
[2023-10-11T03:52:44.421+0000] {processor.py:839} INFO - DAG(s) dict_keys(['example_xcom_args', 'example_xcom_args_with_operators']) retrieved from /home/airflow/.local/lib/python3.8/site-packages/airflow/example_dags/example_xcomargs.py
[2023-10-11T03:52:44.444+0000] {logging_mixin.py:151} INFO - [2023-10-11T03:52:44.444+0000] {dag.py:2915} INFO - Sync 2 DAGs
[2023-10-11T03:52:44.455+0000] {logging_mixin.py:151} INFO - [2023-10-11T03:52:44.454+0000] {dag.py:3696} INFO - Setting next_dagrun for example_xcom_args to None, run_after=None
[2023-10-11T03:52:44.458+0000] {logging_mixin.py:151} INFO - [2023-10-11T03:52:44.458+0000] {dag.py:3696} INFO - Setting next_dagrun for example_xcom_args_with_operators to None, run_after=None
[2023-10-11T03:52:44.478+0000] {processor.py:179} INFO - Processing /home/airflow/.local/lib/python3.8/site-packages/airflow/example_dags/example_xcomargs.py took 0.072 seconds
[2023-10-11T03:53:15.483+0000] {processor.py:157} INFO - Started process (PID=1632) to work on /home/airflow/.local/lib/python3.8/site-packages/airflow/example_dags/example_xcomargs.py
[2023-10-11T03:53:15.485+0000] {processor.py:829} INFO - Processing file /home/airflow/.local/lib/python3.8/site-packages/airflow/example_dags/example_xcomargs.py for tasks to queue
[2023-10-11T03:53:15.488+0000] {logging_mixin.py:151} INFO - [2023-10-11T03:53:15.487+0000] {dagbag.py:539} INFO - Filling up the DagBag from /home/airflow/.local/lib/python3.8/site-packages/airflow/example_dags/example_xcomargs.py
[2023-10-11T03:53:15.497+0000] {processor.py:839} INFO - DAG(s) dict_keys(['example_xcom_args', 'example_xcom_args_with_operators']) retrieved from /home/airflow/.local/lib/python3.8/site-packages/airflow/example_dags/example_xcomargs.py
[2023-10-11T03:53:15.523+0000] {logging_mixin.py:151} INFO - [2023-10-11T03:53:15.523+0000] {dag.py:2915} INFO - Sync 2 DAGs
[2023-10-11T03:53:15.536+0000] {logging_mixin.py:151} INFO - [2023-10-11T03:53:15.536+0000] {dag.py:3696} INFO - Setting next_dagrun for example_xcom_args to None, run_after=None
[2023-10-11T03:53:15.540+0000] {logging_mixin.py:151} INFO - [2023-10-11T03:53:15.540+0000] {dag.py:3696} INFO - Setting next_dagrun for example_xcom_args_with_operators to None, run_after=None
[2023-10-11T03:53:15.560+0000] {processor.py:179} INFO - Processing /home/airflow/.local/lib/python3.8/site-packages/airflow/example_dags/example_xcomargs.py took 0.081 seconds
[2023-10-11T03:53:45.907+0000] {processor.py:157} INFO - Started process (PID=1689) to work on /home/airflow/.local/lib/python3.8/site-packages/airflow/example_dags/example_xcomargs.py
[2023-10-11T03:53:45.909+0000] {processor.py:829} INFO - Processing file /home/airflow/.local/lib/python3.8/site-packages/airflow/example_dags/example_xcomargs.py for tasks to queue
[2023-10-11T03:53:45.912+0000] {logging_mixin.py:151} INFO - [2023-10-11T03:53:45.911+0000] {dagbag.py:539} INFO - Filling up the DagBag from /home/airflow/.local/lib/python3.8/site-packages/airflow/example_dags/example_xcomargs.py
[2023-10-11T03:53:45.919+0000] {processor.py:839} INFO - DAG(s) dict_keys(['example_xcom_args', 'example_xcom_args_with_operators']) retrieved from /home/airflow/.local/lib/python3.8/site-packages/airflow/example_dags/example_xcomargs.py
[2023-10-11T03:53:45.949+0000] {logging_mixin.py:151} INFO - [2023-10-11T03:53:45.948+0000] {dag.py:2915} INFO - Sync 2 DAGs
[2023-10-11T03:53:45.959+0000] {logging_mixin.py:151} INFO - [2023-10-11T03:53:45.959+0000] {dag.py:3696} INFO - Setting next_dagrun for example_xcom_args to None, run_after=None
[2023-10-11T03:53:45.964+0000] {logging_mixin.py:151} INFO - [2023-10-11T03:53:45.964+0000] {dag.py:3696} INFO - Setting next_dagrun for example_xcom_args_with_operators to None, run_after=None
[2023-10-11T03:53:45.984+0000] {processor.py:179} INFO - Processing /home/airflow/.local/lib/python3.8/site-packages/airflow/example_dags/example_xcomargs.py took 0.079 seconds
[2023-10-11T03:54:16.172+0000] {processor.py:157} INFO - Started process (PID=1746) to work on /home/airflow/.local/lib/python3.8/site-packages/airflow/example_dags/example_xcomargs.py
[2023-10-11T03:54:16.174+0000] {processor.py:829} INFO - Processing file /home/airflow/.local/lib/python3.8/site-packages/airflow/example_dags/example_xcomargs.py for tasks to queue
[2023-10-11T03:54:16.178+0000] {logging_mixin.py:151} INFO - [2023-10-11T03:54:16.178+0000] {dagbag.py:539} INFO - Filling up the DagBag from /home/airflow/.local/lib/python3.8/site-packages/airflow/example_dags/example_xcomargs.py
[2023-10-11T03:54:16.185+0000] {processor.py:839} INFO - DAG(s) dict_keys(['example_xcom_args', 'example_xcom_args_with_operators']) retrieved from /home/airflow/.local/lib/python3.8/site-packages/airflow/example_dags/example_xcomargs.py
[2023-10-11T03:54:16.213+0000] {logging_mixin.py:151} INFO - [2023-10-11T03:54:16.213+0000] {dag.py:2915} INFO - Sync 2 DAGs
[2023-10-11T03:54:16.225+0000] {logging_mixin.py:151} INFO - [2023-10-11T03:54:16.225+0000] {dag.py:3696} INFO - Setting next_dagrun for example_xcom_args to None, run_after=None
[2023-10-11T03:54:16.230+0000] {logging_mixin.py:151} INFO - [2023-10-11T03:54:16.230+0000] {dag.py:3696} INFO - Setting next_dagrun for example_xcom_args_with_operators to None, run_after=None
[2023-10-11T03:54:16.250+0000] {processor.py:179} INFO - Processing /home/airflow/.local/lib/python3.8/site-packages/airflow/example_dags/example_xcomargs.py took 0.081 seconds
[2023-10-11T03:54:46.362+0000] {processor.py:157} INFO - Started process (PID=1803) to work on /home/airflow/.local/lib/python3.8/site-packages/airflow/example_dags/example_xcomargs.py
[2023-10-11T03:54:46.364+0000] {processor.py:829} INFO - Processing file /home/airflow/.local/lib/python3.8/site-packages/airflow/example_dags/example_xcomargs.py for tasks to queue
[2023-10-11T03:54:46.367+0000] {logging_mixin.py:151} INFO - [2023-10-11T03:54:46.367+0000] {dagbag.py:539} INFO - Filling up the DagBag from /home/airflow/.local/lib/python3.8/site-packages/airflow/example_dags/example_xcomargs.py
[2023-10-11T03:54:46.375+0000] {processor.py:839} INFO - DAG(s) dict_keys(['example_xcom_args', 'example_xcom_args_with_operators']) retrieved from /home/airflow/.local/lib/python3.8/site-packages/airflow/example_dags/example_xcomargs.py
[2023-10-11T03:54:46.403+0000] {logging_mixin.py:151} INFO - [2023-10-11T03:54:46.402+0000] {dag.py:2915} INFO - Sync 2 DAGs
[2023-10-11T03:54:46.414+0000] {logging_mixin.py:151} INFO - [2023-10-11T03:54:46.414+0000] {dag.py:3696} INFO - Setting next_dagrun for example_xcom_args to None, run_after=None
[2023-10-11T03:54:46.417+0000] {logging_mixin.py:151} INFO - [2023-10-11T03:54:46.417+0000] {dag.py:3696} INFO - Setting next_dagrun for example_xcom_args_with_operators to None, run_after=None
[2023-10-11T03:54:46.436+0000] {processor.py:179} INFO - Processing /home/airflow/.local/lib/python3.8/site-packages/airflow/example_dags/example_xcomargs.py took 0.077 seconds
[2023-10-11T03:55:16.762+0000] {processor.py:157} INFO - Started process (PID=1860) to work on /home/airflow/.local/lib/python3.8/site-packages/airflow/example_dags/example_xcomargs.py
[2023-10-11T03:55:16.763+0000] {processor.py:829} INFO - Processing file /home/airflow/.local/lib/python3.8/site-packages/airflow/example_dags/example_xcomargs.py for tasks to queue
[2023-10-11T03:55:16.767+0000] {logging_mixin.py:151} INFO - [2023-10-11T03:55:16.766+0000] {dagbag.py:539} INFO - Filling up the DagBag from /home/airflow/.local/lib/python3.8/site-packages/airflow/example_dags/example_xcomargs.py
[2023-10-11T03:55:16.775+0000] {processor.py:839} INFO - DAG(s) dict_keys(['example_xcom_args', 'example_xcom_args_with_operators']) retrieved from /home/airflow/.local/lib/python3.8/site-packages/airflow/example_dags/example_xcomargs.py
[2023-10-11T03:55:16.800+0000] {logging_mixin.py:151} INFO - [2023-10-11T03:55:16.800+0000] {dag.py:2915} INFO - Sync 2 DAGs
[2023-10-11T03:55:16.814+0000] {logging_mixin.py:151} INFO - [2023-10-11T03:55:16.814+0000] {dag.py:3696} INFO - Setting next_dagrun for example_xcom_args to None, run_after=None
[2023-10-11T03:55:16.818+0000] {logging_mixin.py:151} INFO - [2023-10-11T03:55:16.818+0000] {dag.py:3696} INFO - Setting next_dagrun for example_xcom_args_with_operators to None, run_after=None
[2023-10-11T03:55:16.837+0000] {processor.py:179} INFO - Processing /home/airflow/.local/lib/python3.8/site-packages/airflow/example_dags/example_xcomargs.py took 0.079 seconds
[2023-10-11T03:55:47.159+0000] {processor.py:157} INFO - Started process (PID=1917) to work on /home/airflow/.local/lib/python3.8/site-packages/airflow/example_dags/example_xcomargs.py
[2023-10-11T03:55:47.161+0000] {processor.py:829} INFO - Processing file /home/airflow/.local/lib/python3.8/site-packages/airflow/example_dags/example_xcomargs.py for tasks to queue
[2023-10-11T03:55:47.164+0000] {logging_mixin.py:151} INFO - [2023-10-11T03:55:47.164+0000] {dagbag.py:539} INFO - Filling up the DagBag from /home/airflow/.local/lib/python3.8/site-packages/airflow/example_dags/example_xcomargs.py
[2023-10-11T03:55:47.172+0000] {processor.py:839} INFO - DAG(s) dict_keys(['example_xcom_args', 'example_xcom_args_with_operators']) retrieved from /home/airflow/.local/lib/python3.8/site-packages/airflow/example_dags/example_xcomargs.py
[2023-10-11T03:55:47.196+0000] {logging_mixin.py:151} INFO - [2023-10-11T03:55:47.196+0000] {dag.py:2915} INFO - Sync 2 DAGs
[2023-10-11T03:55:47.207+0000] {logging_mixin.py:151} INFO - [2023-10-11T03:55:47.207+0000] {dag.py:3696} INFO - Setting next_dagrun for example_xcom_args to None, run_after=None
[2023-10-11T03:55:47.211+0000] {logging_mixin.py:151} INFO - [2023-10-11T03:55:47.211+0000] {dag.py:3696} INFO - Setting next_dagrun for example_xcom_args_with_operators to None, run_after=None
[2023-10-11T03:55:47.231+0000] {processor.py:179} INFO - Processing /home/airflow/.local/lib/python3.8/site-packages/airflow/example_dags/example_xcomargs.py took 0.076 seconds
[2023-10-11T03:56:17.917+0000] {processor.py:157} INFO - Started process (PID=1974) to work on /home/airflow/.local/lib/python3.8/site-packages/airflow/example_dags/example_xcomargs.py
[2023-10-11T03:56:17.918+0000] {processor.py:829} INFO - Processing file /home/airflow/.local/lib/python3.8/site-packages/airflow/example_dags/example_xcomargs.py for tasks to queue
[2023-10-11T03:56:17.921+0000] {logging_mixin.py:151} INFO - [2023-10-11T03:56:17.921+0000] {dagbag.py:539} INFO - Filling up the DagBag from /home/airflow/.local/lib/python3.8/site-packages/airflow/example_dags/example_xcomargs.py
[2023-10-11T03:56:17.928+0000] {processor.py:839} INFO - DAG(s) dict_keys(['example_xcom_args', 'example_xcom_args_with_operators']) retrieved from /home/airflow/.local/lib/python3.8/site-packages/airflow/example_dags/example_xcomargs.py
[2023-10-11T03:56:17.954+0000] {logging_mixin.py:151} INFO - [2023-10-11T03:56:17.954+0000] {dag.py:2915} INFO - Sync 2 DAGs
[2023-10-11T03:56:17.967+0000] {logging_mixin.py:151} INFO - [2023-10-11T03:56:17.967+0000] {dag.py:3696} INFO - Setting next_dagrun for example_xcom_args to None, run_after=None
[2023-10-11T03:56:17.971+0000] {logging_mixin.py:151} INFO - [2023-10-11T03:56:17.971+0000] {dag.py:3696} INFO - Setting next_dagrun for example_xcom_args_with_operators to None, run_after=None
[2023-10-11T03:56:17.990+0000] {processor.py:179} INFO - Processing /home/airflow/.local/lib/python3.8/site-packages/airflow/example_dags/example_xcomargs.py took 0.077 seconds
[2023-10-11T03:56:48.282+0000] {processor.py:157} INFO - Started process (PID=2031) to work on /home/airflow/.local/lib/python3.8/site-packages/airflow/example_dags/example_xcomargs.py
[2023-10-11T03:56:48.284+0000] {processor.py:829} INFO - Processing file /home/airflow/.local/lib/python3.8/site-packages/airflow/example_dags/example_xcomargs.py for tasks to queue
[2023-10-11T03:56:48.286+0000] {logging_mixin.py:151} INFO - [2023-10-11T03:56:48.286+0000] {dagbag.py:539} INFO - Filling up the DagBag from /home/airflow/.local/lib/python3.8/site-packages/airflow/example_dags/example_xcomargs.py
[2023-10-11T03:56:48.298+0000] {processor.py:839} INFO - DAG(s) dict_keys(['example_xcom_args_with_operators', 'example_xcom_args']) retrieved from /home/airflow/.local/lib/python3.8/site-packages/airflow/example_dags/example_xcomargs.py
[2023-10-11T03:56:48.332+0000] {logging_mixin.py:151} INFO - [2023-10-11T03:56:48.331+0000] {dag.py:2915} INFO - Sync 2 DAGs
[2023-10-11T03:56:48.347+0000] {logging_mixin.py:151} INFO - [2023-10-11T03:56:48.347+0000] {dag.py:3696} INFO - Setting next_dagrun for example_xcom_args to None, run_after=None
[2023-10-11T03:56:48.352+0000] {logging_mixin.py:151} INFO - [2023-10-11T03:56:48.352+0000] {dag.py:3696} INFO - Setting next_dagrun for example_xcom_args_with_operators to None, run_after=None
[2023-10-11T03:56:48.378+0000] {processor.py:179} INFO - Processing /home/airflow/.local/lib/python3.8/site-packages/airflow/example_dags/example_xcomargs.py took 0.099 seconds
[2023-10-11T03:57:19.103+0000] {processor.py:157} INFO - Started process (PID=2088) to work on /home/airflow/.local/lib/python3.8/site-packages/airflow/example_dags/example_xcomargs.py
[2023-10-11T03:57:19.107+0000] {processor.py:829} INFO - Processing file /home/airflow/.local/lib/python3.8/site-packages/airflow/example_dags/example_xcomargs.py for tasks to queue
[2023-10-11T03:57:19.114+0000] {logging_mixin.py:151} INFO - [2023-10-11T03:57:19.113+0000] {dagbag.py:539} INFO - Filling up the DagBag from /home/airflow/.local/lib/python3.8/site-packages/airflow/example_dags/example_xcomargs.py
[2023-10-11T03:57:19.125+0000] {processor.py:839} INFO - DAG(s) dict_keys(['example_xcom_args_with_operators', 'example_xcom_args']) retrieved from /home/airflow/.local/lib/python3.8/site-packages/airflow/example_dags/example_xcomargs.py
[2023-10-11T03:57:19.149+0000] {logging_mixin.py:151} INFO - [2023-10-11T03:57:19.149+0000] {dag.py:2915} INFO - Sync 2 DAGs
[2023-10-11T03:57:19.161+0000] {logging_mixin.py:151} INFO - [2023-10-11T03:57:19.161+0000] {dag.py:3696} INFO - Setting next_dagrun for example_xcom_args to None, run_after=None
[2023-10-11T03:57:19.165+0000] {logging_mixin.py:151} INFO - [2023-10-11T03:57:19.165+0000] {dag.py:3696} INFO - Setting next_dagrun for example_xcom_args_with_operators to None, run_after=None
[2023-10-11T03:57:19.191+0000] {processor.py:179} INFO - Processing /home/airflow/.local/lib/python3.8/site-packages/airflow/example_dags/example_xcomargs.py took 0.093 seconds
[2023-10-11T03:57:49.471+0000] {processor.py:157} INFO - Started process (PID=2145) to work on /home/airflow/.local/lib/python3.8/site-packages/airflow/example_dags/example_xcomargs.py
[2023-10-11T03:57:49.472+0000] {processor.py:829} INFO - Processing file /home/airflow/.local/lib/python3.8/site-packages/airflow/example_dags/example_xcomargs.py for tasks to queue
[2023-10-11T03:57:49.475+0000] {logging_mixin.py:151} INFO - [2023-10-11T03:57:49.474+0000] {dagbag.py:539} INFO - Filling up the DagBag from /home/airflow/.local/lib/python3.8/site-packages/airflow/example_dags/example_xcomargs.py
[2023-10-11T03:57:49.482+0000] {processor.py:839} INFO - DAG(s) dict_keys(['example_xcom_args_with_operators', 'example_xcom_args']) retrieved from /home/airflow/.local/lib/python3.8/site-packages/airflow/example_dags/example_xcomargs.py
[2023-10-11T03:57:49.506+0000] {logging_mixin.py:151} INFO - [2023-10-11T03:57:49.506+0000] {dag.py:2915} INFO - Sync 2 DAGs
[2023-10-11T03:57:49.518+0000] {logging_mixin.py:151} INFO - [2023-10-11T03:57:49.518+0000] {dag.py:3696} INFO - Setting next_dagrun for example_xcom_args to None, run_after=None
[2023-10-11T03:57:49.522+0000] {logging_mixin.py:151} INFO - [2023-10-11T03:57:49.522+0000] {dag.py:3696} INFO - Setting next_dagrun for example_xcom_args_with_operators to None, run_after=None
[2023-10-11T03:57:49.543+0000] {processor.py:179} INFO - Processing /home/airflow/.local/lib/python3.8/site-packages/airflow/example_dags/example_xcomargs.py took 0.076 seconds
[2023-10-11T03:58:19.754+0000] {processor.py:157} INFO - Started process (PID=2202) to work on /home/airflow/.local/lib/python3.8/site-packages/airflow/example_dags/example_xcomargs.py
[2023-10-11T03:58:19.755+0000] {processor.py:829} INFO - Processing file /home/airflow/.local/lib/python3.8/site-packages/airflow/example_dags/example_xcomargs.py for tasks to queue
[2023-10-11T03:58:19.758+0000] {logging_mixin.py:151} INFO - [2023-10-11T03:58:19.758+0000] {dagbag.py:539} INFO - Filling up the DagBag from /home/airflow/.local/lib/python3.8/site-packages/airflow/example_dags/example_xcomargs.py
[2023-10-11T03:58:19.765+0000] {processor.py:839} INFO - DAG(s) dict_keys(['example_xcom_args', 'example_xcom_args_with_operators']) retrieved from /home/airflow/.local/lib/python3.8/site-packages/airflow/example_dags/example_xcomargs.py
[2023-10-11T03:58:19.791+0000] {logging_mixin.py:151} INFO - [2023-10-11T03:58:19.791+0000] {dag.py:2915} INFO - Sync 2 DAGs
[2023-10-11T03:58:19.804+0000] {logging_mixin.py:151} INFO - [2023-10-11T03:58:19.804+0000] {dag.py:3696} INFO - Setting next_dagrun for example_xcom_args to None, run_after=None
[2023-10-11T03:58:19.808+0000] {logging_mixin.py:151} INFO - [2023-10-11T03:58:19.808+0000] {dag.py:3696} INFO - Setting next_dagrun for example_xcom_args_with_operators to None, run_after=None
[2023-10-11T03:58:19.827+0000] {processor.py:179} INFO - Processing /home/airflow/.local/lib/python3.8/site-packages/airflow/example_dags/example_xcomargs.py took 0.076 seconds
[2023-10-11T03:58:49.930+0000] {processor.py:157} INFO - Started process (PID=2259) to work on /home/airflow/.local/lib/python3.8/site-packages/airflow/example_dags/example_xcomargs.py
[2023-10-11T03:58:49.932+0000] {processor.py:829} INFO - Processing file /home/airflow/.local/lib/python3.8/site-packages/airflow/example_dags/example_xcomargs.py for tasks to queue
[2023-10-11T03:58:49.934+0000] {logging_mixin.py:151} INFO - [2023-10-11T03:58:49.934+0000] {dagbag.py:539} INFO - Filling up the DagBag from /home/airflow/.local/lib/python3.8/site-packages/airflow/example_dags/example_xcomargs.py
[2023-10-11T03:58:49.944+0000] {processor.py:839} INFO - DAG(s) dict_keys(['example_xcom_args', 'example_xcom_args_with_operators']) retrieved from /home/airflow/.local/lib/python3.8/site-packages/airflow/example_dags/example_xcomargs.py
[2023-10-11T03:58:49.966+0000] {logging_mixin.py:151} INFO - [2023-10-11T03:58:49.966+0000] {dag.py:2915} INFO - Sync 2 DAGs
[2023-10-11T03:58:49.980+0000] {logging_mixin.py:151} INFO - [2023-10-11T03:58:49.980+0000] {dag.py:3696} INFO - Setting next_dagrun for example_xcom_args to None, run_after=None
[2023-10-11T03:58:49.983+0000] {logging_mixin.py:151} INFO - [2023-10-11T03:58:49.983+0000] {dag.py:3696} INFO - Setting next_dagrun for example_xcom_args_with_operators to None, run_after=None
[2023-10-11T03:58:50.002+0000] {processor.py:179} INFO - Processing /home/airflow/.local/lib/python3.8/site-packages/airflow/example_dags/example_xcomargs.py took 0.075 seconds
[2023-10-11T03:59:20.587+0000] {processor.py:157} INFO - Started process (PID=2316) to work on /home/airflow/.local/lib/python3.8/site-packages/airflow/example_dags/example_xcomargs.py
[2023-10-11T03:59:20.588+0000] {processor.py:829} INFO - Processing file /home/airflow/.local/lib/python3.8/site-packages/airflow/example_dags/example_xcomargs.py for tasks to queue
[2023-10-11T03:59:20.591+0000] {logging_mixin.py:151} INFO - [2023-10-11T03:59:20.590+0000] {dagbag.py:539} INFO - Filling up the DagBag from /home/airflow/.local/lib/python3.8/site-packages/airflow/example_dags/example_xcomargs.py
[2023-10-11T03:59:20.598+0000] {processor.py:839} INFO - DAG(s) dict_keys(['example_xcom_args', 'example_xcom_args_with_operators']) retrieved from /home/airflow/.local/lib/python3.8/site-packages/airflow/example_dags/example_xcomargs.py
[2023-10-11T03:59:20.621+0000] {logging_mixin.py:151} INFO - [2023-10-11T03:59:20.621+0000] {dag.py:2915} INFO - Sync 2 DAGs
[2023-10-11T03:59:20.633+0000] {logging_mixin.py:151} INFO - [2023-10-11T03:59:20.633+0000] {dag.py:3696} INFO - Setting next_dagrun for example_xcom_args to None, run_after=None
[2023-10-11T03:59:20.637+0000] {logging_mixin.py:151} INFO - [2023-10-11T03:59:20.636+0000] {dag.py:3696} INFO - Setting next_dagrun for example_xcom_args_with_operators to None, run_after=None
[2023-10-11T03:59:20.655+0000] {processor.py:179} INFO - Processing /home/airflow/.local/lib/python3.8/site-packages/airflow/example_dags/example_xcomargs.py took 0.071 seconds
[2023-10-11T03:59:51.119+0000] {processor.py:157} INFO - Started process (PID=2373) to work on /home/airflow/.local/lib/python3.8/site-packages/airflow/example_dags/example_xcomargs.py
[2023-10-11T03:59:51.120+0000] {processor.py:829} INFO - Processing file /home/airflow/.local/lib/python3.8/site-packages/airflow/example_dags/example_xcomargs.py for tasks to queue
[2023-10-11T03:59:51.123+0000] {logging_mixin.py:151} INFO - [2023-10-11T03:59:51.123+0000] {dagbag.py:539} INFO - Filling up the DagBag from /home/airflow/.local/lib/python3.8/site-packages/airflow/example_dags/example_xcomargs.py
[2023-10-11T03:59:51.130+0000] {processor.py:839} INFO - DAG(s) dict_keys(['example_xcom_args_with_operators', 'example_xcom_args']) retrieved from /home/airflow/.local/lib/python3.8/site-packages/airflow/example_dags/example_xcomargs.py
[2023-10-11T03:59:51.153+0000] {logging_mixin.py:151} INFO - [2023-10-11T03:59:51.153+0000] {dag.py:2915} INFO - Sync 2 DAGs
[2023-10-11T03:59:51.164+0000] {logging_mixin.py:151} INFO - [2023-10-11T03:59:51.163+0000] {dag.py:3696} INFO - Setting next_dagrun for example_xcom_args to None, run_after=None
[2023-10-11T03:59:51.168+0000] {logging_mixin.py:151} INFO - [2023-10-11T03:59:51.167+0000] {dag.py:3696} INFO - Setting next_dagrun for example_xcom_args_with_operators to None, run_after=None
[2023-10-11T03:59:51.190+0000] {processor.py:179} INFO - Processing /home/airflow/.local/lib/python3.8/site-packages/airflow/example_dags/example_xcomargs.py took 0.075 seconds
[2023-10-11T04:00:21.539+0000] {processor.py:157} INFO - Started process (PID=2430) to work on /home/airflow/.local/lib/python3.8/site-packages/airflow/example_dags/example_xcomargs.py
[2023-10-11T04:00:21.540+0000] {processor.py:829} INFO - Processing file /home/airflow/.local/lib/python3.8/site-packages/airflow/example_dags/example_xcomargs.py for tasks to queue
[2023-10-11T04:00:21.543+0000] {logging_mixin.py:151} INFO - [2023-10-11T04:00:21.543+0000] {dagbag.py:539} INFO - Filling up the DagBag from /home/airflow/.local/lib/python3.8/site-packages/airflow/example_dags/example_xcomargs.py
[2023-10-11T04:00:21.553+0000] {processor.py:839} INFO - DAG(s) dict_keys(['example_xcom_args_with_operators', 'example_xcom_args']) retrieved from /home/airflow/.local/lib/python3.8/site-packages/airflow/example_dags/example_xcomargs.py
[2023-10-11T04:00:21.577+0000] {logging_mixin.py:151} INFO - [2023-10-11T04:00:21.577+0000] {dag.py:2915} INFO - Sync 2 DAGs
[2023-10-11T04:00:21.588+0000] {logging_mixin.py:151} INFO - [2023-10-11T04:00:21.588+0000] {dag.py:3696} INFO - Setting next_dagrun for example_xcom_args to None, run_after=None
[2023-10-11T04:00:21.593+0000] {logging_mixin.py:151} INFO - [2023-10-11T04:00:21.593+0000] {dag.py:3696} INFO - Setting next_dagrun for example_xcom_args_with_operators to None, run_after=None
[2023-10-11T04:00:21.613+0000] {processor.py:179} INFO - Processing /home/airflow/.local/lib/python3.8/site-packages/airflow/example_dags/example_xcomargs.py took 0.077 seconds
[2023-10-11T04:00:51.917+0000] {processor.py:157} INFO - Started process (PID=2487) to work on /home/airflow/.local/lib/python3.8/site-packages/airflow/example_dags/example_xcomargs.py
[2023-10-11T04:00:51.919+0000] {processor.py:829} INFO - Processing file /home/airflow/.local/lib/python3.8/site-packages/airflow/example_dags/example_xcomargs.py for tasks to queue
[2023-10-11T04:00:51.922+0000] {logging_mixin.py:151} INFO - [2023-10-11T04:00:51.922+0000] {dagbag.py:539} INFO - Filling up the DagBag from /home/airflow/.local/lib/python3.8/site-packages/airflow/example_dags/example_xcomargs.py
[2023-10-11T04:00:51.934+0000] {processor.py:839} INFO - DAG(s) dict_keys(['example_xcom_args_with_operators', 'example_xcom_args']) retrieved from /home/airflow/.local/lib/python3.8/site-packages/airflow/example_dags/example_xcomargs.py
[2023-10-11T04:00:51.964+0000] {logging_mixin.py:151} INFO - [2023-10-11T04:00:51.963+0000] {dag.py:2915} INFO - Sync 2 DAGs
[2023-10-11T04:00:51.978+0000] {logging_mixin.py:151} INFO - [2023-10-11T04:00:51.978+0000] {dag.py:3696} INFO - Setting next_dagrun for example_xcom_args to None, run_after=None
[2023-10-11T04:00:51.982+0000] {logging_mixin.py:151} INFO - [2023-10-11T04:00:51.982+0000] {dag.py:3696} INFO - Setting next_dagrun for example_xcom_args_with_operators to None, run_after=None
[2023-10-11T04:00:52.005+0000] {processor.py:179} INFO - Processing /home/airflow/.local/lib/python3.8/site-packages/airflow/example_dags/example_xcomargs.py took 0.091 seconds
[2023-10-11T04:01:22.481+0000] {processor.py:157} INFO - Started process (PID=2544) to work on /home/airflow/.local/lib/python3.8/site-packages/airflow/example_dags/example_xcomargs.py
[2023-10-11T04:01:22.482+0000] {processor.py:829} INFO - Processing file /home/airflow/.local/lib/python3.8/site-packages/airflow/example_dags/example_xcomargs.py for tasks to queue
[2023-10-11T04:01:22.485+0000] {logging_mixin.py:151} INFO - [2023-10-11T04:01:22.484+0000] {dagbag.py:539} INFO - Filling up the DagBag from /home/airflow/.local/lib/python3.8/site-packages/airflow/example_dags/example_xcomargs.py
[2023-10-11T04:01:22.492+0000] {processor.py:839} INFO - DAG(s) dict_keys(['example_xcom_args_with_operators', 'example_xcom_args']) retrieved from /home/airflow/.local/lib/python3.8/site-packages/airflow/example_dags/example_xcomargs.py
[2023-10-11T04:01:22.516+0000] {logging_mixin.py:151} INFO - [2023-10-11T04:01:22.516+0000] {dag.py:2915} INFO - Sync 2 DAGs
[2023-10-11T04:01:22.528+0000] {logging_mixin.py:151} INFO - [2023-10-11T04:01:22.528+0000] {dag.py:3696} INFO - Setting next_dagrun for example_xcom_args to None, run_after=None
[2023-10-11T04:01:22.532+0000] {logging_mixin.py:151} INFO - [2023-10-11T04:01:22.532+0000] {dag.py:3696} INFO - Setting next_dagrun for example_xcom_args_with_operators to None, run_after=None
[2023-10-11T04:01:22.551+0000] {processor.py:179} INFO - Processing /home/airflow/.local/lib/python3.8/site-packages/airflow/example_dags/example_xcomargs.py took 0.073 seconds
[2023-10-11T04:01:53.087+0000] {processor.py:157} INFO - Started process (PID=2601) to work on /home/airflow/.local/lib/python3.8/site-packages/airflow/example_dags/example_xcomargs.py
[2023-10-11T04:01:53.089+0000] {processor.py:829} INFO - Processing file /home/airflow/.local/lib/python3.8/site-packages/airflow/example_dags/example_xcomargs.py for tasks to queue
[2023-10-11T04:01:53.091+0000] {logging_mixin.py:151} INFO - [2023-10-11T04:01:53.090+0000] {dagbag.py:539} INFO - Filling up the DagBag from /home/airflow/.local/lib/python3.8/site-packages/airflow/example_dags/example_xcomargs.py
[2023-10-11T04:01:53.099+0000] {processor.py:839} INFO - DAG(s) dict_keys(['example_xcom_args_with_operators', 'example_xcom_args']) retrieved from /home/airflow/.local/lib/python3.8/site-packages/airflow/example_dags/example_xcomargs.py
[2023-10-11T04:01:53.121+0000] {logging_mixin.py:151} INFO - [2023-10-11T04:01:53.121+0000] {dag.py:2915} INFO - Sync 2 DAGs
[2023-10-11T04:01:53.135+0000] {logging_mixin.py:151} INFO - [2023-10-11T04:01:53.135+0000] {dag.py:3696} INFO - Setting next_dagrun for example_xcom_args to None, run_after=None
[2023-10-11T04:01:53.140+0000] {logging_mixin.py:151} INFO - [2023-10-11T04:01:53.140+0000] {dag.py:3696} INFO - Setting next_dagrun for example_xcom_args_with_operators to None, run_after=None
[2023-10-11T04:01:53.160+0000] {processor.py:179} INFO - Processing /home/airflow/.local/lib/python3.8/site-packages/airflow/example_dags/example_xcomargs.py took 0.076 seconds
[2023-10-11T04:02:23.879+0000] {processor.py:157} INFO - Started process (PID=2658) to work on /home/airflow/.local/lib/python3.8/site-packages/airflow/example_dags/example_xcomargs.py
[2023-10-11T04:02:23.880+0000] {processor.py:829} INFO - Processing file /home/airflow/.local/lib/python3.8/site-packages/airflow/example_dags/example_xcomargs.py for tasks to queue
[2023-10-11T04:02:23.883+0000] {logging_mixin.py:151} INFO - [2023-10-11T04:02:23.883+0000] {dagbag.py:539} INFO - Filling up the DagBag from /home/airflow/.local/lib/python3.8/site-packages/airflow/example_dags/example_xcomargs.py
[2023-10-11T04:02:23.893+0000] {processor.py:839} INFO - DAG(s) dict_keys(['example_xcom_args_with_operators', 'example_xcom_args']) retrieved from /home/airflow/.local/lib/python3.8/site-packages/airflow/example_dags/example_xcomargs.py
[2023-10-11T04:02:23.918+0000] {logging_mixin.py:151} INFO - [2023-10-11T04:02:23.918+0000] {dag.py:2915} INFO - Sync 2 DAGs
[2023-10-11T04:02:23.933+0000] {logging_mixin.py:151} INFO - [2023-10-11T04:02:23.932+0000] {dag.py:3696} INFO - Setting next_dagrun for example_xcom_args to None, run_after=None
[2023-10-11T04:02:23.939+0000] {logging_mixin.py:151} INFO - [2023-10-11T04:02:23.938+0000] {dag.py:3696} INFO - Setting next_dagrun for example_xcom_args_with_operators to None, run_after=None
[2023-10-11T04:02:23.965+0000] {processor.py:179} INFO - Processing /home/airflow/.local/lib/python3.8/site-packages/airflow/example_dags/example_xcomargs.py took 0.091 seconds
[2023-10-11T04:02:54.799+0000] {processor.py:157} INFO - Started process (PID=2715) to work on /home/airflow/.local/lib/python3.8/site-packages/airflow/example_dags/example_xcomargs.py
[2023-10-11T04:02:54.800+0000] {processor.py:829} INFO - Processing file /home/airflow/.local/lib/python3.8/site-packages/airflow/example_dags/example_xcomargs.py for tasks to queue
[2023-10-11T04:02:54.802+0000] {logging_mixin.py:151} INFO - [2023-10-11T04:02:54.802+0000] {dagbag.py:539} INFO - Filling up the DagBag from /home/airflow/.local/lib/python3.8/site-packages/airflow/example_dags/example_xcomargs.py
[2023-10-11T04:02:54.809+0000] {processor.py:839} INFO - DAG(s) dict_keys(['example_xcom_args', 'example_xcom_args_with_operators']) retrieved from /home/airflow/.local/lib/python3.8/site-packages/airflow/example_dags/example_xcomargs.py
[2023-10-11T04:02:54.836+0000] {logging_mixin.py:151} INFO - [2023-10-11T04:02:54.836+0000] {dag.py:2915} INFO - Sync 2 DAGs
[2023-10-11T04:02:54.852+0000] {logging_mixin.py:151} INFO - [2023-10-11T04:02:54.851+0000] {dag.py:3696} INFO - Setting next_dagrun for example_xcom_args to None, run_after=None
[2023-10-11T04:02:54.856+0000] {logging_mixin.py:151} INFO - [2023-10-11T04:02:54.855+0000] {dag.py:3696} INFO - Setting next_dagrun for example_xcom_args_with_operators to None, run_after=None
[2023-10-11T04:02:54.875+0000] {processor.py:179} INFO - Processing /home/airflow/.local/lib/python3.8/site-packages/airflow/example_dags/example_xcomargs.py took 0.079 seconds
[2023-10-11T04:03:25.290+0000] {processor.py:157} INFO - Started process (PID=2772) to work on /home/airflow/.local/lib/python3.8/site-packages/airflow/example_dags/example_xcomargs.py
[2023-10-11T04:03:25.291+0000] {processor.py:829} INFO - Processing file /home/airflow/.local/lib/python3.8/site-packages/airflow/example_dags/example_xcomargs.py for tasks to queue
[2023-10-11T04:03:25.294+0000] {logging_mixin.py:151} INFO - [2023-10-11T04:03:25.293+0000] {dagbag.py:539} INFO - Filling up the DagBag from /home/airflow/.local/lib/python3.8/site-packages/airflow/example_dags/example_xcomargs.py
[2023-10-11T04:03:25.304+0000] {processor.py:839} INFO - DAG(s) dict_keys(['example_xcom_args', 'example_xcom_args_with_operators']) retrieved from /home/airflow/.local/lib/python3.8/site-packages/airflow/example_dags/example_xcomargs.py
[2023-10-11T04:03:25.336+0000] {logging_mixin.py:151} INFO - [2023-10-11T04:03:25.335+0000] {dag.py:2915} INFO - Sync 2 DAGs
[2023-10-11T04:03:25.348+0000] {logging_mixin.py:151} INFO - [2023-10-11T04:03:25.347+0000] {dag.py:3696} INFO - Setting next_dagrun for example_xcom_args to None, run_after=None
[2023-10-11T04:03:25.352+0000] {logging_mixin.py:151} INFO - [2023-10-11T04:03:25.352+0000] {dag.py:3696} INFO - Setting next_dagrun for example_xcom_args_with_operators to None, run_after=None
[2023-10-11T04:03:25.373+0000] {processor.py:179} INFO - Processing /home/airflow/.local/lib/python3.8/site-packages/airflow/example_dags/example_xcomargs.py took 0.086 seconds
[2023-10-11T04:03:55.977+0000] {processor.py:157} INFO - Started process (PID=2833) to work on /home/airflow/.local/lib/python3.8/site-packages/airflow/example_dags/example_xcomargs.py
[2023-10-11T04:03:55.979+0000] {processor.py:829} INFO - Processing file /home/airflow/.local/lib/python3.8/site-packages/airflow/example_dags/example_xcomargs.py for tasks to queue
[2023-10-11T04:03:55.982+0000] {logging_mixin.py:151} INFO - [2023-10-11T04:03:55.982+0000] {dagbag.py:539} INFO - Filling up the DagBag from /home/airflow/.local/lib/python3.8/site-packages/airflow/example_dags/example_xcomargs.py
[2023-10-11T04:03:55.993+0000] {processor.py:839} INFO - DAG(s) dict_keys(['example_xcom_args_with_operators', 'example_xcom_args']) retrieved from /home/airflow/.local/lib/python3.8/site-packages/airflow/example_dags/example_xcomargs.py
[2023-10-11T04:03:56.023+0000] {logging_mixin.py:151} INFO - [2023-10-11T04:03:56.023+0000] {dag.py:2915} INFO - Sync 2 DAGs
[2023-10-11T04:03:56.040+0000] {logging_mixin.py:151} INFO - [2023-10-11T04:03:56.039+0000] {dag.py:3696} INFO - Setting next_dagrun for example_xcom_args to None, run_after=None
[2023-10-11T04:03:56.048+0000] {logging_mixin.py:151} INFO - [2023-10-11T04:03:56.048+0000] {dag.py:3696} INFO - Setting next_dagrun for example_xcom_args_with_operators to None, run_after=None
[2023-10-11T04:03:56.083+0000] {processor.py:179} INFO - Processing /home/airflow/.local/lib/python3.8/site-packages/airflow/example_dags/example_xcomargs.py took 0.110 seconds
[2023-10-11T04:04:26.162+0000] {processor.py:157} INFO - Started process (PID=2897) to work on /home/airflow/.local/lib/python3.8/site-packages/airflow/example_dags/example_xcomargs.py
[2023-10-11T04:04:26.164+0000] {processor.py:829} INFO - Processing file /home/airflow/.local/lib/python3.8/site-packages/airflow/example_dags/example_xcomargs.py for tasks to queue
[2023-10-11T04:04:26.166+0000] {logging_mixin.py:151} INFO - [2023-10-11T04:04:26.166+0000] {dagbag.py:539} INFO - Filling up the DagBag from /home/airflow/.local/lib/python3.8/site-packages/airflow/example_dags/example_xcomargs.py
[2023-10-11T04:04:26.175+0000] {processor.py:839} INFO - DAG(s) dict_keys(['example_xcom_args', 'example_xcom_args_with_operators']) retrieved from /home/airflow/.local/lib/python3.8/site-packages/airflow/example_dags/example_xcomargs.py
[2023-10-11T04:04:26.200+0000] {logging_mixin.py:151} INFO - [2023-10-11T04:04:26.200+0000] {dag.py:2915} INFO - Sync 2 DAGs
[2023-10-11T04:04:26.213+0000] {logging_mixin.py:151} INFO - [2023-10-11T04:04:26.213+0000] {dag.py:3696} INFO - Setting next_dagrun for example_xcom_args to None, run_after=None
[2023-10-11T04:04:26.216+0000] {logging_mixin.py:151} INFO - [2023-10-11T04:04:26.216+0000] {dag.py:3696} INFO - Setting next_dagrun for example_xcom_args_with_operators to None, run_after=None
[2023-10-11T04:04:26.235+0000] {processor.py:179} INFO - Processing /home/airflow/.local/lib/python3.8/site-packages/airflow/example_dags/example_xcomargs.py took 0.076 seconds
