[2023-10-11T03:39:30.806+0000] {processor.py:157} INFO - Started process (PID=91) to work on /home/airflow/.local/lib/python3.8/site-packages/airflow/example_dags/example_local_kubernetes_executor.py
[2023-10-11T03:39:30.808+0000] {processor.py:829} INFO - Processing file /home/airflow/.local/lib/python3.8/site-packages/airflow/example_dags/example_local_kubernetes_executor.py for tasks to queue
[2023-10-11T03:39:30.811+0000] {logging_mixin.py:151} INFO - [2023-10-11T03:39:30.810+0000] {dagbag.py:539} INFO - Filling up the DagBag from /home/airflow/.local/lib/python3.8/site-packages/airflow/example_dags/example_local_kubernetes_executor.py
[2023-10-11T03:39:31.680+0000] {processor.py:839} INFO - DAG(s) dict_keys(['example_local_kubernetes_executor']) retrieved from /home/airflow/.local/lib/python3.8/site-packages/airflow/example_dags/example_local_kubernetes_executor.py
[2023-10-11T03:39:31.752+0000] {logging_mixin.py:151} INFO - [2023-10-11T03:39:31.751+0000] {dag.py:2915} INFO - Sync 1 DAGs
[2023-10-11T03:39:31.770+0000] {logging_mixin.py:151} INFO - [2023-10-11T03:39:31.770+0000] {dag.py:3696} INFO - Setting next_dagrun for example_local_kubernetes_executor to None, run_after=None
[2023-10-11T03:39:31.792+0000] {processor.py:179} INFO - Processing /home/airflow/.local/lib/python3.8/site-packages/airflow/example_dags/example_local_kubernetes_executor.py took 0.990 seconds
[2023-10-11T03:40:01.948+0000] {processor.py:157} INFO - Started process (PID=148) to work on /home/airflow/.local/lib/python3.8/site-packages/airflow/example_dags/example_local_kubernetes_executor.py
[2023-10-11T03:40:01.951+0000] {processor.py:829} INFO - Processing file /home/airflow/.local/lib/python3.8/site-packages/airflow/example_dags/example_local_kubernetes_executor.py for tasks to queue
[2023-10-11T03:40:01.956+0000] {logging_mixin.py:151} INFO - [2023-10-11T03:40:01.955+0000] {dagbag.py:539} INFO - Filling up the DagBag from /home/airflow/.local/lib/python3.8/site-packages/airflow/example_dags/example_local_kubernetes_executor.py
[2023-10-11T03:40:02.225+0000] {processor.py:839} INFO - DAG(s) dict_keys(['example_local_kubernetes_executor']) retrieved from /home/airflow/.local/lib/python3.8/site-packages/airflow/example_dags/example_local_kubernetes_executor.py
[2023-10-11T03:40:02.285+0000] {logging_mixin.py:151} INFO - [2023-10-11T03:40:02.284+0000] {dag.py:2915} INFO - Sync 1 DAGs
[2023-10-11T03:40:02.300+0000] {logging_mixin.py:151} INFO - [2023-10-11T03:40:02.300+0000] {dag.py:3696} INFO - Setting next_dagrun for example_local_kubernetes_executor to None, run_after=None
[2023-10-11T03:40:02.336+0000] {processor.py:179} INFO - Processing /home/airflow/.local/lib/python3.8/site-packages/airflow/example_dags/example_local_kubernetes_executor.py took 0.393 seconds
[2023-10-11T03:40:32.513+0000] {processor.py:157} INFO - Started process (PID=205) to work on /home/airflow/.local/lib/python3.8/site-packages/airflow/example_dags/example_local_kubernetes_executor.py
[2023-10-11T03:40:32.514+0000] {processor.py:829} INFO - Processing file /home/airflow/.local/lib/python3.8/site-packages/airflow/example_dags/example_local_kubernetes_executor.py for tasks to queue
[2023-10-11T03:40:32.517+0000] {logging_mixin.py:151} INFO - [2023-10-11T03:40:32.517+0000] {dagbag.py:539} INFO - Filling up the DagBag from /home/airflow/.local/lib/python3.8/site-packages/airflow/example_dags/example_local_kubernetes_executor.py
[2023-10-11T03:40:32.701+0000] {processor.py:839} INFO - DAG(s) dict_keys(['example_local_kubernetes_executor']) retrieved from /home/airflow/.local/lib/python3.8/site-packages/airflow/example_dags/example_local_kubernetes_executor.py
[2023-10-11T03:40:32.738+0000] {logging_mixin.py:151} INFO - [2023-10-11T03:40:32.737+0000] {dag.py:2915} INFO - Sync 1 DAGs
[2023-10-11T03:40:32.750+0000] {logging_mixin.py:151} INFO - [2023-10-11T03:40:32.750+0000] {dag.py:3696} INFO - Setting next_dagrun for example_local_kubernetes_executor to None, run_after=None
[2023-10-11T03:40:32.774+0000] {processor.py:179} INFO - Processing /home/airflow/.local/lib/python3.8/site-packages/airflow/example_dags/example_local_kubernetes_executor.py took 0.264 seconds
[2023-10-11T03:41:03.212+0000] {processor.py:157} INFO - Started process (PID=262) to work on /home/airflow/.local/lib/python3.8/site-packages/airflow/example_dags/example_local_kubernetes_executor.py
[2023-10-11T03:41:03.214+0000] {processor.py:829} INFO - Processing file /home/airflow/.local/lib/python3.8/site-packages/airflow/example_dags/example_local_kubernetes_executor.py for tasks to queue
[2023-10-11T03:41:03.217+0000] {logging_mixin.py:151} INFO - [2023-10-11T03:41:03.216+0000] {dagbag.py:539} INFO - Filling up the DagBag from /home/airflow/.local/lib/python3.8/site-packages/airflow/example_dags/example_local_kubernetes_executor.py
[2023-10-11T03:41:03.448+0000] {processor.py:839} INFO - DAG(s) dict_keys(['example_local_kubernetes_executor']) retrieved from /home/airflow/.local/lib/python3.8/site-packages/airflow/example_dags/example_local_kubernetes_executor.py
[2023-10-11T03:41:03.491+0000] {logging_mixin.py:151} INFO - [2023-10-11T03:41:03.490+0000] {dag.py:2915} INFO - Sync 1 DAGs
[2023-10-11T03:41:03.506+0000] {logging_mixin.py:151} INFO - [2023-10-11T03:41:03.505+0000] {dag.py:3696} INFO - Setting next_dagrun for example_local_kubernetes_executor to None, run_after=None
[2023-10-11T03:41:03.532+0000] {processor.py:179} INFO - Processing /home/airflow/.local/lib/python3.8/site-packages/airflow/example_dags/example_local_kubernetes_executor.py took 0.324 seconds
[2023-10-11T03:41:34.400+0000] {processor.py:157} INFO - Started process (PID=319) to work on /home/airflow/.local/lib/python3.8/site-packages/airflow/example_dags/example_local_kubernetes_executor.py
[2023-10-11T03:41:34.403+0000] {processor.py:829} INFO - Processing file /home/airflow/.local/lib/python3.8/site-packages/airflow/example_dags/example_local_kubernetes_executor.py for tasks to queue
[2023-10-11T03:41:34.407+0000] {logging_mixin.py:151} INFO - [2023-10-11T03:41:34.406+0000] {dagbag.py:539} INFO - Filling up the DagBag from /home/airflow/.local/lib/python3.8/site-packages/airflow/example_dags/example_local_kubernetes_executor.py
[2023-10-11T03:41:34.689+0000] {processor.py:839} INFO - DAG(s) dict_keys(['example_local_kubernetes_executor']) retrieved from /home/airflow/.local/lib/python3.8/site-packages/airflow/example_dags/example_local_kubernetes_executor.py
[2023-10-11T03:41:34.746+0000] {logging_mixin.py:151} INFO - [2023-10-11T03:41:34.745+0000] {dag.py:2915} INFO - Sync 1 DAGs
[2023-10-11T03:41:34.771+0000] {logging_mixin.py:151} INFO - [2023-10-11T03:41:34.771+0000] {dag.py:3696} INFO - Setting next_dagrun for example_local_kubernetes_executor to None, run_after=None
[2023-10-11T03:41:34.804+0000] {processor.py:179} INFO - Processing /home/airflow/.local/lib/python3.8/site-packages/airflow/example_dags/example_local_kubernetes_executor.py took 0.410 seconds
[2023-10-11T03:42:05.409+0000] {processor.py:157} INFO - Started process (PID=376) to work on /home/airflow/.local/lib/python3.8/site-packages/airflow/example_dags/example_local_kubernetes_executor.py
[2023-10-11T03:42:05.412+0000] {processor.py:829} INFO - Processing file /home/airflow/.local/lib/python3.8/site-packages/airflow/example_dags/example_local_kubernetes_executor.py for tasks to queue
[2023-10-11T03:42:05.415+0000] {logging_mixin.py:151} INFO - [2023-10-11T03:42:05.414+0000] {dagbag.py:539} INFO - Filling up the DagBag from /home/airflow/.local/lib/python3.8/site-packages/airflow/example_dags/example_local_kubernetes_executor.py
[2023-10-11T03:42:05.671+0000] {processor.py:839} INFO - DAG(s) dict_keys(['example_local_kubernetes_executor']) retrieved from /home/airflow/.local/lib/python3.8/site-packages/airflow/example_dags/example_local_kubernetes_executor.py
[2023-10-11T03:42:05.709+0000] {logging_mixin.py:151} INFO - [2023-10-11T03:42:05.708+0000] {dag.py:2915} INFO - Sync 1 DAGs
[2023-10-11T03:42:05.725+0000] {logging_mixin.py:151} INFO - [2023-10-11T03:42:05.725+0000] {dag.py:3696} INFO - Setting next_dagrun for example_local_kubernetes_executor to None, run_after=None
[2023-10-11T03:42:05.757+0000] {processor.py:179} INFO - Processing /home/airflow/.local/lib/python3.8/site-packages/airflow/example_dags/example_local_kubernetes_executor.py took 0.353 seconds
[2023-10-11T03:42:36.164+0000] {processor.py:157} INFO - Started process (PID=439) to work on /home/airflow/.local/lib/python3.8/site-packages/airflow/example_dags/example_local_kubernetes_executor.py
[2023-10-11T03:42:36.165+0000] {processor.py:829} INFO - Processing file /home/airflow/.local/lib/python3.8/site-packages/airflow/example_dags/example_local_kubernetes_executor.py for tasks to queue
[2023-10-11T03:42:36.167+0000] {logging_mixin.py:151} INFO - [2023-10-11T03:42:36.167+0000] {dagbag.py:539} INFO - Filling up the DagBag from /home/airflow/.local/lib/python3.8/site-packages/airflow/example_dags/example_local_kubernetes_executor.py
[2023-10-11T03:42:36.385+0000] {processor.py:839} INFO - DAG(s) dict_keys(['example_local_kubernetes_executor']) retrieved from /home/airflow/.local/lib/python3.8/site-packages/airflow/example_dags/example_local_kubernetes_executor.py
[2023-10-11T03:42:36.419+0000] {logging_mixin.py:151} INFO - [2023-10-11T03:42:36.418+0000] {dag.py:2915} INFO - Sync 1 DAGs
[2023-10-11T03:42:36.431+0000] {logging_mixin.py:151} INFO - [2023-10-11T03:42:36.431+0000] {dag.py:3696} INFO - Setting next_dagrun for example_local_kubernetes_executor to None, run_after=None
[2023-10-11T03:42:36.450+0000] {processor.py:179} INFO - Processing /home/airflow/.local/lib/python3.8/site-packages/airflow/example_dags/example_local_kubernetes_executor.py took 0.289 seconds
[2023-10-11T03:43:06.710+0000] {processor.py:157} INFO - Started process (PID=496) to work on /home/airflow/.local/lib/python3.8/site-packages/airflow/example_dags/example_local_kubernetes_executor.py
[2023-10-11T03:43:06.713+0000] {processor.py:829} INFO - Processing file /home/airflow/.local/lib/python3.8/site-packages/airflow/example_dags/example_local_kubernetes_executor.py for tasks to queue
[2023-10-11T03:43:06.717+0000] {logging_mixin.py:151} INFO - [2023-10-11T03:43:06.716+0000] {dagbag.py:539} INFO - Filling up the DagBag from /home/airflow/.local/lib/python3.8/site-packages/airflow/example_dags/example_local_kubernetes_executor.py
[2023-10-11T03:43:07.025+0000] {processor.py:839} INFO - DAG(s) dict_keys(['example_local_kubernetes_executor']) retrieved from /home/airflow/.local/lib/python3.8/site-packages/airflow/example_dags/example_local_kubernetes_executor.py
[2023-10-11T03:43:07.077+0000] {logging_mixin.py:151} INFO - [2023-10-11T03:43:07.076+0000] {dag.py:2915} INFO - Sync 1 DAGs
[2023-10-11T03:43:07.093+0000] {logging_mixin.py:151} INFO - [2023-10-11T03:43:07.093+0000] {dag.py:3696} INFO - Setting next_dagrun for example_local_kubernetes_executor to None, run_after=None
[2023-10-11T03:43:07.127+0000] {processor.py:179} INFO - Processing /home/airflow/.local/lib/python3.8/site-packages/airflow/example_dags/example_local_kubernetes_executor.py took 0.423 seconds
[2023-10-11T03:43:37.597+0000] {processor.py:157} INFO - Started process (PID=553) to work on /home/airflow/.local/lib/python3.8/site-packages/airflow/example_dags/example_local_kubernetes_executor.py
[2023-10-11T03:43:37.599+0000] {processor.py:829} INFO - Processing file /home/airflow/.local/lib/python3.8/site-packages/airflow/example_dags/example_local_kubernetes_executor.py for tasks to queue
[2023-10-11T03:43:37.601+0000] {logging_mixin.py:151} INFO - [2023-10-11T03:43:37.601+0000] {dagbag.py:539} INFO - Filling up the DagBag from /home/airflow/.local/lib/python3.8/site-packages/airflow/example_dags/example_local_kubernetes_executor.py
[2023-10-11T03:43:37.799+0000] {processor.py:839} INFO - DAG(s) dict_keys(['example_local_kubernetes_executor']) retrieved from /home/airflow/.local/lib/python3.8/site-packages/airflow/example_dags/example_local_kubernetes_executor.py
[2023-10-11T03:43:37.837+0000] {logging_mixin.py:151} INFO - [2023-10-11T03:43:37.836+0000] {dag.py:2915} INFO - Sync 1 DAGs
[2023-10-11T03:43:37.851+0000] {logging_mixin.py:151} INFO - [2023-10-11T03:43:37.851+0000] {dag.py:3696} INFO - Setting next_dagrun for example_local_kubernetes_executor to None, run_after=None
[2023-10-11T03:43:37.875+0000] {processor.py:179} INFO - Processing /home/airflow/.local/lib/python3.8/site-packages/airflow/example_dags/example_local_kubernetes_executor.py took 0.282 seconds
[2023-10-11T03:44:08.561+0000] {processor.py:157} INFO - Started process (PID=610) to work on /home/airflow/.local/lib/python3.8/site-packages/airflow/example_dags/example_local_kubernetes_executor.py
[2023-10-11T03:44:08.564+0000] {processor.py:829} INFO - Processing file /home/airflow/.local/lib/python3.8/site-packages/airflow/example_dags/example_local_kubernetes_executor.py for tasks to queue
[2023-10-11T03:44:08.567+0000] {logging_mixin.py:151} INFO - [2023-10-11T03:44:08.567+0000] {dagbag.py:539} INFO - Filling up the DagBag from /home/airflow/.local/lib/python3.8/site-packages/airflow/example_dags/example_local_kubernetes_executor.py
[2023-10-11T03:44:08.779+0000] {processor.py:839} INFO - DAG(s) dict_keys(['example_local_kubernetes_executor']) retrieved from /home/airflow/.local/lib/python3.8/site-packages/airflow/example_dags/example_local_kubernetes_executor.py
[2023-10-11T03:44:08.819+0000] {logging_mixin.py:151} INFO - [2023-10-11T03:44:08.818+0000] {dag.py:2915} INFO - Sync 1 DAGs
[2023-10-11T03:44:08.834+0000] {logging_mixin.py:151} INFO - [2023-10-11T03:44:08.834+0000] {dag.py:3696} INFO - Setting next_dagrun for example_local_kubernetes_executor to None, run_after=None
[2023-10-11T03:44:08.856+0000] {processor.py:179} INFO - Processing /home/airflow/.local/lib/python3.8/site-packages/airflow/example_dags/example_local_kubernetes_executor.py took 0.298 seconds
[2023-10-11T03:44:38.941+0000] {processor.py:157} INFO - Started process (PID=667) to work on /home/airflow/.local/lib/python3.8/site-packages/airflow/example_dags/example_local_kubernetes_executor.py
[2023-10-11T03:44:38.942+0000] {processor.py:829} INFO - Processing file /home/airflow/.local/lib/python3.8/site-packages/airflow/example_dags/example_local_kubernetes_executor.py for tasks to queue
[2023-10-11T03:44:38.945+0000] {logging_mixin.py:151} INFO - [2023-10-11T03:44:38.945+0000] {dagbag.py:539} INFO - Filling up the DagBag from /home/airflow/.local/lib/python3.8/site-packages/airflow/example_dags/example_local_kubernetes_executor.py
[2023-10-11T03:44:39.169+0000] {processor.py:839} INFO - DAG(s) dict_keys(['example_local_kubernetes_executor']) retrieved from /home/airflow/.local/lib/python3.8/site-packages/airflow/example_dags/example_local_kubernetes_executor.py
[2023-10-11T03:44:39.204+0000] {logging_mixin.py:151} INFO - [2023-10-11T03:44:39.203+0000] {dag.py:2915} INFO - Sync 1 DAGs
[2023-10-11T03:44:39.215+0000] {logging_mixin.py:151} INFO - [2023-10-11T03:44:39.214+0000] {dag.py:3696} INFO - Setting next_dagrun for example_local_kubernetes_executor to None, run_after=None
[2023-10-11T03:44:39.237+0000] {processor.py:179} INFO - Processing /home/airflow/.local/lib/python3.8/site-packages/airflow/example_dags/example_local_kubernetes_executor.py took 0.299 seconds
[2023-10-11T03:45:09.789+0000] {processor.py:157} INFO - Started process (PID=724) to work on /home/airflow/.local/lib/python3.8/site-packages/airflow/example_dags/example_local_kubernetes_executor.py
[2023-10-11T03:45:09.791+0000] {processor.py:829} INFO - Processing file /home/airflow/.local/lib/python3.8/site-packages/airflow/example_dags/example_local_kubernetes_executor.py for tasks to queue
[2023-10-11T03:45:09.794+0000] {logging_mixin.py:151} INFO - [2023-10-11T03:45:09.794+0000] {dagbag.py:539} INFO - Filling up the DagBag from /home/airflow/.local/lib/python3.8/site-packages/airflow/example_dags/example_local_kubernetes_executor.py
[2023-10-11T03:45:09.997+0000] {processor.py:839} INFO - DAG(s) dict_keys(['example_local_kubernetes_executor']) retrieved from /home/airflow/.local/lib/python3.8/site-packages/airflow/example_dags/example_local_kubernetes_executor.py
[2023-10-11T03:45:10.031+0000] {logging_mixin.py:151} INFO - [2023-10-11T03:45:10.030+0000] {dag.py:2915} INFO - Sync 1 DAGs
[2023-10-11T03:45:10.042+0000] {logging_mixin.py:151} INFO - [2023-10-11T03:45:10.042+0000] {dag.py:3696} INFO - Setting next_dagrun for example_local_kubernetes_executor to None, run_after=None
[2023-10-11T03:45:10.062+0000] {processor.py:179} INFO - Processing /home/airflow/.local/lib/python3.8/site-packages/airflow/example_dags/example_local_kubernetes_executor.py took 0.276 seconds
[2023-10-11T03:45:40.171+0000] {processor.py:157} INFO - Started process (PID=781) to work on /home/airflow/.local/lib/python3.8/site-packages/airflow/example_dags/example_local_kubernetes_executor.py
[2023-10-11T03:45:40.172+0000] {processor.py:829} INFO - Processing file /home/airflow/.local/lib/python3.8/site-packages/airflow/example_dags/example_local_kubernetes_executor.py for tasks to queue
[2023-10-11T03:45:40.175+0000] {logging_mixin.py:151} INFO - [2023-10-11T03:45:40.174+0000] {dagbag.py:539} INFO - Filling up the DagBag from /home/airflow/.local/lib/python3.8/site-packages/airflow/example_dags/example_local_kubernetes_executor.py
[2023-10-11T03:45:40.364+0000] {processor.py:839} INFO - DAG(s) dict_keys(['example_local_kubernetes_executor']) retrieved from /home/airflow/.local/lib/python3.8/site-packages/airflow/example_dags/example_local_kubernetes_executor.py
[2023-10-11T03:45:40.402+0000] {logging_mixin.py:151} INFO - [2023-10-11T03:45:40.401+0000] {dag.py:2915} INFO - Sync 1 DAGs
[2023-10-11T03:45:40.414+0000] {logging_mixin.py:151} INFO - [2023-10-11T03:45:40.414+0000] {dag.py:3696} INFO - Setting next_dagrun for example_local_kubernetes_executor to None, run_after=None
[2023-10-11T03:45:40.436+0000] {processor.py:179} INFO - Processing /home/airflow/.local/lib/python3.8/site-packages/airflow/example_dags/example_local_kubernetes_executor.py took 0.268 seconds
[2023-10-11T03:46:11.188+0000] {processor.py:157} INFO - Started process (PID=838) to work on /home/airflow/.local/lib/python3.8/site-packages/airflow/example_dags/example_local_kubernetes_executor.py
[2023-10-11T03:46:11.190+0000] {processor.py:829} INFO - Processing file /home/airflow/.local/lib/python3.8/site-packages/airflow/example_dags/example_local_kubernetes_executor.py for tasks to queue
[2023-10-11T03:46:11.193+0000] {logging_mixin.py:151} INFO - [2023-10-11T03:46:11.192+0000] {dagbag.py:539} INFO - Filling up the DagBag from /home/airflow/.local/lib/python3.8/site-packages/airflow/example_dags/example_local_kubernetes_executor.py
[2023-10-11T03:46:11.382+0000] {processor.py:839} INFO - DAG(s) dict_keys(['example_local_kubernetes_executor']) retrieved from /home/airflow/.local/lib/python3.8/site-packages/airflow/example_dags/example_local_kubernetes_executor.py
[2023-10-11T03:46:11.418+0000] {logging_mixin.py:151} INFO - [2023-10-11T03:46:11.418+0000] {dag.py:2915} INFO - Sync 1 DAGs
[2023-10-11T03:46:11.428+0000] {logging_mixin.py:151} INFO - [2023-10-11T03:46:11.428+0000] {dag.py:3696} INFO - Setting next_dagrun for example_local_kubernetes_executor to None, run_after=None
[2023-10-11T03:46:11.452+0000] {processor.py:179} INFO - Processing /home/airflow/.local/lib/python3.8/site-packages/airflow/example_dags/example_local_kubernetes_executor.py took 0.267 seconds
[2023-10-11T03:46:42.327+0000] {processor.py:157} INFO - Started process (PID=895) to work on /home/airflow/.local/lib/python3.8/site-packages/airflow/example_dags/example_local_kubernetes_executor.py
[2023-10-11T03:46:42.328+0000] {processor.py:829} INFO - Processing file /home/airflow/.local/lib/python3.8/site-packages/airflow/example_dags/example_local_kubernetes_executor.py for tasks to queue
[2023-10-11T03:46:42.331+0000] {logging_mixin.py:151} INFO - [2023-10-11T03:46:42.331+0000] {dagbag.py:539} INFO - Filling up the DagBag from /home/airflow/.local/lib/python3.8/site-packages/airflow/example_dags/example_local_kubernetes_executor.py
[2023-10-11T03:46:42.537+0000] {processor.py:839} INFO - DAG(s) dict_keys(['example_local_kubernetes_executor']) retrieved from /home/airflow/.local/lib/python3.8/site-packages/airflow/example_dags/example_local_kubernetes_executor.py
[2023-10-11T03:46:42.575+0000] {logging_mixin.py:151} INFO - [2023-10-11T03:46:42.574+0000] {dag.py:2915} INFO - Sync 1 DAGs
[2023-10-11T03:46:42.587+0000] {logging_mixin.py:151} INFO - [2023-10-11T03:46:42.587+0000] {dag.py:3696} INFO - Setting next_dagrun for example_local_kubernetes_executor to None, run_after=None
[2023-10-11T03:46:42.610+0000] {processor.py:179} INFO - Processing /home/airflow/.local/lib/python3.8/site-packages/airflow/example_dags/example_local_kubernetes_executor.py took 0.286 seconds
[2023-10-11T03:47:12.721+0000] {processor.py:157} INFO - Started process (PID=952) to work on /home/airflow/.local/lib/python3.8/site-packages/airflow/example_dags/example_local_kubernetes_executor.py
[2023-10-11T03:47:12.723+0000] {processor.py:829} INFO - Processing file /home/airflow/.local/lib/python3.8/site-packages/airflow/example_dags/example_local_kubernetes_executor.py for tasks to queue
[2023-10-11T03:47:12.726+0000] {logging_mixin.py:151} INFO - [2023-10-11T03:47:12.726+0000] {dagbag.py:539} INFO - Filling up the DagBag from /home/airflow/.local/lib/python3.8/site-packages/airflow/example_dags/example_local_kubernetes_executor.py
[2023-10-11T03:47:12.934+0000] {processor.py:839} INFO - DAG(s) dict_keys(['example_local_kubernetes_executor']) retrieved from /home/airflow/.local/lib/python3.8/site-packages/airflow/example_dags/example_local_kubernetes_executor.py
[2023-10-11T03:47:12.969+0000] {logging_mixin.py:151} INFO - [2023-10-11T03:47:12.968+0000] {dag.py:2915} INFO - Sync 1 DAGs
[2023-10-11T03:47:12.981+0000] {logging_mixin.py:151} INFO - [2023-10-11T03:47:12.981+0000] {dag.py:3696} INFO - Setting next_dagrun for example_local_kubernetes_executor to None, run_after=None
[2023-10-11T03:47:13.002+0000] {processor.py:179} INFO - Processing /home/airflow/.local/lib/python3.8/site-packages/airflow/example_dags/example_local_kubernetes_executor.py took 0.284 seconds
[2023-10-11T03:47:43.089+0000] {processor.py:157} INFO - Started process (PID=1009) to work on /home/airflow/.local/lib/python3.8/site-packages/airflow/example_dags/example_local_kubernetes_executor.py
[2023-10-11T03:47:43.090+0000] {processor.py:829} INFO - Processing file /home/airflow/.local/lib/python3.8/site-packages/airflow/example_dags/example_local_kubernetes_executor.py for tasks to queue
[2023-10-11T03:47:43.093+0000] {logging_mixin.py:151} INFO - [2023-10-11T03:47:43.093+0000] {dagbag.py:539} INFO - Filling up the DagBag from /home/airflow/.local/lib/python3.8/site-packages/airflow/example_dags/example_local_kubernetes_executor.py
[2023-10-11T03:47:43.284+0000] {processor.py:839} INFO - DAG(s) dict_keys(['example_local_kubernetes_executor']) retrieved from /home/airflow/.local/lib/python3.8/site-packages/airflow/example_dags/example_local_kubernetes_executor.py
[2023-10-11T03:47:43.318+0000] {logging_mixin.py:151} INFO - [2023-10-11T03:47:43.318+0000] {dag.py:2915} INFO - Sync 1 DAGs
[2023-10-11T03:47:43.328+0000] {logging_mixin.py:151} INFO - [2023-10-11T03:47:43.328+0000] {dag.py:3696} INFO - Setting next_dagrun for example_local_kubernetes_executor to None, run_after=None
[2023-10-11T03:47:43.349+0000] {processor.py:179} INFO - Processing /home/airflow/.local/lib/python3.8/site-packages/airflow/example_dags/example_local_kubernetes_executor.py took 0.263 seconds
[2023-10-11T03:48:13.561+0000] {processor.py:157} INFO - Started process (PID=1066) to work on /home/airflow/.local/lib/python3.8/site-packages/airflow/example_dags/example_local_kubernetes_executor.py
[2023-10-11T03:48:13.563+0000] {processor.py:829} INFO - Processing file /home/airflow/.local/lib/python3.8/site-packages/airflow/example_dags/example_local_kubernetes_executor.py for tasks to queue
[2023-10-11T03:48:13.566+0000] {logging_mixin.py:151} INFO - [2023-10-11T03:48:13.566+0000] {dagbag.py:539} INFO - Filling up the DagBag from /home/airflow/.local/lib/python3.8/site-packages/airflow/example_dags/example_local_kubernetes_executor.py
[2023-10-11T03:48:13.790+0000] {processor.py:839} INFO - DAG(s) dict_keys(['example_local_kubernetes_executor']) retrieved from /home/airflow/.local/lib/python3.8/site-packages/airflow/example_dags/example_local_kubernetes_executor.py
[2023-10-11T03:48:13.824+0000] {logging_mixin.py:151} INFO - [2023-10-11T03:48:13.824+0000] {dag.py:2915} INFO - Sync 1 DAGs
[2023-10-11T03:48:13.838+0000] {logging_mixin.py:151} INFO - [2023-10-11T03:48:13.838+0000] {dag.py:3696} INFO - Setting next_dagrun for example_local_kubernetes_executor to None, run_after=None
[2023-10-11T03:48:13.864+0000] {processor.py:179} INFO - Processing /home/airflow/.local/lib/python3.8/site-packages/airflow/example_dags/example_local_kubernetes_executor.py took 0.307 seconds
[2023-10-11T03:48:44.011+0000] {processor.py:157} INFO - Started process (PID=1123) to work on /home/airflow/.local/lib/python3.8/site-packages/airflow/example_dags/example_local_kubernetes_executor.py
[2023-10-11T03:48:44.012+0000] {processor.py:829} INFO - Processing file /home/airflow/.local/lib/python3.8/site-packages/airflow/example_dags/example_local_kubernetes_executor.py for tasks to queue
[2023-10-11T03:48:44.016+0000] {logging_mixin.py:151} INFO - [2023-10-11T03:48:44.016+0000] {dagbag.py:539} INFO - Filling up the DagBag from /home/airflow/.local/lib/python3.8/site-packages/airflow/example_dags/example_local_kubernetes_executor.py
[2023-10-11T03:48:44.210+0000] {processor.py:839} INFO - DAG(s) dict_keys(['example_local_kubernetes_executor']) retrieved from /home/airflow/.local/lib/python3.8/site-packages/airflow/example_dags/example_local_kubernetes_executor.py
[2023-10-11T03:48:44.247+0000] {logging_mixin.py:151} INFO - [2023-10-11T03:48:44.246+0000] {dag.py:2915} INFO - Sync 1 DAGs
[2023-10-11T03:48:44.258+0000] {logging_mixin.py:151} INFO - [2023-10-11T03:48:44.257+0000] {dag.py:3696} INFO - Setting next_dagrun for example_local_kubernetes_executor to None, run_after=None
[2023-10-11T03:48:44.278+0000] {processor.py:179} INFO - Processing /home/airflow/.local/lib/python3.8/site-packages/airflow/example_dags/example_local_kubernetes_executor.py took 0.270 seconds
[2023-10-11T03:49:14.487+0000] {processor.py:157} INFO - Started process (PID=1180) to work on /home/airflow/.local/lib/python3.8/site-packages/airflow/example_dags/example_local_kubernetes_executor.py
[2023-10-11T03:49:14.489+0000] {processor.py:829} INFO - Processing file /home/airflow/.local/lib/python3.8/site-packages/airflow/example_dags/example_local_kubernetes_executor.py for tasks to queue
[2023-10-11T03:49:14.491+0000] {logging_mixin.py:151} INFO - [2023-10-11T03:49:14.491+0000] {dagbag.py:539} INFO - Filling up the DagBag from /home/airflow/.local/lib/python3.8/site-packages/airflow/example_dags/example_local_kubernetes_executor.py
[2023-10-11T03:49:14.723+0000] {processor.py:839} INFO - DAG(s) dict_keys(['example_local_kubernetes_executor']) retrieved from /home/airflow/.local/lib/python3.8/site-packages/airflow/example_dags/example_local_kubernetes_executor.py
[2023-10-11T03:49:14.756+0000] {logging_mixin.py:151} INFO - [2023-10-11T03:49:14.756+0000] {dag.py:2915} INFO - Sync 1 DAGs
[2023-10-11T03:49:14.767+0000] {logging_mixin.py:151} INFO - [2023-10-11T03:49:14.767+0000] {dag.py:3696} INFO - Setting next_dagrun for example_local_kubernetes_executor to None, run_after=None
[2023-10-11T03:49:14.787+0000] {processor.py:179} INFO - Processing /home/airflow/.local/lib/python3.8/site-packages/airflow/example_dags/example_local_kubernetes_executor.py took 0.303 seconds
[2023-10-11T03:49:44.985+0000] {processor.py:157} INFO - Started process (PID=1237) to work on /home/airflow/.local/lib/python3.8/site-packages/airflow/example_dags/example_local_kubernetes_executor.py
[2023-10-11T03:49:44.987+0000] {processor.py:829} INFO - Processing file /home/airflow/.local/lib/python3.8/site-packages/airflow/example_dags/example_local_kubernetes_executor.py for tasks to queue
[2023-10-11T03:49:44.992+0000] {logging_mixin.py:151} INFO - [2023-10-11T03:49:44.992+0000] {dagbag.py:539} INFO - Filling up the DagBag from /home/airflow/.local/lib/python3.8/site-packages/airflow/example_dags/example_local_kubernetes_executor.py
[2023-10-11T03:49:45.194+0000] {processor.py:839} INFO - DAG(s) dict_keys(['example_local_kubernetes_executor']) retrieved from /home/airflow/.local/lib/python3.8/site-packages/airflow/example_dags/example_local_kubernetes_executor.py
[2023-10-11T03:49:45.241+0000] {logging_mixin.py:151} INFO - [2023-10-11T03:49:45.241+0000] {dag.py:2915} INFO - Sync 1 DAGs
[2023-10-11T03:49:45.252+0000] {logging_mixin.py:151} INFO - [2023-10-11T03:49:45.252+0000] {dag.py:3696} INFO - Setting next_dagrun for example_local_kubernetes_executor to None, run_after=None
[2023-10-11T03:49:45.276+0000] {processor.py:179} INFO - Processing /home/airflow/.local/lib/python3.8/site-packages/airflow/example_dags/example_local_kubernetes_executor.py took 0.293 seconds
[2023-10-11T03:50:15.541+0000] {processor.py:157} INFO - Started process (PID=1294) to work on /home/airflow/.local/lib/python3.8/site-packages/airflow/example_dags/example_local_kubernetes_executor.py
[2023-10-11T03:50:15.543+0000] {processor.py:829} INFO - Processing file /home/airflow/.local/lib/python3.8/site-packages/airflow/example_dags/example_local_kubernetes_executor.py for tasks to queue
[2023-10-11T03:50:15.545+0000] {logging_mixin.py:151} INFO - [2023-10-11T03:50:15.545+0000] {dagbag.py:539} INFO - Filling up the DagBag from /home/airflow/.local/lib/python3.8/site-packages/airflow/example_dags/example_local_kubernetes_executor.py
[2023-10-11T03:50:15.756+0000] {processor.py:839} INFO - DAG(s) dict_keys(['example_local_kubernetes_executor']) retrieved from /home/airflow/.local/lib/python3.8/site-packages/airflow/example_dags/example_local_kubernetes_executor.py
[2023-10-11T03:50:15.794+0000] {logging_mixin.py:151} INFO - [2023-10-11T03:50:15.793+0000] {dag.py:2915} INFO - Sync 1 DAGs
[2023-10-11T03:50:15.806+0000] {logging_mixin.py:151} INFO - [2023-10-11T03:50:15.806+0000] {dag.py:3696} INFO - Setting next_dagrun for example_local_kubernetes_executor to None, run_after=None
[2023-10-11T03:50:15.834+0000] {processor.py:179} INFO - Processing /home/airflow/.local/lib/python3.8/site-packages/airflow/example_dags/example_local_kubernetes_executor.py took 0.295 seconds
[2023-10-11T03:50:46.765+0000] {processor.py:157} INFO - Started process (PID=1351) to work on /home/airflow/.local/lib/python3.8/site-packages/airflow/example_dags/example_local_kubernetes_executor.py
[2023-10-11T03:50:46.767+0000] {processor.py:829} INFO - Processing file /home/airflow/.local/lib/python3.8/site-packages/airflow/example_dags/example_local_kubernetes_executor.py for tasks to queue
[2023-10-11T03:50:46.770+0000] {logging_mixin.py:151} INFO - [2023-10-11T03:50:46.770+0000] {dagbag.py:539} INFO - Filling up the DagBag from /home/airflow/.local/lib/python3.8/site-packages/airflow/example_dags/example_local_kubernetes_executor.py
[2023-10-11T03:50:46.998+0000] {processor.py:839} INFO - DAG(s) dict_keys(['example_local_kubernetes_executor']) retrieved from /home/airflow/.local/lib/python3.8/site-packages/airflow/example_dags/example_local_kubernetes_executor.py
[2023-10-11T03:50:47.039+0000] {logging_mixin.py:151} INFO - [2023-10-11T03:50:47.039+0000] {dag.py:2915} INFO - Sync 1 DAGs
[2023-10-11T03:50:47.055+0000] {logging_mixin.py:151} INFO - [2023-10-11T03:50:47.055+0000] {dag.py:3696} INFO - Setting next_dagrun for example_local_kubernetes_executor to None, run_after=None
[2023-10-11T03:50:47.080+0000] {processor.py:179} INFO - Processing /home/airflow/.local/lib/python3.8/site-packages/airflow/example_dags/example_local_kubernetes_executor.py took 0.318 seconds
[2023-10-11T03:51:17.505+0000] {processor.py:157} INFO - Started process (PID=1408) to work on /home/airflow/.local/lib/python3.8/site-packages/airflow/example_dags/example_local_kubernetes_executor.py
[2023-10-11T03:51:17.507+0000] {processor.py:829} INFO - Processing file /home/airflow/.local/lib/python3.8/site-packages/airflow/example_dags/example_local_kubernetes_executor.py for tasks to queue
[2023-10-11T03:51:17.511+0000] {logging_mixin.py:151} INFO - [2023-10-11T03:51:17.510+0000] {dagbag.py:539} INFO - Filling up the DagBag from /home/airflow/.local/lib/python3.8/site-packages/airflow/example_dags/example_local_kubernetes_executor.py
[2023-10-11T03:51:17.730+0000] {processor.py:839} INFO - DAG(s) dict_keys(['example_local_kubernetes_executor']) retrieved from /home/airflow/.local/lib/python3.8/site-packages/airflow/example_dags/example_local_kubernetes_executor.py
[2023-10-11T03:51:17.770+0000] {logging_mixin.py:151} INFO - [2023-10-11T03:51:17.770+0000] {dag.py:2915} INFO - Sync 1 DAGs
[2023-10-11T03:51:17.783+0000] {logging_mixin.py:151} INFO - [2023-10-11T03:51:17.782+0000] {dag.py:3696} INFO - Setting next_dagrun for example_local_kubernetes_executor to None, run_after=None
[2023-10-11T03:51:17.805+0000] {processor.py:179} INFO - Processing /home/airflow/.local/lib/python3.8/site-packages/airflow/example_dags/example_local_kubernetes_executor.py took 0.305 seconds
[2023-10-11T03:51:47.892+0000] {processor.py:157} INFO - Started process (PID=1464) to work on /home/airflow/.local/lib/python3.8/site-packages/airflow/example_dags/example_local_kubernetes_executor.py
[2023-10-11T03:51:47.894+0000] {processor.py:829} INFO - Processing file /home/airflow/.local/lib/python3.8/site-packages/airflow/example_dags/example_local_kubernetes_executor.py for tasks to queue
[2023-10-11T03:51:47.896+0000] {logging_mixin.py:151} INFO - [2023-10-11T03:51:47.896+0000] {dagbag.py:539} INFO - Filling up the DagBag from /home/airflow/.local/lib/python3.8/site-packages/airflow/example_dags/example_local_kubernetes_executor.py
[2023-10-11T03:51:48.108+0000] {processor.py:839} INFO - DAG(s) dict_keys(['example_local_kubernetes_executor']) retrieved from /home/airflow/.local/lib/python3.8/site-packages/airflow/example_dags/example_local_kubernetes_executor.py
[2023-10-11T03:51:48.152+0000] {logging_mixin.py:151} INFO - [2023-10-11T03:51:48.151+0000] {dag.py:2915} INFO - Sync 1 DAGs
[2023-10-11T03:51:48.164+0000] {logging_mixin.py:151} INFO - [2023-10-11T03:51:48.163+0000] {dag.py:3696} INFO - Setting next_dagrun for example_local_kubernetes_executor to None, run_after=None
[2023-10-11T03:51:48.183+0000] {processor.py:179} INFO - Processing /home/airflow/.local/lib/python3.8/site-packages/airflow/example_dags/example_local_kubernetes_executor.py took 0.295 seconds
[2023-10-11T03:52:18.411+0000] {processor.py:157} INFO - Started process (PID=1521) to work on /home/airflow/.local/lib/python3.8/site-packages/airflow/example_dags/example_local_kubernetes_executor.py
[2023-10-11T03:52:18.412+0000] {processor.py:829} INFO - Processing file /home/airflow/.local/lib/python3.8/site-packages/airflow/example_dags/example_local_kubernetes_executor.py for tasks to queue
[2023-10-11T03:52:18.416+0000] {logging_mixin.py:151} INFO - [2023-10-11T03:52:18.416+0000] {dagbag.py:539} INFO - Filling up the DagBag from /home/airflow/.local/lib/python3.8/site-packages/airflow/example_dags/example_local_kubernetes_executor.py
[2023-10-11T03:52:18.628+0000] {processor.py:839} INFO - DAG(s) dict_keys(['example_local_kubernetes_executor']) retrieved from /home/airflow/.local/lib/python3.8/site-packages/airflow/example_dags/example_local_kubernetes_executor.py
[2023-10-11T03:52:18.670+0000] {logging_mixin.py:151} INFO - [2023-10-11T03:52:18.669+0000] {dag.py:2915} INFO - Sync 1 DAGs
[2023-10-11T03:52:18.684+0000] {logging_mixin.py:151} INFO - [2023-10-11T03:52:18.684+0000] {dag.py:3696} INFO - Setting next_dagrun for example_local_kubernetes_executor to None, run_after=None
[2023-10-11T03:52:18.704+0000] {processor.py:179} INFO - Processing /home/airflow/.local/lib/python3.8/site-packages/airflow/example_dags/example_local_kubernetes_executor.py took 0.296 seconds
[2023-10-11T03:52:48.969+0000] {processor.py:157} INFO - Started process (PID=1581) to work on /home/airflow/.local/lib/python3.8/site-packages/airflow/example_dags/example_local_kubernetes_executor.py
[2023-10-11T03:52:48.971+0000] {processor.py:829} INFO - Processing file /home/airflow/.local/lib/python3.8/site-packages/airflow/example_dags/example_local_kubernetes_executor.py for tasks to queue
[2023-10-11T03:52:48.975+0000] {logging_mixin.py:151} INFO - [2023-10-11T03:52:48.974+0000] {dagbag.py:539} INFO - Filling up the DagBag from /home/airflow/.local/lib/python3.8/site-packages/airflow/example_dags/example_local_kubernetes_executor.py
[2023-10-11T03:52:49.244+0000] {processor.py:839} INFO - DAG(s) dict_keys(['example_local_kubernetes_executor']) retrieved from /home/airflow/.local/lib/python3.8/site-packages/airflow/example_dags/example_local_kubernetes_executor.py
[2023-10-11T03:52:49.282+0000] {logging_mixin.py:151} INFO - [2023-10-11T03:52:49.281+0000] {dag.py:2915} INFO - Sync 1 DAGs
[2023-10-11T03:52:49.297+0000] {logging_mixin.py:151} INFO - [2023-10-11T03:52:49.296+0000] {dag.py:3696} INFO - Setting next_dagrun for example_local_kubernetes_executor to None, run_after=None
[2023-10-11T03:52:49.316+0000] {processor.py:179} INFO - Processing /home/airflow/.local/lib/python3.8/site-packages/airflow/example_dags/example_local_kubernetes_executor.py took 0.352 seconds
[2023-10-11T03:53:20.122+0000] {processor.py:157} INFO - Started process (PID=1639) to work on /home/airflow/.local/lib/python3.8/site-packages/airflow/example_dags/example_local_kubernetes_executor.py
[2023-10-11T03:53:20.124+0000] {processor.py:829} INFO - Processing file /home/airflow/.local/lib/python3.8/site-packages/airflow/example_dags/example_local_kubernetes_executor.py for tasks to queue
[2023-10-11T03:53:20.127+0000] {logging_mixin.py:151} INFO - [2023-10-11T03:53:20.127+0000] {dagbag.py:539} INFO - Filling up the DagBag from /home/airflow/.local/lib/python3.8/site-packages/airflow/example_dags/example_local_kubernetes_executor.py
[2023-10-11T03:53:20.335+0000] {processor.py:839} INFO - DAG(s) dict_keys(['example_local_kubernetes_executor']) retrieved from /home/airflow/.local/lib/python3.8/site-packages/airflow/example_dags/example_local_kubernetes_executor.py
[2023-10-11T03:53:20.371+0000] {logging_mixin.py:151} INFO - [2023-10-11T03:53:20.371+0000] {dag.py:2915} INFO - Sync 1 DAGs
[2023-10-11T03:53:20.382+0000] {logging_mixin.py:151} INFO - [2023-10-11T03:53:20.381+0000] {dag.py:3696} INFO - Setting next_dagrun for example_local_kubernetes_executor to None, run_after=None
[2023-10-11T03:53:20.404+0000] {processor.py:179} INFO - Processing /home/airflow/.local/lib/python3.8/site-packages/airflow/example_dags/example_local_kubernetes_executor.py took 0.286 seconds
[2023-10-11T03:53:50.474+0000] {processor.py:157} INFO - Started process (PID=1696) to work on /home/airflow/.local/lib/python3.8/site-packages/airflow/example_dags/example_local_kubernetes_executor.py
[2023-10-11T03:53:50.475+0000] {processor.py:829} INFO - Processing file /home/airflow/.local/lib/python3.8/site-packages/airflow/example_dags/example_local_kubernetes_executor.py for tasks to queue
[2023-10-11T03:53:50.478+0000] {logging_mixin.py:151} INFO - [2023-10-11T03:53:50.478+0000] {dagbag.py:539} INFO - Filling up the DagBag from /home/airflow/.local/lib/python3.8/site-packages/airflow/example_dags/example_local_kubernetes_executor.py
[2023-10-11T03:53:50.695+0000] {processor.py:839} INFO - DAG(s) dict_keys(['example_local_kubernetes_executor']) retrieved from /home/airflow/.local/lib/python3.8/site-packages/airflow/example_dags/example_local_kubernetes_executor.py
[2023-10-11T03:53:50.729+0000] {logging_mixin.py:151} INFO - [2023-10-11T03:53:50.729+0000] {dag.py:2915} INFO - Sync 1 DAGs
[2023-10-11T03:53:50.744+0000] {logging_mixin.py:151} INFO - [2023-10-11T03:53:50.744+0000] {dag.py:3696} INFO - Setting next_dagrun for example_local_kubernetes_executor to None, run_after=None
[2023-10-11T03:53:50.769+0000] {processor.py:179} INFO - Processing /home/airflow/.local/lib/python3.8/site-packages/airflow/example_dags/example_local_kubernetes_executor.py took 0.298 seconds
[2023-10-11T03:54:21.619+0000] {processor.py:157} INFO - Started process (PID=1753) to work on /home/airflow/.local/lib/python3.8/site-packages/airflow/example_dags/example_local_kubernetes_executor.py
[2023-10-11T03:54:21.620+0000] {processor.py:829} INFO - Processing file /home/airflow/.local/lib/python3.8/site-packages/airflow/example_dags/example_local_kubernetes_executor.py for tasks to queue
[2023-10-11T03:54:21.623+0000] {logging_mixin.py:151} INFO - [2023-10-11T03:54:21.623+0000] {dagbag.py:539} INFO - Filling up the DagBag from /home/airflow/.local/lib/python3.8/site-packages/airflow/example_dags/example_local_kubernetes_executor.py
[2023-10-11T03:54:21.819+0000] {processor.py:839} INFO - DAG(s) dict_keys(['example_local_kubernetes_executor']) retrieved from /home/airflow/.local/lib/python3.8/site-packages/airflow/example_dags/example_local_kubernetes_executor.py
[2023-10-11T03:54:21.853+0000] {logging_mixin.py:151} INFO - [2023-10-11T03:54:21.852+0000] {dag.py:2915} INFO - Sync 1 DAGs
[2023-10-11T03:54:21.866+0000] {logging_mixin.py:151} INFO - [2023-10-11T03:54:21.866+0000] {dag.py:3696} INFO - Setting next_dagrun for example_local_kubernetes_executor to None, run_after=None
[2023-10-11T03:54:21.888+0000] {processor.py:179} INFO - Processing /home/airflow/.local/lib/python3.8/site-packages/airflow/example_dags/example_local_kubernetes_executor.py took 0.272 seconds
[2023-10-11T03:54:52.817+0000] {processor.py:157} INFO - Started process (PID=1810) to work on /home/airflow/.local/lib/python3.8/site-packages/airflow/example_dags/example_local_kubernetes_executor.py
[2023-10-11T03:54:52.818+0000] {processor.py:829} INFO - Processing file /home/airflow/.local/lib/python3.8/site-packages/airflow/example_dags/example_local_kubernetes_executor.py for tasks to queue
[2023-10-11T03:54:52.820+0000] {logging_mixin.py:151} INFO - [2023-10-11T03:54:52.820+0000] {dagbag.py:539} INFO - Filling up the DagBag from /home/airflow/.local/lib/python3.8/site-packages/airflow/example_dags/example_local_kubernetes_executor.py
[2023-10-11T03:54:53.027+0000] {processor.py:839} INFO - DAG(s) dict_keys(['example_local_kubernetes_executor']) retrieved from /home/airflow/.local/lib/python3.8/site-packages/airflow/example_dags/example_local_kubernetes_executor.py
[2023-10-11T03:54:53.062+0000] {logging_mixin.py:151} INFO - [2023-10-11T03:54:53.062+0000] {dag.py:2915} INFO - Sync 1 DAGs
[2023-10-11T03:54:53.075+0000] {logging_mixin.py:151} INFO - [2023-10-11T03:54:53.075+0000] {dag.py:3696} INFO - Setting next_dagrun for example_local_kubernetes_executor to None, run_after=None
[2023-10-11T03:54:53.104+0000] {processor.py:179} INFO - Processing /home/airflow/.local/lib/python3.8/site-packages/airflow/example_dags/example_local_kubernetes_executor.py took 0.291 seconds
[2023-10-11T03:55:23.227+0000] {processor.py:157} INFO - Started process (PID=1867) to work on /home/airflow/.local/lib/python3.8/site-packages/airflow/example_dags/example_local_kubernetes_executor.py
[2023-10-11T03:55:23.229+0000] {processor.py:829} INFO - Processing file /home/airflow/.local/lib/python3.8/site-packages/airflow/example_dags/example_local_kubernetes_executor.py for tasks to queue
[2023-10-11T03:55:23.231+0000] {logging_mixin.py:151} INFO - [2023-10-11T03:55:23.231+0000] {dagbag.py:539} INFO - Filling up the DagBag from /home/airflow/.local/lib/python3.8/site-packages/airflow/example_dags/example_local_kubernetes_executor.py
[2023-10-11T03:55:23.415+0000] {processor.py:839} INFO - DAG(s) dict_keys(['example_local_kubernetes_executor']) retrieved from /home/airflow/.local/lib/python3.8/site-packages/airflow/example_dags/example_local_kubernetes_executor.py
[2023-10-11T03:55:23.449+0000] {logging_mixin.py:151} INFO - [2023-10-11T03:55:23.448+0000] {dag.py:2915} INFO - Sync 1 DAGs
[2023-10-11T03:55:23.460+0000] {logging_mixin.py:151} INFO - [2023-10-11T03:55:23.460+0000] {dag.py:3696} INFO - Setting next_dagrun for example_local_kubernetes_executor to None, run_after=None
[2023-10-11T03:55:23.480+0000] {processor.py:179} INFO - Processing /home/airflow/.local/lib/python3.8/site-packages/airflow/example_dags/example_local_kubernetes_executor.py took 0.257 seconds
[2023-10-11T03:55:53.627+0000] {processor.py:157} INFO - Started process (PID=1924) to work on /home/airflow/.local/lib/python3.8/site-packages/airflow/example_dags/example_local_kubernetes_executor.py
[2023-10-11T03:55:53.628+0000] {processor.py:829} INFO - Processing file /home/airflow/.local/lib/python3.8/site-packages/airflow/example_dags/example_local_kubernetes_executor.py for tasks to queue
[2023-10-11T03:55:53.632+0000] {logging_mixin.py:151} INFO - [2023-10-11T03:55:53.632+0000] {dagbag.py:539} INFO - Filling up the DagBag from /home/airflow/.local/lib/python3.8/site-packages/airflow/example_dags/example_local_kubernetes_executor.py
[2023-10-11T03:55:53.814+0000] {processor.py:839} INFO - DAG(s) dict_keys(['example_local_kubernetes_executor']) retrieved from /home/airflow/.local/lib/python3.8/site-packages/airflow/example_dags/example_local_kubernetes_executor.py
[2023-10-11T03:55:53.856+0000] {logging_mixin.py:151} INFO - [2023-10-11T03:55:53.855+0000] {dag.py:2915} INFO - Sync 1 DAGs
[2023-10-11T03:55:53.868+0000] {logging_mixin.py:151} INFO - [2023-10-11T03:55:53.867+0000] {dag.py:3696} INFO - Setting next_dagrun for example_local_kubernetes_executor to None, run_after=None
[2023-10-11T03:55:53.890+0000] {processor.py:179} INFO - Processing /home/airflow/.local/lib/python3.8/site-packages/airflow/example_dags/example_local_kubernetes_executor.py took 0.266 seconds
[2023-10-11T03:56:24.418+0000] {processor.py:157} INFO - Started process (PID=1981) to work on /home/airflow/.local/lib/python3.8/site-packages/airflow/example_dags/example_local_kubernetes_executor.py
[2023-10-11T03:56:24.420+0000] {processor.py:829} INFO - Processing file /home/airflow/.local/lib/python3.8/site-packages/airflow/example_dags/example_local_kubernetes_executor.py for tasks to queue
[2023-10-11T03:56:24.422+0000] {logging_mixin.py:151} INFO - [2023-10-11T03:56:24.422+0000] {dagbag.py:539} INFO - Filling up the DagBag from /home/airflow/.local/lib/python3.8/site-packages/airflow/example_dags/example_local_kubernetes_executor.py
[2023-10-11T03:56:24.621+0000] {processor.py:839} INFO - DAG(s) dict_keys(['example_local_kubernetes_executor']) retrieved from /home/airflow/.local/lib/python3.8/site-packages/airflow/example_dags/example_local_kubernetes_executor.py
[2023-10-11T03:56:24.658+0000] {logging_mixin.py:151} INFO - [2023-10-11T03:56:24.658+0000] {dag.py:2915} INFO - Sync 1 DAGs
[2023-10-11T03:56:24.671+0000] {logging_mixin.py:151} INFO - [2023-10-11T03:56:24.671+0000] {dag.py:3696} INFO - Setting next_dagrun for example_local_kubernetes_executor to None, run_after=None
[2023-10-11T03:56:24.692+0000] {processor.py:179} INFO - Processing /home/airflow/.local/lib/python3.8/site-packages/airflow/example_dags/example_local_kubernetes_executor.py took 0.278 seconds
[2023-10-11T03:56:55.697+0000] {processor.py:157} INFO - Started process (PID=2038) to work on /home/airflow/.local/lib/python3.8/site-packages/airflow/example_dags/example_local_kubernetes_executor.py
[2023-10-11T03:56:55.701+0000] {processor.py:829} INFO - Processing file /home/airflow/.local/lib/python3.8/site-packages/airflow/example_dags/example_local_kubernetes_executor.py for tasks to queue
[2023-10-11T03:56:55.707+0000] {logging_mixin.py:151} INFO - [2023-10-11T03:56:55.706+0000] {dagbag.py:539} INFO - Filling up the DagBag from /home/airflow/.local/lib/python3.8/site-packages/airflow/example_dags/example_local_kubernetes_executor.py
[2023-10-11T03:56:56.114+0000] {processor.py:839} INFO - DAG(s) dict_keys(['example_local_kubernetes_executor']) retrieved from /home/airflow/.local/lib/python3.8/site-packages/airflow/example_dags/example_local_kubernetes_executor.py
[2023-10-11T03:56:56.188+0000] {logging_mixin.py:151} INFO - [2023-10-11T03:56:56.187+0000] {dag.py:2915} INFO - Sync 1 DAGs
[2023-10-11T03:56:56.207+0000] {logging_mixin.py:151} INFO - [2023-10-11T03:56:56.207+0000] {dag.py:3696} INFO - Setting next_dagrun for example_local_kubernetes_executor to None, run_after=None
[2023-10-11T03:56:56.252+0000] {processor.py:179} INFO - Processing /home/airflow/.local/lib/python3.8/site-packages/airflow/example_dags/example_local_kubernetes_executor.py took 0.564 seconds
[2023-10-11T03:57:26.678+0000] {processor.py:157} INFO - Started process (PID=2095) to work on /home/airflow/.local/lib/python3.8/site-packages/airflow/example_dags/example_local_kubernetes_executor.py
[2023-10-11T03:57:26.680+0000] {processor.py:829} INFO - Processing file /home/airflow/.local/lib/python3.8/site-packages/airflow/example_dags/example_local_kubernetes_executor.py for tasks to queue
[2023-10-11T03:57:26.683+0000] {logging_mixin.py:151} INFO - [2023-10-11T03:57:26.683+0000] {dagbag.py:539} INFO - Filling up the DagBag from /home/airflow/.local/lib/python3.8/site-packages/airflow/example_dags/example_local_kubernetes_executor.py
[2023-10-11T03:57:26.997+0000] {processor.py:839} INFO - DAG(s) dict_keys(['example_local_kubernetes_executor']) retrieved from /home/airflow/.local/lib/python3.8/site-packages/airflow/example_dags/example_local_kubernetes_executor.py
[2023-10-11T03:57:27.048+0000] {logging_mixin.py:151} INFO - [2023-10-11T03:57:27.044+0000] {dag.py:2915} INFO - Sync 1 DAGs
[2023-10-11T03:57:27.065+0000] {logging_mixin.py:151} INFO - [2023-10-11T03:57:27.065+0000] {dag.py:3696} INFO - Setting next_dagrun for example_local_kubernetes_executor to None, run_after=None
[2023-10-11T03:57:27.093+0000] {processor.py:179} INFO - Processing /home/airflow/.local/lib/python3.8/site-packages/airflow/example_dags/example_local_kubernetes_executor.py took 0.418 seconds
[2023-10-11T03:57:57.873+0000] {processor.py:157} INFO - Started process (PID=2152) to work on /home/airflow/.local/lib/python3.8/site-packages/airflow/example_dags/example_local_kubernetes_executor.py
[2023-10-11T03:57:57.875+0000] {processor.py:829} INFO - Processing file /home/airflow/.local/lib/python3.8/site-packages/airflow/example_dags/example_local_kubernetes_executor.py for tasks to queue
[2023-10-11T03:57:57.878+0000] {logging_mixin.py:151} INFO - [2023-10-11T03:57:57.878+0000] {dagbag.py:539} INFO - Filling up the DagBag from /home/airflow/.local/lib/python3.8/site-packages/airflow/example_dags/example_local_kubernetes_executor.py
[2023-10-11T03:57:58.096+0000] {processor.py:839} INFO - DAG(s) dict_keys(['example_local_kubernetes_executor']) retrieved from /home/airflow/.local/lib/python3.8/site-packages/airflow/example_dags/example_local_kubernetes_executor.py
[2023-10-11T03:57:58.136+0000] {logging_mixin.py:151} INFO - [2023-10-11T03:57:58.135+0000] {dag.py:2915} INFO - Sync 1 DAGs
[2023-10-11T03:57:58.148+0000] {logging_mixin.py:151} INFO - [2023-10-11T03:57:58.147+0000] {dag.py:3696} INFO - Setting next_dagrun for example_local_kubernetes_executor to None, run_after=None
[2023-10-11T03:57:58.169+0000] {processor.py:179} INFO - Processing /home/airflow/.local/lib/python3.8/site-packages/airflow/example_dags/example_local_kubernetes_executor.py took 0.298 seconds
[2023-10-11T03:58:28.292+0000] {processor.py:157} INFO - Started process (PID=2209) to work on /home/airflow/.local/lib/python3.8/site-packages/airflow/example_dags/example_local_kubernetes_executor.py
[2023-10-11T03:58:28.293+0000] {processor.py:829} INFO - Processing file /home/airflow/.local/lib/python3.8/site-packages/airflow/example_dags/example_local_kubernetes_executor.py for tasks to queue
[2023-10-11T03:58:28.296+0000] {logging_mixin.py:151} INFO - [2023-10-11T03:58:28.296+0000] {dagbag.py:539} INFO - Filling up the DagBag from /home/airflow/.local/lib/python3.8/site-packages/airflow/example_dags/example_local_kubernetes_executor.py
[2023-10-11T03:58:28.478+0000] {processor.py:839} INFO - DAG(s) dict_keys(['example_local_kubernetes_executor']) retrieved from /home/airflow/.local/lib/python3.8/site-packages/airflow/example_dags/example_local_kubernetes_executor.py
[2023-10-11T03:58:28.517+0000] {logging_mixin.py:151} INFO - [2023-10-11T03:58:28.516+0000] {dag.py:2915} INFO - Sync 1 DAGs
[2023-10-11T03:58:28.528+0000] {logging_mixin.py:151} INFO - [2023-10-11T03:58:28.527+0000] {dag.py:3696} INFO - Setting next_dagrun for example_local_kubernetes_executor to None, run_after=None
[2023-10-11T03:58:28.552+0000] {processor.py:179} INFO - Processing /home/airflow/.local/lib/python3.8/site-packages/airflow/example_dags/example_local_kubernetes_executor.py took 0.264 seconds
[2023-10-11T03:58:59.434+0000] {processor.py:157} INFO - Started process (PID=2266) to work on /home/airflow/.local/lib/python3.8/site-packages/airflow/example_dags/example_local_kubernetes_executor.py
[2023-10-11T03:58:59.435+0000] {processor.py:829} INFO - Processing file /home/airflow/.local/lib/python3.8/site-packages/airflow/example_dags/example_local_kubernetes_executor.py for tasks to queue
[2023-10-11T03:58:59.437+0000] {logging_mixin.py:151} INFO - [2023-10-11T03:58:59.437+0000] {dagbag.py:539} INFO - Filling up the DagBag from /home/airflow/.local/lib/python3.8/site-packages/airflow/example_dags/example_local_kubernetes_executor.py
[2023-10-11T03:58:59.638+0000] {processor.py:839} INFO - DAG(s) dict_keys(['example_local_kubernetes_executor']) retrieved from /home/airflow/.local/lib/python3.8/site-packages/airflow/example_dags/example_local_kubernetes_executor.py
[2023-10-11T03:58:59.672+0000] {logging_mixin.py:151} INFO - [2023-10-11T03:58:59.672+0000] {dag.py:2915} INFO - Sync 1 DAGs
[2023-10-11T03:58:59.685+0000] {logging_mixin.py:151} INFO - [2023-10-11T03:58:59.684+0000] {dag.py:3696} INFO - Setting next_dagrun for example_local_kubernetes_executor to None, run_after=None
[2023-10-11T03:58:59.843+0000] {processor.py:179} INFO - Processing /home/airflow/.local/lib/python3.8/site-packages/airflow/example_dags/example_local_kubernetes_executor.py took 0.412 seconds
[2023-10-11T03:59:30.349+0000] {processor.py:157} INFO - Started process (PID=2323) to work on /home/airflow/.local/lib/python3.8/site-packages/airflow/example_dags/example_local_kubernetes_executor.py
[2023-10-11T03:59:30.352+0000] {processor.py:829} INFO - Processing file /home/airflow/.local/lib/python3.8/site-packages/airflow/example_dags/example_local_kubernetes_executor.py for tasks to queue
[2023-10-11T03:59:30.354+0000] {logging_mixin.py:151} INFO - [2023-10-11T03:59:30.354+0000] {dagbag.py:539} INFO - Filling up the DagBag from /home/airflow/.local/lib/python3.8/site-packages/airflow/example_dags/example_local_kubernetes_executor.py
[2023-10-11T03:59:30.565+0000] {processor.py:839} INFO - DAG(s) dict_keys(['example_local_kubernetes_executor']) retrieved from /home/airflow/.local/lib/python3.8/site-packages/airflow/example_dags/example_local_kubernetes_executor.py
[2023-10-11T03:59:30.598+0000] {logging_mixin.py:151} INFO - [2023-10-11T03:59:30.598+0000] {dag.py:2915} INFO - Sync 1 DAGs
[2023-10-11T03:59:30.613+0000] {logging_mixin.py:151} INFO - [2023-10-11T03:59:30.613+0000] {dag.py:3696} INFO - Setting next_dagrun for example_local_kubernetes_executor to None, run_after=None
[2023-10-11T03:59:30.772+0000] {processor.py:179} INFO - Processing /home/airflow/.local/lib/python3.8/site-packages/airflow/example_dags/example_local_kubernetes_executor.py took 0.426 seconds
[2023-10-11T04:00:01.627+0000] {processor.py:157} INFO - Started process (PID=2380) to work on /home/airflow/.local/lib/python3.8/site-packages/airflow/example_dags/example_local_kubernetes_executor.py
[2023-10-11T04:00:01.629+0000] {processor.py:829} INFO - Processing file /home/airflow/.local/lib/python3.8/site-packages/airflow/example_dags/example_local_kubernetes_executor.py for tasks to queue
[2023-10-11T04:00:01.631+0000] {logging_mixin.py:151} INFO - [2023-10-11T04:00:01.631+0000] {dagbag.py:539} INFO - Filling up the DagBag from /home/airflow/.local/lib/python3.8/site-packages/airflow/example_dags/example_local_kubernetes_executor.py
[2023-10-11T04:00:01.828+0000] {processor.py:839} INFO - DAG(s) dict_keys(['example_local_kubernetes_executor']) retrieved from /home/airflow/.local/lib/python3.8/site-packages/airflow/example_dags/example_local_kubernetes_executor.py
[2023-10-11T04:00:01.868+0000] {logging_mixin.py:151} INFO - [2023-10-11T04:00:01.866+0000] {dag.py:2915} INFO - Sync 1 DAGs
[2023-10-11T04:00:02.020+0000] {logging_mixin.py:151} INFO - [2023-10-11T04:00:02.019+0000] {dag.py:3696} INFO - Setting next_dagrun for example_local_kubernetes_executor to None, run_after=None
[2023-10-11T04:00:02.040+0000] {processor.py:179} INFO - Processing /home/airflow/.local/lib/python3.8/site-packages/airflow/example_dags/example_local_kubernetes_executor.py took 0.417 seconds
[2023-10-11T04:00:32.153+0000] {processor.py:157} INFO - Started process (PID=2437) to work on /home/airflow/.local/lib/python3.8/site-packages/airflow/example_dags/example_local_kubernetes_executor.py
[2023-10-11T04:00:32.155+0000] {processor.py:829} INFO - Processing file /home/airflow/.local/lib/python3.8/site-packages/airflow/example_dags/example_local_kubernetes_executor.py for tasks to queue
[2023-10-11T04:00:32.158+0000] {logging_mixin.py:151} INFO - [2023-10-11T04:00:32.158+0000] {dagbag.py:539} INFO - Filling up the DagBag from /home/airflow/.local/lib/python3.8/site-packages/airflow/example_dags/example_local_kubernetes_executor.py
[2023-10-11T04:00:32.347+0000] {processor.py:839} INFO - DAG(s) dict_keys(['example_local_kubernetes_executor']) retrieved from /home/airflow/.local/lib/python3.8/site-packages/airflow/example_dags/example_local_kubernetes_executor.py
[2023-10-11T04:00:32.524+0000] {logging_mixin.py:151} INFO - [2023-10-11T04:00:32.382+0000] {dag.py:2915} INFO - Sync 1 DAGs
[2023-10-11T04:00:32.538+0000] {logging_mixin.py:151} INFO - [2023-10-11T04:00:32.538+0000] {dag.py:3696} INFO - Setting next_dagrun for example_local_kubernetes_executor to None, run_after=None
[2023-10-11T04:00:32.562+0000] {processor.py:179} INFO - Processing /home/airflow/.local/lib/python3.8/site-packages/airflow/example_dags/example_local_kubernetes_executor.py took 0.413 seconds
[2023-10-11T04:01:03.359+0000] {processor.py:157} INFO - Started process (PID=2494) to work on /home/airflow/.local/lib/python3.8/site-packages/airflow/example_dags/example_local_kubernetes_executor.py
[2023-10-11T04:01:03.361+0000] {processor.py:829} INFO - Processing file /home/airflow/.local/lib/python3.8/site-packages/airflow/example_dags/example_local_kubernetes_executor.py for tasks to queue
[2023-10-11T04:01:03.364+0000] {logging_mixin.py:151} INFO - [2023-10-11T04:01:03.364+0000] {dagbag.py:539} INFO - Filling up the DagBag from /home/airflow/.local/lib/python3.8/site-packages/airflow/example_dags/example_local_kubernetes_executor.py
[2023-10-11T04:01:03.562+0000] {processor.py:839} INFO - DAG(s) dict_keys(['example_local_kubernetes_executor']) retrieved from /home/airflow/.local/lib/python3.8/site-packages/airflow/example_dags/example_local_kubernetes_executor.py
[2023-10-11T04:01:03.734+0000] {logging_mixin.py:151} INFO - [2023-10-11T04:01:03.733+0000] {dag.py:2915} INFO - Sync 1 DAGs
[2023-10-11T04:01:03.745+0000] {logging_mixin.py:151} INFO - [2023-10-11T04:01:03.745+0000] {dag.py:3696} INFO - Setting next_dagrun for example_local_kubernetes_executor to None, run_after=None
[2023-10-11T04:01:03.764+0000] {processor.py:179} INFO - Processing /home/airflow/.local/lib/python3.8/site-packages/airflow/example_dags/example_local_kubernetes_executor.py took 0.409 seconds
[2023-10-11T04:01:34.011+0000] {processor.py:157} INFO - Started process (PID=2551) to work on /home/airflow/.local/lib/python3.8/site-packages/airflow/example_dags/example_local_kubernetes_executor.py
[2023-10-11T04:01:34.013+0000] {processor.py:829} INFO - Processing file /home/airflow/.local/lib/python3.8/site-packages/airflow/example_dags/example_local_kubernetes_executor.py for tasks to queue
[2023-10-11T04:01:34.017+0000] {logging_mixin.py:151} INFO - [2023-10-11T04:01:34.017+0000] {dagbag.py:539} INFO - Filling up the DagBag from /home/airflow/.local/lib/python3.8/site-packages/airflow/example_dags/example_local_kubernetes_executor.py
[2023-10-11T04:01:34.212+0000] {processor.py:839} INFO - DAG(s) dict_keys(['example_local_kubernetes_executor']) retrieved from /home/airflow/.local/lib/python3.8/site-packages/airflow/example_dags/example_local_kubernetes_executor.py
[2023-10-11T04:01:34.365+0000] {logging_mixin.py:151} INFO - [2023-10-11T04:01:34.364+0000] {dag.py:2915} INFO - Sync 1 DAGs
[2023-10-11T04:01:34.374+0000] {logging_mixin.py:151} INFO - [2023-10-11T04:01:34.374+0000] {dag.py:3696} INFO - Setting next_dagrun for example_local_kubernetes_executor to None, run_after=None
[2023-10-11T04:01:34.392+0000] {processor.py:179} INFO - Processing /home/airflow/.local/lib/python3.8/site-packages/airflow/example_dags/example_local_kubernetes_executor.py took 0.384 seconds
[2023-10-11T04:02:04.557+0000] {processor.py:157} INFO - Started process (PID=2608) to work on /home/airflow/.local/lib/python3.8/site-packages/airflow/example_dags/example_local_kubernetes_executor.py
[2023-10-11T04:02:04.560+0000] {processor.py:829} INFO - Processing file /home/airflow/.local/lib/python3.8/site-packages/airflow/example_dags/example_local_kubernetes_executor.py for tasks to queue
[2023-10-11T04:02:04.563+0000] {logging_mixin.py:151} INFO - [2023-10-11T04:02:04.563+0000] {dagbag.py:539} INFO - Filling up the DagBag from /home/airflow/.local/lib/python3.8/site-packages/airflow/example_dags/example_local_kubernetes_executor.py
[2023-10-11T04:02:04.864+0000] {processor.py:839} INFO - DAG(s) dict_keys(['example_local_kubernetes_executor']) retrieved from /home/airflow/.local/lib/python3.8/site-packages/airflow/example_dags/example_local_kubernetes_executor.py
[2023-10-11T04:02:04.898+0000] {logging_mixin.py:151} INFO - [2023-10-11T04:02:04.897+0000] {dag.py:2915} INFO - Sync 1 DAGs
[2023-10-11T04:02:04.908+0000] {logging_mixin.py:151} INFO - [2023-10-11T04:02:04.907+0000] {dag.py:3696} INFO - Setting next_dagrun for example_local_kubernetes_executor to None, run_after=None
[2023-10-11T04:02:04.928+0000] {processor.py:179} INFO - Processing /home/airflow/.local/lib/python3.8/site-packages/airflow/example_dags/example_local_kubernetes_executor.py took 0.376 seconds
[2023-10-11T04:02:35.375+0000] {processor.py:157} INFO - Started process (PID=2665) to work on /home/airflow/.local/lib/python3.8/site-packages/airflow/example_dags/example_local_kubernetes_executor.py
[2023-10-11T04:02:35.377+0000] {processor.py:829} INFO - Processing file /home/airflow/.local/lib/python3.8/site-packages/airflow/example_dags/example_local_kubernetes_executor.py for tasks to queue
[2023-10-11T04:02:35.380+0000] {logging_mixin.py:151} INFO - [2023-10-11T04:02:35.380+0000] {dagbag.py:539} INFO - Filling up the DagBag from /home/airflow/.local/lib/python3.8/site-packages/airflow/example_dags/example_local_kubernetes_executor.py
[2023-10-11T04:02:35.766+0000] {processor.py:839} INFO - DAG(s) dict_keys(['example_local_kubernetes_executor']) retrieved from /home/airflow/.local/lib/python3.8/site-packages/airflow/example_dags/example_local_kubernetes_executor.py
[2023-10-11T04:02:35.802+0000] {logging_mixin.py:151} INFO - [2023-10-11T04:02:35.801+0000] {dag.py:2915} INFO - Sync 1 DAGs
[2023-10-11T04:02:35.814+0000] {logging_mixin.py:151} INFO - [2023-10-11T04:02:35.814+0000] {dag.py:3696} INFO - Setting next_dagrun for example_local_kubernetes_executor to None, run_after=None
[2023-10-11T04:02:35.835+0000] {processor.py:179} INFO - Processing /home/airflow/.local/lib/python3.8/site-packages/airflow/example_dags/example_local_kubernetes_executor.py took 0.464 seconds
[2023-10-11T04:03:06.207+0000] {processor.py:157} INFO - Started process (PID=2722) to work on /home/airflow/.local/lib/python3.8/site-packages/airflow/example_dags/example_local_kubernetes_executor.py
[2023-10-11T04:03:06.208+0000] {processor.py:829} INFO - Processing file /home/airflow/.local/lib/python3.8/site-packages/airflow/example_dags/example_local_kubernetes_executor.py for tasks to queue
[2023-10-11T04:03:06.211+0000] {logging_mixin.py:151} INFO - [2023-10-11T04:03:06.211+0000] {dagbag.py:539} INFO - Filling up the DagBag from /home/airflow/.local/lib/python3.8/site-packages/airflow/example_dags/example_local_kubernetes_executor.py
[2023-10-11T04:03:06.567+0000] {processor.py:839} INFO - DAG(s) dict_keys(['example_local_kubernetes_executor']) retrieved from /home/airflow/.local/lib/python3.8/site-packages/airflow/example_dags/example_local_kubernetes_executor.py
[2023-10-11T04:03:06.599+0000] {logging_mixin.py:151} INFO - [2023-10-11T04:03:06.598+0000] {dag.py:2915} INFO - Sync 1 DAGs
[2023-10-11T04:03:06.611+0000] {logging_mixin.py:151} INFO - [2023-10-11T04:03:06.611+0000] {dag.py:3696} INFO - Setting next_dagrun for example_local_kubernetes_executor to None, run_after=None
[2023-10-11T04:03:06.633+0000] {processor.py:179} INFO - Processing /home/airflow/.local/lib/python3.8/site-packages/airflow/example_dags/example_local_kubernetes_executor.py took 0.429 seconds
[2023-10-11T04:03:36.804+0000] {processor.py:157} INFO - Started process (PID=2779) to work on /home/airflow/.local/lib/python3.8/site-packages/airflow/example_dags/example_local_kubernetes_executor.py
[2023-10-11T04:03:36.806+0000] {processor.py:829} INFO - Processing file /home/airflow/.local/lib/python3.8/site-packages/airflow/example_dags/example_local_kubernetes_executor.py for tasks to queue
[2023-10-11T04:03:36.809+0000] {logging_mixin.py:151} INFO - [2023-10-11T04:03:36.809+0000] {dagbag.py:539} INFO - Filling up the DagBag from /home/airflow/.local/lib/python3.8/site-packages/airflow/example_dags/example_local_kubernetes_executor.py
[2023-10-11T04:03:37.203+0000] {processor.py:839} INFO - DAG(s) dict_keys(['example_local_kubernetes_executor']) retrieved from /home/airflow/.local/lib/python3.8/site-packages/airflow/example_dags/example_local_kubernetes_executor.py
[2023-10-11T04:03:37.247+0000] {logging_mixin.py:151} INFO - [2023-10-11T04:03:37.246+0000] {dag.py:2915} INFO - Sync 1 DAGs
[2023-10-11T04:03:37.258+0000] {logging_mixin.py:151} INFO - [2023-10-11T04:03:37.257+0000] {dag.py:3696} INFO - Setting next_dagrun for example_local_kubernetes_executor to None, run_after=None
[2023-10-11T04:03:37.278+0000] {processor.py:179} INFO - Processing /home/airflow/.local/lib/python3.8/site-packages/airflow/example_dags/example_local_kubernetes_executor.py took 0.479 seconds
[2023-10-11T04:04:07.475+0000] {processor.py:157} INFO - Started process (PID=2845) to work on /home/airflow/.local/lib/python3.8/site-packages/airflow/example_dags/example_local_kubernetes_executor.py
[2023-10-11T04:04:07.476+0000] {processor.py:829} INFO - Processing file /home/airflow/.local/lib/python3.8/site-packages/airflow/example_dags/example_local_kubernetes_executor.py for tasks to queue
[2023-10-11T04:04:07.479+0000] {logging_mixin.py:151} INFO - [2023-10-11T04:04:07.478+0000] {dagbag.py:539} INFO - Filling up the DagBag from /home/airflow/.local/lib/python3.8/site-packages/airflow/example_dags/example_local_kubernetes_executor.py
[2023-10-11T04:04:07.843+0000] {processor.py:839} INFO - DAG(s) dict_keys(['example_local_kubernetes_executor']) retrieved from /home/airflow/.local/lib/python3.8/site-packages/airflow/example_dags/example_local_kubernetes_executor.py
[2023-10-11T04:04:07.879+0000] {logging_mixin.py:151} INFO - [2023-10-11T04:04:07.878+0000] {dag.py:2915} INFO - Sync 1 DAGs
[2023-10-11T04:04:07.888+0000] {logging_mixin.py:151} INFO - [2023-10-11T04:04:07.888+0000] {dag.py:3696} INFO - Setting next_dagrun for example_local_kubernetes_executor to None, run_after=None
[2023-10-11T04:04:07.906+0000] {processor.py:179} INFO - Processing /home/airflow/.local/lib/python3.8/site-packages/airflow/example_dags/example_local_kubernetes_executor.py took 0.435 seconds
[2023-10-11T04:04:38.867+0000] {processor.py:157} INFO - Started process (PID=2904) to work on /home/airflow/.local/lib/python3.8/site-packages/airflow/example_dags/example_local_kubernetes_executor.py
[2023-10-11T04:04:38.868+0000] {processor.py:829} INFO - Processing file /home/airflow/.local/lib/python3.8/site-packages/airflow/example_dags/example_local_kubernetes_executor.py for tasks to queue
[2023-10-11T04:04:38.870+0000] {logging_mixin.py:151} INFO - [2023-10-11T04:04:38.870+0000] {dagbag.py:539} INFO - Filling up the DagBag from /home/airflow/.local/lib/python3.8/site-packages/airflow/example_dags/example_local_kubernetes_executor.py
[2023-10-11T04:04:39.178+0000] {processor.py:839} INFO - DAG(s) dict_keys(['example_local_kubernetes_executor']) retrieved from /home/airflow/.local/lib/python3.8/site-packages/airflow/example_dags/example_local_kubernetes_executor.py
[2023-10-11T04:04:39.221+0000] {logging_mixin.py:151} INFO - [2023-10-11T04:04:39.218+0000] {dag.py:2915} INFO - Sync 1 DAGs
[2023-10-11T04:04:39.233+0000] {logging_mixin.py:151} INFO - [2023-10-11T04:04:39.233+0000] {dag.py:3696} INFO - Setting next_dagrun for example_local_kubernetes_executor to None, run_after=None
[2023-10-11T04:04:39.264+0000] {processor.py:179} INFO - Processing /home/airflow/.local/lib/python3.8/site-packages/airflow/example_dags/example_local_kubernetes_executor.py took 0.400 seconds
