[2023-10-11T03:39:30.472+0000] {processor.py:157} INFO - Started process (PID=89) to work on /home/airflow/.local/lib/python3.8/site-packages/airflow/example_dags/example_bash_operator.py
[2023-10-11T03:39:30.476+0000] {processor.py:829} INFO - Processing file /home/airflow/.local/lib/python3.8/site-packages/airflow/example_dags/example_bash_operator.py for tasks to queue
[2023-10-11T03:39:30.480+0000] {logging_mixin.py:151} INFO - [2023-10-11T03:39:30.480+0000] {dagbag.py:539} INFO - Filling up the DagBag from /home/airflow/.local/lib/python3.8/site-packages/airflow/example_dags/example_bash_operator.py
[2023-10-11T03:39:30.501+0000] {processor.py:839} INFO - DAG(s) dict_keys(['example_bash_operator']) retrieved from /home/airflow/.local/lib/python3.8/site-packages/airflow/example_dags/example_bash_operator.py
[2023-10-11T03:39:30.546+0000] {logging_mixin.py:151} INFO - [2023-10-11T03:39:30.545+0000] {dag.py:2915} INFO - Sync 1 DAGs
[2023-10-11T03:39:30.578+0000] {logging_mixin.py:151} INFO - [2023-10-11T03:39:30.578+0000] {dag.py:3696} INFO - Setting next_dagrun for example_bash_operator to 2023-10-10T00:00:00+00:00, run_after=2023-10-11T00:00:00+00:00
[2023-10-11T03:39:30.605+0000] {processor.py:179} INFO - Processing /home/airflow/.local/lib/python3.8/site-packages/airflow/example_dags/example_bash_operator.py took 0.141 seconds
[2023-10-11T03:40:00.703+0000] {processor.py:157} INFO - Started process (PID=145) to work on /home/airflow/.local/lib/python3.8/site-packages/airflow/example_dags/example_bash_operator.py
[2023-10-11T03:40:00.705+0000] {processor.py:829} INFO - Processing file /home/airflow/.local/lib/python3.8/site-packages/airflow/example_dags/example_bash_operator.py for tasks to queue
[2023-10-11T03:40:00.708+0000] {logging_mixin.py:151} INFO - [2023-10-11T03:40:00.708+0000] {dagbag.py:539} INFO - Filling up the DagBag from /home/airflow/.local/lib/python3.8/site-packages/airflow/example_dags/example_bash_operator.py
[2023-10-11T03:40:00.719+0000] {processor.py:839} INFO - DAG(s) dict_keys(['example_bash_operator']) retrieved from /home/airflow/.local/lib/python3.8/site-packages/airflow/example_dags/example_bash_operator.py
[2023-10-11T03:40:00.806+0000] {logging_mixin.py:151} INFO - [2023-10-11T03:40:00.805+0000] {dag.py:2915} INFO - Sync 1 DAGs
[2023-10-11T03:40:00.829+0000] {logging_mixin.py:151} INFO - [2023-10-11T03:40:00.829+0000] {dag.py:3696} INFO - Setting next_dagrun for example_bash_operator to 2023-10-10T00:00:00+00:00, run_after=2023-10-11T00:00:00+00:00
[2023-10-11T03:40:00.857+0000] {processor.py:179} INFO - Processing /home/airflow/.local/lib/python3.8/site-packages/airflow/example_dags/example_bash_operator.py took 0.158 seconds
[2023-10-11T03:40:31.352+0000] {processor.py:157} INFO - Started process (PID=202) to work on /home/airflow/.local/lib/python3.8/site-packages/airflow/example_dags/example_bash_operator.py
[2023-10-11T03:40:31.354+0000] {processor.py:829} INFO - Processing file /home/airflow/.local/lib/python3.8/site-packages/airflow/example_dags/example_bash_operator.py for tasks to queue
[2023-10-11T03:40:31.356+0000] {logging_mixin.py:151} INFO - [2023-10-11T03:40:31.355+0000] {dagbag.py:539} INFO - Filling up the DagBag from /home/airflow/.local/lib/python3.8/site-packages/airflow/example_dags/example_bash_operator.py
[2023-10-11T03:40:31.365+0000] {processor.py:839} INFO - DAG(s) dict_keys(['example_bash_operator']) retrieved from /home/airflow/.local/lib/python3.8/site-packages/airflow/example_dags/example_bash_operator.py
[2023-10-11T03:40:31.397+0000] {logging_mixin.py:151} INFO - [2023-10-11T03:40:31.397+0000] {dag.py:2915} INFO - Sync 1 DAGs
[2023-10-11T03:40:31.418+0000] {logging_mixin.py:151} INFO - [2023-10-11T03:40:31.417+0000] {dag.py:3696} INFO - Setting next_dagrun for example_bash_operator to 2023-10-10T00:00:00+00:00, run_after=2023-10-11T00:00:00+00:00
[2023-10-11T03:40:31.440+0000] {processor.py:179} INFO - Processing /home/airflow/.local/lib/python3.8/site-packages/airflow/example_dags/example_bash_operator.py took 0.090 seconds
[2023-10-11T03:41:02.013+0000] {processor.py:157} INFO - Started process (PID=259) to work on /home/airflow/.local/lib/python3.8/site-packages/airflow/example_dags/example_bash_operator.py
[2023-10-11T03:41:02.015+0000] {processor.py:829} INFO - Processing file /home/airflow/.local/lib/python3.8/site-packages/airflow/example_dags/example_bash_operator.py for tasks to queue
[2023-10-11T03:41:02.019+0000] {logging_mixin.py:151} INFO - [2023-10-11T03:41:02.019+0000] {dagbag.py:539} INFO - Filling up the DagBag from /home/airflow/.local/lib/python3.8/site-packages/airflow/example_dags/example_bash_operator.py
[2023-10-11T03:41:02.036+0000] {processor.py:839} INFO - DAG(s) dict_keys(['example_bash_operator']) retrieved from /home/airflow/.local/lib/python3.8/site-packages/airflow/example_dags/example_bash_operator.py
[2023-10-11T03:41:02.081+0000] {logging_mixin.py:151} INFO - [2023-10-11T03:41:02.080+0000] {dag.py:2915} INFO - Sync 1 DAGs
[2023-10-11T03:41:02.107+0000] {logging_mixin.py:151} INFO - [2023-10-11T03:41:02.107+0000] {dag.py:3696} INFO - Setting next_dagrun for example_bash_operator to 2023-10-10T00:00:00+00:00, run_after=2023-10-11T00:00:00+00:00
[2023-10-11T03:41:02.145+0000] {processor.py:179} INFO - Processing /home/airflow/.local/lib/python3.8/site-packages/airflow/example_dags/example_bash_operator.py took 0.136 seconds
[2023-10-11T03:41:33.185+0000] {processor.py:157} INFO - Started process (PID=316) to work on /home/airflow/.local/lib/python3.8/site-packages/airflow/example_dags/example_bash_operator.py
[2023-10-11T03:41:33.186+0000] {processor.py:829} INFO - Processing file /home/airflow/.local/lib/python3.8/site-packages/airflow/example_dags/example_bash_operator.py for tasks to queue
[2023-10-11T03:41:33.191+0000] {logging_mixin.py:151} INFO - [2023-10-11T03:41:33.191+0000] {dagbag.py:539} INFO - Filling up the DagBag from /home/airflow/.local/lib/python3.8/site-packages/airflow/example_dags/example_bash_operator.py
[2023-10-11T03:41:33.207+0000] {processor.py:839} INFO - DAG(s) dict_keys(['example_bash_operator']) retrieved from /home/airflow/.local/lib/python3.8/site-packages/airflow/example_dags/example_bash_operator.py
[2023-10-11T03:41:33.245+0000] {logging_mixin.py:151} INFO - [2023-10-11T03:41:33.245+0000] {dag.py:2915} INFO - Sync 1 DAGs
[2023-10-11T03:41:33.275+0000] {logging_mixin.py:151} INFO - [2023-10-11T03:41:33.275+0000] {dag.py:3696} INFO - Setting next_dagrun for example_bash_operator to 2023-10-10T00:00:00+00:00, run_after=2023-10-11T00:00:00+00:00
[2023-10-11T03:41:33.303+0000] {processor.py:179} INFO - Processing /home/airflow/.local/lib/python3.8/site-packages/airflow/example_dags/example_bash_operator.py took 0.121 seconds
[2023-10-11T03:42:04.199+0000] {processor.py:157} INFO - Started process (PID=373) to work on /home/airflow/.local/lib/python3.8/site-packages/airflow/example_dags/example_bash_operator.py
[2023-10-11T03:42:04.201+0000] {processor.py:829} INFO - Processing file /home/airflow/.local/lib/python3.8/site-packages/airflow/example_dags/example_bash_operator.py for tasks to queue
[2023-10-11T03:42:04.207+0000] {logging_mixin.py:151} INFO - [2023-10-11T03:42:04.206+0000] {dagbag.py:539} INFO - Filling up the DagBag from /home/airflow/.local/lib/python3.8/site-packages/airflow/example_dags/example_bash_operator.py
[2023-10-11T03:42:04.225+0000] {processor.py:839} INFO - DAG(s) dict_keys(['example_bash_operator']) retrieved from /home/airflow/.local/lib/python3.8/site-packages/airflow/example_dags/example_bash_operator.py
[2023-10-11T03:42:04.276+0000] {logging_mixin.py:151} INFO - [2023-10-11T03:42:04.276+0000] {dag.py:2915} INFO - Sync 1 DAGs
[2023-10-11T03:42:04.301+0000] {logging_mixin.py:151} INFO - [2023-10-11T03:42:04.301+0000] {dag.py:3696} INFO - Setting next_dagrun for example_bash_operator to 2023-10-10T00:00:00+00:00, run_after=2023-10-11T00:00:00+00:00
[2023-10-11T03:42:04.322+0000] {processor.py:179} INFO - Processing /home/airflow/.local/lib/python3.8/site-packages/airflow/example_dags/example_bash_operator.py took 0.131 seconds
[2023-10-11T03:42:35.019+0000] {processor.py:157} INFO - Started process (PID=430) to work on /home/airflow/.local/lib/python3.8/site-packages/airflow/example_dags/example_bash_operator.py
[2023-10-11T03:42:35.021+0000] {processor.py:829} INFO - Processing file /home/airflow/.local/lib/python3.8/site-packages/airflow/example_dags/example_bash_operator.py for tasks to queue
[2023-10-11T03:42:35.023+0000] {logging_mixin.py:151} INFO - [2023-10-11T03:42:35.023+0000] {dagbag.py:539} INFO - Filling up the DagBag from /home/airflow/.local/lib/python3.8/site-packages/airflow/example_dags/example_bash_operator.py
[2023-10-11T03:42:35.033+0000] {processor.py:839} INFO - DAG(s) dict_keys(['example_bash_operator']) retrieved from /home/airflow/.local/lib/python3.8/site-packages/airflow/example_dags/example_bash_operator.py
[2023-10-11T03:42:35.060+0000] {logging_mixin.py:151} INFO - [2023-10-11T03:42:35.059+0000] {dag.py:2915} INFO - Sync 1 DAGs
[2023-10-11T03:42:35.080+0000] {logging_mixin.py:151} INFO - [2023-10-11T03:42:35.080+0000] {dag.py:3696} INFO - Setting next_dagrun for example_bash_operator to 2023-10-10T00:00:00+00:00, run_after=2023-10-11T00:00:00+00:00
[2023-10-11T03:42:35.101+0000] {processor.py:179} INFO - Processing /home/airflow/.local/lib/python3.8/site-packages/airflow/example_dags/example_bash_operator.py took 0.085 seconds
[2023-10-11T03:43:05.501+0000] {processor.py:157} INFO - Started process (PID=486) to work on /home/airflow/.local/lib/python3.8/site-packages/airflow/example_dags/example_bash_operator.py
[2023-10-11T03:43:05.502+0000] {processor.py:829} INFO - Processing file /home/airflow/.local/lib/python3.8/site-packages/airflow/example_dags/example_bash_operator.py for tasks to queue
[2023-10-11T03:43:05.506+0000] {logging_mixin.py:151} INFO - [2023-10-11T03:43:05.506+0000] {dagbag.py:539} INFO - Filling up the DagBag from /home/airflow/.local/lib/python3.8/site-packages/airflow/example_dags/example_bash_operator.py
[2023-10-11T03:43:05.518+0000] {processor.py:839} INFO - DAG(s) dict_keys(['example_bash_operator']) retrieved from /home/airflow/.local/lib/python3.8/site-packages/airflow/example_dags/example_bash_operator.py
[2023-10-11T03:43:05.551+0000] {logging_mixin.py:151} INFO - [2023-10-11T03:43:05.551+0000] {dag.py:2915} INFO - Sync 1 DAGs
[2023-10-11T03:43:05.578+0000] {logging_mixin.py:151} INFO - [2023-10-11T03:43:05.578+0000] {dag.py:3696} INFO - Setting next_dagrun for example_bash_operator to 2023-10-10T00:00:00+00:00, run_after=2023-10-11T00:00:00+00:00
[2023-10-11T03:43:05.608+0000] {processor.py:179} INFO - Processing /home/airflow/.local/lib/python3.8/site-packages/airflow/example_dags/example_bash_operator.py took 0.111 seconds
[2023-10-11T03:43:36.371+0000] {processor.py:157} INFO - Started process (PID=550) to work on /home/airflow/.local/lib/python3.8/site-packages/airflow/example_dags/example_bash_operator.py
[2023-10-11T03:43:36.375+0000] {processor.py:829} INFO - Processing file /home/airflow/.local/lib/python3.8/site-packages/airflow/example_dags/example_bash_operator.py for tasks to queue
[2023-10-11T03:43:36.379+0000] {logging_mixin.py:151} INFO - [2023-10-11T03:43:36.379+0000] {dagbag.py:539} INFO - Filling up the DagBag from /home/airflow/.local/lib/python3.8/site-packages/airflow/example_dags/example_bash_operator.py
[2023-10-11T03:43:36.399+0000] {processor.py:839} INFO - DAG(s) dict_keys(['example_bash_operator']) retrieved from /home/airflow/.local/lib/python3.8/site-packages/airflow/example_dags/example_bash_operator.py
[2023-10-11T03:43:36.446+0000] {logging_mixin.py:151} INFO - [2023-10-11T03:43:36.445+0000] {dag.py:2915} INFO - Sync 1 DAGs
[2023-10-11T03:43:36.482+0000] {logging_mixin.py:151} INFO - [2023-10-11T03:43:36.482+0000] {dag.py:3696} INFO - Setting next_dagrun for example_bash_operator to 2023-10-10T00:00:00+00:00, run_after=2023-10-11T00:00:00+00:00
[2023-10-11T03:43:36.520+0000] {processor.py:179} INFO - Processing /home/airflow/.local/lib/python3.8/site-packages/airflow/example_dags/example_bash_operator.py took 0.153 seconds
[2023-10-11T03:44:07.386+0000] {processor.py:157} INFO - Started process (PID=607) to work on /home/airflow/.local/lib/python3.8/site-packages/airflow/example_dags/example_bash_operator.py
[2023-10-11T03:44:07.387+0000] {processor.py:829} INFO - Processing file /home/airflow/.local/lib/python3.8/site-packages/airflow/example_dags/example_bash_operator.py for tasks to queue
[2023-10-11T03:44:07.390+0000] {logging_mixin.py:151} INFO - [2023-10-11T03:44:07.390+0000] {dagbag.py:539} INFO - Filling up the DagBag from /home/airflow/.local/lib/python3.8/site-packages/airflow/example_dags/example_bash_operator.py
[2023-10-11T03:44:07.401+0000] {processor.py:839} INFO - DAG(s) dict_keys(['example_bash_operator']) retrieved from /home/airflow/.local/lib/python3.8/site-packages/airflow/example_dags/example_bash_operator.py
[2023-10-11T03:44:07.432+0000] {logging_mixin.py:151} INFO - [2023-10-11T03:44:07.431+0000] {dag.py:2915} INFO - Sync 1 DAGs
[2023-10-11T03:44:07.454+0000] {logging_mixin.py:151} INFO - [2023-10-11T03:44:07.454+0000] {dag.py:3696} INFO - Setting next_dagrun for example_bash_operator to 2023-10-10T00:00:00+00:00, run_after=2023-10-11T00:00:00+00:00
[2023-10-11T03:44:07.475+0000] {processor.py:179} INFO - Processing /home/airflow/.local/lib/python3.8/site-packages/airflow/example_dags/example_bash_operator.py took 0.094 seconds
[2023-10-11T03:44:37.607+0000] {processor.py:157} INFO - Started process (PID=664) to work on /home/airflow/.local/lib/python3.8/site-packages/airflow/example_dags/example_bash_operator.py
[2023-10-11T03:44:37.608+0000] {processor.py:829} INFO - Processing file /home/airflow/.local/lib/python3.8/site-packages/airflow/example_dags/example_bash_operator.py for tasks to queue
[2023-10-11T03:44:37.611+0000] {logging_mixin.py:151} INFO - [2023-10-11T03:44:37.611+0000] {dagbag.py:539} INFO - Filling up the DagBag from /home/airflow/.local/lib/python3.8/site-packages/airflow/example_dags/example_bash_operator.py
[2023-10-11T03:44:37.622+0000] {processor.py:839} INFO - DAG(s) dict_keys(['example_bash_operator']) retrieved from /home/airflow/.local/lib/python3.8/site-packages/airflow/example_dags/example_bash_operator.py
[2023-10-11T03:44:37.652+0000] {logging_mixin.py:151} INFO - [2023-10-11T03:44:37.652+0000] {dag.py:2915} INFO - Sync 1 DAGs
[2023-10-11T03:44:37.672+0000] {logging_mixin.py:151} INFO - [2023-10-11T03:44:37.672+0000] {dag.py:3696} INFO - Setting next_dagrun for example_bash_operator to 2023-10-10T00:00:00+00:00, run_after=2023-10-11T00:00:00+00:00
[2023-10-11T03:44:37.694+0000] {processor.py:179} INFO - Processing /home/airflow/.local/lib/python3.8/site-packages/airflow/example_dags/example_bash_operator.py took 0.091 seconds
[2023-10-11T03:45:08.556+0000] {processor.py:157} INFO - Started process (PID=721) to work on /home/airflow/.local/lib/python3.8/site-packages/airflow/example_dags/example_bash_operator.py
[2023-10-11T03:45:08.559+0000] {processor.py:829} INFO - Processing file /home/airflow/.local/lib/python3.8/site-packages/airflow/example_dags/example_bash_operator.py for tasks to queue
[2023-10-11T03:45:08.565+0000] {logging_mixin.py:151} INFO - [2023-10-11T03:45:08.564+0000] {dagbag.py:539} INFO - Filling up the DagBag from /home/airflow/.local/lib/python3.8/site-packages/airflow/example_dags/example_bash_operator.py
[2023-10-11T03:45:08.585+0000] {processor.py:839} INFO - DAG(s) dict_keys(['example_bash_operator']) retrieved from /home/airflow/.local/lib/python3.8/site-packages/airflow/example_dags/example_bash_operator.py
[2023-10-11T03:45:08.638+0000] {logging_mixin.py:151} INFO - [2023-10-11T03:45:08.637+0000] {dag.py:2915} INFO - Sync 1 DAGs
[2023-10-11T03:45:08.672+0000] {logging_mixin.py:151} INFO - [2023-10-11T03:45:08.671+0000] {dag.py:3696} INFO - Setting next_dagrun for example_bash_operator to 2023-10-10T00:00:00+00:00, run_after=2023-10-11T00:00:00+00:00
[2023-10-11T03:45:08.702+0000] {processor.py:179} INFO - Processing /home/airflow/.local/lib/python3.8/site-packages/airflow/example_dags/example_bash_operator.py took 0.151 seconds
[2023-10-11T03:45:38.867+0000] {processor.py:157} INFO - Started process (PID=778) to work on /home/airflow/.local/lib/python3.8/site-packages/airflow/example_dags/example_bash_operator.py
[2023-10-11T03:45:38.868+0000] {processor.py:829} INFO - Processing file /home/airflow/.local/lib/python3.8/site-packages/airflow/example_dags/example_bash_operator.py for tasks to queue
[2023-10-11T03:45:38.870+0000] {logging_mixin.py:151} INFO - [2023-10-11T03:45:38.870+0000] {dagbag.py:539} INFO - Filling up the DagBag from /home/airflow/.local/lib/python3.8/site-packages/airflow/example_dags/example_bash_operator.py
[2023-10-11T03:45:38.879+0000] {processor.py:839} INFO - DAG(s) dict_keys(['example_bash_operator']) retrieved from /home/airflow/.local/lib/python3.8/site-packages/airflow/example_dags/example_bash_operator.py
[2023-10-11T03:45:38.910+0000] {logging_mixin.py:151} INFO - [2023-10-11T03:45:38.909+0000] {dag.py:2915} INFO - Sync 1 DAGs
[2023-10-11T03:45:38.928+0000] {logging_mixin.py:151} INFO - [2023-10-11T03:45:38.928+0000] {dag.py:3696} INFO - Setting next_dagrun for example_bash_operator to 2023-10-10T00:00:00+00:00, run_after=2023-10-11T00:00:00+00:00
[2023-10-11T03:45:38.948+0000] {processor.py:179} INFO - Processing /home/airflow/.local/lib/python3.8/site-packages/airflow/example_dags/example_bash_operator.py took 0.084 seconds
[2023-10-11T03:46:09.016+0000] {processor.py:157} INFO - Started process (PID=835) to work on /home/airflow/.local/lib/python3.8/site-packages/airflow/example_dags/example_bash_operator.py
[2023-10-11T03:46:09.017+0000] {processor.py:829} INFO - Processing file /home/airflow/.local/lib/python3.8/site-packages/airflow/example_dags/example_bash_operator.py for tasks to queue
[2023-10-11T03:46:09.020+0000] {logging_mixin.py:151} INFO - [2023-10-11T03:46:09.019+0000] {dagbag.py:539} INFO - Filling up the DagBag from /home/airflow/.local/lib/python3.8/site-packages/airflow/example_dags/example_bash_operator.py
[2023-10-11T03:46:09.029+0000] {processor.py:839} INFO - DAG(s) dict_keys(['example_bash_operator']) retrieved from /home/airflow/.local/lib/python3.8/site-packages/airflow/example_dags/example_bash_operator.py
[2023-10-11T03:46:09.058+0000] {logging_mixin.py:151} INFO - [2023-10-11T03:46:09.057+0000] {dag.py:2915} INFO - Sync 1 DAGs
[2023-10-11T03:46:09.077+0000] {logging_mixin.py:151} INFO - [2023-10-11T03:46:09.076+0000] {dag.py:3696} INFO - Setting next_dagrun for example_bash_operator to 2023-10-10T00:00:00+00:00, run_after=2023-10-11T00:00:00+00:00
[2023-10-11T03:46:09.097+0000] {processor.py:179} INFO - Processing /home/airflow/.local/lib/python3.8/site-packages/airflow/example_dags/example_bash_operator.py took 0.086 seconds
[2023-10-11T03:46:39.138+0000] {processor.py:157} INFO - Started process (PID=892) to work on /home/airflow/.local/lib/python3.8/site-packages/airflow/example_dags/example_bash_operator.py
[2023-10-11T03:46:39.140+0000] {processor.py:829} INFO - Processing file /home/airflow/.local/lib/python3.8/site-packages/airflow/example_dags/example_bash_operator.py for tasks to queue
[2023-10-11T03:46:39.142+0000] {logging_mixin.py:151} INFO - [2023-10-11T03:46:39.142+0000] {dagbag.py:539} INFO - Filling up the DagBag from /home/airflow/.local/lib/python3.8/site-packages/airflow/example_dags/example_bash_operator.py
[2023-10-11T03:46:39.152+0000] {processor.py:839} INFO - DAG(s) dict_keys(['example_bash_operator']) retrieved from /home/airflow/.local/lib/python3.8/site-packages/airflow/example_dags/example_bash_operator.py
[2023-10-11T03:46:39.182+0000] {logging_mixin.py:151} INFO - [2023-10-11T03:46:39.182+0000] {dag.py:2915} INFO - Sync 1 DAGs
[2023-10-11T03:46:39.209+0000] {logging_mixin.py:151} INFO - [2023-10-11T03:46:39.209+0000] {dag.py:3696} INFO - Setting next_dagrun for example_bash_operator to 2023-10-10T00:00:00+00:00, run_after=2023-10-11T00:00:00+00:00
[2023-10-11T03:46:39.232+0000] {processor.py:179} INFO - Processing /home/airflow/.local/lib/python3.8/site-packages/airflow/example_dags/example_bash_operator.py took 0.096 seconds
[2023-10-11T03:47:09.516+0000] {processor.py:157} INFO - Started process (PID=949) to work on /home/airflow/.local/lib/python3.8/site-packages/airflow/example_dags/example_bash_operator.py
[2023-10-11T03:47:09.518+0000] {processor.py:829} INFO - Processing file /home/airflow/.local/lib/python3.8/site-packages/airflow/example_dags/example_bash_operator.py for tasks to queue
[2023-10-11T03:47:09.522+0000] {logging_mixin.py:151} INFO - [2023-10-11T03:47:09.521+0000] {dagbag.py:539} INFO - Filling up the DagBag from /home/airflow/.local/lib/python3.8/site-packages/airflow/example_dags/example_bash_operator.py
[2023-10-11T03:47:09.534+0000] {processor.py:839} INFO - DAG(s) dict_keys(['example_bash_operator']) retrieved from /home/airflow/.local/lib/python3.8/site-packages/airflow/example_dags/example_bash_operator.py
[2023-10-11T03:47:09.572+0000] {logging_mixin.py:151} INFO - [2023-10-11T03:47:09.571+0000] {dag.py:2915} INFO - Sync 1 DAGs
[2023-10-11T03:47:09.594+0000] {logging_mixin.py:151} INFO - [2023-10-11T03:47:09.594+0000] {dag.py:3696} INFO - Setting next_dagrun for example_bash_operator to 2023-10-10T00:00:00+00:00, run_after=2023-10-11T00:00:00+00:00
[2023-10-11T03:47:09.617+0000] {processor.py:179} INFO - Processing /home/airflow/.local/lib/python3.8/site-packages/airflow/example_dags/example_bash_operator.py took 0.104 seconds
[2023-10-11T03:47:39.753+0000] {processor.py:157} INFO - Started process (PID=1006) to work on /home/airflow/.local/lib/python3.8/site-packages/airflow/example_dags/example_bash_operator.py
[2023-10-11T03:47:39.755+0000] {processor.py:829} INFO - Processing file /home/airflow/.local/lib/python3.8/site-packages/airflow/example_dags/example_bash_operator.py for tasks to queue
[2023-10-11T03:47:39.758+0000] {logging_mixin.py:151} INFO - [2023-10-11T03:47:39.758+0000] {dagbag.py:539} INFO - Filling up the DagBag from /home/airflow/.local/lib/python3.8/site-packages/airflow/example_dags/example_bash_operator.py
[2023-10-11T03:47:39.773+0000] {processor.py:839} INFO - DAG(s) dict_keys(['example_bash_operator']) retrieved from /home/airflow/.local/lib/python3.8/site-packages/airflow/example_dags/example_bash_operator.py
[2023-10-11T03:47:39.811+0000] {logging_mixin.py:151} INFO - [2023-10-11T03:47:39.811+0000] {dag.py:2915} INFO - Sync 1 DAGs
[2023-10-11T03:47:39.837+0000] {logging_mixin.py:151} INFO - [2023-10-11T03:47:39.836+0000] {dag.py:3696} INFO - Setting next_dagrun for example_bash_operator to 2023-10-10T00:00:00+00:00, run_after=2023-10-11T00:00:00+00:00
[2023-10-11T03:47:39.858+0000] {processor.py:179} INFO - Processing /home/airflow/.local/lib/python3.8/site-packages/airflow/example_dags/example_bash_operator.py took 0.108 seconds
[2023-10-11T03:48:10.368+0000] {processor.py:157} INFO - Started process (PID=1063) to work on /home/airflow/.local/lib/python3.8/site-packages/airflow/example_dags/example_bash_operator.py
[2023-10-11T03:48:10.370+0000] {processor.py:829} INFO - Processing file /home/airflow/.local/lib/python3.8/site-packages/airflow/example_dags/example_bash_operator.py for tasks to queue
[2023-10-11T03:48:10.373+0000] {logging_mixin.py:151} INFO - [2023-10-11T03:48:10.372+0000] {dagbag.py:539} INFO - Filling up the DagBag from /home/airflow/.local/lib/python3.8/site-packages/airflow/example_dags/example_bash_operator.py
[2023-10-11T03:48:10.382+0000] {processor.py:839} INFO - DAG(s) dict_keys(['example_bash_operator']) retrieved from /home/airflow/.local/lib/python3.8/site-packages/airflow/example_dags/example_bash_operator.py
[2023-10-11T03:48:10.415+0000] {logging_mixin.py:151} INFO - [2023-10-11T03:48:10.415+0000] {dag.py:2915} INFO - Sync 1 DAGs
[2023-10-11T03:48:10.435+0000] {logging_mixin.py:151} INFO - [2023-10-11T03:48:10.435+0000] {dag.py:3696} INFO - Setting next_dagrun for example_bash_operator to 2023-10-10T00:00:00+00:00, run_after=2023-10-11T00:00:00+00:00
[2023-10-11T03:48:10.458+0000] {processor.py:179} INFO - Processing /home/airflow/.local/lib/python3.8/site-packages/airflow/example_dags/example_bash_operator.py took 0.094 seconds
[2023-10-11T03:48:40.799+0000] {processor.py:157} INFO - Started process (PID=1120) to work on /home/airflow/.local/lib/python3.8/site-packages/airflow/example_dags/example_bash_operator.py
[2023-10-11T03:48:40.801+0000] {processor.py:829} INFO - Processing file /home/airflow/.local/lib/python3.8/site-packages/airflow/example_dags/example_bash_operator.py for tasks to queue
[2023-10-11T03:48:40.805+0000] {logging_mixin.py:151} INFO - [2023-10-11T03:48:40.805+0000] {dagbag.py:539} INFO - Filling up the DagBag from /home/airflow/.local/lib/python3.8/site-packages/airflow/example_dags/example_bash_operator.py
[2023-10-11T03:48:40.818+0000] {processor.py:839} INFO - DAG(s) dict_keys(['example_bash_operator']) retrieved from /home/airflow/.local/lib/python3.8/site-packages/airflow/example_dags/example_bash_operator.py
[2023-10-11T03:48:40.850+0000] {logging_mixin.py:151} INFO - [2023-10-11T03:48:40.850+0000] {dag.py:2915} INFO - Sync 1 DAGs
[2023-10-11T03:48:40.874+0000] {logging_mixin.py:151} INFO - [2023-10-11T03:48:40.874+0000] {dag.py:3696} INFO - Setting next_dagrun for example_bash_operator to 2023-10-10T00:00:00+00:00, run_after=2023-10-11T00:00:00+00:00
[2023-10-11T03:48:40.898+0000] {processor.py:179} INFO - Processing /home/airflow/.local/lib/python3.8/site-packages/airflow/example_dags/example_bash_operator.py took 0.102 seconds
[2023-10-11T03:49:11.284+0000] {processor.py:157} INFO - Started process (PID=1177) to work on /home/airflow/.local/lib/python3.8/site-packages/airflow/example_dags/example_bash_operator.py
[2023-10-11T03:49:11.286+0000] {processor.py:829} INFO - Processing file /home/airflow/.local/lib/python3.8/site-packages/airflow/example_dags/example_bash_operator.py for tasks to queue
[2023-10-11T03:49:11.288+0000] {logging_mixin.py:151} INFO - [2023-10-11T03:49:11.288+0000] {dagbag.py:539} INFO - Filling up the DagBag from /home/airflow/.local/lib/python3.8/site-packages/airflow/example_dags/example_bash_operator.py
[2023-10-11T03:49:11.298+0000] {processor.py:839} INFO - DAG(s) dict_keys(['example_bash_operator']) retrieved from /home/airflow/.local/lib/python3.8/site-packages/airflow/example_dags/example_bash_operator.py
[2023-10-11T03:49:11.333+0000] {logging_mixin.py:151} INFO - [2023-10-11T03:49:11.332+0000] {dag.py:2915} INFO - Sync 1 DAGs
[2023-10-11T03:49:11.359+0000] {logging_mixin.py:151} INFO - [2023-10-11T03:49:11.359+0000] {dag.py:3696} INFO - Setting next_dagrun for example_bash_operator to 2023-10-10T00:00:00+00:00, run_after=2023-10-11T00:00:00+00:00
[2023-10-11T03:49:11.386+0000] {processor.py:179} INFO - Processing /home/airflow/.local/lib/python3.8/site-packages/airflow/example_dags/example_bash_operator.py took 0.105 seconds
[2023-10-11T03:49:41.797+0000] {processor.py:157} INFO - Started process (PID=1234) to work on /home/airflow/.local/lib/python3.8/site-packages/airflow/example_dags/example_bash_operator.py
[2023-10-11T03:49:41.798+0000] {processor.py:829} INFO - Processing file /home/airflow/.local/lib/python3.8/site-packages/airflow/example_dags/example_bash_operator.py for tasks to queue
[2023-10-11T03:49:41.801+0000] {logging_mixin.py:151} INFO - [2023-10-11T03:49:41.801+0000] {dagbag.py:539} INFO - Filling up the DagBag from /home/airflow/.local/lib/python3.8/site-packages/airflow/example_dags/example_bash_operator.py
[2023-10-11T03:49:41.812+0000] {processor.py:839} INFO - DAG(s) dict_keys(['example_bash_operator']) retrieved from /home/airflow/.local/lib/python3.8/site-packages/airflow/example_dags/example_bash_operator.py
[2023-10-11T03:49:41.840+0000] {logging_mixin.py:151} INFO - [2023-10-11T03:49:41.840+0000] {dag.py:2915} INFO - Sync 1 DAGs
[2023-10-11T03:49:41.860+0000] {logging_mixin.py:151} INFO - [2023-10-11T03:49:41.859+0000] {dag.py:3696} INFO - Setting next_dagrun for example_bash_operator to 2023-10-10T00:00:00+00:00, run_after=2023-10-11T00:00:00+00:00
[2023-10-11T03:49:41.881+0000] {processor.py:179} INFO - Processing /home/airflow/.local/lib/python3.8/site-packages/airflow/example_dags/example_bash_operator.py took 0.088 seconds
[2023-10-11T03:50:12.360+0000] {processor.py:157} INFO - Started process (PID=1291) to work on /home/airflow/.local/lib/python3.8/site-packages/airflow/example_dags/example_bash_operator.py
[2023-10-11T03:50:12.362+0000] {processor.py:829} INFO - Processing file /home/airflow/.local/lib/python3.8/site-packages/airflow/example_dags/example_bash_operator.py for tasks to queue
[2023-10-11T03:50:12.364+0000] {logging_mixin.py:151} INFO - [2023-10-11T03:50:12.364+0000] {dagbag.py:539} INFO - Filling up the DagBag from /home/airflow/.local/lib/python3.8/site-packages/airflow/example_dags/example_bash_operator.py
[2023-10-11T03:50:12.375+0000] {processor.py:839} INFO - DAG(s) dict_keys(['example_bash_operator']) retrieved from /home/airflow/.local/lib/python3.8/site-packages/airflow/example_dags/example_bash_operator.py
[2023-10-11T03:50:12.403+0000] {logging_mixin.py:151} INFO - [2023-10-11T03:50:12.403+0000] {dag.py:2915} INFO - Sync 1 DAGs
[2023-10-11T03:50:12.422+0000] {logging_mixin.py:151} INFO - [2023-10-11T03:50:12.422+0000] {dag.py:3696} INFO - Setting next_dagrun for example_bash_operator to 2023-10-10T00:00:00+00:00, run_after=2023-10-11T00:00:00+00:00
[2023-10-11T03:50:12.445+0000] {processor.py:179} INFO - Processing /home/airflow/.local/lib/python3.8/site-packages/airflow/example_dags/example_bash_operator.py took 0.089 seconds
[2023-10-11T03:50:42.568+0000] {processor.py:157} INFO - Started process (PID=1348) to work on /home/airflow/.local/lib/python3.8/site-packages/airflow/example_dags/example_bash_operator.py
[2023-10-11T03:50:42.569+0000] {processor.py:829} INFO - Processing file /home/airflow/.local/lib/python3.8/site-packages/airflow/example_dags/example_bash_operator.py for tasks to queue
[2023-10-11T03:50:42.572+0000] {logging_mixin.py:151} INFO - [2023-10-11T03:50:42.572+0000] {dagbag.py:539} INFO - Filling up the DagBag from /home/airflow/.local/lib/python3.8/site-packages/airflow/example_dags/example_bash_operator.py
[2023-10-11T03:50:42.582+0000] {processor.py:839} INFO - DAG(s) dict_keys(['example_bash_operator']) retrieved from /home/airflow/.local/lib/python3.8/site-packages/airflow/example_dags/example_bash_operator.py
[2023-10-11T03:50:42.611+0000] {logging_mixin.py:151} INFO - [2023-10-11T03:50:42.610+0000] {dag.py:2915} INFO - Sync 1 DAGs
[2023-10-11T03:50:42.633+0000] {logging_mixin.py:151} INFO - [2023-10-11T03:50:42.633+0000] {dag.py:3696} INFO - Setting next_dagrun for example_bash_operator to 2023-10-10T00:00:00+00:00, run_after=2023-10-11T00:00:00+00:00
[2023-10-11T03:50:42.655+0000] {processor.py:179} INFO - Processing /home/airflow/.local/lib/python3.8/site-packages/airflow/example_dags/example_bash_operator.py took 0.090 seconds
[2023-10-11T03:51:13.274+0000] {processor.py:157} INFO - Started process (PID=1405) to work on /home/airflow/.local/lib/python3.8/site-packages/airflow/example_dags/example_bash_operator.py
[2023-10-11T03:51:13.276+0000] {processor.py:829} INFO - Processing file /home/airflow/.local/lib/python3.8/site-packages/airflow/example_dags/example_bash_operator.py for tasks to queue
[2023-10-11T03:51:13.280+0000] {logging_mixin.py:151} INFO - [2023-10-11T03:51:13.279+0000] {dagbag.py:539} INFO - Filling up the DagBag from /home/airflow/.local/lib/python3.8/site-packages/airflow/example_dags/example_bash_operator.py
[2023-10-11T03:51:13.296+0000] {processor.py:839} INFO - DAG(s) dict_keys(['example_bash_operator']) retrieved from /home/airflow/.local/lib/python3.8/site-packages/airflow/example_dags/example_bash_operator.py
[2023-10-11T03:51:13.332+0000] {logging_mixin.py:151} INFO - [2023-10-11T03:51:13.332+0000] {dag.py:2915} INFO - Sync 1 DAGs
[2023-10-11T03:51:13.359+0000] {logging_mixin.py:151} INFO - [2023-10-11T03:51:13.359+0000] {dag.py:3696} INFO - Setting next_dagrun for example_bash_operator to 2023-10-10T00:00:00+00:00, run_after=2023-10-11T00:00:00+00:00
[2023-10-11T03:51:13.384+0000] {processor.py:179} INFO - Processing /home/airflow/.local/lib/python3.8/site-packages/airflow/example_dags/example_bash_operator.py took 0.114 seconds
[2023-10-11T03:51:43.575+0000] {processor.py:157} INFO - Started process (PID=1462) to work on /home/airflow/.local/lib/python3.8/site-packages/airflow/example_dags/example_bash_operator.py
[2023-10-11T03:51:43.576+0000] {processor.py:829} INFO - Processing file /home/airflow/.local/lib/python3.8/site-packages/airflow/example_dags/example_bash_operator.py for tasks to queue
[2023-10-11T03:51:43.579+0000] {logging_mixin.py:151} INFO - [2023-10-11T03:51:43.579+0000] {dagbag.py:539} INFO - Filling up the DagBag from /home/airflow/.local/lib/python3.8/site-packages/airflow/example_dags/example_bash_operator.py
[2023-10-11T03:51:43.592+0000] {processor.py:839} INFO - DAG(s) dict_keys(['example_bash_operator']) retrieved from /home/airflow/.local/lib/python3.8/site-packages/airflow/example_dags/example_bash_operator.py
[2023-10-11T03:51:43.620+0000] {logging_mixin.py:151} INFO - [2023-10-11T03:51:43.620+0000] {dag.py:2915} INFO - Sync 1 DAGs
[2023-10-11T03:51:43.639+0000] {logging_mixin.py:151} INFO - [2023-10-11T03:51:43.639+0000] {dag.py:3696} INFO - Setting next_dagrun for example_bash_operator to 2023-10-10T00:00:00+00:00, run_after=2023-10-11T00:00:00+00:00
[2023-10-11T03:51:43.659+0000] {processor.py:179} INFO - Processing /home/airflow/.local/lib/python3.8/site-packages/airflow/example_dags/example_bash_operator.py took 0.087 seconds
[2023-10-11T03:52:14.195+0000] {processor.py:157} INFO - Started process (PID=1519) to work on /home/airflow/.local/lib/python3.8/site-packages/airflow/example_dags/example_bash_operator.py
[2023-10-11T03:52:14.197+0000] {processor.py:829} INFO - Processing file /home/airflow/.local/lib/python3.8/site-packages/airflow/example_dags/example_bash_operator.py for tasks to queue
[2023-10-11T03:52:14.199+0000] {logging_mixin.py:151} INFO - [2023-10-11T03:52:14.199+0000] {dagbag.py:539} INFO - Filling up the DagBag from /home/airflow/.local/lib/python3.8/site-packages/airflow/example_dags/example_bash_operator.py
[2023-10-11T03:52:14.211+0000] {processor.py:839} INFO - DAG(s) dict_keys(['example_bash_operator']) retrieved from /home/airflow/.local/lib/python3.8/site-packages/airflow/example_dags/example_bash_operator.py
[2023-10-11T03:52:14.241+0000] {logging_mixin.py:151} INFO - [2023-10-11T03:52:14.240+0000] {dag.py:2915} INFO - Sync 1 DAGs
[2023-10-11T03:52:14.261+0000] {logging_mixin.py:151} INFO - [2023-10-11T03:52:14.261+0000] {dag.py:3696} INFO - Setting next_dagrun for example_bash_operator to 2023-10-10T00:00:00+00:00, run_after=2023-10-11T00:00:00+00:00
[2023-10-11T03:52:14.283+0000] {processor.py:179} INFO - Processing /home/airflow/.local/lib/python3.8/site-packages/airflow/example_dags/example_bash_operator.py took 0.091 seconds
[2023-10-11T03:52:44.542+0000] {processor.py:157} INFO - Started process (PID=1576) to work on /home/airflow/.local/lib/python3.8/site-packages/airflow/example_dags/example_bash_operator.py
[2023-10-11T03:52:44.543+0000] {processor.py:829} INFO - Processing file /home/airflow/.local/lib/python3.8/site-packages/airflow/example_dags/example_bash_operator.py for tasks to queue
[2023-10-11T03:52:44.546+0000] {logging_mixin.py:151} INFO - [2023-10-11T03:52:44.546+0000] {dagbag.py:539} INFO - Filling up the DagBag from /home/airflow/.local/lib/python3.8/site-packages/airflow/example_dags/example_bash_operator.py
[2023-10-11T03:52:44.555+0000] {processor.py:839} INFO - DAG(s) dict_keys(['example_bash_operator']) retrieved from /home/airflow/.local/lib/python3.8/site-packages/airflow/example_dags/example_bash_operator.py
[2023-10-11T03:52:44.582+0000] {logging_mixin.py:151} INFO - [2023-10-11T03:52:44.582+0000] {dag.py:2915} INFO - Sync 1 DAGs
[2023-10-11T03:52:44.600+0000] {logging_mixin.py:151} INFO - [2023-10-11T03:52:44.600+0000] {dag.py:3696} INFO - Setting next_dagrun for example_bash_operator to 2023-10-10T00:00:00+00:00, run_after=2023-10-11T00:00:00+00:00
[2023-10-11T03:52:44.619+0000] {processor.py:179} INFO - Processing /home/airflow/.local/lib/python3.8/site-packages/airflow/example_dags/example_bash_operator.py took 0.079 seconds
[2023-10-11T03:53:15.618+0000] {processor.py:157} INFO - Started process (PID=1633) to work on /home/airflow/.local/lib/python3.8/site-packages/airflow/example_dags/example_bash_operator.py
[2023-10-11T03:53:15.619+0000] {processor.py:829} INFO - Processing file /home/airflow/.local/lib/python3.8/site-packages/airflow/example_dags/example_bash_operator.py for tasks to queue
[2023-10-11T03:53:15.621+0000] {logging_mixin.py:151} INFO - [2023-10-11T03:53:15.621+0000] {dagbag.py:539} INFO - Filling up the DagBag from /home/airflow/.local/lib/python3.8/site-packages/airflow/example_dags/example_bash_operator.py
[2023-10-11T03:53:15.633+0000] {processor.py:839} INFO - DAG(s) dict_keys(['example_bash_operator']) retrieved from /home/airflow/.local/lib/python3.8/site-packages/airflow/example_dags/example_bash_operator.py
[2023-10-11T03:53:15.671+0000] {logging_mixin.py:151} INFO - [2023-10-11T03:53:15.671+0000] {dag.py:2915} INFO - Sync 1 DAGs
[2023-10-11T03:53:15.703+0000] {logging_mixin.py:151} INFO - [2023-10-11T03:53:15.703+0000] {dag.py:3696} INFO - Setting next_dagrun for example_bash_operator to 2023-10-10T00:00:00+00:00, run_after=2023-10-11T00:00:00+00:00
[2023-10-11T03:53:15.725+0000] {processor.py:179} INFO - Processing /home/airflow/.local/lib/python3.8/site-packages/airflow/example_dags/example_bash_operator.py took 0.111 seconds
[2023-10-11T03:53:46.055+0000] {processor.py:157} INFO - Started process (PID=1690) to work on /home/airflow/.local/lib/python3.8/site-packages/airflow/example_dags/example_bash_operator.py
[2023-10-11T03:53:46.056+0000] {processor.py:829} INFO - Processing file /home/airflow/.local/lib/python3.8/site-packages/airflow/example_dags/example_bash_operator.py for tasks to queue
[2023-10-11T03:53:46.059+0000] {logging_mixin.py:151} INFO - [2023-10-11T03:53:46.059+0000] {dagbag.py:539} INFO - Filling up the DagBag from /home/airflow/.local/lib/python3.8/site-packages/airflow/example_dags/example_bash_operator.py
[2023-10-11T03:53:46.069+0000] {processor.py:839} INFO - DAG(s) dict_keys(['example_bash_operator']) retrieved from /home/airflow/.local/lib/python3.8/site-packages/airflow/example_dags/example_bash_operator.py
[2023-10-11T03:53:46.102+0000] {logging_mixin.py:151} INFO - [2023-10-11T03:53:46.102+0000] {dag.py:2915} INFO - Sync 1 DAGs
[2023-10-11T03:53:46.133+0000] {logging_mixin.py:151} INFO - [2023-10-11T03:53:46.133+0000] {dag.py:3696} INFO - Setting next_dagrun for example_bash_operator to 2023-10-10T00:00:00+00:00, run_after=2023-10-11T00:00:00+00:00
[2023-10-11T03:53:46.164+0000] {processor.py:179} INFO - Processing /home/airflow/.local/lib/python3.8/site-packages/airflow/example_dags/example_bash_operator.py took 0.113 seconds
[2023-10-11T03:54:16.322+0000] {processor.py:157} INFO - Started process (PID=1747) to work on /home/airflow/.local/lib/python3.8/site-packages/airflow/example_dags/example_bash_operator.py
[2023-10-11T03:54:16.324+0000] {processor.py:829} INFO - Processing file /home/airflow/.local/lib/python3.8/site-packages/airflow/example_dags/example_bash_operator.py for tasks to queue
[2023-10-11T03:54:16.327+0000] {logging_mixin.py:151} INFO - [2023-10-11T03:54:16.327+0000] {dagbag.py:539} INFO - Filling up the DagBag from /home/airflow/.local/lib/python3.8/site-packages/airflow/example_dags/example_bash_operator.py
[2023-10-11T03:54:16.336+0000] {processor.py:839} INFO - DAG(s) dict_keys(['example_bash_operator']) retrieved from /home/airflow/.local/lib/python3.8/site-packages/airflow/example_dags/example_bash_operator.py
[2023-10-11T03:54:16.368+0000] {logging_mixin.py:151} INFO - [2023-10-11T03:54:16.368+0000] {dag.py:2915} INFO - Sync 1 DAGs
[2023-10-11T03:54:16.389+0000] {logging_mixin.py:151} INFO - [2023-10-11T03:54:16.388+0000] {dag.py:3696} INFO - Setting next_dagrun for example_bash_operator to 2023-10-10T00:00:00+00:00, run_after=2023-10-11T00:00:00+00:00
[2023-10-11T03:54:16.413+0000] {processor.py:179} INFO - Processing /home/airflow/.local/lib/python3.8/site-packages/airflow/example_dags/example_bash_operator.py took 0.094 seconds
[2023-10-11T03:54:46.512+0000] {processor.py:157} INFO - Started process (PID=1804) to work on /home/airflow/.local/lib/python3.8/site-packages/airflow/example_dags/example_bash_operator.py
[2023-10-11T03:54:46.513+0000] {processor.py:829} INFO - Processing file /home/airflow/.local/lib/python3.8/site-packages/airflow/example_dags/example_bash_operator.py for tasks to queue
[2023-10-11T03:54:46.516+0000] {logging_mixin.py:151} INFO - [2023-10-11T03:54:46.516+0000] {dagbag.py:539} INFO - Filling up the DagBag from /home/airflow/.local/lib/python3.8/site-packages/airflow/example_dags/example_bash_operator.py
[2023-10-11T03:54:46.526+0000] {processor.py:839} INFO - DAG(s) dict_keys(['example_bash_operator']) retrieved from /home/airflow/.local/lib/python3.8/site-packages/airflow/example_dags/example_bash_operator.py
[2023-10-11T03:54:46.556+0000] {logging_mixin.py:151} INFO - [2023-10-11T03:54:46.555+0000] {dag.py:2915} INFO - Sync 1 DAGs
[2023-10-11T03:54:46.575+0000] {logging_mixin.py:151} INFO - [2023-10-11T03:54:46.575+0000] {dag.py:3696} INFO - Setting next_dagrun for example_bash_operator to 2023-10-10T00:00:00+00:00, run_after=2023-10-11T00:00:00+00:00
[2023-10-11T03:54:46.596+0000] {processor.py:179} INFO - Processing /home/airflow/.local/lib/python3.8/site-packages/airflow/example_dags/example_bash_operator.py took 0.088 seconds
[2023-10-11T03:55:16.922+0000] {processor.py:157} INFO - Started process (PID=1861) to work on /home/airflow/.local/lib/python3.8/site-packages/airflow/example_dags/example_bash_operator.py
[2023-10-11T03:55:16.924+0000] {processor.py:829} INFO - Processing file /home/airflow/.local/lib/python3.8/site-packages/airflow/example_dags/example_bash_operator.py for tasks to queue
[2023-10-11T03:55:16.927+0000] {logging_mixin.py:151} INFO - [2023-10-11T03:55:16.927+0000] {dagbag.py:539} INFO - Filling up the DagBag from /home/airflow/.local/lib/python3.8/site-packages/airflow/example_dags/example_bash_operator.py
[2023-10-11T03:55:16.937+0000] {processor.py:839} INFO - DAG(s) dict_keys(['example_bash_operator']) retrieved from /home/airflow/.local/lib/python3.8/site-packages/airflow/example_dags/example_bash_operator.py
[2023-10-11T03:55:16.968+0000] {logging_mixin.py:151} INFO - [2023-10-11T03:55:16.967+0000] {dag.py:2915} INFO - Sync 1 DAGs
[2023-10-11T03:55:16.990+0000] {logging_mixin.py:151} INFO - [2023-10-11T03:55:16.990+0000] {dag.py:3696} INFO - Setting next_dagrun for example_bash_operator to 2023-10-10T00:00:00+00:00, run_after=2023-10-11T00:00:00+00:00
[2023-10-11T03:55:17.011+0000] {processor.py:179} INFO - Processing /home/airflow/.local/lib/python3.8/site-packages/airflow/example_dags/example_bash_operator.py took 0.091 seconds
[2023-10-11T03:55:47.292+0000] {processor.py:157} INFO - Started process (PID=1918) to work on /home/airflow/.local/lib/python3.8/site-packages/airflow/example_dags/example_bash_operator.py
[2023-10-11T03:55:47.293+0000] {processor.py:829} INFO - Processing file /home/airflow/.local/lib/python3.8/site-packages/airflow/example_dags/example_bash_operator.py for tasks to queue
[2023-10-11T03:55:47.296+0000] {logging_mixin.py:151} INFO - [2023-10-11T03:55:47.296+0000] {dagbag.py:539} INFO - Filling up the DagBag from /home/airflow/.local/lib/python3.8/site-packages/airflow/example_dags/example_bash_operator.py
[2023-10-11T03:55:47.307+0000] {processor.py:839} INFO - DAG(s) dict_keys(['example_bash_operator']) retrieved from /home/airflow/.local/lib/python3.8/site-packages/airflow/example_dags/example_bash_operator.py
[2023-10-11T03:55:47.343+0000] {logging_mixin.py:151} INFO - [2023-10-11T03:55:47.342+0000] {dag.py:2915} INFO - Sync 1 DAGs
[2023-10-11T03:55:47.362+0000] {logging_mixin.py:151} INFO - [2023-10-11T03:55:47.362+0000] {dag.py:3696} INFO - Setting next_dagrun for example_bash_operator to 2023-10-10T00:00:00+00:00, run_after=2023-10-11T00:00:00+00:00
[2023-10-11T03:55:47.384+0000] {processor.py:179} INFO - Processing /home/airflow/.local/lib/python3.8/site-packages/airflow/example_dags/example_bash_operator.py took 0.095 seconds
[2023-10-11T03:56:18.042+0000] {processor.py:157} INFO - Started process (PID=1975) to work on /home/airflow/.local/lib/python3.8/site-packages/airflow/example_dags/example_bash_operator.py
[2023-10-11T03:56:18.043+0000] {processor.py:829} INFO - Processing file /home/airflow/.local/lib/python3.8/site-packages/airflow/example_dags/example_bash_operator.py for tasks to queue
[2023-10-11T03:56:18.046+0000] {logging_mixin.py:151} INFO - [2023-10-11T03:56:18.046+0000] {dagbag.py:539} INFO - Filling up the DagBag from /home/airflow/.local/lib/python3.8/site-packages/airflow/example_dags/example_bash_operator.py
[2023-10-11T03:56:18.056+0000] {processor.py:839} INFO - DAG(s) dict_keys(['example_bash_operator']) retrieved from /home/airflow/.local/lib/python3.8/site-packages/airflow/example_dags/example_bash_operator.py
[2023-10-11T03:56:18.087+0000] {logging_mixin.py:151} INFO - [2023-10-11T03:56:18.087+0000] {dag.py:2915} INFO - Sync 1 DAGs
[2023-10-11T03:56:18.108+0000] {logging_mixin.py:151} INFO - [2023-10-11T03:56:18.108+0000] {dag.py:3696} INFO - Setting next_dagrun for example_bash_operator to 2023-10-10T00:00:00+00:00, run_after=2023-10-11T00:00:00+00:00
[2023-10-11T03:56:18.128+0000] {processor.py:179} INFO - Processing /home/airflow/.local/lib/python3.8/site-packages/airflow/example_dags/example_bash_operator.py took 0.088 seconds
[2023-10-11T03:56:48.473+0000] {processor.py:157} INFO - Started process (PID=2032) to work on /home/airflow/.local/lib/python3.8/site-packages/airflow/example_dags/example_bash_operator.py
[2023-10-11T03:56:48.475+0000] {processor.py:829} INFO - Processing file /home/airflow/.local/lib/python3.8/site-packages/airflow/example_dags/example_bash_operator.py for tasks to queue
[2023-10-11T03:56:48.480+0000] {logging_mixin.py:151} INFO - [2023-10-11T03:56:48.480+0000] {dagbag.py:539} INFO - Filling up the DagBag from /home/airflow/.local/lib/python3.8/site-packages/airflow/example_dags/example_bash_operator.py
[2023-10-11T03:56:48.497+0000] {processor.py:839} INFO - DAG(s) dict_keys(['example_bash_operator']) retrieved from /home/airflow/.local/lib/python3.8/site-packages/airflow/example_dags/example_bash_operator.py
[2023-10-11T03:56:48.545+0000] {logging_mixin.py:151} INFO - [2023-10-11T03:56:48.545+0000] {dag.py:2915} INFO - Sync 1 DAGs
[2023-10-11T03:56:48.567+0000] {logging_mixin.py:151} INFO - [2023-10-11T03:56:48.567+0000] {dag.py:3696} INFO - Setting next_dagrun for example_bash_operator to 2023-10-10T00:00:00+00:00, run_after=2023-10-11T00:00:00+00:00
[2023-10-11T03:56:48.587+0000] {processor.py:179} INFO - Processing /home/airflow/.local/lib/python3.8/site-packages/airflow/example_dags/example_bash_operator.py took 0.119 seconds
[2023-10-11T03:57:19.284+0000] {processor.py:157} INFO - Started process (PID=2089) to work on /home/airflow/.local/lib/python3.8/site-packages/airflow/example_dags/example_bash_operator.py
[2023-10-11T03:57:19.286+0000] {processor.py:829} INFO - Processing file /home/airflow/.local/lib/python3.8/site-packages/airflow/example_dags/example_bash_operator.py for tasks to queue
[2023-10-11T03:57:19.289+0000] {logging_mixin.py:151} INFO - [2023-10-11T03:57:19.288+0000] {dagbag.py:539} INFO - Filling up the DagBag from /home/airflow/.local/lib/python3.8/site-packages/airflow/example_dags/example_bash_operator.py
[2023-10-11T03:57:19.302+0000] {processor.py:839} INFO - DAG(s) dict_keys(['example_bash_operator']) retrieved from /home/airflow/.local/lib/python3.8/site-packages/airflow/example_dags/example_bash_operator.py
[2023-10-11T03:57:19.337+0000] {logging_mixin.py:151} INFO - [2023-10-11T03:57:19.337+0000] {dag.py:2915} INFO - Sync 1 DAGs
[2023-10-11T03:57:19.363+0000] {logging_mixin.py:151} INFO - [2023-10-11T03:57:19.362+0000] {dag.py:3696} INFO - Setting next_dagrun for example_bash_operator to 2023-10-10T00:00:00+00:00, run_after=2023-10-11T00:00:00+00:00
[2023-10-11T03:57:19.384+0000] {processor.py:179} INFO - Processing /home/airflow/.local/lib/python3.8/site-packages/airflow/example_dags/example_bash_operator.py took 0.104 seconds
[2023-10-11T03:57:49.627+0000] {processor.py:157} INFO - Started process (PID=2146) to work on /home/airflow/.local/lib/python3.8/site-packages/airflow/example_dags/example_bash_operator.py
[2023-10-11T03:57:49.629+0000] {processor.py:829} INFO - Processing file /home/airflow/.local/lib/python3.8/site-packages/airflow/example_dags/example_bash_operator.py for tasks to queue
[2023-10-11T03:57:49.632+0000] {logging_mixin.py:151} INFO - [2023-10-11T03:57:49.632+0000] {dagbag.py:539} INFO - Filling up the DagBag from /home/airflow/.local/lib/python3.8/site-packages/airflow/example_dags/example_bash_operator.py
[2023-10-11T03:57:49.644+0000] {processor.py:839} INFO - DAG(s) dict_keys(['example_bash_operator']) retrieved from /home/airflow/.local/lib/python3.8/site-packages/airflow/example_dags/example_bash_operator.py
[2023-10-11T03:57:49.674+0000] {logging_mixin.py:151} INFO - [2023-10-11T03:57:49.673+0000] {dag.py:2915} INFO - Sync 1 DAGs
[2023-10-11T03:57:49.694+0000] {logging_mixin.py:151} INFO - [2023-10-11T03:57:49.694+0000] {dag.py:3696} INFO - Setting next_dagrun for example_bash_operator to 2023-10-10T00:00:00+00:00, run_after=2023-10-11T00:00:00+00:00
[2023-10-11T03:57:49.714+0000] {processor.py:179} INFO - Processing /home/airflow/.local/lib/python3.8/site-packages/airflow/example_dags/example_bash_operator.py took 0.091 seconds
[2023-10-11T03:58:19.898+0000] {processor.py:157} INFO - Started process (PID=2203) to work on /home/airflow/.local/lib/python3.8/site-packages/airflow/example_dags/example_bash_operator.py
[2023-10-11T03:58:19.899+0000] {processor.py:829} INFO - Processing file /home/airflow/.local/lib/python3.8/site-packages/airflow/example_dags/example_bash_operator.py for tasks to queue
[2023-10-11T03:58:19.902+0000] {logging_mixin.py:151} INFO - [2023-10-11T03:58:19.902+0000] {dagbag.py:539} INFO - Filling up the DagBag from /home/airflow/.local/lib/python3.8/site-packages/airflow/example_dags/example_bash_operator.py
[2023-10-11T03:58:19.911+0000] {processor.py:839} INFO - DAG(s) dict_keys(['example_bash_operator']) retrieved from /home/airflow/.local/lib/python3.8/site-packages/airflow/example_dags/example_bash_operator.py
[2023-10-11T03:58:19.939+0000] {logging_mixin.py:151} INFO - [2023-10-11T03:58:19.939+0000] {dag.py:2915} INFO - Sync 1 DAGs
[2023-10-11T03:58:19.959+0000] {logging_mixin.py:151} INFO - [2023-10-11T03:58:19.959+0000] {dag.py:3696} INFO - Setting next_dagrun for example_bash_operator to 2023-10-10T00:00:00+00:00, run_after=2023-10-11T00:00:00+00:00
[2023-10-11T03:58:19.980+0000] {processor.py:179} INFO - Processing /home/airflow/.local/lib/python3.8/site-packages/airflow/example_dags/example_bash_operator.py took 0.085 seconds
[2023-10-11T03:58:50.068+0000] {processor.py:157} INFO - Started process (PID=2260) to work on /home/airflow/.local/lib/python3.8/site-packages/airflow/example_dags/example_bash_operator.py
[2023-10-11T03:58:50.070+0000] {processor.py:829} INFO - Processing file /home/airflow/.local/lib/python3.8/site-packages/airflow/example_dags/example_bash_operator.py for tasks to queue
[2023-10-11T03:58:50.072+0000] {logging_mixin.py:151} INFO - [2023-10-11T03:58:50.072+0000] {dagbag.py:539} INFO - Filling up the DagBag from /home/airflow/.local/lib/python3.8/site-packages/airflow/example_dags/example_bash_operator.py
[2023-10-11T03:58:50.084+0000] {processor.py:839} INFO - DAG(s) dict_keys(['example_bash_operator']) retrieved from /home/airflow/.local/lib/python3.8/site-packages/airflow/example_dags/example_bash_operator.py
[2023-10-11T03:58:50.112+0000] {logging_mixin.py:151} INFO - [2023-10-11T03:58:50.112+0000] {dag.py:2915} INFO - Sync 1 DAGs
[2023-10-11T03:58:50.130+0000] {logging_mixin.py:151} INFO - [2023-10-11T03:58:50.130+0000] {dag.py:3696} INFO - Setting next_dagrun for example_bash_operator to 2023-10-10T00:00:00+00:00, run_after=2023-10-11T00:00:00+00:00
[2023-10-11T03:58:50.149+0000] {processor.py:179} INFO - Processing /home/airflow/.local/lib/python3.8/site-packages/airflow/example_dags/example_bash_operator.py took 0.083 seconds
[2023-10-11T03:59:20.726+0000] {processor.py:157} INFO - Started process (PID=2317) to work on /home/airflow/.local/lib/python3.8/site-packages/airflow/example_dags/example_bash_operator.py
[2023-10-11T03:59:20.728+0000] {processor.py:829} INFO - Processing file /home/airflow/.local/lib/python3.8/site-packages/airflow/example_dags/example_bash_operator.py for tasks to queue
[2023-10-11T03:59:20.730+0000] {logging_mixin.py:151} INFO - [2023-10-11T03:59:20.730+0000] {dagbag.py:539} INFO - Filling up the DagBag from /home/airflow/.local/lib/python3.8/site-packages/airflow/example_dags/example_bash_operator.py
[2023-10-11T03:59:20.743+0000] {processor.py:839} INFO - DAG(s) dict_keys(['example_bash_operator']) retrieved from /home/airflow/.local/lib/python3.8/site-packages/airflow/example_dags/example_bash_operator.py
[2023-10-11T03:59:20.771+0000] {logging_mixin.py:151} INFO - [2023-10-11T03:59:20.770+0000] {dag.py:2915} INFO - Sync 1 DAGs
[2023-10-11T03:59:20.790+0000] {logging_mixin.py:151} INFO - [2023-10-11T03:59:20.790+0000] {dag.py:3696} INFO - Setting next_dagrun for example_bash_operator to 2023-10-10T00:00:00+00:00, run_after=2023-10-11T00:00:00+00:00
[2023-10-11T03:59:20.810+0000] {processor.py:179} INFO - Processing /home/airflow/.local/lib/python3.8/site-packages/airflow/example_dags/example_bash_operator.py took 0.087 seconds
[2023-10-11T03:59:51.250+0000] {processor.py:157} INFO - Started process (PID=2374) to work on /home/airflow/.local/lib/python3.8/site-packages/airflow/example_dags/example_bash_operator.py
[2023-10-11T03:59:51.251+0000] {processor.py:829} INFO - Processing file /home/airflow/.local/lib/python3.8/site-packages/airflow/example_dags/example_bash_operator.py for tasks to queue
[2023-10-11T03:59:51.253+0000] {logging_mixin.py:151} INFO - [2023-10-11T03:59:51.253+0000] {dagbag.py:539} INFO - Filling up the DagBag from /home/airflow/.local/lib/python3.8/site-packages/airflow/example_dags/example_bash_operator.py
[2023-10-11T03:59:51.263+0000] {processor.py:839} INFO - DAG(s) dict_keys(['example_bash_operator']) retrieved from /home/airflow/.local/lib/python3.8/site-packages/airflow/example_dags/example_bash_operator.py
[2023-10-11T03:59:51.291+0000] {logging_mixin.py:151} INFO - [2023-10-11T03:59:51.291+0000] {dag.py:2915} INFO - Sync 1 DAGs
[2023-10-11T03:59:51.309+0000] {logging_mixin.py:151} INFO - [2023-10-11T03:59:51.309+0000] {dag.py:3696} INFO - Setting next_dagrun for example_bash_operator to 2023-10-10T00:00:00+00:00, run_after=2023-10-11T00:00:00+00:00
[2023-10-11T03:59:51.328+0000] {processor.py:179} INFO - Processing /home/airflow/.local/lib/python3.8/site-packages/airflow/example_dags/example_bash_operator.py took 0.082 seconds
[2023-10-11T04:00:21.672+0000] {processor.py:157} INFO - Started process (PID=2431) to work on /home/airflow/.local/lib/python3.8/site-packages/airflow/example_dags/example_bash_operator.py
[2023-10-11T04:00:21.674+0000] {processor.py:829} INFO - Processing file /home/airflow/.local/lib/python3.8/site-packages/airflow/example_dags/example_bash_operator.py for tasks to queue
[2023-10-11T04:00:21.676+0000] {logging_mixin.py:151} INFO - [2023-10-11T04:00:21.676+0000] {dagbag.py:539} INFO - Filling up the DagBag from /home/airflow/.local/lib/python3.8/site-packages/airflow/example_dags/example_bash_operator.py
[2023-10-11T04:00:21.685+0000] {processor.py:839} INFO - DAG(s) dict_keys(['example_bash_operator']) retrieved from /home/airflow/.local/lib/python3.8/site-packages/airflow/example_dags/example_bash_operator.py
[2023-10-11T04:00:21.714+0000] {logging_mixin.py:151} INFO - [2023-10-11T04:00:21.714+0000] {dag.py:2915} INFO - Sync 1 DAGs
[2023-10-11T04:00:21.734+0000] {logging_mixin.py:151} INFO - [2023-10-11T04:00:21.734+0000] {dag.py:3696} INFO - Setting next_dagrun for example_bash_operator to 2023-10-10T00:00:00+00:00, run_after=2023-10-11T00:00:00+00:00
[2023-10-11T04:00:21.755+0000] {processor.py:179} INFO - Processing /home/airflow/.local/lib/python3.8/site-packages/airflow/example_dags/example_bash_operator.py took 0.087 seconds
[2023-10-11T04:00:51.938+0000] {processor.py:157} INFO - Started process (PID=2488) to work on /home/airflow/.local/lib/python3.8/site-packages/airflow/example_dags/example_bash_operator.py
[2023-10-11T04:00:51.940+0000] {processor.py:829} INFO - Processing file /home/airflow/.local/lib/python3.8/site-packages/airflow/example_dags/example_bash_operator.py for tasks to queue
[2023-10-11T04:00:51.943+0000] {logging_mixin.py:151} INFO - [2023-10-11T04:00:51.943+0000] {dagbag.py:539} INFO - Filling up the DagBag from /home/airflow/.local/lib/python3.8/site-packages/airflow/example_dags/example_bash_operator.py
[2023-10-11T04:00:51.957+0000] {processor.py:839} INFO - DAG(s) dict_keys(['example_bash_operator']) retrieved from /home/airflow/.local/lib/python3.8/site-packages/airflow/example_dags/example_bash_operator.py
[2023-10-11T04:00:51.989+0000] {logging_mixin.py:151} INFO - [2023-10-11T04:00:51.988+0000] {dag.py:2915} INFO - Sync 1 DAGs
[2023-10-11T04:00:52.010+0000] {logging_mixin.py:151} INFO - [2023-10-11T04:00:52.010+0000] {dag.py:3696} INFO - Setting next_dagrun for example_bash_operator to 2023-10-10T00:00:00+00:00, run_after=2023-10-11T00:00:00+00:00
[2023-10-11T04:00:52.035+0000] {processor.py:179} INFO - Processing /home/airflow/.local/lib/python3.8/site-packages/airflow/example_dags/example_bash_operator.py took 0.101 seconds
[2023-10-11T04:01:22.605+0000] {processor.py:157} INFO - Started process (PID=2545) to work on /home/airflow/.local/lib/python3.8/site-packages/airflow/example_dags/example_bash_operator.py
[2023-10-11T04:01:22.606+0000] {processor.py:829} INFO - Processing file /home/airflow/.local/lib/python3.8/site-packages/airflow/example_dags/example_bash_operator.py for tasks to queue
[2023-10-11T04:01:22.609+0000] {logging_mixin.py:151} INFO - [2023-10-11T04:01:22.608+0000] {dagbag.py:539} INFO - Filling up the DagBag from /home/airflow/.local/lib/python3.8/site-packages/airflow/example_dags/example_bash_operator.py
[2023-10-11T04:01:22.618+0000] {processor.py:839} INFO - DAG(s) dict_keys(['example_bash_operator']) retrieved from /home/airflow/.local/lib/python3.8/site-packages/airflow/example_dags/example_bash_operator.py
[2023-10-11T04:01:22.644+0000] {logging_mixin.py:151} INFO - [2023-10-11T04:01:22.644+0000] {dag.py:2915} INFO - Sync 1 DAGs
[2023-10-11T04:01:22.663+0000] {logging_mixin.py:151} INFO - [2023-10-11T04:01:22.663+0000] {dag.py:3696} INFO - Setting next_dagrun for example_bash_operator to 2023-10-10T00:00:00+00:00, run_after=2023-10-11T00:00:00+00:00
[2023-10-11T04:01:22.683+0000] {processor.py:179} INFO - Processing /home/airflow/.local/lib/python3.8/site-packages/airflow/example_dags/example_bash_operator.py took 0.081 seconds
[2023-10-11T04:01:53.169+0000] {processor.py:157} INFO - Started process (PID=2602) to work on /home/airflow/.local/lib/python3.8/site-packages/airflow/example_dags/example_bash_operator.py
[2023-10-11T04:01:53.170+0000] {processor.py:829} INFO - Processing file /home/airflow/.local/lib/python3.8/site-packages/airflow/example_dags/example_bash_operator.py for tasks to queue
[2023-10-11T04:01:53.173+0000] {logging_mixin.py:151} INFO - [2023-10-11T04:01:53.172+0000] {dagbag.py:539} INFO - Filling up the DagBag from /home/airflow/.local/lib/python3.8/site-packages/airflow/example_dags/example_bash_operator.py
[2023-10-11T04:01:53.183+0000] {processor.py:839} INFO - DAG(s) dict_keys(['example_bash_operator']) retrieved from /home/airflow/.local/lib/python3.8/site-packages/airflow/example_dags/example_bash_operator.py
[2023-10-11T04:01:53.209+0000] {logging_mixin.py:151} INFO - [2023-10-11T04:01:53.209+0000] {dag.py:2915} INFO - Sync 1 DAGs
[2023-10-11T04:01:53.228+0000] {logging_mixin.py:151} INFO - [2023-10-11T04:01:53.228+0000] {dag.py:3696} INFO - Setting next_dagrun for example_bash_operator to 2023-10-10T00:00:00+00:00, run_after=2023-10-11T00:00:00+00:00
[2023-10-11T04:01:53.245+0000] {processor.py:179} INFO - Processing /home/airflow/.local/lib/python3.8/site-packages/airflow/example_dags/example_bash_operator.py took 0.080 seconds
[2023-10-11T04:02:23.965+0000] {processor.py:157} INFO - Started process (PID=2659) to work on /home/airflow/.local/lib/python3.8/site-packages/airflow/example_dags/example_bash_operator.py
[2023-10-11T04:02:23.967+0000] {processor.py:829} INFO - Processing file /home/airflow/.local/lib/python3.8/site-packages/airflow/example_dags/example_bash_operator.py for tasks to queue
[2023-10-11T04:02:23.971+0000] {logging_mixin.py:151} INFO - [2023-10-11T04:02:23.971+0000] {dagbag.py:539} INFO - Filling up the DagBag from /home/airflow/.local/lib/python3.8/site-packages/airflow/example_dags/example_bash_operator.py
[2023-10-11T04:02:23.983+0000] {processor.py:839} INFO - DAG(s) dict_keys(['example_bash_operator']) retrieved from /home/airflow/.local/lib/python3.8/site-packages/airflow/example_dags/example_bash_operator.py
[2023-10-11T04:02:24.018+0000] {logging_mixin.py:151} INFO - [2023-10-11T04:02:24.018+0000] {dag.py:2915} INFO - Sync 1 DAGs
[2023-10-11T04:02:24.045+0000] {logging_mixin.py:151} INFO - [2023-10-11T04:02:24.044+0000] {dag.py:3696} INFO - Setting next_dagrun for example_bash_operator to 2023-10-10T00:00:00+00:00, run_after=2023-10-11T00:00:00+00:00
[2023-10-11T04:02:24.069+0000] {processor.py:179} INFO - Processing /home/airflow/.local/lib/python3.8/site-packages/airflow/example_dags/example_bash_operator.py took 0.107 seconds
[2023-10-11T04:02:54.860+0000] {processor.py:157} INFO - Started process (PID=2716) to work on /home/airflow/.local/lib/python3.8/site-packages/airflow/example_dags/example_bash_operator.py
[2023-10-11T04:02:54.863+0000] {processor.py:829} INFO - Processing file /home/airflow/.local/lib/python3.8/site-packages/airflow/example_dags/example_bash_operator.py for tasks to queue
[2023-10-11T04:02:54.866+0000] {logging_mixin.py:151} INFO - [2023-10-11T04:02:54.865+0000] {dagbag.py:539} INFO - Filling up the DagBag from /home/airflow/.local/lib/python3.8/site-packages/airflow/example_dags/example_bash_operator.py
[2023-10-11T04:02:54.875+0000] {processor.py:839} INFO - DAG(s) dict_keys(['example_bash_operator']) retrieved from /home/airflow/.local/lib/python3.8/site-packages/airflow/example_dags/example_bash_operator.py
[2023-10-11T04:02:54.905+0000] {logging_mixin.py:151} INFO - [2023-10-11T04:02:54.904+0000] {dag.py:2915} INFO - Sync 1 DAGs
[2023-10-11T04:02:54.925+0000] {logging_mixin.py:151} INFO - [2023-10-11T04:02:54.925+0000] {dag.py:3696} INFO - Setting next_dagrun for example_bash_operator to 2023-10-10T00:00:00+00:00, run_after=2023-10-11T00:00:00+00:00
[2023-10-11T04:02:54.945+0000] {processor.py:179} INFO - Processing /home/airflow/.local/lib/python3.8/site-packages/airflow/example_dags/example_bash_operator.py took 0.088 seconds
[2023-10-11T04:03:25.375+0000] {processor.py:157} INFO - Started process (PID=2773) to work on /home/airflow/.local/lib/python3.8/site-packages/airflow/example_dags/example_bash_operator.py
[2023-10-11T04:03:25.377+0000] {processor.py:829} INFO - Processing file /home/airflow/.local/lib/python3.8/site-packages/airflow/example_dags/example_bash_operator.py for tasks to queue
[2023-10-11T04:03:25.381+0000] {logging_mixin.py:151} INFO - [2023-10-11T04:03:25.381+0000] {dagbag.py:539} INFO - Filling up the DagBag from /home/airflow/.local/lib/python3.8/site-packages/airflow/example_dags/example_bash_operator.py
[2023-10-11T04:03:25.400+0000] {processor.py:839} INFO - DAG(s) dict_keys(['example_bash_operator']) retrieved from /home/airflow/.local/lib/python3.8/site-packages/airflow/example_dags/example_bash_operator.py
[2023-10-11T04:03:25.437+0000] {logging_mixin.py:151} INFO - [2023-10-11T04:03:25.437+0000] {dag.py:2915} INFO - Sync 1 DAGs
[2023-10-11T04:03:25.457+0000] {logging_mixin.py:151} INFO - [2023-10-11T04:03:25.457+0000] {dag.py:3696} INFO - Setting next_dagrun for example_bash_operator to 2023-10-10T00:00:00+00:00, run_after=2023-10-11T00:00:00+00:00
[2023-10-11T04:03:25.479+0000] {processor.py:179} INFO - Processing /home/airflow/.local/lib/python3.8/site-packages/airflow/example_dags/example_bash_operator.py took 0.107 seconds
[2023-10-11T04:03:56.060+0000] {processor.py:157} INFO - Started process (PID=2834) to work on /home/airflow/.local/lib/python3.8/site-packages/airflow/example_dags/example_bash_operator.py
[2023-10-11T04:03:56.063+0000] {processor.py:829} INFO - Processing file /home/airflow/.local/lib/python3.8/site-packages/airflow/example_dags/example_bash_operator.py for tasks to queue
[2023-10-11T04:03:56.068+0000] {logging_mixin.py:151} INFO - [2023-10-11T04:03:56.068+0000] {dagbag.py:539} INFO - Filling up the DagBag from /home/airflow/.local/lib/python3.8/site-packages/airflow/example_dags/example_bash_operator.py
[2023-10-11T04:03:56.089+0000] {processor.py:839} INFO - DAG(s) dict_keys(['example_bash_operator']) retrieved from /home/airflow/.local/lib/python3.8/site-packages/airflow/example_dags/example_bash_operator.py
[2023-10-11T04:03:56.140+0000] {logging_mixin.py:151} INFO - [2023-10-11T04:03:56.140+0000] {dag.py:2915} INFO - Sync 1 DAGs
[2023-10-11T04:03:56.161+0000] {logging_mixin.py:151} INFO - [2023-10-11T04:03:56.161+0000] {dag.py:3696} INFO - Setting next_dagrun for example_bash_operator to 2023-10-10T00:00:00+00:00, run_after=2023-10-11T00:00:00+00:00
[2023-10-11T04:03:56.185+0000] {processor.py:179} INFO - Processing /home/airflow/.local/lib/python3.8/site-packages/airflow/example_dags/example_bash_operator.py took 0.130 seconds
[2023-10-11T04:04:26.297+0000] {processor.py:157} INFO - Started process (PID=2898) to work on /home/airflow/.local/lib/python3.8/site-packages/airflow/example_dags/example_bash_operator.py
[2023-10-11T04:04:26.298+0000] {processor.py:829} INFO - Processing file /home/airflow/.local/lib/python3.8/site-packages/airflow/example_dags/example_bash_operator.py for tasks to queue
[2023-10-11T04:04:26.301+0000] {logging_mixin.py:151} INFO - [2023-10-11T04:04:26.300+0000] {dagbag.py:539} INFO - Filling up the DagBag from /home/airflow/.local/lib/python3.8/site-packages/airflow/example_dags/example_bash_operator.py
[2023-10-11T04:04:26.311+0000] {processor.py:839} INFO - DAG(s) dict_keys(['example_bash_operator']) retrieved from /home/airflow/.local/lib/python3.8/site-packages/airflow/example_dags/example_bash_operator.py
[2023-10-11T04:04:26.345+0000] {logging_mixin.py:151} INFO - [2023-10-11T04:04:26.345+0000] {dag.py:2915} INFO - Sync 1 DAGs
[2023-10-11T04:04:26.365+0000] {logging_mixin.py:151} INFO - [2023-10-11T04:04:26.365+0000] {dag.py:3696} INFO - Setting next_dagrun for example_bash_operator to 2023-10-10T00:00:00+00:00, run_after=2023-10-11T00:00:00+00:00
[2023-10-11T04:04:26.387+0000] {processor.py:179} INFO - Processing /home/airflow/.local/lib/python3.8/site-packages/airflow/example_dags/example_bash_operator.py took 0.093 seconds
