[2023-10-11T03:39:27.037+0000] {processor.py:157} INFO - Started process (PID=54) to work on /home/airflow/.local/lib/python3.8/site-packages/airflow/example_dags/example_dag_decorator.py
[2023-10-11T03:39:27.040+0000] {processor.py:829} INFO - Processing file /home/airflow/.local/lib/python3.8/site-packages/airflow/example_dags/example_dag_decorator.py for tasks to queue
[2023-10-11T03:39:27.043+0000] {logging_mixin.py:151} INFO - [2023-10-11T03:39:27.042+0000] {dagbag.py:539} INFO - Filling up the DagBag from /home/airflow/.local/lib/python3.8/site-packages/airflow/example_dags/example_dag_decorator.py
[2023-10-11T03:39:27.223+0000] {processor.py:839} INFO - DAG(s) dict_keys(['example_dag_decorator']) retrieved from /home/airflow/.local/lib/python3.8/site-packages/airflow/example_dags/example_dag_decorator.py
[2023-10-11T03:39:27.239+0000] {logging_mixin.py:151} INFO - [2023-10-11T03:39:27.239+0000] {dag.py:2915} INFO - Sync 1 DAGs
[2023-10-11T03:39:27.256+0000] {logging_mixin.py:151} INFO - [2023-10-11T03:39:27.255+0000] {dag.py:3696} INFO - Setting next_dagrun for example_dag_decorator to None, run_after=None
[2023-10-11T03:39:27.288+0000] {processor.py:179} INFO - Processing /home/airflow/.local/lib/python3.8/site-packages/airflow/example_dags/example_dag_decorator.py took 0.255 seconds
[2023-10-11T03:39:57.449+0000] {processor.py:157} INFO - Started process (PID=111) to work on /home/airflow/.local/lib/python3.8/site-packages/airflow/example_dags/example_dag_decorator.py
[2023-10-11T03:39:57.453+0000] {processor.py:829} INFO - Processing file /home/airflow/.local/lib/python3.8/site-packages/airflow/example_dags/example_dag_decorator.py for tasks to queue
[2023-10-11T03:39:57.456+0000] {logging_mixin.py:151} INFO - [2023-10-11T03:39:57.455+0000] {dagbag.py:539} INFO - Filling up the DagBag from /home/airflow/.local/lib/python3.8/site-packages/airflow/example_dags/example_dag_decorator.py
[2023-10-11T03:39:57.524+0000] {processor.py:839} INFO - DAG(s) dict_keys(['example_dag_decorator']) retrieved from /home/airflow/.local/lib/python3.8/site-packages/airflow/example_dags/example_dag_decorator.py
[2023-10-11T03:39:57.623+0000] {logging_mixin.py:151} INFO - [2023-10-11T03:39:57.623+0000] {security.py:708} INFO - Not syncing DAG-level permissions for DAG 'DAG:example_dag_decorator' as access control is unset.
[2023-10-11T03:39:57.624+0000] {logging_mixin.py:151} INFO - [2023-10-11T03:39:57.624+0000] {dag.py:2915} INFO - Sync 1 DAGs
[2023-10-11T03:39:57.634+0000] {logging_mixin.py:151} INFO - [2023-10-11T03:39:57.634+0000] {dag.py:3696} INFO - Setting next_dagrun for example_dag_decorator to None, run_after=None
[2023-10-11T03:39:57.654+0000] {processor.py:179} INFO - Processing /home/airflow/.local/lib/python3.8/site-packages/airflow/example_dags/example_dag_decorator.py took 0.206 seconds
[2023-10-11T03:40:27.863+0000] {processor.py:157} INFO - Started process (PID=168) to work on /home/airflow/.local/lib/python3.8/site-packages/airflow/example_dags/example_dag_decorator.py
[2023-10-11T03:40:27.864+0000] {processor.py:829} INFO - Processing file /home/airflow/.local/lib/python3.8/site-packages/airflow/example_dags/example_dag_decorator.py for tasks to queue
[2023-10-11T03:40:27.867+0000] {logging_mixin.py:151} INFO - [2023-10-11T03:40:27.867+0000] {dagbag.py:539} INFO - Filling up the DagBag from /home/airflow/.local/lib/python3.8/site-packages/airflow/example_dags/example_dag_decorator.py
[2023-10-11T03:40:27.927+0000] {processor.py:839} INFO - DAG(s) dict_keys(['example_dag_decorator']) retrieved from /home/airflow/.local/lib/python3.8/site-packages/airflow/example_dags/example_dag_decorator.py
[2023-10-11T03:40:28.016+0000] {logging_mixin.py:151} INFO - [2023-10-11T03:40:28.015+0000] {security.py:708} INFO - Not syncing DAG-level permissions for DAG 'DAG:example_dag_decorator' as access control is unset.
[2023-10-11T03:40:28.017+0000] {logging_mixin.py:151} INFO - [2023-10-11T03:40:28.017+0000] {dag.py:2915} INFO - Sync 1 DAGs
[2023-10-11T03:40:28.027+0000] {logging_mixin.py:151} INFO - [2023-10-11T03:40:28.027+0000] {dag.py:3696} INFO - Setting next_dagrun for example_dag_decorator to None, run_after=None
[2023-10-11T03:40:28.048+0000] {processor.py:179} INFO - Processing /home/airflow/.local/lib/python3.8/site-packages/airflow/example_dags/example_dag_decorator.py took 0.189 seconds
[2023-10-11T03:40:58.493+0000] {processor.py:157} INFO - Started process (PID=225) to work on /home/airflow/.local/lib/python3.8/site-packages/airflow/example_dags/example_dag_decorator.py
[2023-10-11T03:40:58.496+0000] {processor.py:829} INFO - Processing file /home/airflow/.local/lib/python3.8/site-packages/airflow/example_dags/example_dag_decorator.py for tasks to queue
[2023-10-11T03:40:58.499+0000] {logging_mixin.py:151} INFO - [2023-10-11T03:40:58.499+0000] {dagbag.py:539} INFO - Filling up the DagBag from /home/airflow/.local/lib/python3.8/site-packages/airflow/example_dags/example_dag_decorator.py
[2023-10-11T03:40:58.581+0000] {processor.py:839} INFO - DAG(s) dict_keys(['example_dag_decorator']) retrieved from /home/airflow/.local/lib/python3.8/site-packages/airflow/example_dags/example_dag_decorator.py
[2023-10-11T03:40:58.699+0000] {logging_mixin.py:151} INFO - [2023-10-11T03:40:58.698+0000] {security.py:708} INFO - Not syncing DAG-level permissions for DAG 'DAG:example_dag_decorator' as access control is unset.
[2023-10-11T03:40:58.700+0000] {logging_mixin.py:151} INFO - [2023-10-11T03:40:58.700+0000] {dag.py:2915} INFO - Sync 1 DAGs
[2023-10-11T03:40:58.716+0000] {logging_mixin.py:151} INFO - [2023-10-11T03:40:58.716+0000] {dag.py:3696} INFO - Setting next_dagrun for example_dag_decorator to None, run_after=None
[2023-10-11T03:40:58.749+0000] {processor.py:179} INFO - Processing /home/airflow/.local/lib/python3.8/site-packages/airflow/example_dags/example_dag_decorator.py took 0.261 seconds
[2023-10-11T03:41:29.375+0000] {processor.py:157} INFO - Started process (PID=282) to work on /home/airflow/.local/lib/python3.8/site-packages/airflow/example_dags/example_dag_decorator.py
[2023-10-11T03:41:29.377+0000] {processor.py:829} INFO - Processing file /home/airflow/.local/lib/python3.8/site-packages/airflow/example_dags/example_dag_decorator.py for tasks to queue
[2023-10-11T03:41:29.380+0000] {logging_mixin.py:151} INFO - [2023-10-11T03:41:29.379+0000] {dagbag.py:539} INFO - Filling up the DagBag from /home/airflow/.local/lib/python3.8/site-packages/airflow/example_dags/example_dag_decorator.py
[2023-10-11T03:41:29.463+0000] {processor.py:839} INFO - DAG(s) dict_keys(['example_dag_decorator']) retrieved from /home/airflow/.local/lib/python3.8/site-packages/airflow/example_dags/example_dag_decorator.py
[2023-10-11T03:41:29.592+0000] {logging_mixin.py:151} INFO - [2023-10-11T03:41:29.591+0000] {security.py:708} INFO - Not syncing DAG-level permissions for DAG 'DAG:example_dag_decorator' as access control is unset.
[2023-10-11T03:41:29.593+0000] {logging_mixin.py:151} INFO - [2023-10-11T03:41:29.592+0000] {dag.py:2915} INFO - Sync 1 DAGs
[2023-10-11T03:41:29.609+0000] {logging_mixin.py:151} INFO - [2023-10-11T03:41:29.608+0000] {dag.py:3696} INFO - Setting next_dagrun for example_dag_decorator to None, run_after=None
[2023-10-11T03:41:29.644+0000] {processor.py:179} INFO - Processing /home/airflow/.local/lib/python3.8/site-packages/airflow/example_dags/example_dag_decorator.py took 0.273 seconds
[2023-10-11T03:41:59.742+0000] {processor.py:157} INFO - Started process (PID=339) to work on /home/airflow/.local/lib/python3.8/site-packages/airflow/example_dags/example_dag_decorator.py
[2023-10-11T03:41:59.743+0000] {processor.py:829} INFO - Processing file /home/airflow/.local/lib/python3.8/site-packages/airflow/example_dags/example_dag_decorator.py for tasks to queue
[2023-10-11T03:41:59.747+0000] {logging_mixin.py:151} INFO - [2023-10-11T03:41:59.746+0000] {dagbag.py:539} INFO - Filling up the DagBag from /home/airflow/.local/lib/python3.8/site-packages/airflow/example_dags/example_dag_decorator.py
[2023-10-11T03:41:59.819+0000] {processor.py:839} INFO - DAG(s) dict_keys(['example_dag_decorator']) retrieved from /home/airflow/.local/lib/python3.8/site-packages/airflow/example_dags/example_dag_decorator.py
[2023-10-11T03:41:59.910+0000] {logging_mixin.py:151} INFO - [2023-10-11T03:41:59.909+0000] {security.py:708} INFO - Not syncing DAG-level permissions for DAG 'DAG:example_dag_decorator' as access control is unset.
[2023-10-11T03:41:59.912+0000] {logging_mixin.py:151} INFO - [2023-10-11T03:41:59.911+0000] {dag.py:2915} INFO - Sync 1 DAGs
[2023-10-11T03:41:59.920+0000] {logging_mixin.py:151} INFO - [2023-10-11T03:41:59.920+0000] {dag.py:3696} INFO - Setting next_dagrun for example_dag_decorator to None, run_after=None
[2023-10-11T03:41:59.943+0000] {processor.py:179} INFO - Processing /home/airflow/.local/lib/python3.8/site-packages/airflow/example_dags/example_dag_decorator.py took 0.204 seconds
[2023-10-11T03:42:30.627+0000] {processor.py:157} INFO - Started process (PID=396) to work on /home/airflow/.local/lib/python3.8/site-packages/airflow/example_dags/example_dag_decorator.py
[2023-10-11T03:42:30.629+0000] {processor.py:829} INFO - Processing file /home/airflow/.local/lib/python3.8/site-packages/airflow/example_dags/example_dag_decorator.py for tasks to queue
[2023-10-11T03:42:30.632+0000] {logging_mixin.py:151} INFO - [2023-10-11T03:42:30.632+0000] {dagbag.py:539} INFO - Filling up the DagBag from /home/airflow/.local/lib/python3.8/site-packages/airflow/example_dags/example_dag_decorator.py
[2023-10-11T03:42:30.734+0000] {processor.py:839} INFO - DAG(s) dict_keys(['example_dag_decorator']) retrieved from /home/airflow/.local/lib/python3.8/site-packages/airflow/example_dags/example_dag_decorator.py
[2023-10-11T03:42:30.863+0000] {logging_mixin.py:151} INFO - [2023-10-11T03:42:30.863+0000] {security.py:708} INFO - Not syncing DAG-level permissions for DAG 'DAG:example_dag_decorator' as access control is unset.
[2023-10-11T03:42:30.865+0000] {logging_mixin.py:151} INFO - [2023-10-11T03:42:30.864+0000] {dag.py:2915} INFO - Sync 1 DAGs
[2023-10-11T03:42:30.885+0000] {logging_mixin.py:151} INFO - [2023-10-11T03:42:30.885+0000] {dag.py:3696} INFO - Setting next_dagrun for example_dag_decorator to None, run_after=None
[2023-10-11T03:42:30.922+0000] {processor.py:179} INFO - Processing /home/airflow/.local/lib/python3.8/site-packages/airflow/example_dags/example_dag_decorator.py took 0.301 seconds
[2023-10-11T03:43:01.013+0000] {processor.py:157} INFO - Started process (PID=453) to work on /home/airflow/.local/lib/python3.8/site-packages/airflow/example_dags/example_dag_decorator.py
[2023-10-11T03:43:01.015+0000] {processor.py:829} INFO - Processing file /home/airflow/.local/lib/python3.8/site-packages/airflow/example_dags/example_dag_decorator.py for tasks to queue
[2023-10-11T03:43:01.018+0000] {logging_mixin.py:151} INFO - [2023-10-11T03:43:01.018+0000] {dagbag.py:539} INFO - Filling up the DagBag from /home/airflow/.local/lib/python3.8/site-packages/airflow/example_dags/example_dag_decorator.py
[2023-10-11T03:43:01.093+0000] {processor.py:839} INFO - DAG(s) dict_keys(['example_dag_decorator']) retrieved from /home/airflow/.local/lib/python3.8/site-packages/airflow/example_dags/example_dag_decorator.py
[2023-10-11T03:43:01.221+0000] {logging_mixin.py:151} INFO - [2023-10-11T03:43:01.220+0000] {security.py:708} INFO - Not syncing DAG-level permissions for DAG 'DAG:example_dag_decorator' as access control is unset.
[2023-10-11T03:43:01.222+0000] {logging_mixin.py:151} INFO - [2023-10-11T03:43:01.221+0000] {dag.py:2915} INFO - Sync 1 DAGs
[2023-10-11T03:43:01.235+0000] {logging_mixin.py:151} INFO - [2023-10-11T03:43:01.235+0000] {dag.py:3696} INFO - Setting next_dagrun for example_dag_decorator to None, run_after=None
[2023-10-11T03:43:01.277+0000] {processor.py:179} INFO - Processing /home/airflow/.local/lib/python3.8/site-packages/airflow/example_dags/example_dag_decorator.py took 0.267 seconds
[2023-10-11T03:43:31.480+0000] {processor.py:157} INFO - Started process (PID=512) to work on /home/airflow/.local/lib/python3.8/site-packages/airflow/example_dags/example_dag_decorator.py
[2023-10-11T03:43:31.481+0000] {processor.py:829} INFO - Processing file /home/airflow/.local/lib/python3.8/site-packages/airflow/example_dags/example_dag_decorator.py for tasks to queue
[2023-10-11T03:43:31.484+0000] {logging_mixin.py:151} INFO - [2023-10-11T03:43:31.484+0000] {dagbag.py:539} INFO - Filling up the DagBag from /home/airflow/.local/lib/python3.8/site-packages/airflow/example_dags/example_dag_decorator.py
[2023-10-11T03:43:31.562+0000] {processor.py:839} INFO - DAG(s) dict_keys(['example_dag_decorator']) retrieved from /home/airflow/.local/lib/python3.8/site-packages/airflow/example_dags/example_dag_decorator.py
[2023-10-11T03:43:31.662+0000] {logging_mixin.py:151} INFO - [2023-10-11T03:43:31.662+0000] {security.py:708} INFO - Not syncing DAG-level permissions for DAG 'DAG:example_dag_decorator' as access control is unset.
[2023-10-11T03:43:31.663+0000] {logging_mixin.py:151} INFO - [2023-10-11T03:43:31.663+0000] {dag.py:2915} INFO - Sync 1 DAGs
[2023-10-11T03:43:31.674+0000] {logging_mixin.py:151} INFO - [2023-10-11T03:43:31.674+0000] {dag.py:3696} INFO - Setting next_dagrun for example_dag_decorator to None, run_after=None
[2023-10-11T03:43:31.695+0000] {processor.py:179} INFO - Processing /home/airflow/.local/lib/python3.8/site-packages/airflow/example_dags/example_dag_decorator.py took 0.219 seconds
[2023-10-11T03:44:02.239+0000] {processor.py:157} INFO - Started process (PID=569) to work on /home/airflow/.local/lib/python3.8/site-packages/airflow/example_dags/example_dag_decorator.py
[2023-10-11T03:44:02.241+0000] {processor.py:829} INFO - Processing file /home/airflow/.local/lib/python3.8/site-packages/airflow/example_dags/example_dag_decorator.py for tasks to queue
[2023-10-11T03:44:02.243+0000] {logging_mixin.py:151} INFO - [2023-10-11T03:44:02.243+0000] {dagbag.py:539} INFO - Filling up the DagBag from /home/airflow/.local/lib/python3.8/site-packages/airflow/example_dags/example_dag_decorator.py
[2023-10-11T03:44:02.310+0000] {processor.py:839} INFO - DAG(s) dict_keys(['example_dag_decorator']) retrieved from /home/airflow/.local/lib/python3.8/site-packages/airflow/example_dags/example_dag_decorator.py
[2023-10-11T03:44:02.406+0000] {logging_mixin.py:151} INFO - [2023-10-11T03:44:02.405+0000] {security.py:708} INFO - Not syncing DAG-level permissions for DAG 'DAG:example_dag_decorator' as access control is unset.
[2023-10-11T03:44:02.407+0000] {logging_mixin.py:151} INFO - [2023-10-11T03:44:02.407+0000] {dag.py:2915} INFO - Sync 1 DAGs
[2023-10-11T03:44:02.418+0000] {logging_mixin.py:151} INFO - [2023-10-11T03:44:02.418+0000] {dag.py:3696} INFO - Setting next_dagrun for example_dag_decorator to None, run_after=None
[2023-10-11T03:44:02.442+0000] {processor.py:179} INFO - Processing /home/airflow/.local/lib/python3.8/site-packages/airflow/example_dags/example_dag_decorator.py took 0.206 seconds
[2023-10-11T03:44:32.613+0000] {processor.py:157} INFO - Started process (PID=623) to work on /home/airflow/.local/lib/python3.8/site-packages/airflow/example_dags/example_dag_decorator.py
[2023-10-11T03:44:32.615+0000] {processor.py:829} INFO - Processing file /home/airflow/.local/lib/python3.8/site-packages/airflow/example_dags/example_dag_decorator.py for tasks to queue
[2023-10-11T03:44:32.617+0000] {logging_mixin.py:151} INFO - [2023-10-11T03:44:32.617+0000] {dagbag.py:539} INFO - Filling up the DagBag from /home/airflow/.local/lib/python3.8/site-packages/airflow/example_dags/example_dag_decorator.py
[2023-10-11T03:44:32.683+0000] {processor.py:839} INFO - DAG(s) dict_keys(['example_dag_decorator']) retrieved from /home/airflow/.local/lib/python3.8/site-packages/airflow/example_dags/example_dag_decorator.py
[2023-10-11T03:44:32.770+0000] {logging_mixin.py:151} INFO - [2023-10-11T03:44:32.770+0000] {security.py:708} INFO - Not syncing DAG-level permissions for DAG 'DAG:example_dag_decorator' as access control is unset.
[2023-10-11T03:44:32.771+0000] {logging_mixin.py:151} INFO - [2023-10-11T03:44:32.771+0000] {dag.py:2915} INFO - Sync 1 DAGs
[2023-10-11T03:44:32.781+0000] {logging_mixin.py:151} INFO - [2023-10-11T03:44:32.781+0000] {dag.py:3696} INFO - Setting next_dagrun for example_dag_decorator to None, run_after=None
[2023-10-11T03:44:32.803+0000] {processor.py:179} INFO - Processing /home/airflow/.local/lib/python3.8/site-packages/airflow/example_dags/example_dag_decorator.py took 0.194 seconds
[2023-10-11T03:45:02.968+0000] {processor.py:157} INFO - Started process (PID=680) to work on /home/airflow/.local/lib/python3.8/site-packages/airflow/example_dags/example_dag_decorator.py
[2023-10-11T03:45:02.969+0000] {processor.py:829} INFO - Processing file /home/airflow/.local/lib/python3.8/site-packages/airflow/example_dags/example_dag_decorator.py for tasks to queue
[2023-10-11T03:45:02.971+0000] {logging_mixin.py:151} INFO - [2023-10-11T03:45:02.971+0000] {dagbag.py:539} INFO - Filling up the DagBag from /home/airflow/.local/lib/python3.8/site-packages/airflow/example_dags/example_dag_decorator.py
[2023-10-11T03:45:03.034+0000] {processor.py:839} INFO - DAG(s) dict_keys(['example_dag_decorator']) retrieved from /home/airflow/.local/lib/python3.8/site-packages/airflow/example_dags/example_dag_decorator.py
[2023-10-11T03:45:03.133+0000] {logging_mixin.py:151} INFO - [2023-10-11T03:45:03.132+0000] {security.py:708} INFO - Not syncing DAG-level permissions for DAG 'DAG:example_dag_decorator' as access control is unset.
[2023-10-11T03:45:03.134+0000] {logging_mixin.py:151} INFO - [2023-10-11T03:45:03.134+0000] {dag.py:2915} INFO - Sync 1 DAGs
[2023-10-11T03:45:03.145+0000] {logging_mixin.py:151} INFO - [2023-10-11T03:45:03.144+0000] {dag.py:3696} INFO - Setting next_dagrun for example_dag_decorator to None, run_after=None
[2023-10-11T03:45:03.171+0000] {processor.py:179} INFO - Processing /home/airflow/.local/lib/python3.8/site-packages/airflow/example_dags/example_dag_decorator.py took 0.206 seconds
[2023-10-11T03:45:33.371+0000] {processor.py:157} INFO - Started process (PID=737) to work on /home/airflow/.local/lib/python3.8/site-packages/airflow/example_dags/example_dag_decorator.py
[2023-10-11T03:45:33.373+0000] {processor.py:829} INFO - Processing file /home/airflow/.local/lib/python3.8/site-packages/airflow/example_dags/example_dag_decorator.py for tasks to queue
[2023-10-11T03:45:33.375+0000] {logging_mixin.py:151} INFO - [2023-10-11T03:45:33.375+0000] {dagbag.py:539} INFO - Filling up the DagBag from /home/airflow/.local/lib/python3.8/site-packages/airflow/example_dags/example_dag_decorator.py
[2023-10-11T03:45:33.439+0000] {processor.py:839} INFO - DAG(s) dict_keys(['example_dag_decorator']) retrieved from /home/airflow/.local/lib/python3.8/site-packages/airflow/example_dags/example_dag_decorator.py
[2023-10-11T03:45:33.530+0000] {logging_mixin.py:151} INFO - [2023-10-11T03:45:33.529+0000] {security.py:708} INFO - Not syncing DAG-level permissions for DAG 'DAG:example_dag_decorator' as access control is unset.
[2023-10-11T03:45:33.531+0000] {logging_mixin.py:151} INFO - [2023-10-11T03:45:33.531+0000] {dag.py:2915} INFO - Sync 1 DAGs
[2023-10-11T03:45:33.539+0000] {logging_mixin.py:151} INFO - [2023-10-11T03:45:33.539+0000] {dag.py:3696} INFO - Setting next_dagrun for example_dag_decorator to None, run_after=None
[2023-10-11T03:45:33.559+0000] {processor.py:179} INFO - Processing /home/airflow/.local/lib/python3.8/site-packages/airflow/example_dags/example_dag_decorator.py took 0.191 seconds
[2023-10-11T03:46:03.893+0000] {processor.py:157} INFO - Started process (PID=794) to work on /home/airflow/.local/lib/python3.8/site-packages/airflow/example_dags/example_dag_decorator.py
[2023-10-11T03:46:03.894+0000] {processor.py:829} INFO - Processing file /home/airflow/.local/lib/python3.8/site-packages/airflow/example_dags/example_dag_decorator.py for tasks to queue
[2023-10-11T03:46:03.897+0000] {logging_mixin.py:151} INFO - [2023-10-11T03:46:03.897+0000] {dagbag.py:539} INFO - Filling up the DagBag from /home/airflow/.local/lib/python3.8/site-packages/airflow/example_dags/example_dag_decorator.py
[2023-10-11T03:46:03.958+0000] {processor.py:839} INFO - DAG(s) dict_keys(['example_dag_decorator']) retrieved from /home/airflow/.local/lib/python3.8/site-packages/airflow/example_dags/example_dag_decorator.py
[2023-10-11T03:46:04.066+0000] {logging_mixin.py:151} INFO - [2023-10-11T03:46:04.065+0000] {security.py:708} INFO - Not syncing DAG-level permissions for DAG 'DAG:example_dag_decorator' as access control is unset.
[2023-10-11T03:46:04.067+0000] {logging_mixin.py:151} INFO - [2023-10-11T03:46:04.067+0000] {dag.py:2915} INFO - Sync 1 DAGs
[2023-10-11T03:46:04.078+0000] {logging_mixin.py:151} INFO - [2023-10-11T03:46:04.078+0000] {dag.py:3696} INFO - Setting next_dagrun for example_dag_decorator to None, run_after=None
[2023-10-11T03:46:04.100+0000] {processor.py:179} INFO - Processing /home/airflow/.local/lib/python3.8/site-packages/airflow/example_dags/example_dag_decorator.py took 0.213 seconds
[2023-10-11T03:46:34.545+0000] {processor.py:157} INFO - Started process (PID=852) to work on /home/airflow/.local/lib/python3.8/site-packages/airflow/example_dags/example_dag_decorator.py
[2023-10-11T03:46:34.547+0000] {processor.py:829} INFO - Processing file /home/airflow/.local/lib/python3.8/site-packages/airflow/example_dags/example_dag_decorator.py for tasks to queue
[2023-10-11T03:46:34.549+0000] {logging_mixin.py:151} INFO - [2023-10-11T03:46:34.549+0000] {dagbag.py:539} INFO - Filling up the DagBag from /home/airflow/.local/lib/python3.8/site-packages/airflow/example_dags/example_dag_decorator.py
[2023-10-11T03:46:34.612+0000] {processor.py:839} INFO - DAG(s) dict_keys(['example_dag_decorator']) retrieved from /home/airflow/.local/lib/python3.8/site-packages/airflow/example_dags/example_dag_decorator.py
[2023-10-11T03:46:34.697+0000] {logging_mixin.py:151} INFO - [2023-10-11T03:46:34.697+0000] {security.py:708} INFO - Not syncing DAG-level permissions for DAG 'DAG:example_dag_decorator' as access control is unset.
[2023-10-11T03:46:34.698+0000] {logging_mixin.py:151} INFO - [2023-10-11T03:46:34.698+0000] {dag.py:2915} INFO - Sync 1 DAGs
[2023-10-11T03:46:34.706+0000] {logging_mixin.py:151} INFO - [2023-10-11T03:46:34.706+0000] {dag.py:3696} INFO - Setting next_dagrun for example_dag_decorator to None, run_after=None
[2023-10-11T03:46:34.726+0000] {processor.py:179} INFO - Processing /home/airflow/.local/lib/python3.8/site-packages/airflow/example_dags/example_dag_decorator.py took 0.183 seconds
[2023-10-11T03:47:05.032+0000] {processor.py:157} INFO - Started process (PID=908) to work on /home/airflow/.local/lib/python3.8/site-packages/airflow/example_dags/example_dag_decorator.py
[2023-10-11T03:47:05.034+0000] {processor.py:829} INFO - Processing file /home/airflow/.local/lib/python3.8/site-packages/airflow/example_dags/example_dag_decorator.py for tasks to queue
[2023-10-11T03:47:05.036+0000] {logging_mixin.py:151} INFO - [2023-10-11T03:47:05.036+0000] {dagbag.py:539} INFO - Filling up the DagBag from /home/airflow/.local/lib/python3.8/site-packages/airflow/example_dags/example_dag_decorator.py
[2023-10-11T03:47:05.106+0000] {processor.py:839} INFO - DAG(s) dict_keys(['example_dag_decorator']) retrieved from /home/airflow/.local/lib/python3.8/site-packages/airflow/example_dags/example_dag_decorator.py
[2023-10-11T03:47:05.201+0000] {logging_mixin.py:151} INFO - [2023-10-11T03:47:05.201+0000] {security.py:708} INFO - Not syncing DAG-level permissions for DAG 'DAG:example_dag_decorator' as access control is unset.
[2023-10-11T03:47:05.203+0000] {logging_mixin.py:151} INFO - [2023-10-11T03:47:05.202+0000] {dag.py:2915} INFO - Sync 1 DAGs
[2023-10-11T03:47:05.215+0000] {logging_mixin.py:151} INFO - [2023-10-11T03:47:05.215+0000] {dag.py:3696} INFO - Setting next_dagrun for example_dag_decorator to None, run_after=None
[2023-10-11T03:47:05.247+0000] {processor.py:179} INFO - Processing /home/airflow/.local/lib/python3.8/site-packages/airflow/example_dags/example_dag_decorator.py took 0.218 seconds
[2023-10-11T03:47:35.347+0000] {processor.py:157} INFO - Started process (PID=965) to work on /home/airflow/.local/lib/python3.8/site-packages/airflow/example_dags/example_dag_decorator.py
[2023-10-11T03:47:35.349+0000] {processor.py:829} INFO - Processing file /home/airflow/.local/lib/python3.8/site-packages/airflow/example_dags/example_dag_decorator.py for tasks to queue
[2023-10-11T03:47:35.352+0000] {logging_mixin.py:151} INFO - [2023-10-11T03:47:35.351+0000] {dagbag.py:539} INFO - Filling up the DagBag from /home/airflow/.local/lib/python3.8/site-packages/airflow/example_dags/example_dag_decorator.py
[2023-10-11T03:47:35.418+0000] {processor.py:839} INFO - DAG(s) dict_keys(['example_dag_decorator']) retrieved from /home/airflow/.local/lib/python3.8/site-packages/airflow/example_dags/example_dag_decorator.py
[2023-10-11T03:47:35.509+0000] {logging_mixin.py:151} INFO - [2023-10-11T03:47:35.509+0000] {security.py:708} INFO - Not syncing DAG-level permissions for DAG 'DAG:example_dag_decorator' as access control is unset.
[2023-10-11T03:47:35.510+0000] {logging_mixin.py:151} INFO - [2023-10-11T03:47:35.510+0000] {dag.py:2915} INFO - Sync 1 DAGs
[2023-10-11T03:47:35.522+0000] {logging_mixin.py:151} INFO - [2023-10-11T03:47:35.522+0000] {dag.py:3696} INFO - Setting next_dagrun for example_dag_decorator to None, run_after=None
[2023-10-11T03:47:35.549+0000] {processor.py:179} INFO - Processing /home/airflow/.local/lib/python3.8/site-packages/airflow/example_dags/example_dag_decorator.py took 0.204 seconds
[2023-10-11T03:48:05.786+0000] {processor.py:157} INFO - Started process (PID=1022) to work on /home/airflow/.local/lib/python3.8/site-packages/airflow/example_dags/example_dag_decorator.py
[2023-10-11T03:48:05.788+0000] {processor.py:829} INFO - Processing file /home/airflow/.local/lib/python3.8/site-packages/airflow/example_dags/example_dag_decorator.py for tasks to queue
[2023-10-11T03:48:05.790+0000] {logging_mixin.py:151} INFO - [2023-10-11T03:48:05.790+0000] {dagbag.py:539} INFO - Filling up the DagBag from /home/airflow/.local/lib/python3.8/site-packages/airflow/example_dags/example_dag_decorator.py
[2023-10-11T03:48:05.854+0000] {processor.py:839} INFO - DAG(s) dict_keys(['example_dag_decorator']) retrieved from /home/airflow/.local/lib/python3.8/site-packages/airflow/example_dags/example_dag_decorator.py
[2023-10-11T03:48:05.948+0000] {logging_mixin.py:151} INFO - [2023-10-11T03:48:05.948+0000] {security.py:708} INFO - Not syncing DAG-level permissions for DAG 'DAG:example_dag_decorator' as access control is unset.
[2023-10-11T03:48:05.949+0000] {logging_mixin.py:151} INFO - [2023-10-11T03:48:05.949+0000] {dag.py:2915} INFO - Sync 1 DAGs
[2023-10-11T03:48:05.959+0000] {logging_mixin.py:151} INFO - [2023-10-11T03:48:05.959+0000] {dag.py:3696} INFO - Setting next_dagrun for example_dag_decorator to None, run_after=None
[2023-10-11T03:48:05.982+0000] {processor.py:179} INFO - Processing /home/airflow/.local/lib/python3.8/site-packages/airflow/example_dags/example_dag_decorator.py took 0.198 seconds
[2023-10-11T03:48:36.331+0000] {processor.py:157} INFO - Started process (PID=1079) to work on /home/airflow/.local/lib/python3.8/site-packages/airflow/example_dags/example_dag_decorator.py
[2023-10-11T03:48:36.333+0000] {processor.py:829} INFO - Processing file /home/airflow/.local/lib/python3.8/site-packages/airflow/example_dags/example_dag_decorator.py for tasks to queue
[2023-10-11T03:48:36.336+0000] {logging_mixin.py:151} INFO - [2023-10-11T03:48:36.336+0000] {dagbag.py:539} INFO - Filling up the DagBag from /home/airflow/.local/lib/python3.8/site-packages/airflow/example_dags/example_dag_decorator.py
[2023-10-11T03:48:36.399+0000] {processor.py:839} INFO - DAG(s) dict_keys(['example_dag_decorator']) retrieved from /home/airflow/.local/lib/python3.8/site-packages/airflow/example_dags/example_dag_decorator.py
[2023-10-11T03:48:36.488+0000] {logging_mixin.py:151} INFO - [2023-10-11T03:48:36.488+0000] {security.py:708} INFO - Not syncing DAG-level permissions for DAG 'DAG:example_dag_decorator' as access control is unset.
[2023-10-11T03:48:36.489+0000] {logging_mixin.py:151} INFO - [2023-10-11T03:48:36.489+0000] {dag.py:2915} INFO - Sync 1 DAGs
[2023-10-11T03:48:36.500+0000] {logging_mixin.py:151} INFO - [2023-10-11T03:48:36.500+0000] {dag.py:3696} INFO - Setting next_dagrun for example_dag_decorator to None, run_after=None
[2023-10-11T03:48:36.533+0000] {processor.py:179} INFO - Processing /home/airflow/.local/lib/python3.8/site-packages/airflow/example_dags/example_dag_decorator.py took 0.205 seconds
[2023-10-11T03:49:06.767+0000] {processor.py:157} INFO - Started process (PID=1136) to work on /home/airflow/.local/lib/python3.8/site-packages/airflow/example_dags/example_dag_decorator.py
[2023-10-11T03:49:06.769+0000] {processor.py:829} INFO - Processing file /home/airflow/.local/lib/python3.8/site-packages/airflow/example_dags/example_dag_decorator.py for tasks to queue
[2023-10-11T03:49:06.771+0000] {logging_mixin.py:151} INFO - [2023-10-11T03:49:06.771+0000] {dagbag.py:539} INFO - Filling up the DagBag from /home/airflow/.local/lib/python3.8/site-packages/airflow/example_dags/example_dag_decorator.py
[2023-10-11T03:49:06.831+0000] {processor.py:839} INFO - DAG(s) dict_keys(['example_dag_decorator']) retrieved from /home/airflow/.local/lib/python3.8/site-packages/airflow/example_dags/example_dag_decorator.py
[2023-10-11T03:49:06.938+0000] {logging_mixin.py:151} INFO - [2023-10-11T03:49:06.938+0000] {security.py:708} INFO - Not syncing DAG-level permissions for DAG 'DAG:example_dag_decorator' as access control is unset.
[2023-10-11T03:49:06.939+0000] {logging_mixin.py:151} INFO - [2023-10-11T03:49:06.939+0000] {dag.py:2915} INFO - Sync 1 DAGs
[2023-10-11T03:49:06.949+0000] {logging_mixin.py:151} INFO - [2023-10-11T03:49:06.949+0000] {dag.py:3696} INFO - Setting next_dagrun for example_dag_decorator to None, run_after=None
[2023-10-11T03:49:06.969+0000] {processor.py:179} INFO - Processing /home/airflow/.local/lib/python3.8/site-packages/airflow/example_dags/example_dag_decorator.py took 0.204 seconds
[2023-10-11T03:49:37.103+0000] {processor.py:157} INFO - Started process (PID=1193) to work on /home/airflow/.local/lib/python3.8/site-packages/airflow/example_dags/example_dag_decorator.py
[2023-10-11T03:49:37.104+0000] {processor.py:829} INFO - Processing file /home/airflow/.local/lib/python3.8/site-packages/airflow/example_dags/example_dag_decorator.py for tasks to queue
[2023-10-11T03:49:37.107+0000] {logging_mixin.py:151} INFO - [2023-10-11T03:49:37.106+0000] {dagbag.py:539} INFO - Filling up the DagBag from /home/airflow/.local/lib/python3.8/site-packages/airflow/example_dags/example_dag_decorator.py
[2023-10-11T03:49:37.169+0000] {processor.py:839} INFO - DAG(s) dict_keys(['example_dag_decorator']) retrieved from /home/airflow/.local/lib/python3.8/site-packages/airflow/example_dags/example_dag_decorator.py
[2023-10-11T03:49:37.265+0000] {logging_mixin.py:151} INFO - [2023-10-11T03:49:37.265+0000] {security.py:708} INFO - Not syncing DAG-level permissions for DAG 'DAG:example_dag_decorator' as access control is unset.
[2023-10-11T03:49:37.266+0000] {logging_mixin.py:151} INFO - [2023-10-11T03:49:37.266+0000] {dag.py:2915} INFO - Sync 1 DAGs
[2023-10-11T03:49:37.276+0000] {logging_mixin.py:151} INFO - [2023-10-11T03:49:37.275+0000] {dag.py:3696} INFO - Setting next_dagrun for example_dag_decorator to None, run_after=None
[2023-10-11T03:49:37.304+0000] {processor.py:179} INFO - Processing /home/airflow/.local/lib/python3.8/site-packages/airflow/example_dags/example_dag_decorator.py took 0.204 seconds
[2023-10-11T03:50:07.434+0000] {processor.py:157} INFO - Started process (PID=1250) to work on /home/airflow/.local/lib/python3.8/site-packages/airflow/example_dags/example_dag_decorator.py
[2023-10-11T03:50:07.436+0000] {processor.py:829} INFO - Processing file /home/airflow/.local/lib/python3.8/site-packages/airflow/example_dags/example_dag_decorator.py for tasks to queue
[2023-10-11T03:50:07.440+0000] {logging_mixin.py:151} INFO - [2023-10-11T03:50:07.440+0000] {dagbag.py:539} INFO - Filling up the DagBag from /home/airflow/.local/lib/python3.8/site-packages/airflow/example_dags/example_dag_decorator.py
[2023-10-11T03:50:07.520+0000] {processor.py:839} INFO - DAG(s) dict_keys(['example_dag_decorator']) retrieved from /home/airflow/.local/lib/python3.8/site-packages/airflow/example_dags/example_dag_decorator.py
[2023-10-11T03:50:07.641+0000] {logging_mixin.py:151} INFO - [2023-10-11T03:50:07.640+0000] {security.py:708} INFO - Not syncing DAG-level permissions for DAG 'DAG:example_dag_decorator' as access control is unset.
[2023-10-11T03:50:07.642+0000] {logging_mixin.py:151} INFO - [2023-10-11T03:50:07.642+0000] {dag.py:2915} INFO - Sync 1 DAGs
[2023-10-11T03:50:07.652+0000] {logging_mixin.py:151} INFO - [2023-10-11T03:50:07.652+0000] {dag.py:3696} INFO - Setting next_dagrun for example_dag_decorator to None, run_after=None
[2023-10-11T03:50:07.676+0000] {processor.py:179} INFO - Processing /home/airflow/.local/lib/python3.8/site-packages/airflow/example_dags/example_dag_decorator.py took 0.244 seconds
[2023-10-11T03:50:38.087+0000] {processor.py:157} INFO - Started process (PID=1314) to work on /home/airflow/.local/lib/python3.8/site-packages/airflow/example_dags/example_dag_decorator.py
[2023-10-11T03:50:38.089+0000] {processor.py:829} INFO - Processing file /home/airflow/.local/lib/python3.8/site-packages/airflow/example_dags/example_dag_decorator.py for tasks to queue
[2023-10-11T03:50:38.092+0000] {logging_mixin.py:151} INFO - [2023-10-11T03:50:38.091+0000] {dagbag.py:539} INFO - Filling up the DagBag from /home/airflow/.local/lib/python3.8/site-packages/airflow/example_dags/example_dag_decorator.py
[2023-10-11T03:50:38.156+0000] {processor.py:839} INFO - DAG(s) dict_keys(['example_dag_decorator']) retrieved from /home/airflow/.local/lib/python3.8/site-packages/airflow/example_dags/example_dag_decorator.py
[2023-10-11T03:50:38.179+0000] {logging_mixin.py:151} INFO - [2023-10-11T03:50:38.179+0000] {dag.py:2915} INFO - Sync 1 DAGs
[2023-10-11T03:50:38.194+0000] {logging_mixin.py:151} INFO - [2023-10-11T03:50:38.194+0000] {dag.py:3696} INFO - Setting next_dagrun for example_dag_decorator to None, run_after=None
[2023-10-11T03:50:38.222+0000] {processor.py:179} INFO - Processing /home/airflow/.local/lib/python3.8/site-packages/airflow/example_dags/example_dag_decorator.py took 0.138 seconds
[2023-10-11T03:51:08.541+0000] {processor.py:157} INFO - Started process (PID=1371) to work on /home/airflow/.local/lib/python3.8/site-packages/airflow/example_dags/example_dag_decorator.py
[2023-10-11T03:51:08.542+0000] {processor.py:829} INFO - Processing file /home/airflow/.local/lib/python3.8/site-packages/airflow/example_dags/example_dag_decorator.py for tasks to queue
[2023-10-11T03:51:08.545+0000] {logging_mixin.py:151} INFO - [2023-10-11T03:51:08.544+0000] {dagbag.py:539} INFO - Filling up the DagBag from /home/airflow/.local/lib/python3.8/site-packages/airflow/example_dags/example_dag_decorator.py
[2023-10-11T03:51:08.625+0000] {processor.py:839} INFO - DAG(s) dict_keys(['example_dag_decorator']) retrieved from /home/airflow/.local/lib/python3.8/site-packages/airflow/example_dags/example_dag_decorator.py
[2023-10-11T03:51:08.734+0000] {logging_mixin.py:151} INFO - [2023-10-11T03:51:08.734+0000] {security.py:708} INFO - Not syncing DAG-level permissions for DAG 'DAG:example_dag_decorator' as access control is unset.
[2023-10-11T03:51:08.736+0000] {logging_mixin.py:151} INFO - [2023-10-11T03:51:08.736+0000] {dag.py:2915} INFO - Sync 1 DAGs
[2023-10-11T03:51:08.748+0000] {logging_mixin.py:151} INFO - [2023-10-11T03:51:08.748+0000] {dag.py:3696} INFO - Setting next_dagrun for example_dag_decorator to None, run_after=None
[2023-10-11T03:51:08.770+0000] {processor.py:179} INFO - Processing /home/airflow/.local/lib/python3.8/site-packages/airflow/example_dags/example_dag_decorator.py took 0.232 seconds
[2023-10-11T03:51:38.918+0000] {processor.py:157} INFO - Started process (PID=1428) to work on /home/airflow/.local/lib/python3.8/site-packages/airflow/example_dags/example_dag_decorator.py
[2023-10-11T03:51:38.919+0000] {processor.py:829} INFO - Processing file /home/airflow/.local/lib/python3.8/site-packages/airflow/example_dags/example_dag_decorator.py for tasks to queue
[2023-10-11T03:51:38.922+0000] {logging_mixin.py:151} INFO - [2023-10-11T03:51:38.921+0000] {dagbag.py:539} INFO - Filling up the DagBag from /home/airflow/.local/lib/python3.8/site-packages/airflow/example_dags/example_dag_decorator.py
[2023-10-11T03:51:38.986+0000] {processor.py:839} INFO - DAG(s) dict_keys(['example_dag_decorator']) retrieved from /home/airflow/.local/lib/python3.8/site-packages/airflow/example_dags/example_dag_decorator.py
[2023-10-11T03:51:39.079+0000] {logging_mixin.py:151} INFO - [2023-10-11T03:51:39.079+0000] {security.py:708} INFO - Not syncing DAG-level permissions for DAG 'DAG:example_dag_decorator' as access control is unset.
[2023-10-11T03:51:39.080+0000] {logging_mixin.py:151} INFO - [2023-10-11T03:51:39.080+0000] {dag.py:2915} INFO - Sync 1 DAGs
[2023-10-11T03:51:39.089+0000] {logging_mixin.py:151} INFO - [2023-10-11T03:51:39.088+0000] {dag.py:3696} INFO - Setting next_dagrun for example_dag_decorator to None, run_after=None
[2023-10-11T03:51:39.111+0000] {processor.py:179} INFO - Processing /home/airflow/.local/lib/python3.8/site-packages/airflow/example_dags/example_dag_decorator.py took 0.196 seconds
[2023-10-11T03:52:09.595+0000] {processor.py:157} INFO - Started process (PID=1485) to work on /home/airflow/.local/lib/python3.8/site-packages/airflow/example_dags/example_dag_decorator.py
[2023-10-11T03:52:09.597+0000] {processor.py:829} INFO - Processing file /home/airflow/.local/lib/python3.8/site-packages/airflow/example_dags/example_dag_decorator.py for tasks to queue
[2023-10-11T03:52:09.599+0000] {logging_mixin.py:151} INFO - [2023-10-11T03:52:09.599+0000] {dagbag.py:539} INFO - Filling up the DagBag from /home/airflow/.local/lib/python3.8/site-packages/airflow/example_dags/example_dag_decorator.py
[2023-10-11T03:52:09.663+0000] {processor.py:839} INFO - DAG(s) dict_keys(['example_dag_decorator']) retrieved from /home/airflow/.local/lib/python3.8/site-packages/airflow/example_dags/example_dag_decorator.py
[2023-10-11T03:52:09.750+0000] {logging_mixin.py:151} INFO - [2023-10-11T03:52:09.749+0000] {security.py:708} INFO - Not syncing DAG-level permissions for DAG 'DAG:example_dag_decorator' as access control is unset.
[2023-10-11T03:52:09.751+0000] {logging_mixin.py:151} INFO - [2023-10-11T03:52:09.751+0000] {dag.py:2915} INFO - Sync 1 DAGs
[2023-10-11T03:52:09.764+0000] {logging_mixin.py:151} INFO - [2023-10-11T03:52:09.763+0000] {dag.py:3696} INFO - Setting next_dagrun for example_dag_decorator to None, run_after=None
[2023-10-11T03:52:09.786+0000] {processor.py:179} INFO - Processing /home/airflow/.local/lib/python3.8/site-packages/airflow/example_dags/example_dag_decorator.py took 0.193 seconds
[2023-10-11T03:52:40.037+0000] {processor.py:157} INFO - Started process (PID=1543) to work on /home/airflow/.local/lib/python3.8/site-packages/airflow/example_dags/example_dag_decorator.py
[2023-10-11T03:52:40.038+0000] {processor.py:829} INFO - Processing file /home/airflow/.local/lib/python3.8/site-packages/airflow/example_dags/example_dag_decorator.py for tasks to queue
[2023-10-11T03:52:40.041+0000] {logging_mixin.py:151} INFO - [2023-10-11T03:52:40.040+0000] {dagbag.py:539} INFO - Filling up the DagBag from /home/airflow/.local/lib/python3.8/site-packages/airflow/example_dags/example_dag_decorator.py
[2023-10-11T03:52:40.103+0000] {processor.py:839} INFO - DAG(s) dict_keys(['example_dag_decorator']) retrieved from /home/airflow/.local/lib/python3.8/site-packages/airflow/example_dags/example_dag_decorator.py
[2023-10-11T03:52:40.197+0000] {logging_mixin.py:151} INFO - [2023-10-11T03:52:40.197+0000] {security.py:708} INFO - Not syncing DAG-level permissions for DAG 'DAG:example_dag_decorator' as access control is unset.
[2023-10-11T03:52:40.199+0000] {logging_mixin.py:151} INFO - [2023-10-11T03:52:40.198+0000] {dag.py:2915} INFO - Sync 1 DAGs
[2023-10-11T03:52:40.211+0000] {logging_mixin.py:151} INFO - [2023-10-11T03:52:40.210+0000] {dag.py:3696} INFO - Setting next_dagrun for example_dag_decorator to None, run_after=None
[2023-10-11T03:52:40.233+0000] {processor.py:179} INFO - Processing /home/airflow/.local/lib/python3.8/site-packages/airflow/example_dags/example_dag_decorator.py took 0.201 seconds
[2023-10-11T03:53:10.365+0000] {processor.py:157} INFO - Started process (PID=1600) to work on /home/airflow/.local/lib/python3.8/site-packages/airflow/example_dags/example_dag_decorator.py
[2023-10-11T03:53:10.368+0000] {processor.py:829} INFO - Processing file /home/airflow/.local/lib/python3.8/site-packages/airflow/example_dags/example_dag_decorator.py for tasks to queue
[2023-10-11T03:53:10.371+0000] {logging_mixin.py:151} INFO - [2023-10-11T03:53:10.370+0000] {dagbag.py:539} INFO - Filling up the DagBag from /home/airflow/.local/lib/python3.8/site-packages/airflow/example_dags/example_dag_decorator.py
[2023-10-11T03:53:10.452+0000] {processor.py:839} INFO - DAG(s) dict_keys(['example_dag_decorator']) retrieved from /home/airflow/.local/lib/python3.8/site-packages/airflow/example_dags/example_dag_decorator.py
[2023-10-11T03:53:10.477+0000] {logging_mixin.py:151} INFO - [2023-10-11T03:53:10.476+0000] {dag.py:2915} INFO - Sync 1 DAGs
[2023-10-11T03:53:10.487+0000] {logging_mixin.py:151} INFO - [2023-10-11T03:53:10.487+0000] {dag.py:3696} INFO - Setting next_dagrun for example_dag_decorator to None, run_after=None
[2023-10-11T03:53:10.515+0000] {processor.py:179} INFO - Processing /home/airflow/.local/lib/python3.8/site-packages/airflow/example_dags/example_dag_decorator.py took 0.154 seconds
[2023-10-11T03:53:41.361+0000] {processor.py:157} INFO - Started process (PID=1656) to work on /home/airflow/.local/lib/python3.8/site-packages/airflow/example_dags/example_dag_decorator.py
[2023-10-11T03:53:41.362+0000] {processor.py:829} INFO - Processing file /home/airflow/.local/lib/python3.8/site-packages/airflow/example_dags/example_dag_decorator.py for tasks to queue
[2023-10-11T03:53:41.364+0000] {logging_mixin.py:151} INFO - [2023-10-11T03:53:41.364+0000] {dagbag.py:539} INFO - Filling up the DagBag from /home/airflow/.local/lib/python3.8/site-packages/airflow/example_dags/example_dag_decorator.py
[2023-10-11T03:53:41.428+0000] {processor.py:839} INFO - DAG(s) dict_keys(['example_dag_decorator']) retrieved from /home/airflow/.local/lib/python3.8/site-packages/airflow/example_dags/example_dag_decorator.py
[2023-10-11T03:53:41.516+0000] {logging_mixin.py:151} INFO - [2023-10-11T03:53:41.516+0000] {security.py:708} INFO - Not syncing DAG-level permissions for DAG 'DAG:example_dag_decorator' as access control is unset.
[2023-10-11T03:53:41.517+0000] {logging_mixin.py:151} INFO - [2023-10-11T03:53:41.517+0000] {dag.py:2915} INFO - Sync 1 DAGs
[2023-10-11T03:53:41.528+0000] {logging_mixin.py:151} INFO - [2023-10-11T03:53:41.528+0000] {dag.py:3696} INFO - Setting next_dagrun for example_dag_decorator to None, run_after=None
[2023-10-11T03:53:41.549+0000] {processor.py:179} INFO - Processing /home/airflow/.local/lib/python3.8/site-packages/airflow/example_dags/example_dag_decorator.py took 0.191 seconds
[2023-10-11T03:54:11.732+0000] {processor.py:157} INFO - Started process (PID=1713) to work on /home/airflow/.local/lib/python3.8/site-packages/airflow/example_dags/example_dag_decorator.py
[2023-10-11T03:54:11.734+0000] {processor.py:829} INFO - Processing file /home/airflow/.local/lib/python3.8/site-packages/airflow/example_dags/example_dag_decorator.py for tasks to queue
[2023-10-11T03:54:11.738+0000] {logging_mixin.py:151} INFO - [2023-10-11T03:54:11.737+0000] {dagbag.py:539} INFO - Filling up the DagBag from /home/airflow/.local/lib/python3.8/site-packages/airflow/example_dags/example_dag_decorator.py
[2023-10-11T03:54:11.803+0000] {processor.py:839} INFO - DAG(s) dict_keys(['example_dag_decorator']) retrieved from /home/airflow/.local/lib/python3.8/site-packages/airflow/example_dags/example_dag_decorator.py
[2023-10-11T03:54:11.827+0000] {logging_mixin.py:151} INFO - [2023-10-11T03:54:11.827+0000] {dag.py:2915} INFO - Sync 1 DAGs
[2023-10-11T03:54:11.841+0000] {logging_mixin.py:151} INFO - [2023-10-11T03:54:11.840+0000] {dag.py:3696} INFO - Setting next_dagrun for example_dag_decorator to None, run_after=None
[2023-10-11T03:54:11.860+0000] {processor.py:179} INFO - Processing /home/airflow/.local/lib/python3.8/site-packages/airflow/example_dags/example_dag_decorator.py took 0.131 seconds
[2023-10-11T03:54:42.037+0000] {processor.py:157} INFO - Started process (PID=1770) to work on /home/airflow/.local/lib/python3.8/site-packages/airflow/example_dags/example_dag_decorator.py
[2023-10-11T03:54:42.039+0000] {processor.py:829} INFO - Processing file /home/airflow/.local/lib/python3.8/site-packages/airflow/example_dags/example_dag_decorator.py for tasks to queue
[2023-10-11T03:54:42.041+0000] {logging_mixin.py:151} INFO - [2023-10-11T03:54:42.041+0000] {dagbag.py:539} INFO - Filling up the DagBag from /home/airflow/.local/lib/python3.8/site-packages/airflow/example_dags/example_dag_decorator.py
[2023-10-11T03:54:42.104+0000] {processor.py:839} INFO - DAG(s) dict_keys(['example_dag_decorator']) retrieved from /home/airflow/.local/lib/python3.8/site-packages/airflow/example_dags/example_dag_decorator.py
[2023-10-11T03:54:42.190+0000] {logging_mixin.py:151} INFO - [2023-10-11T03:54:42.190+0000] {security.py:708} INFO - Not syncing DAG-level permissions for DAG 'DAG:example_dag_decorator' as access control is unset.
[2023-10-11T03:54:42.191+0000] {logging_mixin.py:151} INFO - [2023-10-11T03:54:42.191+0000] {dag.py:2915} INFO - Sync 1 DAGs
[2023-10-11T03:54:42.205+0000] {logging_mixin.py:151} INFO - [2023-10-11T03:54:42.205+0000] {dag.py:3696} INFO - Setting next_dagrun for example_dag_decorator to None, run_after=None
[2023-10-11T03:54:42.228+0000] {processor.py:179} INFO - Processing /home/airflow/.local/lib/python3.8/site-packages/airflow/example_dags/example_dag_decorator.py took 0.194 seconds
[2023-10-11T03:55:12.434+0000] {processor.py:157} INFO - Started process (PID=1828) to work on /home/airflow/.local/lib/python3.8/site-packages/airflow/example_dags/example_dag_decorator.py
[2023-10-11T03:55:12.435+0000] {processor.py:829} INFO - Processing file /home/airflow/.local/lib/python3.8/site-packages/airflow/example_dags/example_dag_decorator.py for tasks to queue
[2023-10-11T03:55:12.437+0000] {logging_mixin.py:151} INFO - [2023-10-11T03:55:12.437+0000] {dagbag.py:539} INFO - Filling up the DagBag from /home/airflow/.local/lib/python3.8/site-packages/airflow/example_dags/example_dag_decorator.py
[2023-10-11T03:55:12.497+0000] {processor.py:839} INFO - DAG(s) dict_keys(['example_dag_decorator']) retrieved from /home/airflow/.local/lib/python3.8/site-packages/airflow/example_dags/example_dag_decorator.py
[2023-10-11T03:55:12.584+0000] {logging_mixin.py:151} INFO - [2023-10-11T03:55:12.584+0000] {security.py:708} INFO - Not syncing DAG-level permissions for DAG 'DAG:example_dag_decorator' as access control is unset.
[2023-10-11T03:55:12.586+0000] {logging_mixin.py:151} INFO - [2023-10-11T03:55:12.586+0000] {dag.py:2915} INFO - Sync 1 DAGs
[2023-10-11T03:55:12.596+0000] {logging_mixin.py:151} INFO - [2023-10-11T03:55:12.596+0000] {dag.py:3696} INFO - Setting next_dagrun for example_dag_decorator to None, run_after=None
[2023-10-11T03:55:12.616+0000] {processor.py:179} INFO - Processing /home/airflow/.local/lib/python3.8/site-packages/airflow/example_dags/example_dag_decorator.py took 0.185 seconds
[2023-10-11T03:55:42.919+0000] {processor.py:157} INFO - Started process (PID=1884) to work on /home/airflow/.local/lib/python3.8/site-packages/airflow/example_dags/example_dag_decorator.py
[2023-10-11T03:55:42.921+0000] {processor.py:829} INFO - Processing file /home/airflow/.local/lib/python3.8/site-packages/airflow/example_dags/example_dag_decorator.py for tasks to queue
[2023-10-11T03:55:42.925+0000] {logging_mixin.py:151} INFO - [2023-10-11T03:55:42.925+0000] {dagbag.py:539} INFO - Filling up the DagBag from /home/airflow/.local/lib/python3.8/site-packages/airflow/example_dags/example_dag_decorator.py
[2023-10-11T03:55:42.986+0000] {processor.py:839} INFO - DAG(s) dict_keys(['example_dag_decorator']) retrieved from /home/airflow/.local/lib/python3.8/site-packages/airflow/example_dags/example_dag_decorator.py
[2023-10-11T03:55:43.080+0000] {logging_mixin.py:151} INFO - [2023-10-11T03:55:43.080+0000] {security.py:708} INFO - Not syncing DAG-level permissions for DAG 'DAG:example_dag_decorator' as access control is unset.
[2023-10-11T03:55:43.081+0000] {logging_mixin.py:151} INFO - [2023-10-11T03:55:43.081+0000] {dag.py:2915} INFO - Sync 1 DAGs
[2023-10-11T03:55:43.090+0000] {logging_mixin.py:151} INFO - [2023-10-11T03:55:43.090+0000] {dag.py:3696} INFO - Setting next_dagrun for example_dag_decorator to None, run_after=None
[2023-10-11T03:55:43.109+0000] {processor.py:179} INFO - Processing /home/airflow/.local/lib/python3.8/site-packages/airflow/example_dags/example_dag_decorator.py took 0.194 seconds
[2023-10-11T03:56:13.289+0000] {processor.py:157} INFO - Started process (PID=1941) to work on /home/airflow/.local/lib/python3.8/site-packages/airflow/example_dags/example_dag_decorator.py
[2023-10-11T03:56:13.291+0000] {processor.py:829} INFO - Processing file /home/airflow/.local/lib/python3.8/site-packages/airflow/example_dags/example_dag_decorator.py for tasks to queue
[2023-10-11T03:56:13.294+0000] {logging_mixin.py:151} INFO - [2023-10-11T03:56:13.294+0000] {dagbag.py:539} INFO - Filling up the DagBag from /home/airflow/.local/lib/python3.8/site-packages/airflow/example_dags/example_dag_decorator.py
[2023-10-11T03:56:13.356+0000] {processor.py:839} INFO - DAG(s) dict_keys(['example_dag_decorator']) retrieved from /home/airflow/.local/lib/python3.8/site-packages/airflow/example_dags/example_dag_decorator.py
[2023-10-11T03:56:13.443+0000] {logging_mixin.py:151} INFO - [2023-10-11T03:56:13.443+0000] {security.py:708} INFO - Not syncing DAG-level permissions for DAG 'DAG:example_dag_decorator' as access control is unset.
[2023-10-11T03:56:13.444+0000] {logging_mixin.py:151} INFO - [2023-10-11T03:56:13.444+0000] {dag.py:2915} INFO - Sync 1 DAGs
[2023-10-11T03:56:13.453+0000] {logging_mixin.py:151} INFO - [2023-10-11T03:56:13.453+0000] {dag.py:3696} INFO - Setting next_dagrun for example_dag_decorator to None, run_after=None
[2023-10-11T03:56:13.477+0000] {processor.py:179} INFO - Processing /home/airflow/.local/lib/python3.8/site-packages/airflow/example_dags/example_dag_decorator.py took 0.191 seconds
[2023-10-11T03:56:43.644+0000] {processor.py:157} INFO - Started process (PID=1998) to work on /home/airflow/.local/lib/python3.8/site-packages/airflow/example_dags/example_dag_decorator.py
[2023-10-11T03:56:43.645+0000] {processor.py:829} INFO - Processing file /home/airflow/.local/lib/python3.8/site-packages/airflow/example_dags/example_dag_decorator.py for tasks to queue
[2023-10-11T03:56:43.647+0000] {logging_mixin.py:151} INFO - [2023-10-11T03:56:43.647+0000] {dagbag.py:539} INFO - Filling up the DagBag from /home/airflow/.local/lib/python3.8/site-packages/airflow/example_dags/example_dag_decorator.py
[2023-10-11T03:56:43.711+0000] {processor.py:839} INFO - DAG(s) dict_keys(['example_dag_decorator']) retrieved from /home/airflow/.local/lib/python3.8/site-packages/airflow/example_dags/example_dag_decorator.py
[2023-10-11T03:56:43.733+0000] {logging_mixin.py:151} INFO - [2023-10-11T03:56:43.733+0000] {dag.py:2915} INFO - Sync 1 DAGs
[2023-10-11T03:56:43.744+0000] {logging_mixin.py:151} INFO - [2023-10-11T03:56:43.743+0000] {dag.py:3696} INFO - Setting next_dagrun for example_dag_decorator to None, run_after=None
[2023-10-11T03:56:43.765+0000] {processor.py:179} INFO - Processing /home/airflow/.local/lib/python3.8/site-packages/airflow/example_dags/example_dag_decorator.py took 0.126 seconds
[2023-10-11T03:57:14.085+0000] {processor.py:157} INFO - Started process (PID=2055) to work on /home/airflow/.local/lib/python3.8/site-packages/airflow/example_dags/example_dag_decorator.py
[2023-10-11T03:57:14.087+0000] {processor.py:829} INFO - Processing file /home/airflow/.local/lib/python3.8/site-packages/airflow/example_dags/example_dag_decorator.py for tasks to queue
[2023-10-11T03:57:14.089+0000] {logging_mixin.py:151} INFO - [2023-10-11T03:57:14.089+0000] {dagbag.py:539} INFO - Filling up the DagBag from /home/airflow/.local/lib/python3.8/site-packages/airflow/example_dags/example_dag_decorator.py
[2023-10-11T03:57:14.154+0000] {processor.py:839} INFO - DAG(s) dict_keys(['example_dag_decorator']) retrieved from /home/airflow/.local/lib/python3.8/site-packages/airflow/example_dags/example_dag_decorator.py
[2023-10-11T03:57:14.176+0000] {logging_mixin.py:151} INFO - [2023-10-11T03:57:14.176+0000] {dag.py:2915} INFO - Sync 1 DAGs
[2023-10-11T03:57:14.187+0000] {logging_mixin.py:151} INFO - [2023-10-11T03:57:14.187+0000] {dag.py:3696} INFO - Setting next_dagrun for example_dag_decorator to None, run_after=None
[2023-10-11T03:57:14.207+0000] {processor.py:179} INFO - Processing /home/airflow/.local/lib/python3.8/site-packages/airflow/example_dags/example_dag_decorator.py took 0.124 seconds
[2023-10-11T03:57:44.891+0000] {processor.py:157} INFO - Started process (PID=2112) to work on /home/airflow/.local/lib/python3.8/site-packages/airflow/example_dags/example_dag_decorator.py
[2023-10-11T03:57:44.892+0000] {processor.py:829} INFO - Processing file /home/airflow/.local/lib/python3.8/site-packages/airflow/example_dags/example_dag_decorator.py for tasks to queue
[2023-10-11T03:57:44.895+0000] {logging_mixin.py:151} INFO - [2023-10-11T03:57:44.894+0000] {dagbag.py:539} INFO - Filling up the DagBag from /home/airflow/.local/lib/python3.8/site-packages/airflow/example_dags/example_dag_decorator.py
[2023-10-11T03:57:44.964+0000] {processor.py:839} INFO - DAG(s) dict_keys(['example_dag_decorator']) retrieved from /home/airflow/.local/lib/python3.8/site-packages/airflow/example_dags/example_dag_decorator.py
[2023-10-11T03:57:45.047+0000] {logging_mixin.py:151} INFO - [2023-10-11T03:57:45.046+0000] {security.py:708} INFO - Not syncing DAG-level permissions for DAG 'DAG:example_dag_decorator' as access control is unset.
[2023-10-11T03:57:45.047+0000] {logging_mixin.py:151} INFO - [2023-10-11T03:57:45.047+0000] {dag.py:2915} INFO - Sync 1 DAGs
[2023-10-11T03:57:45.056+0000] {logging_mixin.py:151} INFO - [2023-10-11T03:57:45.056+0000] {dag.py:3696} INFO - Setting next_dagrun for example_dag_decorator to None, run_after=None
[2023-10-11T03:57:45.077+0000] {processor.py:179} INFO - Processing /home/airflow/.local/lib/python3.8/site-packages/airflow/example_dags/example_dag_decorator.py took 0.189 seconds
[2023-10-11T03:58:15.167+0000] {processor.py:157} INFO - Started process (PID=2169) to work on /home/airflow/.local/lib/python3.8/site-packages/airflow/example_dags/example_dag_decorator.py
[2023-10-11T03:58:15.169+0000] {processor.py:829} INFO - Processing file /home/airflow/.local/lib/python3.8/site-packages/airflow/example_dags/example_dag_decorator.py for tasks to queue
[2023-10-11T03:58:15.171+0000] {logging_mixin.py:151} INFO - [2023-10-11T03:58:15.171+0000] {dagbag.py:539} INFO - Filling up the DagBag from /home/airflow/.local/lib/python3.8/site-packages/airflow/example_dags/example_dag_decorator.py
[2023-10-11T03:58:15.234+0000] {processor.py:839} INFO - DAG(s) dict_keys(['example_dag_decorator']) retrieved from /home/airflow/.local/lib/python3.8/site-packages/airflow/example_dags/example_dag_decorator.py
[2023-10-11T03:58:15.316+0000] {logging_mixin.py:151} INFO - [2023-10-11T03:58:15.316+0000] {security.py:708} INFO - Not syncing DAG-level permissions for DAG 'DAG:example_dag_decorator' as access control is unset.
[2023-10-11T03:58:15.317+0000] {logging_mixin.py:151} INFO - [2023-10-11T03:58:15.317+0000] {dag.py:2915} INFO - Sync 1 DAGs
[2023-10-11T03:58:15.328+0000] {logging_mixin.py:151} INFO - [2023-10-11T03:58:15.328+0000] {dag.py:3696} INFO - Setting next_dagrun for example_dag_decorator to None, run_after=None
[2023-10-11T03:58:15.350+0000] {processor.py:179} INFO - Processing /home/airflow/.local/lib/python3.8/site-packages/airflow/example_dags/example_dag_decorator.py took 0.185 seconds
[2023-10-11T03:58:45.459+0000] {processor.py:157} INFO - Started process (PID=2226) to work on /home/airflow/.local/lib/python3.8/site-packages/airflow/example_dags/example_dag_decorator.py
[2023-10-11T03:58:45.460+0000] {processor.py:829} INFO - Processing file /home/airflow/.local/lib/python3.8/site-packages/airflow/example_dags/example_dag_decorator.py for tasks to queue
[2023-10-11T03:58:45.463+0000] {logging_mixin.py:151} INFO - [2023-10-11T03:58:45.462+0000] {dagbag.py:539} INFO - Filling up the DagBag from /home/airflow/.local/lib/python3.8/site-packages/airflow/example_dags/example_dag_decorator.py
[2023-10-11T03:58:45.522+0000] {processor.py:839} INFO - DAG(s) dict_keys(['example_dag_decorator']) retrieved from /home/airflow/.local/lib/python3.8/site-packages/airflow/example_dags/example_dag_decorator.py
[2023-10-11T03:58:45.602+0000] {logging_mixin.py:151} INFO - [2023-10-11T03:58:45.602+0000] {security.py:708} INFO - Not syncing DAG-level permissions for DAG 'DAG:example_dag_decorator' as access control is unset.
[2023-10-11T03:58:45.603+0000] {logging_mixin.py:151} INFO - [2023-10-11T03:58:45.603+0000] {dag.py:2915} INFO - Sync 1 DAGs
[2023-10-11T03:58:45.614+0000] {logging_mixin.py:151} INFO - [2023-10-11T03:58:45.614+0000] {dag.py:3696} INFO - Setting next_dagrun for example_dag_decorator to None, run_after=None
[2023-10-11T03:58:45.635+0000] {processor.py:179} INFO - Processing /home/airflow/.local/lib/python3.8/site-packages/airflow/example_dags/example_dag_decorator.py took 0.179 seconds
[2023-10-11T03:59:15.887+0000] {processor.py:157} INFO - Started process (PID=2283) to work on /home/airflow/.local/lib/python3.8/site-packages/airflow/example_dags/example_dag_decorator.py
[2023-10-11T03:59:15.888+0000] {processor.py:829} INFO - Processing file /home/airflow/.local/lib/python3.8/site-packages/airflow/example_dags/example_dag_decorator.py for tasks to queue
[2023-10-11T03:59:15.891+0000] {logging_mixin.py:151} INFO - [2023-10-11T03:59:15.890+0000] {dagbag.py:539} INFO - Filling up the DagBag from /home/airflow/.local/lib/python3.8/site-packages/airflow/example_dags/example_dag_decorator.py
[2023-10-11T03:59:15.953+0000] {processor.py:839} INFO - DAG(s) dict_keys(['example_dag_decorator']) retrieved from /home/airflow/.local/lib/python3.8/site-packages/airflow/example_dags/example_dag_decorator.py
[2023-10-11T03:59:15.978+0000] {logging_mixin.py:151} INFO - [2023-10-11T03:59:15.978+0000] {dag.py:2915} INFO - Sync 1 DAGs
[2023-10-11T03:59:15.995+0000] {logging_mixin.py:151} INFO - [2023-10-11T03:59:15.995+0000] {dag.py:3696} INFO - Setting next_dagrun for example_dag_decorator to None, run_after=None
[2023-10-11T03:59:16.019+0000] {processor.py:179} INFO - Processing /home/airflow/.local/lib/python3.8/site-packages/airflow/example_dags/example_dag_decorator.py took 0.136 seconds
[2023-10-11T03:59:46.536+0000] {processor.py:157} INFO - Started process (PID=2340) to work on /home/airflow/.local/lib/python3.8/site-packages/airflow/example_dags/example_dag_decorator.py
[2023-10-11T03:59:46.537+0000] {processor.py:829} INFO - Processing file /home/airflow/.local/lib/python3.8/site-packages/airflow/example_dags/example_dag_decorator.py for tasks to queue
[2023-10-11T03:59:46.540+0000] {logging_mixin.py:151} INFO - [2023-10-11T03:59:46.539+0000] {dagbag.py:539} INFO - Filling up the DagBag from /home/airflow/.local/lib/python3.8/site-packages/airflow/example_dags/example_dag_decorator.py
[2023-10-11T03:59:46.603+0000] {processor.py:839} INFO - DAG(s) dict_keys(['example_dag_decorator']) retrieved from /home/airflow/.local/lib/python3.8/site-packages/airflow/example_dags/example_dag_decorator.py
[2023-10-11T03:59:46.628+0000] {logging_mixin.py:151} INFO - [2023-10-11T03:59:46.628+0000] {dag.py:2915} INFO - Sync 1 DAGs
[2023-10-11T03:59:46.640+0000] {logging_mixin.py:151} INFO - [2023-10-11T03:59:46.640+0000] {dag.py:3696} INFO - Setting next_dagrun for example_dag_decorator to None, run_after=None
[2023-10-11T03:59:46.663+0000] {processor.py:179} INFO - Processing /home/airflow/.local/lib/python3.8/site-packages/airflow/example_dags/example_dag_decorator.py took 0.130 seconds
[2023-10-11T04:00:16.860+0000] {processor.py:157} INFO - Started process (PID=2397) to work on /home/airflow/.local/lib/python3.8/site-packages/airflow/example_dags/example_dag_decorator.py
[2023-10-11T04:00:16.861+0000] {processor.py:829} INFO - Processing file /home/airflow/.local/lib/python3.8/site-packages/airflow/example_dags/example_dag_decorator.py for tasks to queue
[2023-10-11T04:00:16.864+0000] {logging_mixin.py:151} INFO - [2023-10-11T04:00:16.864+0000] {dagbag.py:539} INFO - Filling up the DagBag from /home/airflow/.local/lib/python3.8/site-packages/airflow/example_dags/example_dag_decorator.py
[2023-10-11T04:00:16.925+0000] {processor.py:839} INFO - DAG(s) dict_keys(['example_dag_decorator']) retrieved from /home/airflow/.local/lib/python3.8/site-packages/airflow/example_dags/example_dag_decorator.py
[2023-10-11T04:00:16.954+0000] {logging_mixin.py:151} INFO - [2023-10-11T04:00:16.953+0000] {dag.py:2915} INFO - Sync 1 DAGs
[2023-10-11T04:00:16.966+0000] {logging_mixin.py:151} INFO - [2023-10-11T04:00:16.966+0000] {dag.py:3696} INFO - Setting next_dagrun for example_dag_decorator to None, run_after=None
[2023-10-11T04:00:16.989+0000] {processor.py:179} INFO - Processing /home/airflow/.local/lib/python3.8/site-packages/airflow/example_dags/example_dag_decorator.py took 0.133 seconds
[2023-10-11T04:00:47.338+0000] {processor.py:157} INFO - Started process (PID=2454) to work on /home/airflow/.local/lib/python3.8/site-packages/airflow/example_dags/example_dag_decorator.py
[2023-10-11T04:00:47.339+0000] {processor.py:829} INFO - Processing file /home/airflow/.local/lib/python3.8/site-packages/airflow/example_dags/example_dag_decorator.py for tasks to queue
[2023-10-11T04:00:47.342+0000] {logging_mixin.py:151} INFO - [2023-10-11T04:00:47.342+0000] {dagbag.py:539} INFO - Filling up the DagBag from /home/airflow/.local/lib/python3.8/site-packages/airflow/example_dags/example_dag_decorator.py
[2023-10-11T04:00:47.414+0000] {processor.py:839} INFO - DAG(s) dict_keys(['example_dag_decorator']) retrieved from /home/airflow/.local/lib/python3.8/site-packages/airflow/example_dags/example_dag_decorator.py
[2023-10-11T04:00:47.446+0000] {logging_mixin.py:151} INFO - [2023-10-11T04:00:47.446+0000] {dag.py:2915} INFO - Sync 1 DAGs
[2023-10-11T04:00:47.460+0000] {logging_mixin.py:151} INFO - [2023-10-11T04:00:47.460+0000] {dag.py:3696} INFO - Setting next_dagrun for example_dag_decorator to None, run_after=None
[2023-10-11T04:00:47.490+0000] {processor.py:179} INFO - Processing /home/airflow/.local/lib/python3.8/site-packages/airflow/example_dags/example_dag_decorator.py took 0.155 seconds
[2023-10-11T04:01:17.627+0000] {processor.py:157} INFO - Started process (PID=2511) to work on /home/airflow/.local/lib/python3.8/site-packages/airflow/example_dags/example_dag_decorator.py
[2023-10-11T04:01:17.629+0000] {processor.py:829} INFO - Processing file /home/airflow/.local/lib/python3.8/site-packages/airflow/example_dags/example_dag_decorator.py for tasks to queue
[2023-10-11T04:01:17.631+0000] {logging_mixin.py:151} INFO - [2023-10-11T04:01:17.631+0000] {dagbag.py:539} INFO - Filling up the DagBag from /home/airflow/.local/lib/python3.8/site-packages/airflow/example_dags/example_dag_decorator.py
[2023-10-11T04:01:17.691+0000] {processor.py:839} INFO - DAG(s) dict_keys(['example_dag_decorator']) retrieved from /home/airflow/.local/lib/python3.8/site-packages/airflow/example_dags/example_dag_decorator.py
[2023-10-11T04:01:17.715+0000] {logging_mixin.py:151} INFO - [2023-10-11T04:01:17.715+0000] {dag.py:2915} INFO - Sync 1 DAGs
[2023-10-11T04:01:17.726+0000] {logging_mixin.py:151} INFO - [2023-10-11T04:01:17.726+0000] {dag.py:3696} INFO - Setting next_dagrun for example_dag_decorator to None, run_after=None
[2023-10-11T04:01:17.746+0000] {processor.py:179} INFO - Processing /home/airflow/.local/lib/python3.8/site-packages/airflow/example_dags/example_dag_decorator.py took 0.121 seconds
[2023-10-11T04:01:48.174+0000] {processor.py:157} INFO - Started process (PID=2568) to work on /home/airflow/.local/lib/python3.8/site-packages/airflow/example_dags/example_dag_decorator.py
[2023-10-11T04:01:48.175+0000] {processor.py:829} INFO - Processing file /home/airflow/.local/lib/python3.8/site-packages/airflow/example_dags/example_dag_decorator.py for tasks to queue
[2023-10-11T04:01:48.177+0000] {logging_mixin.py:151} INFO - [2023-10-11T04:01:48.177+0000] {dagbag.py:539} INFO - Filling up the DagBag from /home/airflow/.local/lib/python3.8/site-packages/airflow/example_dags/example_dag_decorator.py
[2023-10-11T04:01:48.239+0000] {processor.py:839} INFO - DAG(s) dict_keys(['example_dag_decorator']) retrieved from /home/airflow/.local/lib/python3.8/site-packages/airflow/example_dags/example_dag_decorator.py
[2023-10-11T04:01:48.264+0000] {logging_mixin.py:151} INFO - [2023-10-11T04:01:48.264+0000] {dag.py:2915} INFO - Sync 1 DAGs
[2023-10-11T04:01:48.277+0000] {logging_mixin.py:151} INFO - [2023-10-11T04:01:48.277+0000] {dag.py:3696} INFO - Setting next_dagrun for example_dag_decorator to None, run_after=None
[2023-10-11T04:01:48.300+0000] {processor.py:179} INFO - Processing /home/airflow/.local/lib/python3.8/site-packages/airflow/example_dags/example_dag_decorator.py took 0.129 seconds
[2023-10-11T04:02:18.785+0000] {processor.py:157} INFO - Started process (PID=2625) to work on /home/airflow/.local/lib/python3.8/site-packages/airflow/example_dags/example_dag_decorator.py
[2023-10-11T04:02:18.786+0000] {processor.py:829} INFO - Processing file /home/airflow/.local/lib/python3.8/site-packages/airflow/example_dags/example_dag_decorator.py for tasks to queue
[2023-10-11T04:02:18.789+0000] {logging_mixin.py:151} INFO - [2023-10-11T04:02:18.789+0000] {dagbag.py:539} INFO - Filling up the DagBag from /home/airflow/.local/lib/python3.8/site-packages/airflow/example_dags/example_dag_decorator.py
[2023-10-11T04:02:18.859+0000] {processor.py:839} INFO - DAG(s) dict_keys(['example_dag_decorator']) retrieved from /home/airflow/.local/lib/python3.8/site-packages/airflow/example_dags/example_dag_decorator.py
[2023-10-11T04:02:18.887+0000] {logging_mixin.py:151} INFO - [2023-10-11T04:02:18.887+0000] {dag.py:2915} INFO - Sync 1 DAGs
[2023-10-11T04:02:18.901+0000] {logging_mixin.py:151} INFO - [2023-10-11T04:02:18.901+0000] {dag.py:3696} INFO - Setting next_dagrun for example_dag_decorator to None, run_after=None
[2023-10-11T04:02:18.924+0000] {processor.py:179} INFO - Processing /home/airflow/.local/lib/python3.8/site-packages/airflow/example_dags/example_dag_decorator.py took 0.142 seconds
[2023-10-11T04:02:49.592+0000] {processor.py:157} INFO - Started process (PID=2682) to work on /home/airflow/.local/lib/python3.8/site-packages/airflow/example_dags/example_dag_decorator.py
[2023-10-11T04:02:49.593+0000] {processor.py:829} INFO - Processing file /home/airflow/.local/lib/python3.8/site-packages/airflow/example_dags/example_dag_decorator.py for tasks to queue
[2023-10-11T04:02:49.595+0000] {logging_mixin.py:151} INFO - [2023-10-11T04:02:49.595+0000] {dagbag.py:539} INFO - Filling up the DagBag from /home/airflow/.local/lib/python3.8/site-packages/airflow/example_dags/example_dag_decorator.py
[2023-10-11T04:02:49.657+0000] {processor.py:839} INFO - DAG(s) dict_keys(['example_dag_decorator']) retrieved from /home/airflow/.local/lib/python3.8/site-packages/airflow/example_dags/example_dag_decorator.py
[2023-10-11T04:02:49.679+0000] {logging_mixin.py:151} INFO - [2023-10-11T04:02:49.679+0000] {dag.py:2915} INFO - Sync 1 DAGs
[2023-10-11T04:02:49.690+0000] {logging_mixin.py:151} INFO - [2023-10-11T04:02:49.690+0000] {dag.py:3696} INFO - Setting next_dagrun for example_dag_decorator to None, run_after=None
[2023-10-11T04:02:49.709+0000] {processor.py:179} INFO - Processing /home/airflow/.local/lib/python3.8/site-packages/airflow/example_dags/example_dag_decorator.py took 0.119 seconds
[2023-10-11T04:03:20.373+0000] {processor.py:157} INFO - Started process (PID=2739) to work on /home/airflow/.local/lib/python3.8/site-packages/airflow/example_dags/example_dag_decorator.py
[2023-10-11T04:03:20.375+0000] {processor.py:829} INFO - Processing file /home/airflow/.local/lib/python3.8/site-packages/airflow/example_dags/example_dag_decorator.py for tasks to queue
[2023-10-11T04:03:20.377+0000] {logging_mixin.py:151} INFO - [2023-10-11T04:03:20.377+0000] {dagbag.py:539} INFO - Filling up the DagBag from /home/airflow/.local/lib/python3.8/site-packages/airflow/example_dags/example_dag_decorator.py
[2023-10-11T04:03:20.451+0000] {processor.py:839} INFO - DAG(s) dict_keys(['example_dag_decorator']) retrieved from /home/airflow/.local/lib/python3.8/site-packages/airflow/example_dags/example_dag_decorator.py
[2023-10-11T04:03:20.477+0000] {logging_mixin.py:151} INFO - [2023-10-11T04:03:20.477+0000] {dag.py:2915} INFO - Sync 1 DAGs
[2023-10-11T04:03:20.492+0000] {logging_mixin.py:151} INFO - [2023-10-11T04:03:20.492+0000] {dag.py:3696} INFO - Setting next_dagrun for example_dag_decorator to None, run_after=None
[2023-10-11T04:03:20.528+0000] {processor.py:179} INFO - Processing /home/airflow/.local/lib/python3.8/site-packages/airflow/example_dags/example_dag_decorator.py took 0.157 seconds
[2023-10-11T04:03:51.194+0000] {processor.py:157} INFO - Started process (PID=2798) to work on /home/airflow/.local/lib/python3.8/site-packages/airflow/example_dags/example_dag_decorator.py
[2023-10-11T04:03:51.195+0000] {processor.py:829} INFO - Processing file /home/airflow/.local/lib/python3.8/site-packages/airflow/example_dags/example_dag_decorator.py for tasks to queue
[2023-10-11T04:03:51.197+0000] {logging_mixin.py:151} INFO - [2023-10-11T04:03:51.197+0000] {dagbag.py:539} INFO - Filling up the DagBag from /home/airflow/.local/lib/python3.8/site-packages/airflow/example_dags/example_dag_decorator.py
[2023-10-11T04:03:51.274+0000] {processor.py:839} INFO - DAG(s) dict_keys(['example_dag_decorator']) retrieved from /home/airflow/.local/lib/python3.8/site-packages/airflow/example_dags/example_dag_decorator.py
[2023-10-11T04:03:51.374+0000] {logging_mixin.py:151} INFO - [2023-10-11T04:03:51.374+0000] {security.py:708} INFO - Not syncing DAG-level permissions for DAG 'DAG:example_dag_decorator' as access control is unset.
[2023-10-11T04:03:51.375+0000] {logging_mixin.py:151} INFO - [2023-10-11T04:03:51.375+0000] {dag.py:2915} INFO - Sync 1 DAGs
[2023-10-11T04:03:51.387+0000] {logging_mixin.py:151} INFO - [2023-10-11T04:03:51.387+0000] {dag.py:3696} INFO - Setting next_dagrun for example_dag_decorator to None, run_after=None
[2023-10-11T04:03:51.415+0000] {processor.py:179} INFO - Processing /home/airflow/.local/lib/python3.8/site-packages/airflow/example_dags/example_dag_decorator.py took 0.224 seconds
[2023-10-11T04:04:21.471+0000] {processor.py:157} INFO - Started process (PID=2864) to work on /home/airflow/.local/lib/python3.8/site-packages/airflow/example_dags/example_dag_decorator.py
[2023-10-11T04:04:21.472+0000] {processor.py:829} INFO - Processing file /home/airflow/.local/lib/python3.8/site-packages/airflow/example_dags/example_dag_decorator.py for tasks to queue
[2023-10-11T04:04:21.474+0000] {logging_mixin.py:151} INFO - [2023-10-11T04:04:21.474+0000] {dagbag.py:539} INFO - Filling up the DagBag from /home/airflow/.local/lib/python3.8/site-packages/airflow/example_dags/example_dag_decorator.py
[2023-10-11T04:04:21.537+0000] {processor.py:839} INFO - DAG(s) dict_keys(['example_dag_decorator']) retrieved from /home/airflow/.local/lib/python3.8/site-packages/airflow/example_dags/example_dag_decorator.py
[2023-10-11T04:04:21.625+0000] {logging_mixin.py:151} INFO - [2023-10-11T04:04:21.625+0000] {security.py:708} INFO - Not syncing DAG-level permissions for DAG 'DAG:example_dag_decorator' as access control is unset.
[2023-10-11T04:04:21.626+0000] {logging_mixin.py:151} INFO - [2023-10-11T04:04:21.626+0000] {dag.py:2915} INFO - Sync 1 DAGs
[2023-10-11T04:04:21.637+0000] {logging_mixin.py:151} INFO - [2023-10-11T04:04:21.637+0000] {dag.py:3696} INFO - Setting next_dagrun for example_dag_decorator to None, run_after=None
[2023-10-11T04:04:21.777+0000] {processor.py:179} INFO - Processing /home/airflow/.local/lib/python3.8/site-packages/airflow/example_dags/example_dag_decorator.py took 0.308 seconds
