[2023-10-11T03:39:29.150+0000] {processor.py:157} INFO - Started process (PID=76) to work on /home/airflow/.local/lib/python3.8/site-packages/airflow/example_dags/example_skip_dag.py
[2023-10-11T03:39:29.151+0000] {processor.py:829} INFO - Processing file /home/airflow/.local/lib/python3.8/site-packages/airflow/example_dags/example_skip_dag.py for tasks to queue
[2023-10-11T03:39:29.156+0000] {logging_mixin.py:151} INFO - [2023-10-11T03:39:29.155+0000] {dagbag.py:539} INFO - Filling up the DagBag from /home/airflow/.local/lib/python3.8/site-packages/airflow/example_dags/example_skip_dag.py
[2023-10-11T03:39:29.167+0000] {processor.py:839} INFO - DAG(s) dict_keys(['example_skip_dag']) retrieved from /home/airflow/.local/lib/python3.8/site-packages/airflow/example_dags/example_skip_dag.py
[2023-10-11T03:39:29.203+0000] {logging_mixin.py:151} INFO - [2023-10-11T03:39:29.203+0000] {dag.py:2915} INFO - Sync 1 DAGs
[2023-10-11T03:39:29.240+0000] {logging_mixin.py:151} INFO - [2023-10-11T03:39:29.240+0000] {dag.py:3696} INFO - Setting next_dagrun for example_skip_dag to 2023-10-10T03:39:29.239838+00:00, run_after=2023-10-11T03:39:29.239838+00:00
[2023-10-11T03:39:29.282+0000] {processor.py:179} INFO - Processing /home/airflow/.local/lib/python3.8/site-packages/airflow/example_dags/example_skip_dag.py took 0.140 seconds
[2023-10-11T03:39:59.640+0000] {processor.py:157} INFO - Started process (PID=133) to work on /home/airflow/.local/lib/python3.8/site-packages/airflow/example_dags/example_skip_dag.py
[2023-10-11T03:39:59.641+0000] {processor.py:829} INFO - Processing file /home/airflow/.local/lib/python3.8/site-packages/airflow/example_dags/example_skip_dag.py for tasks to queue
[2023-10-11T03:39:59.644+0000] {logging_mixin.py:151} INFO - [2023-10-11T03:39:59.644+0000] {dagbag.py:539} INFO - Filling up the DagBag from /home/airflow/.local/lib/python3.8/site-packages/airflow/example_dags/example_skip_dag.py
[2023-10-11T03:39:59.650+0000] {processor.py:839} INFO - DAG(s) dict_keys(['example_skip_dag']) retrieved from /home/airflow/.local/lib/python3.8/site-packages/airflow/example_dags/example_skip_dag.py
[2023-10-11T03:39:59.670+0000] {logging_mixin.py:151} INFO - [2023-10-11T03:39:59.670+0000] {dag.py:2915} INFO - Sync 1 DAGs
[2023-10-11T03:39:59.687+0000] {logging_mixin.py:151} INFO - [2023-10-11T03:39:59.687+0000] {dag.py:3696} INFO - Setting next_dagrun for example_skip_dag to 2023-10-10T03:39:59.687462+00:00, run_after=2023-10-11T03:39:59.687462+00:00
[2023-10-11T03:39:59.709+0000] {processor.py:179} INFO - Processing /home/airflow/.local/lib/python3.8/site-packages/airflow/example_dags/example_skip_dag.py took 0.072 seconds
[2023-10-11T03:40:30.235+0000] {processor.py:157} INFO - Started process (PID=190) to work on /home/airflow/.local/lib/python3.8/site-packages/airflow/example_dags/example_skip_dag.py
[2023-10-11T03:40:30.237+0000] {processor.py:829} INFO - Processing file /home/airflow/.local/lib/python3.8/site-packages/airflow/example_dags/example_skip_dag.py for tasks to queue
[2023-10-11T03:40:30.240+0000] {logging_mixin.py:151} INFO - [2023-10-11T03:40:30.240+0000] {dagbag.py:539} INFO - Filling up the DagBag from /home/airflow/.local/lib/python3.8/site-packages/airflow/example_dags/example_skip_dag.py
[2023-10-11T03:40:30.246+0000] {processor.py:839} INFO - DAG(s) dict_keys(['example_skip_dag']) retrieved from /home/airflow/.local/lib/python3.8/site-packages/airflow/example_dags/example_skip_dag.py
[2023-10-11T03:40:30.268+0000] {logging_mixin.py:151} INFO - [2023-10-11T03:40:30.268+0000] {dag.py:2915} INFO - Sync 1 DAGs
[2023-10-11T03:40:30.285+0000] {logging_mixin.py:151} INFO - [2023-10-11T03:40:30.285+0000] {dag.py:3696} INFO - Setting next_dagrun for example_skip_dag to 2023-10-10T03:40:30.285592+00:00, run_after=2023-10-11T03:40:30.285592+00:00
[2023-10-11T03:40:30.305+0000] {processor.py:179} INFO - Processing /home/airflow/.local/lib/python3.8/site-packages/airflow/example_dags/example_skip_dag.py took 0.073 seconds
[2023-10-11T03:41:01.098+0000] {processor.py:157} INFO - Started process (PID=247) to work on /home/airflow/.local/lib/python3.8/site-packages/airflow/example_dags/example_skip_dag.py
[2023-10-11T03:41:01.100+0000] {processor.py:829} INFO - Processing file /home/airflow/.local/lib/python3.8/site-packages/airflow/example_dags/example_skip_dag.py for tasks to queue
[2023-10-11T03:41:01.102+0000] {logging_mixin.py:151} INFO - [2023-10-11T03:41:01.102+0000] {dagbag.py:539} INFO - Filling up the DagBag from /home/airflow/.local/lib/python3.8/site-packages/airflow/example_dags/example_skip_dag.py
[2023-10-11T03:41:01.108+0000] {processor.py:839} INFO - DAG(s) dict_keys(['example_skip_dag']) retrieved from /home/airflow/.local/lib/python3.8/site-packages/airflow/example_dags/example_skip_dag.py
[2023-10-11T03:41:01.128+0000] {logging_mixin.py:151} INFO - [2023-10-11T03:41:01.128+0000] {dag.py:2915} INFO - Sync 1 DAGs
[2023-10-11T03:41:01.151+0000] {logging_mixin.py:151} INFO - [2023-10-11T03:41:01.150+0000] {dag.py:3696} INFO - Setting next_dagrun for example_skip_dag to 2023-10-10T03:41:01.150761+00:00, run_after=2023-10-11T03:41:01.150761+00:00
[2023-10-11T03:41:01.180+0000] {processor.py:179} INFO - Processing /home/airflow/.local/lib/python3.8/site-packages/airflow/example_dags/example_skip_dag.py took 0.086 seconds
[2023-10-11T03:41:31.857+0000] {processor.py:157} INFO - Started process (PID=304) to work on /home/airflow/.local/lib/python3.8/site-packages/airflow/example_dags/example_skip_dag.py
[2023-10-11T03:41:31.858+0000] {processor.py:829} INFO - Processing file /home/airflow/.local/lib/python3.8/site-packages/airflow/example_dags/example_skip_dag.py for tasks to queue
[2023-10-11T03:41:31.861+0000] {logging_mixin.py:151} INFO - [2023-10-11T03:41:31.861+0000] {dagbag.py:539} INFO - Filling up the DagBag from /home/airflow/.local/lib/python3.8/site-packages/airflow/example_dags/example_skip_dag.py
[2023-10-11T03:41:31.869+0000] {processor.py:839} INFO - DAG(s) dict_keys(['example_skip_dag']) retrieved from /home/airflow/.local/lib/python3.8/site-packages/airflow/example_dags/example_skip_dag.py
[2023-10-11T03:41:31.894+0000] {logging_mixin.py:151} INFO - [2023-10-11T03:41:31.894+0000] {dag.py:2915} INFO - Sync 1 DAGs
[2023-10-11T03:41:31.920+0000] {logging_mixin.py:151} INFO - [2023-10-11T03:41:31.919+0000] {dag.py:3696} INFO - Setting next_dagrun for example_skip_dag to 2023-10-10T03:41:31.919580+00:00, run_after=2023-10-11T03:41:31.919580+00:00
[2023-10-11T03:41:31.943+0000] {processor.py:179} INFO - Processing /home/airflow/.local/lib/python3.8/site-packages/airflow/example_dags/example_skip_dag.py took 0.091 seconds
[2023-10-11T03:42:02.496+0000] {processor.py:157} INFO - Started process (PID=361) to work on /home/airflow/.local/lib/python3.8/site-packages/airflow/example_dags/example_skip_dag.py
[2023-10-11T03:42:02.498+0000] {processor.py:829} INFO - Processing file /home/airflow/.local/lib/python3.8/site-packages/airflow/example_dags/example_skip_dag.py for tasks to queue
[2023-10-11T03:42:02.500+0000] {logging_mixin.py:151} INFO - [2023-10-11T03:42:02.500+0000] {dagbag.py:539} INFO - Filling up the DagBag from /home/airflow/.local/lib/python3.8/site-packages/airflow/example_dags/example_skip_dag.py
[2023-10-11T03:42:02.508+0000] {processor.py:839} INFO - DAG(s) dict_keys(['example_skip_dag']) retrieved from /home/airflow/.local/lib/python3.8/site-packages/airflow/example_dags/example_skip_dag.py
[2023-10-11T03:42:02.539+0000] {logging_mixin.py:151} INFO - [2023-10-11T03:42:02.538+0000] {dag.py:2915} INFO - Sync 1 DAGs
[2023-10-11T03:42:02.572+0000] {logging_mixin.py:151} INFO - [2023-10-11T03:42:02.572+0000] {dag.py:3696} INFO - Setting next_dagrun for example_skip_dag to 2023-10-10T03:42:02.571913+00:00, run_after=2023-10-11T03:42:02.571913+00:00
[2023-10-11T03:42:02.607+0000] {processor.py:179} INFO - Processing /home/airflow/.local/lib/python3.8/site-packages/airflow/example_dags/example_skip_dag.py took 0.114 seconds
[2023-10-11T03:42:33.386+0000] {processor.py:157} INFO - Started process (PID=418) to work on /home/airflow/.local/lib/python3.8/site-packages/airflow/example_dags/example_skip_dag.py
[2023-10-11T03:42:33.387+0000] {processor.py:829} INFO - Processing file /home/airflow/.local/lib/python3.8/site-packages/airflow/example_dags/example_skip_dag.py for tasks to queue
[2023-10-11T03:42:33.389+0000] {logging_mixin.py:151} INFO - [2023-10-11T03:42:33.389+0000] {dagbag.py:539} INFO - Filling up the DagBag from /home/airflow/.local/lib/python3.8/site-packages/airflow/example_dags/example_skip_dag.py
[2023-10-11T03:42:33.396+0000] {processor.py:839} INFO - DAG(s) dict_keys(['example_skip_dag']) retrieved from /home/airflow/.local/lib/python3.8/site-packages/airflow/example_dags/example_skip_dag.py
[2023-10-11T03:42:33.419+0000] {logging_mixin.py:151} INFO - [2023-10-11T03:42:33.418+0000] {dag.py:2915} INFO - Sync 1 DAGs
[2023-10-11T03:42:33.438+0000] {logging_mixin.py:151} INFO - [2023-10-11T03:42:33.438+0000] {dag.py:3696} INFO - Setting next_dagrun for example_skip_dag to 2023-10-10T03:42:33.437970+00:00, run_after=2023-10-11T03:42:33.437970+00:00
[2023-10-11T03:42:33.458+0000] {processor.py:179} INFO - Processing /home/airflow/.local/lib/python3.8/site-packages/airflow/example_dags/example_skip_dag.py took 0.075 seconds
[2023-10-11T03:43:03.784+0000] {processor.py:157} INFO - Started process (PID=474) to work on /home/airflow/.local/lib/python3.8/site-packages/airflow/example_dags/example_skip_dag.py
[2023-10-11T03:43:03.785+0000] {processor.py:829} INFO - Processing file /home/airflow/.local/lib/python3.8/site-packages/airflow/example_dags/example_skip_dag.py for tasks to queue
[2023-10-11T03:43:03.788+0000] {logging_mixin.py:151} INFO - [2023-10-11T03:43:03.788+0000] {dagbag.py:539} INFO - Filling up the DagBag from /home/airflow/.local/lib/python3.8/site-packages/airflow/example_dags/example_skip_dag.py
[2023-10-11T03:43:03.796+0000] {processor.py:839} INFO - DAG(s) dict_keys(['example_skip_dag']) retrieved from /home/airflow/.local/lib/python3.8/site-packages/airflow/example_dags/example_skip_dag.py
[2023-10-11T03:43:03.820+0000] {logging_mixin.py:151} INFO - [2023-10-11T03:43:03.820+0000] {dag.py:2915} INFO - Sync 1 DAGs
[2023-10-11T03:43:03.842+0000] {logging_mixin.py:151} INFO - [2023-10-11T03:43:03.842+0000] {dag.py:3696} INFO - Setting next_dagrun for example_skip_dag to 2023-10-10T03:43:03.842253+00:00, run_after=2023-10-11T03:43:03.842253+00:00
[2023-10-11T03:43:03.863+0000] {processor.py:179} INFO - Processing /home/airflow/.local/lib/python3.8/site-packages/airflow/example_dags/example_skip_dag.py took 0.082 seconds
[2023-10-11T03:43:34.324+0000] {processor.py:157} INFO - Started process (PID=531) to work on /home/airflow/.local/lib/python3.8/site-packages/airflow/example_dags/example_skip_dag.py
[2023-10-11T03:43:34.327+0000] {processor.py:829} INFO - Processing file /home/airflow/.local/lib/python3.8/site-packages/airflow/example_dags/example_skip_dag.py for tasks to queue
[2023-10-11T03:43:34.335+0000] {logging_mixin.py:151} INFO - [2023-10-11T03:43:34.334+0000] {dagbag.py:539} INFO - Filling up the DagBag from /home/airflow/.local/lib/python3.8/site-packages/airflow/example_dags/example_skip_dag.py
[2023-10-11T03:43:34.356+0000] {processor.py:839} INFO - DAG(s) dict_keys(['example_skip_dag']) retrieved from /home/airflow/.local/lib/python3.8/site-packages/airflow/example_dags/example_skip_dag.py
[2023-10-11T03:43:34.406+0000] {logging_mixin.py:151} INFO - [2023-10-11T03:43:34.405+0000] {dag.py:2915} INFO - Sync 1 DAGs
[2023-10-11T03:43:34.454+0000] {logging_mixin.py:151} INFO - [2023-10-11T03:43:34.453+0000] {dag.py:3696} INFO - Setting next_dagrun for example_skip_dag to 2023-10-10T03:43:34.453498+00:00, run_after=2023-10-11T03:43:34.453498+00:00
[2023-10-11T03:43:34.477+0000] {processor.py:179} INFO - Processing /home/airflow/.local/lib/python3.8/site-packages/airflow/example_dags/example_skip_dag.py took 0.159 seconds
[2023-10-11T03:44:05.183+0000] {processor.py:157} INFO - Started process (PID=588) to work on /home/airflow/.local/lib/python3.8/site-packages/airflow/example_dags/example_skip_dag.py
[2023-10-11T03:44:05.185+0000] {processor.py:829} INFO - Processing file /home/airflow/.local/lib/python3.8/site-packages/airflow/example_dags/example_skip_dag.py for tasks to queue
[2023-10-11T03:44:05.190+0000] {logging_mixin.py:151} INFO - [2023-10-11T03:44:05.189+0000] {dagbag.py:539} INFO - Filling up the DagBag from /home/airflow/.local/lib/python3.8/site-packages/airflow/example_dags/example_skip_dag.py
[2023-10-11T03:44:05.200+0000] {processor.py:839} INFO - DAG(s) dict_keys(['example_skip_dag']) retrieved from /home/airflow/.local/lib/python3.8/site-packages/airflow/example_dags/example_skip_dag.py
[2023-10-11T03:44:05.237+0000] {logging_mixin.py:151} INFO - [2023-10-11T03:44:05.237+0000] {dag.py:2915} INFO - Sync 1 DAGs
[2023-10-11T03:44:05.266+0000] {logging_mixin.py:151} INFO - [2023-10-11T03:44:05.266+0000] {dag.py:3696} INFO - Setting next_dagrun for example_skip_dag to 2023-10-10T03:44:05.266017+00:00, run_after=2023-10-11T03:44:05.266017+00:00
[2023-10-11T03:44:05.301+0000] {processor.py:179} INFO - Processing /home/airflow/.local/lib/python3.8/site-packages/airflow/example_dags/example_skip_dag.py took 0.123 seconds
[2023-10-11T03:44:35.541+0000] {processor.py:157} INFO - Started process (PID=645) to work on /home/airflow/.local/lib/python3.8/site-packages/airflow/example_dags/example_skip_dag.py
[2023-10-11T03:44:35.542+0000] {processor.py:829} INFO - Processing file /home/airflow/.local/lib/python3.8/site-packages/airflow/example_dags/example_skip_dag.py for tasks to queue
[2023-10-11T03:44:35.545+0000] {logging_mixin.py:151} INFO - [2023-10-11T03:44:35.545+0000] {dagbag.py:539} INFO - Filling up the DagBag from /home/airflow/.local/lib/python3.8/site-packages/airflow/example_dags/example_skip_dag.py
[2023-10-11T03:44:35.551+0000] {processor.py:839} INFO - DAG(s) dict_keys(['example_skip_dag']) retrieved from /home/airflow/.local/lib/python3.8/site-packages/airflow/example_dags/example_skip_dag.py
[2023-10-11T03:44:35.575+0000] {logging_mixin.py:151} INFO - [2023-10-11T03:44:35.575+0000] {dag.py:2915} INFO - Sync 1 DAGs
[2023-10-11T03:44:35.598+0000] {logging_mixin.py:151} INFO - [2023-10-11T03:44:35.598+0000] {dag.py:3696} INFO - Setting next_dagrun for example_skip_dag to 2023-10-10T03:44:35.598312+00:00, run_after=2023-10-11T03:44:35.598312+00:00
[2023-10-11T03:44:35.620+0000] {processor.py:179} INFO - Processing /home/airflow/.local/lib/python3.8/site-packages/airflow/example_dags/example_skip_dag.py took 0.082 seconds
[2023-10-11T03:45:06.160+0000] {processor.py:157} INFO - Started process (PID=702) to work on /home/airflow/.local/lib/python3.8/site-packages/airflow/example_dags/example_skip_dag.py
[2023-10-11T03:45:06.162+0000] {processor.py:829} INFO - Processing file /home/airflow/.local/lib/python3.8/site-packages/airflow/example_dags/example_skip_dag.py for tasks to queue
[2023-10-11T03:45:06.166+0000] {logging_mixin.py:151} INFO - [2023-10-11T03:45:06.166+0000] {dagbag.py:539} INFO - Filling up the DagBag from /home/airflow/.local/lib/python3.8/site-packages/airflow/example_dags/example_skip_dag.py
[2023-10-11T03:45:06.175+0000] {processor.py:839} INFO - DAG(s) dict_keys(['example_skip_dag']) retrieved from /home/airflow/.local/lib/python3.8/site-packages/airflow/example_dags/example_skip_dag.py
[2023-10-11T03:45:06.212+0000] {logging_mixin.py:151} INFO - [2023-10-11T03:45:06.212+0000] {dag.py:2915} INFO - Sync 1 DAGs
[2023-10-11T03:45:06.238+0000] {logging_mixin.py:151} INFO - [2023-10-11T03:45:06.237+0000] {dag.py:3696} INFO - Setting next_dagrun for example_skip_dag to 2023-10-10T03:45:06.237562+00:00, run_after=2023-10-11T03:45:06.237562+00:00
[2023-10-11T03:45:06.267+0000] {processor.py:179} INFO - Processing /home/airflow/.local/lib/python3.8/site-packages/airflow/example_dags/example_skip_dag.py took 0.111 seconds
[2023-10-11T03:45:36.938+0000] {processor.py:157} INFO - Started process (PID=766) to work on /home/airflow/.local/lib/python3.8/site-packages/airflow/example_dags/example_skip_dag.py
[2023-10-11T03:45:36.939+0000] {processor.py:829} INFO - Processing file /home/airflow/.local/lib/python3.8/site-packages/airflow/example_dags/example_skip_dag.py for tasks to queue
[2023-10-11T03:45:36.942+0000] {logging_mixin.py:151} INFO - [2023-10-11T03:45:36.941+0000] {dagbag.py:539} INFO - Filling up the DagBag from /home/airflow/.local/lib/python3.8/site-packages/airflow/example_dags/example_skip_dag.py
[2023-10-11T03:45:36.948+0000] {processor.py:839} INFO - DAG(s) dict_keys(['example_skip_dag']) retrieved from /home/airflow/.local/lib/python3.8/site-packages/airflow/example_dags/example_skip_dag.py
[2023-10-11T03:45:36.969+0000] {logging_mixin.py:151} INFO - [2023-10-11T03:45:36.968+0000] {dag.py:2915} INFO - Sync 1 DAGs
[2023-10-11T03:45:36.987+0000] {logging_mixin.py:151} INFO - [2023-10-11T03:45:36.987+0000] {dag.py:3696} INFO - Setting next_dagrun for example_skip_dag to 2023-10-10T03:45:36.987204+00:00, run_after=2023-10-11T03:45:36.987204+00:00
[2023-10-11T03:45:37.005+0000] {processor.py:179} INFO - Processing /home/airflow/.local/lib/python3.8/site-packages/airflow/example_dags/example_skip_dag.py took 0.070 seconds
[2023-10-11T03:46:07.326+0000] {processor.py:157} INFO - Started process (PID=823) to work on /home/airflow/.local/lib/python3.8/site-packages/airflow/example_dags/example_skip_dag.py
[2023-10-11T03:46:07.327+0000] {processor.py:829} INFO - Processing file /home/airflow/.local/lib/python3.8/site-packages/airflow/example_dags/example_skip_dag.py for tasks to queue
[2023-10-11T03:46:07.330+0000] {logging_mixin.py:151} INFO - [2023-10-11T03:46:07.330+0000] {dagbag.py:539} INFO - Filling up the DagBag from /home/airflow/.local/lib/python3.8/site-packages/airflow/example_dags/example_skip_dag.py
[2023-10-11T03:46:07.337+0000] {processor.py:839} INFO - DAG(s) dict_keys(['example_skip_dag']) retrieved from /home/airflow/.local/lib/python3.8/site-packages/airflow/example_dags/example_skip_dag.py
[2023-10-11T03:46:07.358+0000] {logging_mixin.py:151} INFO - [2023-10-11T03:46:07.358+0000] {dag.py:2915} INFO - Sync 1 DAGs
[2023-10-11T03:46:07.377+0000] {logging_mixin.py:151} INFO - [2023-10-11T03:46:07.376+0000] {dag.py:3696} INFO - Setting next_dagrun for example_skip_dag to 2023-10-10T03:46:07.376757+00:00, run_after=2023-10-11T03:46:07.376757+00:00
[2023-10-11T03:46:07.398+0000] {processor.py:179} INFO - Processing /home/airflow/.local/lib/python3.8/site-packages/airflow/example_dags/example_skip_dag.py took 0.075 seconds
[2023-10-11T03:46:38.358+0000] {processor.py:157} INFO - Started process (PID=880) to work on /home/airflow/.local/lib/python3.8/site-packages/airflow/example_dags/example_skip_dag.py
[2023-10-11T03:46:38.360+0000] {processor.py:829} INFO - Processing file /home/airflow/.local/lib/python3.8/site-packages/airflow/example_dags/example_skip_dag.py for tasks to queue
[2023-10-11T03:46:38.363+0000] {logging_mixin.py:151} INFO - [2023-10-11T03:46:38.363+0000] {dagbag.py:539} INFO - Filling up the DagBag from /home/airflow/.local/lib/python3.8/site-packages/airflow/example_dags/example_skip_dag.py
[2023-10-11T03:46:38.369+0000] {processor.py:839} INFO - DAG(s) dict_keys(['example_skip_dag']) retrieved from /home/airflow/.local/lib/python3.8/site-packages/airflow/example_dags/example_skip_dag.py
[2023-10-11T03:46:38.394+0000] {logging_mixin.py:151} INFO - [2023-10-11T03:46:38.394+0000] {dag.py:2915} INFO - Sync 1 DAGs
[2023-10-11T03:46:38.412+0000] {logging_mixin.py:151} INFO - [2023-10-11T03:46:38.412+0000] {dag.py:3696} INFO - Setting next_dagrun for example_skip_dag to 2023-10-10T03:46:38.412239+00:00, run_after=2023-10-11T03:46:38.412239+00:00
[2023-10-11T03:46:38.430+0000] {processor.py:179} INFO - Processing /home/airflow/.local/lib/python3.8/site-packages/airflow/example_dags/example_skip_dag.py took 0.075 seconds
[2023-10-11T03:47:08.632+0000] {processor.py:157} INFO - Started process (PID=937) to work on /home/airflow/.local/lib/python3.8/site-packages/airflow/example_dags/example_skip_dag.py
[2023-10-11T03:47:08.633+0000] {processor.py:829} INFO - Processing file /home/airflow/.local/lib/python3.8/site-packages/airflow/example_dags/example_skip_dag.py for tasks to queue
[2023-10-11T03:47:08.636+0000] {logging_mixin.py:151} INFO - [2023-10-11T03:47:08.636+0000] {dagbag.py:539} INFO - Filling up the DagBag from /home/airflow/.local/lib/python3.8/site-packages/airflow/example_dags/example_skip_dag.py
[2023-10-11T03:47:08.642+0000] {processor.py:839} INFO - DAG(s) dict_keys(['example_skip_dag']) retrieved from /home/airflow/.local/lib/python3.8/site-packages/airflow/example_dags/example_skip_dag.py
[2023-10-11T03:47:08.666+0000] {logging_mixin.py:151} INFO - [2023-10-11T03:47:08.665+0000] {dag.py:2915} INFO - Sync 1 DAGs
[2023-10-11T03:47:08.685+0000] {logging_mixin.py:151} INFO - [2023-10-11T03:47:08.684+0000] {dag.py:3696} INFO - Setting next_dagrun for example_skip_dag to 2023-10-10T03:47:08.684757+00:00, run_after=2023-10-11T03:47:08.684757+00:00
[2023-10-11T03:47:08.709+0000] {processor.py:179} INFO - Processing /home/airflow/.local/lib/python3.8/site-packages/airflow/example_dags/example_skip_dag.py took 0.080 seconds
[2023-10-11T03:47:38.986+0000] {processor.py:157} INFO - Started process (PID=994) to work on /home/airflow/.local/lib/python3.8/site-packages/airflow/example_dags/example_skip_dag.py
[2023-10-11T03:47:38.987+0000] {processor.py:829} INFO - Processing file /home/airflow/.local/lib/python3.8/site-packages/airflow/example_dags/example_skip_dag.py for tasks to queue
[2023-10-11T03:47:38.990+0000] {logging_mixin.py:151} INFO - [2023-10-11T03:47:38.989+0000] {dagbag.py:539} INFO - Filling up the DagBag from /home/airflow/.local/lib/python3.8/site-packages/airflow/example_dags/example_skip_dag.py
[2023-10-11T03:47:38.997+0000] {processor.py:839} INFO - DAG(s) dict_keys(['example_skip_dag']) retrieved from /home/airflow/.local/lib/python3.8/site-packages/airflow/example_dags/example_skip_dag.py
[2023-10-11T03:47:39.019+0000] {logging_mixin.py:151} INFO - [2023-10-11T03:47:39.019+0000] {dag.py:2915} INFO - Sync 1 DAGs
[2023-10-11T03:47:39.046+0000] {logging_mixin.py:151} INFO - [2023-10-11T03:47:39.046+0000] {dag.py:3696} INFO - Setting next_dagrun for example_skip_dag to 2023-10-10T03:47:39.046330+00:00, run_after=2023-10-11T03:47:39.046330+00:00
[2023-10-11T03:47:39.077+0000] {processor.py:179} INFO - Processing /home/airflow/.local/lib/python3.8/site-packages/airflow/example_dags/example_skip_dag.py took 0.094 seconds
[2023-10-11T03:48:09.490+0000] {processor.py:157} INFO - Started process (PID=1051) to work on /home/airflow/.local/lib/python3.8/site-packages/airflow/example_dags/example_skip_dag.py
[2023-10-11T03:48:09.492+0000] {processor.py:829} INFO - Processing file /home/airflow/.local/lib/python3.8/site-packages/airflow/example_dags/example_skip_dag.py for tasks to queue
[2023-10-11T03:48:09.495+0000] {logging_mixin.py:151} INFO - [2023-10-11T03:48:09.494+0000] {dagbag.py:539} INFO - Filling up the DagBag from /home/airflow/.local/lib/python3.8/site-packages/airflow/example_dags/example_skip_dag.py
[2023-10-11T03:48:09.501+0000] {processor.py:839} INFO - DAG(s) dict_keys(['example_skip_dag']) retrieved from /home/airflow/.local/lib/python3.8/site-packages/airflow/example_dags/example_skip_dag.py
[2023-10-11T03:48:09.525+0000] {logging_mixin.py:151} INFO - [2023-10-11T03:48:09.524+0000] {dag.py:2915} INFO - Sync 1 DAGs
[2023-10-11T03:48:09.544+0000] {logging_mixin.py:151} INFO - [2023-10-11T03:48:09.544+0000] {dag.py:3696} INFO - Setting next_dagrun for example_skip_dag to 2023-10-10T03:48:09.544220+00:00, run_after=2023-10-11T03:48:09.544220+00:00
[2023-10-11T03:48:09.565+0000] {processor.py:179} INFO - Processing /home/airflow/.local/lib/python3.8/site-packages/airflow/example_dags/example_skip_dag.py took 0.078 seconds
[2023-10-11T03:48:39.889+0000] {processor.py:157} INFO - Started process (PID=1108) to work on /home/airflow/.local/lib/python3.8/site-packages/airflow/example_dags/example_skip_dag.py
[2023-10-11T03:48:39.892+0000] {processor.py:829} INFO - Processing file /home/airflow/.local/lib/python3.8/site-packages/airflow/example_dags/example_skip_dag.py for tasks to queue
[2023-10-11T03:48:39.896+0000] {logging_mixin.py:151} INFO - [2023-10-11T03:48:39.896+0000] {dagbag.py:539} INFO - Filling up the DagBag from /home/airflow/.local/lib/python3.8/site-packages/airflow/example_dags/example_skip_dag.py
[2023-10-11T03:48:39.903+0000] {processor.py:839} INFO - DAG(s) dict_keys(['example_skip_dag']) retrieved from /home/airflow/.local/lib/python3.8/site-packages/airflow/example_dags/example_skip_dag.py
[2023-10-11T03:48:39.930+0000] {logging_mixin.py:151} INFO - [2023-10-11T03:48:39.930+0000] {dag.py:2915} INFO - Sync 1 DAGs
[2023-10-11T03:48:39.953+0000] {logging_mixin.py:151} INFO - [2023-10-11T03:48:39.953+0000] {dag.py:3696} INFO - Setting next_dagrun for example_skip_dag to 2023-10-10T03:48:39.953161+00:00, run_after=2023-10-11T03:48:39.953161+00:00
[2023-10-11T03:48:39.977+0000] {processor.py:179} INFO - Processing /home/airflow/.local/lib/python3.8/site-packages/airflow/example_dags/example_skip_dag.py took 0.093 seconds
[2023-10-11T03:49:10.345+0000] {processor.py:157} INFO - Started process (PID=1165) to work on /home/airflow/.local/lib/python3.8/site-packages/airflow/example_dags/example_skip_dag.py
[2023-10-11T03:49:10.347+0000] {processor.py:829} INFO - Processing file /home/airflow/.local/lib/python3.8/site-packages/airflow/example_dags/example_skip_dag.py for tasks to queue
[2023-10-11T03:49:10.349+0000] {logging_mixin.py:151} INFO - [2023-10-11T03:49:10.349+0000] {dagbag.py:539} INFO - Filling up the DagBag from /home/airflow/.local/lib/python3.8/site-packages/airflow/example_dags/example_skip_dag.py
[2023-10-11T03:49:10.357+0000] {processor.py:839} INFO - DAG(s) dict_keys(['example_skip_dag']) retrieved from /home/airflow/.local/lib/python3.8/site-packages/airflow/example_dags/example_skip_dag.py
[2023-10-11T03:49:10.393+0000] {logging_mixin.py:151} INFO - [2023-10-11T03:49:10.392+0000] {dag.py:2915} INFO - Sync 1 DAGs
[2023-10-11T03:49:10.422+0000] {logging_mixin.py:151} INFO - [2023-10-11T03:49:10.421+0000] {dag.py:3696} INFO - Setting next_dagrun for example_skip_dag to 2023-10-10T03:49:10.421571+00:00, run_after=2023-10-11T03:49:10.421571+00:00
[2023-10-11T03:49:10.447+0000] {processor.py:179} INFO - Processing /home/airflow/.local/lib/python3.8/site-packages/airflow/example_dags/example_skip_dag.py took 0.105 seconds
[2023-10-11T03:49:40.959+0000] {processor.py:157} INFO - Started process (PID=1222) to work on /home/airflow/.local/lib/python3.8/site-packages/airflow/example_dags/example_skip_dag.py
[2023-10-11T03:49:40.960+0000] {processor.py:829} INFO - Processing file /home/airflow/.local/lib/python3.8/site-packages/airflow/example_dags/example_skip_dag.py for tasks to queue
[2023-10-11T03:49:40.963+0000] {logging_mixin.py:151} INFO - [2023-10-11T03:49:40.963+0000] {dagbag.py:539} INFO - Filling up the DagBag from /home/airflow/.local/lib/python3.8/site-packages/airflow/example_dags/example_skip_dag.py
[2023-10-11T03:49:40.970+0000] {processor.py:839} INFO - DAG(s) dict_keys(['example_skip_dag']) retrieved from /home/airflow/.local/lib/python3.8/site-packages/airflow/example_dags/example_skip_dag.py
[2023-10-11T03:49:40.994+0000] {logging_mixin.py:151} INFO - [2023-10-11T03:49:40.994+0000] {dag.py:2915} INFO - Sync 1 DAGs
[2023-10-11T03:49:41.014+0000] {logging_mixin.py:151} INFO - [2023-10-11T03:49:41.014+0000] {dag.py:3696} INFO - Setting next_dagrun for example_skip_dag to 2023-10-10T03:49:41.014062+00:00, run_after=2023-10-11T03:49:41.014062+00:00
[2023-10-11T03:49:41.036+0000] {processor.py:179} INFO - Processing /home/airflow/.local/lib/python3.8/site-packages/airflow/example_dags/example_skip_dag.py took 0.080 seconds
[2023-10-11T03:50:11.239+0000] {processor.py:157} INFO - Started process (PID=1279) to work on /home/airflow/.local/lib/python3.8/site-packages/airflow/example_dags/example_skip_dag.py
[2023-10-11T03:50:11.241+0000] {processor.py:829} INFO - Processing file /home/airflow/.local/lib/python3.8/site-packages/airflow/example_dags/example_skip_dag.py for tasks to queue
[2023-10-11T03:50:11.245+0000] {logging_mixin.py:151} INFO - [2023-10-11T03:50:11.244+0000] {dagbag.py:539} INFO - Filling up the DagBag from /home/airflow/.local/lib/python3.8/site-packages/airflow/example_dags/example_skip_dag.py
[2023-10-11T03:50:11.250+0000] {processor.py:839} INFO - DAG(s) dict_keys(['example_skip_dag']) retrieved from /home/airflow/.local/lib/python3.8/site-packages/airflow/example_dags/example_skip_dag.py
[2023-10-11T03:50:11.272+0000] {logging_mixin.py:151} INFO - [2023-10-11T03:50:11.272+0000] {dag.py:2915} INFO - Sync 1 DAGs
[2023-10-11T03:50:11.291+0000] {logging_mixin.py:151} INFO - [2023-10-11T03:50:11.291+0000] {dag.py:3696} INFO - Setting next_dagrun for example_skip_dag to 2023-10-10T03:50:11.290939+00:00, run_after=2023-10-11T03:50:11.290939+00:00
[2023-10-11T03:50:11.314+0000] {processor.py:179} INFO - Processing /home/airflow/.local/lib/python3.8/site-packages/airflow/example_dags/example_skip_dag.py took 0.078 seconds
[2023-10-11T03:50:41.692+0000] {processor.py:157} INFO - Started process (PID=1336) to work on /home/airflow/.local/lib/python3.8/site-packages/airflow/example_dags/example_skip_dag.py
[2023-10-11T03:50:41.693+0000] {processor.py:829} INFO - Processing file /home/airflow/.local/lib/python3.8/site-packages/airflow/example_dags/example_skip_dag.py for tasks to queue
[2023-10-11T03:50:41.696+0000] {logging_mixin.py:151} INFO - [2023-10-11T03:50:41.695+0000] {dagbag.py:539} INFO - Filling up the DagBag from /home/airflow/.local/lib/python3.8/site-packages/airflow/example_dags/example_skip_dag.py
[2023-10-11T03:50:41.702+0000] {processor.py:839} INFO - DAG(s) dict_keys(['example_skip_dag']) retrieved from /home/airflow/.local/lib/python3.8/site-packages/airflow/example_dags/example_skip_dag.py
[2023-10-11T03:50:41.726+0000] {logging_mixin.py:151} INFO - [2023-10-11T03:50:41.726+0000] {dag.py:2915} INFO - Sync 1 DAGs
[2023-10-11T03:50:41.746+0000] {logging_mixin.py:151} INFO - [2023-10-11T03:50:41.745+0000] {dag.py:3696} INFO - Setting next_dagrun for example_skip_dag to 2023-10-10T03:50:41.745653+00:00, run_after=2023-10-11T03:50:41.745653+00:00
[2023-10-11T03:50:41.765+0000] {processor.py:179} INFO - Processing /home/airflow/.local/lib/python3.8/site-packages/airflow/example_dags/example_skip_dag.py took 0.076 seconds
[2023-10-11T03:51:12.352+0000] {processor.py:157} INFO - Started process (PID=1393) to work on /home/airflow/.local/lib/python3.8/site-packages/airflow/example_dags/example_skip_dag.py
[2023-10-11T03:51:12.354+0000] {processor.py:829} INFO - Processing file /home/airflow/.local/lib/python3.8/site-packages/airflow/example_dags/example_skip_dag.py for tasks to queue
[2023-10-11T03:51:12.357+0000] {logging_mixin.py:151} INFO - [2023-10-11T03:51:12.357+0000] {dagbag.py:539} INFO - Filling up the DagBag from /home/airflow/.local/lib/python3.8/site-packages/airflow/example_dags/example_skip_dag.py
[2023-10-11T03:51:12.363+0000] {processor.py:839} INFO - DAG(s) dict_keys(['example_skip_dag']) retrieved from /home/airflow/.local/lib/python3.8/site-packages/airflow/example_dags/example_skip_dag.py
[2023-10-11T03:51:12.384+0000] {logging_mixin.py:151} INFO - [2023-10-11T03:51:12.384+0000] {dag.py:2915} INFO - Sync 1 DAGs
[2023-10-11T03:51:12.405+0000] {logging_mixin.py:151} INFO - [2023-10-11T03:51:12.405+0000] {dag.py:3696} INFO - Setting next_dagrun for example_skip_dag to 2023-10-10T03:51:12.404593+00:00, run_after=2023-10-11T03:51:12.404593+00:00
[2023-10-11T03:51:12.429+0000] {processor.py:179} INFO - Processing /home/airflow/.local/lib/python3.8/site-packages/airflow/example_dags/example_skip_dag.py took 0.080 seconds
[2023-10-11T03:51:42.660+0000] {processor.py:157} INFO - Started process (PID=1450) to work on /home/airflow/.local/lib/python3.8/site-packages/airflow/example_dags/example_skip_dag.py
[2023-10-11T03:51:42.662+0000] {processor.py:829} INFO - Processing file /home/airflow/.local/lib/python3.8/site-packages/airflow/example_dags/example_skip_dag.py for tasks to queue
[2023-10-11T03:51:42.665+0000] {logging_mixin.py:151} INFO - [2023-10-11T03:51:42.665+0000] {dagbag.py:539} INFO - Filling up the DagBag from /home/airflow/.local/lib/python3.8/site-packages/airflow/example_dags/example_skip_dag.py
[2023-10-11T03:51:42.675+0000] {processor.py:839} INFO - DAG(s) dict_keys(['example_skip_dag']) retrieved from /home/airflow/.local/lib/python3.8/site-packages/airflow/example_dags/example_skip_dag.py
[2023-10-11T03:51:42.701+0000] {logging_mixin.py:151} INFO - [2023-10-11T03:51:42.701+0000] {dag.py:2915} INFO - Sync 1 DAGs
[2023-10-11T03:51:42.720+0000] {logging_mixin.py:151} INFO - [2023-10-11T03:51:42.720+0000] {dag.py:3696} INFO - Setting next_dagrun for example_skip_dag to 2023-10-10T03:51:42.720419+00:00, run_after=2023-10-11T03:51:42.720419+00:00
[2023-10-11T03:51:42.740+0000] {processor.py:179} INFO - Processing /home/airflow/.local/lib/python3.8/site-packages/airflow/example_dags/example_skip_dag.py took 0.083 seconds
[2023-10-11T03:52:12.955+0000] {processor.py:157} INFO - Started process (PID=1507) to work on /home/airflow/.local/lib/python3.8/site-packages/airflow/example_dags/example_skip_dag.py
[2023-10-11T03:52:12.956+0000] {processor.py:829} INFO - Processing file /home/airflow/.local/lib/python3.8/site-packages/airflow/example_dags/example_skip_dag.py for tasks to queue
[2023-10-11T03:52:12.959+0000] {logging_mixin.py:151} INFO - [2023-10-11T03:52:12.958+0000] {dagbag.py:539} INFO - Filling up the DagBag from /home/airflow/.local/lib/python3.8/site-packages/airflow/example_dags/example_skip_dag.py
[2023-10-11T03:52:12.966+0000] {processor.py:839} INFO - DAG(s) dict_keys(['example_skip_dag']) retrieved from /home/airflow/.local/lib/python3.8/site-packages/airflow/example_dags/example_skip_dag.py
[2023-10-11T03:52:12.986+0000] {logging_mixin.py:151} INFO - [2023-10-11T03:52:12.986+0000] {dag.py:2915} INFO - Sync 1 DAGs
[2023-10-11T03:52:13.005+0000] {logging_mixin.py:151} INFO - [2023-10-11T03:52:13.004+0000] {dag.py:3696} INFO - Setting next_dagrun for example_skip_dag to 2023-10-10T03:52:13.004551+00:00, run_after=2023-10-11T03:52:13.004551+00:00
[2023-10-11T03:52:13.025+0000] {processor.py:179} INFO - Processing /home/airflow/.local/lib/python3.8/site-packages/airflow/example_dags/example_skip_dag.py took 0.074 seconds
[2023-10-11T03:52:43.296+0000] {processor.py:157} INFO - Started process (PID=1564) to work on /home/airflow/.local/lib/python3.8/site-packages/airflow/example_dags/example_skip_dag.py
[2023-10-11T03:52:43.298+0000] {processor.py:829} INFO - Processing file /home/airflow/.local/lib/python3.8/site-packages/airflow/example_dags/example_skip_dag.py for tasks to queue
[2023-10-11T03:52:43.301+0000] {logging_mixin.py:151} INFO - [2023-10-11T03:52:43.301+0000] {dagbag.py:539} INFO - Filling up the DagBag from /home/airflow/.local/lib/python3.8/site-packages/airflow/example_dags/example_skip_dag.py
[2023-10-11T03:52:43.307+0000] {processor.py:839} INFO - DAG(s) dict_keys(['example_skip_dag']) retrieved from /home/airflow/.local/lib/python3.8/site-packages/airflow/example_dags/example_skip_dag.py
[2023-10-11T03:52:43.331+0000] {logging_mixin.py:151} INFO - [2023-10-11T03:52:43.330+0000] {dag.py:2915} INFO - Sync 1 DAGs
[2023-10-11T03:52:43.350+0000] {logging_mixin.py:151} INFO - [2023-10-11T03:52:43.350+0000] {dag.py:3696} INFO - Setting next_dagrun for example_skip_dag to 2023-10-10T03:52:43.350176+00:00, run_after=2023-10-11T03:52:43.350176+00:00
[2023-10-11T03:52:43.370+0000] {processor.py:179} INFO - Processing /home/airflow/.local/lib/python3.8/site-packages/airflow/example_dags/example_skip_dag.py took 0.076 seconds
[2023-10-11T03:53:13.575+0000] {processor.py:157} INFO - Started process (PID=1621) to work on /home/airflow/.local/lib/python3.8/site-packages/airflow/example_dags/example_skip_dag.py
[2023-10-11T03:53:13.576+0000] {processor.py:829} INFO - Processing file /home/airflow/.local/lib/python3.8/site-packages/airflow/example_dags/example_skip_dag.py for tasks to queue
[2023-10-11T03:53:13.578+0000] {logging_mixin.py:151} INFO - [2023-10-11T03:53:13.578+0000] {dagbag.py:539} INFO - Filling up the DagBag from /home/airflow/.local/lib/python3.8/site-packages/airflow/example_dags/example_skip_dag.py
[2023-10-11T03:53:13.587+0000] {processor.py:839} INFO - DAG(s) dict_keys(['example_skip_dag']) retrieved from /home/airflow/.local/lib/python3.8/site-packages/airflow/example_dags/example_skip_dag.py
[2023-10-11T03:53:13.609+0000] {logging_mixin.py:151} INFO - [2023-10-11T03:53:13.609+0000] {dag.py:2915} INFO - Sync 1 DAGs
[2023-10-11T03:53:13.629+0000] {logging_mixin.py:151} INFO - [2023-10-11T03:53:13.629+0000] {dag.py:3696} INFO - Setting next_dagrun for example_skip_dag to 2023-10-10T03:53:13.628762+00:00, run_after=2023-10-11T03:53:13.628762+00:00
[2023-10-11T03:53:13.651+0000] {processor.py:179} INFO - Processing /home/airflow/.local/lib/python3.8/site-packages/airflow/example_dags/example_skip_dag.py took 0.079 seconds
[2023-10-11T03:53:44.075+0000] {processor.py:157} INFO - Started process (PID=1678) to work on /home/airflow/.local/lib/python3.8/site-packages/airflow/example_dags/example_skip_dag.py
[2023-10-11T03:53:44.076+0000] {processor.py:829} INFO - Processing file /home/airflow/.local/lib/python3.8/site-packages/airflow/example_dags/example_skip_dag.py for tasks to queue
[2023-10-11T03:53:44.079+0000] {logging_mixin.py:151} INFO - [2023-10-11T03:53:44.079+0000] {dagbag.py:539} INFO - Filling up the DagBag from /home/airflow/.local/lib/python3.8/site-packages/airflow/example_dags/example_skip_dag.py
[2023-10-11T03:53:44.086+0000] {processor.py:839} INFO - DAG(s) dict_keys(['example_skip_dag']) retrieved from /home/airflow/.local/lib/python3.8/site-packages/airflow/example_dags/example_skip_dag.py
[2023-10-11T03:53:44.109+0000] {logging_mixin.py:151} INFO - [2023-10-11T03:53:44.108+0000] {dag.py:2915} INFO - Sync 1 DAGs
[2023-10-11T03:53:44.127+0000] {logging_mixin.py:151} INFO - [2023-10-11T03:53:44.127+0000] {dag.py:3696} INFO - Setting next_dagrun for example_skip_dag to 2023-10-10T03:53:44.127592+00:00, run_after=2023-10-11T03:53:44.127592+00:00
[2023-10-11T03:53:44.153+0000] {processor.py:179} INFO - Processing /home/airflow/.local/lib/python3.8/site-packages/airflow/example_dags/example_skip_dag.py took 0.080 seconds
[2023-10-11T03:54:14.400+0000] {processor.py:157} INFO - Started process (PID=1735) to work on /home/airflow/.local/lib/python3.8/site-packages/airflow/example_dags/example_skip_dag.py
[2023-10-11T03:54:14.402+0000] {processor.py:829} INFO - Processing file /home/airflow/.local/lib/python3.8/site-packages/airflow/example_dags/example_skip_dag.py for tasks to queue
[2023-10-11T03:54:14.404+0000] {logging_mixin.py:151} INFO - [2023-10-11T03:54:14.404+0000] {dagbag.py:539} INFO - Filling up the DagBag from /home/airflow/.local/lib/python3.8/site-packages/airflow/example_dags/example_skip_dag.py
[2023-10-11T03:54:14.411+0000] {processor.py:839} INFO - DAG(s) dict_keys(['example_skip_dag']) retrieved from /home/airflow/.local/lib/python3.8/site-packages/airflow/example_dags/example_skip_dag.py
[2023-10-11T03:54:14.434+0000] {logging_mixin.py:151} INFO - [2023-10-11T03:54:14.434+0000] {dag.py:2915} INFO - Sync 1 DAGs
[2023-10-11T03:54:14.454+0000] {logging_mixin.py:151} INFO - [2023-10-11T03:54:14.454+0000] {dag.py:3696} INFO - Setting next_dagrun for example_skip_dag to 2023-10-10T03:54:14.454335+00:00, run_after=2023-10-11T03:54:14.454335+00:00
[2023-10-11T03:54:14.478+0000] {processor.py:179} INFO - Processing /home/airflow/.local/lib/python3.8/site-packages/airflow/example_dags/example_skip_dag.py took 0.080 seconds
[2023-10-11T03:54:44.612+0000] {processor.py:157} INFO - Started process (PID=1792) to work on /home/airflow/.local/lib/python3.8/site-packages/airflow/example_dags/example_skip_dag.py
[2023-10-11T03:54:44.613+0000] {processor.py:829} INFO - Processing file /home/airflow/.local/lib/python3.8/site-packages/airflow/example_dags/example_skip_dag.py for tasks to queue
[2023-10-11T03:54:44.616+0000] {logging_mixin.py:151} INFO - [2023-10-11T03:54:44.616+0000] {dagbag.py:539} INFO - Filling up the DagBag from /home/airflow/.local/lib/python3.8/site-packages/airflow/example_dags/example_skip_dag.py
[2023-10-11T03:54:44.623+0000] {processor.py:839} INFO - DAG(s) dict_keys(['example_skip_dag']) retrieved from /home/airflow/.local/lib/python3.8/site-packages/airflow/example_dags/example_skip_dag.py
[2023-10-11T03:54:44.644+0000] {logging_mixin.py:151} INFO - [2023-10-11T03:54:44.644+0000] {dag.py:2915} INFO - Sync 1 DAGs
[2023-10-11T03:54:44.664+0000] {logging_mixin.py:151} INFO - [2023-10-11T03:54:44.664+0000] {dag.py:3696} INFO - Setting next_dagrun for example_skip_dag to 2023-10-10T03:54:44.663968+00:00, run_after=2023-10-11T03:54:44.663968+00:00
[2023-10-11T03:54:44.685+0000] {processor.py:179} INFO - Processing /home/airflow/.local/lib/python3.8/site-packages/airflow/example_dags/example_skip_dag.py took 0.078 seconds
[2023-10-11T03:55:15.076+0000] {processor.py:157} INFO - Started process (PID=1849) to work on /home/airflow/.local/lib/python3.8/site-packages/airflow/example_dags/example_skip_dag.py
[2023-10-11T03:55:15.077+0000] {processor.py:829} INFO - Processing file /home/airflow/.local/lib/python3.8/site-packages/airflow/example_dags/example_skip_dag.py for tasks to queue
[2023-10-11T03:55:15.079+0000] {logging_mixin.py:151} INFO - [2023-10-11T03:55:15.079+0000] {dagbag.py:539} INFO - Filling up the DagBag from /home/airflow/.local/lib/python3.8/site-packages/airflow/example_dags/example_skip_dag.py
[2023-10-11T03:55:15.085+0000] {processor.py:839} INFO - DAG(s) dict_keys(['example_skip_dag']) retrieved from /home/airflow/.local/lib/python3.8/site-packages/airflow/example_dags/example_skip_dag.py
[2023-10-11T03:55:15.107+0000] {logging_mixin.py:151} INFO - [2023-10-11T03:55:15.107+0000] {dag.py:2915} INFO - Sync 1 DAGs
[2023-10-11T03:55:15.127+0000] {logging_mixin.py:151} INFO - [2023-10-11T03:55:15.127+0000] {dag.py:3696} INFO - Setting next_dagrun for example_skip_dag to 2023-10-10T03:55:15.127025+00:00, run_after=2023-10-11T03:55:15.127025+00:00
[2023-10-11T03:55:15.148+0000] {processor.py:179} INFO - Processing /home/airflow/.local/lib/python3.8/site-packages/airflow/example_dags/example_skip_dag.py took 0.075 seconds
[2023-10-11T03:55:45.317+0000] {processor.py:157} INFO - Started process (PID=1906) to work on /home/airflow/.local/lib/python3.8/site-packages/airflow/example_dags/example_skip_dag.py
[2023-10-11T03:55:45.318+0000] {processor.py:829} INFO - Processing file /home/airflow/.local/lib/python3.8/site-packages/airflow/example_dags/example_skip_dag.py for tasks to queue
[2023-10-11T03:55:45.321+0000] {logging_mixin.py:151} INFO - [2023-10-11T03:55:45.321+0000] {dagbag.py:539} INFO - Filling up the DagBag from /home/airflow/.local/lib/python3.8/site-packages/airflow/example_dags/example_skip_dag.py
[2023-10-11T03:55:45.328+0000] {processor.py:839} INFO - DAG(s) dict_keys(['example_skip_dag']) retrieved from /home/airflow/.local/lib/python3.8/site-packages/airflow/example_dags/example_skip_dag.py
[2023-10-11T03:55:45.349+0000] {logging_mixin.py:151} INFO - [2023-10-11T03:55:45.349+0000] {dag.py:2915} INFO - Sync 1 DAGs
[2023-10-11T03:55:45.366+0000] {logging_mixin.py:151} INFO - [2023-10-11T03:55:45.366+0000] {dag.py:3696} INFO - Setting next_dagrun for example_skip_dag to 2023-10-10T03:55:45.366279+00:00, run_after=2023-10-11T03:55:45.366279+00:00
[2023-10-11T03:55:45.386+0000] {processor.py:179} INFO - Processing /home/airflow/.local/lib/python3.8/site-packages/airflow/example_dags/example_skip_dag.py took 0.073 seconds
[2023-10-11T03:56:16.178+0000] {processor.py:157} INFO - Started process (PID=1963) to work on /home/airflow/.local/lib/python3.8/site-packages/airflow/example_dags/example_skip_dag.py
[2023-10-11T03:56:16.181+0000] {processor.py:829} INFO - Processing file /home/airflow/.local/lib/python3.8/site-packages/airflow/example_dags/example_skip_dag.py for tasks to queue
[2023-10-11T03:56:16.187+0000] {logging_mixin.py:151} INFO - [2023-10-11T03:56:16.186+0000] {dagbag.py:539} INFO - Filling up the DagBag from /home/airflow/.local/lib/python3.8/site-packages/airflow/example_dags/example_skip_dag.py
[2023-10-11T03:56:16.196+0000] {processor.py:839} INFO - DAG(s) dict_keys(['example_skip_dag']) retrieved from /home/airflow/.local/lib/python3.8/site-packages/airflow/example_dags/example_skip_dag.py
[2023-10-11T03:56:16.234+0000] {logging_mixin.py:151} INFO - [2023-10-11T03:56:16.234+0000] {dag.py:2915} INFO - Sync 1 DAGs
[2023-10-11T03:56:16.265+0000] {logging_mixin.py:151} INFO - [2023-10-11T03:56:16.265+0000] {dag.py:3696} INFO - Setting next_dagrun for example_skip_dag to 2023-10-10T03:56:16.264909+00:00, run_after=2023-10-11T03:56:16.264909+00:00
[2023-10-11T03:56:16.298+0000] {processor.py:179} INFO - Processing /home/airflow/.local/lib/python3.8/site-packages/airflow/example_dags/example_skip_dag.py took 0.125 seconds
[2023-10-11T03:56:46.447+0000] {processor.py:157} INFO - Started process (PID=2020) to work on /home/airflow/.local/lib/python3.8/site-packages/airflow/example_dags/example_skip_dag.py
[2023-10-11T03:56:46.449+0000] {processor.py:829} INFO - Processing file /home/airflow/.local/lib/python3.8/site-packages/airflow/example_dags/example_skip_dag.py for tasks to queue
[2023-10-11T03:56:46.452+0000] {logging_mixin.py:151} INFO - [2023-10-11T03:56:46.451+0000] {dagbag.py:539} INFO - Filling up the DagBag from /home/airflow/.local/lib/python3.8/site-packages/airflow/example_dags/example_skip_dag.py
[2023-10-11T03:56:46.459+0000] {processor.py:839} INFO - DAG(s) dict_keys(['example_skip_dag']) retrieved from /home/airflow/.local/lib/python3.8/site-packages/airflow/example_dags/example_skip_dag.py
[2023-10-11T03:56:46.485+0000] {logging_mixin.py:151} INFO - [2023-10-11T03:56:46.485+0000] {dag.py:2915} INFO - Sync 1 DAGs
[2023-10-11T03:56:46.512+0000] {logging_mixin.py:151} INFO - [2023-10-11T03:56:46.512+0000] {dag.py:3696} INFO - Setting next_dagrun for example_skip_dag to 2023-10-10T03:56:46.511941+00:00, run_after=2023-10-11T03:56:46.511941+00:00
[2023-10-11T03:56:46.531+0000] {processor.py:179} INFO - Processing /home/airflow/.local/lib/python3.8/site-packages/airflow/example_dags/example_skip_dag.py took 0.088 seconds
[2023-10-11T03:57:16.958+0000] {processor.py:157} INFO - Started process (PID=2077) to work on /home/airflow/.local/lib/python3.8/site-packages/airflow/example_dags/example_skip_dag.py
[2023-10-11T03:57:16.960+0000] {processor.py:829} INFO - Processing file /home/airflow/.local/lib/python3.8/site-packages/airflow/example_dags/example_skip_dag.py for tasks to queue
[2023-10-11T03:57:16.965+0000] {logging_mixin.py:151} INFO - [2023-10-11T03:57:16.964+0000] {dagbag.py:539} INFO - Filling up the DagBag from /home/airflow/.local/lib/python3.8/site-packages/airflow/example_dags/example_skip_dag.py
[2023-10-11T03:57:16.975+0000] {processor.py:839} INFO - DAG(s) dict_keys(['example_skip_dag']) retrieved from /home/airflow/.local/lib/python3.8/site-packages/airflow/example_dags/example_skip_dag.py
[2023-10-11T03:57:17.024+0000] {logging_mixin.py:151} INFO - [2023-10-11T03:57:17.023+0000] {dag.py:2915} INFO - Sync 1 DAGs
[2023-10-11T03:57:17.075+0000] {logging_mixin.py:151} INFO - [2023-10-11T03:57:17.075+0000] {dag.py:3696} INFO - Setting next_dagrun for example_skip_dag to 2023-10-10T03:57:17.074537+00:00, run_after=2023-10-11T03:57:17.074537+00:00
[2023-10-11T03:57:17.128+0000] {processor.py:179} INFO - Processing /home/airflow/.local/lib/python3.8/site-packages/airflow/example_dags/example_skip_dag.py took 0.180 seconds
[2023-10-11T03:57:47.667+0000] {processor.py:157} INFO - Started process (PID=2134) to work on /home/airflow/.local/lib/python3.8/site-packages/airflow/example_dags/example_skip_dag.py
[2023-10-11T03:57:47.669+0000] {processor.py:829} INFO - Processing file /home/airflow/.local/lib/python3.8/site-packages/airflow/example_dags/example_skip_dag.py for tasks to queue
[2023-10-11T03:57:47.672+0000] {logging_mixin.py:151} INFO - [2023-10-11T03:57:47.671+0000] {dagbag.py:539} INFO - Filling up the DagBag from /home/airflow/.local/lib/python3.8/site-packages/airflow/example_dags/example_skip_dag.py
[2023-10-11T03:57:47.679+0000] {processor.py:839} INFO - DAG(s) dict_keys(['example_skip_dag']) retrieved from /home/airflow/.local/lib/python3.8/site-packages/airflow/example_dags/example_skip_dag.py
[2023-10-11T03:57:47.701+0000] {logging_mixin.py:151} INFO - [2023-10-11T03:57:47.701+0000] {dag.py:2915} INFO - Sync 1 DAGs
[2023-10-11T03:57:47.719+0000] {logging_mixin.py:151} INFO - [2023-10-11T03:57:47.719+0000] {dag.py:3696} INFO - Setting next_dagrun for example_skip_dag to 2023-10-10T03:57:47.719303+00:00, run_after=2023-10-11T03:57:47.719303+00:00
[2023-10-11T03:57:47.740+0000] {processor.py:179} INFO - Processing /home/airflow/.local/lib/python3.8/site-packages/airflow/example_dags/example_skip_dag.py took 0.077 seconds
[2023-10-11T03:58:17.984+0000] {processor.py:157} INFO - Started process (PID=2191) to work on /home/airflow/.local/lib/python3.8/site-packages/airflow/example_dags/example_skip_dag.py
[2023-10-11T03:58:17.985+0000] {processor.py:829} INFO - Processing file /home/airflow/.local/lib/python3.8/site-packages/airflow/example_dags/example_skip_dag.py for tasks to queue
[2023-10-11T03:58:17.988+0000] {logging_mixin.py:151} INFO - [2023-10-11T03:58:17.988+0000] {dagbag.py:539} INFO - Filling up the DagBag from /home/airflow/.local/lib/python3.8/site-packages/airflow/example_dags/example_skip_dag.py
[2023-10-11T03:58:17.997+0000] {processor.py:839} INFO - DAG(s) dict_keys(['example_skip_dag']) retrieved from /home/airflow/.local/lib/python3.8/site-packages/airflow/example_dags/example_skip_dag.py
[2023-10-11T03:58:18.021+0000] {logging_mixin.py:151} INFO - [2023-10-11T03:58:18.021+0000] {dag.py:2915} INFO - Sync 1 DAGs
[2023-10-11T03:58:18.038+0000] {logging_mixin.py:151} INFO - [2023-10-11T03:58:18.038+0000] {dag.py:3696} INFO - Setting next_dagrun for example_skip_dag to 2023-10-10T03:58:18.038214+00:00, run_after=2023-10-11T03:58:18.038214+00:00
[2023-10-11T03:58:18.058+0000] {processor.py:179} INFO - Processing /home/airflow/.local/lib/python3.8/site-packages/airflow/example_dags/example_skip_dag.py took 0.078 seconds
[2023-10-11T03:58:49.016+0000] {processor.py:157} INFO - Started process (PID=2248) to work on /home/airflow/.local/lib/python3.8/site-packages/airflow/example_dags/example_skip_dag.py
[2023-10-11T03:58:49.018+0000] {processor.py:829} INFO - Processing file /home/airflow/.local/lib/python3.8/site-packages/airflow/example_dags/example_skip_dag.py for tasks to queue
[2023-10-11T03:58:49.020+0000] {logging_mixin.py:151} INFO - [2023-10-11T03:58:49.020+0000] {dagbag.py:539} INFO - Filling up the DagBag from /home/airflow/.local/lib/python3.8/site-packages/airflow/example_dags/example_skip_dag.py
[2023-10-11T03:58:49.027+0000] {processor.py:839} INFO - DAG(s) dict_keys(['example_skip_dag']) retrieved from /home/airflow/.local/lib/python3.8/site-packages/airflow/example_dags/example_skip_dag.py
[2023-10-11T03:58:49.048+0000] {logging_mixin.py:151} INFO - [2023-10-11T03:58:49.048+0000] {dag.py:2915} INFO - Sync 1 DAGs
[2023-10-11T03:58:49.067+0000] {logging_mixin.py:151} INFO - [2023-10-11T03:58:49.067+0000] {dag.py:3696} INFO - Setting next_dagrun for example_skip_dag to 2023-10-10T03:58:49.067619+00:00, run_after=2023-10-11T03:58:49.067619+00:00
[2023-10-11T03:58:49.087+0000] {processor.py:179} INFO - Processing /home/airflow/.local/lib/python3.8/site-packages/airflow/example_dags/example_skip_dag.py took 0.074 seconds
[2023-10-11T03:59:19.682+0000] {processor.py:157} INFO - Started process (PID=2305) to work on /home/airflow/.local/lib/python3.8/site-packages/airflow/example_dags/example_skip_dag.py
[2023-10-11T03:59:19.684+0000] {processor.py:829} INFO - Processing file /home/airflow/.local/lib/python3.8/site-packages/airflow/example_dags/example_skip_dag.py for tasks to queue
[2023-10-11T03:59:19.686+0000] {logging_mixin.py:151} INFO - [2023-10-11T03:59:19.686+0000] {dagbag.py:539} INFO - Filling up the DagBag from /home/airflow/.local/lib/python3.8/site-packages/airflow/example_dags/example_skip_dag.py
[2023-10-11T03:59:19.692+0000] {processor.py:839} INFO - DAG(s) dict_keys(['example_skip_dag']) retrieved from /home/airflow/.local/lib/python3.8/site-packages/airflow/example_dags/example_skip_dag.py
[2023-10-11T03:59:19.714+0000] {logging_mixin.py:151} INFO - [2023-10-11T03:59:19.714+0000] {dag.py:2915} INFO - Sync 1 DAGs
[2023-10-11T03:59:19.732+0000] {logging_mixin.py:151} INFO - [2023-10-11T03:59:19.732+0000] {dag.py:3696} INFO - Setting next_dagrun for example_skip_dag to 2023-10-10T03:59:19.732079+00:00, run_after=2023-10-11T03:59:19.732079+00:00
[2023-10-11T03:59:19.754+0000] {processor.py:179} INFO - Processing /home/airflow/.local/lib/python3.8/site-packages/airflow/example_dags/example_skip_dag.py took 0.075 seconds
[2023-10-11T03:59:50.144+0000] {processor.py:157} INFO - Started process (PID=2362) to work on /home/airflow/.local/lib/python3.8/site-packages/airflow/example_dags/example_skip_dag.py
[2023-10-11T03:59:50.146+0000] {processor.py:829} INFO - Processing file /home/airflow/.local/lib/python3.8/site-packages/airflow/example_dags/example_skip_dag.py for tasks to queue
[2023-10-11T03:59:50.149+0000] {logging_mixin.py:151} INFO - [2023-10-11T03:59:50.148+0000] {dagbag.py:539} INFO - Filling up the DagBag from /home/airflow/.local/lib/python3.8/site-packages/airflow/example_dags/example_skip_dag.py
[2023-10-11T03:59:50.156+0000] {processor.py:839} INFO - DAG(s) dict_keys(['example_skip_dag']) retrieved from /home/airflow/.local/lib/python3.8/site-packages/airflow/example_dags/example_skip_dag.py
[2023-10-11T03:59:50.177+0000] {logging_mixin.py:151} INFO - [2023-10-11T03:59:50.177+0000] {dag.py:2915} INFO - Sync 1 DAGs
[2023-10-11T03:59:50.196+0000] {logging_mixin.py:151} INFO - [2023-10-11T03:59:50.196+0000] {dag.py:3696} INFO - Setting next_dagrun for example_skip_dag to 2023-10-10T03:59:50.196082+00:00, run_after=2023-10-11T03:59:50.196082+00:00
[2023-10-11T03:59:50.215+0000] {processor.py:179} INFO - Processing /home/airflow/.local/lib/python3.8/site-packages/airflow/example_dags/example_skip_dag.py took 0.075 seconds
[2023-10-11T04:00:20.588+0000] {processor.py:157} INFO - Started process (PID=2419) to work on /home/airflow/.local/lib/python3.8/site-packages/airflow/example_dags/example_skip_dag.py
[2023-10-11T04:00:20.589+0000] {processor.py:829} INFO - Processing file /home/airflow/.local/lib/python3.8/site-packages/airflow/example_dags/example_skip_dag.py for tasks to queue
[2023-10-11T04:00:20.592+0000] {logging_mixin.py:151} INFO - [2023-10-11T04:00:20.592+0000] {dagbag.py:539} INFO - Filling up the DagBag from /home/airflow/.local/lib/python3.8/site-packages/airflow/example_dags/example_skip_dag.py
[2023-10-11T04:00:20.599+0000] {processor.py:839} INFO - DAG(s) dict_keys(['example_skip_dag']) retrieved from /home/airflow/.local/lib/python3.8/site-packages/airflow/example_dags/example_skip_dag.py
[2023-10-11T04:00:20.622+0000] {logging_mixin.py:151} INFO - [2023-10-11T04:00:20.622+0000] {dag.py:2915} INFO - Sync 1 DAGs
[2023-10-11T04:00:20.641+0000] {logging_mixin.py:151} INFO - [2023-10-11T04:00:20.640+0000] {dag.py:3696} INFO - Setting next_dagrun for example_skip_dag to 2023-10-10T04:00:20.640589+00:00, run_after=2023-10-11T04:00:20.640589+00:00
[2023-10-11T04:00:20.663+0000] {processor.py:179} INFO - Processing /home/airflow/.local/lib/python3.8/site-packages/airflow/example_dags/example_skip_dag.py took 0.078 seconds
[2023-10-11T04:00:50.940+0000] {processor.py:157} INFO - Started process (PID=2476) to work on /home/airflow/.local/lib/python3.8/site-packages/airflow/example_dags/example_skip_dag.py
[2023-10-11T04:00:50.942+0000] {processor.py:829} INFO - Processing file /home/airflow/.local/lib/python3.8/site-packages/airflow/example_dags/example_skip_dag.py for tasks to queue
[2023-10-11T04:00:50.945+0000] {logging_mixin.py:151} INFO - [2023-10-11T04:00:50.944+0000] {dagbag.py:539} INFO - Filling up the DagBag from /home/airflow/.local/lib/python3.8/site-packages/airflow/example_dags/example_skip_dag.py
[2023-10-11T04:00:50.953+0000] {processor.py:839} INFO - DAG(s) dict_keys(['example_skip_dag']) retrieved from /home/airflow/.local/lib/python3.8/site-packages/airflow/example_dags/example_skip_dag.py
[2023-10-11T04:00:50.974+0000] {logging_mixin.py:151} INFO - [2023-10-11T04:00:50.974+0000] {dag.py:2915} INFO - Sync 1 DAGs
[2023-10-11T04:00:50.993+0000] {logging_mixin.py:151} INFO - [2023-10-11T04:00:50.993+0000] {dag.py:3696} INFO - Setting next_dagrun for example_skip_dag to 2023-10-10T04:00:50.993063+00:00, run_after=2023-10-11T04:00:50.993063+00:00
[2023-10-11T04:00:51.012+0000] {processor.py:179} INFO - Processing /home/airflow/.local/lib/python3.8/site-packages/airflow/example_dags/example_skip_dag.py took 0.075 seconds
[2023-10-11T04:01:21.456+0000] {processor.py:157} INFO - Started process (PID=2533) to work on /home/airflow/.local/lib/python3.8/site-packages/airflow/example_dags/example_skip_dag.py
[2023-10-11T04:01:21.458+0000] {processor.py:829} INFO - Processing file /home/airflow/.local/lib/python3.8/site-packages/airflow/example_dags/example_skip_dag.py for tasks to queue
[2023-10-11T04:01:21.460+0000] {logging_mixin.py:151} INFO - [2023-10-11T04:01:21.460+0000] {dagbag.py:539} INFO - Filling up the DagBag from /home/airflow/.local/lib/python3.8/site-packages/airflow/example_dags/example_skip_dag.py
[2023-10-11T04:01:21.466+0000] {processor.py:839} INFO - DAG(s) dict_keys(['example_skip_dag']) retrieved from /home/airflow/.local/lib/python3.8/site-packages/airflow/example_dags/example_skip_dag.py
[2023-10-11T04:01:21.490+0000] {logging_mixin.py:151} INFO - [2023-10-11T04:01:21.490+0000] {dag.py:2915} INFO - Sync 1 DAGs
[2023-10-11T04:01:21.507+0000] {logging_mixin.py:151} INFO - [2023-10-11T04:01:21.507+0000] {dag.py:3696} INFO - Setting next_dagrun for example_skip_dag to 2023-10-10T04:01:21.506948+00:00, run_after=2023-10-11T04:01:21.506948+00:00
[2023-10-11T04:01:21.526+0000] {processor.py:179} INFO - Processing /home/airflow/.local/lib/python3.8/site-packages/airflow/example_dags/example_skip_dag.py took 0.073 seconds
[2023-10-11T04:01:51.611+0000] {processor.py:157} INFO - Started process (PID=2590) to work on /home/airflow/.local/lib/python3.8/site-packages/airflow/example_dags/example_skip_dag.py
[2023-10-11T04:01:51.612+0000] {processor.py:829} INFO - Processing file /home/airflow/.local/lib/python3.8/site-packages/airflow/example_dags/example_skip_dag.py for tasks to queue
[2023-10-11T04:01:51.615+0000] {logging_mixin.py:151} INFO - [2023-10-11T04:01:51.615+0000] {dagbag.py:539} INFO - Filling up the DagBag from /home/airflow/.local/lib/python3.8/site-packages/airflow/example_dags/example_skip_dag.py
[2023-10-11T04:01:51.621+0000] {processor.py:839} INFO - DAG(s) dict_keys(['example_skip_dag']) retrieved from /home/airflow/.local/lib/python3.8/site-packages/airflow/example_dags/example_skip_dag.py
[2023-10-11T04:01:51.641+0000] {logging_mixin.py:151} INFO - [2023-10-11T04:01:51.641+0000] {dag.py:2915} INFO - Sync 1 DAGs
[2023-10-11T04:01:51.658+0000] {logging_mixin.py:151} INFO - [2023-10-11T04:01:51.658+0000] {dag.py:3696} INFO - Setting next_dagrun for example_skip_dag to 2023-10-10T04:01:51.658204+00:00, run_after=2023-10-11T04:01:51.658204+00:00
[2023-10-11T04:01:51.678+0000] {processor.py:179} INFO - Processing /home/airflow/.local/lib/python3.8/site-packages/airflow/example_dags/example_skip_dag.py took 0.070 seconds
[2023-10-11T04:02:22.182+0000] {processor.py:157} INFO - Started process (PID=2647) to work on /home/airflow/.local/lib/python3.8/site-packages/airflow/example_dags/example_skip_dag.py
[2023-10-11T04:02:22.184+0000] {processor.py:829} INFO - Processing file /home/airflow/.local/lib/python3.8/site-packages/airflow/example_dags/example_skip_dag.py for tasks to queue
[2023-10-11T04:02:22.187+0000] {logging_mixin.py:151} INFO - [2023-10-11T04:02:22.187+0000] {dagbag.py:539} INFO - Filling up the DagBag from /home/airflow/.local/lib/python3.8/site-packages/airflow/example_dags/example_skip_dag.py
[2023-10-11T04:02:22.197+0000] {processor.py:839} INFO - DAG(s) dict_keys(['example_skip_dag']) retrieved from /home/airflow/.local/lib/python3.8/site-packages/airflow/example_dags/example_skip_dag.py
[2023-10-11T04:02:22.227+0000] {logging_mixin.py:151} INFO - [2023-10-11T04:02:22.226+0000] {dag.py:2915} INFO - Sync 1 DAGs
[2023-10-11T04:02:22.253+0000] {logging_mixin.py:151} INFO - [2023-10-11T04:02:22.253+0000] {dag.py:3696} INFO - Setting next_dagrun for example_skip_dag to 2023-10-10T04:02:22.253266+00:00, run_after=2023-10-11T04:02:22.253266+00:00
[2023-10-11T04:02:22.276+0000] {processor.py:179} INFO - Processing /home/airflow/.local/lib/python3.8/site-packages/airflow/example_dags/example_skip_dag.py took 0.098 seconds
[2023-10-11T04:02:53.212+0000] {processor.py:157} INFO - Started process (PID=2704) to work on /home/airflow/.local/lib/python3.8/site-packages/airflow/example_dags/example_skip_dag.py
[2023-10-11T04:02:53.214+0000] {processor.py:829} INFO - Processing file /home/airflow/.local/lib/python3.8/site-packages/airflow/example_dags/example_skip_dag.py for tasks to queue
[2023-10-11T04:02:53.216+0000] {logging_mixin.py:151} INFO - [2023-10-11T04:02:53.216+0000] {dagbag.py:539} INFO - Filling up the DagBag from /home/airflow/.local/lib/python3.8/site-packages/airflow/example_dags/example_skip_dag.py
[2023-10-11T04:02:53.223+0000] {processor.py:839} INFO - DAG(s) dict_keys(['example_skip_dag']) retrieved from /home/airflow/.local/lib/python3.8/site-packages/airflow/example_dags/example_skip_dag.py
[2023-10-11T04:02:53.243+0000] {logging_mixin.py:151} INFO - [2023-10-11T04:02:53.243+0000] {dag.py:2915} INFO - Sync 1 DAGs
[2023-10-11T04:02:53.261+0000] {logging_mixin.py:151} INFO - [2023-10-11T04:02:53.261+0000] {dag.py:3696} INFO - Setting next_dagrun for example_skip_dag to 2023-10-10T04:02:53.261447+00:00, run_after=2023-10-11T04:02:53.261447+00:00
[2023-10-11T04:02:53.282+0000] {processor.py:179} INFO - Processing /home/airflow/.local/lib/python3.8/site-packages/airflow/example_dags/example_skip_dag.py took 0.073 seconds
[2023-10-11T04:03:23.433+0000] {processor.py:157} INFO - Started process (PID=2761) to work on /home/airflow/.local/lib/python3.8/site-packages/airflow/example_dags/example_skip_dag.py
[2023-10-11T04:03:23.436+0000] {processor.py:829} INFO - Processing file /home/airflow/.local/lib/python3.8/site-packages/airflow/example_dags/example_skip_dag.py for tasks to queue
[2023-10-11T04:03:23.441+0000] {logging_mixin.py:151} INFO - [2023-10-11T04:03:23.440+0000] {dagbag.py:539} INFO - Filling up the DagBag from /home/airflow/.local/lib/python3.8/site-packages/airflow/example_dags/example_skip_dag.py
[2023-10-11T04:03:23.451+0000] {processor.py:839} INFO - DAG(s) dict_keys(['example_skip_dag']) retrieved from /home/airflow/.local/lib/python3.8/site-packages/airflow/example_dags/example_skip_dag.py
[2023-10-11T04:03:23.496+0000] {logging_mixin.py:151} INFO - [2023-10-11T04:03:23.496+0000] {dag.py:2915} INFO - Sync 1 DAGs
[2023-10-11T04:03:23.532+0000] {logging_mixin.py:151} INFO - [2023-10-11T04:03:23.532+0000] {dag.py:3696} INFO - Setting next_dagrun for example_skip_dag to 2023-10-10T04:03:23.531877+00:00, run_after=2023-10-11T04:03:23.531877+00:00
[2023-10-11T04:03:23.582+0000] {processor.py:179} INFO - Processing /home/airflow/.local/lib/python3.8/site-packages/airflow/example_dags/example_skip_dag.py took 0.156 seconds
[2023-10-11T04:03:54.259+0000] {processor.py:157} INFO - Started process (PID=2821) to work on /home/airflow/.local/lib/python3.8/site-packages/airflow/example_dags/example_skip_dag.py
[2023-10-11T04:03:54.261+0000] {processor.py:829} INFO - Processing file /home/airflow/.local/lib/python3.8/site-packages/airflow/example_dags/example_skip_dag.py for tasks to queue
[2023-10-11T04:03:54.263+0000] {logging_mixin.py:151} INFO - [2023-10-11T04:03:54.263+0000] {dagbag.py:539} INFO - Filling up the DagBag from /home/airflow/.local/lib/python3.8/site-packages/airflow/example_dags/example_skip_dag.py
[2023-10-11T04:03:54.270+0000] {processor.py:839} INFO - DAG(s) dict_keys(['example_skip_dag']) retrieved from /home/airflow/.local/lib/python3.8/site-packages/airflow/example_dags/example_skip_dag.py
[2023-10-11T04:03:54.292+0000] {logging_mixin.py:151} INFO - [2023-10-11T04:03:54.292+0000] {dag.py:2915} INFO - Sync 1 DAGs
[2023-10-11T04:03:54.309+0000] {logging_mixin.py:151} INFO - [2023-10-11T04:03:54.309+0000] {dag.py:3696} INFO - Setting next_dagrun for example_skip_dag to 2023-10-10T04:03:54.309551+00:00, run_after=2023-10-11T04:03:54.309551+00:00
[2023-10-11T04:03:54.330+0000] {processor.py:179} INFO - Processing /home/airflow/.local/lib/python3.8/site-packages/airflow/example_dags/example_skip_dag.py took 0.073 seconds
[2023-10-11T04:04:24.431+0000] {processor.py:157} INFO - Started process (PID=2886) to work on /home/airflow/.local/lib/python3.8/site-packages/airflow/example_dags/example_skip_dag.py
[2023-10-11T04:04:24.432+0000] {processor.py:829} INFO - Processing file /home/airflow/.local/lib/python3.8/site-packages/airflow/example_dags/example_skip_dag.py for tasks to queue
[2023-10-11T04:04:24.435+0000] {logging_mixin.py:151} INFO - [2023-10-11T04:04:24.434+0000] {dagbag.py:539} INFO - Filling up the DagBag from /home/airflow/.local/lib/python3.8/site-packages/airflow/example_dags/example_skip_dag.py
[2023-10-11T04:04:24.440+0000] {processor.py:839} INFO - DAG(s) dict_keys(['example_skip_dag']) retrieved from /home/airflow/.local/lib/python3.8/site-packages/airflow/example_dags/example_skip_dag.py
[2023-10-11T04:04:24.463+0000] {logging_mixin.py:151} INFO - [2023-10-11T04:04:24.462+0000] {dag.py:2915} INFO - Sync 1 DAGs
[2023-10-11T04:04:24.482+0000] {logging_mixin.py:151} INFO - [2023-10-11T04:04:24.482+0000] {dag.py:3696} INFO - Setting next_dagrun for example_skip_dag to 2023-10-10T04:04:24.482186+00:00, run_after=2023-10-11T04:04:24.482186+00:00
[2023-10-11T04:04:24.501+0000] {processor.py:179} INFO - Processing /home/airflow/.local/lib/python3.8/site-packages/airflow/example_dags/example_skip_dag.py took 0.074 seconds
