[2023-10-11T03:39:29.789+0000] {processor.py:157} INFO - Started process (PID=83) to work on /home/airflow/.local/lib/python3.8/site-packages/airflow/example_dags/example_latest_only_with_trigger.py
[2023-10-11T03:39:29.792+0000] {processor.py:829} INFO - Processing file /home/airflow/.local/lib/python3.8/site-packages/airflow/example_dags/example_latest_only_with_trigger.py for tasks to queue
[2023-10-11T03:39:29.797+0000] {logging_mixin.py:151} INFO - [2023-10-11T03:39:29.796+0000] {dagbag.py:539} INFO - Filling up the DagBag from /home/airflow/.local/lib/python3.8/site-packages/airflow/example_dags/example_latest_only_with_trigger.py
[2023-10-11T03:39:29.807+0000] {processor.py:839} INFO - DAG(s) dict_keys(['latest_only_with_trigger']) retrieved from /home/airflow/.local/lib/python3.8/site-packages/airflow/example_dags/example_latest_only_with_trigger.py
[2023-10-11T03:39:29.843+0000] {logging_mixin.py:151} INFO - [2023-10-11T03:39:29.843+0000] {dag.py:2915} INFO - Sync 1 DAGs
[2023-10-11T03:39:29.880+0000] {logging_mixin.py:151} INFO - [2023-10-11T03:39:29.880+0000] {dag.py:3696} INFO - Setting next_dagrun for latest_only_with_trigger to 2023-10-10T23:39:29.880300+00:00, run_after=2023-10-11T03:39:29.880300+00:00
[2023-10-11T03:39:29.915+0000] {processor.py:179} INFO - Processing /home/airflow/.local/lib/python3.8/site-packages/airflow/example_dags/example_latest_only_with_trigger.py took 0.130 seconds
[2023-10-11T03:40:00.187+0000] {processor.py:157} INFO - Started process (PID=140) to work on /home/airflow/.local/lib/python3.8/site-packages/airflow/example_dags/example_latest_only_with_trigger.py
[2023-10-11T03:40:00.190+0000] {processor.py:829} INFO - Processing file /home/airflow/.local/lib/python3.8/site-packages/airflow/example_dags/example_latest_only_with_trigger.py for tasks to queue
[2023-10-11T03:40:00.192+0000] {logging_mixin.py:151} INFO - [2023-10-11T03:40:00.192+0000] {dagbag.py:539} INFO - Filling up the DagBag from /home/airflow/.local/lib/python3.8/site-packages/airflow/example_dags/example_latest_only_with_trigger.py
[2023-10-11T03:40:00.197+0000] {processor.py:839} INFO - DAG(s) dict_keys(['latest_only_with_trigger']) retrieved from /home/airflow/.local/lib/python3.8/site-packages/airflow/example_dags/example_latest_only_with_trigger.py
[2023-10-11T03:40:00.217+0000] {logging_mixin.py:151} INFO - [2023-10-11T03:40:00.217+0000] {dag.py:2915} INFO - Sync 1 DAGs
[2023-10-11T03:40:00.235+0000] {logging_mixin.py:151} INFO - [2023-10-11T03:40:00.234+0000] {dag.py:3696} INFO - Setting next_dagrun for latest_only_with_trigger to 2023-10-10T23:40:00.234552+00:00, run_after=2023-10-11T03:40:00.234552+00:00
[2023-10-11T03:40:00.256+0000] {processor.py:179} INFO - Processing /home/airflow/.local/lib/python3.8/site-packages/airflow/example_dags/example_latest_only_with_trigger.py took 0.072 seconds
[2023-10-11T03:40:30.926+0000] {processor.py:157} INFO - Started process (PID=197) to work on /home/airflow/.local/lib/python3.8/site-packages/airflow/example_dags/example_latest_only_with_trigger.py
[2023-10-11T03:40:30.928+0000] {processor.py:829} INFO - Processing file /home/airflow/.local/lib/python3.8/site-packages/airflow/example_dags/example_latest_only_with_trigger.py for tasks to queue
[2023-10-11T03:40:30.930+0000] {logging_mixin.py:151} INFO - [2023-10-11T03:40:30.930+0000] {dagbag.py:539} INFO - Filling up the DagBag from /home/airflow/.local/lib/python3.8/site-packages/airflow/example_dags/example_latest_only_with_trigger.py
[2023-10-11T03:40:30.935+0000] {processor.py:839} INFO - DAG(s) dict_keys(['latest_only_with_trigger']) retrieved from /home/airflow/.local/lib/python3.8/site-packages/airflow/example_dags/example_latest_only_with_trigger.py
[2023-10-11T03:40:30.957+0000] {logging_mixin.py:151} INFO - [2023-10-11T03:40:30.957+0000] {dag.py:2915} INFO - Sync 1 DAGs
[2023-10-11T03:40:30.975+0000] {logging_mixin.py:151} INFO - [2023-10-11T03:40:30.975+0000] {dag.py:3696} INFO - Setting next_dagrun for latest_only_with_trigger to 2023-10-10T23:40:30.975522+00:00, run_after=2023-10-11T03:40:30.975522+00:00
[2023-10-11T03:40:30.996+0000] {processor.py:179} INFO - Processing /home/airflow/.local/lib/python3.8/site-packages/airflow/example_dags/example_latest_only_with_trigger.py took 0.073 seconds
[2023-10-11T03:41:01.664+0000] {processor.py:157} INFO - Started process (PID=254) to work on /home/airflow/.local/lib/python3.8/site-packages/airflow/example_dags/example_latest_only_with_trigger.py
[2023-10-11T03:41:01.665+0000] {processor.py:829} INFO - Processing file /home/airflow/.local/lib/python3.8/site-packages/airflow/example_dags/example_latest_only_with_trigger.py for tasks to queue
[2023-10-11T03:41:01.668+0000] {logging_mixin.py:151} INFO - [2023-10-11T03:41:01.667+0000] {dagbag.py:539} INFO - Filling up the DagBag from /home/airflow/.local/lib/python3.8/site-packages/airflow/example_dags/example_latest_only_with_trigger.py
[2023-10-11T03:41:01.673+0000] {processor.py:839} INFO - DAG(s) dict_keys(['latest_only_with_trigger']) retrieved from /home/airflow/.local/lib/python3.8/site-packages/airflow/example_dags/example_latest_only_with_trigger.py
[2023-10-11T03:41:01.693+0000] {logging_mixin.py:151} INFO - [2023-10-11T03:41:01.693+0000] {dag.py:2915} INFO - Sync 1 DAGs
[2023-10-11T03:41:01.714+0000] {logging_mixin.py:151} INFO - [2023-10-11T03:41:01.714+0000] {dag.py:3696} INFO - Setting next_dagrun for latest_only_with_trigger to 2023-10-10T23:41:01.714056+00:00, run_after=2023-10-11T03:41:01.714056+00:00
[2023-10-11T03:41:01.735+0000] {processor.py:179} INFO - Processing /home/airflow/.local/lib/python3.8/site-packages/airflow/example_dags/example_latest_only_with_trigger.py took 0.075 seconds
[2023-10-11T03:41:32.641+0000] {processor.py:157} INFO - Started process (PID=311) to work on /home/airflow/.local/lib/python3.8/site-packages/airflow/example_dags/example_latest_only_with_trigger.py
[2023-10-11T03:41:32.646+0000] {processor.py:829} INFO - Processing file /home/airflow/.local/lib/python3.8/site-packages/airflow/example_dags/example_latest_only_with_trigger.py for tasks to queue
[2023-10-11T03:41:32.650+0000] {logging_mixin.py:151} INFO - [2023-10-11T03:41:32.649+0000] {dagbag.py:539} INFO - Filling up the DagBag from /home/airflow/.local/lib/python3.8/site-packages/airflow/example_dags/example_latest_only_with_trigger.py
[2023-10-11T03:41:32.659+0000] {processor.py:839} INFO - DAG(s) dict_keys(['latest_only_with_trigger']) retrieved from /home/airflow/.local/lib/python3.8/site-packages/airflow/example_dags/example_latest_only_with_trigger.py
[2023-10-11T03:41:32.704+0000] {logging_mixin.py:151} INFO - [2023-10-11T03:41:32.702+0000] {dag.py:2915} INFO - Sync 1 DAGs
[2023-10-11T03:41:32.751+0000] {logging_mixin.py:151} INFO - [2023-10-11T03:41:32.750+0000] {dag.py:3696} INFO - Setting next_dagrun for latest_only_with_trigger to 2023-10-10T23:41:32.750686+00:00, run_after=2023-10-11T03:41:32.750686+00:00
[2023-10-11T03:41:32.803+0000] {processor.py:179} INFO - Processing /home/airflow/.local/lib/python3.8/site-packages/airflow/example_dags/example_latest_only_with_trigger.py took 0.169 seconds
[2023-10-11T03:42:03.282+0000] {processor.py:157} INFO - Started process (PID=368) to work on /home/airflow/.local/lib/python3.8/site-packages/airflow/example_dags/example_latest_only_with_trigger.py
[2023-10-11T03:42:03.285+0000] {processor.py:829} INFO - Processing file /home/airflow/.local/lib/python3.8/site-packages/airflow/example_dags/example_latest_only_with_trigger.py for tasks to queue
[2023-10-11T03:42:03.290+0000] {logging_mixin.py:151} INFO - [2023-10-11T03:42:03.290+0000] {dagbag.py:539} INFO - Filling up the DagBag from /home/airflow/.local/lib/python3.8/site-packages/airflow/example_dags/example_latest_only_with_trigger.py
[2023-10-11T03:42:03.301+0000] {processor.py:839} INFO - DAG(s) dict_keys(['latest_only_with_trigger']) retrieved from /home/airflow/.local/lib/python3.8/site-packages/airflow/example_dags/example_latest_only_with_trigger.py
[2023-10-11T03:42:03.345+0000] {logging_mixin.py:151} INFO - [2023-10-11T03:42:03.344+0000] {dag.py:2915} INFO - Sync 1 DAGs
[2023-10-11T03:42:03.384+0000] {logging_mixin.py:151} INFO - [2023-10-11T03:42:03.384+0000] {dag.py:3696} INFO - Setting next_dagrun for latest_only_with_trigger to 2023-10-10T23:42:03.383676+00:00, run_after=2023-10-11T03:42:03.383676+00:00
[2023-10-11T03:42:03.419+0000] {processor.py:179} INFO - Processing /home/airflow/.local/lib/python3.8/site-packages/airflow/example_dags/example_latest_only_with_trigger.py took 0.144 seconds
[2023-10-11T03:42:33.803+0000] {processor.py:157} INFO - Started process (PID=425) to work on /home/airflow/.local/lib/python3.8/site-packages/airflow/example_dags/example_latest_only_with_trigger.py
[2023-10-11T03:42:33.804+0000] {processor.py:829} INFO - Processing file /home/airflow/.local/lib/python3.8/site-packages/airflow/example_dags/example_latest_only_with_trigger.py for tasks to queue
[2023-10-11T03:42:33.807+0000] {logging_mixin.py:151} INFO - [2023-10-11T03:42:33.806+0000] {dagbag.py:539} INFO - Filling up the DagBag from /home/airflow/.local/lib/python3.8/site-packages/airflow/example_dags/example_latest_only_with_trigger.py
[2023-10-11T03:42:33.811+0000] {processor.py:839} INFO - DAG(s) dict_keys(['latest_only_with_trigger']) retrieved from /home/airflow/.local/lib/python3.8/site-packages/airflow/example_dags/example_latest_only_with_trigger.py
[2023-10-11T03:42:33.834+0000] {logging_mixin.py:151} INFO - [2023-10-11T03:42:33.834+0000] {dag.py:2915} INFO - Sync 1 DAGs
[2023-10-11T03:42:33.855+0000] {logging_mixin.py:151} INFO - [2023-10-11T03:42:33.855+0000] {dag.py:3696} INFO - Setting next_dagrun for latest_only_with_trigger to 2023-10-10T23:42:33.854652+00:00, run_after=2023-10-11T03:42:33.854652+00:00
[2023-10-11T03:42:33.875+0000] {processor.py:179} INFO - Processing /home/airflow/.local/lib/python3.8/site-packages/airflow/example_dags/example_latest_only_with_trigger.py took 0.075 seconds
[2023-10-11T03:43:04.231+0000] {processor.py:157} INFO - Started process (PID=481) to work on /home/airflow/.local/lib/python3.8/site-packages/airflow/example_dags/example_latest_only_with_trigger.py
[2023-10-11T03:43:04.233+0000] {processor.py:829} INFO - Processing file /home/airflow/.local/lib/python3.8/site-packages/airflow/example_dags/example_latest_only_with_trigger.py for tasks to queue
[2023-10-11T03:43:04.236+0000] {logging_mixin.py:151} INFO - [2023-10-11T03:43:04.236+0000] {dagbag.py:539} INFO - Filling up the DagBag from /home/airflow/.local/lib/python3.8/site-packages/airflow/example_dags/example_latest_only_with_trigger.py
[2023-10-11T03:43:04.241+0000] {processor.py:839} INFO - DAG(s) dict_keys(['latest_only_with_trigger']) retrieved from /home/airflow/.local/lib/python3.8/site-packages/airflow/example_dags/example_latest_only_with_trigger.py
[2023-10-11T03:43:04.268+0000] {logging_mixin.py:151} INFO - [2023-10-11T03:43:04.268+0000] {dag.py:2915} INFO - Sync 1 DAGs
[2023-10-11T03:43:04.290+0000] {logging_mixin.py:151} INFO - [2023-10-11T03:43:04.290+0000] {dag.py:3696} INFO - Setting next_dagrun for latest_only_with_trigger to 2023-10-10T23:43:04.289978+00:00, run_after=2023-10-11T03:43:04.289978+00:00
[2023-10-11T03:43:04.317+0000] {processor.py:179} INFO - Processing /home/airflow/.local/lib/python3.8/site-packages/airflow/example_dags/example_latest_only_with_trigger.py took 0.090 seconds
[2023-10-11T03:43:35.103+0000] {processor.py:157} INFO - Started process (PID=538) to work on /home/airflow/.local/lib/python3.8/site-packages/airflow/example_dags/example_latest_only_with_trigger.py
[2023-10-11T03:43:35.105+0000] {processor.py:829} INFO - Processing file /home/airflow/.local/lib/python3.8/site-packages/airflow/example_dags/example_latest_only_with_trigger.py for tasks to queue
[2023-10-11T03:43:35.109+0000] {logging_mixin.py:151} INFO - [2023-10-11T03:43:35.109+0000] {dagbag.py:539} INFO - Filling up the DagBag from /home/airflow/.local/lib/python3.8/site-packages/airflow/example_dags/example_latest_only_with_trigger.py
[2023-10-11T03:43:35.116+0000] {processor.py:839} INFO - DAG(s) dict_keys(['latest_only_with_trigger']) retrieved from /home/airflow/.local/lib/python3.8/site-packages/airflow/example_dags/example_latest_only_with_trigger.py
[2023-10-11T03:43:35.142+0000] {logging_mixin.py:151} INFO - [2023-10-11T03:43:35.142+0000] {dag.py:2915} INFO - Sync 1 DAGs
[2023-10-11T03:43:35.165+0000] {logging_mixin.py:151} INFO - [2023-10-11T03:43:35.165+0000] {dag.py:3696} INFO - Setting next_dagrun for latest_only_with_trigger to 2023-10-10T23:43:35.165104+00:00, run_after=2023-10-11T03:43:35.165104+00:00
[2023-10-11T03:43:35.191+0000] {processor.py:179} INFO - Processing /home/airflow/.local/lib/python3.8/site-packages/airflow/example_dags/example_latest_only_with_trigger.py took 0.092 seconds
[2023-10-11T03:44:05.991+0000] {processor.py:157} INFO - Started process (PID=595) to work on /home/airflow/.local/lib/python3.8/site-packages/airflow/example_dags/example_latest_only_with_trigger.py
[2023-10-11T03:44:05.993+0000] {processor.py:829} INFO - Processing file /home/airflow/.local/lib/python3.8/site-packages/airflow/example_dags/example_latest_only_with_trigger.py for tasks to queue
[2023-10-11T03:44:05.997+0000] {logging_mixin.py:151} INFO - [2023-10-11T03:44:05.996+0000] {dagbag.py:539} INFO - Filling up the DagBag from /home/airflow/.local/lib/python3.8/site-packages/airflow/example_dags/example_latest_only_with_trigger.py
[2023-10-11T03:44:06.009+0000] {processor.py:839} INFO - DAG(s) dict_keys(['latest_only_with_trigger']) retrieved from /home/airflow/.local/lib/python3.8/site-packages/airflow/example_dags/example_latest_only_with_trigger.py
[2023-10-11T03:44:06.050+0000] {logging_mixin.py:151} INFO - [2023-10-11T03:44:06.049+0000] {dag.py:2915} INFO - Sync 1 DAGs
[2023-10-11T03:44:06.083+0000] {logging_mixin.py:151} INFO - [2023-10-11T03:44:06.083+0000] {dag.py:3696} INFO - Setting next_dagrun for latest_only_with_trigger to 2023-10-10T23:44:06.083401+00:00, run_after=2023-10-11T03:44:06.083401+00:00
[2023-10-11T03:44:06.112+0000] {processor.py:179} INFO - Processing /home/airflow/.local/lib/python3.8/site-packages/airflow/example_dags/example_latest_only_with_trigger.py took 0.127 seconds
[2023-10-11T03:44:36.232+0000] {processor.py:157} INFO - Started process (PID=652) to work on /home/airflow/.local/lib/python3.8/site-packages/airflow/example_dags/example_latest_only_with_trigger.py
[2023-10-11T03:44:36.234+0000] {processor.py:829} INFO - Processing file /home/airflow/.local/lib/python3.8/site-packages/airflow/example_dags/example_latest_only_with_trigger.py for tasks to queue
[2023-10-11T03:44:36.236+0000] {logging_mixin.py:151} INFO - [2023-10-11T03:44:36.236+0000] {dagbag.py:539} INFO - Filling up the DagBag from /home/airflow/.local/lib/python3.8/site-packages/airflow/example_dags/example_latest_only_with_trigger.py
[2023-10-11T03:44:36.242+0000] {processor.py:839} INFO - DAG(s) dict_keys(['latest_only_with_trigger']) retrieved from /home/airflow/.local/lib/python3.8/site-packages/airflow/example_dags/example_latest_only_with_trigger.py
[2023-10-11T03:44:36.266+0000] {logging_mixin.py:151} INFO - [2023-10-11T03:44:36.265+0000] {dag.py:2915} INFO - Sync 1 DAGs
[2023-10-11T03:44:36.299+0000] {logging_mixin.py:151} INFO - [2023-10-11T03:44:36.298+0000] {dag.py:3696} INFO - Setting next_dagrun for latest_only_with_trigger to 2023-10-10T23:44:36.298055+00:00, run_after=2023-10-11T03:44:36.298055+00:00
[2023-10-11T03:44:36.324+0000] {processor.py:179} INFO - Processing /home/airflow/.local/lib/python3.8/site-packages/airflow/example_dags/example_latest_only_with_trigger.py took 0.096 seconds
[2023-10-11T03:45:07.118+0000] {processor.py:157} INFO - Started process (PID=716) to work on /home/airflow/.local/lib/python3.8/site-packages/airflow/example_dags/example_latest_only_with_trigger.py
[2023-10-11T03:45:07.121+0000] {processor.py:829} INFO - Processing file /home/airflow/.local/lib/python3.8/site-packages/airflow/example_dags/example_latest_only_with_trigger.py for tasks to queue
[2023-10-11T03:45:07.125+0000] {logging_mixin.py:151} INFO - [2023-10-11T03:45:07.125+0000] {dagbag.py:539} INFO - Filling up the DagBag from /home/airflow/.local/lib/python3.8/site-packages/airflow/example_dags/example_latest_only_with_trigger.py
[2023-10-11T03:45:07.136+0000] {processor.py:839} INFO - DAG(s) dict_keys(['latest_only_with_trigger']) retrieved from /home/airflow/.local/lib/python3.8/site-packages/airflow/example_dags/example_latest_only_with_trigger.py
[2023-10-11T03:45:07.183+0000] {logging_mixin.py:151} INFO - [2023-10-11T03:45:07.182+0000] {dag.py:2915} INFO - Sync 1 DAGs
[2023-10-11T03:45:07.219+0000] {logging_mixin.py:151} INFO - [2023-10-11T03:45:07.219+0000] {dag.py:3696} INFO - Setting next_dagrun for latest_only_with_trigger to 2023-10-10T23:45:07.218956+00:00, run_after=2023-10-11T03:45:07.218956+00:00
[2023-10-11T03:45:07.257+0000] {processor.py:179} INFO - Processing /home/airflow/.local/lib/python3.8/site-packages/airflow/example_dags/example_latest_only_with_trigger.py took 0.144 seconds
[2023-10-11T03:45:37.464+0000] {processor.py:157} INFO - Started process (PID=773) to work on /home/airflow/.local/lib/python3.8/site-packages/airflow/example_dags/example_latest_only_with_trigger.py
[2023-10-11T03:45:37.466+0000] {processor.py:829} INFO - Processing file /home/airflow/.local/lib/python3.8/site-packages/airflow/example_dags/example_latest_only_with_trigger.py for tasks to queue
[2023-10-11T03:45:37.469+0000] {logging_mixin.py:151} INFO - [2023-10-11T03:45:37.468+0000] {dagbag.py:539} INFO - Filling up the DagBag from /home/airflow/.local/lib/python3.8/site-packages/airflow/example_dags/example_latest_only_with_trigger.py
[2023-10-11T03:45:37.474+0000] {processor.py:839} INFO - DAG(s) dict_keys(['latest_only_with_trigger']) retrieved from /home/airflow/.local/lib/python3.8/site-packages/airflow/example_dags/example_latest_only_with_trigger.py
[2023-10-11T03:45:37.504+0000] {logging_mixin.py:151} INFO - [2023-10-11T03:45:37.504+0000] {dag.py:2915} INFO - Sync 1 DAGs
[2023-10-11T03:45:37.523+0000] {logging_mixin.py:151} INFO - [2023-10-11T03:45:37.523+0000] {dag.py:3696} INFO - Setting next_dagrun for latest_only_with_trigger to 2023-10-10T23:45:37.523290+00:00, run_after=2023-10-11T03:45:37.523290+00:00
[2023-10-11T03:45:37.545+0000] {processor.py:179} INFO - Processing /home/airflow/.local/lib/python3.8/site-packages/airflow/example_dags/example_latest_only_with_trigger.py took 0.084 seconds
[2023-10-11T03:46:07.764+0000] {processor.py:157} INFO - Started process (PID=830) to work on /home/airflow/.local/lib/python3.8/site-packages/airflow/example_dags/example_latest_only_with_trigger.py
[2023-10-11T03:46:07.766+0000] {processor.py:829} INFO - Processing file /home/airflow/.local/lib/python3.8/site-packages/airflow/example_dags/example_latest_only_with_trigger.py for tasks to queue
[2023-10-11T03:46:07.769+0000] {logging_mixin.py:151} INFO - [2023-10-11T03:46:07.769+0000] {dagbag.py:539} INFO - Filling up the DagBag from /home/airflow/.local/lib/python3.8/site-packages/airflow/example_dags/example_latest_only_with_trigger.py
[2023-10-11T03:46:07.776+0000] {processor.py:839} INFO - DAG(s) dict_keys(['latest_only_with_trigger']) retrieved from /home/airflow/.local/lib/python3.8/site-packages/airflow/example_dags/example_latest_only_with_trigger.py
[2023-10-11T03:46:07.797+0000] {logging_mixin.py:151} INFO - [2023-10-11T03:46:07.797+0000] {dag.py:2915} INFO - Sync 1 DAGs
[2023-10-11T03:46:07.816+0000] {logging_mixin.py:151} INFO - [2023-10-11T03:46:07.816+0000] {dag.py:3696} INFO - Setting next_dagrun for latest_only_with_trigger to 2023-10-10T23:46:07.815860+00:00, run_after=2023-10-11T03:46:07.815860+00:00
[2023-10-11T03:46:07.836+0000] {processor.py:179} INFO - Processing /home/airflow/.local/lib/python3.8/site-packages/airflow/example_dags/example_latest_only_with_trigger.py took 0.074 seconds
[2023-10-11T03:46:38.864+0000] {processor.py:157} INFO - Started process (PID=887) to work on /home/airflow/.local/lib/python3.8/site-packages/airflow/example_dags/example_latest_only_with_trigger.py
[2023-10-11T03:46:38.866+0000] {processor.py:829} INFO - Processing file /home/airflow/.local/lib/python3.8/site-packages/airflow/example_dags/example_latest_only_with_trigger.py for tasks to queue
[2023-10-11T03:46:38.868+0000] {logging_mixin.py:151} INFO - [2023-10-11T03:46:38.868+0000] {dagbag.py:539} INFO - Filling up the DagBag from /home/airflow/.local/lib/python3.8/site-packages/airflow/example_dags/example_latest_only_with_trigger.py
[2023-10-11T03:46:38.875+0000] {processor.py:839} INFO - DAG(s) dict_keys(['latest_only_with_trigger']) retrieved from /home/airflow/.local/lib/python3.8/site-packages/airflow/example_dags/example_latest_only_with_trigger.py
[2023-10-11T03:46:38.896+0000] {logging_mixin.py:151} INFO - [2023-10-11T03:46:38.896+0000] {dag.py:2915} INFO - Sync 1 DAGs
[2023-10-11T03:46:38.918+0000] {logging_mixin.py:151} INFO - [2023-10-11T03:46:38.917+0000] {dag.py:3696} INFO - Setting next_dagrun for latest_only_with_trigger to 2023-10-10T23:46:38.917698+00:00, run_after=2023-10-11T03:46:38.917698+00:00
[2023-10-11T03:46:38.937+0000] {processor.py:179} INFO - Processing /home/airflow/.local/lib/python3.8/site-packages/airflow/example_dags/example_latest_only_with_trigger.py took 0.075 seconds
[2023-10-11T03:47:09.237+0000] {processor.py:157} INFO - Started process (PID=944) to work on /home/airflow/.local/lib/python3.8/site-packages/airflow/example_dags/example_latest_only_with_trigger.py
[2023-10-11T03:47:09.239+0000] {processor.py:829} INFO - Processing file /home/airflow/.local/lib/python3.8/site-packages/airflow/example_dags/example_latest_only_with_trigger.py for tasks to queue
[2023-10-11T03:47:09.241+0000] {logging_mixin.py:151} INFO - [2023-10-11T03:47:09.240+0000] {dagbag.py:539} INFO - Filling up the DagBag from /home/airflow/.local/lib/python3.8/site-packages/airflow/example_dags/example_latest_only_with_trigger.py
[2023-10-11T03:47:09.246+0000] {processor.py:839} INFO - DAG(s) dict_keys(['latest_only_with_trigger']) retrieved from /home/airflow/.local/lib/python3.8/site-packages/airflow/example_dags/example_latest_only_with_trigger.py
[2023-10-11T03:47:09.272+0000] {logging_mixin.py:151} INFO - [2023-10-11T03:47:09.272+0000] {dag.py:2915} INFO - Sync 1 DAGs
[2023-10-11T03:47:09.294+0000] {logging_mixin.py:151} INFO - [2023-10-11T03:47:09.294+0000] {dag.py:3696} INFO - Setting next_dagrun for latest_only_with_trigger to 2023-10-10T23:47:09.294183+00:00, run_after=2023-10-11T03:47:09.294183+00:00
[2023-10-11T03:47:09.315+0000] {processor.py:179} INFO - Processing /home/airflow/.local/lib/python3.8/site-packages/airflow/example_dags/example_latest_only_with_trigger.py took 0.082 seconds
[2023-10-11T03:47:39.495+0000] {processor.py:157} INFO - Started process (PID=1001) to work on /home/airflow/.local/lib/python3.8/site-packages/airflow/example_dags/example_latest_only_with_trigger.py
[2023-10-11T03:47:39.497+0000] {processor.py:829} INFO - Processing file /home/airflow/.local/lib/python3.8/site-packages/airflow/example_dags/example_latest_only_with_trigger.py for tasks to queue
[2023-10-11T03:47:39.499+0000] {logging_mixin.py:151} INFO - [2023-10-11T03:47:39.499+0000] {dagbag.py:539} INFO - Filling up the DagBag from /home/airflow/.local/lib/python3.8/site-packages/airflow/example_dags/example_latest_only_with_trigger.py
[2023-10-11T03:47:39.506+0000] {processor.py:839} INFO - DAG(s) dict_keys(['latest_only_with_trigger']) retrieved from /home/airflow/.local/lib/python3.8/site-packages/airflow/example_dags/example_latest_only_with_trigger.py
[2023-10-11T03:47:39.530+0000] {logging_mixin.py:151} INFO - [2023-10-11T03:47:39.529+0000] {dag.py:2915} INFO - Sync 1 DAGs
[2023-10-11T03:47:39.549+0000] {logging_mixin.py:151} INFO - [2023-10-11T03:47:39.549+0000] {dag.py:3696} INFO - Setting next_dagrun for latest_only_with_trigger to 2023-10-10T23:47:39.549455+00:00, run_after=2023-10-11T03:47:39.549455+00:00
[2023-10-11T03:47:39.570+0000] {processor.py:179} INFO - Processing /home/airflow/.local/lib/python3.8/site-packages/airflow/example_dags/example_latest_only_with_trigger.py took 0.077 seconds
[2023-10-11T03:48:09.980+0000] {processor.py:157} INFO - Started process (PID=1058) to work on /home/airflow/.local/lib/python3.8/site-packages/airflow/example_dags/example_latest_only_with_trigger.py
[2023-10-11T03:48:09.981+0000] {processor.py:829} INFO - Processing file /home/airflow/.local/lib/python3.8/site-packages/airflow/example_dags/example_latest_only_with_trigger.py for tasks to queue
[2023-10-11T03:48:09.985+0000] {logging_mixin.py:151} INFO - [2023-10-11T03:48:09.984+0000] {dagbag.py:539} INFO - Filling up the DagBag from /home/airflow/.local/lib/python3.8/site-packages/airflow/example_dags/example_latest_only_with_trigger.py
[2023-10-11T03:48:09.992+0000] {processor.py:839} INFO - DAG(s) dict_keys(['latest_only_with_trigger']) retrieved from /home/airflow/.local/lib/python3.8/site-packages/airflow/example_dags/example_latest_only_with_trigger.py
[2023-10-11T03:48:10.015+0000] {logging_mixin.py:151} INFO - [2023-10-11T03:48:10.015+0000] {dag.py:2915} INFO - Sync 1 DAGs
[2023-10-11T03:48:10.036+0000] {logging_mixin.py:151} INFO - [2023-10-11T03:48:10.035+0000] {dag.py:3696} INFO - Setting next_dagrun for latest_only_with_trigger to 2023-10-10T23:48:10.035354+00:00, run_after=2023-10-11T03:48:10.035354+00:00
[2023-10-11T03:48:10.057+0000] {processor.py:179} INFO - Processing /home/airflow/.local/lib/python3.8/site-packages/airflow/example_dags/example_latest_only_with_trigger.py took 0.081 seconds
[2023-10-11T03:48:40.387+0000] {processor.py:157} INFO - Started process (PID=1115) to work on /home/airflow/.local/lib/python3.8/site-packages/airflow/example_dags/example_latest_only_with_trigger.py
[2023-10-11T03:48:40.389+0000] {processor.py:829} INFO - Processing file /home/airflow/.local/lib/python3.8/site-packages/airflow/example_dags/example_latest_only_with_trigger.py for tasks to queue
[2023-10-11T03:48:40.392+0000] {logging_mixin.py:151} INFO - [2023-10-11T03:48:40.391+0000] {dagbag.py:539} INFO - Filling up the DagBag from /home/airflow/.local/lib/python3.8/site-packages/airflow/example_dags/example_latest_only_with_trigger.py
[2023-10-11T03:48:40.398+0000] {processor.py:839} INFO - DAG(s) dict_keys(['latest_only_with_trigger']) retrieved from /home/airflow/.local/lib/python3.8/site-packages/airflow/example_dags/example_latest_only_with_trigger.py
[2023-10-11T03:48:40.421+0000] {logging_mixin.py:151} INFO - [2023-10-11T03:48:40.420+0000] {dag.py:2915} INFO - Sync 1 DAGs
[2023-10-11T03:48:40.442+0000] {logging_mixin.py:151} INFO - [2023-10-11T03:48:40.442+0000] {dag.py:3696} INFO - Setting next_dagrun for latest_only_with_trigger to 2023-10-10T23:48:40.442283+00:00, run_after=2023-10-11T03:48:40.442283+00:00
[2023-10-11T03:48:40.463+0000] {processor.py:179} INFO - Processing /home/airflow/.local/lib/python3.8/site-packages/airflow/example_dags/example_latest_only_with_trigger.py took 0.080 seconds
[2023-10-11T03:49:10.885+0000] {processor.py:157} INFO - Started process (PID=1172) to work on /home/airflow/.local/lib/python3.8/site-packages/airflow/example_dags/example_latest_only_with_trigger.py
[2023-10-11T03:49:10.888+0000] {processor.py:829} INFO - Processing file /home/airflow/.local/lib/python3.8/site-packages/airflow/example_dags/example_latest_only_with_trigger.py for tasks to queue
[2023-10-11T03:49:10.891+0000] {logging_mixin.py:151} INFO - [2023-10-11T03:49:10.891+0000] {dagbag.py:539} INFO - Filling up the DagBag from /home/airflow/.local/lib/python3.8/site-packages/airflow/example_dags/example_latest_only_with_trigger.py
[2023-10-11T03:49:10.895+0000] {processor.py:839} INFO - DAG(s) dict_keys(['latest_only_with_trigger']) retrieved from /home/airflow/.local/lib/python3.8/site-packages/airflow/example_dags/example_latest_only_with_trigger.py
[2023-10-11T03:49:10.920+0000] {logging_mixin.py:151} INFO - [2023-10-11T03:49:10.920+0000] {dag.py:2915} INFO - Sync 1 DAGs
[2023-10-11T03:49:10.942+0000] {logging_mixin.py:151} INFO - [2023-10-11T03:49:10.942+0000] {dag.py:3696} INFO - Setting next_dagrun for latest_only_with_trigger to 2023-10-10T23:49:10.941953+00:00, run_after=2023-10-11T03:49:10.941953+00:00
[2023-10-11T03:49:10.967+0000] {processor.py:179} INFO - Processing /home/airflow/.local/lib/python3.8/site-packages/airflow/example_dags/example_latest_only_with_trigger.py took 0.084 seconds
[2023-10-11T03:49:41.501+0000] {processor.py:157} INFO - Started process (PID=1229) to work on /home/airflow/.local/lib/python3.8/site-packages/airflow/example_dags/example_latest_only_with_trigger.py
[2023-10-11T03:49:41.503+0000] {processor.py:829} INFO - Processing file /home/airflow/.local/lib/python3.8/site-packages/airflow/example_dags/example_latest_only_with_trigger.py for tasks to queue
[2023-10-11T03:49:41.505+0000] {logging_mixin.py:151} INFO - [2023-10-11T03:49:41.505+0000] {dagbag.py:539} INFO - Filling up the DagBag from /home/airflow/.local/lib/python3.8/site-packages/airflow/example_dags/example_latest_only_with_trigger.py
[2023-10-11T03:49:41.512+0000] {processor.py:839} INFO - DAG(s) dict_keys(['latest_only_with_trigger']) retrieved from /home/airflow/.local/lib/python3.8/site-packages/airflow/example_dags/example_latest_only_with_trigger.py
[2023-10-11T03:49:41.537+0000] {logging_mixin.py:151} INFO - [2023-10-11T03:49:41.537+0000] {dag.py:2915} INFO - Sync 1 DAGs
[2023-10-11T03:49:41.558+0000] {logging_mixin.py:151} INFO - [2023-10-11T03:49:41.558+0000] {dag.py:3696} INFO - Setting next_dagrun for latest_only_with_trigger to 2023-10-10T23:49:41.558402+00:00, run_after=2023-10-11T03:49:41.558402+00:00
[2023-10-11T03:49:41.583+0000] {processor.py:179} INFO - Processing /home/airflow/.local/lib/python3.8/site-packages/airflow/example_dags/example_latest_only_with_trigger.py took 0.085 seconds
[2023-10-11T03:50:11.948+0000] {processor.py:157} INFO - Started process (PID=1286) to work on /home/airflow/.local/lib/python3.8/site-packages/airflow/example_dags/example_latest_only_with_trigger.py
[2023-10-11T03:50:11.949+0000] {processor.py:829} INFO - Processing file /home/airflow/.local/lib/python3.8/site-packages/airflow/example_dags/example_latest_only_with_trigger.py for tasks to queue
[2023-10-11T03:50:11.952+0000] {logging_mixin.py:151} INFO - [2023-10-11T03:50:11.952+0000] {dagbag.py:539} INFO - Filling up the DagBag from /home/airflow/.local/lib/python3.8/site-packages/airflow/example_dags/example_latest_only_with_trigger.py
[2023-10-11T03:50:11.957+0000] {processor.py:839} INFO - DAG(s) dict_keys(['latest_only_with_trigger']) retrieved from /home/airflow/.local/lib/python3.8/site-packages/airflow/example_dags/example_latest_only_with_trigger.py
[2023-10-11T03:50:11.982+0000] {logging_mixin.py:151} INFO - [2023-10-11T03:50:11.982+0000] {dag.py:2915} INFO - Sync 1 DAGs
[2023-10-11T03:50:12.002+0000] {logging_mixin.py:151} INFO - [2023-10-11T03:50:12.002+0000] {dag.py:3696} INFO - Setting next_dagrun for latest_only_with_trigger to 2023-10-10T23:50:12.001996+00:00, run_after=2023-10-11T03:50:12.001996+00:00
[2023-10-11T03:50:12.021+0000] {processor.py:179} INFO - Processing /home/airflow/.local/lib/python3.8/site-packages/airflow/example_dags/example_latest_only_with_trigger.py took 0.077 seconds
[2023-10-11T03:50:42.304+0000] {processor.py:157} INFO - Started process (PID=1343) to work on /home/airflow/.local/lib/python3.8/site-packages/airflow/example_dags/example_latest_only_with_trigger.py
[2023-10-11T03:50:42.306+0000] {processor.py:829} INFO - Processing file /home/airflow/.local/lib/python3.8/site-packages/airflow/example_dags/example_latest_only_with_trigger.py for tasks to queue
[2023-10-11T03:50:42.308+0000] {logging_mixin.py:151} INFO - [2023-10-11T03:50:42.308+0000] {dagbag.py:539} INFO - Filling up the DagBag from /home/airflow/.local/lib/python3.8/site-packages/airflow/example_dags/example_latest_only_with_trigger.py
[2023-10-11T03:50:42.313+0000] {processor.py:839} INFO - DAG(s) dict_keys(['latest_only_with_trigger']) retrieved from /home/airflow/.local/lib/python3.8/site-packages/airflow/example_dags/example_latest_only_with_trigger.py
[2023-10-11T03:50:42.336+0000] {logging_mixin.py:151} INFO - [2023-10-11T03:50:42.336+0000] {dag.py:2915} INFO - Sync 1 DAGs
[2023-10-11T03:50:42.359+0000] {logging_mixin.py:151} INFO - [2023-10-11T03:50:42.359+0000] {dag.py:3696} INFO - Setting next_dagrun for latest_only_with_trigger to 2023-10-10T23:50:42.358821+00:00, run_after=2023-10-11T03:50:42.358821+00:00
[2023-10-11T03:50:42.379+0000] {processor.py:179} INFO - Processing /home/airflow/.local/lib/python3.8/site-packages/airflow/example_dags/example_latest_only_with_trigger.py took 0.079 seconds
[2023-10-11T03:51:13.013+0000] {processor.py:157} INFO - Started process (PID=1400) to work on /home/airflow/.local/lib/python3.8/site-packages/airflow/example_dags/example_latest_only_with_trigger.py
[2023-10-11T03:51:13.014+0000] {processor.py:829} INFO - Processing file /home/airflow/.local/lib/python3.8/site-packages/airflow/example_dags/example_latest_only_with_trigger.py for tasks to queue
[2023-10-11T03:51:13.017+0000] {logging_mixin.py:151} INFO - [2023-10-11T03:51:13.016+0000] {dagbag.py:539} INFO - Filling up the DagBag from /home/airflow/.local/lib/python3.8/site-packages/airflow/example_dags/example_latest_only_with_trigger.py
[2023-10-11T03:51:13.023+0000] {processor.py:839} INFO - DAG(s) dict_keys(['latest_only_with_trigger']) retrieved from /home/airflow/.local/lib/python3.8/site-packages/airflow/example_dags/example_latest_only_with_trigger.py
[2023-10-11T03:51:13.048+0000] {logging_mixin.py:151} INFO - [2023-10-11T03:51:13.048+0000] {dag.py:2915} INFO - Sync 1 DAGs
[2023-10-11T03:51:13.070+0000] {logging_mixin.py:151} INFO - [2023-10-11T03:51:13.070+0000] {dag.py:3696} INFO - Setting next_dagrun for latest_only_with_trigger to 2023-10-10T23:51:13.070075+00:00, run_after=2023-10-11T03:51:13.070075+00:00
[2023-10-11T03:51:13.090+0000] {processor.py:179} INFO - Processing /home/airflow/.local/lib/python3.8/site-packages/airflow/example_dags/example_latest_only_with_trigger.py took 0.080 seconds
[2023-10-11T03:51:43.270+0000] {processor.py:157} INFO - Started process (PID=1457) to work on /home/airflow/.local/lib/python3.8/site-packages/airflow/example_dags/example_latest_only_with_trigger.py
[2023-10-11T03:51:43.271+0000] {processor.py:829} INFO - Processing file /home/airflow/.local/lib/python3.8/site-packages/airflow/example_dags/example_latest_only_with_trigger.py for tasks to queue
[2023-10-11T03:51:43.274+0000] {logging_mixin.py:151} INFO - [2023-10-11T03:51:43.273+0000] {dagbag.py:539} INFO - Filling up the DagBag from /home/airflow/.local/lib/python3.8/site-packages/airflow/example_dags/example_latest_only_with_trigger.py
[2023-10-11T03:51:43.279+0000] {processor.py:839} INFO - DAG(s) dict_keys(['latest_only_with_trigger']) retrieved from /home/airflow/.local/lib/python3.8/site-packages/airflow/example_dags/example_latest_only_with_trigger.py
[2023-10-11T03:51:43.303+0000] {logging_mixin.py:151} INFO - [2023-10-11T03:51:43.303+0000] {dag.py:2915} INFO - Sync 1 DAGs
[2023-10-11T03:51:43.325+0000] {logging_mixin.py:151} INFO - [2023-10-11T03:51:43.325+0000] {dag.py:3696} INFO - Setting next_dagrun for latest_only_with_trigger to 2023-10-10T23:51:43.325021+00:00, run_after=2023-10-11T03:51:43.325021+00:00
[2023-10-11T03:51:43.354+0000] {processor.py:179} INFO - Processing /home/airflow/.local/lib/python3.8/site-packages/airflow/example_dags/example_latest_only_with_trigger.py took 0.087 seconds
[2023-10-11T03:52:13.667+0000] {processor.py:157} INFO - Started process (PID=1514) to work on /home/airflow/.local/lib/python3.8/site-packages/airflow/example_dags/example_latest_only_with_trigger.py
[2023-10-11T03:52:13.668+0000] {processor.py:829} INFO - Processing file /home/airflow/.local/lib/python3.8/site-packages/airflow/example_dags/example_latest_only_with_trigger.py for tasks to queue
[2023-10-11T03:52:13.671+0000] {logging_mixin.py:151} INFO - [2023-10-11T03:52:13.670+0000] {dagbag.py:539} INFO - Filling up the DagBag from /home/airflow/.local/lib/python3.8/site-packages/airflow/example_dags/example_latest_only_with_trigger.py
[2023-10-11T03:52:13.676+0000] {processor.py:839} INFO - DAG(s) dict_keys(['latest_only_with_trigger']) retrieved from /home/airflow/.local/lib/python3.8/site-packages/airflow/example_dags/example_latest_only_with_trigger.py
[2023-10-11T03:52:13.700+0000] {logging_mixin.py:151} INFO - [2023-10-11T03:52:13.699+0000] {dag.py:2915} INFO - Sync 1 DAGs
[2023-10-11T03:52:13.719+0000] {logging_mixin.py:151} INFO - [2023-10-11T03:52:13.719+0000] {dag.py:3696} INFO - Setting next_dagrun for latest_only_with_trigger to 2023-10-10T23:52:13.718887+00:00, run_after=2023-10-11T03:52:13.718887+00:00
[2023-10-11T03:52:13.737+0000] {processor.py:179} INFO - Processing /home/airflow/.local/lib/python3.8/site-packages/airflow/example_dags/example_latest_only_with_trigger.py took 0.073 seconds
[2023-10-11T03:52:44.014+0000] {processor.py:157} INFO - Started process (PID=1571) to work on /home/airflow/.local/lib/python3.8/site-packages/airflow/example_dags/example_latest_only_with_trigger.py
[2023-10-11T03:52:44.015+0000] {processor.py:829} INFO - Processing file /home/airflow/.local/lib/python3.8/site-packages/airflow/example_dags/example_latest_only_with_trigger.py for tasks to queue
[2023-10-11T03:52:44.018+0000] {logging_mixin.py:151} INFO - [2023-10-11T03:52:44.017+0000] {dagbag.py:539} INFO - Filling up the DagBag from /home/airflow/.local/lib/python3.8/site-packages/airflow/example_dags/example_latest_only_with_trigger.py
[2023-10-11T03:52:44.023+0000] {processor.py:839} INFO - DAG(s) dict_keys(['latest_only_with_trigger']) retrieved from /home/airflow/.local/lib/python3.8/site-packages/airflow/example_dags/example_latest_only_with_trigger.py
[2023-10-11T03:52:44.044+0000] {logging_mixin.py:151} INFO - [2023-10-11T03:52:44.044+0000] {dag.py:2915} INFO - Sync 1 DAGs
[2023-10-11T03:52:44.063+0000] {logging_mixin.py:151} INFO - [2023-10-11T03:52:44.063+0000] {dag.py:3696} INFO - Setting next_dagrun for latest_only_with_trigger to 2023-10-10T23:52:44.062856+00:00, run_after=2023-10-11T03:52:44.062856+00:00
[2023-10-11T03:52:44.082+0000] {processor.py:179} INFO - Processing /home/airflow/.local/lib/python3.8/site-packages/airflow/example_dags/example_latest_only_with_trigger.py took 0.071 seconds
[2023-10-11T03:53:14.212+0000] {processor.py:157} INFO - Started process (PID=1628) to work on /home/airflow/.local/lib/python3.8/site-packages/airflow/example_dags/example_latest_only_with_trigger.py
[2023-10-11T03:53:14.213+0000] {processor.py:829} INFO - Processing file /home/airflow/.local/lib/python3.8/site-packages/airflow/example_dags/example_latest_only_with_trigger.py for tasks to queue
[2023-10-11T03:53:14.216+0000] {logging_mixin.py:151} INFO - [2023-10-11T03:53:14.216+0000] {dagbag.py:539} INFO - Filling up the DagBag from /home/airflow/.local/lib/python3.8/site-packages/airflow/example_dags/example_latest_only_with_trigger.py
[2023-10-11T03:53:14.222+0000] {processor.py:839} INFO - DAG(s) dict_keys(['latest_only_with_trigger']) retrieved from /home/airflow/.local/lib/python3.8/site-packages/airflow/example_dags/example_latest_only_with_trigger.py
[2023-10-11T03:53:14.247+0000] {logging_mixin.py:151} INFO - [2023-10-11T03:53:14.246+0000] {dag.py:2915} INFO - Sync 1 DAGs
[2023-10-11T03:53:14.269+0000] {logging_mixin.py:151} INFO - [2023-10-11T03:53:14.269+0000] {dag.py:3696} INFO - Setting next_dagrun for latest_only_with_trigger to 2023-10-10T23:53:14.268946+00:00, run_after=2023-10-11T03:53:14.268946+00:00
[2023-10-11T03:53:14.291+0000] {processor.py:179} INFO - Processing /home/airflow/.local/lib/python3.8/site-packages/airflow/example_dags/example_latest_only_with_trigger.py took 0.082 seconds
[2023-10-11T03:53:44.636+0000] {processor.py:157} INFO - Started process (PID=1685) to work on /home/airflow/.local/lib/python3.8/site-packages/airflow/example_dags/example_latest_only_with_trigger.py
[2023-10-11T03:53:44.637+0000] {processor.py:829} INFO - Processing file /home/airflow/.local/lib/python3.8/site-packages/airflow/example_dags/example_latest_only_with_trigger.py for tasks to queue
[2023-10-11T03:53:44.640+0000] {logging_mixin.py:151} INFO - [2023-10-11T03:53:44.640+0000] {dagbag.py:539} INFO - Filling up the DagBag from /home/airflow/.local/lib/python3.8/site-packages/airflow/example_dags/example_latest_only_with_trigger.py
[2023-10-11T03:53:44.646+0000] {processor.py:839} INFO - DAG(s) dict_keys(['latest_only_with_trigger']) retrieved from /home/airflow/.local/lib/python3.8/site-packages/airflow/example_dags/example_latest_only_with_trigger.py
[2023-10-11T03:53:44.670+0000] {logging_mixin.py:151} INFO - [2023-10-11T03:53:44.670+0000] {dag.py:2915} INFO - Sync 1 DAGs
[2023-10-11T03:53:44.690+0000] {logging_mixin.py:151} INFO - [2023-10-11T03:53:44.690+0000] {dag.py:3696} INFO - Setting next_dagrun for latest_only_with_trigger to 2023-10-10T23:53:44.689981+00:00, run_after=2023-10-11T03:53:44.689981+00:00
[2023-10-11T03:53:44.712+0000] {processor.py:179} INFO - Processing /home/airflow/.local/lib/python3.8/site-packages/airflow/example_dags/example_latest_only_with_trigger.py took 0.079 seconds
[2023-10-11T03:54:14.906+0000] {processor.py:157} INFO - Started process (PID=1742) to work on /home/airflow/.local/lib/python3.8/site-packages/airflow/example_dags/example_latest_only_with_trigger.py
[2023-10-11T03:54:14.907+0000] {processor.py:829} INFO - Processing file /home/airflow/.local/lib/python3.8/site-packages/airflow/example_dags/example_latest_only_with_trigger.py for tasks to queue
[2023-10-11T03:54:14.911+0000] {logging_mixin.py:151} INFO - [2023-10-11T03:54:14.910+0000] {dagbag.py:539} INFO - Filling up the DagBag from /home/airflow/.local/lib/python3.8/site-packages/airflow/example_dags/example_latest_only_with_trigger.py
[2023-10-11T03:54:14.917+0000] {processor.py:839} INFO - DAG(s) dict_keys(['latest_only_with_trigger']) retrieved from /home/airflow/.local/lib/python3.8/site-packages/airflow/example_dags/example_latest_only_with_trigger.py
[2023-10-11T03:54:14.940+0000] {logging_mixin.py:151} INFO - [2023-10-11T03:54:14.940+0000] {dag.py:2915} INFO - Sync 1 DAGs
[2023-10-11T03:54:14.962+0000] {logging_mixin.py:151} INFO - [2023-10-11T03:54:14.962+0000] {dag.py:3696} INFO - Setting next_dagrun for latest_only_with_trigger to 2023-10-10T23:54:14.962030+00:00, run_after=2023-10-11T03:54:14.962030+00:00
[2023-10-11T03:54:14.984+0000] {processor.py:179} INFO - Processing /home/airflow/.local/lib/python3.8/site-packages/airflow/example_dags/example_latest_only_with_trigger.py took 0.081 seconds
[2023-10-11T03:54:45.087+0000] {processor.py:157} INFO - Started process (PID=1799) to work on /home/airflow/.local/lib/python3.8/site-packages/airflow/example_dags/example_latest_only_with_trigger.py
[2023-10-11T03:54:45.088+0000] {processor.py:829} INFO - Processing file /home/airflow/.local/lib/python3.8/site-packages/airflow/example_dags/example_latest_only_with_trigger.py for tasks to queue
[2023-10-11T03:54:45.091+0000] {logging_mixin.py:151} INFO - [2023-10-11T03:54:45.091+0000] {dagbag.py:539} INFO - Filling up the DagBag from /home/airflow/.local/lib/python3.8/site-packages/airflow/example_dags/example_latest_only_with_trigger.py
[2023-10-11T03:54:45.097+0000] {processor.py:839} INFO - DAG(s) dict_keys(['latest_only_with_trigger']) retrieved from /home/airflow/.local/lib/python3.8/site-packages/airflow/example_dags/example_latest_only_with_trigger.py
[2023-10-11T03:54:45.118+0000] {logging_mixin.py:151} INFO - [2023-10-11T03:54:45.118+0000] {dag.py:2915} INFO - Sync 1 DAGs
[2023-10-11T03:54:45.141+0000] {logging_mixin.py:151} INFO - [2023-10-11T03:54:45.141+0000] {dag.py:3696} INFO - Setting next_dagrun for latest_only_with_trigger to 2023-10-10T23:54:45.140741+00:00, run_after=2023-10-11T03:54:45.140741+00:00
[2023-10-11T03:54:45.162+0000] {processor.py:179} INFO - Processing /home/airflow/.local/lib/python3.8/site-packages/airflow/example_dags/example_latest_only_with_trigger.py took 0.078 seconds
[2023-10-11T03:55:15.473+0000] {processor.py:157} INFO - Started process (PID=1856) to work on /home/airflow/.local/lib/python3.8/site-packages/airflow/example_dags/example_latest_only_with_trigger.py
[2023-10-11T03:55:15.474+0000] {processor.py:829} INFO - Processing file /home/airflow/.local/lib/python3.8/site-packages/airflow/example_dags/example_latest_only_with_trigger.py for tasks to queue
[2023-10-11T03:55:15.477+0000] {logging_mixin.py:151} INFO - [2023-10-11T03:55:15.477+0000] {dagbag.py:539} INFO - Filling up the DagBag from /home/airflow/.local/lib/python3.8/site-packages/airflow/example_dags/example_latest_only_with_trigger.py
[2023-10-11T03:55:15.482+0000] {processor.py:839} INFO - DAG(s) dict_keys(['latest_only_with_trigger']) retrieved from /home/airflow/.local/lib/python3.8/site-packages/airflow/example_dags/example_latest_only_with_trigger.py
[2023-10-11T03:55:15.508+0000] {logging_mixin.py:151} INFO - [2023-10-11T03:55:15.507+0000] {dag.py:2915} INFO - Sync 1 DAGs
[2023-10-11T03:55:15.528+0000] {logging_mixin.py:151} INFO - [2023-10-11T03:55:15.528+0000] {dag.py:3696} INFO - Setting next_dagrun for latest_only_with_trigger to 2023-10-10T23:55:15.527768+00:00, run_after=2023-10-11T03:55:15.527768+00:00
[2023-10-11T03:55:15.549+0000] {processor.py:179} INFO - Processing /home/airflow/.local/lib/python3.8/site-packages/airflow/example_dags/example_latest_only_with_trigger.py took 0.080 seconds
[2023-10-11T03:55:45.872+0000] {processor.py:157} INFO - Started process (PID=1913) to work on /home/airflow/.local/lib/python3.8/site-packages/airflow/example_dags/example_latest_only_with_trigger.py
[2023-10-11T03:55:45.873+0000] {processor.py:829} INFO - Processing file /home/airflow/.local/lib/python3.8/site-packages/airflow/example_dags/example_latest_only_with_trigger.py for tasks to queue
[2023-10-11T03:55:45.876+0000] {logging_mixin.py:151} INFO - [2023-10-11T03:55:45.876+0000] {dagbag.py:539} INFO - Filling up the DagBag from /home/airflow/.local/lib/python3.8/site-packages/airflow/example_dags/example_latest_only_with_trigger.py
[2023-10-11T03:55:45.883+0000] {processor.py:839} INFO - DAG(s) dict_keys(['latest_only_with_trigger']) retrieved from /home/airflow/.local/lib/python3.8/site-packages/airflow/example_dags/example_latest_only_with_trigger.py
[2023-10-11T03:55:45.906+0000] {logging_mixin.py:151} INFO - [2023-10-11T03:55:45.906+0000] {dag.py:2915} INFO - Sync 1 DAGs
[2023-10-11T03:55:45.933+0000] {logging_mixin.py:151} INFO - [2023-10-11T03:55:45.932+0000] {dag.py:3696} INFO - Setting next_dagrun for latest_only_with_trigger to 2023-10-10T23:55:45.931894+00:00, run_after=2023-10-11T03:55:45.931894+00:00
[2023-10-11T03:55:45.960+0000] {processor.py:179} INFO - Processing /home/airflow/.local/lib/python3.8/site-packages/airflow/example_dags/example_latest_only_with_trigger.py took 0.091 seconds
[2023-10-11T03:56:16.645+0000] {processor.py:157} INFO - Started process (PID=1970) to work on /home/airflow/.local/lib/python3.8/site-packages/airflow/example_dags/example_latest_only_with_trigger.py
[2023-10-11T03:56:16.647+0000] {processor.py:829} INFO - Processing file /home/airflow/.local/lib/python3.8/site-packages/airflow/example_dags/example_latest_only_with_trigger.py for tasks to queue
[2023-10-11T03:56:16.650+0000] {logging_mixin.py:151} INFO - [2023-10-11T03:56:16.650+0000] {dagbag.py:539} INFO - Filling up the DagBag from /home/airflow/.local/lib/python3.8/site-packages/airflow/example_dags/example_latest_only_with_trigger.py
[2023-10-11T03:56:16.656+0000] {processor.py:839} INFO - DAG(s) dict_keys(['latest_only_with_trigger']) retrieved from /home/airflow/.local/lib/python3.8/site-packages/airflow/example_dags/example_latest_only_with_trigger.py
[2023-10-11T03:56:16.678+0000] {logging_mixin.py:151} INFO - [2023-10-11T03:56:16.677+0000] {dag.py:2915} INFO - Sync 1 DAGs
[2023-10-11T03:56:16.697+0000] {logging_mixin.py:151} INFO - [2023-10-11T03:56:16.697+0000] {dag.py:3696} INFO - Setting next_dagrun for latest_only_with_trigger to 2023-10-10T23:56:16.697426+00:00, run_after=2023-10-11T03:56:16.697426+00:00
[2023-10-11T03:56:16.718+0000] {processor.py:179} INFO - Processing /home/airflow/.local/lib/python3.8/site-packages/airflow/example_dags/example_latest_only_with_trigger.py took 0.076 seconds
[2023-10-11T03:56:46.992+0000] {processor.py:157} INFO - Started process (PID=2027) to work on /home/airflow/.local/lib/python3.8/site-packages/airflow/example_dags/example_latest_only_with_trigger.py
[2023-10-11T03:56:46.994+0000] {processor.py:829} INFO - Processing file /home/airflow/.local/lib/python3.8/site-packages/airflow/example_dags/example_latest_only_with_trigger.py for tasks to queue
[2023-10-11T03:56:46.997+0000] {logging_mixin.py:151} INFO - [2023-10-11T03:56:46.996+0000] {dagbag.py:539} INFO - Filling up the DagBag from /home/airflow/.local/lib/python3.8/site-packages/airflow/example_dags/example_latest_only_with_trigger.py
[2023-10-11T03:56:47.002+0000] {processor.py:839} INFO - DAG(s) dict_keys(['latest_only_with_trigger']) retrieved from /home/airflow/.local/lib/python3.8/site-packages/airflow/example_dags/example_latest_only_with_trigger.py
[2023-10-11T03:56:47.024+0000] {logging_mixin.py:151} INFO - [2023-10-11T03:56:47.024+0000] {dag.py:2915} INFO - Sync 1 DAGs
[2023-10-11T03:56:47.044+0000] {logging_mixin.py:151} INFO - [2023-10-11T03:56:47.043+0000] {dag.py:3696} INFO - Setting next_dagrun for latest_only_with_trigger to 2023-10-10T23:56:47.043393+00:00, run_after=2023-10-11T03:56:47.043393+00:00
[2023-10-11T03:56:47.065+0000] {processor.py:179} INFO - Processing /home/airflow/.local/lib/python3.8/site-packages/airflow/example_dags/example_latest_only_with_trigger.py took 0.075 seconds
[2023-10-11T03:57:17.878+0000] {processor.py:157} INFO - Started process (PID=2084) to work on /home/airflow/.local/lib/python3.8/site-packages/airflow/example_dags/example_latest_only_with_trigger.py
[2023-10-11T03:57:17.879+0000] {processor.py:829} INFO - Processing file /home/airflow/.local/lib/python3.8/site-packages/airflow/example_dags/example_latest_only_with_trigger.py for tasks to queue
[2023-10-11T03:57:17.884+0000] {logging_mixin.py:151} INFO - [2023-10-11T03:57:17.884+0000] {dagbag.py:539} INFO - Filling up the DagBag from /home/airflow/.local/lib/python3.8/site-packages/airflow/example_dags/example_latest_only_with_trigger.py
[2023-10-11T03:57:17.896+0000] {processor.py:839} INFO - DAG(s) dict_keys(['latest_only_with_trigger']) retrieved from /home/airflow/.local/lib/python3.8/site-packages/airflow/example_dags/example_latest_only_with_trigger.py
[2023-10-11T03:57:17.942+0000] {logging_mixin.py:151} INFO - [2023-10-11T03:57:17.941+0000] {dag.py:2915} INFO - Sync 1 DAGs
[2023-10-11T03:57:17.987+0000] {logging_mixin.py:151} INFO - [2023-10-11T03:57:17.987+0000] {dag.py:3696} INFO - Setting next_dagrun for latest_only_with_trigger to 2023-10-10T23:57:17.986920+00:00, run_after=2023-10-11T03:57:17.986920+00:00
[2023-10-11T03:57:18.021+0000] {processor.py:179} INFO - Processing /home/airflow/.local/lib/python3.8/site-packages/airflow/example_dags/example_latest_only_with_trigger.py took 0.149 seconds
[2023-10-11T03:57:48.218+0000] {processor.py:157} INFO - Started process (PID=2141) to work on /home/airflow/.local/lib/python3.8/site-packages/airflow/example_dags/example_latest_only_with_trigger.py
[2023-10-11T03:57:48.220+0000] {processor.py:829} INFO - Processing file /home/airflow/.local/lib/python3.8/site-packages/airflow/example_dags/example_latest_only_with_trigger.py for tasks to queue
[2023-10-11T03:57:48.222+0000] {logging_mixin.py:151} INFO - [2023-10-11T03:57:48.222+0000] {dagbag.py:539} INFO - Filling up the DagBag from /home/airflow/.local/lib/python3.8/site-packages/airflow/example_dags/example_latest_only_with_trigger.py
[2023-10-11T03:57:48.227+0000] {processor.py:839} INFO - DAG(s) dict_keys(['latest_only_with_trigger']) retrieved from /home/airflow/.local/lib/python3.8/site-packages/airflow/example_dags/example_latest_only_with_trigger.py
[2023-10-11T03:57:48.250+0000] {logging_mixin.py:151} INFO - [2023-10-11T03:57:48.250+0000] {dag.py:2915} INFO - Sync 1 DAGs
[2023-10-11T03:57:48.268+0000] {logging_mixin.py:151} INFO - [2023-10-11T03:57:48.268+0000] {dag.py:3696} INFO - Setting next_dagrun for latest_only_with_trigger to 2023-10-10T23:57:48.268395+00:00, run_after=2023-10-11T03:57:48.268395+00:00
[2023-10-11T03:57:48.289+0000] {processor.py:179} INFO - Processing /home/airflow/.local/lib/python3.8/site-packages/airflow/example_dags/example_latest_only_with_trigger.py took 0.073 seconds
[2023-10-11T03:58:18.487+0000] {processor.py:157} INFO - Started process (PID=2198) to work on /home/airflow/.local/lib/python3.8/site-packages/airflow/example_dags/example_latest_only_with_trigger.py
[2023-10-11T03:58:18.489+0000] {processor.py:829} INFO - Processing file /home/airflow/.local/lib/python3.8/site-packages/airflow/example_dags/example_latest_only_with_trigger.py for tasks to queue
[2023-10-11T03:58:18.491+0000] {logging_mixin.py:151} INFO - [2023-10-11T03:58:18.490+0000] {dagbag.py:539} INFO - Filling up the DagBag from /home/airflow/.local/lib/python3.8/site-packages/airflow/example_dags/example_latest_only_with_trigger.py
[2023-10-11T03:58:18.498+0000] {processor.py:839} INFO - DAG(s) dict_keys(['latest_only_with_trigger']) retrieved from /home/airflow/.local/lib/python3.8/site-packages/airflow/example_dags/example_latest_only_with_trigger.py
[2023-10-11T03:58:18.519+0000] {logging_mixin.py:151} INFO - [2023-10-11T03:58:18.519+0000] {dag.py:2915} INFO - Sync 1 DAGs
[2023-10-11T03:58:18.537+0000] {logging_mixin.py:151} INFO - [2023-10-11T03:58:18.537+0000] {dag.py:3696} INFO - Setting next_dagrun for latest_only_with_trigger to 2023-10-10T23:58:18.537294+00:00, run_after=2023-10-11T03:58:18.537294+00:00
[2023-10-11T03:58:18.560+0000] {processor.py:179} INFO - Processing /home/airflow/.local/lib/python3.8/site-packages/airflow/example_dags/example_latest_only_with_trigger.py took 0.076 seconds
[2023-10-11T03:58:49.557+0000] {processor.py:157} INFO - Started process (PID=2255) to work on /home/airflow/.local/lib/python3.8/site-packages/airflow/example_dags/example_latest_only_with_trigger.py
[2023-10-11T03:58:49.559+0000] {processor.py:829} INFO - Processing file /home/airflow/.local/lib/python3.8/site-packages/airflow/example_dags/example_latest_only_with_trigger.py for tasks to queue
[2023-10-11T03:58:49.562+0000] {logging_mixin.py:151} INFO - [2023-10-11T03:58:49.562+0000] {dagbag.py:539} INFO - Filling up the DagBag from /home/airflow/.local/lib/python3.8/site-packages/airflow/example_dags/example_latest_only_with_trigger.py
[2023-10-11T03:58:49.567+0000] {processor.py:839} INFO - DAG(s) dict_keys(['latest_only_with_trigger']) retrieved from /home/airflow/.local/lib/python3.8/site-packages/airflow/example_dags/example_latest_only_with_trigger.py
[2023-10-11T03:58:49.587+0000] {logging_mixin.py:151} INFO - [2023-10-11T03:58:49.587+0000] {dag.py:2915} INFO - Sync 1 DAGs
[2023-10-11T03:58:49.607+0000] {logging_mixin.py:151} INFO - [2023-10-11T03:58:49.607+0000] {dag.py:3696} INFO - Setting next_dagrun for latest_only_with_trigger to 2023-10-10T23:58:49.606840+00:00, run_after=2023-10-11T03:58:49.606840+00:00
[2023-10-11T03:58:49.627+0000] {processor.py:179} INFO - Processing /home/airflow/.local/lib/python3.8/site-packages/airflow/example_dags/example_latest_only_with_trigger.py took 0.074 seconds
[2023-10-11T03:59:20.235+0000] {processor.py:157} INFO - Started process (PID=2312) to work on /home/airflow/.local/lib/python3.8/site-packages/airflow/example_dags/example_latest_only_with_trigger.py
[2023-10-11T03:59:20.236+0000] {processor.py:829} INFO - Processing file /home/airflow/.local/lib/python3.8/site-packages/airflow/example_dags/example_latest_only_with_trigger.py for tasks to queue
[2023-10-11T03:59:20.239+0000] {logging_mixin.py:151} INFO - [2023-10-11T03:59:20.239+0000] {dagbag.py:539} INFO - Filling up the DagBag from /home/airflow/.local/lib/python3.8/site-packages/airflow/example_dags/example_latest_only_with_trigger.py
[2023-10-11T03:59:20.244+0000] {processor.py:839} INFO - DAG(s) dict_keys(['latest_only_with_trigger']) retrieved from /home/airflow/.local/lib/python3.8/site-packages/airflow/example_dags/example_latest_only_with_trigger.py
[2023-10-11T03:59:20.268+0000] {logging_mixin.py:151} INFO - [2023-10-11T03:59:20.268+0000] {dag.py:2915} INFO - Sync 1 DAGs
[2023-10-11T03:59:20.286+0000] {logging_mixin.py:151} INFO - [2023-10-11T03:59:20.285+0000] {dag.py:3696} INFO - Setting next_dagrun for latest_only_with_trigger to 2023-10-10T23:59:20.285730+00:00, run_after=2023-10-11T03:59:20.285730+00:00
[2023-10-11T03:59:20.305+0000] {processor.py:179} INFO - Processing /home/airflow/.local/lib/python3.8/site-packages/airflow/example_dags/example_latest_only_with_trigger.py took 0.073 seconds
[2023-10-11T03:59:50.725+0000] {processor.py:157} INFO - Started process (PID=2369) to work on /home/airflow/.local/lib/python3.8/site-packages/airflow/example_dags/example_latest_only_with_trigger.py
[2023-10-11T03:59:50.727+0000] {processor.py:829} INFO - Processing file /home/airflow/.local/lib/python3.8/site-packages/airflow/example_dags/example_latest_only_with_trigger.py for tasks to queue
[2023-10-11T03:59:50.729+0000] {logging_mixin.py:151} INFO - [2023-10-11T03:59:50.729+0000] {dagbag.py:539} INFO - Filling up the DagBag from /home/airflow/.local/lib/python3.8/site-packages/airflow/example_dags/example_latest_only_with_trigger.py
[2023-10-11T03:59:50.734+0000] {processor.py:839} INFO - DAG(s) dict_keys(['latest_only_with_trigger']) retrieved from /home/airflow/.local/lib/python3.8/site-packages/airflow/example_dags/example_latest_only_with_trigger.py
[2023-10-11T03:59:50.758+0000] {logging_mixin.py:151} INFO - [2023-10-11T03:59:50.758+0000] {dag.py:2915} INFO - Sync 1 DAGs
[2023-10-11T03:59:50.780+0000] {logging_mixin.py:151} INFO - [2023-10-11T03:59:50.779+0000] {dag.py:3696} INFO - Setting next_dagrun for latest_only_with_trigger to 2023-10-10T23:59:50.779796+00:00, run_after=2023-10-11T03:59:50.779796+00:00
[2023-10-11T03:59:50.799+0000] {processor.py:179} INFO - Processing /home/airflow/.local/lib/python3.8/site-packages/airflow/example_dags/example_latest_only_with_trigger.py took 0.078 seconds
[2023-10-11T04:00:21.288+0000] {processor.py:157} INFO - Started process (PID=2426) to work on /home/airflow/.local/lib/python3.8/site-packages/airflow/example_dags/example_latest_only_with_trigger.py
[2023-10-11T04:00:21.290+0000] {processor.py:829} INFO - Processing file /home/airflow/.local/lib/python3.8/site-packages/airflow/example_dags/example_latest_only_with_trigger.py for tasks to queue
[2023-10-11T04:00:21.293+0000] {logging_mixin.py:151} INFO - [2023-10-11T04:00:21.292+0000] {dagbag.py:539} INFO - Filling up the DagBag from /home/airflow/.local/lib/python3.8/site-packages/airflow/example_dags/example_latest_only_with_trigger.py
[2023-10-11T04:00:21.298+0000] {processor.py:839} INFO - DAG(s) dict_keys(['latest_only_with_trigger']) retrieved from /home/airflow/.local/lib/python3.8/site-packages/airflow/example_dags/example_latest_only_with_trigger.py
[2023-10-11T04:00:21.319+0000] {logging_mixin.py:151} INFO - [2023-10-11T04:00:21.319+0000] {dag.py:2915} INFO - Sync 1 DAGs
[2023-10-11T04:00:21.338+0000] {logging_mixin.py:151} INFO - [2023-10-11T04:00:21.338+0000] {dag.py:3696} INFO - Setting next_dagrun for latest_only_with_trigger to 2023-10-11T00:00:21.338136+00:00, run_after=2023-10-11T04:00:21.338136+00:00
[2023-10-11T04:00:21.358+0000] {processor.py:179} INFO - Processing /home/airflow/.local/lib/python3.8/site-packages/airflow/example_dags/example_latest_only_with_trigger.py took 0.074 seconds
[2023-10-11T04:00:51.528+0000] {processor.py:157} INFO - Started process (PID=2483) to work on /home/airflow/.local/lib/python3.8/site-packages/airflow/example_dags/example_latest_only_with_trigger.py
[2023-10-11T04:00:51.529+0000] {processor.py:829} INFO - Processing file /home/airflow/.local/lib/python3.8/site-packages/airflow/example_dags/example_latest_only_with_trigger.py for tasks to queue
[2023-10-11T04:00:51.532+0000] {logging_mixin.py:151} INFO - [2023-10-11T04:00:51.532+0000] {dagbag.py:539} INFO - Filling up the DagBag from /home/airflow/.local/lib/python3.8/site-packages/airflow/example_dags/example_latest_only_with_trigger.py
[2023-10-11T04:00:51.539+0000] {processor.py:839} INFO - DAG(s) dict_keys(['latest_only_with_trigger']) retrieved from /home/airflow/.local/lib/python3.8/site-packages/airflow/example_dags/example_latest_only_with_trigger.py
[2023-10-11T04:00:51.567+0000] {logging_mixin.py:151} INFO - [2023-10-11T04:00:51.567+0000] {dag.py:2915} INFO - Sync 1 DAGs
[2023-10-11T04:00:51.598+0000] {logging_mixin.py:151} INFO - [2023-10-11T04:00:51.598+0000] {dag.py:3696} INFO - Setting next_dagrun for latest_only_with_trigger to 2023-10-11T00:00:51.597702+00:00, run_after=2023-10-11T04:00:51.597702+00:00
[2023-10-11T04:00:51.621+0000] {processor.py:179} INFO - Processing /home/airflow/.local/lib/python3.8/site-packages/airflow/example_dags/example_latest_only_with_trigger.py took 0.096 seconds
[2023-10-11T04:01:22.001+0000] {processor.py:157} INFO - Started process (PID=2540) to work on /home/airflow/.local/lib/python3.8/site-packages/airflow/example_dags/example_latest_only_with_trigger.py
[2023-10-11T04:01:22.003+0000] {processor.py:829} INFO - Processing file /home/airflow/.local/lib/python3.8/site-packages/airflow/example_dags/example_latest_only_with_trigger.py for tasks to queue
[2023-10-11T04:01:22.007+0000] {logging_mixin.py:151} INFO - [2023-10-11T04:01:22.006+0000] {dagbag.py:539} INFO - Filling up the DagBag from /home/airflow/.local/lib/python3.8/site-packages/airflow/example_dags/example_latest_only_with_trigger.py
[2023-10-11T04:01:22.013+0000] {processor.py:839} INFO - DAG(s) dict_keys(['latest_only_with_trigger']) retrieved from /home/airflow/.local/lib/python3.8/site-packages/airflow/example_dags/example_latest_only_with_trigger.py
[2023-10-11T04:01:22.036+0000] {logging_mixin.py:151} INFO - [2023-10-11T04:01:22.036+0000] {dag.py:2915} INFO - Sync 1 DAGs
[2023-10-11T04:01:22.054+0000] {logging_mixin.py:151} INFO - [2023-10-11T04:01:22.054+0000] {dag.py:3696} INFO - Setting next_dagrun for latest_only_with_trigger to 2023-10-11T00:01:22.053919+00:00, run_after=2023-10-11T04:01:22.053919+00:00
[2023-10-11T04:01:22.076+0000] {processor.py:179} INFO - Processing /home/airflow/.local/lib/python3.8/site-packages/airflow/example_dags/example_latest_only_with_trigger.py took 0.079 seconds
[2023-10-11T04:01:52.898+0000] {processor.py:157} INFO - Started process (PID=2597) to work on /home/airflow/.local/lib/python3.8/site-packages/airflow/example_dags/example_latest_only_with_trigger.py
[2023-10-11T04:01:52.900+0000] {processor.py:829} INFO - Processing file /home/airflow/.local/lib/python3.8/site-packages/airflow/example_dags/example_latest_only_with_trigger.py for tasks to queue
[2023-10-11T04:01:52.902+0000] {logging_mixin.py:151} INFO - [2023-10-11T04:01:52.902+0000] {dagbag.py:539} INFO - Filling up the DagBag from /home/airflow/.local/lib/python3.8/site-packages/airflow/example_dags/example_latest_only_with_trigger.py
[2023-10-11T04:01:52.907+0000] {processor.py:839} INFO - DAG(s) dict_keys(['latest_only_with_trigger']) retrieved from /home/airflow/.local/lib/python3.8/site-packages/airflow/example_dags/example_latest_only_with_trigger.py
[2023-10-11T04:01:52.927+0000] {logging_mixin.py:151} INFO - [2023-10-11T04:01:52.927+0000] {dag.py:2915} INFO - Sync 1 DAGs
[2023-10-11T04:01:52.946+0000] {logging_mixin.py:151} INFO - [2023-10-11T04:01:52.946+0000] {dag.py:3696} INFO - Setting next_dagrun for latest_only_with_trigger to 2023-10-11T00:01:52.946344+00:00, run_after=2023-10-11T04:01:52.946344+00:00
[2023-10-11T04:01:52.965+0000] {processor.py:179} INFO - Processing /home/airflow/.local/lib/python3.8/site-packages/airflow/example_dags/example_latest_only_with_trigger.py took 0.070 seconds
[2023-10-11T04:02:23.649+0000] {processor.py:157} INFO - Started process (PID=2654) to work on /home/airflow/.local/lib/python3.8/site-packages/airflow/example_dags/example_latest_only_with_trigger.py
[2023-10-11T04:02:23.651+0000] {processor.py:829} INFO - Processing file /home/airflow/.local/lib/python3.8/site-packages/airflow/example_dags/example_latest_only_with_trigger.py for tasks to queue
[2023-10-11T04:02:23.653+0000] {logging_mixin.py:151} INFO - [2023-10-11T04:02:23.653+0000] {dagbag.py:539} INFO - Filling up the DagBag from /home/airflow/.local/lib/python3.8/site-packages/airflow/example_dags/example_latest_only_with_trigger.py
[2023-10-11T04:02:23.658+0000] {processor.py:839} INFO - DAG(s) dict_keys(['latest_only_with_trigger']) retrieved from /home/airflow/.local/lib/python3.8/site-packages/airflow/example_dags/example_latest_only_with_trigger.py
[2023-10-11T04:02:23.681+0000] {logging_mixin.py:151} INFO - [2023-10-11T04:02:23.681+0000] {dag.py:2915} INFO - Sync 1 DAGs
[2023-10-11T04:02:23.705+0000] {logging_mixin.py:151} INFO - [2023-10-11T04:02:23.704+0000] {dag.py:3696} INFO - Setting next_dagrun for latest_only_with_trigger to 2023-10-11T00:02:23.704658+00:00, run_after=2023-10-11T04:02:23.704658+00:00
[2023-10-11T04:02:23.733+0000] {processor.py:179} INFO - Processing /home/airflow/.local/lib/python3.8/site-packages/airflow/example_dags/example_latest_only_with_trigger.py took 0.087 seconds
[2023-10-11T04:02:54.613+0000] {processor.py:157} INFO - Started process (PID=2711) to work on /home/airflow/.local/lib/python3.8/site-packages/airflow/example_dags/example_latest_only_with_trigger.py
[2023-10-11T04:02:54.615+0000] {processor.py:829} INFO - Processing file /home/airflow/.local/lib/python3.8/site-packages/airflow/example_dags/example_latest_only_with_trigger.py for tasks to queue
[2023-10-11T04:02:54.617+0000] {logging_mixin.py:151} INFO - [2023-10-11T04:02:54.616+0000] {dagbag.py:539} INFO - Filling up the DagBag from /home/airflow/.local/lib/python3.8/site-packages/airflow/example_dags/example_latest_only_with_trigger.py
[2023-10-11T04:02:54.622+0000] {processor.py:839} INFO - DAG(s) dict_keys(['latest_only_with_trigger']) retrieved from /home/airflow/.local/lib/python3.8/site-packages/airflow/example_dags/example_latest_only_with_trigger.py
[2023-10-11T04:02:54.642+0000] {logging_mixin.py:151} INFO - [2023-10-11T04:02:54.642+0000] {dag.py:2915} INFO - Sync 1 DAGs
[2023-10-11T04:02:54.661+0000] {logging_mixin.py:151} INFO - [2023-10-11T04:02:54.661+0000] {dag.py:3696} INFO - Setting next_dagrun for latest_only_with_trigger to 2023-10-11T00:02:54.661408+00:00, run_after=2023-10-11T04:02:54.661408+00:00
[2023-10-11T04:02:54.678+0000] {processor.py:179} INFO - Processing /home/airflow/.local/lib/python3.8/site-packages/airflow/example_dags/example_latest_only_with_trigger.py took 0.068 seconds
[2023-10-11T04:03:25.063+0000] {processor.py:157} INFO - Started process (PID=2768) to work on /home/airflow/.local/lib/python3.8/site-packages/airflow/example_dags/example_latest_only_with_trigger.py
[2023-10-11T04:03:25.065+0000] {processor.py:829} INFO - Processing file /home/airflow/.local/lib/python3.8/site-packages/airflow/example_dags/example_latest_only_with_trigger.py for tasks to queue
[2023-10-11T04:03:25.070+0000] {logging_mixin.py:151} INFO - [2023-10-11T04:03:25.069+0000] {dagbag.py:539} INFO - Filling up the DagBag from /home/airflow/.local/lib/python3.8/site-packages/airflow/example_dags/example_latest_only_with_trigger.py
[2023-10-11T04:03:25.077+0000] {processor.py:839} INFO - DAG(s) dict_keys(['latest_only_with_trigger']) retrieved from /home/airflow/.local/lib/python3.8/site-packages/airflow/example_dags/example_latest_only_with_trigger.py
[2023-10-11T04:03:25.116+0000] {logging_mixin.py:151} INFO - [2023-10-11T04:03:25.116+0000] {dag.py:2915} INFO - Sync 1 DAGs
[2023-10-11T04:03:25.138+0000] {logging_mixin.py:151} INFO - [2023-10-11T04:03:25.138+0000] {dag.py:3696} INFO - Setting next_dagrun for latest_only_with_trigger to 2023-10-11T00:03:25.138396+00:00, run_after=2023-10-11T04:03:25.138396+00:00
[2023-10-11T04:03:25.159+0000] {processor.py:179} INFO - Processing /home/airflow/.local/lib/python3.8/site-packages/airflow/example_dags/example_latest_only_with_trigger.py took 0.101 seconds
[2023-10-11T04:03:55.697+0000] {processor.py:157} INFO - Started process (PID=2829) to work on /home/airflow/.local/lib/python3.8/site-packages/airflow/example_dags/example_latest_only_with_trigger.py
[2023-10-11T04:03:55.699+0000] {processor.py:829} INFO - Processing file /home/airflow/.local/lib/python3.8/site-packages/airflow/example_dags/example_latest_only_with_trigger.py for tasks to queue
[2023-10-11T04:03:55.702+0000] {logging_mixin.py:151} INFO - [2023-10-11T04:03:55.702+0000] {dagbag.py:539} INFO - Filling up the DagBag from /home/airflow/.local/lib/python3.8/site-packages/airflow/example_dags/example_latest_only_with_trigger.py
[2023-10-11T04:03:55.709+0000] {processor.py:839} INFO - DAG(s) dict_keys(['latest_only_with_trigger']) retrieved from /home/airflow/.local/lib/python3.8/site-packages/airflow/example_dags/example_latest_only_with_trigger.py
[2023-10-11T04:03:55.737+0000] {logging_mixin.py:151} INFO - [2023-10-11T04:03:55.737+0000] {dag.py:2915} INFO - Sync 1 DAGs
[2023-10-11T04:03:55.764+0000] {logging_mixin.py:151} INFO - [2023-10-11T04:03:55.764+0000] {dag.py:3696} INFO - Setting next_dagrun for latest_only_with_trigger to 2023-10-11T00:03:55.763867+00:00, run_after=2023-10-11T04:03:55.763867+00:00
[2023-10-11T04:03:55.788+0000] {processor.py:179} INFO - Processing /home/airflow/.local/lib/python3.8/site-packages/airflow/example_dags/example_latest_only_with_trigger.py took 0.096 seconds
[2023-10-11T04:04:25.931+0000] {processor.py:157} INFO - Started process (PID=2893) to work on /home/airflow/.local/lib/python3.8/site-packages/airflow/example_dags/example_latest_only_with_trigger.py
[2023-10-11T04:04:25.933+0000] {processor.py:829} INFO - Processing file /home/airflow/.local/lib/python3.8/site-packages/airflow/example_dags/example_latest_only_with_trigger.py for tasks to queue
[2023-10-11T04:04:25.935+0000] {logging_mixin.py:151} INFO - [2023-10-11T04:04:25.935+0000] {dagbag.py:539} INFO - Filling up the DagBag from /home/airflow/.local/lib/python3.8/site-packages/airflow/example_dags/example_latest_only_with_trigger.py
[2023-10-11T04:04:25.942+0000] {processor.py:839} INFO - DAG(s) dict_keys(['latest_only_with_trigger']) retrieved from /home/airflow/.local/lib/python3.8/site-packages/airflow/example_dags/example_latest_only_with_trigger.py
[2023-10-11T04:04:25.964+0000] {logging_mixin.py:151} INFO - [2023-10-11T04:04:25.963+0000] {dag.py:2915} INFO - Sync 1 DAGs
[2023-10-11T04:04:25.983+0000] {logging_mixin.py:151} INFO - [2023-10-11T04:04:25.983+0000] {dag.py:3696} INFO - Setting next_dagrun for latest_only_with_trigger to 2023-10-11T00:04:25.983122+00:00, run_after=2023-10-11T04:04:25.983122+00:00
[2023-10-11T04:04:26.004+0000] {processor.py:179} INFO - Processing /home/airflow/.local/lib/python3.8/site-packages/airflow/example_dags/example_latest_only_with_trigger.py took 0.078 seconds
