[2023-10-11T03:39:29.920+0000] {processor.py:157} INFO - Started process (PID=84) to work on /home/airflow/.local/lib/python3.8/site-packages/airflow/example_dags/example_sla_dag.py
[2023-10-11T03:39:29.922+0000] {processor.py:829} INFO - Processing file /home/airflow/.local/lib/python3.8/site-packages/airflow/example_dags/example_sla_dag.py for tasks to queue
[2023-10-11T03:39:29.927+0000] {logging_mixin.py:151} INFO - [2023-10-11T03:39:29.927+0000] {dagbag.py:539} INFO - Filling up the DagBag from /home/airflow/.local/lib/python3.8/site-packages/airflow/example_dags/example_sla_dag.py
[2023-10-11T03:39:29.943+0000] {processor.py:839} INFO - DAG(s) dict_keys(['example_sla_dag']) retrieved from /home/airflow/.local/lib/python3.8/site-packages/airflow/example_dags/example_sla_dag.py
[2023-10-11T03:39:29.981+0000] {logging_mixin.py:151} INFO - [2023-10-11T03:39:29.981+0000] {dag.py:2915} INFO - Sync 1 DAGs
[2023-10-11T03:39:30.016+0000] {logging_mixin.py:151} INFO - [2023-10-11T03:39:30.016+0000] {dag.py:3696} INFO - Setting next_dagrun for example_sla_dag to 2023-10-11T03:36:00+00:00, run_after=2023-10-11T03:38:00+00:00
[2023-10-11T03:39:30.043+0000] {processor.py:179} INFO - Processing /home/airflow/.local/lib/python3.8/site-packages/airflow/example_dags/example_sla_dag.py took 0.129 seconds
[2023-10-11T03:40:00.293+0000] {processor.py:157} INFO - Started process (PID=141) to work on /home/airflow/.local/lib/python3.8/site-packages/airflow/example_dags/example_sla_dag.py
[2023-10-11T03:40:00.296+0000] {processor.py:829} INFO - Processing file /home/airflow/.local/lib/python3.8/site-packages/airflow/example_dags/example_sla_dag.py for tasks to queue
[2023-10-11T03:40:00.299+0000] {logging_mixin.py:151} INFO - [2023-10-11T03:40:00.298+0000] {dagbag.py:539} INFO - Filling up the DagBag from /home/airflow/.local/lib/python3.8/site-packages/airflow/example_dags/example_sla_dag.py
[2023-10-11T03:40:00.307+0000] {processor.py:839} INFO - DAG(s) dict_keys(['example_sla_dag']) retrieved from /home/airflow/.local/lib/python3.8/site-packages/airflow/example_dags/example_sla_dag.py
[2023-10-11T03:40:00.329+0000] {logging_mixin.py:151} INFO - [2023-10-11T03:40:00.328+0000] {dag.py:2915} INFO - Sync 1 DAGs
[2023-10-11T03:40:00.349+0000] {logging_mixin.py:151} INFO - [2023-10-11T03:40:00.349+0000] {dag.py:3696} INFO - Setting next_dagrun for example_sla_dag to 2023-10-11T03:38:00+00:00, run_after=2023-10-11T03:40:00+00:00
[2023-10-11T03:40:00.368+0000] {processor.py:179} INFO - Processing /home/airflow/.local/lib/python3.8/site-packages/airflow/example_dags/example_sla_dag.py took 0.078 seconds
[2023-10-11T03:40:30.926+0000] {processor.py:157} INFO - Started process (PID=198) to work on /home/airflow/.local/lib/python3.8/site-packages/airflow/example_dags/example_sla_dag.py
[2023-10-11T03:40:30.927+0000] {processor.py:829} INFO - Processing file /home/airflow/.local/lib/python3.8/site-packages/airflow/example_dags/example_sla_dag.py for tasks to queue
[2023-10-11T03:40:30.930+0000] {logging_mixin.py:151} INFO - [2023-10-11T03:40:30.930+0000] {dagbag.py:539} INFO - Filling up the DagBag from /home/airflow/.local/lib/python3.8/site-packages/airflow/example_dags/example_sla_dag.py
[2023-10-11T03:40:30.937+0000] {processor.py:839} INFO - DAG(s) dict_keys(['example_sla_dag']) retrieved from /home/airflow/.local/lib/python3.8/site-packages/airflow/example_dags/example_sla_dag.py
[2023-10-11T03:40:30.957+0000] {logging_mixin.py:151} INFO - [2023-10-11T03:40:30.957+0000] {dag.py:2915} INFO - Sync 1 DAGs
[2023-10-11T03:40:30.977+0000] {logging_mixin.py:151} INFO - [2023-10-11T03:40:30.977+0000] {dag.py:3696} INFO - Setting next_dagrun for example_sla_dag to 2023-10-11T03:38:00+00:00, run_after=2023-10-11T03:40:00+00:00
[2023-10-11T03:40:30.998+0000] {processor.py:179} INFO - Processing /home/airflow/.local/lib/python3.8/site-packages/airflow/example_dags/example_sla_dag.py took 0.075 seconds
[2023-10-11T03:41:01.740+0000] {processor.py:157} INFO - Started process (PID=255) to work on /home/airflow/.local/lib/python3.8/site-packages/airflow/example_dags/example_sla_dag.py
[2023-10-11T03:41:01.741+0000] {processor.py:829} INFO - Processing file /home/airflow/.local/lib/python3.8/site-packages/airflow/example_dags/example_sla_dag.py for tasks to queue
[2023-10-11T03:41:01.743+0000] {logging_mixin.py:151} INFO - [2023-10-11T03:41:01.743+0000] {dagbag.py:539} INFO - Filling up the DagBag from /home/airflow/.local/lib/python3.8/site-packages/airflow/example_dags/example_sla_dag.py
[2023-10-11T03:41:01.751+0000] {processor.py:839} INFO - DAG(s) dict_keys(['example_sla_dag']) retrieved from /home/airflow/.local/lib/python3.8/site-packages/airflow/example_dags/example_sla_dag.py
[2023-10-11T03:41:01.772+0000] {logging_mixin.py:151} INFO - [2023-10-11T03:41:01.772+0000] {dag.py:2915} INFO - Sync 1 DAGs
[2023-10-11T03:41:01.797+0000] {logging_mixin.py:151} INFO - [2023-10-11T03:41:01.796+0000] {dag.py:3696} INFO - Setting next_dagrun for example_sla_dag to 2023-10-11T03:38:00+00:00, run_after=2023-10-11T03:40:00+00:00
[2023-10-11T03:41:01.816+0000] {processor.py:179} INFO - Processing /home/airflow/.local/lib/python3.8/site-packages/airflow/example_dags/example_sla_dag.py took 0.079 seconds
[2023-10-11T03:41:32.779+0000] {processor.py:157} INFO - Started process (PID=312) to work on /home/airflow/.local/lib/python3.8/site-packages/airflow/example_dags/example_sla_dag.py
[2023-10-11T03:41:32.783+0000] {processor.py:829} INFO - Processing file /home/airflow/.local/lib/python3.8/site-packages/airflow/example_dags/example_sla_dag.py for tasks to queue
[2023-10-11T03:41:32.789+0000] {logging_mixin.py:151} INFO - [2023-10-11T03:41:32.787+0000] {dagbag.py:539} INFO - Filling up the DagBag from /home/airflow/.local/lib/python3.8/site-packages/airflow/example_dags/example_sla_dag.py
[2023-10-11T03:41:32.806+0000] {processor.py:839} INFO - DAG(s) dict_keys(['example_sla_dag']) retrieved from /home/airflow/.local/lib/python3.8/site-packages/airflow/example_dags/example_sla_dag.py
[2023-10-11T03:41:32.863+0000] {logging_mixin.py:151} INFO - [2023-10-11T03:41:32.863+0000] {dag.py:2915} INFO - Sync 1 DAGs
[2023-10-11T03:41:32.920+0000] {logging_mixin.py:151} INFO - [2023-10-11T03:41:32.918+0000] {dag.py:3696} INFO - Setting next_dagrun for example_sla_dag to 2023-10-11T03:38:00+00:00, run_after=2023-10-11T03:40:00+00:00
[2023-10-11T03:41:32.976+0000] {processor.py:179} INFO - Processing /home/airflow/.local/lib/python3.8/site-packages/airflow/example_dags/example_sla_dag.py took 0.203 seconds
[2023-10-11T03:42:03.501+0000] {processor.py:157} INFO - Started process (PID=369) to work on /home/airflow/.local/lib/python3.8/site-packages/airflow/example_dags/example_sla_dag.py
[2023-10-11T03:42:03.504+0000] {processor.py:829} INFO - Processing file /home/airflow/.local/lib/python3.8/site-packages/airflow/example_dags/example_sla_dag.py for tasks to queue
[2023-10-11T03:42:03.511+0000] {logging_mixin.py:151} INFO - [2023-10-11T03:42:03.510+0000] {dagbag.py:539} INFO - Filling up the DagBag from /home/airflow/.local/lib/python3.8/site-packages/airflow/example_dags/example_sla_dag.py
[2023-10-11T03:42:03.528+0000] {processor.py:839} INFO - DAG(s) dict_keys(['example_sla_dag']) retrieved from /home/airflow/.local/lib/python3.8/site-packages/airflow/example_dags/example_sla_dag.py
[2023-10-11T03:42:03.562+0000] {logging_mixin.py:151} INFO - [2023-10-11T03:42:03.562+0000] {dag.py:2915} INFO - Sync 1 DAGs
[2023-10-11T03:42:03.597+0000] {logging_mixin.py:151} INFO - [2023-10-11T03:42:03.596+0000] {dag.py:3696} INFO - Setting next_dagrun for example_sla_dag to 2023-10-11T03:40:00+00:00, run_after=2023-10-11T03:42:00+00:00
[2023-10-11T03:42:03.692+0000] {processor.py:179} INFO - Processing /home/airflow/.local/lib/python3.8/site-packages/airflow/example_dags/example_sla_dag.py took 0.196 seconds
[2023-10-11T03:42:33.866+0000] {processor.py:157} INFO - Started process (PID=426) to work on /home/airflow/.local/lib/python3.8/site-packages/airflow/example_dags/example_sla_dag.py
[2023-10-11T03:42:33.867+0000] {processor.py:829} INFO - Processing file /home/airflow/.local/lib/python3.8/site-packages/airflow/example_dags/example_sla_dag.py for tasks to queue
[2023-10-11T03:42:33.870+0000] {logging_mixin.py:151} INFO - [2023-10-11T03:42:33.870+0000] {dagbag.py:539} INFO - Filling up the DagBag from /home/airflow/.local/lib/python3.8/site-packages/airflow/example_dags/example_sla_dag.py
[2023-10-11T03:42:33.877+0000] {processor.py:839} INFO - DAG(s) dict_keys(['example_sla_dag']) retrieved from /home/airflow/.local/lib/python3.8/site-packages/airflow/example_dags/example_sla_dag.py
[2023-10-11T03:42:33.899+0000] {logging_mixin.py:151} INFO - [2023-10-11T03:42:33.899+0000] {dag.py:2915} INFO - Sync 1 DAGs
[2023-10-11T03:42:33.919+0000] {logging_mixin.py:151} INFO - [2023-10-11T03:42:33.919+0000] {dag.py:3696} INFO - Setting next_dagrun for example_sla_dag to 2023-10-11T03:40:00+00:00, run_after=2023-10-11T03:42:00+00:00
[2023-10-11T03:42:33.938+0000] {processor.py:179} INFO - Processing /home/airflow/.local/lib/python3.8/site-packages/airflow/example_dags/example_sla_dag.py took 0.075 seconds
[2023-10-11T03:43:04.322+0000] {processor.py:157} INFO - Started process (PID=482) to work on /home/airflow/.local/lib/python3.8/site-packages/airflow/example_dags/example_sla_dag.py
[2023-10-11T03:43:04.324+0000] {processor.py:829} INFO - Processing file /home/airflow/.local/lib/python3.8/site-packages/airflow/example_dags/example_sla_dag.py for tasks to queue
[2023-10-11T03:43:04.327+0000] {logging_mixin.py:151} INFO - [2023-10-11T03:43:04.327+0000] {dagbag.py:539} INFO - Filling up the DagBag from /home/airflow/.local/lib/python3.8/site-packages/airflow/example_dags/example_sla_dag.py
[2023-10-11T03:43:04.337+0000] {processor.py:839} INFO - DAG(s) dict_keys(['example_sla_dag']) retrieved from /home/airflow/.local/lib/python3.8/site-packages/airflow/example_dags/example_sla_dag.py
[2023-10-11T03:43:04.363+0000] {logging_mixin.py:151} INFO - [2023-10-11T03:43:04.363+0000] {dag.py:2915} INFO - Sync 1 DAGs
[2023-10-11T03:43:04.387+0000] {logging_mixin.py:151} INFO - [2023-10-11T03:43:04.387+0000] {dag.py:3696} INFO - Setting next_dagrun for example_sla_dag to 2023-10-11T03:40:00+00:00, run_after=2023-10-11T03:42:00+00:00
[2023-10-11T03:43:04.410+0000] {processor.py:179} INFO - Processing /home/airflow/.local/lib/python3.8/site-packages/airflow/example_dags/example_sla_dag.py took 0.090 seconds
[2023-10-11T03:43:35.131+0000] {processor.py:157} INFO - Started process (PID=539) to work on /home/airflow/.local/lib/python3.8/site-packages/airflow/example_dags/example_sla_dag.py
[2023-10-11T03:43:35.133+0000] {processor.py:829} INFO - Processing file /home/airflow/.local/lib/python3.8/site-packages/airflow/example_dags/example_sla_dag.py for tasks to queue
[2023-10-11T03:43:35.136+0000] {logging_mixin.py:151} INFO - [2023-10-11T03:43:35.136+0000] {dagbag.py:539} INFO - Filling up the DagBag from /home/airflow/.local/lib/python3.8/site-packages/airflow/example_dags/example_sla_dag.py
[2023-10-11T03:43:35.144+0000] {processor.py:839} INFO - DAG(s) dict_keys(['example_sla_dag']) retrieved from /home/airflow/.local/lib/python3.8/site-packages/airflow/example_dags/example_sla_dag.py
[2023-10-11T03:43:35.169+0000] {logging_mixin.py:151} INFO - [2023-10-11T03:43:35.169+0000] {dag.py:2915} INFO - Sync 1 DAGs
[2023-10-11T03:43:35.197+0000] {logging_mixin.py:151} INFO - [2023-10-11T03:43:35.197+0000] {dag.py:3696} INFO - Setting next_dagrun for example_sla_dag to 2023-10-11T03:40:00+00:00, run_after=2023-10-11T03:42:00+00:00
[2023-10-11T03:43:35.223+0000] {processor.py:179} INFO - Processing /home/airflow/.local/lib/python3.8/site-packages/airflow/example_dags/example_sla_dag.py took 0.094 seconds
[2023-10-11T03:44:06.070+0000] {processor.py:157} INFO - Started process (PID=596) to work on /home/airflow/.local/lib/python3.8/site-packages/airflow/example_dags/example_sla_dag.py
[2023-10-11T03:44:06.073+0000] {processor.py:829} INFO - Processing file /home/airflow/.local/lib/python3.8/site-packages/airflow/example_dags/example_sla_dag.py for tasks to queue
[2023-10-11T03:44:06.076+0000] {logging_mixin.py:151} INFO - [2023-10-11T03:44:06.075+0000] {dagbag.py:539} INFO - Filling up the DagBag from /home/airflow/.local/lib/python3.8/site-packages/airflow/example_dags/example_sla_dag.py
[2023-10-11T03:44:06.088+0000] {processor.py:839} INFO - DAG(s) dict_keys(['example_sla_dag']) retrieved from /home/airflow/.local/lib/python3.8/site-packages/airflow/example_dags/example_sla_dag.py
[2023-10-11T03:44:06.119+0000] {logging_mixin.py:151} INFO - [2023-10-11T03:44:06.119+0000] {dag.py:2915} INFO - Sync 1 DAGs
[2023-10-11T03:44:06.162+0000] {logging_mixin.py:151} INFO - [2023-10-11T03:44:06.162+0000] {dag.py:3696} INFO - Setting next_dagrun for example_sla_dag to 2023-10-11T03:42:00+00:00, run_after=2023-10-11T03:44:00+00:00
[2023-10-11T03:44:06.196+0000] {processor.py:179} INFO - Processing /home/airflow/.local/lib/python3.8/site-packages/airflow/example_dags/example_sla_dag.py took 0.131 seconds
[2023-10-11T03:44:36.426+0000] {processor.py:157} INFO - Started process (PID=660) to work on /home/airflow/.local/lib/python3.8/site-packages/airflow/example_dags/example_sla_dag.py
[2023-10-11T03:44:36.428+0000] {processor.py:829} INFO - Processing file /home/airflow/.local/lib/python3.8/site-packages/airflow/example_dags/example_sla_dag.py for tasks to queue
[2023-10-11T03:44:36.430+0000] {logging_mixin.py:151} INFO - [2023-10-11T03:44:36.430+0000] {dagbag.py:539} INFO - Filling up the DagBag from /home/airflow/.local/lib/python3.8/site-packages/airflow/example_dags/example_sla_dag.py
[2023-10-11T03:44:36.441+0000] {processor.py:839} INFO - DAG(s) dict_keys(['example_sla_dag']) retrieved from /home/airflow/.local/lib/python3.8/site-packages/airflow/example_dags/example_sla_dag.py
[2023-10-11T03:44:36.465+0000] {logging_mixin.py:151} INFO - [2023-10-11T03:44:36.465+0000] {dag.py:2915} INFO - Sync 1 DAGs
[2023-10-11T03:44:36.493+0000] {logging_mixin.py:151} INFO - [2023-10-11T03:44:36.493+0000] {dag.py:3696} INFO - Setting next_dagrun for example_sla_dag to 2023-10-11T03:42:00+00:00, run_after=2023-10-11T03:44:00+00:00
[2023-10-11T03:44:36.529+0000] {processor.py:179} INFO - Processing /home/airflow/.local/lib/python3.8/site-packages/airflow/example_dags/example_sla_dag.py took 0.109 seconds
[2023-10-11T03:45:07.118+0000] {processor.py:157} INFO - Started process (PID=717) to work on /home/airflow/.local/lib/python3.8/site-packages/airflow/example_dags/example_sla_dag.py
[2023-10-11T03:45:07.121+0000] {processor.py:829} INFO - Processing file /home/airflow/.local/lib/python3.8/site-packages/airflow/example_dags/example_sla_dag.py for tasks to queue
[2023-10-11T03:45:07.125+0000] {logging_mixin.py:151} INFO - [2023-10-11T03:45:07.125+0000] {dagbag.py:539} INFO - Filling up the DagBag from /home/airflow/.local/lib/python3.8/site-packages/airflow/example_dags/example_sla_dag.py
[2023-10-11T03:45:07.140+0000] {processor.py:839} INFO - DAG(s) dict_keys(['example_sla_dag']) retrieved from /home/airflow/.local/lib/python3.8/site-packages/airflow/example_dags/example_sla_dag.py
[2023-10-11T03:45:07.180+0000] {logging_mixin.py:151} INFO - [2023-10-11T03:45:07.179+0000] {dag.py:2915} INFO - Sync 1 DAGs
[2023-10-11T03:45:07.219+0000] {logging_mixin.py:151} INFO - [2023-10-11T03:45:07.218+0000] {dag.py:3696} INFO - Setting next_dagrun for example_sla_dag to 2023-10-11T03:42:00+00:00, run_after=2023-10-11T03:44:00+00:00
[2023-10-11T03:45:07.254+0000] {processor.py:179} INFO - Processing /home/airflow/.local/lib/python3.8/site-packages/airflow/example_dags/example_sla_dag.py took 0.143 seconds
[2023-10-11T03:45:37.526+0000] {processor.py:157} INFO - Started process (PID=774) to work on /home/airflow/.local/lib/python3.8/site-packages/airflow/example_dags/example_sla_dag.py
[2023-10-11T03:45:37.527+0000] {processor.py:829} INFO - Processing file /home/airflow/.local/lib/python3.8/site-packages/airflow/example_dags/example_sla_dag.py for tasks to queue
[2023-10-11T03:45:37.531+0000] {logging_mixin.py:151} INFO - [2023-10-11T03:45:37.530+0000] {dagbag.py:539} INFO - Filling up the DagBag from /home/airflow/.local/lib/python3.8/site-packages/airflow/example_dags/example_sla_dag.py
[2023-10-11T03:45:37.538+0000] {processor.py:839} INFO - DAG(s) dict_keys(['example_sla_dag']) retrieved from /home/airflow/.local/lib/python3.8/site-packages/airflow/example_dags/example_sla_dag.py
[2023-10-11T03:45:37.559+0000] {logging_mixin.py:151} INFO - [2023-10-11T03:45:37.559+0000] {dag.py:2915} INFO - Sync 1 DAGs
[2023-10-11T03:45:37.582+0000] {logging_mixin.py:151} INFO - [2023-10-11T03:45:37.582+0000] {dag.py:3696} INFO - Setting next_dagrun for example_sla_dag to 2023-10-11T03:42:00+00:00, run_after=2023-10-11T03:44:00+00:00
[2023-10-11T03:45:37.602+0000] {processor.py:179} INFO - Processing /home/airflow/.local/lib/python3.8/site-packages/airflow/example_dags/example_sla_dag.py took 0.079 seconds
[2023-10-11T03:46:07.824+0000] {processor.py:157} INFO - Started process (PID=831) to work on /home/airflow/.local/lib/python3.8/site-packages/airflow/example_dags/example_sla_dag.py
[2023-10-11T03:46:07.825+0000] {processor.py:829} INFO - Processing file /home/airflow/.local/lib/python3.8/site-packages/airflow/example_dags/example_sla_dag.py for tasks to queue
[2023-10-11T03:46:07.828+0000] {logging_mixin.py:151} INFO - [2023-10-11T03:46:07.828+0000] {dagbag.py:539} INFO - Filling up the DagBag from /home/airflow/.local/lib/python3.8/site-packages/airflow/example_dags/example_sla_dag.py
[2023-10-11T03:46:07.836+0000] {processor.py:839} INFO - DAG(s) dict_keys(['example_sla_dag']) retrieved from /home/airflow/.local/lib/python3.8/site-packages/airflow/example_dags/example_sla_dag.py
[2023-10-11T03:46:07.860+0000] {logging_mixin.py:151} INFO - [2023-10-11T03:46:07.860+0000] {dag.py:2915} INFO - Sync 1 DAGs
[2023-10-11T03:46:07.894+0000] {logging_mixin.py:151} INFO - [2023-10-11T03:46:07.894+0000] {dag.py:3696} INFO - Setting next_dagrun for example_sla_dag to 2023-10-11T03:44:00+00:00, run_after=2023-10-11T03:46:00+00:00
[2023-10-11T03:46:07.917+0000] {processor.py:179} INFO - Processing /home/airflow/.local/lib/python3.8/site-packages/airflow/example_dags/example_sla_dag.py took 0.096 seconds
[2023-10-11T03:46:38.919+0000] {processor.py:157} INFO - Started process (PID=888) to work on /home/airflow/.local/lib/python3.8/site-packages/airflow/example_dags/example_sla_dag.py
[2023-10-11T03:46:38.921+0000] {processor.py:829} INFO - Processing file /home/airflow/.local/lib/python3.8/site-packages/airflow/example_dags/example_sla_dag.py for tasks to queue
[2023-10-11T03:46:38.923+0000] {logging_mixin.py:151} INFO - [2023-10-11T03:46:38.923+0000] {dagbag.py:539} INFO - Filling up the DagBag from /home/airflow/.local/lib/python3.8/site-packages/airflow/example_dags/example_sla_dag.py
[2023-10-11T03:46:38.931+0000] {processor.py:839} INFO - DAG(s) dict_keys(['example_sla_dag']) retrieved from /home/airflow/.local/lib/python3.8/site-packages/airflow/example_dags/example_sla_dag.py
[2023-10-11T03:46:38.950+0000] {logging_mixin.py:151} INFO - [2023-10-11T03:46:38.950+0000] {dag.py:2915} INFO - Sync 1 DAGs
[2023-10-11T03:46:38.972+0000] {logging_mixin.py:151} INFO - [2023-10-11T03:46:38.972+0000] {dag.py:3696} INFO - Setting next_dagrun for example_sla_dag to 2023-10-11T03:44:00+00:00, run_after=2023-10-11T03:46:00+00:00
[2023-10-11T03:46:38.993+0000] {processor.py:179} INFO - Processing /home/airflow/.local/lib/python3.8/site-packages/airflow/example_dags/example_sla_dag.py took 0.077 seconds
[2023-10-11T03:47:09.284+0000] {processor.py:157} INFO - Started process (PID=945) to work on /home/airflow/.local/lib/python3.8/site-packages/airflow/example_dags/example_sla_dag.py
[2023-10-11T03:47:09.285+0000] {processor.py:829} INFO - Processing file /home/airflow/.local/lib/python3.8/site-packages/airflow/example_dags/example_sla_dag.py for tasks to queue
[2023-10-11T03:47:09.288+0000] {logging_mixin.py:151} INFO - [2023-10-11T03:47:09.287+0000] {dagbag.py:539} INFO - Filling up the DagBag from /home/airflow/.local/lib/python3.8/site-packages/airflow/example_dags/example_sla_dag.py
[2023-10-11T03:47:09.295+0000] {processor.py:839} INFO - DAG(s) dict_keys(['example_sla_dag']) retrieved from /home/airflow/.local/lib/python3.8/site-packages/airflow/example_dags/example_sla_dag.py
[2023-10-11T03:47:09.317+0000] {logging_mixin.py:151} INFO - [2023-10-11T03:47:09.317+0000] {dag.py:2915} INFO - Sync 1 DAGs
[2023-10-11T03:47:09.342+0000] {logging_mixin.py:151} INFO - [2023-10-11T03:47:09.342+0000] {dag.py:3696} INFO - Setting next_dagrun for example_sla_dag to 2023-10-11T03:44:00+00:00, run_after=2023-10-11T03:46:00+00:00
[2023-10-11T03:47:09.365+0000] {processor.py:179} INFO - Processing /home/airflow/.local/lib/python3.8/site-packages/airflow/example_dags/example_sla_dag.py took 0.084 seconds
[2023-10-11T03:47:39.515+0000] {processor.py:157} INFO - Started process (PID=1002) to work on /home/airflow/.local/lib/python3.8/site-packages/airflow/example_dags/example_sla_dag.py
[2023-10-11T03:47:39.517+0000] {processor.py:829} INFO - Processing file /home/airflow/.local/lib/python3.8/site-packages/airflow/example_dags/example_sla_dag.py for tasks to queue
[2023-10-11T03:47:39.520+0000] {logging_mixin.py:151} INFO - [2023-10-11T03:47:39.520+0000] {dagbag.py:539} INFO - Filling up the DagBag from /home/airflow/.local/lib/python3.8/site-packages/airflow/example_dags/example_sla_dag.py
[2023-10-11T03:47:39.528+0000] {processor.py:839} INFO - DAG(s) dict_keys(['example_sla_dag']) retrieved from /home/airflow/.local/lib/python3.8/site-packages/airflow/example_dags/example_sla_dag.py
[2023-10-11T03:47:39.548+0000] {logging_mixin.py:151} INFO - [2023-10-11T03:47:39.548+0000] {dag.py:2915} INFO - Sync 1 DAGs
[2023-10-11T03:47:39.569+0000] {logging_mixin.py:151} INFO - [2023-10-11T03:47:39.568+0000] {dag.py:3696} INFO - Setting next_dagrun for example_sla_dag to 2023-10-11T03:44:00+00:00, run_after=2023-10-11T03:46:00+00:00
[2023-10-11T03:47:39.591+0000] {processor.py:179} INFO - Processing /home/airflow/.local/lib/python3.8/site-packages/airflow/example_dags/example_sla_dag.py took 0.079 seconds
[2023-10-11T03:48:09.989+0000] {processor.py:157} INFO - Started process (PID=1059) to work on /home/airflow/.local/lib/python3.8/site-packages/airflow/example_dags/example_sla_dag.py
[2023-10-11T03:48:09.991+0000] {processor.py:829} INFO - Processing file /home/airflow/.local/lib/python3.8/site-packages/airflow/example_dags/example_sla_dag.py for tasks to queue
[2023-10-11T03:48:09.994+0000] {logging_mixin.py:151} INFO - [2023-10-11T03:48:09.994+0000] {dagbag.py:539} INFO - Filling up the DagBag from /home/airflow/.local/lib/python3.8/site-packages/airflow/example_dags/example_sla_dag.py
[2023-10-11T03:48:10.003+0000] {processor.py:839} INFO - DAG(s) dict_keys(['example_sla_dag']) retrieved from /home/airflow/.local/lib/python3.8/site-packages/airflow/example_dags/example_sla_dag.py
[2023-10-11T03:48:10.024+0000] {logging_mixin.py:151} INFO - [2023-10-11T03:48:10.024+0000] {dag.py:2915} INFO - Sync 1 DAGs
[2023-10-11T03:48:10.046+0000] {logging_mixin.py:151} INFO - [2023-10-11T03:48:10.046+0000] {dag.py:3696} INFO - Setting next_dagrun for example_sla_dag to 2023-10-11T03:46:00+00:00, run_after=2023-10-11T03:48:00+00:00
[2023-10-11T03:48:10.066+0000] {processor.py:179} INFO - Processing /home/airflow/.local/lib/python3.8/site-packages/airflow/example_dags/example_sla_dag.py took 0.081 seconds
[2023-10-11T03:48:40.515+0000] {processor.py:157} INFO - Started process (PID=1116) to work on /home/airflow/.local/lib/python3.8/site-packages/airflow/example_dags/example_sla_dag.py
[2023-10-11T03:48:40.516+0000] {processor.py:829} INFO - Processing file /home/airflow/.local/lib/python3.8/site-packages/airflow/example_dags/example_sla_dag.py for tasks to queue
[2023-10-11T03:48:40.519+0000] {logging_mixin.py:151} INFO - [2023-10-11T03:48:40.519+0000] {dagbag.py:539} INFO - Filling up the DagBag from /home/airflow/.local/lib/python3.8/site-packages/airflow/example_dags/example_sla_dag.py
[2023-10-11T03:48:40.530+0000] {processor.py:839} INFO - DAG(s) dict_keys(['example_sla_dag']) retrieved from /home/airflow/.local/lib/python3.8/site-packages/airflow/example_dags/example_sla_dag.py
[2023-10-11T03:48:40.553+0000] {logging_mixin.py:151} INFO - [2023-10-11T03:48:40.552+0000] {dag.py:2915} INFO - Sync 1 DAGs
[2023-10-11T03:48:40.579+0000] {logging_mixin.py:151} INFO - [2023-10-11T03:48:40.578+0000] {dag.py:3696} INFO - Setting next_dagrun for example_sla_dag to 2023-10-11T03:46:00+00:00, run_after=2023-10-11T03:48:00+00:00
[2023-10-11T03:48:40.605+0000] {processor.py:179} INFO - Processing /home/airflow/.local/lib/python3.8/site-packages/airflow/example_dags/example_sla_dag.py took 0.094 seconds
[2023-10-11T03:49:11.040+0000] {processor.py:157} INFO - Started process (PID=1173) to work on /home/airflow/.local/lib/python3.8/site-packages/airflow/example_dags/example_sla_dag.py
[2023-10-11T03:49:11.042+0000] {processor.py:829} INFO - Processing file /home/airflow/.local/lib/python3.8/site-packages/airflow/example_dags/example_sla_dag.py for tasks to queue
[2023-10-11T03:49:11.045+0000] {logging_mixin.py:151} INFO - [2023-10-11T03:49:11.044+0000] {dagbag.py:539} INFO - Filling up the DagBag from /home/airflow/.local/lib/python3.8/site-packages/airflow/example_dags/example_sla_dag.py
[2023-10-11T03:49:11.053+0000] {processor.py:839} INFO - DAG(s) dict_keys(['example_sla_dag']) retrieved from /home/airflow/.local/lib/python3.8/site-packages/airflow/example_dags/example_sla_dag.py
[2023-10-11T03:49:11.076+0000] {logging_mixin.py:151} INFO - [2023-10-11T03:49:11.076+0000] {dag.py:2915} INFO - Sync 1 DAGs
[2023-10-11T03:49:11.099+0000] {logging_mixin.py:151} INFO - [2023-10-11T03:49:11.099+0000] {dag.py:3696} INFO - Setting next_dagrun for example_sla_dag to 2023-10-11T03:46:00+00:00, run_after=2023-10-11T03:48:00+00:00
[2023-10-11T03:49:11.120+0000] {processor.py:179} INFO - Processing /home/airflow/.local/lib/python3.8/site-packages/airflow/example_dags/example_sla_dag.py took 0.083 seconds
[2023-10-11T03:49:41.560+0000] {processor.py:157} INFO - Started process (PID=1230) to work on /home/airflow/.local/lib/python3.8/site-packages/airflow/example_dags/example_sla_dag.py
[2023-10-11T03:49:41.562+0000] {processor.py:829} INFO - Processing file /home/airflow/.local/lib/python3.8/site-packages/airflow/example_dags/example_sla_dag.py for tasks to queue
[2023-10-11T03:49:41.565+0000] {logging_mixin.py:151} INFO - [2023-10-11T03:49:41.565+0000] {dagbag.py:539} INFO - Filling up the DagBag from /home/airflow/.local/lib/python3.8/site-packages/airflow/example_dags/example_sla_dag.py
[2023-10-11T03:49:41.573+0000] {processor.py:839} INFO - DAG(s) dict_keys(['example_sla_dag']) retrieved from /home/airflow/.local/lib/python3.8/site-packages/airflow/example_dags/example_sla_dag.py
[2023-10-11T03:49:41.595+0000] {logging_mixin.py:151} INFO - [2023-10-11T03:49:41.595+0000] {dag.py:2915} INFO - Sync 1 DAGs
[2023-10-11T03:49:41.619+0000] {logging_mixin.py:151} INFO - [2023-10-11T03:49:41.619+0000] {dag.py:3696} INFO - Setting next_dagrun for example_sla_dag to 2023-10-11T03:46:00+00:00, run_after=2023-10-11T03:48:00+00:00
[2023-10-11T03:49:41.639+0000] {processor.py:179} INFO - Processing /home/airflow/.local/lib/python3.8/site-packages/airflow/example_dags/example_sla_dag.py took 0.081 seconds
[2023-10-11T03:50:11.952+0000] {processor.py:157} INFO - Started process (PID=1287) to work on /home/airflow/.local/lib/python3.8/site-packages/airflow/example_dags/example_sla_dag.py
[2023-10-11T03:50:11.953+0000] {processor.py:829} INFO - Processing file /home/airflow/.local/lib/python3.8/site-packages/airflow/example_dags/example_sla_dag.py for tasks to queue
[2023-10-11T03:50:11.956+0000] {logging_mixin.py:151} INFO - [2023-10-11T03:50:11.955+0000] {dagbag.py:539} INFO - Filling up the DagBag from /home/airflow/.local/lib/python3.8/site-packages/airflow/example_dags/example_sla_dag.py
[2023-10-11T03:50:11.965+0000] {processor.py:839} INFO - DAG(s) dict_keys(['example_sla_dag']) retrieved from /home/airflow/.local/lib/python3.8/site-packages/airflow/example_dags/example_sla_dag.py
[2023-10-11T03:50:11.987+0000] {logging_mixin.py:151} INFO - [2023-10-11T03:50:11.986+0000] {dag.py:2915} INFO - Sync 1 DAGs
[2023-10-11T03:50:12.012+0000] {logging_mixin.py:151} INFO - [2023-10-11T03:50:12.012+0000] {dag.py:3696} INFO - Setting next_dagrun for example_sla_dag to 2023-10-11T03:48:00+00:00, run_after=2023-10-11T03:50:00+00:00
[2023-10-11T03:50:12.034+0000] {processor.py:179} INFO - Processing /home/airflow/.local/lib/python3.8/site-packages/airflow/example_dags/example_sla_dag.py took 0.085 seconds
[2023-10-11T03:50:42.350+0000] {processor.py:157} INFO - Started process (PID=1344) to work on /home/airflow/.local/lib/python3.8/site-packages/airflow/example_dags/example_sla_dag.py
[2023-10-11T03:50:42.352+0000] {processor.py:829} INFO - Processing file /home/airflow/.local/lib/python3.8/site-packages/airflow/example_dags/example_sla_dag.py for tasks to queue
[2023-10-11T03:50:42.355+0000] {logging_mixin.py:151} INFO - [2023-10-11T03:50:42.354+0000] {dagbag.py:539} INFO - Filling up the DagBag from /home/airflow/.local/lib/python3.8/site-packages/airflow/example_dags/example_sla_dag.py
[2023-10-11T03:50:42.363+0000] {processor.py:839} INFO - DAG(s) dict_keys(['example_sla_dag']) retrieved from /home/airflow/.local/lib/python3.8/site-packages/airflow/example_dags/example_sla_dag.py
[2023-10-11T03:50:42.382+0000] {logging_mixin.py:151} INFO - [2023-10-11T03:50:42.382+0000] {dag.py:2915} INFO - Sync 1 DAGs
[2023-10-11T03:50:42.404+0000] {logging_mixin.py:151} INFO - [2023-10-11T03:50:42.403+0000] {dag.py:3696} INFO - Setting next_dagrun for example_sla_dag to 2023-10-11T03:48:00+00:00, run_after=2023-10-11T03:50:00+00:00
[2023-10-11T03:50:42.426+0000] {processor.py:179} INFO - Processing /home/airflow/.local/lib/python3.8/site-packages/airflow/example_dags/example_sla_dag.py took 0.078 seconds
[2023-10-11T03:51:13.039+0000] {processor.py:157} INFO - Started process (PID=1401) to work on /home/airflow/.local/lib/python3.8/site-packages/airflow/example_dags/example_sla_dag.py
[2023-10-11T03:51:13.041+0000] {processor.py:829} INFO - Processing file /home/airflow/.local/lib/python3.8/site-packages/airflow/example_dags/example_sla_dag.py for tasks to queue
[2023-10-11T03:51:13.043+0000] {logging_mixin.py:151} INFO - [2023-10-11T03:51:13.043+0000] {dagbag.py:539} INFO - Filling up the DagBag from /home/airflow/.local/lib/python3.8/site-packages/airflow/example_dags/example_sla_dag.py
[2023-10-11T03:51:13.050+0000] {processor.py:839} INFO - DAG(s) dict_keys(['example_sla_dag']) retrieved from /home/airflow/.local/lib/python3.8/site-packages/airflow/example_dags/example_sla_dag.py
[2023-10-11T03:51:13.074+0000] {logging_mixin.py:151} INFO - [2023-10-11T03:51:13.074+0000] {dag.py:2915} INFO - Sync 1 DAGs
[2023-10-11T03:51:13.096+0000] {logging_mixin.py:151} INFO - [2023-10-11T03:51:13.096+0000] {dag.py:3696} INFO - Setting next_dagrun for example_sla_dag to 2023-10-11T03:48:00+00:00, run_after=2023-10-11T03:50:00+00:00
[2023-10-11T03:51:13.118+0000] {processor.py:179} INFO - Processing /home/airflow/.local/lib/python3.8/site-packages/airflow/example_dags/example_sla_dag.py took 0.082 seconds
[2023-10-11T03:51:43.330+0000] {processor.py:157} INFO - Started process (PID=1458) to work on /home/airflow/.local/lib/python3.8/site-packages/airflow/example_dags/example_sla_dag.py
[2023-10-11T03:51:43.332+0000] {processor.py:829} INFO - Processing file /home/airflow/.local/lib/python3.8/site-packages/airflow/example_dags/example_sla_dag.py for tasks to queue
[2023-10-11T03:51:43.335+0000] {logging_mixin.py:151} INFO - [2023-10-11T03:51:43.335+0000] {dagbag.py:539} INFO - Filling up the DagBag from /home/airflow/.local/lib/python3.8/site-packages/airflow/example_dags/example_sla_dag.py
[2023-10-11T03:51:43.347+0000] {processor.py:839} INFO - DAG(s) dict_keys(['example_sla_dag']) retrieved from /home/airflow/.local/lib/python3.8/site-packages/airflow/example_dags/example_sla_dag.py
[2023-10-11T03:51:43.373+0000] {logging_mixin.py:151} INFO - [2023-10-11T03:51:43.373+0000] {dag.py:2915} INFO - Sync 1 DAGs
[2023-10-11T03:51:43.400+0000] {logging_mixin.py:151} INFO - [2023-10-11T03:51:43.399+0000] {dag.py:3696} INFO - Setting next_dagrun for example_sla_dag to 2023-10-11T03:48:00+00:00, run_after=2023-10-11T03:50:00+00:00
[2023-10-11T03:51:43.419+0000] {processor.py:179} INFO - Processing /home/airflow/.local/lib/python3.8/site-packages/airflow/example_dags/example_sla_dag.py took 0.093 seconds
[2023-10-11T03:52:13.786+0000] {processor.py:157} INFO - Started process (PID=1515) to work on /home/airflow/.local/lib/python3.8/site-packages/airflow/example_dags/example_sla_dag.py
[2023-10-11T03:52:13.788+0000] {processor.py:829} INFO - Processing file /home/airflow/.local/lib/python3.8/site-packages/airflow/example_dags/example_sla_dag.py for tasks to queue
[2023-10-11T03:52:13.791+0000] {logging_mixin.py:151} INFO - [2023-10-11T03:52:13.791+0000] {dagbag.py:539} INFO - Filling up the DagBag from /home/airflow/.local/lib/python3.8/site-packages/airflow/example_dags/example_sla_dag.py
[2023-10-11T03:52:13.799+0000] {processor.py:839} INFO - DAG(s) dict_keys(['example_sla_dag']) retrieved from /home/airflow/.local/lib/python3.8/site-packages/airflow/example_dags/example_sla_dag.py
[2023-10-11T03:52:13.824+0000] {logging_mixin.py:151} INFO - [2023-10-11T03:52:13.824+0000] {dag.py:2915} INFO - Sync 1 DAGs
[2023-10-11T03:52:13.850+0000] {logging_mixin.py:151} INFO - [2023-10-11T03:52:13.850+0000] {dag.py:3696} INFO - Setting next_dagrun for example_sla_dag to 2023-10-11T03:50:00+00:00, run_after=2023-10-11T03:52:00+00:00
[2023-10-11T03:52:13.873+0000] {processor.py:179} INFO - Processing /home/airflow/.local/lib/python3.8/site-packages/airflow/example_dags/example_sla_dag.py took 0.090 seconds
[2023-10-11T03:52:44.143+0000] {processor.py:157} INFO - Started process (PID=1572) to work on /home/airflow/.local/lib/python3.8/site-packages/airflow/example_dags/example_sla_dag.py
[2023-10-11T03:52:44.145+0000] {processor.py:829} INFO - Processing file /home/airflow/.local/lib/python3.8/site-packages/airflow/example_dags/example_sla_dag.py for tasks to queue
[2023-10-11T03:52:44.148+0000] {logging_mixin.py:151} INFO - [2023-10-11T03:52:44.148+0000] {dagbag.py:539} INFO - Filling up the DagBag from /home/airflow/.local/lib/python3.8/site-packages/airflow/example_dags/example_sla_dag.py
[2023-10-11T03:52:44.158+0000] {processor.py:839} INFO - DAG(s) dict_keys(['example_sla_dag']) retrieved from /home/airflow/.local/lib/python3.8/site-packages/airflow/example_dags/example_sla_dag.py
[2023-10-11T03:52:44.179+0000] {logging_mixin.py:151} INFO - [2023-10-11T03:52:44.179+0000] {dag.py:2915} INFO - Sync 1 DAGs
[2023-10-11T03:52:44.200+0000] {logging_mixin.py:151} INFO - [2023-10-11T03:52:44.200+0000] {dag.py:3696} INFO - Setting next_dagrun for example_sla_dag to 2023-10-11T03:50:00+00:00, run_after=2023-10-11T03:52:00+00:00
[2023-10-11T03:52:44.218+0000] {processor.py:179} INFO - Processing /home/airflow/.local/lib/python3.8/site-packages/airflow/example_dags/example_sla_dag.py took 0.079 seconds
[2023-10-11T03:53:14.258+0000] {processor.py:157} INFO - Started process (PID=1629) to work on /home/airflow/.local/lib/python3.8/site-packages/airflow/example_dags/example_sla_dag.py
[2023-10-11T03:53:14.259+0000] {processor.py:829} INFO - Processing file /home/airflow/.local/lib/python3.8/site-packages/airflow/example_dags/example_sla_dag.py for tasks to queue
[2023-10-11T03:53:14.262+0000] {logging_mixin.py:151} INFO - [2023-10-11T03:53:14.261+0000] {dagbag.py:539} INFO - Filling up the DagBag from /home/airflow/.local/lib/python3.8/site-packages/airflow/example_dags/example_sla_dag.py
[2023-10-11T03:53:14.271+0000] {processor.py:839} INFO - DAG(s) dict_keys(['example_sla_dag']) retrieved from /home/airflow/.local/lib/python3.8/site-packages/airflow/example_dags/example_sla_dag.py
[2023-10-11T03:53:14.293+0000] {logging_mixin.py:151} INFO - [2023-10-11T03:53:14.293+0000] {dag.py:2915} INFO - Sync 1 DAGs
[2023-10-11T03:53:14.317+0000] {logging_mixin.py:151} INFO - [2023-10-11T03:53:14.317+0000] {dag.py:3696} INFO - Setting next_dagrun for example_sla_dag to 2023-10-11T03:50:00+00:00, run_after=2023-10-11T03:52:00+00:00
[2023-10-11T03:53:14.336+0000] {processor.py:179} INFO - Processing /home/airflow/.local/lib/python3.8/site-packages/airflow/example_dags/example_sla_dag.py took 0.081 seconds
[2023-10-11T03:53:44.675+0000] {processor.py:157} INFO - Started process (PID=1686) to work on /home/airflow/.local/lib/python3.8/site-packages/airflow/example_dags/example_sla_dag.py
[2023-10-11T03:53:44.676+0000] {processor.py:829} INFO - Processing file /home/airflow/.local/lib/python3.8/site-packages/airflow/example_dags/example_sla_dag.py for tasks to queue
[2023-10-11T03:53:44.679+0000] {logging_mixin.py:151} INFO - [2023-10-11T03:53:44.678+0000] {dagbag.py:539} INFO - Filling up the DagBag from /home/airflow/.local/lib/python3.8/site-packages/airflow/example_dags/example_sla_dag.py
[2023-10-11T03:53:44.689+0000] {processor.py:839} INFO - DAG(s) dict_keys(['example_sla_dag']) retrieved from /home/airflow/.local/lib/python3.8/site-packages/airflow/example_dags/example_sla_dag.py
[2023-10-11T03:53:44.709+0000] {logging_mixin.py:151} INFO - [2023-10-11T03:53:44.709+0000] {dag.py:2915} INFO - Sync 1 DAGs
[2023-10-11T03:53:44.733+0000] {logging_mixin.py:151} INFO - [2023-10-11T03:53:44.733+0000] {dag.py:3696} INFO - Setting next_dagrun for example_sla_dag to 2023-10-11T03:50:00+00:00, run_after=2023-10-11T03:52:00+00:00
[2023-10-11T03:53:44.754+0000] {processor.py:179} INFO - Processing /home/airflow/.local/lib/python3.8/site-packages/airflow/example_dags/example_sla_dag.py took 0.082 seconds
[2023-10-11T03:54:14.952+0000] {processor.py:157} INFO - Started process (PID=1743) to work on /home/airflow/.local/lib/python3.8/site-packages/airflow/example_dags/example_sla_dag.py
[2023-10-11T03:54:14.953+0000] {processor.py:829} INFO - Processing file /home/airflow/.local/lib/python3.8/site-packages/airflow/example_dags/example_sla_dag.py for tasks to queue
[2023-10-11T03:54:14.956+0000] {logging_mixin.py:151} INFO - [2023-10-11T03:54:14.956+0000] {dagbag.py:539} INFO - Filling up the DagBag from /home/airflow/.local/lib/python3.8/site-packages/airflow/example_dags/example_sla_dag.py
[2023-10-11T03:54:14.964+0000] {processor.py:839} INFO - DAG(s) dict_keys(['example_sla_dag']) retrieved from /home/airflow/.local/lib/python3.8/site-packages/airflow/example_dags/example_sla_dag.py
[2023-10-11T03:54:14.988+0000] {logging_mixin.py:151} INFO - [2023-10-11T03:54:14.987+0000] {dag.py:2915} INFO - Sync 1 DAGs
[2023-10-11T03:54:15.010+0000] {logging_mixin.py:151} INFO - [2023-10-11T03:54:15.009+0000] {dag.py:3696} INFO - Setting next_dagrun for example_sla_dag to 2023-10-11T03:52:00+00:00, run_after=2023-10-11T03:54:00+00:00
[2023-10-11T03:54:15.032+0000] {processor.py:179} INFO - Processing /home/airflow/.local/lib/python3.8/site-packages/airflow/example_dags/example_sla_dag.py took 0.083 seconds
[2023-10-11T03:54:45.120+0000] {processor.py:157} INFO - Started process (PID=1800) to work on /home/airflow/.local/lib/python3.8/site-packages/airflow/example_dags/example_sla_dag.py
[2023-10-11T03:54:45.121+0000] {processor.py:829} INFO - Processing file /home/airflow/.local/lib/python3.8/site-packages/airflow/example_dags/example_sla_dag.py for tasks to queue
[2023-10-11T03:54:45.125+0000] {logging_mixin.py:151} INFO - [2023-10-11T03:54:45.124+0000] {dagbag.py:539} INFO - Filling up the DagBag from /home/airflow/.local/lib/python3.8/site-packages/airflow/example_dags/example_sla_dag.py
[2023-10-11T03:54:45.132+0000] {processor.py:839} INFO - DAG(s) dict_keys(['example_sla_dag']) retrieved from /home/airflow/.local/lib/python3.8/site-packages/airflow/example_dags/example_sla_dag.py
[2023-10-11T03:54:45.154+0000] {logging_mixin.py:151} INFO - [2023-10-11T03:54:45.154+0000] {dag.py:2915} INFO - Sync 1 DAGs
[2023-10-11T03:54:45.175+0000] {logging_mixin.py:151} INFO - [2023-10-11T03:54:45.175+0000] {dag.py:3696} INFO - Setting next_dagrun for example_sla_dag to 2023-10-11T03:52:00+00:00, run_after=2023-10-11T03:54:00+00:00
[2023-10-11T03:54:45.196+0000] {processor.py:179} INFO - Processing /home/airflow/.local/lib/python3.8/site-packages/airflow/example_dags/example_sla_dag.py took 0.079 seconds
[2023-10-11T03:55:15.535+0000] {processor.py:157} INFO - Started process (PID=1857) to work on /home/airflow/.local/lib/python3.8/site-packages/airflow/example_dags/example_sla_dag.py
[2023-10-11T03:55:15.537+0000] {processor.py:829} INFO - Processing file /home/airflow/.local/lib/python3.8/site-packages/airflow/example_dags/example_sla_dag.py for tasks to queue
[2023-10-11T03:55:15.541+0000] {logging_mixin.py:151} INFO - [2023-10-11T03:55:15.540+0000] {dagbag.py:539} INFO - Filling up the DagBag from /home/airflow/.local/lib/python3.8/site-packages/airflow/example_dags/example_sla_dag.py
[2023-10-11T03:55:15.548+0000] {processor.py:839} INFO - DAG(s) dict_keys(['example_sla_dag']) retrieved from /home/airflow/.local/lib/python3.8/site-packages/airflow/example_dags/example_sla_dag.py
[2023-10-11T03:55:15.570+0000] {logging_mixin.py:151} INFO - [2023-10-11T03:55:15.569+0000] {dag.py:2915} INFO - Sync 1 DAGs
[2023-10-11T03:55:15.589+0000] {logging_mixin.py:151} INFO - [2023-10-11T03:55:15.589+0000] {dag.py:3696} INFO - Setting next_dagrun for example_sla_dag to 2023-10-11T03:52:00+00:00, run_after=2023-10-11T03:54:00+00:00
[2023-10-11T03:55:15.609+0000] {processor.py:179} INFO - Processing /home/airflow/.local/lib/python3.8/site-packages/airflow/example_dags/example_sla_dag.py took 0.077 seconds
[2023-10-11T03:55:45.950+0000] {processor.py:157} INFO - Started process (PID=1914) to work on /home/airflow/.local/lib/python3.8/site-packages/airflow/example_dags/example_sla_dag.py
[2023-10-11T03:55:45.951+0000] {processor.py:829} INFO - Processing file /home/airflow/.local/lib/python3.8/site-packages/airflow/example_dags/example_sla_dag.py for tasks to queue
[2023-10-11T03:55:45.955+0000] {logging_mixin.py:151} INFO - [2023-10-11T03:55:45.954+0000] {dagbag.py:539} INFO - Filling up the DagBag from /home/airflow/.local/lib/python3.8/site-packages/airflow/example_dags/example_sla_dag.py
[2023-10-11T03:55:45.963+0000] {processor.py:839} INFO - DAG(s) dict_keys(['example_sla_dag']) retrieved from /home/airflow/.local/lib/python3.8/site-packages/airflow/example_dags/example_sla_dag.py
[2023-10-11T03:55:45.984+0000] {logging_mixin.py:151} INFO - [2023-10-11T03:55:45.984+0000] {dag.py:2915} INFO - Sync 1 DAGs
[2023-10-11T03:55:46.012+0000] {logging_mixin.py:151} INFO - [2023-10-11T03:55:46.011+0000] {dag.py:3696} INFO - Setting next_dagrun for example_sla_dag to 2023-10-11T03:52:00+00:00, run_after=2023-10-11T03:54:00+00:00
[2023-10-11T03:55:46.034+0000] {processor.py:179} INFO - Processing /home/airflow/.local/lib/python3.8/site-packages/airflow/example_dags/example_sla_dag.py took 0.088 seconds
[2023-10-11T03:56:16.742+0000] {processor.py:157} INFO - Started process (PID=1971) to work on /home/airflow/.local/lib/python3.8/site-packages/airflow/example_dags/example_sla_dag.py
[2023-10-11T03:56:16.743+0000] {processor.py:829} INFO - Processing file /home/airflow/.local/lib/python3.8/site-packages/airflow/example_dags/example_sla_dag.py for tasks to queue
[2023-10-11T03:56:16.745+0000] {logging_mixin.py:151} INFO - [2023-10-11T03:56:16.745+0000] {dagbag.py:539} INFO - Filling up the DagBag from /home/airflow/.local/lib/python3.8/site-packages/airflow/example_dags/example_sla_dag.py
[2023-10-11T03:56:16.754+0000] {processor.py:839} INFO - DAG(s) dict_keys(['example_sla_dag']) retrieved from /home/airflow/.local/lib/python3.8/site-packages/airflow/example_dags/example_sla_dag.py
[2023-10-11T03:56:16.776+0000] {logging_mixin.py:151} INFO - [2023-10-11T03:56:16.775+0000] {dag.py:2915} INFO - Sync 1 DAGs
[2023-10-11T03:56:16.801+0000] {logging_mixin.py:151} INFO - [2023-10-11T03:56:16.801+0000] {dag.py:3696} INFO - Setting next_dagrun for example_sla_dag to 2023-10-11T03:54:00+00:00, run_after=2023-10-11T03:56:00+00:00
[2023-10-11T03:56:16.821+0000] {processor.py:179} INFO - Processing /home/airflow/.local/lib/python3.8/site-packages/airflow/example_dags/example_sla_dag.py took 0.082 seconds
[2023-10-11T03:56:47.057+0000] {processor.py:157} INFO - Started process (PID=2028) to work on /home/airflow/.local/lib/python3.8/site-packages/airflow/example_dags/example_sla_dag.py
[2023-10-11T03:56:47.058+0000] {processor.py:829} INFO - Processing file /home/airflow/.local/lib/python3.8/site-packages/airflow/example_dags/example_sla_dag.py for tasks to queue
[2023-10-11T03:56:47.061+0000] {logging_mixin.py:151} INFO - [2023-10-11T03:56:47.060+0000] {dagbag.py:539} INFO - Filling up the DagBag from /home/airflow/.local/lib/python3.8/site-packages/airflow/example_dags/example_sla_dag.py
[2023-10-11T03:56:47.071+0000] {processor.py:839} INFO - DAG(s) dict_keys(['example_sla_dag']) retrieved from /home/airflow/.local/lib/python3.8/site-packages/airflow/example_dags/example_sla_dag.py
[2023-10-11T03:56:47.092+0000] {logging_mixin.py:151} INFO - [2023-10-11T03:56:47.092+0000] {dag.py:2915} INFO - Sync 1 DAGs
[2023-10-11T03:56:47.114+0000] {logging_mixin.py:151} INFO - [2023-10-11T03:56:47.114+0000] {dag.py:3696} INFO - Setting next_dagrun for example_sla_dag to 2023-10-11T03:54:00+00:00, run_after=2023-10-11T03:56:00+00:00
[2023-10-11T03:56:47.137+0000] {processor.py:179} INFO - Processing /home/airflow/.local/lib/python3.8/site-packages/airflow/example_dags/example_sla_dag.py took 0.083 seconds
[2023-10-11T03:57:17.894+0000] {processor.py:157} INFO - Started process (PID=2085) to work on /home/airflow/.local/lib/python3.8/site-packages/airflow/example_dags/example_sla_dag.py
[2023-10-11T03:57:17.896+0000] {processor.py:829} INFO - Processing file /home/airflow/.local/lib/python3.8/site-packages/airflow/example_dags/example_sla_dag.py for tasks to queue
[2023-10-11T03:57:17.900+0000] {logging_mixin.py:151} INFO - [2023-10-11T03:57:17.899+0000] {dagbag.py:539} INFO - Filling up the DagBag from /home/airflow/.local/lib/python3.8/site-packages/airflow/example_dags/example_sla_dag.py
[2023-10-11T03:57:17.917+0000] {processor.py:839} INFO - DAG(s) dict_keys(['example_sla_dag']) retrieved from /home/airflow/.local/lib/python3.8/site-packages/airflow/example_dags/example_sla_dag.py
[2023-10-11T03:57:17.963+0000] {logging_mixin.py:151} INFO - [2023-10-11T03:57:17.963+0000] {dag.py:2915} INFO - Sync 1 DAGs
[2023-10-11T03:57:18.003+0000] {logging_mixin.py:151} INFO - [2023-10-11T03:57:18.003+0000] {dag.py:3696} INFO - Setting next_dagrun for example_sla_dag to 2023-10-11T03:54:00+00:00, run_after=2023-10-11T03:56:00+00:00
[2023-10-11T03:57:18.036+0000] {processor.py:179} INFO - Processing /home/airflow/.local/lib/python3.8/site-packages/airflow/example_dags/example_sla_dag.py took 0.148 seconds
[2023-10-11T03:57:48.347+0000] {processor.py:157} INFO - Started process (PID=2142) to work on /home/airflow/.local/lib/python3.8/site-packages/airflow/example_dags/example_sla_dag.py
[2023-10-11T03:57:48.349+0000] {processor.py:829} INFO - Processing file /home/airflow/.local/lib/python3.8/site-packages/airflow/example_dags/example_sla_dag.py for tasks to queue
[2023-10-11T03:57:48.352+0000] {logging_mixin.py:151} INFO - [2023-10-11T03:57:48.351+0000] {dagbag.py:539} INFO - Filling up the DagBag from /home/airflow/.local/lib/python3.8/site-packages/airflow/example_dags/example_sla_dag.py
[2023-10-11T03:57:48.359+0000] {processor.py:839} INFO - DAG(s) dict_keys(['example_sla_dag']) retrieved from /home/airflow/.local/lib/python3.8/site-packages/airflow/example_dags/example_sla_dag.py
[2023-10-11T03:57:48.380+0000] {logging_mixin.py:151} INFO - [2023-10-11T03:57:48.380+0000] {dag.py:2915} INFO - Sync 1 DAGs
[2023-10-11T03:57:48.404+0000] {logging_mixin.py:151} INFO - [2023-10-11T03:57:48.404+0000] {dag.py:3696} INFO - Setting next_dagrun for example_sla_dag to 2023-10-11T03:54:00+00:00, run_after=2023-10-11T03:56:00+00:00
[2023-10-11T03:57:48.426+0000] {processor.py:179} INFO - Processing /home/airflow/.local/lib/python3.8/site-packages/airflow/example_dags/example_sla_dag.py took 0.082 seconds
[2023-10-11T03:58:18.568+0000] {processor.py:157} INFO - Started process (PID=2199) to work on /home/airflow/.local/lib/python3.8/site-packages/airflow/example_dags/example_sla_dag.py
[2023-10-11T03:58:18.569+0000] {processor.py:829} INFO - Processing file /home/airflow/.local/lib/python3.8/site-packages/airflow/example_dags/example_sla_dag.py for tasks to queue
[2023-10-11T03:58:18.571+0000] {logging_mixin.py:151} INFO - [2023-10-11T03:58:18.571+0000] {dagbag.py:539} INFO - Filling up the DagBag from /home/airflow/.local/lib/python3.8/site-packages/airflow/example_dags/example_sla_dag.py
[2023-10-11T03:58:18.580+0000] {processor.py:839} INFO - DAG(s) dict_keys(['example_sla_dag']) retrieved from /home/airflow/.local/lib/python3.8/site-packages/airflow/example_dags/example_sla_dag.py
[2023-10-11T03:58:18.600+0000] {logging_mixin.py:151} INFO - [2023-10-11T03:58:18.600+0000] {dag.py:2915} INFO - Sync 1 DAGs
[2023-10-11T03:58:18.623+0000] {logging_mixin.py:151} INFO - [2023-10-11T03:58:18.623+0000] {dag.py:3696} INFO - Setting next_dagrun for example_sla_dag to 2023-10-11T03:56:00+00:00, run_after=2023-10-11T03:58:00+00:00
[2023-10-11T03:58:18.643+0000] {processor.py:179} INFO - Processing /home/airflow/.local/lib/python3.8/site-packages/airflow/example_dags/example_sla_dag.py took 0.079 seconds
[2023-10-11T03:58:49.686+0000] {processor.py:157} INFO - Started process (PID=2256) to work on /home/airflow/.local/lib/python3.8/site-packages/airflow/example_dags/example_sla_dag.py
[2023-10-11T03:58:49.688+0000] {processor.py:829} INFO - Processing file /home/airflow/.local/lib/python3.8/site-packages/airflow/example_dags/example_sla_dag.py for tasks to queue
[2023-10-11T03:58:49.690+0000] {logging_mixin.py:151} INFO - [2023-10-11T03:58:49.690+0000] {dagbag.py:539} INFO - Filling up the DagBag from /home/airflow/.local/lib/python3.8/site-packages/airflow/example_dags/example_sla_dag.py
[2023-10-11T03:58:49.698+0000] {processor.py:839} INFO - DAG(s) dict_keys(['example_sla_dag']) retrieved from /home/airflow/.local/lib/python3.8/site-packages/airflow/example_dags/example_sla_dag.py
[2023-10-11T03:58:49.717+0000] {logging_mixin.py:151} INFO - [2023-10-11T03:58:49.717+0000] {dag.py:2915} INFO - Sync 1 DAGs
[2023-10-11T03:58:49.737+0000] {logging_mixin.py:151} INFO - [2023-10-11T03:58:49.737+0000] {dag.py:3696} INFO - Setting next_dagrun for example_sla_dag to 2023-10-11T03:56:00+00:00, run_after=2023-10-11T03:58:00+00:00
[2023-10-11T03:58:49.758+0000] {processor.py:179} INFO - Processing /home/airflow/.local/lib/python3.8/site-packages/airflow/example_dags/example_sla_dag.py took 0.077 seconds
[2023-10-11T03:59:20.347+0000] {processor.py:157} INFO - Started process (PID=2313) to work on /home/airflow/.local/lib/python3.8/site-packages/airflow/example_dags/example_sla_dag.py
[2023-10-11T03:59:20.349+0000] {processor.py:829} INFO - Processing file /home/airflow/.local/lib/python3.8/site-packages/airflow/example_dags/example_sla_dag.py for tasks to queue
[2023-10-11T03:59:20.351+0000] {logging_mixin.py:151} INFO - [2023-10-11T03:59:20.351+0000] {dagbag.py:539} INFO - Filling up the DagBag from /home/airflow/.local/lib/python3.8/site-packages/airflow/example_dags/example_sla_dag.py
[2023-10-11T03:59:20.359+0000] {processor.py:839} INFO - DAG(s) dict_keys(['example_sla_dag']) retrieved from /home/airflow/.local/lib/python3.8/site-packages/airflow/example_dags/example_sla_dag.py
[2023-10-11T03:59:20.379+0000] {logging_mixin.py:151} INFO - [2023-10-11T03:59:20.379+0000] {dag.py:2915} INFO - Sync 1 DAGs
[2023-10-11T03:59:20.399+0000] {logging_mixin.py:151} INFO - [2023-10-11T03:59:20.399+0000] {dag.py:3696} INFO - Setting next_dagrun for example_sla_dag to 2023-10-11T03:56:00+00:00, run_after=2023-10-11T03:58:00+00:00
[2023-10-11T03:59:20.418+0000] {processor.py:179} INFO - Processing /home/airflow/.local/lib/python3.8/site-packages/airflow/example_dags/example_sla_dag.py took 0.075 seconds
[2023-10-11T03:59:50.852+0000] {processor.py:157} INFO - Started process (PID=2370) to work on /home/airflow/.local/lib/python3.8/site-packages/airflow/example_dags/example_sla_dag.py
[2023-10-11T03:59:50.854+0000] {processor.py:829} INFO - Processing file /home/airflow/.local/lib/python3.8/site-packages/airflow/example_dags/example_sla_dag.py for tasks to queue
[2023-10-11T03:59:50.857+0000] {logging_mixin.py:151} INFO - [2023-10-11T03:59:50.857+0000] {dagbag.py:539} INFO - Filling up the DagBag from /home/airflow/.local/lib/python3.8/site-packages/airflow/example_dags/example_sla_dag.py
[2023-10-11T03:59:50.865+0000] {processor.py:839} INFO - DAG(s) dict_keys(['example_sla_dag']) retrieved from /home/airflow/.local/lib/python3.8/site-packages/airflow/example_dags/example_sla_dag.py
[2023-10-11T03:59:50.886+0000] {logging_mixin.py:151} INFO - [2023-10-11T03:59:50.886+0000] {dag.py:2915} INFO - Sync 1 DAGs
[2023-10-11T03:59:50.905+0000] {logging_mixin.py:151} INFO - [2023-10-11T03:59:50.905+0000] {dag.py:3696} INFO - Setting next_dagrun for example_sla_dag to 2023-10-11T03:56:00+00:00, run_after=2023-10-11T03:58:00+00:00
[2023-10-11T03:59:50.925+0000] {processor.py:179} INFO - Processing /home/airflow/.local/lib/python3.8/site-packages/airflow/example_dags/example_sla_dag.py took 0.077 seconds
[2023-10-11T04:00:21.289+0000] {processor.py:157} INFO - Started process (PID=2427) to work on /home/airflow/.local/lib/python3.8/site-packages/airflow/example_dags/example_sla_dag.py
[2023-10-11T04:00:21.290+0000] {processor.py:829} INFO - Processing file /home/airflow/.local/lib/python3.8/site-packages/airflow/example_dags/example_sla_dag.py for tasks to queue
[2023-10-11T04:00:21.292+0000] {logging_mixin.py:151} INFO - [2023-10-11T04:00:21.292+0000] {dagbag.py:539} INFO - Filling up the DagBag from /home/airflow/.local/lib/python3.8/site-packages/airflow/example_dags/example_sla_dag.py
[2023-10-11T04:00:21.300+0000] {processor.py:839} INFO - DAG(s) dict_keys(['example_sla_dag']) retrieved from /home/airflow/.local/lib/python3.8/site-packages/airflow/example_dags/example_sla_dag.py
[2023-10-11T04:00:21.319+0000] {logging_mixin.py:151} INFO - [2023-10-11T04:00:21.319+0000] {dag.py:2915} INFO - Sync 1 DAGs
[2023-10-11T04:00:21.340+0000] {logging_mixin.py:151} INFO - [2023-10-11T04:00:21.340+0000] {dag.py:3696} INFO - Setting next_dagrun for example_sla_dag to 2023-10-11T03:58:00+00:00, run_after=2023-10-11T04:00:00+00:00
[2023-10-11T04:00:21.361+0000] {processor.py:179} INFO - Processing /home/airflow/.local/lib/python3.8/site-packages/airflow/example_dags/example_sla_dag.py took 0.076 seconds
[2023-10-11T04:00:51.667+0000] {processor.py:157} INFO - Started process (PID=2484) to work on /home/airflow/.local/lib/python3.8/site-packages/airflow/example_dags/example_sla_dag.py
[2023-10-11T04:00:51.669+0000] {processor.py:829} INFO - Processing file /home/airflow/.local/lib/python3.8/site-packages/airflow/example_dags/example_sla_dag.py for tasks to queue
[2023-10-11T04:00:51.671+0000] {logging_mixin.py:151} INFO - [2023-10-11T04:00:51.671+0000] {dagbag.py:539} INFO - Filling up the DagBag from /home/airflow/.local/lib/python3.8/site-packages/airflow/example_dags/example_sla_dag.py
[2023-10-11T04:00:51.679+0000] {processor.py:839} INFO - DAG(s) dict_keys(['example_sla_dag']) retrieved from /home/airflow/.local/lib/python3.8/site-packages/airflow/example_dags/example_sla_dag.py
[2023-10-11T04:00:51.701+0000] {logging_mixin.py:151} INFO - [2023-10-11T04:00:51.700+0000] {dag.py:2915} INFO - Sync 1 DAGs
[2023-10-11T04:00:51.722+0000] {logging_mixin.py:151} INFO - [2023-10-11T04:00:51.722+0000] {dag.py:3696} INFO - Setting next_dagrun for example_sla_dag to 2023-10-11T03:58:00+00:00, run_after=2023-10-11T04:00:00+00:00
[2023-10-11T04:00:51.744+0000] {processor.py:179} INFO - Processing /home/airflow/.local/lib/python3.8/site-packages/airflow/example_dags/example_sla_dag.py took 0.079 seconds
[2023-10-11T04:01:22.128+0000] {processor.py:157} INFO - Started process (PID=2541) to work on /home/airflow/.local/lib/python3.8/site-packages/airflow/example_dags/example_sla_dag.py
[2023-10-11T04:01:22.130+0000] {processor.py:829} INFO - Processing file /home/airflow/.local/lib/python3.8/site-packages/airflow/example_dags/example_sla_dag.py for tasks to queue
[2023-10-11T04:01:22.132+0000] {logging_mixin.py:151} INFO - [2023-10-11T04:01:22.132+0000] {dagbag.py:539} INFO - Filling up the DagBag from /home/airflow/.local/lib/python3.8/site-packages/airflow/example_dags/example_sla_dag.py
[2023-10-11T04:01:22.140+0000] {processor.py:839} INFO - DAG(s) dict_keys(['example_sla_dag']) retrieved from /home/airflow/.local/lib/python3.8/site-packages/airflow/example_dags/example_sla_dag.py
[2023-10-11T04:01:22.158+0000] {logging_mixin.py:151} INFO - [2023-10-11T04:01:22.158+0000] {dag.py:2915} INFO - Sync 1 DAGs
[2023-10-11T04:01:22.193+0000] {logging_mixin.py:151} INFO - [2023-10-11T04:01:22.193+0000] {dag.py:3696} INFO - Setting next_dagrun for example_sla_dag to 2023-10-11T03:58:00+00:00, run_after=2023-10-11T04:00:00+00:00
[2023-10-11T04:01:22.213+0000] {processor.py:179} INFO - Processing /home/airflow/.local/lib/python3.8/site-packages/airflow/example_dags/example_sla_dag.py took 0.088 seconds
[2023-10-11T04:01:52.948+0000] {processor.py:157} INFO - Started process (PID=2598) to work on /home/airflow/.local/lib/python3.8/site-packages/airflow/example_dags/example_sla_dag.py
[2023-10-11T04:01:52.950+0000] {processor.py:829} INFO - Processing file /home/airflow/.local/lib/python3.8/site-packages/airflow/example_dags/example_sla_dag.py for tasks to queue
[2023-10-11T04:01:52.954+0000] {logging_mixin.py:151} INFO - [2023-10-11T04:01:52.953+0000] {dagbag.py:539} INFO - Filling up the DagBag from /home/airflow/.local/lib/python3.8/site-packages/airflow/example_dags/example_sla_dag.py
[2023-10-11T04:01:52.961+0000] {processor.py:839} INFO - DAG(s) dict_keys(['example_sla_dag']) retrieved from /home/airflow/.local/lib/python3.8/site-packages/airflow/example_dags/example_sla_dag.py
[2023-10-11T04:01:52.981+0000] {logging_mixin.py:151} INFO - [2023-10-11T04:01:52.981+0000] {dag.py:2915} INFO - Sync 1 DAGs
[2023-10-11T04:01:53.003+0000] {logging_mixin.py:151} INFO - [2023-10-11T04:01:53.003+0000] {dag.py:3696} INFO - Setting next_dagrun for example_sla_dag to 2023-10-11T03:58:00+00:00, run_after=2023-10-11T04:00:00+00:00
[2023-10-11T04:01:53.022+0000] {processor.py:179} INFO - Processing /home/airflow/.local/lib/python3.8/site-packages/airflow/example_dags/example_sla_dag.py took 0.076 seconds
[2023-10-11T04:02:23.722+0000] {processor.py:157} INFO - Started process (PID=2655) to work on /home/airflow/.local/lib/python3.8/site-packages/airflow/example_dags/example_sla_dag.py
[2023-10-11T04:02:23.724+0000] {processor.py:829} INFO - Processing file /home/airflow/.local/lib/python3.8/site-packages/airflow/example_dags/example_sla_dag.py for tasks to queue
[2023-10-11T04:02:23.728+0000] {logging_mixin.py:151} INFO - [2023-10-11T04:02:23.727+0000] {dagbag.py:539} INFO - Filling up the DagBag from /home/airflow/.local/lib/python3.8/site-packages/airflow/example_dags/example_sla_dag.py
[2023-10-11T04:02:23.739+0000] {processor.py:839} INFO - DAG(s) dict_keys(['example_sla_dag']) retrieved from /home/airflow/.local/lib/python3.8/site-packages/airflow/example_dags/example_sla_dag.py
[2023-10-11T04:02:23.765+0000] {logging_mixin.py:151} INFO - [2023-10-11T04:02:23.764+0000] {dag.py:2915} INFO - Sync 1 DAGs
[2023-10-11T04:02:23.788+0000] {logging_mixin.py:151} INFO - [2023-10-11T04:02:23.788+0000] {dag.py:3696} INFO - Setting next_dagrun for example_sla_dag to 2023-10-11T04:00:00+00:00, run_after=2023-10-11T04:02:00+00:00
[2023-10-11T04:02:23.814+0000] {processor.py:179} INFO - Processing /home/airflow/.local/lib/python3.8/site-packages/airflow/example_dags/example_sla_dag.py took 0.096 seconds
[2023-10-11T04:02:54.662+0000] {processor.py:157} INFO - Started process (PID=2712) to work on /home/airflow/.local/lib/python3.8/site-packages/airflow/example_dags/example_sla_dag.py
[2023-10-11T04:02:54.663+0000] {processor.py:829} INFO - Processing file /home/airflow/.local/lib/python3.8/site-packages/airflow/example_dags/example_sla_dag.py for tasks to queue
[2023-10-11T04:02:54.665+0000] {logging_mixin.py:151} INFO - [2023-10-11T04:02:54.665+0000] {dagbag.py:539} INFO - Filling up the DagBag from /home/airflow/.local/lib/python3.8/site-packages/airflow/example_dags/example_sla_dag.py
[2023-10-11T04:02:54.672+0000] {processor.py:839} INFO - DAG(s) dict_keys(['example_sla_dag']) retrieved from /home/airflow/.local/lib/python3.8/site-packages/airflow/example_dags/example_sla_dag.py
[2023-10-11T04:02:54.693+0000] {logging_mixin.py:151} INFO - [2023-10-11T04:02:54.693+0000] {dag.py:2915} INFO - Sync 1 DAGs
[2023-10-11T04:02:54.715+0000] {logging_mixin.py:151} INFO - [2023-10-11T04:02:54.714+0000] {dag.py:3696} INFO - Setting next_dagrun for example_sla_dag to 2023-10-11T04:00:00+00:00, run_after=2023-10-11T04:02:00+00:00
[2023-10-11T04:02:54.733+0000] {processor.py:179} INFO - Processing /home/airflow/.local/lib/python3.8/site-packages/airflow/example_dags/example_sla_dag.py took 0.074 seconds
[2023-10-11T04:03:25.150+0000] {processor.py:157} INFO - Started process (PID=2769) to work on /home/airflow/.local/lib/python3.8/site-packages/airflow/example_dags/example_sla_dag.py
[2023-10-11T04:03:25.151+0000] {processor.py:829} INFO - Processing file /home/airflow/.local/lib/python3.8/site-packages/airflow/example_dags/example_sla_dag.py for tasks to queue
[2023-10-11T04:03:25.154+0000] {logging_mixin.py:151} INFO - [2023-10-11T04:03:25.153+0000] {dagbag.py:539} INFO - Filling up the DagBag from /home/airflow/.local/lib/python3.8/site-packages/airflow/example_dags/example_sla_dag.py
[2023-10-11T04:03:25.162+0000] {processor.py:839} INFO - DAG(s) dict_keys(['example_sla_dag']) retrieved from /home/airflow/.local/lib/python3.8/site-packages/airflow/example_dags/example_sla_dag.py
[2023-10-11T04:03:25.183+0000] {logging_mixin.py:151} INFO - [2023-10-11T04:03:25.182+0000] {dag.py:2915} INFO - Sync 1 DAGs
[2023-10-11T04:03:25.205+0000] {logging_mixin.py:151} INFO - [2023-10-11T04:03:25.204+0000] {dag.py:3696} INFO - Setting next_dagrun for example_sla_dag to 2023-10-11T04:00:00+00:00, run_after=2023-10-11T04:02:00+00:00
[2023-10-11T04:03:25.223+0000] {processor.py:179} INFO - Processing /home/airflow/.local/lib/python3.8/site-packages/airflow/example_dags/example_sla_dag.py took 0.076 seconds
[2023-10-11T04:03:55.770+0000] {processor.py:157} INFO - Started process (PID=2830) to work on /home/airflow/.local/lib/python3.8/site-packages/airflow/example_dags/example_sla_dag.py
[2023-10-11T04:03:55.771+0000] {processor.py:829} INFO - Processing file /home/airflow/.local/lib/python3.8/site-packages/airflow/example_dags/example_sla_dag.py for tasks to queue
[2023-10-11T04:03:55.774+0000] {logging_mixin.py:151} INFO - [2023-10-11T04:03:55.773+0000] {dagbag.py:539} INFO - Filling up the DagBag from /home/airflow/.local/lib/python3.8/site-packages/airflow/example_dags/example_sla_dag.py
[2023-10-11T04:03:55.785+0000] {processor.py:839} INFO - DAG(s) dict_keys(['example_sla_dag']) retrieved from /home/airflow/.local/lib/python3.8/site-packages/airflow/example_dags/example_sla_dag.py
[2023-10-11T04:03:55.820+0000] {logging_mixin.py:151} INFO - [2023-10-11T04:03:55.819+0000] {dag.py:2915} INFO - Sync 1 DAGs
[2023-10-11T04:03:55.856+0000] {logging_mixin.py:151} INFO - [2023-10-11T04:03:55.856+0000] {dag.py:3696} INFO - Setting next_dagrun for example_sla_dag to 2023-10-11T04:00:00+00:00, run_after=2023-10-11T04:02:00+00:00
[2023-10-11T04:03:55.887+0000] {processor.py:179} INFO - Processing /home/airflow/.local/lib/python3.8/site-packages/airflow/example_dags/example_sla_dag.py took 0.121 seconds
[2023-10-11T04:04:25.966+0000] {processor.py:157} INFO - Started process (PID=2894) to work on /home/airflow/.local/lib/python3.8/site-packages/airflow/example_dags/example_sla_dag.py
[2023-10-11T04:04:25.967+0000] {processor.py:829} INFO - Processing file /home/airflow/.local/lib/python3.8/site-packages/airflow/example_dags/example_sla_dag.py for tasks to queue
[2023-10-11T04:04:25.970+0000] {logging_mixin.py:151} INFO - [2023-10-11T04:04:25.970+0000] {dagbag.py:539} INFO - Filling up the DagBag from /home/airflow/.local/lib/python3.8/site-packages/airflow/example_dags/example_sla_dag.py
[2023-10-11T04:04:25.979+0000] {processor.py:839} INFO - DAG(s) dict_keys(['example_sla_dag']) retrieved from /home/airflow/.local/lib/python3.8/site-packages/airflow/example_dags/example_sla_dag.py
[2023-10-11T04:04:26.000+0000] {logging_mixin.py:151} INFO - [2023-10-11T04:04:25.999+0000] {dag.py:2915} INFO - Sync 1 DAGs
[2023-10-11T04:04:26.021+0000] {logging_mixin.py:151} INFO - [2023-10-11T04:04:26.021+0000] {dag.py:3696} INFO - Setting next_dagrun for example_sla_dag to 2023-10-11T04:02:00+00:00, run_after=2023-10-11T04:04:00+00:00
[2023-10-11T04:04:26.043+0000] {processor.py:179} INFO - Processing /home/airflow/.local/lib/python3.8/site-packages/airflow/example_dags/example_sla_dag.py took 0.080 seconds
