[2023-10-11T03:39:28.026+0000] {processor.py:157} INFO - Started process (PID=63) to work on /home/airflow/.local/lib/python3.8/site-packages/airflow/example_dags/tutorial.py
[2023-10-11T03:39:28.027+0000] {processor.py:829} INFO - Processing file /home/airflow/.local/lib/python3.8/site-packages/airflow/example_dags/tutorial.py for tasks to queue
[2023-10-11T03:39:28.031+0000] {logging_mixin.py:151} INFO - [2023-10-11T03:39:28.030+0000] {dagbag.py:539} INFO - Filling up the DagBag from /home/airflow/.local/lib/python3.8/site-packages/airflow/example_dags/tutorial.py
[2023-10-11T03:39:28.040+0000] {processor.py:839} INFO - DAG(s) dict_keys(['tutorial']) retrieved from /home/airflow/.local/lib/python3.8/site-packages/airflow/example_dags/tutorial.py
[2023-10-11T03:39:28.094+0000] {logging_mixin.py:151} INFO - [2023-10-11T03:39:28.094+0000] {dag.py:2915} INFO - Sync 1 DAGs
[2023-10-11T03:39:28.124+0000] {logging_mixin.py:151} INFO - [2023-10-11T03:39:28.124+0000] {dag.py:3696} INFO - Setting next_dagrun for tutorial to 2023-10-10T03:39:28.124241+00:00, run_after=2023-10-11T03:39:28.124241+00:00
[2023-10-11T03:39:28.150+0000] {processor.py:179} INFO - Processing /home/airflow/.local/lib/python3.8/site-packages/airflow/example_dags/tutorial.py took 0.128 seconds
[2023-10-11T03:39:58.929+0000] {processor.py:157} INFO - Started process (PID=120) to work on /home/airflow/.local/lib/python3.8/site-packages/airflow/example_dags/tutorial.py
[2023-10-11T03:39:58.934+0000] {processor.py:829} INFO - Processing file /home/airflow/.local/lib/python3.8/site-packages/airflow/example_dags/tutorial.py for tasks to queue
[2023-10-11T03:39:58.936+0000] {logging_mixin.py:151} INFO - [2023-10-11T03:39:58.936+0000] {dagbag.py:539} INFO - Filling up the DagBag from /home/airflow/.local/lib/python3.8/site-packages/airflow/example_dags/tutorial.py
[2023-10-11T03:39:58.942+0000] {processor.py:839} INFO - DAG(s) dict_keys(['tutorial']) retrieved from /home/airflow/.local/lib/python3.8/site-packages/airflow/example_dags/tutorial.py
[2023-10-11T03:39:58.967+0000] {logging_mixin.py:151} INFO - [2023-10-11T03:39:58.967+0000] {dag.py:2915} INFO - Sync 1 DAGs
[2023-10-11T03:39:58.990+0000] {logging_mixin.py:151} INFO - [2023-10-11T03:39:58.990+0000] {dag.py:3696} INFO - Setting next_dagrun for tutorial to 2023-10-10T03:39:58.990123+00:00, run_after=2023-10-11T03:39:58.990123+00:00
[2023-10-11T03:39:59.010+0000] {processor.py:179} INFO - Processing /home/airflow/.local/lib/python3.8/site-packages/airflow/example_dags/tutorial.py took 0.083 seconds
[2023-10-11T03:40:29.421+0000] {processor.py:157} INFO - Started process (PID=177) to work on /home/airflow/.local/lib/python3.8/site-packages/airflow/example_dags/tutorial.py
[2023-10-11T03:40:29.423+0000] {processor.py:829} INFO - Processing file /home/airflow/.local/lib/python3.8/site-packages/airflow/example_dags/tutorial.py for tasks to queue
[2023-10-11T03:40:29.425+0000] {logging_mixin.py:151} INFO - [2023-10-11T03:40:29.424+0000] {dagbag.py:539} INFO - Filling up the DagBag from /home/airflow/.local/lib/python3.8/site-packages/airflow/example_dags/tutorial.py
[2023-10-11T03:40:29.431+0000] {processor.py:839} INFO - DAG(s) dict_keys(['tutorial']) retrieved from /home/airflow/.local/lib/python3.8/site-packages/airflow/example_dags/tutorial.py
[2023-10-11T03:40:29.453+0000] {logging_mixin.py:151} INFO - [2023-10-11T03:40:29.453+0000] {dag.py:2915} INFO - Sync 1 DAGs
[2023-10-11T03:40:29.473+0000] {logging_mixin.py:151} INFO - [2023-10-11T03:40:29.473+0000] {dag.py:3696} INFO - Setting next_dagrun for tutorial to 2023-10-10T03:40:29.473017+00:00, run_after=2023-10-11T03:40:29.473017+00:00
[2023-10-11T03:40:29.497+0000] {processor.py:179} INFO - Processing /home/airflow/.local/lib/python3.8/site-packages/airflow/example_dags/tutorial.py took 0.079 seconds
[2023-10-11T03:41:00.164+0000] {processor.py:157} INFO - Started process (PID=234) to work on /home/airflow/.local/lib/python3.8/site-packages/airflow/example_dags/tutorial.py
[2023-10-11T03:41:00.166+0000] {processor.py:829} INFO - Processing file /home/airflow/.local/lib/python3.8/site-packages/airflow/example_dags/tutorial.py for tasks to queue
[2023-10-11T03:41:00.171+0000] {logging_mixin.py:151} INFO - [2023-10-11T03:41:00.170+0000] {dagbag.py:539} INFO - Filling up the DagBag from /home/airflow/.local/lib/python3.8/site-packages/airflow/example_dags/tutorial.py
[2023-10-11T03:41:00.179+0000] {processor.py:839} INFO - DAG(s) dict_keys(['tutorial']) retrieved from /home/airflow/.local/lib/python3.8/site-packages/airflow/example_dags/tutorial.py
[2023-10-11T03:41:00.201+0000] {logging_mixin.py:151} INFO - [2023-10-11T03:41:00.200+0000] {dag.py:2915} INFO - Sync 1 DAGs
[2023-10-11T03:41:00.219+0000] {logging_mixin.py:151} INFO - [2023-10-11T03:41:00.219+0000] {dag.py:3696} INFO - Setting next_dagrun for tutorial to 2023-10-10T03:41:00.219388+00:00, run_after=2023-10-11T03:41:00.219388+00:00
[2023-10-11T03:41:00.239+0000] {processor.py:179} INFO - Processing /home/airflow/.local/lib/python3.8/site-packages/airflow/example_dags/tutorial.py took 0.079 seconds
[2023-10-11T03:41:30.525+0000] {processor.py:157} INFO - Started process (PID=291) to work on /home/airflow/.local/lib/python3.8/site-packages/airflow/example_dags/tutorial.py
[2023-10-11T03:41:30.529+0000] {processor.py:829} INFO - Processing file /home/airflow/.local/lib/python3.8/site-packages/airflow/example_dags/tutorial.py for tasks to queue
[2023-10-11T03:41:30.536+0000] {logging_mixin.py:151} INFO - [2023-10-11T03:41:30.535+0000] {dagbag.py:539} INFO - Filling up the DagBag from /home/airflow/.local/lib/python3.8/site-packages/airflow/example_dags/tutorial.py
[2023-10-11T03:41:30.549+0000] {processor.py:839} INFO - DAG(s) dict_keys(['tutorial']) retrieved from /home/airflow/.local/lib/python3.8/site-packages/airflow/example_dags/tutorial.py
[2023-10-11T03:41:30.600+0000] {logging_mixin.py:151} INFO - [2023-10-11T03:41:30.599+0000] {dag.py:2915} INFO - Sync 1 DAGs
[2023-10-11T03:41:30.643+0000] {logging_mixin.py:151} INFO - [2023-10-11T03:41:30.643+0000] {dag.py:3696} INFO - Setting next_dagrun for tutorial to 2023-10-10T03:41:30.643313+00:00, run_after=2023-10-11T03:41:30.643313+00:00
[2023-10-11T03:41:30.681+0000] {processor.py:179} INFO - Processing /home/airflow/.local/lib/python3.8/site-packages/airflow/example_dags/tutorial.py took 0.165 seconds
[2023-10-11T03:42:00.833+0000] {processor.py:157} INFO - Started process (PID=348) to work on /home/airflow/.local/lib/python3.8/site-packages/airflow/example_dags/tutorial.py
[2023-10-11T03:42:00.835+0000] {processor.py:829} INFO - Processing file /home/airflow/.local/lib/python3.8/site-packages/airflow/example_dags/tutorial.py for tasks to queue
[2023-10-11T03:42:00.839+0000] {logging_mixin.py:151} INFO - [2023-10-11T03:42:00.839+0000] {dagbag.py:539} INFO - Filling up the DagBag from /home/airflow/.local/lib/python3.8/site-packages/airflow/example_dags/tutorial.py
[2023-10-11T03:42:00.849+0000] {processor.py:839} INFO - DAG(s) dict_keys(['tutorial']) retrieved from /home/airflow/.local/lib/python3.8/site-packages/airflow/example_dags/tutorial.py
[2023-10-11T03:42:00.887+0000] {logging_mixin.py:151} INFO - [2023-10-11T03:42:00.886+0000] {dag.py:2915} INFO - Sync 1 DAGs
[2023-10-11T03:42:00.930+0000] {logging_mixin.py:151} INFO - [2023-10-11T03:42:00.930+0000] {dag.py:3696} INFO - Setting next_dagrun for tutorial to 2023-10-10T03:42:00.929606+00:00, run_after=2023-10-11T03:42:00.929606+00:00
[2023-10-11T03:42:00.966+0000] {processor.py:179} INFO - Processing /home/airflow/.local/lib/python3.8/site-packages/airflow/example_dags/tutorial.py took 0.137 seconds
[2023-10-11T03:42:31.402+0000] {processor.py:157} INFO - Started process (PID=405) to work on /home/airflow/.local/lib/python3.8/site-packages/airflow/example_dags/tutorial.py
[2023-10-11T03:42:31.403+0000] {processor.py:829} INFO - Processing file /home/airflow/.local/lib/python3.8/site-packages/airflow/example_dags/tutorial.py for tasks to queue
[2023-10-11T03:42:31.406+0000] {logging_mixin.py:151} INFO - [2023-10-11T03:42:31.406+0000] {dagbag.py:539} INFO - Filling up the DagBag from /home/airflow/.local/lib/python3.8/site-packages/airflow/example_dags/tutorial.py
[2023-10-11T03:42:31.412+0000] {processor.py:839} INFO - DAG(s) dict_keys(['tutorial']) retrieved from /home/airflow/.local/lib/python3.8/site-packages/airflow/example_dags/tutorial.py
[2023-10-11T03:42:31.436+0000] {logging_mixin.py:151} INFO - [2023-10-11T03:42:31.436+0000] {dag.py:2915} INFO - Sync 1 DAGs
[2023-10-11T03:42:31.461+0000] {logging_mixin.py:151} INFO - [2023-10-11T03:42:31.460+0000] {dag.py:3696} INFO - Setting next_dagrun for tutorial to 2023-10-10T03:42:31.460272+00:00, run_after=2023-10-11T03:42:31.460272+00:00
[2023-10-11T03:42:31.487+0000] {processor.py:179} INFO - Processing /home/airflow/.local/lib/python3.8/site-packages/airflow/example_dags/tutorial.py took 0.088 seconds
[2023-10-11T03:43:02.158+0000] {processor.py:157} INFO - Started process (PID=461) to work on /home/airflow/.local/lib/python3.8/site-packages/airflow/example_dags/tutorial.py
[2023-10-11T03:43:02.160+0000] {processor.py:829} INFO - Processing file /home/airflow/.local/lib/python3.8/site-packages/airflow/example_dags/tutorial.py for tasks to queue
[2023-10-11T03:43:02.164+0000] {logging_mixin.py:151} INFO - [2023-10-11T03:43:02.163+0000] {dagbag.py:539} INFO - Filling up the DagBag from /home/airflow/.local/lib/python3.8/site-packages/airflow/example_dags/tutorial.py
[2023-10-11T03:43:02.175+0000] {processor.py:839} INFO - DAG(s) dict_keys(['tutorial']) retrieved from /home/airflow/.local/lib/python3.8/site-packages/airflow/example_dags/tutorial.py
[2023-10-11T03:43:02.209+0000] {logging_mixin.py:151} INFO - [2023-10-11T03:43:02.209+0000] {dag.py:2915} INFO - Sync 1 DAGs
[2023-10-11T03:43:02.241+0000] {logging_mixin.py:151} INFO - [2023-10-11T03:43:02.241+0000] {dag.py:3696} INFO - Setting next_dagrun for tutorial to 2023-10-10T03:43:02.240826+00:00, run_after=2023-10-11T03:43:02.240826+00:00
[2023-10-11T03:43:02.272+0000] {processor.py:179} INFO - Processing /home/airflow/.local/lib/python3.8/site-packages/airflow/example_dags/tutorial.py took 0.120 seconds
[2023-10-11T03:43:32.386+0000] {processor.py:157} INFO - Started process (PID=518) to work on /home/airflow/.local/lib/python3.8/site-packages/airflow/example_dags/tutorial.py
[2023-10-11T03:43:32.387+0000] {processor.py:829} INFO - Processing file /home/airflow/.local/lib/python3.8/site-packages/airflow/example_dags/tutorial.py for tasks to queue
[2023-10-11T03:43:32.390+0000] {logging_mixin.py:151} INFO - [2023-10-11T03:43:32.389+0000] {dagbag.py:539} INFO - Filling up the DagBag from /home/airflow/.local/lib/python3.8/site-packages/airflow/example_dags/tutorial.py
[2023-10-11T03:43:32.395+0000] {processor.py:839} INFO - DAG(s) dict_keys(['tutorial']) retrieved from /home/airflow/.local/lib/python3.8/site-packages/airflow/example_dags/tutorial.py
[2023-10-11T03:43:32.418+0000] {logging_mixin.py:151} INFO - [2023-10-11T03:43:32.418+0000] {dag.py:2915} INFO - Sync 1 DAGs
[2023-10-11T03:43:32.440+0000] {logging_mixin.py:151} INFO - [2023-10-11T03:43:32.440+0000] {dag.py:3696} INFO - Setting next_dagrun for tutorial to 2023-10-10T03:43:32.440152+00:00, run_after=2023-10-11T03:43:32.440152+00:00
[2023-10-11T03:43:32.460+0000] {processor.py:179} INFO - Processing /home/airflow/.local/lib/python3.8/site-packages/airflow/example_dags/tutorial.py took 0.077 seconds
[2023-10-11T03:44:02.707+0000] {processor.py:157} INFO - Started process (PID=575) to work on /home/airflow/.local/lib/python3.8/site-packages/airflow/example_dags/tutorial.py
[2023-10-11T03:44:02.709+0000] {processor.py:829} INFO - Processing file /home/airflow/.local/lib/python3.8/site-packages/airflow/example_dags/tutorial.py for tasks to queue
[2023-10-11T03:44:02.712+0000] {logging_mixin.py:151} INFO - [2023-10-11T03:44:02.711+0000] {dagbag.py:539} INFO - Filling up the DagBag from /home/airflow/.local/lib/python3.8/site-packages/airflow/example_dags/tutorial.py
[2023-10-11T03:44:02.717+0000] {processor.py:839} INFO - DAG(s) dict_keys(['tutorial']) retrieved from /home/airflow/.local/lib/python3.8/site-packages/airflow/example_dags/tutorial.py
[2023-10-11T03:44:02.746+0000] {logging_mixin.py:151} INFO - [2023-10-11T03:44:02.746+0000] {dag.py:2915} INFO - Sync 1 DAGs
[2023-10-11T03:44:02.775+0000] {logging_mixin.py:151} INFO - [2023-10-11T03:44:02.775+0000] {dag.py:3696} INFO - Setting next_dagrun for tutorial to 2023-10-10T03:44:02.775113+00:00, run_after=2023-10-11T03:44:02.775113+00:00
[2023-10-11T03:44:02.799+0000] {processor.py:179} INFO - Processing /home/airflow/.local/lib/python3.8/site-packages/airflow/example_dags/tutorial.py took 0.096 seconds
[2023-10-11T03:44:33.222+0000] {processor.py:157} INFO - Started process (PID=632) to work on /home/airflow/.local/lib/python3.8/site-packages/airflow/example_dags/tutorial.py
[2023-10-11T03:44:33.224+0000] {processor.py:829} INFO - Processing file /home/airflow/.local/lib/python3.8/site-packages/airflow/example_dags/tutorial.py for tasks to queue
[2023-10-11T03:44:33.228+0000] {logging_mixin.py:151} INFO - [2023-10-11T03:44:33.228+0000] {dagbag.py:539} INFO - Filling up the DagBag from /home/airflow/.local/lib/python3.8/site-packages/airflow/example_dags/tutorial.py
[2023-10-11T03:44:33.233+0000] {processor.py:839} INFO - DAG(s) dict_keys(['tutorial']) retrieved from /home/airflow/.local/lib/python3.8/site-packages/airflow/example_dags/tutorial.py
[2023-10-11T03:44:33.254+0000] {logging_mixin.py:151} INFO - [2023-10-11T03:44:33.254+0000] {dag.py:2915} INFO - Sync 1 DAGs
[2023-10-11T03:44:33.277+0000] {logging_mixin.py:151} INFO - [2023-10-11T03:44:33.276+0000] {dag.py:3696} INFO - Setting next_dagrun for tutorial to 2023-10-10T03:44:33.276698+00:00, run_after=2023-10-11T03:44:33.276698+00:00
[2023-10-11T03:44:33.296+0000] {processor.py:179} INFO - Processing /home/airflow/.local/lib/python3.8/site-packages/airflow/example_dags/tutorial.py took 0.077 seconds
[2023-10-11T03:45:03.610+0000] {processor.py:157} INFO - Started process (PID=689) to work on /home/airflow/.local/lib/python3.8/site-packages/airflow/example_dags/tutorial.py
[2023-10-11T03:45:03.612+0000] {processor.py:829} INFO - Processing file /home/airflow/.local/lib/python3.8/site-packages/airflow/example_dags/tutorial.py for tasks to queue
[2023-10-11T03:45:03.614+0000] {logging_mixin.py:151} INFO - [2023-10-11T03:45:03.614+0000] {dagbag.py:539} INFO - Filling up the DagBag from /home/airflow/.local/lib/python3.8/site-packages/airflow/example_dags/tutorial.py
[2023-10-11T03:45:03.619+0000] {processor.py:839} INFO - DAG(s) dict_keys(['tutorial']) retrieved from /home/airflow/.local/lib/python3.8/site-packages/airflow/example_dags/tutorial.py
[2023-10-11T03:45:03.643+0000] {logging_mixin.py:151} INFO - [2023-10-11T03:45:03.643+0000] {dag.py:2915} INFO - Sync 1 DAGs
[2023-10-11T03:45:03.663+0000] {logging_mixin.py:151} INFO - [2023-10-11T03:45:03.663+0000] {dag.py:3696} INFO - Setting next_dagrun for tutorial to 2023-10-10T03:45:03.663325+00:00, run_after=2023-10-11T03:45:03.663325+00:00
[2023-10-11T03:45:03.681+0000] {processor.py:179} INFO - Processing /home/airflow/.local/lib/python3.8/site-packages/airflow/example_dags/tutorial.py took 0.078 seconds
[2023-10-11T03:45:34.070+0000] {processor.py:157} INFO - Started process (PID=746) to work on /home/airflow/.local/lib/python3.8/site-packages/airflow/example_dags/tutorial.py
[2023-10-11T03:45:34.071+0000] {processor.py:829} INFO - Processing file /home/airflow/.local/lib/python3.8/site-packages/airflow/example_dags/tutorial.py for tasks to queue
[2023-10-11T03:45:34.074+0000] {logging_mixin.py:151} INFO - [2023-10-11T03:45:34.073+0000] {dagbag.py:539} INFO - Filling up the DagBag from /home/airflow/.local/lib/python3.8/site-packages/airflow/example_dags/tutorial.py
[2023-10-11T03:45:34.081+0000] {processor.py:839} INFO - DAG(s) dict_keys(['tutorial']) retrieved from /home/airflow/.local/lib/python3.8/site-packages/airflow/example_dags/tutorial.py
[2023-10-11T03:45:34.103+0000] {logging_mixin.py:151} INFO - [2023-10-11T03:45:34.102+0000] {dag.py:2915} INFO - Sync 1 DAGs
[2023-10-11T03:45:34.125+0000] {logging_mixin.py:151} INFO - [2023-10-11T03:45:34.124+0000] {dag.py:3696} INFO - Setting next_dagrun for tutorial to 2023-10-10T03:45:34.124270+00:00, run_after=2023-10-11T03:45:34.124270+00:00
[2023-10-11T03:45:34.143+0000] {processor.py:179} INFO - Processing /home/airflow/.local/lib/python3.8/site-packages/airflow/example_dags/tutorial.py took 0.077 seconds
[2023-10-11T03:46:04.460+0000] {processor.py:157} INFO - Started process (PID=803) to work on /home/airflow/.local/lib/python3.8/site-packages/airflow/example_dags/tutorial.py
[2023-10-11T03:46:04.462+0000] {processor.py:829} INFO - Processing file /home/airflow/.local/lib/python3.8/site-packages/airflow/example_dags/tutorial.py for tasks to queue
[2023-10-11T03:46:04.465+0000] {logging_mixin.py:151} INFO - [2023-10-11T03:46:04.464+0000] {dagbag.py:539} INFO - Filling up the DagBag from /home/airflow/.local/lib/python3.8/site-packages/airflow/example_dags/tutorial.py
[2023-10-11T03:46:04.470+0000] {processor.py:839} INFO - DAG(s) dict_keys(['tutorial']) retrieved from /home/airflow/.local/lib/python3.8/site-packages/airflow/example_dags/tutorial.py
[2023-10-11T03:46:04.494+0000] {logging_mixin.py:151} INFO - [2023-10-11T03:46:04.494+0000] {dag.py:2915} INFO - Sync 1 DAGs
[2023-10-11T03:46:04.513+0000] {logging_mixin.py:151} INFO - [2023-10-11T03:46:04.512+0000] {dag.py:3696} INFO - Setting next_dagrun for tutorial to 2023-10-10T03:46:04.512388+00:00, run_after=2023-10-11T03:46:04.512388+00:00
[2023-10-11T03:46:04.532+0000] {processor.py:179} INFO - Processing /home/airflow/.local/lib/python3.8/site-packages/airflow/example_dags/tutorial.py took 0.074 seconds
[2023-10-11T03:46:35.502+0000] {processor.py:157} INFO - Started process (PID=860) to work on /home/airflow/.local/lib/python3.8/site-packages/airflow/example_dags/tutorial.py
[2023-10-11T03:46:35.505+0000] {processor.py:829} INFO - Processing file /home/airflow/.local/lib/python3.8/site-packages/airflow/example_dags/tutorial.py for tasks to queue
[2023-10-11T03:46:35.509+0000] {logging_mixin.py:151} INFO - [2023-10-11T03:46:35.509+0000] {dagbag.py:539} INFO - Filling up the DagBag from /home/airflow/.local/lib/python3.8/site-packages/airflow/example_dags/tutorial.py
[2023-10-11T03:46:35.517+0000] {processor.py:839} INFO - DAG(s) dict_keys(['tutorial']) retrieved from /home/airflow/.local/lib/python3.8/site-packages/airflow/example_dags/tutorial.py
[2023-10-11T03:46:35.543+0000] {logging_mixin.py:151} INFO - [2023-10-11T03:46:35.543+0000] {dag.py:2915} INFO - Sync 1 DAGs
[2023-10-11T03:46:35.561+0000] {logging_mixin.py:151} INFO - [2023-10-11T03:46:35.561+0000] {dag.py:3696} INFO - Setting next_dagrun for tutorial to 2023-10-10T03:46:35.560980+00:00, run_after=2023-10-11T03:46:35.560980+00:00
[2023-10-11T03:46:35.580+0000] {processor.py:179} INFO - Processing /home/airflow/.local/lib/python3.8/site-packages/airflow/example_dags/tutorial.py took 0.081 seconds
[2023-10-11T03:47:05.883+0000] {processor.py:157} INFO - Started process (PID=917) to work on /home/airflow/.local/lib/python3.8/site-packages/airflow/example_dags/tutorial.py
[2023-10-11T03:47:05.885+0000] {processor.py:829} INFO - Processing file /home/airflow/.local/lib/python3.8/site-packages/airflow/example_dags/tutorial.py for tasks to queue
[2023-10-11T03:47:05.887+0000] {logging_mixin.py:151} INFO - [2023-10-11T03:47:05.887+0000] {dagbag.py:539} INFO - Filling up the DagBag from /home/airflow/.local/lib/python3.8/site-packages/airflow/example_dags/tutorial.py
[2023-10-11T03:47:05.895+0000] {processor.py:839} INFO - DAG(s) dict_keys(['tutorial']) retrieved from /home/airflow/.local/lib/python3.8/site-packages/airflow/example_dags/tutorial.py
[2023-10-11T03:47:05.918+0000] {logging_mixin.py:151} INFO - [2023-10-11T03:47:05.918+0000] {dag.py:2915} INFO - Sync 1 DAGs
[2023-10-11T03:47:05.941+0000] {logging_mixin.py:151} INFO - [2023-10-11T03:47:05.940+0000] {dag.py:3696} INFO - Setting next_dagrun for tutorial to 2023-10-10T03:47:05.940582+00:00, run_after=2023-10-11T03:47:05.940582+00:00
[2023-10-11T03:47:05.962+0000] {processor.py:179} INFO - Processing /home/airflow/.local/lib/python3.8/site-packages/airflow/example_dags/tutorial.py took 0.082 seconds
[2023-10-11T03:47:36.282+0000] {processor.py:157} INFO - Started process (PID=974) to work on /home/airflow/.local/lib/python3.8/site-packages/airflow/example_dags/tutorial.py
[2023-10-11T03:47:36.284+0000] {processor.py:829} INFO - Processing file /home/airflow/.local/lib/python3.8/site-packages/airflow/example_dags/tutorial.py for tasks to queue
[2023-10-11T03:47:36.287+0000] {logging_mixin.py:151} INFO - [2023-10-11T03:47:36.287+0000] {dagbag.py:539} INFO - Filling up the DagBag from /home/airflow/.local/lib/python3.8/site-packages/airflow/example_dags/tutorial.py
[2023-10-11T03:47:36.294+0000] {processor.py:839} INFO - DAG(s) dict_keys(['tutorial']) retrieved from /home/airflow/.local/lib/python3.8/site-packages/airflow/example_dags/tutorial.py
[2023-10-11T03:47:36.319+0000] {logging_mixin.py:151} INFO - [2023-10-11T03:47:36.319+0000] {dag.py:2915} INFO - Sync 1 DAGs
[2023-10-11T03:47:36.339+0000] {logging_mixin.py:151} INFO - [2023-10-11T03:47:36.339+0000] {dag.py:3696} INFO - Setting next_dagrun for tutorial to 2023-10-10T03:47:36.338808+00:00, run_after=2023-10-11T03:47:36.338808+00:00
[2023-10-11T03:47:36.363+0000] {processor.py:179} INFO - Processing /home/airflow/.local/lib/python3.8/site-packages/airflow/example_dags/tutorial.py took 0.085 seconds
[2023-10-11T03:48:06.543+0000] {processor.py:157} INFO - Started process (PID=1031) to work on /home/airflow/.local/lib/python3.8/site-packages/airflow/example_dags/tutorial.py
[2023-10-11T03:48:06.544+0000] {processor.py:829} INFO - Processing file /home/airflow/.local/lib/python3.8/site-packages/airflow/example_dags/tutorial.py for tasks to queue
[2023-10-11T03:48:06.547+0000] {logging_mixin.py:151} INFO - [2023-10-11T03:48:06.546+0000] {dagbag.py:539} INFO - Filling up the DagBag from /home/airflow/.local/lib/python3.8/site-packages/airflow/example_dags/tutorial.py
[2023-10-11T03:48:06.553+0000] {processor.py:839} INFO - DAG(s) dict_keys(['tutorial']) retrieved from /home/airflow/.local/lib/python3.8/site-packages/airflow/example_dags/tutorial.py
[2023-10-11T03:48:06.576+0000] {logging_mixin.py:151} INFO - [2023-10-11T03:48:06.575+0000] {dag.py:2915} INFO - Sync 1 DAGs
[2023-10-11T03:48:06.597+0000] {logging_mixin.py:151} INFO - [2023-10-11T03:48:06.596+0000] {dag.py:3696} INFO - Setting next_dagrun for tutorial to 2023-10-10T03:48:06.596403+00:00, run_after=2023-10-11T03:48:06.596403+00:00
[2023-10-11T03:48:06.616+0000] {processor.py:179} INFO - Processing /home/airflow/.local/lib/python3.8/site-packages/airflow/example_dags/tutorial.py took 0.077 seconds
[2023-10-11T03:48:37.039+0000] {processor.py:157} INFO - Started process (PID=1088) to work on /home/airflow/.local/lib/python3.8/site-packages/airflow/example_dags/tutorial.py
[2023-10-11T03:48:37.040+0000] {processor.py:829} INFO - Processing file /home/airflow/.local/lib/python3.8/site-packages/airflow/example_dags/tutorial.py for tasks to queue
[2023-10-11T03:48:37.043+0000] {logging_mixin.py:151} INFO - [2023-10-11T03:48:37.043+0000] {dagbag.py:539} INFO - Filling up the DagBag from /home/airflow/.local/lib/python3.8/site-packages/airflow/example_dags/tutorial.py
[2023-10-11T03:48:37.049+0000] {processor.py:839} INFO - DAG(s) dict_keys(['tutorial']) retrieved from /home/airflow/.local/lib/python3.8/site-packages/airflow/example_dags/tutorial.py
[2023-10-11T03:48:37.076+0000] {logging_mixin.py:151} INFO - [2023-10-11T03:48:37.076+0000] {dag.py:2915} INFO - Sync 1 DAGs
[2023-10-11T03:48:37.101+0000] {logging_mixin.py:151} INFO - [2023-10-11T03:48:37.101+0000] {dag.py:3696} INFO - Setting next_dagrun for tutorial to 2023-10-10T03:48:37.101450+00:00, run_after=2023-10-11T03:48:37.101450+00:00
[2023-10-11T03:48:37.122+0000] {processor.py:179} INFO - Processing /home/airflow/.local/lib/python3.8/site-packages/airflow/example_dags/tutorial.py took 0.086 seconds
[2023-10-11T03:49:07.604+0000] {processor.py:157} INFO - Started process (PID=1152) to work on /home/airflow/.local/lib/python3.8/site-packages/airflow/example_dags/tutorial.py
[2023-10-11T03:49:07.606+0000] {processor.py:829} INFO - Processing file /home/airflow/.local/lib/python3.8/site-packages/airflow/example_dags/tutorial.py for tasks to queue
[2023-10-11T03:49:07.609+0000] {logging_mixin.py:151} INFO - [2023-10-11T03:49:07.609+0000] {dagbag.py:539} INFO - Filling up the DagBag from /home/airflow/.local/lib/python3.8/site-packages/airflow/example_dags/tutorial.py
[2023-10-11T03:49:07.617+0000] {processor.py:839} INFO - DAG(s) dict_keys(['tutorial']) retrieved from /home/airflow/.local/lib/python3.8/site-packages/airflow/example_dags/tutorial.py
[2023-10-11T03:49:07.643+0000] {logging_mixin.py:151} INFO - [2023-10-11T03:49:07.643+0000] {dag.py:2915} INFO - Sync 1 DAGs
[2023-10-11T03:49:07.665+0000] {logging_mixin.py:151} INFO - [2023-10-11T03:49:07.664+0000] {dag.py:3696} INFO - Setting next_dagrun for tutorial to 2023-10-10T03:49:07.664776+00:00, run_after=2023-10-11T03:49:07.664776+00:00
[2023-10-11T03:49:07.686+0000] {processor.py:179} INFO - Processing /home/airflow/.local/lib/python3.8/site-packages/airflow/example_dags/tutorial.py took 0.085 seconds
[2023-10-11T03:49:37.984+0000] {processor.py:157} INFO - Started process (PID=1209) to work on /home/airflow/.local/lib/python3.8/site-packages/airflow/example_dags/tutorial.py
[2023-10-11T03:49:37.986+0000] {processor.py:829} INFO - Processing file /home/airflow/.local/lib/python3.8/site-packages/airflow/example_dags/tutorial.py for tasks to queue
[2023-10-11T03:49:37.989+0000] {logging_mixin.py:151} INFO - [2023-10-11T03:49:37.989+0000] {dagbag.py:539} INFO - Filling up the DagBag from /home/airflow/.local/lib/python3.8/site-packages/airflow/example_dags/tutorial.py
[2023-10-11T03:49:37.995+0000] {processor.py:839} INFO - DAG(s) dict_keys(['tutorial']) retrieved from /home/airflow/.local/lib/python3.8/site-packages/airflow/example_dags/tutorial.py
[2023-10-11T03:49:38.016+0000] {logging_mixin.py:151} INFO - [2023-10-11T03:49:38.016+0000] {dag.py:2915} INFO - Sync 1 DAGs
[2023-10-11T03:49:38.033+0000] {logging_mixin.py:151} INFO - [2023-10-11T03:49:38.033+0000] {dag.py:3696} INFO - Setting next_dagrun for tutorial to 2023-10-10T03:49:38.033349+00:00, run_after=2023-10-11T03:49:38.033349+00:00
[2023-10-11T03:49:38.053+0000] {processor.py:179} INFO - Processing /home/airflow/.local/lib/python3.8/site-packages/airflow/example_dags/tutorial.py took 0.072 seconds
[2023-10-11T03:50:08.243+0000] {processor.py:157} INFO - Started process (PID=1266) to work on /home/airflow/.local/lib/python3.8/site-packages/airflow/example_dags/tutorial.py
[2023-10-11T03:50:08.245+0000] {processor.py:829} INFO - Processing file /home/airflow/.local/lib/python3.8/site-packages/airflow/example_dags/tutorial.py for tasks to queue
[2023-10-11T03:50:08.247+0000] {logging_mixin.py:151} INFO - [2023-10-11T03:50:08.247+0000] {dagbag.py:539} INFO - Filling up the DagBag from /home/airflow/.local/lib/python3.8/site-packages/airflow/example_dags/tutorial.py
[2023-10-11T03:50:08.254+0000] {processor.py:839} INFO - DAG(s) dict_keys(['tutorial']) retrieved from /home/airflow/.local/lib/python3.8/site-packages/airflow/example_dags/tutorial.py
[2023-10-11T03:50:08.276+0000] {logging_mixin.py:151} INFO - [2023-10-11T03:50:08.276+0000] {dag.py:2915} INFO - Sync 1 DAGs
[2023-10-11T03:50:08.297+0000] {logging_mixin.py:151} INFO - [2023-10-11T03:50:08.297+0000] {dag.py:3696} INFO - Setting next_dagrun for tutorial to 2023-10-10T03:50:08.296982+00:00, run_after=2023-10-11T03:50:08.296982+00:00
[2023-10-11T03:50:08.318+0000] {processor.py:179} INFO - Processing /home/airflow/.local/lib/python3.8/site-packages/airflow/example_dags/tutorial.py took 0.078 seconds
[2023-10-11T03:50:38.834+0000] {processor.py:157} INFO - Started process (PID=1323) to work on /home/airflow/.local/lib/python3.8/site-packages/airflow/example_dags/tutorial.py
[2023-10-11T03:50:38.836+0000] {processor.py:829} INFO - Processing file /home/airflow/.local/lib/python3.8/site-packages/airflow/example_dags/tutorial.py for tasks to queue
[2023-10-11T03:50:38.838+0000] {logging_mixin.py:151} INFO - [2023-10-11T03:50:38.838+0000] {dagbag.py:539} INFO - Filling up the DagBag from /home/airflow/.local/lib/python3.8/site-packages/airflow/example_dags/tutorial.py
[2023-10-11T03:50:38.845+0000] {processor.py:839} INFO - DAG(s) dict_keys(['tutorial']) retrieved from /home/airflow/.local/lib/python3.8/site-packages/airflow/example_dags/tutorial.py
[2023-10-11T03:50:38.868+0000] {logging_mixin.py:151} INFO - [2023-10-11T03:50:38.868+0000] {dag.py:2915} INFO - Sync 1 DAGs
[2023-10-11T03:50:38.889+0000] {logging_mixin.py:151} INFO - [2023-10-11T03:50:38.889+0000] {dag.py:3696} INFO - Setting next_dagrun for tutorial to 2023-10-10T03:50:38.889496+00:00, run_after=2023-10-11T03:50:38.889496+00:00
[2023-10-11T03:50:38.917+0000] {processor.py:179} INFO - Processing /home/airflow/.local/lib/python3.8/site-packages/airflow/example_dags/tutorial.py took 0.086 seconds
[2023-10-11T03:51:09.485+0000] {processor.py:157} INFO - Started process (PID=1380) to work on /home/airflow/.local/lib/python3.8/site-packages/airflow/example_dags/tutorial.py
[2023-10-11T03:51:09.486+0000] {processor.py:829} INFO - Processing file /home/airflow/.local/lib/python3.8/site-packages/airflow/example_dags/tutorial.py for tasks to queue
[2023-10-11T03:51:09.488+0000] {logging_mixin.py:151} INFO - [2023-10-11T03:51:09.488+0000] {dagbag.py:539} INFO - Filling up the DagBag from /home/airflow/.local/lib/python3.8/site-packages/airflow/example_dags/tutorial.py
[2023-10-11T03:51:09.496+0000] {processor.py:839} INFO - DAG(s) dict_keys(['tutorial']) retrieved from /home/airflow/.local/lib/python3.8/site-packages/airflow/example_dags/tutorial.py
[2023-10-11T03:51:09.525+0000] {logging_mixin.py:151} INFO - [2023-10-11T03:51:09.525+0000] {dag.py:2915} INFO - Sync 1 DAGs
[2023-10-11T03:51:09.550+0000] {logging_mixin.py:151} INFO - [2023-10-11T03:51:09.549+0000] {dag.py:3696} INFO - Setting next_dagrun for tutorial to 2023-10-10T03:51:09.549724+00:00, run_after=2023-10-11T03:51:09.549724+00:00
[2023-10-11T03:51:09.573+0000] {processor.py:179} INFO - Processing /home/airflow/.local/lib/python3.8/site-packages/airflow/example_dags/tutorial.py took 0.092 seconds
[2023-10-11T03:51:39.723+0000] {processor.py:157} INFO - Started process (PID=1437) to work on /home/airflow/.local/lib/python3.8/site-packages/airflow/example_dags/tutorial.py
[2023-10-11T03:51:39.726+0000] {processor.py:829} INFO - Processing file /home/airflow/.local/lib/python3.8/site-packages/airflow/example_dags/tutorial.py for tasks to queue
[2023-10-11T03:51:39.728+0000] {logging_mixin.py:151} INFO - [2023-10-11T03:51:39.728+0000] {dagbag.py:539} INFO - Filling up the DagBag from /home/airflow/.local/lib/python3.8/site-packages/airflow/example_dags/tutorial.py
[2023-10-11T03:51:39.734+0000] {processor.py:839} INFO - DAG(s) dict_keys(['tutorial']) retrieved from /home/airflow/.local/lib/python3.8/site-packages/airflow/example_dags/tutorial.py
[2023-10-11T03:51:39.757+0000] {logging_mixin.py:151} INFO - [2023-10-11T03:51:39.757+0000] {dag.py:2915} INFO - Sync 1 DAGs
[2023-10-11T03:51:39.777+0000] {logging_mixin.py:151} INFO - [2023-10-11T03:51:39.777+0000] {dag.py:3696} INFO - Setting next_dagrun for tutorial to 2023-10-10T03:51:39.777108+00:00, run_after=2023-10-11T03:51:39.777108+00:00
[2023-10-11T03:51:39.798+0000] {processor.py:179} INFO - Processing /home/airflow/.local/lib/python3.8/site-packages/airflow/example_dags/tutorial.py took 0.078 seconds
[2023-10-11T03:52:10.207+0000] {processor.py:157} INFO - Started process (PID=1494) to work on /home/airflow/.local/lib/python3.8/site-packages/airflow/example_dags/tutorial.py
[2023-10-11T03:52:10.208+0000] {processor.py:829} INFO - Processing file /home/airflow/.local/lib/python3.8/site-packages/airflow/example_dags/tutorial.py for tasks to queue
[2023-10-11T03:52:10.210+0000] {logging_mixin.py:151} INFO - [2023-10-11T03:52:10.210+0000] {dagbag.py:539} INFO - Filling up the DagBag from /home/airflow/.local/lib/python3.8/site-packages/airflow/example_dags/tutorial.py
[2023-10-11T03:52:10.217+0000] {processor.py:839} INFO - DAG(s) dict_keys(['tutorial']) retrieved from /home/airflow/.local/lib/python3.8/site-packages/airflow/example_dags/tutorial.py
[2023-10-11T03:52:10.241+0000] {logging_mixin.py:151} INFO - [2023-10-11T03:52:10.240+0000] {dag.py:2915} INFO - Sync 1 DAGs
[2023-10-11T03:52:10.259+0000] {logging_mixin.py:151} INFO - [2023-10-11T03:52:10.259+0000] {dag.py:3696} INFO - Setting next_dagrun for tutorial to 2023-10-10T03:52:10.259250+00:00, run_after=2023-10-11T03:52:10.259250+00:00
[2023-10-11T03:52:10.279+0000] {processor.py:179} INFO - Processing /home/airflow/.local/lib/python3.8/site-packages/airflow/example_dags/tutorial.py took 0.075 seconds
[2023-10-11T03:52:40.597+0000] {processor.py:157} INFO - Started process (PID=1551) to work on /home/airflow/.local/lib/python3.8/site-packages/airflow/example_dags/tutorial.py
[2023-10-11T03:52:40.599+0000] {processor.py:829} INFO - Processing file /home/airflow/.local/lib/python3.8/site-packages/airflow/example_dags/tutorial.py for tasks to queue
[2023-10-11T03:52:40.602+0000] {logging_mixin.py:151} INFO - [2023-10-11T03:52:40.602+0000] {dagbag.py:539} INFO - Filling up the DagBag from /home/airflow/.local/lib/python3.8/site-packages/airflow/example_dags/tutorial.py
[2023-10-11T03:52:40.609+0000] {processor.py:839} INFO - DAG(s) dict_keys(['tutorial']) retrieved from /home/airflow/.local/lib/python3.8/site-packages/airflow/example_dags/tutorial.py
[2023-10-11T03:52:40.630+0000] {logging_mixin.py:151} INFO - [2023-10-11T03:52:40.630+0000] {dag.py:2915} INFO - Sync 1 DAGs
[2023-10-11T03:52:40.652+0000] {logging_mixin.py:151} INFO - [2023-10-11T03:52:40.652+0000] {dag.py:3696} INFO - Setting next_dagrun for tutorial to 2023-10-10T03:52:40.651965+00:00, run_after=2023-10-11T03:52:40.651965+00:00
[2023-10-11T03:52:40.673+0000] {processor.py:179} INFO - Processing /home/airflow/.local/lib/python3.8/site-packages/airflow/example_dags/tutorial.py took 0.078 seconds
[2023-10-11T03:53:10.858+0000] {processor.py:157} INFO - Started process (PID=1608) to work on /home/airflow/.local/lib/python3.8/site-packages/airflow/example_dags/tutorial.py
[2023-10-11T03:53:10.859+0000] {processor.py:829} INFO - Processing file /home/airflow/.local/lib/python3.8/site-packages/airflow/example_dags/tutorial.py for tasks to queue
[2023-10-11T03:53:10.861+0000] {logging_mixin.py:151} INFO - [2023-10-11T03:53:10.861+0000] {dagbag.py:539} INFO - Filling up the DagBag from /home/airflow/.local/lib/python3.8/site-packages/airflow/example_dags/tutorial.py
[2023-10-11T03:53:10.867+0000] {processor.py:839} INFO - DAG(s) dict_keys(['tutorial']) retrieved from /home/airflow/.local/lib/python3.8/site-packages/airflow/example_dags/tutorial.py
[2023-10-11T03:53:10.892+0000] {logging_mixin.py:151} INFO - [2023-10-11T03:53:10.891+0000] {dag.py:2915} INFO - Sync 1 DAGs
[2023-10-11T03:53:10.911+0000] {logging_mixin.py:151} INFO - [2023-10-11T03:53:10.911+0000] {dag.py:3696} INFO - Setting next_dagrun for tutorial to 2023-10-10T03:53:10.910901+00:00, run_after=2023-10-11T03:53:10.910901+00:00
[2023-10-11T03:53:10.932+0000] {processor.py:179} INFO - Processing /home/airflow/.local/lib/python3.8/site-packages/airflow/example_dags/tutorial.py took 0.079 seconds
[2023-10-11T03:53:42.093+0000] {processor.py:157} INFO - Started process (PID=1665) to work on /home/airflow/.local/lib/python3.8/site-packages/airflow/example_dags/tutorial.py
[2023-10-11T03:53:42.095+0000] {processor.py:829} INFO - Processing file /home/airflow/.local/lib/python3.8/site-packages/airflow/example_dags/tutorial.py for tasks to queue
[2023-10-11T03:53:42.098+0000] {logging_mixin.py:151} INFO - [2023-10-11T03:53:42.098+0000] {dagbag.py:539} INFO - Filling up the DagBag from /home/airflow/.local/lib/python3.8/site-packages/airflow/example_dags/tutorial.py
[2023-10-11T03:53:42.106+0000] {processor.py:839} INFO - DAG(s) dict_keys(['tutorial']) retrieved from /home/airflow/.local/lib/python3.8/site-packages/airflow/example_dags/tutorial.py
[2023-10-11T03:53:42.133+0000] {logging_mixin.py:151} INFO - [2023-10-11T03:53:42.132+0000] {dag.py:2915} INFO - Sync 1 DAGs
[2023-10-11T03:53:42.161+0000] {logging_mixin.py:151} INFO - [2023-10-11T03:53:42.160+0000] {dag.py:3696} INFO - Setting next_dagrun for tutorial to 2023-10-10T03:53:42.160510+00:00, run_after=2023-10-11T03:53:42.160510+00:00
[2023-10-11T03:53:42.187+0000] {processor.py:179} INFO - Processing /home/airflow/.local/lib/python3.8/site-packages/airflow/example_dags/tutorial.py took 0.097 seconds
[2023-10-11T03:54:12.346+0000] {processor.py:157} INFO - Started process (PID=1721) to work on /home/airflow/.local/lib/python3.8/site-packages/airflow/example_dags/tutorial.py
[2023-10-11T03:54:12.348+0000] {processor.py:829} INFO - Processing file /home/airflow/.local/lib/python3.8/site-packages/airflow/example_dags/tutorial.py for tasks to queue
[2023-10-11T03:54:12.353+0000] {logging_mixin.py:151} INFO - [2023-10-11T03:54:12.352+0000] {dagbag.py:539} INFO - Filling up the DagBag from /home/airflow/.local/lib/python3.8/site-packages/airflow/example_dags/tutorial.py
[2023-10-11T03:54:12.359+0000] {processor.py:839} INFO - DAG(s) dict_keys(['tutorial']) retrieved from /home/airflow/.local/lib/python3.8/site-packages/airflow/example_dags/tutorial.py
[2023-10-11T03:54:12.381+0000] {logging_mixin.py:151} INFO - [2023-10-11T03:54:12.381+0000] {dag.py:2915} INFO - Sync 1 DAGs
[2023-10-11T03:54:12.401+0000] {logging_mixin.py:151} INFO - [2023-10-11T03:54:12.401+0000] {dag.py:3696} INFO - Setting next_dagrun for tutorial to 2023-10-10T03:54:12.400731+00:00, run_after=2023-10-11T03:54:12.400731+00:00
[2023-10-11T03:54:12.420+0000] {processor.py:179} INFO - Processing /home/airflow/.local/lib/python3.8/site-packages/airflow/example_dags/tutorial.py took 0.077 seconds
[2023-10-11T03:54:42.623+0000] {processor.py:157} INFO - Started process (PID=1779) to work on /home/airflow/.local/lib/python3.8/site-packages/airflow/example_dags/tutorial.py
[2023-10-11T03:54:42.625+0000] {processor.py:829} INFO - Processing file /home/airflow/.local/lib/python3.8/site-packages/airflow/example_dags/tutorial.py for tasks to queue
[2023-10-11T03:54:42.628+0000] {logging_mixin.py:151} INFO - [2023-10-11T03:54:42.627+0000] {dagbag.py:539} INFO - Filling up the DagBag from /home/airflow/.local/lib/python3.8/site-packages/airflow/example_dags/tutorial.py
[2023-10-11T03:54:42.633+0000] {processor.py:839} INFO - DAG(s) dict_keys(['tutorial']) retrieved from /home/airflow/.local/lib/python3.8/site-packages/airflow/example_dags/tutorial.py
[2023-10-11T03:54:42.654+0000] {logging_mixin.py:151} INFO - [2023-10-11T03:54:42.654+0000] {dag.py:2915} INFO - Sync 1 DAGs
[2023-10-11T03:54:42.675+0000] {logging_mixin.py:151} INFO - [2023-10-11T03:54:42.675+0000] {dag.py:3696} INFO - Setting next_dagrun for tutorial to 2023-10-10T03:54:42.675039+00:00, run_after=2023-10-11T03:54:42.675039+00:00
[2023-10-11T03:54:42.697+0000] {processor.py:179} INFO - Processing /home/airflow/.local/lib/python3.8/site-packages/airflow/example_dags/tutorial.py took 0.077 seconds
[2023-10-11T03:55:13.122+0000] {processor.py:157} INFO - Started process (PID=1836) to work on /home/airflow/.local/lib/python3.8/site-packages/airflow/example_dags/tutorial.py
[2023-10-11T03:55:13.124+0000] {processor.py:829} INFO - Processing file /home/airflow/.local/lib/python3.8/site-packages/airflow/example_dags/tutorial.py for tasks to queue
[2023-10-11T03:55:13.128+0000] {logging_mixin.py:151} INFO - [2023-10-11T03:55:13.127+0000] {dagbag.py:539} INFO - Filling up the DagBag from /home/airflow/.local/lib/python3.8/site-packages/airflow/example_dags/tutorial.py
[2023-10-11T03:55:13.134+0000] {processor.py:839} INFO - DAG(s) dict_keys(['tutorial']) retrieved from /home/airflow/.local/lib/python3.8/site-packages/airflow/example_dags/tutorial.py
[2023-10-11T03:55:13.156+0000] {logging_mixin.py:151} INFO - [2023-10-11T03:55:13.155+0000] {dag.py:2915} INFO - Sync 1 DAGs
[2023-10-11T03:55:13.173+0000] {logging_mixin.py:151} INFO - [2023-10-11T03:55:13.172+0000] {dag.py:3696} INFO - Setting next_dagrun for tutorial to 2023-10-10T03:55:13.172798+00:00, run_after=2023-10-11T03:55:13.172798+00:00
[2023-10-11T03:55:13.192+0000] {processor.py:179} INFO - Processing /home/airflow/.local/lib/python3.8/site-packages/airflow/example_dags/tutorial.py took 0.074 seconds
[2023-10-11T03:55:43.509+0000] {processor.py:157} INFO - Started process (PID=1893) to work on /home/airflow/.local/lib/python3.8/site-packages/airflow/example_dags/tutorial.py
[2023-10-11T03:55:43.511+0000] {processor.py:829} INFO - Processing file /home/airflow/.local/lib/python3.8/site-packages/airflow/example_dags/tutorial.py for tasks to queue
[2023-10-11T03:55:43.513+0000] {logging_mixin.py:151} INFO - [2023-10-11T03:55:43.513+0000] {dagbag.py:539} INFO - Filling up the DagBag from /home/airflow/.local/lib/python3.8/site-packages/airflow/example_dags/tutorial.py
[2023-10-11T03:55:43.520+0000] {processor.py:839} INFO - DAG(s) dict_keys(['tutorial']) retrieved from /home/airflow/.local/lib/python3.8/site-packages/airflow/example_dags/tutorial.py
[2023-10-11T03:55:43.539+0000] {logging_mixin.py:151} INFO - [2023-10-11T03:55:43.539+0000] {dag.py:2915} INFO - Sync 1 DAGs
[2023-10-11T03:55:43.560+0000] {logging_mixin.py:151} INFO - [2023-10-11T03:55:43.559+0000] {dag.py:3696} INFO - Setting next_dagrun for tutorial to 2023-10-10T03:55:43.559335+00:00, run_after=2023-10-11T03:55:43.559335+00:00
[2023-10-11T03:55:43.581+0000] {processor.py:179} INFO - Processing /home/airflow/.local/lib/python3.8/site-packages/airflow/example_dags/tutorial.py took 0.075 seconds
[2023-10-11T03:56:13.972+0000] {processor.py:157} INFO - Started process (PID=1950) to work on /home/airflow/.local/lib/python3.8/site-packages/airflow/example_dags/tutorial.py
[2023-10-11T03:56:13.974+0000] {processor.py:829} INFO - Processing file /home/airflow/.local/lib/python3.8/site-packages/airflow/example_dags/tutorial.py for tasks to queue
[2023-10-11T03:56:13.979+0000] {logging_mixin.py:151} INFO - [2023-10-11T03:56:13.979+0000] {dagbag.py:539} INFO - Filling up the DagBag from /home/airflow/.local/lib/python3.8/site-packages/airflow/example_dags/tutorial.py
[2023-10-11T03:56:13.990+0000] {processor.py:839} INFO - DAG(s) dict_keys(['tutorial']) retrieved from /home/airflow/.local/lib/python3.8/site-packages/airflow/example_dags/tutorial.py
[2023-10-11T03:56:14.029+0000] {logging_mixin.py:151} INFO - [2023-10-11T03:56:14.029+0000] {dag.py:2915} INFO - Sync 1 DAGs
[2023-10-11T03:56:14.051+0000] {logging_mixin.py:151} INFO - [2023-10-11T03:56:14.050+0000] {dag.py:3696} INFO - Setting next_dagrun for tutorial to 2023-10-10T03:56:14.050719+00:00, run_after=2023-10-11T03:56:14.050719+00:00
[2023-10-11T03:56:14.076+0000] {processor.py:179} INFO - Processing /home/airflow/.local/lib/python3.8/site-packages/airflow/example_dags/tutorial.py took 0.109 seconds
[2023-10-11T03:56:44.417+0000] {processor.py:157} INFO - Started process (PID=2007) to work on /home/airflow/.local/lib/python3.8/site-packages/airflow/example_dags/tutorial.py
[2023-10-11T03:56:44.420+0000] {processor.py:829} INFO - Processing file /home/airflow/.local/lib/python3.8/site-packages/airflow/example_dags/tutorial.py for tasks to queue
[2023-10-11T03:56:44.423+0000] {logging_mixin.py:151} INFO - [2023-10-11T03:56:44.422+0000] {dagbag.py:539} INFO - Filling up the DagBag from /home/airflow/.local/lib/python3.8/site-packages/airflow/example_dags/tutorial.py
[2023-10-11T03:56:44.431+0000] {processor.py:839} INFO - DAG(s) dict_keys(['tutorial']) retrieved from /home/airflow/.local/lib/python3.8/site-packages/airflow/example_dags/tutorial.py
[2023-10-11T03:56:44.470+0000] {logging_mixin.py:151} INFO - [2023-10-11T03:56:44.470+0000] {dag.py:2915} INFO - Sync 1 DAGs
[2023-10-11T03:56:44.500+0000] {logging_mixin.py:151} INFO - [2023-10-11T03:56:44.500+0000] {dag.py:3696} INFO - Setting next_dagrun for tutorial to 2023-10-10T03:56:44.500128+00:00, run_after=2023-10-11T03:56:44.500128+00:00
[2023-10-11T03:56:44.534+0000] {processor.py:179} INFO - Processing /home/airflow/.local/lib/python3.8/site-packages/airflow/example_dags/tutorial.py took 0.122 seconds
[2023-10-11T03:57:14.736+0000] {processor.py:157} INFO - Started process (PID=2064) to work on /home/airflow/.local/lib/python3.8/site-packages/airflow/example_dags/tutorial.py
[2023-10-11T03:57:14.738+0000] {processor.py:829} INFO - Processing file /home/airflow/.local/lib/python3.8/site-packages/airflow/example_dags/tutorial.py for tasks to queue
[2023-10-11T03:57:14.740+0000] {logging_mixin.py:151} INFO - [2023-10-11T03:57:14.740+0000] {dagbag.py:539} INFO - Filling up the DagBag from /home/airflow/.local/lib/python3.8/site-packages/airflow/example_dags/tutorial.py
[2023-10-11T03:57:14.746+0000] {processor.py:839} INFO - DAG(s) dict_keys(['tutorial']) retrieved from /home/airflow/.local/lib/python3.8/site-packages/airflow/example_dags/tutorial.py
[2023-10-11T03:57:14.768+0000] {logging_mixin.py:151} INFO - [2023-10-11T03:57:14.768+0000] {dag.py:2915} INFO - Sync 1 DAGs
[2023-10-11T03:57:14.789+0000] {logging_mixin.py:151} INFO - [2023-10-11T03:57:14.789+0000] {dag.py:3696} INFO - Setting next_dagrun for tutorial to 2023-10-10T03:57:14.788821+00:00, run_after=2023-10-11T03:57:14.788821+00:00
[2023-10-11T03:57:14.810+0000] {processor.py:179} INFO - Processing /home/airflow/.local/lib/python3.8/site-packages/airflow/example_dags/tutorial.py took 0.077 seconds
[2023-10-11T03:57:45.594+0000] {processor.py:157} INFO - Started process (PID=2121) to work on /home/airflow/.local/lib/python3.8/site-packages/airflow/example_dags/tutorial.py
[2023-10-11T03:57:45.596+0000] {processor.py:829} INFO - Processing file /home/airflow/.local/lib/python3.8/site-packages/airflow/example_dags/tutorial.py for tasks to queue
[2023-10-11T03:57:45.598+0000] {logging_mixin.py:151} INFO - [2023-10-11T03:57:45.598+0000] {dagbag.py:539} INFO - Filling up the DagBag from /home/airflow/.local/lib/python3.8/site-packages/airflow/example_dags/tutorial.py
[2023-10-11T03:57:45.604+0000] {processor.py:839} INFO - DAG(s) dict_keys(['tutorial']) retrieved from /home/airflow/.local/lib/python3.8/site-packages/airflow/example_dags/tutorial.py
[2023-10-11T03:57:45.624+0000] {logging_mixin.py:151} INFO - [2023-10-11T03:57:45.624+0000] {dag.py:2915} INFO - Sync 1 DAGs
[2023-10-11T03:57:45.642+0000] {logging_mixin.py:151} INFO - [2023-10-11T03:57:45.642+0000] {dag.py:3696} INFO - Setting next_dagrun for tutorial to 2023-10-10T03:57:45.642389+00:00, run_after=2023-10-11T03:57:45.642389+00:00
[2023-10-11T03:57:45.667+0000] {processor.py:179} INFO - Processing /home/airflow/.local/lib/python3.8/site-packages/airflow/example_dags/tutorial.py took 0.076 seconds
[2023-10-11T03:58:15.894+0000] {processor.py:157} INFO - Started process (PID=2178) to work on /home/airflow/.local/lib/python3.8/site-packages/airflow/example_dags/tutorial.py
[2023-10-11T03:58:15.895+0000] {processor.py:829} INFO - Processing file /home/airflow/.local/lib/python3.8/site-packages/airflow/example_dags/tutorial.py for tasks to queue
[2023-10-11T03:58:15.898+0000] {logging_mixin.py:151} INFO - [2023-10-11T03:58:15.898+0000] {dagbag.py:539} INFO - Filling up the DagBag from /home/airflow/.local/lib/python3.8/site-packages/airflow/example_dags/tutorial.py
[2023-10-11T03:58:15.904+0000] {processor.py:839} INFO - DAG(s) dict_keys(['tutorial']) retrieved from /home/airflow/.local/lib/python3.8/site-packages/airflow/example_dags/tutorial.py
[2023-10-11T03:58:15.925+0000] {logging_mixin.py:151} INFO - [2023-10-11T03:58:15.925+0000] {dag.py:2915} INFO - Sync 1 DAGs
[2023-10-11T03:58:15.945+0000] {logging_mixin.py:151} INFO - [2023-10-11T03:58:15.945+0000] {dag.py:3696} INFO - Setting next_dagrun for tutorial to 2023-10-10T03:58:15.944998+00:00, run_after=2023-10-11T03:58:15.944998+00:00
[2023-10-11T03:58:15.965+0000] {processor.py:179} INFO - Processing /home/airflow/.local/lib/python3.8/site-packages/airflow/example_dags/tutorial.py took 0.074 seconds
[2023-10-11T03:58:46.162+0000] {processor.py:157} INFO - Started process (PID=2235) to work on /home/airflow/.local/lib/python3.8/site-packages/airflow/example_dags/tutorial.py
[2023-10-11T03:58:46.163+0000] {processor.py:829} INFO - Processing file /home/airflow/.local/lib/python3.8/site-packages/airflow/example_dags/tutorial.py for tasks to queue
[2023-10-11T03:58:46.165+0000] {logging_mixin.py:151} INFO - [2023-10-11T03:58:46.165+0000] {dagbag.py:539} INFO - Filling up the DagBag from /home/airflow/.local/lib/python3.8/site-packages/airflow/example_dags/tutorial.py
[2023-10-11T03:58:46.170+0000] {processor.py:839} INFO - DAG(s) dict_keys(['tutorial']) retrieved from /home/airflow/.local/lib/python3.8/site-packages/airflow/example_dags/tutorial.py
[2023-10-11T03:58:46.195+0000] {logging_mixin.py:151} INFO - [2023-10-11T03:58:46.195+0000] {dag.py:2915} INFO - Sync 1 DAGs
[2023-10-11T03:58:46.213+0000] {logging_mixin.py:151} INFO - [2023-10-11T03:58:46.213+0000] {dag.py:3696} INFO - Setting next_dagrun for tutorial to 2023-10-10T03:58:46.213473+00:00, run_after=2023-10-11T03:58:46.213473+00:00
[2023-10-11T03:58:46.233+0000] {processor.py:179} INFO - Processing /home/airflow/.local/lib/python3.8/site-packages/airflow/example_dags/tutorial.py took 0.074 seconds
[2023-10-11T03:59:16.600+0000] {processor.py:157} INFO - Started process (PID=2292) to work on /home/airflow/.local/lib/python3.8/site-packages/airflow/example_dags/tutorial.py
[2023-10-11T03:59:16.602+0000] {processor.py:829} INFO - Processing file /home/airflow/.local/lib/python3.8/site-packages/airflow/example_dags/tutorial.py for tasks to queue
[2023-10-11T03:59:16.604+0000] {logging_mixin.py:151} INFO - [2023-10-11T03:59:16.604+0000] {dagbag.py:539} INFO - Filling up the DagBag from /home/airflow/.local/lib/python3.8/site-packages/airflow/example_dags/tutorial.py
[2023-10-11T03:59:16.610+0000] {processor.py:839} INFO - DAG(s) dict_keys(['tutorial']) retrieved from /home/airflow/.local/lib/python3.8/site-packages/airflow/example_dags/tutorial.py
[2023-10-11T03:59:16.633+0000] {logging_mixin.py:151} INFO - [2023-10-11T03:59:16.633+0000] {dag.py:2915} INFO - Sync 1 DAGs
[2023-10-11T03:59:16.654+0000] {logging_mixin.py:151} INFO - [2023-10-11T03:59:16.654+0000] {dag.py:3696} INFO - Setting next_dagrun for tutorial to 2023-10-10T03:59:16.654235+00:00, run_after=2023-10-11T03:59:16.654235+00:00
[2023-10-11T03:59:16.685+0000] {processor.py:179} INFO - Processing /home/airflow/.local/lib/python3.8/site-packages/airflow/example_dags/tutorial.py took 0.088 seconds
[2023-10-11T03:59:47.200+0000] {processor.py:157} INFO - Started process (PID=2349) to work on /home/airflow/.local/lib/python3.8/site-packages/airflow/example_dags/tutorial.py
[2023-10-11T03:59:47.201+0000] {processor.py:829} INFO - Processing file /home/airflow/.local/lib/python3.8/site-packages/airflow/example_dags/tutorial.py for tasks to queue
[2023-10-11T03:59:47.204+0000] {logging_mixin.py:151} INFO - [2023-10-11T03:59:47.203+0000] {dagbag.py:539} INFO - Filling up the DagBag from /home/airflow/.local/lib/python3.8/site-packages/airflow/example_dags/tutorial.py
[2023-10-11T03:59:47.210+0000] {processor.py:839} INFO - DAG(s) dict_keys(['tutorial']) retrieved from /home/airflow/.local/lib/python3.8/site-packages/airflow/example_dags/tutorial.py
[2023-10-11T03:59:47.303+0000] {logging_mixin.py:151} INFO - [2023-10-11T03:59:47.303+0000] {dag.py:2915} INFO - Sync 1 DAGs
[2023-10-11T03:59:47.325+0000] {logging_mixin.py:151} INFO - [2023-10-11T03:59:47.325+0000] {dag.py:3696} INFO - Setting next_dagrun for tutorial to 2023-10-10T03:59:47.324868+00:00, run_after=2023-10-11T03:59:47.324868+00:00
[2023-10-11T03:59:47.349+0000] {processor.py:179} INFO - Processing /home/airflow/.local/lib/python3.8/site-packages/airflow/example_dags/tutorial.py took 0.154 seconds
[2023-10-11T04:00:17.571+0000] {processor.py:157} INFO - Started process (PID=2406) to work on /home/airflow/.local/lib/python3.8/site-packages/airflow/example_dags/tutorial.py
[2023-10-11T04:00:17.573+0000] {processor.py:829} INFO - Processing file /home/airflow/.local/lib/python3.8/site-packages/airflow/example_dags/tutorial.py for tasks to queue
[2023-10-11T04:00:17.576+0000] {logging_mixin.py:151} INFO - [2023-10-11T04:00:17.576+0000] {dagbag.py:539} INFO - Filling up the DagBag from /home/airflow/.local/lib/python3.8/site-packages/airflow/example_dags/tutorial.py
[2023-10-11T04:00:17.583+0000] {processor.py:839} INFO - DAG(s) dict_keys(['tutorial']) retrieved from /home/airflow/.local/lib/python3.8/site-packages/airflow/example_dags/tutorial.py
[2023-10-11T04:00:17.604+0000] {logging_mixin.py:151} INFO - [2023-10-11T04:00:17.604+0000] {dag.py:2915} INFO - Sync 1 DAGs
[2023-10-11T04:00:17.626+0000] {logging_mixin.py:151} INFO - [2023-10-11T04:00:17.625+0000] {dag.py:3696} INFO - Setting next_dagrun for tutorial to 2023-10-10T04:00:17.625711+00:00, run_after=2023-10-11T04:00:17.625711+00:00
[2023-10-11T04:00:17.647+0000] {processor.py:179} INFO - Processing /home/airflow/.local/lib/python3.8/site-packages/airflow/example_dags/tutorial.py took 0.079 seconds
[2023-10-11T04:00:47.979+0000] {processor.py:157} INFO - Started process (PID=2463) to work on /home/airflow/.local/lib/python3.8/site-packages/airflow/example_dags/tutorial.py
[2023-10-11T04:00:47.981+0000] {processor.py:829} INFO - Processing file /home/airflow/.local/lib/python3.8/site-packages/airflow/example_dags/tutorial.py for tasks to queue
[2023-10-11T04:00:47.983+0000] {logging_mixin.py:151} INFO - [2023-10-11T04:00:47.983+0000] {dagbag.py:539} INFO - Filling up the DagBag from /home/airflow/.local/lib/python3.8/site-packages/airflow/example_dags/tutorial.py
[2023-10-11T04:00:47.990+0000] {processor.py:839} INFO - DAG(s) dict_keys(['tutorial']) retrieved from /home/airflow/.local/lib/python3.8/site-packages/airflow/example_dags/tutorial.py
[2023-10-11T04:00:48.013+0000] {logging_mixin.py:151} INFO - [2023-10-11T04:00:48.013+0000] {dag.py:2915} INFO - Sync 1 DAGs
[2023-10-11T04:00:48.035+0000] {logging_mixin.py:151} INFO - [2023-10-11T04:00:48.035+0000] {dag.py:3696} INFO - Setting next_dagrun for tutorial to 2023-10-10T04:00:48.034576+00:00, run_after=2023-10-11T04:00:48.034576+00:00
[2023-10-11T04:00:48.065+0000] {processor.py:179} INFO - Processing /home/airflow/.local/lib/python3.8/site-packages/airflow/example_dags/tutorial.py took 0.088 seconds
[2023-10-11T04:01:18.488+0000] {processor.py:157} INFO - Started process (PID=2520) to work on /home/airflow/.local/lib/python3.8/site-packages/airflow/example_dags/tutorial.py
[2023-10-11T04:01:18.490+0000] {processor.py:829} INFO - Processing file /home/airflow/.local/lib/python3.8/site-packages/airflow/example_dags/tutorial.py for tasks to queue
[2023-10-11T04:01:18.493+0000] {logging_mixin.py:151} INFO - [2023-10-11T04:01:18.492+0000] {dagbag.py:539} INFO - Filling up the DagBag from /home/airflow/.local/lib/python3.8/site-packages/airflow/example_dags/tutorial.py
[2023-10-11T04:01:18.498+0000] {processor.py:839} INFO - DAG(s) dict_keys(['tutorial']) retrieved from /home/airflow/.local/lib/python3.8/site-packages/airflow/example_dags/tutorial.py
[2023-10-11T04:01:18.521+0000] {logging_mixin.py:151} INFO - [2023-10-11T04:01:18.521+0000] {dag.py:2915} INFO - Sync 1 DAGs
[2023-10-11T04:01:18.539+0000] {logging_mixin.py:151} INFO - [2023-10-11T04:01:18.539+0000] {dag.py:3696} INFO - Setting next_dagrun for tutorial to 2023-10-10T04:01:18.538889+00:00, run_after=2023-10-11T04:01:18.538889+00:00
[2023-10-11T04:01:18.561+0000] {processor.py:179} INFO - Processing /home/airflow/.local/lib/python3.8/site-packages/airflow/example_dags/tutorial.py took 0.078 seconds
[2023-10-11T04:01:48.774+0000] {processor.py:157} INFO - Started process (PID=2577) to work on /home/airflow/.local/lib/python3.8/site-packages/airflow/example_dags/tutorial.py
[2023-10-11T04:01:48.775+0000] {processor.py:829} INFO - Processing file /home/airflow/.local/lib/python3.8/site-packages/airflow/example_dags/tutorial.py for tasks to queue
[2023-10-11T04:01:48.778+0000] {logging_mixin.py:151} INFO - [2023-10-11T04:01:48.777+0000] {dagbag.py:539} INFO - Filling up the DagBag from /home/airflow/.local/lib/python3.8/site-packages/airflow/example_dags/tutorial.py
[2023-10-11T04:01:48.783+0000] {processor.py:839} INFO - DAG(s) dict_keys(['tutorial']) retrieved from /home/airflow/.local/lib/python3.8/site-packages/airflow/example_dags/tutorial.py
[2023-10-11T04:01:48.803+0000] {logging_mixin.py:151} INFO - [2023-10-11T04:01:48.802+0000] {dag.py:2915} INFO - Sync 1 DAGs
[2023-10-11T04:01:48.825+0000] {logging_mixin.py:151} INFO - [2023-10-11T04:01:48.825+0000] {dag.py:3696} INFO - Setting next_dagrun for tutorial to 2023-10-10T04:01:48.825382+00:00, run_after=2023-10-11T04:01:48.825382+00:00
[2023-10-11T04:01:48.848+0000] {processor.py:179} INFO - Processing /home/airflow/.local/lib/python3.8/site-packages/airflow/example_dags/tutorial.py took 0.077 seconds
[2023-10-11T04:02:19.387+0000] {processor.py:157} INFO - Started process (PID=2634) to work on /home/airflow/.local/lib/python3.8/site-packages/airflow/example_dags/tutorial.py
[2023-10-11T04:02:19.389+0000] {processor.py:829} INFO - Processing file /home/airflow/.local/lib/python3.8/site-packages/airflow/example_dags/tutorial.py for tasks to queue
[2023-10-11T04:02:19.392+0000] {logging_mixin.py:151} INFO - [2023-10-11T04:02:19.391+0000] {dagbag.py:539} INFO - Filling up the DagBag from /home/airflow/.local/lib/python3.8/site-packages/airflow/example_dags/tutorial.py
[2023-10-11T04:02:19.398+0000] {processor.py:839} INFO - DAG(s) dict_keys(['tutorial']) retrieved from /home/airflow/.local/lib/python3.8/site-packages/airflow/example_dags/tutorial.py
[2023-10-11T04:02:19.421+0000] {logging_mixin.py:151} INFO - [2023-10-11T04:02:19.420+0000] {dag.py:2915} INFO - Sync 1 DAGs
[2023-10-11T04:02:19.450+0000] {logging_mixin.py:151} INFO - [2023-10-11T04:02:19.449+0000] {dag.py:3696} INFO - Setting next_dagrun for tutorial to 2023-10-10T04:02:19.449644+00:00, run_after=2023-10-11T04:02:19.449644+00:00
[2023-10-11T04:02:19.470+0000] {processor.py:179} INFO - Processing /home/airflow/.local/lib/python3.8/site-packages/airflow/example_dags/tutorial.py took 0.087 seconds
[2023-10-11T04:02:50.279+0000] {processor.py:157} INFO - Started process (PID=2691) to work on /home/airflow/.local/lib/python3.8/site-packages/airflow/example_dags/tutorial.py
[2023-10-11T04:02:50.281+0000] {processor.py:829} INFO - Processing file /home/airflow/.local/lib/python3.8/site-packages/airflow/example_dags/tutorial.py for tasks to queue
[2023-10-11T04:02:50.284+0000] {logging_mixin.py:151} INFO - [2023-10-11T04:02:50.283+0000] {dagbag.py:539} INFO - Filling up the DagBag from /home/airflow/.local/lib/python3.8/site-packages/airflow/example_dags/tutorial.py
[2023-10-11T04:02:50.289+0000] {processor.py:839} INFO - DAG(s) dict_keys(['tutorial']) retrieved from /home/airflow/.local/lib/python3.8/site-packages/airflow/example_dags/tutorial.py
[2023-10-11T04:02:50.310+0000] {logging_mixin.py:151} INFO - [2023-10-11T04:02:50.310+0000] {dag.py:2915} INFO - Sync 1 DAGs
[2023-10-11T04:02:50.329+0000] {logging_mixin.py:151} INFO - [2023-10-11T04:02:50.329+0000] {dag.py:3696} INFO - Setting next_dagrun for tutorial to 2023-10-10T04:02:50.329094+00:00, run_after=2023-10-11T04:02:50.329094+00:00
[2023-10-11T04:02:50.351+0000] {processor.py:179} INFO - Processing /home/airflow/.local/lib/python3.8/site-packages/airflow/example_dags/tutorial.py took 0.076 seconds
[2023-10-11T04:03:21.359+0000] {processor.py:157} INFO - Started process (PID=2748) to work on /home/airflow/.local/lib/python3.8/site-packages/airflow/example_dags/tutorial.py
[2023-10-11T04:03:21.361+0000] {processor.py:829} INFO - Processing file /home/airflow/.local/lib/python3.8/site-packages/airflow/example_dags/tutorial.py for tasks to queue
[2023-10-11T04:03:21.366+0000] {logging_mixin.py:151} INFO - [2023-10-11T04:03:21.365+0000] {dagbag.py:539} INFO - Filling up the DagBag from /home/airflow/.local/lib/python3.8/site-packages/airflow/example_dags/tutorial.py
[2023-10-11T04:03:21.377+0000] {processor.py:839} INFO - DAG(s) dict_keys(['tutorial']) retrieved from /home/airflow/.local/lib/python3.8/site-packages/airflow/example_dags/tutorial.py
[2023-10-11T04:03:21.415+0000] {logging_mixin.py:151} INFO - [2023-10-11T04:03:21.415+0000] {dag.py:2915} INFO - Sync 1 DAGs
[2023-10-11T04:03:21.469+0000] {logging_mixin.py:151} INFO - [2023-10-11T04:03:21.469+0000] {dag.py:3696} INFO - Setting next_dagrun for tutorial to 2023-10-10T04:03:21.468776+00:00, run_after=2023-10-11T04:03:21.468776+00:00
[2023-10-11T04:03:21.523+0000] {processor.py:179} INFO - Processing /home/airflow/.local/lib/python3.8/site-packages/airflow/example_dags/tutorial.py took 0.170 seconds
[2023-10-11T04:03:52.012+0000] {processor.py:157} INFO - Started process (PID=2807) to work on /home/airflow/.local/lib/python3.8/site-packages/airflow/example_dags/tutorial.py
[2023-10-11T04:03:52.013+0000] {processor.py:829} INFO - Processing file /home/airflow/.local/lib/python3.8/site-packages/airflow/example_dags/tutorial.py for tasks to queue
[2023-10-11T04:03:52.016+0000] {logging_mixin.py:151} INFO - [2023-10-11T04:03:52.016+0000] {dagbag.py:539} INFO - Filling up the DagBag from /home/airflow/.local/lib/python3.8/site-packages/airflow/example_dags/tutorial.py
[2023-10-11T04:03:52.022+0000] {processor.py:839} INFO - DAG(s) dict_keys(['tutorial']) retrieved from /home/airflow/.local/lib/python3.8/site-packages/airflow/example_dags/tutorial.py
[2023-10-11T04:03:52.043+0000] {logging_mixin.py:151} INFO - [2023-10-11T04:03:52.043+0000] {dag.py:2915} INFO - Sync 1 DAGs
[2023-10-11T04:03:52.061+0000] {logging_mixin.py:151} INFO - [2023-10-11T04:03:52.061+0000] {dag.py:3696} INFO - Setting next_dagrun for tutorial to 2023-10-10T04:03:52.061157+00:00, run_after=2023-10-11T04:03:52.061157+00:00
[2023-10-11T04:03:52.084+0000] {processor.py:179} INFO - Processing /home/airflow/.local/lib/python3.8/site-packages/airflow/example_dags/tutorial.py took 0.074 seconds
[2023-10-11T04:04:22.208+0000] {processor.py:157} INFO - Started process (PID=2873) to work on /home/airflow/.local/lib/python3.8/site-packages/airflow/example_dags/tutorial.py
[2023-10-11T04:04:22.209+0000] {processor.py:829} INFO - Processing file /home/airflow/.local/lib/python3.8/site-packages/airflow/example_dags/tutorial.py for tasks to queue
[2023-10-11T04:04:22.213+0000] {logging_mixin.py:151} INFO - [2023-10-11T04:04:22.212+0000] {dagbag.py:539} INFO - Filling up the DagBag from /home/airflow/.local/lib/python3.8/site-packages/airflow/example_dags/tutorial.py
[2023-10-11T04:04:22.220+0000] {processor.py:839} INFO - DAG(s) dict_keys(['tutorial']) retrieved from /home/airflow/.local/lib/python3.8/site-packages/airflow/example_dags/tutorial.py
[2023-10-11T04:04:22.244+0000] {logging_mixin.py:151} INFO - [2023-10-11T04:04:22.244+0000] {dag.py:2915} INFO - Sync 1 DAGs
[2023-10-11T04:04:22.262+0000] {logging_mixin.py:151} INFO - [2023-10-11T04:04:22.262+0000] {dag.py:3696} INFO - Setting next_dagrun for tutorial to 2023-10-10T04:04:22.262135+00:00, run_after=2023-10-11T04:04:22.262135+00:00
[2023-10-11T04:04:22.285+0000] {processor.py:179} INFO - Processing /home/airflow/.local/lib/python3.8/site-packages/airflow/example_dags/tutorial.py took 0.080 seconds
