[2023-10-11T03:39:26.735+0000] {processor.py:157} INFO - Started process (PID=50) to work on /home/airflow/.local/lib/python3.8/site-packages/airflow/example_dags/tutorial_dag.py
[2023-10-11T03:39:26.737+0000] {processor.py:829} INFO - Processing file /home/airflow/.local/lib/python3.8/site-packages/airflow/example_dags/tutorial_dag.py for tasks to queue
[2023-10-11T03:39:26.740+0000] {logging_mixin.py:151} INFO - [2023-10-11T03:39:26.740+0000] {dagbag.py:539} INFO - Filling up the DagBag from /home/airflow/.local/lib/python3.8/site-packages/airflow/example_dags/tutorial_dag.py
[2023-10-11T03:39:26.750+0000] {processor.py:839} INFO - DAG(s) dict_keys(['tutorial_dag']) retrieved from /home/airflow/.local/lib/python3.8/site-packages/airflow/example_dags/tutorial_dag.py
[2023-10-11T03:39:26.767+0000] {logging_mixin.py:151} INFO - [2023-10-11T03:39:26.767+0000] {dag.py:2915} INFO - Sync 1 DAGs
[2023-10-11T03:39:26.783+0000] {logging_mixin.py:151} INFO - [2023-10-11T03:39:26.783+0000] {dag.py:3696} INFO - Setting next_dagrun for tutorial_dag to None, run_after=None
[2023-10-11T03:39:26.808+0000] {processor.py:179} INFO - Processing /home/airflow/.local/lib/python3.8/site-packages/airflow/example_dags/tutorial_dag.py took 0.077 seconds
[2023-10-11T03:39:57.000+0000] {processor.py:157} INFO - Started process (PID=107) to work on /home/airflow/.local/lib/python3.8/site-packages/airflow/example_dags/tutorial_dag.py
[2023-10-11T03:39:57.005+0000] {processor.py:829} INFO - Processing file /home/airflow/.local/lib/python3.8/site-packages/airflow/example_dags/tutorial_dag.py for tasks to queue
[2023-10-11T03:39:57.009+0000] {logging_mixin.py:151} INFO - [2023-10-11T03:39:57.008+0000] {dagbag.py:539} INFO - Filling up the DagBag from /home/airflow/.local/lib/python3.8/site-packages/airflow/example_dags/tutorial_dag.py
[2023-10-11T03:39:57.014+0000] {processor.py:839} INFO - DAG(s) dict_keys(['tutorial_dag']) retrieved from /home/airflow/.local/lib/python3.8/site-packages/airflow/example_dags/tutorial_dag.py
[2023-10-11T03:39:57.037+0000] {logging_mixin.py:151} INFO - [2023-10-11T03:39:57.037+0000] {dag.py:2915} INFO - Sync 1 DAGs
[2023-10-11T03:39:57.050+0000] {logging_mixin.py:151} INFO - [2023-10-11T03:39:57.049+0000] {dag.py:3696} INFO - Setting next_dagrun for tutorial_dag to None, run_after=None
[2023-10-11T03:39:57.078+0000] {processor.py:179} INFO - Processing /home/airflow/.local/lib/python3.8/site-packages/airflow/example_dags/tutorial_dag.py took 0.081 seconds
[2023-10-11T03:40:27.617+0000] {processor.py:157} INFO - Started process (PID=164) to work on /home/airflow/.local/lib/python3.8/site-packages/airflow/example_dags/tutorial_dag.py
[2023-10-11T03:40:27.619+0000] {processor.py:829} INFO - Processing file /home/airflow/.local/lib/python3.8/site-packages/airflow/example_dags/tutorial_dag.py for tasks to queue
[2023-10-11T03:40:27.621+0000] {logging_mixin.py:151} INFO - [2023-10-11T03:40:27.621+0000] {dagbag.py:539} INFO - Filling up the DagBag from /home/airflow/.local/lib/python3.8/site-packages/airflow/example_dags/tutorial_dag.py
[2023-10-11T03:40:27.625+0000] {processor.py:839} INFO - DAG(s) dict_keys(['tutorial_dag']) retrieved from /home/airflow/.local/lib/python3.8/site-packages/airflow/example_dags/tutorial_dag.py
[2023-10-11T03:40:27.649+0000] {logging_mixin.py:151} INFO - [2023-10-11T03:40:27.649+0000] {dag.py:2915} INFO - Sync 1 DAGs
[2023-10-11T03:40:27.661+0000] {logging_mixin.py:151} INFO - [2023-10-11T03:40:27.661+0000] {dag.py:3696} INFO - Setting next_dagrun for tutorial_dag to None, run_after=None
[2023-10-11T03:40:27.682+0000] {processor.py:179} INFO - Processing /home/airflow/.local/lib/python3.8/site-packages/airflow/example_dags/tutorial_dag.py took 0.067 seconds
[2023-10-11T03:40:58.043+0000] {processor.py:157} INFO - Started process (PID=221) to work on /home/airflow/.local/lib/python3.8/site-packages/airflow/example_dags/tutorial_dag.py
[2023-10-11T03:40:58.045+0000] {processor.py:829} INFO - Processing file /home/airflow/.local/lib/python3.8/site-packages/airflow/example_dags/tutorial_dag.py for tasks to queue
[2023-10-11T03:40:58.049+0000] {logging_mixin.py:151} INFO - [2023-10-11T03:40:58.049+0000] {dagbag.py:539} INFO - Filling up the DagBag from /home/airflow/.local/lib/python3.8/site-packages/airflow/example_dags/tutorial_dag.py
[2023-10-11T03:40:58.056+0000] {processor.py:839} INFO - DAG(s) dict_keys(['tutorial_dag']) retrieved from /home/airflow/.local/lib/python3.8/site-packages/airflow/example_dags/tutorial_dag.py
[2023-10-11T03:40:58.082+0000] {logging_mixin.py:151} INFO - [2023-10-11T03:40:58.082+0000] {dag.py:2915} INFO - Sync 1 DAGs
[2023-10-11T03:40:58.096+0000] {logging_mixin.py:151} INFO - [2023-10-11T03:40:58.096+0000] {dag.py:3696} INFO - Setting next_dagrun for tutorial_dag to None, run_after=None
[2023-10-11T03:40:58.130+0000] {processor.py:179} INFO - Processing /home/airflow/.local/lib/python3.8/site-packages/airflow/example_dags/tutorial_dag.py took 0.091 seconds
[2023-10-11T03:41:28.908+0000] {processor.py:157} INFO - Started process (PID=278) to work on /home/airflow/.local/lib/python3.8/site-packages/airflow/example_dags/tutorial_dag.py
[2023-10-11T03:41:28.911+0000] {processor.py:829} INFO - Processing file /home/airflow/.local/lib/python3.8/site-packages/airflow/example_dags/tutorial_dag.py for tasks to queue
[2023-10-11T03:41:28.915+0000] {logging_mixin.py:151} INFO - [2023-10-11T03:41:28.915+0000] {dagbag.py:539} INFO - Filling up the DagBag from /home/airflow/.local/lib/python3.8/site-packages/airflow/example_dags/tutorial_dag.py
[2023-10-11T03:41:28.924+0000] {processor.py:839} INFO - DAG(s) dict_keys(['tutorial_dag']) retrieved from /home/airflow/.local/lib/python3.8/site-packages/airflow/example_dags/tutorial_dag.py
[2023-10-11T03:41:28.970+0000] {logging_mixin.py:151} INFO - [2023-10-11T03:41:28.969+0000] {dag.py:2915} INFO - Sync 1 DAGs
[2023-10-11T03:41:28.991+0000] {logging_mixin.py:151} INFO - [2023-10-11T03:41:28.990+0000] {dag.py:3696} INFO - Setting next_dagrun for tutorial_dag to None, run_after=None
[2023-10-11T03:41:29.046+0000] {processor.py:179} INFO - Processing /home/airflow/.local/lib/python3.8/site-packages/airflow/example_dags/tutorial_dag.py took 0.143 seconds
[2023-10-11T03:41:59.230+0000] {processor.py:157} INFO - Started process (PID=335) to work on /home/airflow/.local/lib/python3.8/site-packages/airflow/example_dags/tutorial_dag.py
[2023-10-11T03:41:59.232+0000] {processor.py:829} INFO - Processing file /home/airflow/.local/lib/python3.8/site-packages/airflow/example_dags/tutorial_dag.py for tasks to queue
[2023-10-11T03:41:59.236+0000] {logging_mixin.py:151} INFO - [2023-10-11T03:41:59.236+0000] {dagbag.py:539} INFO - Filling up the DagBag from /home/airflow/.local/lib/python3.8/site-packages/airflow/example_dags/tutorial_dag.py
[2023-10-11T03:41:59.247+0000] {processor.py:839} INFO - DAG(s) dict_keys(['tutorial_dag']) retrieved from /home/airflow/.local/lib/python3.8/site-packages/airflow/example_dags/tutorial_dag.py
[2023-10-11T03:41:59.285+0000] {logging_mixin.py:151} INFO - [2023-10-11T03:41:59.285+0000] {dag.py:2915} INFO - Sync 1 DAGs
[2023-10-11T03:41:59.303+0000] {logging_mixin.py:151} INFO - [2023-10-11T03:41:59.303+0000] {dag.py:3696} INFO - Setting next_dagrun for tutorial_dag to None, run_after=None
[2023-10-11T03:41:59.342+0000] {processor.py:179} INFO - Processing /home/airflow/.local/lib/python3.8/site-packages/airflow/example_dags/tutorial_dag.py took 0.118 seconds
[2023-10-11T03:42:30.058+0000] {processor.py:157} INFO - Started process (PID=392) to work on /home/airflow/.local/lib/python3.8/site-packages/airflow/example_dags/tutorial_dag.py
[2023-10-11T03:42:30.061+0000] {processor.py:829} INFO - Processing file /home/airflow/.local/lib/python3.8/site-packages/airflow/example_dags/tutorial_dag.py for tasks to queue
[2023-10-11T03:42:30.068+0000] {logging_mixin.py:151} INFO - [2023-10-11T03:42:30.067+0000] {dagbag.py:539} INFO - Filling up the DagBag from /home/airflow/.local/lib/python3.8/site-packages/airflow/example_dags/tutorial_dag.py
[2023-10-11T03:42:30.078+0000] {processor.py:839} INFO - DAG(s) dict_keys(['tutorial_dag']) retrieved from /home/airflow/.local/lib/python3.8/site-packages/airflow/example_dags/tutorial_dag.py
[2023-10-11T03:42:30.119+0000] {logging_mixin.py:151} INFO - [2023-10-11T03:42:30.119+0000] {dag.py:2915} INFO - Sync 1 DAGs
[2023-10-11T03:42:30.140+0000] {logging_mixin.py:151} INFO - [2023-10-11T03:42:30.140+0000] {dag.py:3696} INFO - Setting next_dagrun for tutorial_dag to None, run_after=None
[2023-10-11T03:42:30.181+0000] {processor.py:179} INFO - Processing /home/airflow/.local/lib/python3.8/site-packages/airflow/example_dags/tutorial_dag.py took 0.128 seconds
[2023-10-11T03:43:00.430+0000] {processor.py:157} INFO - Started process (PID=448) to work on /home/airflow/.local/lib/python3.8/site-packages/airflow/example_dags/tutorial_dag.py
[2023-10-11T03:43:00.432+0000] {processor.py:829} INFO - Processing file /home/airflow/.local/lib/python3.8/site-packages/airflow/example_dags/tutorial_dag.py for tasks to queue
[2023-10-11T03:43:00.437+0000] {logging_mixin.py:151} INFO - [2023-10-11T03:43:00.436+0000] {dagbag.py:539} INFO - Filling up the DagBag from /home/airflow/.local/lib/python3.8/site-packages/airflow/example_dags/tutorial_dag.py
[2023-10-11T03:43:00.448+0000] {processor.py:839} INFO - DAG(s) dict_keys(['tutorial_dag']) retrieved from /home/airflow/.local/lib/python3.8/site-packages/airflow/example_dags/tutorial_dag.py
[2023-10-11T03:43:00.486+0000] {logging_mixin.py:151} INFO - [2023-10-11T03:43:00.485+0000] {dag.py:2915} INFO - Sync 1 DAGs
[2023-10-11T03:43:00.507+0000] {logging_mixin.py:151} INFO - [2023-10-11T03:43:00.507+0000] {dag.py:3696} INFO - Setting next_dagrun for tutorial_dag to None, run_after=None
[2023-10-11T03:43:00.544+0000] {processor.py:179} INFO - Processing /home/airflow/.local/lib/python3.8/site-packages/airflow/example_dags/tutorial_dag.py took 0.118 seconds
[2023-10-11T03:43:30.909+0000] {processor.py:157} INFO - Started process (PID=505) to work on /home/airflow/.local/lib/python3.8/site-packages/airflow/example_dags/tutorial_dag.py
[2023-10-11T03:43:30.910+0000] {processor.py:829} INFO - Processing file /home/airflow/.local/lib/python3.8/site-packages/airflow/example_dags/tutorial_dag.py for tasks to queue
[2023-10-11T03:43:30.913+0000] {logging_mixin.py:151} INFO - [2023-10-11T03:43:30.913+0000] {dagbag.py:539} INFO - Filling up the DagBag from /home/airflow/.local/lib/python3.8/site-packages/airflow/example_dags/tutorial_dag.py
[2023-10-11T03:43:30.920+0000] {processor.py:839} INFO - DAG(s) dict_keys(['tutorial_dag']) retrieved from /home/airflow/.local/lib/python3.8/site-packages/airflow/example_dags/tutorial_dag.py
[2023-10-11T03:43:30.952+0000] {logging_mixin.py:151} INFO - [2023-10-11T03:43:30.951+0000] {dag.py:2915} INFO - Sync 1 DAGs
[2023-10-11T03:43:30.970+0000] {logging_mixin.py:151} INFO - [2023-10-11T03:43:30.970+0000] {dag.py:3696} INFO - Setting next_dagrun for tutorial_dag to None, run_after=None
[2023-10-11T03:43:30.998+0000] {processor.py:179} INFO - Processing /home/airflow/.local/lib/python3.8/site-packages/airflow/example_dags/tutorial_dag.py took 0.094 seconds
[2023-10-11T03:44:01.794+0000] {processor.py:157} INFO - Started process (PID=562) to work on /home/airflow/.local/lib/python3.8/site-packages/airflow/example_dags/tutorial_dag.py
[2023-10-11T03:44:01.797+0000] {processor.py:829} INFO - Processing file /home/airflow/.local/lib/python3.8/site-packages/airflow/example_dags/tutorial_dag.py for tasks to queue
[2023-10-11T03:44:01.803+0000] {logging_mixin.py:151} INFO - [2023-10-11T03:44:01.802+0000] {dagbag.py:539} INFO - Filling up the DagBag from /home/airflow/.local/lib/python3.8/site-packages/airflow/example_dags/tutorial_dag.py
[2023-10-11T03:44:01.811+0000] {processor.py:839} INFO - DAG(s) dict_keys(['tutorial_dag']) retrieved from /home/airflow/.local/lib/python3.8/site-packages/airflow/example_dags/tutorial_dag.py
[2023-10-11T03:44:01.842+0000] {logging_mixin.py:151} INFO - [2023-10-11T03:44:01.842+0000] {dag.py:2915} INFO - Sync 1 DAGs
[2023-10-11T03:44:01.853+0000] {logging_mixin.py:151} INFO - [2023-10-11T03:44:01.853+0000] {dag.py:3696} INFO - Setting next_dagrun for tutorial_dag to None, run_after=None
[2023-10-11T03:44:01.874+0000] {processor.py:179} INFO - Processing /home/airflow/.local/lib/python3.8/site-packages/airflow/example_dags/tutorial_dag.py took 0.087 seconds
[2023-10-11T03:44:32.353+0000] {processor.py:157} INFO - Started process (PID=619) to work on /home/airflow/.local/lib/python3.8/site-packages/airflow/example_dags/tutorial_dag.py
[2023-10-11T03:44:32.356+0000] {processor.py:829} INFO - Processing file /home/airflow/.local/lib/python3.8/site-packages/airflow/example_dags/tutorial_dag.py for tasks to queue
[2023-10-11T03:44:32.362+0000] {logging_mixin.py:151} INFO - [2023-10-11T03:44:32.361+0000] {dagbag.py:539} INFO - Filling up the DagBag from /home/airflow/.local/lib/python3.8/site-packages/airflow/example_dags/tutorial_dag.py
[2023-10-11T03:44:32.369+0000] {processor.py:839} INFO - DAG(s) dict_keys(['tutorial_dag']) retrieved from /home/airflow/.local/lib/python3.8/site-packages/airflow/example_dags/tutorial_dag.py
[2023-10-11T03:44:32.398+0000] {logging_mixin.py:151} INFO - [2023-10-11T03:44:32.397+0000] {dag.py:2915} INFO - Sync 1 DAGs
[2023-10-11T03:44:32.413+0000] {logging_mixin.py:151} INFO - [2023-10-11T03:44:32.412+0000] {dag.py:3696} INFO - Setting next_dagrun for tutorial_dag to None, run_after=None
[2023-10-11T03:44:32.441+0000] {processor.py:179} INFO - Processing /home/airflow/.local/lib/python3.8/site-packages/airflow/example_dags/tutorial_dag.py took 0.094 seconds
[2023-10-11T03:45:02.616+0000] {processor.py:157} INFO - Started process (PID=676) to work on /home/airflow/.local/lib/python3.8/site-packages/airflow/example_dags/tutorial_dag.py
[2023-10-11T03:45:02.617+0000] {processor.py:829} INFO - Processing file /home/airflow/.local/lib/python3.8/site-packages/airflow/example_dags/tutorial_dag.py for tasks to queue
[2023-10-11T03:45:02.621+0000] {logging_mixin.py:151} INFO - [2023-10-11T03:45:02.620+0000] {dagbag.py:539} INFO - Filling up the DagBag from /home/airflow/.local/lib/python3.8/site-packages/airflow/example_dags/tutorial_dag.py
[2023-10-11T03:45:02.630+0000] {processor.py:839} INFO - DAG(s) dict_keys(['tutorial_dag']) retrieved from /home/airflow/.local/lib/python3.8/site-packages/airflow/example_dags/tutorial_dag.py
[2023-10-11T03:45:02.664+0000] {logging_mixin.py:151} INFO - [2023-10-11T03:45:02.663+0000] {dag.py:2915} INFO - Sync 1 DAGs
[2023-10-11T03:45:02.680+0000] {logging_mixin.py:151} INFO - [2023-10-11T03:45:02.679+0000] {dag.py:3696} INFO - Setting next_dagrun for tutorial_dag to None, run_after=None
[2023-10-11T03:45:02.720+0000] {processor.py:179} INFO - Processing /home/airflow/.local/lib/python3.8/site-packages/airflow/example_dags/tutorial_dag.py took 0.109 seconds
[2023-10-11T03:45:33.130+0000] {processor.py:157} INFO - Started process (PID=733) to work on /home/airflow/.local/lib/python3.8/site-packages/airflow/example_dags/tutorial_dag.py
[2023-10-11T03:45:33.132+0000] {processor.py:829} INFO - Processing file /home/airflow/.local/lib/python3.8/site-packages/airflow/example_dags/tutorial_dag.py for tasks to queue
[2023-10-11T03:45:33.135+0000] {logging_mixin.py:151} INFO - [2023-10-11T03:45:33.135+0000] {dagbag.py:539} INFO - Filling up the DagBag from /home/airflow/.local/lib/python3.8/site-packages/airflow/example_dags/tutorial_dag.py
[2023-10-11T03:45:33.141+0000] {processor.py:839} INFO - DAG(s) dict_keys(['tutorial_dag']) retrieved from /home/airflow/.local/lib/python3.8/site-packages/airflow/example_dags/tutorial_dag.py
[2023-10-11T03:45:33.171+0000] {logging_mixin.py:151} INFO - [2023-10-11T03:45:33.170+0000] {dag.py:2915} INFO - Sync 1 DAGs
[2023-10-11T03:45:33.183+0000] {logging_mixin.py:151} INFO - [2023-10-11T03:45:33.183+0000] {dag.py:3696} INFO - Setting next_dagrun for tutorial_dag to None, run_after=None
[2023-10-11T03:45:33.211+0000] {processor.py:179} INFO - Processing /home/airflow/.local/lib/python3.8/site-packages/airflow/example_dags/tutorial_dag.py took 0.084 seconds
[2023-10-11T03:46:03.521+0000] {processor.py:157} INFO - Started process (PID=790) to work on /home/airflow/.local/lib/python3.8/site-packages/airflow/example_dags/tutorial_dag.py
[2023-10-11T03:46:03.523+0000] {processor.py:829} INFO - Processing file /home/airflow/.local/lib/python3.8/site-packages/airflow/example_dags/tutorial_dag.py for tasks to queue
[2023-10-11T03:46:03.525+0000] {logging_mixin.py:151} INFO - [2023-10-11T03:46:03.525+0000] {dagbag.py:539} INFO - Filling up the DagBag from /home/airflow/.local/lib/python3.8/site-packages/airflow/example_dags/tutorial_dag.py
[2023-10-11T03:46:03.529+0000] {processor.py:839} INFO - DAG(s) dict_keys(['tutorial_dag']) retrieved from /home/airflow/.local/lib/python3.8/site-packages/airflow/example_dags/tutorial_dag.py
[2023-10-11T03:46:03.550+0000] {logging_mixin.py:151} INFO - [2023-10-11T03:46:03.550+0000] {dag.py:2915} INFO - Sync 1 DAGs
[2023-10-11T03:46:03.563+0000] {logging_mixin.py:151} INFO - [2023-10-11T03:46:03.562+0000] {dag.py:3696} INFO - Setting next_dagrun for tutorial_dag to None, run_after=None
[2023-10-11T03:46:03.581+0000] {processor.py:179} INFO - Processing /home/airflow/.local/lib/python3.8/site-packages/airflow/example_dags/tutorial_dag.py took 0.063 seconds
[2023-10-11T03:46:34.260+0000] {processor.py:157} INFO - Started process (PID=847) to work on /home/airflow/.local/lib/python3.8/site-packages/airflow/example_dags/tutorial_dag.py
[2023-10-11T03:46:34.262+0000] {processor.py:829} INFO - Processing file /home/airflow/.local/lib/python3.8/site-packages/airflow/example_dags/tutorial_dag.py for tasks to queue
[2023-10-11T03:46:34.265+0000] {logging_mixin.py:151} INFO - [2023-10-11T03:46:34.264+0000] {dagbag.py:539} INFO - Filling up the DagBag from /home/airflow/.local/lib/python3.8/site-packages/airflow/example_dags/tutorial_dag.py
[2023-10-11T03:46:34.269+0000] {processor.py:839} INFO - DAG(s) dict_keys(['tutorial_dag']) retrieved from /home/airflow/.local/lib/python3.8/site-packages/airflow/example_dags/tutorial_dag.py
[2023-10-11T03:46:34.292+0000] {logging_mixin.py:151} INFO - [2023-10-11T03:46:34.292+0000] {dag.py:2915} INFO - Sync 1 DAGs
[2023-10-11T03:46:34.303+0000] {logging_mixin.py:151} INFO - [2023-10-11T03:46:34.303+0000] {dag.py:3696} INFO - Setting next_dagrun for tutorial_dag to None, run_after=None
[2023-10-11T03:46:34.324+0000] {processor.py:179} INFO - Processing /home/airflow/.local/lib/python3.8/site-packages/airflow/example_dags/tutorial_dag.py took 0.067 seconds
[2023-10-11T03:47:04.776+0000] {processor.py:157} INFO - Started process (PID=904) to work on /home/airflow/.local/lib/python3.8/site-packages/airflow/example_dags/tutorial_dag.py
[2023-10-11T03:47:04.778+0000] {processor.py:829} INFO - Processing file /home/airflow/.local/lib/python3.8/site-packages/airflow/example_dags/tutorial_dag.py for tasks to queue
[2023-10-11T03:47:04.782+0000] {logging_mixin.py:151} INFO - [2023-10-11T03:47:04.782+0000] {dagbag.py:539} INFO - Filling up the DagBag from /home/airflow/.local/lib/python3.8/site-packages/airflow/example_dags/tutorial_dag.py
[2023-10-11T03:47:04.787+0000] {processor.py:839} INFO - DAG(s) dict_keys(['tutorial_dag']) retrieved from /home/airflow/.local/lib/python3.8/site-packages/airflow/example_dags/tutorial_dag.py
[2023-10-11T03:47:04.811+0000] {logging_mixin.py:151} INFO - [2023-10-11T03:47:04.811+0000] {dag.py:2915} INFO - Sync 1 DAGs
[2023-10-11T03:47:04.824+0000] {logging_mixin.py:151} INFO - [2023-10-11T03:47:04.824+0000] {dag.py:3696} INFO - Setting next_dagrun for tutorial_dag to None, run_after=None
[2023-10-11T03:47:04.852+0000] {processor.py:179} INFO - Processing /home/airflow/.local/lib/python3.8/site-packages/airflow/example_dags/tutorial_dag.py took 0.078 seconds
[2023-10-11T03:47:35.119+0000] {processor.py:157} INFO - Started process (PID=961) to work on /home/airflow/.local/lib/python3.8/site-packages/airflow/example_dags/tutorial_dag.py
[2023-10-11T03:47:35.121+0000] {processor.py:829} INFO - Processing file /home/airflow/.local/lib/python3.8/site-packages/airflow/example_dags/tutorial_dag.py for tasks to queue
[2023-10-11T03:47:35.125+0000] {logging_mixin.py:151} INFO - [2023-10-11T03:47:35.124+0000] {dagbag.py:539} INFO - Filling up the DagBag from /home/airflow/.local/lib/python3.8/site-packages/airflow/example_dags/tutorial_dag.py
[2023-10-11T03:47:35.131+0000] {processor.py:839} INFO - DAG(s) dict_keys(['tutorial_dag']) retrieved from /home/airflow/.local/lib/python3.8/site-packages/airflow/example_dags/tutorial_dag.py
[2023-10-11T03:47:35.159+0000] {logging_mixin.py:151} INFO - [2023-10-11T03:47:35.159+0000] {dag.py:2915} INFO - Sync 1 DAGs
[2023-10-11T03:47:35.172+0000] {logging_mixin.py:151} INFO - [2023-10-11T03:47:35.171+0000] {dag.py:3696} INFO - Setting next_dagrun for tutorial_dag to None, run_after=None
[2023-10-11T03:47:35.195+0000] {processor.py:179} INFO - Processing /home/airflow/.local/lib/python3.8/site-packages/airflow/example_dags/tutorial_dag.py took 0.078 seconds
[2023-10-11T03:48:05.584+0000] {processor.py:157} INFO - Started process (PID=1018) to work on /home/airflow/.local/lib/python3.8/site-packages/airflow/example_dags/tutorial_dag.py
[2023-10-11T03:48:05.586+0000] {processor.py:829} INFO - Processing file /home/airflow/.local/lib/python3.8/site-packages/airflow/example_dags/tutorial_dag.py for tasks to queue
[2023-10-11T03:48:05.588+0000] {logging_mixin.py:151} INFO - [2023-10-11T03:48:05.588+0000] {dagbag.py:539} INFO - Filling up the DagBag from /home/airflow/.local/lib/python3.8/site-packages/airflow/example_dags/tutorial_dag.py
[2023-10-11T03:48:05.596+0000] {processor.py:839} INFO - DAG(s) dict_keys(['tutorial_dag']) retrieved from /home/airflow/.local/lib/python3.8/site-packages/airflow/example_dags/tutorial_dag.py
[2023-10-11T03:48:05.619+0000] {logging_mixin.py:151} INFO - [2023-10-11T03:48:05.619+0000] {dag.py:2915} INFO - Sync 1 DAGs
[2023-10-11T03:48:05.631+0000] {logging_mixin.py:151} INFO - [2023-10-11T03:48:05.631+0000] {dag.py:3696} INFO - Setting next_dagrun for tutorial_dag to None, run_after=None
[2023-10-11T03:48:05.652+0000] {processor.py:179} INFO - Processing /home/airflow/.local/lib/python3.8/site-packages/airflow/example_dags/tutorial_dag.py took 0.071 seconds
[2023-10-11T03:48:36.118+0000] {processor.py:157} INFO - Started process (PID=1075) to work on /home/airflow/.local/lib/python3.8/site-packages/airflow/example_dags/tutorial_dag.py
[2023-10-11T03:48:36.119+0000] {processor.py:829} INFO - Processing file /home/airflow/.local/lib/python3.8/site-packages/airflow/example_dags/tutorial_dag.py for tasks to queue
[2023-10-11T03:48:36.122+0000] {logging_mixin.py:151} INFO - [2023-10-11T03:48:36.121+0000] {dagbag.py:539} INFO - Filling up the DagBag from /home/airflow/.local/lib/python3.8/site-packages/airflow/example_dags/tutorial_dag.py
[2023-10-11T03:48:36.128+0000] {processor.py:839} INFO - DAG(s) dict_keys(['tutorial_dag']) retrieved from /home/airflow/.local/lib/python3.8/site-packages/airflow/example_dags/tutorial_dag.py
[2023-10-11T03:48:36.152+0000] {logging_mixin.py:151} INFO - [2023-10-11T03:48:36.151+0000] {dag.py:2915} INFO - Sync 1 DAGs
[2023-10-11T03:48:36.162+0000] {logging_mixin.py:151} INFO - [2023-10-11T03:48:36.162+0000] {dag.py:3696} INFO - Setting next_dagrun for tutorial_dag to None, run_after=None
[2023-10-11T03:48:36.187+0000] {processor.py:179} INFO - Processing /home/airflow/.local/lib/python3.8/site-packages/airflow/example_dags/tutorial_dag.py took 0.073 seconds
[2023-10-11T03:49:06.566+0000] {processor.py:157} INFO - Started process (PID=1132) to work on /home/airflow/.local/lib/python3.8/site-packages/airflow/example_dags/tutorial_dag.py
[2023-10-11T03:49:06.567+0000] {processor.py:829} INFO - Processing file /home/airflow/.local/lib/python3.8/site-packages/airflow/example_dags/tutorial_dag.py for tasks to queue
[2023-10-11T03:49:06.569+0000] {logging_mixin.py:151} INFO - [2023-10-11T03:49:06.569+0000] {dagbag.py:539} INFO - Filling up the DagBag from /home/airflow/.local/lib/python3.8/site-packages/airflow/example_dags/tutorial_dag.py
[2023-10-11T03:49:06.573+0000] {processor.py:839} INFO - DAG(s) dict_keys(['tutorial_dag']) retrieved from /home/airflow/.local/lib/python3.8/site-packages/airflow/example_dags/tutorial_dag.py
[2023-10-11T03:49:06.600+0000] {logging_mixin.py:151} INFO - [2023-10-11T03:49:06.599+0000] {dag.py:2915} INFO - Sync 1 DAGs
[2023-10-11T03:49:06.610+0000] {logging_mixin.py:151} INFO - [2023-10-11T03:49:06.610+0000] {dag.py:3696} INFO - Setting next_dagrun for tutorial_dag to None, run_after=None
[2023-10-11T03:49:06.632+0000] {processor.py:179} INFO - Processing /home/airflow/.local/lib/python3.8/site-packages/airflow/example_dags/tutorial_dag.py took 0.070 seconds
[2023-10-11T03:49:36.884+0000] {processor.py:157} INFO - Started process (PID=1189) to work on /home/airflow/.local/lib/python3.8/site-packages/airflow/example_dags/tutorial_dag.py
[2023-10-11T03:49:36.886+0000] {processor.py:829} INFO - Processing file /home/airflow/.local/lib/python3.8/site-packages/airflow/example_dags/tutorial_dag.py for tasks to queue
[2023-10-11T03:49:36.889+0000] {logging_mixin.py:151} INFO - [2023-10-11T03:49:36.889+0000] {dagbag.py:539} INFO - Filling up the DagBag from /home/airflow/.local/lib/python3.8/site-packages/airflow/example_dags/tutorial_dag.py
[2023-10-11T03:49:36.896+0000] {processor.py:839} INFO - DAG(s) dict_keys(['tutorial_dag']) retrieved from /home/airflow/.local/lib/python3.8/site-packages/airflow/example_dags/tutorial_dag.py
[2023-10-11T03:49:36.921+0000] {logging_mixin.py:151} INFO - [2023-10-11T03:49:36.920+0000] {dag.py:2915} INFO - Sync 1 DAGs
[2023-10-11T03:49:36.935+0000] {logging_mixin.py:151} INFO - [2023-10-11T03:49:36.934+0000] {dag.py:3696} INFO - Setting next_dagrun for tutorial_dag to None, run_after=None
[2023-10-11T03:49:36.956+0000] {processor.py:179} INFO - Processing /home/airflow/.local/lib/python3.8/site-packages/airflow/example_dags/tutorial_dag.py took 0.075 seconds
[2023-10-11T03:50:07.207+0000] {processor.py:157} INFO - Started process (PID=1246) to work on /home/airflow/.local/lib/python3.8/site-packages/airflow/example_dags/tutorial_dag.py
[2023-10-11T03:50:07.209+0000] {processor.py:829} INFO - Processing file /home/airflow/.local/lib/python3.8/site-packages/airflow/example_dags/tutorial_dag.py for tasks to queue
[2023-10-11T03:50:07.211+0000] {logging_mixin.py:151} INFO - [2023-10-11T03:50:07.211+0000] {dagbag.py:539} INFO - Filling up the DagBag from /home/airflow/.local/lib/python3.8/site-packages/airflow/example_dags/tutorial_dag.py
[2023-10-11T03:50:07.216+0000] {processor.py:839} INFO - DAG(s) dict_keys(['tutorial_dag']) retrieved from /home/airflow/.local/lib/python3.8/site-packages/airflow/example_dags/tutorial_dag.py
[2023-10-11T03:50:07.237+0000] {logging_mixin.py:151} INFO - [2023-10-11T03:50:07.237+0000] {dag.py:2915} INFO - Sync 1 DAGs
[2023-10-11T03:50:07.248+0000] {logging_mixin.py:151} INFO - [2023-10-11T03:50:07.248+0000] {dag.py:3696} INFO - Setting next_dagrun for tutorial_dag to None, run_after=None
[2023-10-11T03:50:07.279+0000] {processor.py:179} INFO - Processing /home/airflow/.local/lib/python3.8/site-packages/airflow/example_dags/tutorial_dag.py took 0.074 seconds
[2023-10-11T03:50:37.790+0000] {processor.py:157} INFO - Started process (PID=1303) to work on /home/airflow/.local/lib/python3.8/site-packages/airflow/example_dags/tutorial_dag.py
[2023-10-11T03:50:37.792+0000] {processor.py:829} INFO - Processing file /home/airflow/.local/lib/python3.8/site-packages/airflow/example_dags/tutorial_dag.py for tasks to queue
[2023-10-11T03:50:37.794+0000] {logging_mixin.py:151} INFO - [2023-10-11T03:50:37.794+0000] {dagbag.py:539} INFO - Filling up the DagBag from /home/airflow/.local/lib/python3.8/site-packages/airflow/example_dags/tutorial_dag.py
[2023-10-11T03:50:37.800+0000] {processor.py:839} INFO - DAG(s) dict_keys(['tutorial_dag']) retrieved from /home/airflow/.local/lib/python3.8/site-packages/airflow/example_dags/tutorial_dag.py
[2023-10-11T03:50:37.856+0000] {logging_mixin.py:151} INFO - [2023-10-11T03:50:37.856+0000] {dag.py:2915} INFO - Sync 1 DAGs
[2023-10-11T03:50:37.875+0000] {logging_mixin.py:151} INFO - [2023-10-11T03:50:37.875+0000] {dag.py:3696} INFO - Setting next_dagrun for tutorial_dag to None, run_after=None
[2023-10-11T03:50:37.905+0000] {processor.py:179} INFO - Processing /home/airflow/.local/lib/python3.8/site-packages/airflow/example_dags/tutorial_dag.py took 0.118 seconds
[2023-10-11T03:51:08.192+0000] {processor.py:157} INFO - Started process (PID=1367) to work on /home/airflow/.local/lib/python3.8/site-packages/airflow/example_dags/tutorial_dag.py
[2023-10-11T03:51:08.194+0000] {processor.py:829} INFO - Processing file /home/airflow/.local/lib/python3.8/site-packages/airflow/example_dags/tutorial_dag.py for tasks to queue
[2023-10-11T03:51:08.199+0000] {logging_mixin.py:151} INFO - [2023-10-11T03:51:08.199+0000] {dagbag.py:539} INFO - Filling up the DagBag from /home/airflow/.local/lib/python3.8/site-packages/airflow/example_dags/tutorial_dag.py
[2023-10-11T03:51:08.205+0000] {processor.py:839} INFO - DAG(s) dict_keys(['tutorial_dag']) retrieved from /home/airflow/.local/lib/python3.8/site-packages/airflow/example_dags/tutorial_dag.py
[2023-10-11T03:51:08.238+0000] {logging_mixin.py:151} INFO - [2023-10-11T03:51:08.237+0000] {dag.py:2915} INFO - Sync 1 DAGs
[2023-10-11T03:51:08.258+0000] {logging_mixin.py:151} INFO - [2023-10-11T03:51:08.258+0000] {dag.py:3696} INFO - Setting next_dagrun for tutorial_dag to None, run_after=None
[2023-10-11T03:51:08.287+0000] {processor.py:179} INFO - Processing /home/airflow/.local/lib/python3.8/site-packages/airflow/example_dags/tutorial_dag.py took 0.098 seconds
[2023-10-11T03:51:38.593+0000] {processor.py:157} INFO - Started process (PID=1424) to work on /home/airflow/.local/lib/python3.8/site-packages/airflow/example_dags/tutorial_dag.py
[2023-10-11T03:51:38.595+0000] {processor.py:829} INFO - Processing file /home/airflow/.local/lib/python3.8/site-packages/airflow/example_dags/tutorial_dag.py for tasks to queue
[2023-10-11T03:51:38.598+0000] {logging_mixin.py:151} INFO - [2023-10-11T03:51:38.597+0000] {dagbag.py:539} INFO - Filling up the DagBag from /home/airflow/.local/lib/python3.8/site-packages/airflow/example_dags/tutorial_dag.py
[2023-10-11T03:51:38.605+0000] {processor.py:839} INFO - DAG(s) dict_keys(['tutorial_dag']) retrieved from /home/airflow/.local/lib/python3.8/site-packages/airflow/example_dags/tutorial_dag.py
[2023-10-11T03:51:38.674+0000] {logging_mixin.py:151} INFO - [2023-10-11T03:51:38.674+0000] {dag.py:2915} INFO - Sync 1 DAGs
[2023-10-11T03:51:38.687+0000] {logging_mixin.py:151} INFO - [2023-10-11T03:51:38.687+0000] {dag.py:3696} INFO - Setting next_dagrun for tutorial_dag to None, run_after=None
[2023-10-11T03:51:38.726+0000] {processor.py:179} INFO - Processing /home/airflow/.local/lib/python3.8/site-packages/airflow/example_dags/tutorial_dag.py took 0.137 seconds
[2023-10-11T03:52:09.365+0000] {processor.py:157} INFO - Started process (PID=1481) to work on /home/airflow/.local/lib/python3.8/site-packages/airflow/example_dags/tutorial_dag.py
[2023-10-11T03:52:09.367+0000] {processor.py:829} INFO - Processing file /home/airflow/.local/lib/python3.8/site-packages/airflow/example_dags/tutorial_dag.py for tasks to queue
[2023-10-11T03:52:09.371+0000] {logging_mixin.py:151} INFO - [2023-10-11T03:52:09.371+0000] {dagbag.py:539} INFO - Filling up the DagBag from /home/airflow/.local/lib/python3.8/site-packages/airflow/example_dags/tutorial_dag.py
[2023-10-11T03:52:09.376+0000] {processor.py:839} INFO - DAG(s) dict_keys(['tutorial_dag']) retrieved from /home/airflow/.local/lib/python3.8/site-packages/airflow/example_dags/tutorial_dag.py
[2023-10-11T03:52:09.400+0000] {logging_mixin.py:151} INFO - [2023-10-11T03:52:09.400+0000] {dag.py:2915} INFO - Sync 1 DAGs
[2023-10-11T03:52:09.412+0000] {logging_mixin.py:151} INFO - [2023-10-11T03:52:09.412+0000] {dag.py:3696} INFO - Setting next_dagrun for tutorial_dag to None, run_after=None
[2023-10-11T03:52:09.433+0000] {processor.py:179} INFO - Processing /home/airflow/.local/lib/python3.8/site-packages/airflow/example_dags/tutorial_dag.py took 0.071 seconds
[2023-10-11T03:52:39.753+0000] {processor.py:157} INFO - Started process (PID=1538) to work on /home/airflow/.local/lib/python3.8/site-packages/airflow/example_dags/tutorial_dag.py
[2023-10-11T03:52:39.755+0000] {processor.py:829} INFO - Processing file /home/airflow/.local/lib/python3.8/site-packages/airflow/example_dags/tutorial_dag.py for tasks to queue
[2023-10-11T03:52:39.759+0000] {logging_mixin.py:151} INFO - [2023-10-11T03:52:39.759+0000] {dagbag.py:539} INFO - Filling up the DagBag from /home/airflow/.local/lib/python3.8/site-packages/airflow/example_dags/tutorial_dag.py
[2023-10-11T03:52:39.765+0000] {processor.py:839} INFO - DAG(s) dict_keys(['tutorial_dag']) retrieved from /home/airflow/.local/lib/python3.8/site-packages/airflow/example_dags/tutorial_dag.py
[2023-10-11T03:52:39.790+0000] {logging_mixin.py:151} INFO - [2023-10-11T03:52:39.790+0000] {dag.py:2915} INFO - Sync 1 DAGs
[2023-10-11T03:52:39.802+0000] {logging_mixin.py:151} INFO - [2023-10-11T03:52:39.802+0000] {dag.py:3696} INFO - Setting next_dagrun for tutorial_dag to None, run_after=None
[2023-10-11T03:52:39.824+0000] {processor.py:179} INFO - Processing /home/airflow/.local/lib/python3.8/site-packages/airflow/example_dags/tutorial_dag.py took 0.077 seconds
[2023-10-11T03:53:10.053+0000] {processor.py:157} INFO - Started process (PID=1595) to work on /home/airflow/.local/lib/python3.8/site-packages/airflow/example_dags/tutorial_dag.py
[2023-10-11T03:53:10.055+0000] {processor.py:829} INFO - Processing file /home/airflow/.local/lib/python3.8/site-packages/airflow/example_dags/tutorial_dag.py for tasks to queue
[2023-10-11T03:53:10.058+0000] {logging_mixin.py:151} INFO - [2023-10-11T03:53:10.058+0000] {dagbag.py:539} INFO - Filling up the DagBag from /home/airflow/.local/lib/python3.8/site-packages/airflow/example_dags/tutorial_dag.py
[2023-10-11T03:53:10.063+0000] {processor.py:839} INFO - DAG(s) dict_keys(['tutorial_dag']) retrieved from /home/airflow/.local/lib/python3.8/site-packages/airflow/example_dags/tutorial_dag.py
[2023-10-11T03:53:10.087+0000] {logging_mixin.py:151} INFO - [2023-10-11T03:53:10.087+0000] {dag.py:2915} INFO - Sync 1 DAGs
[2023-10-11T03:53:10.099+0000] {logging_mixin.py:151} INFO - [2023-10-11T03:53:10.098+0000] {dag.py:3696} INFO - Setting next_dagrun for tutorial_dag to None, run_after=None
[2023-10-11T03:53:10.121+0000] {processor.py:179} INFO - Processing /home/airflow/.local/lib/python3.8/site-packages/airflow/example_dags/tutorial_dag.py took 0.072 seconds
[2023-10-11T03:53:41.161+0000] {processor.py:157} INFO - Started process (PID=1652) to work on /home/airflow/.local/lib/python3.8/site-packages/airflow/example_dags/tutorial_dag.py
[2023-10-11T03:53:41.163+0000] {processor.py:829} INFO - Processing file /home/airflow/.local/lib/python3.8/site-packages/airflow/example_dags/tutorial_dag.py for tasks to queue
[2023-10-11T03:53:41.165+0000] {logging_mixin.py:151} INFO - [2023-10-11T03:53:41.165+0000] {dagbag.py:539} INFO - Filling up the DagBag from /home/airflow/.local/lib/python3.8/site-packages/airflow/example_dags/tutorial_dag.py
[2023-10-11T03:53:41.171+0000] {processor.py:839} INFO - DAG(s) dict_keys(['tutorial_dag']) retrieved from /home/airflow/.local/lib/python3.8/site-packages/airflow/example_dags/tutorial_dag.py
[2023-10-11T03:53:41.194+0000] {logging_mixin.py:151} INFO - [2023-10-11T03:53:41.193+0000] {dag.py:2915} INFO - Sync 1 DAGs
[2023-10-11T03:53:41.204+0000] {logging_mixin.py:151} INFO - [2023-10-11T03:53:41.204+0000] {dag.py:3696} INFO - Setting next_dagrun for tutorial_dag to None, run_after=None
[2023-10-11T03:53:41.226+0000] {processor.py:179} INFO - Processing /home/airflow/.local/lib/python3.8/site-packages/airflow/example_dags/tutorial_dag.py took 0.071 seconds
[2023-10-11T03:54:11.405+0000] {processor.py:157} INFO - Started process (PID=1709) to work on /home/airflow/.local/lib/python3.8/site-packages/airflow/example_dags/tutorial_dag.py
[2023-10-11T03:54:11.407+0000] {processor.py:829} INFO - Processing file /home/airflow/.local/lib/python3.8/site-packages/airflow/example_dags/tutorial_dag.py for tasks to queue
[2023-10-11T03:54:11.411+0000] {logging_mixin.py:151} INFO - [2023-10-11T03:54:11.410+0000] {dagbag.py:539} INFO - Filling up the DagBag from /home/airflow/.local/lib/python3.8/site-packages/airflow/example_dags/tutorial_dag.py
[2023-10-11T03:54:11.420+0000] {processor.py:839} INFO - DAG(s) dict_keys(['tutorial_dag']) retrieved from /home/airflow/.local/lib/python3.8/site-packages/airflow/example_dags/tutorial_dag.py
[2023-10-11T03:54:11.461+0000] {logging_mixin.py:151} INFO - [2023-10-11T03:54:11.461+0000] {dag.py:2915} INFO - Sync 1 DAGs
[2023-10-11T03:54:11.481+0000] {logging_mixin.py:151} INFO - [2023-10-11T03:54:11.480+0000] {dag.py:3696} INFO - Setting next_dagrun for tutorial_dag to None, run_after=None
[2023-10-11T03:54:11.509+0000] {processor.py:179} INFO - Processing /home/airflow/.local/lib/python3.8/site-packages/airflow/example_dags/tutorial_dag.py took 0.110 seconds
[2023-10-11T03:54:41.777+0000] {processor.py:157} INFO - Started process (PID=1766) to work on /home/airflow/.local/lib/python3.8/site-packages/airflow/example_dags/tutorial_dag.py
[2023-10-11T03:54:41.779+0000] {processor.py:829} INFO - Processing file /home/airflow/.local/lib/python3.8/site-packages/airflow/example_dags/tutorial_dag.py for tasks to queue
[2023-10-11T03:54:41.782+0000] {logging_mixin.py:151} INFO - [2023-10-11T03:54:41.781+0000] {dagbag.py:539} INFO - Filling up the DagBag from /home/airflow/.local/lib/python3.8/site-packages/airflow/example_dags/tutorial_dag.py
[2023-10-11T03:54:41.789+0000] {processor.py:839} INFO - DAG(s) dict_keys(['tutorial_dag']) retrieved from /home/airflow/.local/lib/python3.8/site-packages/airflow/example_dags/tutorial_dag.py
[2023-10-11T03:54:41.814+0000] {logging_mixin.py:151} INFO - [2023-10-11T03:54:41.814+0000] {dag.py:2915} INFO - Sync 1 DAGs
[2023-10-11T03:54:41.827+0000] {logging_mixin.py:151} INFO - [2023-10-11T03:54:41.827+0000] {dag.py:3696} INFO - Setting next_dagrun for tutorial_dag to None, run_after=None
[2023-10-11T03:54:41.850+0000] {processor.py:179} INFO - Processing /home/airflow/.local/lib/python3.8/site-packages/airflow/example_dags/tutorial_dag.py took 0.075 seconds
[2023-10-11T03:55:12.078+0000] {processor.py:157} INFO - Started process (PID=1823) to work on /home/airflow/.local/lib/python3.8/site-packages/airflow/example_dags/tutorial_dag.py
[2023-10-11T03:55:12.080+0000] {processor.py:829} INFO - Processing file /home/airflow/.local/lib/python3.8/site-packages/airflow/example_dags/tutorial_dag.py for tasks to queue
[2023-10-11T03:55:12.083+0000] {logging_mixin.py:151} INFO - [2023-10-11T03:55:12.083+0000] {dagbag.py:539} INFO - Filling up the DagBag from /home/airflow/.local/lib/python3.8/site-packages/airflow/example_dags/tutorial_dag.py
[2023-10-11T03:55:12.089+0000] {processor.py:839} INFO - DAG(s) dict_keys(['tutorial_dag']) retrieved from /home/airflow/.local/lib/python3.8/site-packages/airflow/example_dags/tutorial_dag.py
[2023-10-11T03:55:12.114+0000] {logging_mixin.py:151} INFO - [2023-10-11T03:55:12.114+0000] {dag.py:2915} INFO - Sync 1 DAGs
[2023-10-11T03:55:12.128+0000] {logging_mixin.py:151} INFO - [2023-10-11T03:55:12.128+0000] {dag.py:3696} INFO - Setting next_dagrun for tutorial_dag to None, run_after=None
[2023-10-11T03:55:12.147+0000] {processor.py:179} INFO - Processing /home/airflow/.local/lib/python3.8/site-packages/airflow/example_dags/tutorial_dag.py took 0.073 seconds
[2023-10-11T03:55:42.270+0000] {processor.py:157} INFO - Started process (PID=1879) to work on /home/airflow/.local/lib/python3.8/site-packages/airflow/example_dags/tutorial_dag.py
[2023-10-11T03:55:42.272+0000] {processor.py:829} INFO - Processing file /home/airflow/.local/lib/python3.8/site-packages/airflow/example_dags/tutorial_dag.py for tasks to queue
[2023-10-11T03:55:42.277+0000] {logging_mixin.py:151} INFO - [2023-10-11T03:55:42.276+0000] {dagbag.py:539} INFO - Filling up the DagBag from /home/airflow/.local/lib/python3.8/site-packages/airflow/example_dags/tutorial_dag.py
[2023-10-11T03:55:42.284+0000] {processor.py:839} INFO - DAG(s) dict_keys(['tutorial_dag']) retrieved from /home/airflow/.local/lib/python3.8/site-packages/airflow/example_dags/tutorial_dag.py
[2023-10-11T03:55:42.311+0000] {logging_mixin.py:151} INFO - [2023-10-11T03:55:42.311+0000] {dag.py:2915} INFO - Sync 1 DAGs
[2023-10-11T03:55:42.322+0000] {logging_mixin.py:151} INFO - [2023-10-11T03:55:42.322+0000] {dag.py:3696} INFO - Setting next_dagrun for tutorial_dag to None, run_after=None
[2023-10-11T03:55:42.344+0000] {processor.py:179} INFO - Processing /home/airflow/.local/lib/python3.8/site-packages/airflow/example_dags/tutorial_dag.py took 0.079 seconds
[2023-10-11T03:56:13.062+0000] {processor.py:157} INFO - Started process (PID=1937) to work on /home/airflow/.local/lib/python3.8/site-packages/airflow/example_dags/tutorial_dag.py
[2023-10-11T03:56:13.064+0000] {processor.py:829} INFO - Processing file /home/airflow/.local/lib/python3.8/site-packages/airflow/example_dags/tutorial_dag.py for tasks to queue
[2023-10-11T03:56:13.067+0000] {logging_mixin.py:151} INFO - [2023-10-11T03:56:13.066+0000] {dagbag.py:539} INFO - Filling up the DagBag from /home/airflow/.local/lib/python3.8/site-packages/airflow/example_dags/tutorial_dag.py
[2023-10-11T03:56:13.075+0000] {processor.py:839} INFO - DAG(s) dict_keys(['tutorial_dag']) retrieved from /home/airflow/.local/lib/python3.8/site-packages/airflow/example_dags/tutorial_dag.py
[2023-10-11T03:56:13.098+0000] {logging_mixin.py:151} INFO - [2023-10-11T03:56:13.098+0000] {dag.py:2915} INFO - Sync 1 DAGs
[2023-10-11T03:56:13.110+0000] {logging_mixin.py:151} INFO - [2023-10-11T03:56:13.110+0000] {dag.py:3696} INFO - Setting next_dagrun for tutorial_dag to None, run_after=None
[2023-10-11T03:56:13.134+0000] {processor.py:179} INFO - Processing /home/airflow/.local/lib/python3.8/site-packages/airflow/example_dags/tutorial_dag.py took 0.074 seconds
[2023-10-11T03:56:43.419+0000] {processor.py:157} INFO - Started process (PID=1994) to work on /home/airflow/.local/lib/python3.8/site-packages/airflow/example_dags/tutorial_dag.py
[2023-10-11T03:56:43.422+0000] {processor.py:829} INFO - Processing file /home/airflow/.local/lib/python3.8/site-packages/airflow/example_dags/tutorial_dag.py for tasks to queue
[2023-10-11T03:56:43.426+0000] {logging_mixin.py:151} INFO - [2023-10-11T03:56:43.425+0000] {dagbag.py:539} INFO - Filling up the DagBag from /home/airflow/.local/lib/python3.8/site-packages/airflow/example_dags/tutorial_dag.py
[2023-10-11T03:56:43.431+0000] {processor.py:839} INFO - DAG(s) dict_keys(['tutorial_dag']) retrieved from /home/airflow/.local/lib/python3.8/site-packages/airflow/example_dags/tutorial_dag.py
[2023-10-11T03:56:43.459+0000] {logging_mixin.py:151} INFO - [2023-10-11T03:56:43.459+0000] {dag.py:2915} INFO - Sync 1 DAGs
[2023-10-11T03:56:43.473+0000] {logging_mixin.py:151} INFO - [2023-10-11T03:56:43.473+0000] {dag.py:3696} INFO - Setting next_dagrun for tutorial_dag to None, run_after=None
[2023-10-11T03:56:43.498+0000] {processor.py:179} INFO - Processing /home/airflow/.local/lib/python3.8/site-packages/airflow/example_dags/tutorial_dag.py took 0.082 seconds
[2023-10-11T03:57:13.885+0000] {processor.py:157} INFO - Started process (PID=2051) to work on /home/airflow/.local/lib/python3.8/site-packages/airflow/example_dags/tutorial_dag.py
[2023-10-11T03:57:13.886+0000] {processor.py:829} INFO - Processing file /home/airflow/.local/lib/python3.8/site-packages/airflow/example_dags/tutorial_dag.py for tasks to queue
[2023-10-11T03:57:13.889+0000] {logging_mixin.py:151} INFO - [2023-10-11T03:57:13.888+0000] {dagbag.py:539} INFO - Filling up the DagBag from /home/airflow/.local/lib/python3.8/site-packages/airflow/example_dags/tutorial_dag.py
[2023-10-11T03:57:13.894+0000] {processor.py:839} INFO - DAG(s) dict_keys(['tutorial_dag']) retrieved from /home/airflow/.local/lib/python3.8/site-packages/airflow/example_dags/tutorial_dag.py
[2023-10-11T03:57:13.917+0000] {logging_mixin.py:151} INFO - [2023-10-11T03:57:13.917+0000] {dag.py:2915} INFO - Sync 1 DAGs
[2023-10-11T03:57:13.928+0000] {logging_mixin.py:151} INFO - [2023-10-11T03:57:13.928+0000] {dag.py:3696} INFO - Setting next_dagrun for tutorial_dag to None, run_after=None
[2023-10-11T03:57:13.950+0000] {processor.py:179} INFO - Processing /home/airflow/.local/lib/python3.8/site-packages/airflow/example_dags/tutorial_dag.py took 0.069 seconds
[2023-10-11T03:57:44.682+0000] {processor.py:157} INFO - Started process (PID=2108) to work on /home/airflow/.local/lib/python3.8/site-packages/airflow/example_dags/tutorial_dag.py
[2023-10-11T03:57:44.684+0000] {processor.py:829} INFO - Processing file /home/airflow/.local/lib/python3.8/site-packages/airflow/example_dags/tutorial_dag.py for tasks to queue
[2023-10-11T03:57:44.686+0000] {logging_mixin.py:151} INFO - [2023-10-11T03:57:44.686+0000] {dagbag.py:539} INFO - Filling up the DagBag from /home/airflow/.local/lib/python3.8/site-packages/airflow/example_dags/tutorial_dag.py
[2023-10-11T03:57:44.691+0000] {processor.py:839} INFO - DAG(s) dict_keys(['tutorial_dag']) retrieved from /home/airflow/.local/lib/python3.8/site-packages/airflow/example_dags/tutorial_dag.py
[2023-10-11T03:57:44.715+0000] {logging_mixin.py:151} INFO - [2023-10-11T03:57:44.715+0000] {dag.py:2915} INFO - Sync 1 DAGs
[2023-10-11T03:57:44.726+0000] {logging_mixin.py:151} INFO - [2023-10-11T03:57:44.725+0000] {dag.py:3696} INFO - Setting next_dagrun for tutorial_dag to None, run_after=None
[2023-10-11T03:57:44.750+0000] {processor.py:179} INFO - Processing /home/airflow/.local/lib/python3.8/site-packages/airflow/example_dags/tutorial_dag.py took 0.072 seconds
[2023-10-11T03:58:14.971+0000] {processor.py:157} INFO - Started process (PID=2165) to work on /home/airflow/.local/lib/python3.8/site-packages/airflow/example_dags/tutorial_dag.py
[2023-10-11T03:58:14.972+0000] {processor.py:829} INFO - Processing file /home/airflow/.local/lib/python3.8/site-packages/airflow/example_dags/tutorial_dag.py for tasks to queue
[2023-10-11T03:58:14.974+0000] {logging_mixin.py:151} INFO - [2023-10-11T03:58:14.974+0000] {dagbag.py:539} INFO - Filling up the DagBag from /home/airflow/.local/lib/python3.8/site-packages/airflow/example_dags/tutorial_dag.py
[2023-10-11T03:58:14.979+0000] {processor.py:839} INFO - DAG(s) dict_keys(['tutorial_dag']) retrieved from /home/airflow/.local/lib/python3.8/site-packages/airflow/example_dags/tutorial_dag.py
[2023-10-11T03:58:15.002+0000] {logging_mixin.py:151} INFO - [2023-10-11T03:58:15.001+0000] {dag.py:2915} INFO - Sync 1 DAGs
[2023-10-11T03:58:15.012+0000] {logging_mixin.py:151} INFO - [2023-10-11T03:58:15.012+0000] {dag.py:3696} INFO - Setting next_dagrun for tutorial_dag to None, run_after=None
[2023-10-11T03:58:15.034+0000] {processor.py:179} INFO - Processing /home/airflow/.local/lib/python3.8/site-packages/airflow/example_dags/tutorial_dag.py took 0.065 seconds
[2023-10-11T03:58:45.258+0000] {processor.py:157} INFO - Started process (PID=2222) to work on /home/airflow/.local/lib/python3.8/site-packages/airflow/example_dags/tutorial_dag.py
[2023-10-11T03:58:45.259+0000] {processor.py:829} INFO - Processing file /home/airflow/.local/lib/python3.8/site-packages/airflow/example_dags/tutorial_dag.py for tasks to queue
[2023-10-11T03:58:45.262+0000] {logging_mixin.py:151} INFO - [2023-10-11T03:58:45.262+0000] {dagbag.py:539} INFO - Filling up the DagBag from /home/airflow/.local/lib/python3.8/site-packages/airflow/example_dags/tutorial_dag.py
[2023-10-11T03:58:45.267+0000] {processor.py:839} INFO - DAG(s) dict_keys(['tutorial_dag']) retrieved from /home/airflow/.local/lib/python3.8/site-packages/airflow/example_dags/tutorial_dag.py
[2023-10-11T03:58:45.288+0000] {logging_mixin.py:151} INFO - [2023-10-11T03:58:45.288+0000] {dag.py:2915} INFO - Sync 1 DAGs
[2023-10-11T03:58:45.302+0000] {logging_mixin.py:151} INFO - [2023-10-11T03:58:45.302+0000] {dag.py:3696} INFO - Setting next_dagrun for tutorial_dag to None, run_after=None
[2023-10-11T03:58:45.327+0000] {processor.py:179} INFO - Processing /home/airflow/.local/lib/python3.8/site-packages/airflow/example_dags/tutorial_dag.py took 0.072 seconds
[2023-10-11T03:59:15.658+0000] {processor.py:157} INFO - Started process (PID=2279) to work on /home/airflow/.local/lib/python3.8/site-packages/airflow/example_dags/tutorial_dag.py
[2023-10-11T03:59:15.661+0000] {processor.py:829} INFO - Processing file /home/airflow/.local/lib/python3.8/site-packages/airflow/example_dags/tutorial_dag.py for tasks to queue
[2023-10-11T03:59:15.663+0000] {logging_mixin.py:151} INFO - [2023-10-11T03:59:15.663+0000] {dagbag.py:539} INFO - Filling up the DagBag from /home/airflow/.local/lib/python3.8/site-packages/airflow/example_dags/tutorial_dag.py
[2023-10-11T03:59:15.668+0000] {processor.py:839} INFO - DAG(s) dict_keys(['tutorial_dag']) retrieved from /home/airflow/.local/lib/python3.8/site-packages/airflow/example_dags/tutorial_dag.py
[2023-10-11T03:59:15.693+0000] {logging_mixin.py:151} INFO - [2023-10-11T03:59:15.693+0000] {dag.py:2915} INFO - Sync 1 DAGs
[2023-10-11T03:59:15.708+0000] {logging_mixin.py:151} INFO - [2023-10-11T03:59:15.708+0000] {dag.py:3696} INFO - Setting next_dagrun for tutorial_dag to None, run_after=None
[2023-10-11T03:59:15.733+0000] {processor.py:179} INFO - Processing /home/airflow/.local/lib/python3.8/site-packages/airflow/example_dags/tutorial_dag.py took 0.077 seconds
[2023-10-11T03:59:46.334+0000] {processor.py:157} INFO - Started process (PID=2336) to work on /home/airflow/.local/lib/python3.8/site-packages/airflow/example_dags/tutorial_dag.py
[2023-10-11T03:59:46.336+0000] {processor.py:829} INFO - Processing file /home/airflow/.local/lib/python3.8/site-packages/airflow/example_dags/tutorial_dag.py for tasks to queue
[2023-10-11T03:59:46.339+0000] {logging_mixin.py:151} INFO - [2023-10-11T03:59:46.339+0000] {dagbag.py:539} INFO - Filling up the DagBag from /home/airflow/.local/lib/python3.8/site-packages/airflow/example_dags/tutorial_dag.py
[2023-10-11T03:59:46.346+0000] {processor.py:839} INFO - DAG(s) dict_keys(['tutorial_dag']) retrieved from /home/airflow/.local/lib/python3.8/site-packages/airflow/example_dags/tutorial_dag.py
[2023-10-11T03:59:46.368+0000] {logging_mixin.py:151} INFO - [2023-10-11T03:59:46.368+0000] {dag.py:2915} INFO - Sync 1 DAGs
[2023-10-11T03:59:46.379+0000] {logging_mixin.py:151} INFO - [2023-10-11T03:59:46.379+0000] {dag.py:3696} INFO - Setting next_dagrun for tutorial_dag to None, run_after=None
[2023-10-11T03:59:46.400+0000] {processor.py:179} INFO - Processing /home/airflow/.local/lib/python3.8/site-packages/airflow/example_dags/tutorial_dag.py took 0.069 seconds
[2023-10-11T04:00:16.659+0000] {processor.py:157} INFO - Started process (PID=2393) to work on /home/airflow/.local/lib/python3.8/site-packages/airflow/example_dags/tutorial_dag.py
[2023-10-11T04:00:16.661+0000] {processor.py:829} INFO - Processing file /home/airflow/.local/lib/python3.8/site-packages/airflow/example_dags/tutorial_dag.py for tasks to queue
[2023-10-11T04:00:16.664+0000] {logging_mixin.py:151} INFO - [2023-10-11T04:00:16.664+0000] {dagbag.py:539} INFO - Filling up the DagBag from /home/airflow/.local/lib/python3.8/site-packages/airflow/example_dags/tutorial_dag.py
[2023-10-11T04:00:16.669+0000] {processor.py:839} INFO - DAG(s) dict_keys(['tutorial_dag']) retrieved from /home/airflow/.local/lib/python3.8/site-packages/airflow/example_dags/tutorial_dag.py
[2023-10-11T04:00:16.692+0000] {logging_mixin.py:151} INFO - [2023-10-11T04:00:16.692+0000] {dag.py:2915} INFO - Sync 1 DAGs
[2023-10-11T04:00:16.706+0000] {logging_mixin.py:151} INFO - [2023-10-11T04:00:16.706+0000] {dag.py:3696} INFO - Setting next_dagrun for tutorial_dag to None, run_after=None
[2023-10-11T04:00:16.728+0000] {processor.py:179} INFO - Processing /home/airflow/.local/lib/python3.8/site-packages/airflow/example_dags/tutorial_dag.py took 0.072 seconds
[2023-10-11T04:00:47.093+0000] {processor.py:157} INFO - Started process (PID=2450) to work on /home/airflow/.local/lib/python3.8/site-packages/airflow/example_dags/tutorial_dag.py
[2023-10-11T04:00:47.095+0000] {processor.py:829} INFO - Processing file /home/airflow/.local/lib/python3.8/site-packages/airflow/example_dags/tutorial_dag.py for tasks to queue
[2023-10-11T04:00:47.098+0000] {logging_mixin.py:151} INFO - [2023-10-11T04:00:47.098+0000] {dagbag.py:539} INFO - Filling up the DagBag from /home/airflow/.local/lib/python3.8/site-packages/airflow/example_dags/tutorial_dag.py
[2023-10-11T04:00:47.103+0000] {processor.py:839} INFO - DAG(s) dict_keys(['tutorial_dag']) retrieved from /home/airflow/.local/lib/python3.8/site-packages/airflow/example_dags/tutorial_dag.py
[2023-10-11T04:00:47.124+0000] {logging_mixin.py:151} INFO - [2023-10-11T04:00:47.124+0000] {dag.py:2915} INFO - Sync 1 DAGs
[2023-10-11T04:00:47.137+0000] {logging_mixin.py:151} INFO - [2023-10-11T04:00:47.137+0000] {dag.py:3696} INFO - Setting next_dagrun for tutorial_dag to None, run_after=None
[2023-10-11T04:00:47.168+0000] {processor.py:179} INFO - Processing /home/airflow/.local/lib/python3.8/site-packages/airflow/example_dags/tutorial_dag.py took 0.078 seconds
[2023-10-11T04:01:17.432+0000] {processor.py:157} INFO - Started process (PID=2507) to work on /home/airflow/.local/lib/python3.8/site-packages/airflow/example_dags/tutorial_dag.py
[2023-10-11T04:01:17.434+0000] {processor.py:829} INFO - Processing file /home/airflow/.local/lib/python3.8/site-packages/airflow/example_dags/tutorial_dag.py for tasks to queue
[2023-10-11T04:01:17.436+0000] {logging_mixin.py:151} INFO - [2023-10-11T04:01:17.436+0000] {dagbag.py:539} INFO - Filling up the DagBag from /home/airflow/.local/lib/python3.8/site-packages/airflow/example_dags/tutorial_dag.py
[2023-10-11T04:01:17.442+0000] {processor.py:839} INFO - DAG(s) dict_keys(['tutorial_dag']) retrieved from /home/airflow/.local/lib/python3.8/site-packages/airflow/example_dags/tutorial_dag.py
[2023-10-11T04:01:17.464+0000] {logging_mixin.py:151} INFO - [2023-10-11T04:01:17.464+0000] {dag.py:2915} INFO - Sync 1 DAGs
[2023-10-11T04:01:17.477+0000] {logging_mixin.py:151} INFO - [2023-10-11T04:01:17.477+0000] {dag.py:3696} INFO - Setting next_dagrun for tutorial_dag to None, run_after=None
[2023-10-11T04:01:17.497+0000] {processor.py:179} INFO - Processing /home/airflow/.local/lib/python3.8/site-packages/airflow/example_dags/tutorial_dag.py took 0.068 seconds
[2023-10-11T04:01:47.990+0000] {processor.py:157} INFO - Started process (PID=2564) to work on /home/airflow/.local/lib/python3.8/site-packages/airflow/example_dags/tutorial_dag.py
[2023-10-11T04:01:47.991+0000] {processor.py:829} INFO - Processing file /home/airflow/.local/lib/python3.8/site-packages/airflow/example_dags/tutorial_dag.py for tasks to queue
[2023-10-11T04:01:47.994+0000] {logging_mixin.py:151} INFO - [2023-10-11T04:01:47.993+0000] {dagbag.py:539} INFO - Filling up the DagBag from /home/airflow/.local/lib/python3.8/site-packages/airflow/example_dags/tutorial_dag.py
[2023-10-11T04:01:48.000+0000] {processor.py:839} INFO - DAG(s) dict_keys(['tutorial_dag']) retrieved from /home/airflow/.local/lib/python3.8/site-packages/airflow/example_dags/tutorial_dag.py
[2023-10-11T04:01:48.019+0000] {logging_mixin.py:151} INFO - [2023-10-11T04:01:48.019+0000] {dag.py:2915} INFO - Sync 1 DAGs
[2023-10-11T04:01:48.031+0000] {logging_mixin.py:151} INFO - [2023-10-11T04:01:48.031+0000] {dag.py:3696} INFO - Setting next_dagrun for tutorial_dag to None, run_after=None
[2023-10-11T04:01:48.050+0000] {processor.py:179} INFO - Processing /home/airflow/.local/lib/python3.8/site-packages/airflow/example_dags/tutorial_dag.py took 0.062 seconds
[2023-10-11T04:02:18.572+0000] {processor.py:157} INFO - Started process (PID=2621) to work on /home/airflow/.local/lib/python3.8/site-packages/airflow/example_dags/tutorial_dag.py
[2023-10-11T04:02:18.574+0000] {processor.py:829} INFO - Processing file /home/airflow/.local/lib/python3.8/site-packages/airflow/example_dags/tutorial_dag.py for tasks to queue
[2023-10-11T04:02:18.577+0000] {logging_mixin.py:151} INFO - [2023-10-11T04:02:18.576+0000] {dagbag.py:539} INFO - Filling up the DagBag from /home/airflow/.local/lib/python3.8/site-packages/airflow/example_dags/tutorial_dag.py
[2023-10-11T04:02:18.583+0000] {processor.py:839} INFO - DAG(s) dict_keys(['tutorial_dag']) retrieved from /home/airflow/.local/lib/python3.8/site-packages/airflow/example_dags/tutorial_dag.py
[2023-10-11T04:02:18.608+0000] {logging_mixin.py:151} INFO - [2023-10-11T04:02:18.607+0000] {dag.py:2915} INFO - Sync 1 DAGs
[2023-10-11T04:02:18.621+0000] {logging_mixin.py:151} INFO - [2023-10-11T04:02:18.621+0000] {dag.py:3696} INFO - Setting next_dagrun for tutorial_dag to None, run_after=None
[2023-10-11T04:02:18.644+0000] {processor.py:179} INFO - Processing /home/airflow/.local/lib/python3.8/site-packages/airflow/example_dags/tutorial_dag.py took 0.075 seconds
[2023-10-11T04:02:49.413+0000] {processor.py:157} INFO - Started process (PID=2678) to work on /home/airflow/.local/lib/python3.8/site-packages/airflow/example_dags/tutorial_dag.py
[2023-10-11T04:02:49.415+0000] {processor.py:829} INFO - Processing file /home/airflow/.local/lib/python3.8/site-packages/airflow/example_dags/tutorial_dag.py for tasks to queue
[2023-10-11T04:02:49.417+0000] {logging_mixin.py:151} INFO - [2023-10-11T04:02:49.417+0000] {dagbag.py:539} INFO - Filling up the DagBag from /home/airflow/.local/lib/python3.8/site-packages/airflow/example_dags/tutorial_dag.py
[2023-10-11T04:02:49.422+0000] {processor.py:839} INFO - DAG(s) dict_keys(['tutorial_dag']) retrieved from /home/airflow/.local/lib/python3.8/site-packages/airflow/example_dags/tutorial_dag.py
[2023-10-11T04:02:49.441+0000] {logging_mixin.py:151} INFO - [2023-10-11T04:02:49.441+0000] {dag.py:2915} INFO - Sync 1 DAGs
[2023-10-11T04:02:49.452+0000] {logging_mixin.py:151} INFO - [2023-10-11T04:02:49.452+0000] {dag.py:3696} INFO - Setting next_dagrun for tutorial_dag to None, run_after=None
[2023-10-11T04:02:49.470+0000] {processor.py:179} INFO - Processing /home/airflow/.local/lib/python3.8/site-packages/airflow/example_dags/tutorial_dag.py took 0.060 seconds
[2023-10-11T04:03:20.174+0000] {processor.py:157} INFO - Started process (PID=2735) to work on /home/airflow/.local/lib/python3.8/site-packages/airflow/example_dags/tutorial_dag.py
[2023-10-11T04:03:20.176+0000] {processor.py:829} INFO - Processing file /home/airflow/.local/lib/python3.8/site-packages/airflow/example_dags/tutorial_dag.py for tasks to queue
[2023-10-11T04:03:20.178+0000] {logging_mixin.py:151} INFO - [2023-10-11T04:03:20.178+0000] {dagbag.py:539} INFO - Filling up the DagBag from /home/airflow/.local/lib/python3.8/site-packages/airflow/example_dags/tutorial_dag.py
[2023-10-11T04:03:20.183+0000] {processor.py:839} INFO - DAG(s) dict_keys(['tutorial_dag']) retrieved from /home/airflow/.local/lib/python3.8/site-packages/airflow/example_dags/tutorial_dag.py
[2023-10-11T04:03:20.208+0000] {logging_mixin.py:151} INFO - [2023-10-11T04:03:20.208+0000] {dag.py:2915} INFO - Sync 1 DAGs
[2023-10-11T04:03:20.219+0000] {logging_mixin.py:151} INFO - [2023-10-11T04:03:20.219+0000] {dag.py:3696} INFO - Setting next_dagrun for tutorial_dag to None, run_after=None
[2023-10-11T04:03:20.244+0000] {processor.py:179} INFO - Processing /home/airflow/.local/lib/python3.8/site-packages/airflow/example_dags/tutorial_dag.py took 0.073 seconds
[2023-10-11T04:03:51.000+0000] {processor.py:157} INFO - Started process (PID=2794) to work on /home/airflow/.local/lib/python3.8/site-packages/airflow/example_dags/tutorial_dag.py
[2023-10-11T04:03:51.001+0000] {processor.py:829} INFO - Processing file /home/airflow/.local/lib/python3.8/site-packages/airflow/example_dags/tutorial_dag.py for tasks to queue
[2023-10-11T04:03:51.004+0000] {logging_mixin.py:151} INFO - [2023-10-11T04:03:51.004+0000] {dagbag.py:539} INFO - Filling up the DagBag from /home/airflow/.local/lib/python3.8/site-packages/airflow/example_dags/tutorial_dag.py
[2023-10-11T04:03:51.010+0000] {processor.py:839} INFO - DAG(s) dict_keys(['tutorial_dag']) retrieved from /home/airflow/.local/lib/python3.8/site-packages/airflow/example_dags/tutorial_dag.py
[2023-10-11T04:03:51.031+0000] {logging_mixin.py:151} INFO - [2023-10-11T04:03:51.031+0000] {dag.py:2915} INFO - Sync 1 DAGs
[2023-10-11T04:03:51.044+0000] {logging_mixin.py:151} INFO - [2023-10-11T04:03:51.044+0000] {dag.py:3696} INFO - Setting next_dagrun for tutorial_dag to None, run_after=None
[2023-10-11T04:03:51.065+0000] {processor.py:179} INFO - Processing /home/airflow/.local/lib/python3.8/site-packages/airflow/example_dags/tutorial_dag.py took 0.069 seconds
[2023-10-11T04:04:21.263+0000] {processor.py:157} INFO - Started process (PID=2860) to work on /home/airflow/.local/lib/python3.8/site-packages/airflow/example_dags/tutorial_dag.py
[2023-10-11T04:04:21.265+0000] {processor.py:829} INFO - Processing file /home/airflow/.local/lib/python3.8/site-packages/airflow/example_dags/tutorial_dag.py for tasks to queue
[2023-10-11T04:04:21.268+0000] {logging_mixin.py:151} INFO - [2023-10-11T04:04:21.267+0000] {dagbag.py:539} INFO - Filling up the DagBag from /home/airflow/.local/lib/python3.8/site-packages/airflow/example_dags/tutorial_dag.py
[2023-10-11T04:04:21.273+0000] {processor.py:839} INFO - DAG(s) dict_keys(['tutorial_dag']) retrieved from /home/airflow/.local/lib/python3.8/site-packages/airflow/example_dags/tutorial_dag.py
[2023-10-11T04:04:21.299+0000] {logging_mixin.py:151} INFO - [2023-10-11T04:04:21.299+0000] {dag.py:2915} INFO - Sync 1 DAGs
[2023-10-11T04:04:21.313+0000] {logging_mixin.py:151} INFO - [2023-10-11T04:04:21.313+0000] {dag.py:3696} INFO - Setting next_dagrun for tutorial_dag to None, run_after=None
[2023-10-11T04:04:21.338+0000] {processor.py:179} INFO - Processing /home/airflow/.local/lib/python3.8/site-packages/airflow/example_dags/tutorial_dag.py took 0.077 seconds
[2023-10-11T04:04:52.122+0000] {processor.py:157} INFO - Started process (PID=2917) to work on /home/airflow/.local/lib/python3.8/site-packages/airflow/example_dags/tutorial_dag.py
[2023-10-11T04:04:52.124+0000] {processor.py:829} INFO - Processing file /home/airflow/.local/lib/python3.8/site-packages/airflow/example_dags/tutorial_dag.py for tasks to queue
[2023-10-11T04:04:52.126+0000] {logging_mixin.py:151} INFO - [2023-10-11T04:04:52.126+0000] {dagbag.py:539} INFO - Filling up the DagBag from /home/airflow/.local/lib/python3.8/site-packages/airflow/example_dags/tutorial_dag.py
[2023-10-11T04:04:52.134+0000] {processor.py:839} INFO - DAG(s) dict_keys(['tutorial_dag']) retrieved from /home/airflow/.local/lib/python3.8/site-packages/airflow/example_dags/tutorial_dag.py
[2023-10-11T04:04:52.158+0000] {logging_mixin.py:151} INFO - [2023-10-11T04:04:52.158+0000] {dag.py:2915} INFO - Sync 1 DAGs
[2023-10-11T04:04:52.173+0000] {logging_mixin.py:151} INFO - [2023-10-11T04:04:52.173+0000] {dag.py:3696} INFO - Setting next_dagrun for tutorial_dag to None, run_after=None
[2023-10-11T04:04:52.210+0000] {processor.py:179} INFO - Processing /home/airflow/.local/lib/python3.8/site-packages/airflow/example_dags/tutorial_dag.py took 0.091 seconds
