[2023-10-07T03:09:52.907+0000] {taskinstance.py:1157} INFO - Dependencies all met for dep_context=non-requeueable deps ti=<TaskInstance: etl_sql_dag.extract_to_csv manual__2023-10-07T03:09:45.603070+00:00 [queued]>
[2023-10-07T03:09:52.918+0000] {taskinstance.py:1157} INFO - Dependencies all met for dep_context=requeueable deps ti=<TaskInstance: etl_sql_dag.extract_to_csv manual__2023-10-07T03:09:45.603070+00:00 [queued]>
[2023-10-07T03:09:52.920+0000] {taskinstance.py:1359} INFO - Starting attempt 1 of 2
[2023-10-07T03:09:52.937+0000] {taskinstance.py:1380} INFO - Executing <Task(PythonOperator): extract_to_csv> on 2023-10-07 03:09:45.603070+00:00
[2023-10-07T03:09:52.945+0000] {standard_task_runner.py:57} INFO - Started process 689 to run task
[2023-10-07T03:09:52.949+0000] {standard_task_runner.py:84} INFO - Running: ['***', 'tasks', 'run', 'etl_sql_dag', 'extract_to_csv', 'manual__2023-10-07T03:09:45.603070+00:00', '--job-id', '952', '--raw', '--subdir', 'DAGS_FOLDER/etl_sql_dag.py', '--cfg-path', '/tmp/tmp6rxe0qw5']
[2023-10-07T03:09:52.953+0000] {standard_task_runner.py:85} INFO - Job 952: Subtask extract_to_csv
[2023-10-07T03:09:53.021+0000] {task_command.py:415} INFO - Running <TaskInstance: etl_sql_dag.extract_to_csv manual__2023-10-07T03:09:45.603070+00:00 [running]> on host e7b1a9bbd1dc
[2023-10-07T03:09:53.121+0000] {taskinstance.py:1660} INFO - Exporting env vars: AIRFLOW_CTX_DAG_OWNER='***' AIRFLOW_CTX_DAG_ID='etl_sql_dag' AIRFLOW_CTX_TASK_ID='extract_to_csv' AIRFLOW_CTX_EXECUTION_DATE='2023-10-07T03:09:45.603070+00:00' AIRFLOW_CTX_TRY_NUMBER='1' AIRFLOW_CTX_DAG_RUN_ID='manual__2023-10-07T03:09:45.603070+00:00'
[2023-10-07T03:09:53.125+0000] {logging_mixin.py:151} INFO - extracting data from api
[2023-10-07T03:09:53.474+0000] {logging_mixin.py:151} INFO - None
[2023-10-07T03:09:53.475+0000] {logging_mixin.py:151} INFO - Status Code: 200
[2023-10-07T03:09:53.476+0000] {logging_mixin.py:151} INFO - Total traveler: 9658
[2023-10-07T03:09:53.477+0000] {logging_mixin.py:151} INFO - Current page: 1 out of 966
[2023-10-07T03:09:53.478+0000] {logging_mixin.py:151} INFO - Traveler in 1
[2023-10-07T03:09:53.479+0000] {logging_mixin.py:151} INFO - ['11133', 'Developer', 'Developer12@gmail.com', 'USA', 'N/A', '2023-10-07']
[2023-10-07T03:09:53.480+0000] {logging_mixin.py:151} INFO - csv file updated
[2023-10-07T03:09:53.481+0000] {logging_mixin.py:151} INFO - Traveler in 1
[2023-10-07T03:09:53.481+0000] {logging_mixin.py:151} INFO - ['11134', 'AS', 'qweqw@mail.ru', 'USA', 'N/A', '2023-10-07']
[2023-10-07T03:09:53.482+0000] {logging_mixin.py:151} INFO - csv file updated
[2023-10-07T03:09:53.483+0000] {logging_mixin.py:151} INFO - Traveler in 1
[2023-10-07T03:09:53.484+0000] {logging_mixin.py:151} INFO - ['11135', 'vano', 'van.19v@mail.ru', 'USA', 'N/A', '2023-10-07']
[2023-10-07T03:09:53.484+0000] {logging_mixin.py:151} INFO - csv file updated
[2023-10-07T03:09:53.485+0000] {logging_mixin.py:151} INFO - Traveler in 1
[2023-10-07T03:09:53.486+0000] {logging_mixin.py:151} INFO - ['11136', 'Developer123', 'Developer523@gmail.com', 'USA', 'N/A', '2023-10-07']
[2023-10-07T03:09:53.487+0000] {logging_mixin.py:151} INFO - csv file updated
[2023-10-07T03:09:53.488+0000] {logging_mixin.py:151} INFO - Traveler in 1
[2023-10-07T03:09:53.489+0000] {logging_mixin.py:151} INFO - ['11137', 'Ashor', 'ashot.vardanyan.2000@gmail.com', 'USA', 'N/A', '2023-10-07']
[2023-10-07T03:09:53.490+0000] {logging_mixin.py:151} INFO - csv file updated
[2023-10-07T03:09:53.491+0000] {logging_mixin.py:151} INFO - Traveler in 1
[2023-10-07T03:09:53.492+0000] {logging_mixin.py:151} INFO - ['11138', '1234', 'ghag@mail.ru', 'USA', 'N/A', '2023-10-07']
[2023-10-07T03:09:53.492+0000] {logging_mixin.py:151} INFO - csv file updated
[2023-10-07T03:09:53.493+0000] {logging_mixin.py:151} INFO - Traveler in 1
[2023-10-07T03:09:53.494+0000] {logging_mixin.py:151} INFO - ['11139', 'asdasd', 'asdasd@dasda.asd', 'USA', 'N/A', '2023-10-07']
[2023-10-07T03:09:53.495+0000] {logging_mixin.py:151} INFO - csv file updated
[2023-10-07T03:09:53.496+0000] {logging_mixin.py:151} INFO - Traveler in 1
[2023-10-07T03:09:53.498+0000] {logging_mixin.py:151} INFO - ['11140', 'da', 'auriu@gmail.com', 'USA', 'N/A', '2023-10-07']
[2023-10-07T03:09:53.499+0000] {logging_mixin.py:151} INFO - csv file updated
[2023-10-07T03:09:53.500+0000] {logging_mixin.py:151} INFO - Traveler in 1
[2023-10-07T03:09:53.501+0000] {logging_mixin.py:151} INFO - ['11142', 'asdasd', 'qwwerrwerweeqw@mail.ru', 'USA', 'N/A', '2023-10-07']
[2023-10-07T03:09:53.503+0000] {logging_mixin.py:151} INFO - csv file updated
[2023-10-07T03:09:53.504+0000] {logging_mixin.py:151} INFO - Traveler in 1
[2023-10-07T03:09:53.505+0000] {logging_mixin.py:151} INFO - ['11143', 'karen', 'karen@mail.ru', 'USA', 'N/A', '2023-10-07']
[2023-10-07T03:09:53.506+0000] {logging_mixin.py:151} INFO - csv file updated
[2023-10-07T03:09:53.898+0000] {logging_mixin.py:151} INFO - None
[2023-10-07T03:09:53.900+0000] {logging_mixin.py:151} INFO - Status Code: 200
[2023-10-07T03:09:53.902+0000] {logging_mixin.py:151} INFO - Total traveler: 9658
[2023-10-07T03:09:53.903+0000] {logging_mixin.py:151} INFO - Current page: 2 out of 966
[2023-10-07T03:09:53.904+0000] {logging_mixin.py:151} INFO - Traveler in 2
[2023-10-07T03:09:53.905+0000] {logging_mixin.py:151} INFO - ['11144', 'ASCAS', 'edoedo@mail.ru', 'USA', 'N/A', '2023-10-07']
[2023-10-07T03:09:53.906+0000] {logging_mixin.py:151} INFO - csv file updated
[2023-10-07T03:09:53.907+0000] {logging_mixin.py:151} INFO - Traveler in 2
[2023-10-07T03:09:53.908+0000] {logging_mixin.py:151} INFO - ['11145', 'jkhaumann', 'jkhaumann@gmail.com', 'USA', 'N/A', '2023-10-07']
[2023-10-07T03:09:53.909+0000] {logging_mixin.py:151} INFO - csv file updated
[2023-10-07T03:09:53.911+0000] {logging_mixin.py:151} INFO - Traveler in 2
[2023-10-07T03:09:53.911+0000] {logging_mixin.py:151} INFO - ['11146', 'Albert Petoyan', 'royalalbertprtoyan@gmail.com', 'USA', 'N/A', '2023-10-07']
[2023-10-07T03:09:53.912+0000] {logging_mixin.py:151} INFO - csv file updated
[2023-10-07T03:09:53.913+0000] {logging_mixin.py:151} INFO - Traveler in 2
[2023-10-07T03:09:53.914+0000] {logging_mixin.py:151} INFO - ['11147', 'traveler', 'jkhaumann2@gmail.com', 'DK', '2021-11-18', '2023-10-07']
[2023-10-07T03:09:53.915+0000] {logging_mixin.py:151} INFO - csv file updated
[2023-10-07T03:09:53.917+0000] {logging_mixin.py:151} INFO - Traveler in 2
[2023-10-07T03:09:53.918+0000] {logging_mixin.py:151} INFO - ['11148', 'Albert Petoyan', 'account-business@mail.ru', 'USA', 'N/A', '2023-10-07']
[2023-10-07T03:09:53.919+0000] {logging_mixin.py:151} INFO - csv file updated
[2023-10-07T03:09:53.920+0000] {logging_mixin.py:151} INFO - Traveler in 2
[2023-10-07T03:09:53.921+0000] {logging_mixin.py:151} INFO - ['11149', 'mirza', 'mirza@gmail.com', 'USA', 'N/A', '2023-10-07']
[2023-10-07T03:09:53.922+0000] {logging_mixin.py:151} INFO - csv file updated
[2023-10-07T03:09:53.923+0000] {logging_mixin.py:151} INFO - Traveler in 2
[2023-10-07T03:09:53.924+0000] {logging_mixin.py:151} INFO - ['11150', 'Albert Petoyan', 'aaaaaaa@mail.com', 'USA', 'N/A', '2023-10-07']
[2023-10-07T03:09:53.925+0000] {logging_mixin.py:151} INFO - csv file updated
[2023-10-07T03:09:53.926+0000] {logging_mixin.py:151} INFO - Traveler in 2
[2023-10-07T03:09:53.927+0000] {logging_mixin.py:151} INFO - ['11151', 'Albert Petoyan', 'aaaaqaaa@mail.com', 'USA', 'N/A', '2023-10-07']
[2023-10-07T03:09:53.928+0000] {logging_mixin.py:151} INFO - csv file updated
[2023-10-07T03:09:53.929+0000] {logging_mixin.py:151} INFO - Traveler in 2
[2023-10-07T03:09:53.930+0000] {logging_mixin.py:151} INFO - ['11152', 'Albert Petoyan', 'aaaa@mail.ru', 'USA', 'N/A', '2023-10-07']
[2023-10-07T03:09:53.931+0000] {logging_mixin.py:151} INFO - csv file updated
[2023-10-07T03:09:53.932+0000] {logging_mixin.py:151} INFO - Traveler in 2
[2023-10-07T03:09:53.933+0000] {logging_mixin.py:151} INFO - ['11153', 'Albert Petoyan', 'qq@mail.ru', 'USA', 'N/A', '2023-10-07']
[2023-10-07T03:09:53.934+0000] {logging_mixin.py:151} INFO - csv file updated
[2023-10-07T03:09:54.309+0000] {logging_mixin.py:151} INFO - None
[2023-10-07T03:09:54.311+0000] {logging_mixin.py:151} INFO - Status Code: 200
[2023-10-07T03:09:54.314+0000] {logging_mixin.py:151} INFO - Total traveler: 9658
[2023-10-07T03:09:54.316+0000] {logging_mixin.py:151} INFO - Current page: 3 out of 966
[2023-10-07T03:09:54.317+0000] {logging_mixin.py:151} INFO - Traveler in 3
[2023-10-07T03:09:54.319+0000] {logging_mixin.py:151} INFO - ['11154', 'AzatTest', 'azattest@gmail.com', 'USA', 'N/A', '2023-10-07']
[2023-10-07T03:09:54.321+0000] {logging_mixin.py:151} INFO - csv file updated
[2023-10-07T03:09:54.323+0000] {logging_mixin.py:151} INFO - Traveler in 3
[2023-10-07T03:09:54.324+0000] {logging_mixin.py:151} INFO - ['11155', 'Developer', 'etst@test.com', 'USA', 'N/A', '2023-10-07']
[2023-10-07T03:09:54.326+0000] {logging_mixin.py:151} INFO - csv file updated
[2023-10-07T03:09:54.328+0000] {logging_mixin.py:151} INFO - Traveler in 3
[2023-10-07T03:09:54.329+0000] {logging_mixin.py:151} INFO - ['11156', 'vaxo', 'vaxo.xachatryan@mail.ru', 'USA', 'N/A', '2023-10-07']
[2023-10-07T03:09:54.331+0000] {logging_mixin.py:151} INFO - csv file updated
[2023-10-07T03:09:54.332+0000] {logging_mixin.py:151} INFO - Traveler in 3
[2023-10-07T03:09:54.333+0000] {logging_mixin.py:151} INFO - ['11157', 'vaxo', 'vaxo.xachatryann@mail.ru', 'USA', 'N/A', '2023-10-07']
[2023-10-07T03:09:54.335+0000] {logging_mixin.py:151} INFO - csv file updated
[2023-10-07T03:09:54.337+0000] {logging_mixin.py:151} INFO - Traveler in 3
[2023-10-07T03:09:54.338+0000] {logging_mixin.py:151} INFO - ['11158', 'Developer', 'Developer10@gmail.com', 'USA', 'N/A', '2023-10-07']
[2023-10-07T03:09:54.340+0000] {logging_mixin.py:151} INFO - csv file updated
[2023-10-07T03:09:54.341+0000] {logging_mixin.py:151} INFO - Traveler in 3
[2023-10-07T03:09:54.343+0000] {logging_mixin.py:151} INFO - ['11159', 'shubham', 'Developer112@gmail.com', 'USA', 'N/A', '2023-10-07']
[2023-10-07T03:09:54.344+0000] {logging_mixin.py:151} INFO - csv file updated
[2023-10-07T03:09:54.346+0000] {logging_mixin.py:151} INFO - Traveler in 3
[2023-10-07T03:09:54.348+0000] {logging_mixin.py:151} INFO - ['11160', 'vishal', 'vishal90@gmail.com', 'USA', 'N/A', '2023-10-07']
[2023-10-07T03:09:54.349+0000] {logging_mixin.py:151} INFO - csv file updated
[2023-10-07T03:09:54.351+0000] {logging_mixin.py:151} INFO - Traveler in 3
[2023-10-07T03:09:54.352+0000] {logging_mixin.py:151} INFO - ['11161', 'vishal', 'vishal900@gmail.com', 'USA', 'N/A', '2023-10-07']
[2023-10-07T03:09:54.353+0000] {logging_mixin.py:151} INFO - csv file updated
[2023-10-07T03:09:54.355+0000] {logging_mixin.py:151} INFO - Traveler in 3
[2023-10-07T03:09:54.356+0000] {logging_mixin.py:151} INFO - ['11162', 'name', 'vishal955@gmail.com', 'USA', 'N/A', '2023-10-07']
[2023-10-07T03:09:54.357+0000] {logging_mixin.py:151} INFO - csv file updated
[2023-10-07T03:09:54.359+0000] {logging_mixin.py:151} INFO - Traveler in 3
[2023-10-07T03:09:54.360+0000] {logging_mixin.py:151} INFO - ['11163', 'name', 'vishal55@gmail.com', 'USA', 'N/A', '2023-10-07']
[2023-10-07T03:09:54.361+0000] {logging_mixin.py:151} INFO - csv file updated
[2023-10-07T03:09:54.718+0000] {logging_mixin.py:151} INFO - None
[2023-10-07T03:09:54.721+0000] {logging_mixin.py:151} INFO - Status Code: 200
[2023-10-07T03:09:54.724+0000] {logging_mixin.py:151} INFO - Total traveler: 9658
[2023-10-07T03:09:54.725+0000] {logging_mixin.py:151} INFO - Current page: 4 out of 966
[2023-10-07T03:09:54.727+0000] {logging_mixin.py:151} INFO - Traveler in 4
[2023-10-07T03:09:54.729+0000] {logging_mixin.py:151} INFO - ['11164', 'vaxo', 'vaxo.xachatryanl@mail.ru', 'USA', 'N/A', '2023-10-07']
[2023-10-07T03:09:54.731+0000] {logging_mixin.py:151} INFO - csv file updated
[2023-10-07T03:09:54.732+0000] {logging_mixin.py:151} INFO - Traveler in 4
[2023-10-07T03:09:54.734+0000] {logging_mixin.py:151} INFO - ['11165', 'vaxo', 'vaxo.xachatrya@mail.ru', 'USA', 'N/A', '2023-10-07']
[2023-10-07T03:09:54.736+0000] {logging_mixin.py:151} INFO - csv file updated
[2023-10-07T03:09:54.737+0000] {logging_mixin.py:151} INFO - Traveler in 4
[2023-10-07T03:09:54.739+0000] {logging_mixin.py:151} INFO - ['11166', 'vaxo', 'vaxo.xachatry@mail.ru', 'USA', 'N/A', '2023-10-07']
[2023-10-07T03:09:54.740+0000] {logging_mixin.py:151} INFO - csv file updated
[2023-10-07T03:09:54.742+0000] {logging_mixin.py:151} INFO - Traveler in 4
[2023-10-07T03:09:54.743+0000] {logging_mixin.py:151} INFO - ['11167', 'vaxo', 'vaxo.xachatryl@mail.ru', 'USA', 'N/A', '2023-10-07']
[2023-10-07T03:09:54.745+0000] {logging_mixin.py:151} INFO - csv file updated
[2023-10-07T03:09:54.746+0000] {logging_mixin.py:151} INFO - Traveler in 4
[2023-10-07T03:09:54.748+0000] {logging_mixin.py:151} INFO - ['11168', 'vaxo', 'vaxok.xachatryl@mail.ru', 'USA', 'N/A', '2023-10-07']
[2023-10-07T03:09:54.749+0000] {logging_mixin.py:151} INFO - csv file updated
[2023-10-07T03:09:54.750+0000] {logging_mixin.py:151} INFO - Traveler in 4
[2023-10-07T03:09:54.751+0000] {logging_mixin.py:151} INFO - ['11169', 'vaxo', 'erik.yaralyan6@mail.ru', 'USA', 'N/A', '2023-10-07']
[2023-10-07T03:09:54.753+0000] {logging_mixin.py:151} INFO - csv file updated
[2023-10-07T03:09:54.754+0000] {logging_mixin.py:151} INFO - Traveler in 4
[2023-10-07T03:09:54.755+0000] {logging_mixin.py:151} INFO - ['11170', 'vaxo', 'erik.yaralyan7@mail.ru', 'USA', 'N/A', '2023-10-07']
[2023-10-07T03:09:54.756+0000] {logging_mixin.py:151} INFO - csv file updated
[2023-10-07T03:09:54.757+0000] {logging_mixin.py:151} INFO - Traveler in 4
[2023-10-07T03:09:54.758+0000] {logging_mixin.py:151} INFO - ['11171', 'vaxo', 'vaxo.xachatryan1@mail.ru', 'USA', 'N/A', '2023-10-07']
[2023-10-07T03:09:54.759+0000] {logging_mixin.py:151} INFO - csv file updated
[2023-10-07T03:09:54.761+0000] {logging_mixin.py:151} INFO - Traveler in 4
[2023-10-07T03:09:54.762+0000] {logging_mixin.py:151} INFO - ['11172', 'vaxo', 'vaxo.xachatryan2@mail.ru', 'USA', 'N/A', '2023-10-07']
[2023-10-07T03:09:54.763+0000] {logging_mixin.py:151} INFO - csv file updated
[2023-10-07T03:09:54.764+0000] {logging_mixin.py:151} INFO - Traveler in 4
[2023-10-07T03:09:54.766+0000] {logging_mixin.py:151} INFO - ['11173', 'vaxo', 'vaxo.xachatryan4@mail.ru', 'USA', 'N/A', '2023-10-07']
[2023-10-07T03:09:54.767+0000] {logging_mixin.py:151} INFO - csv file updated
[2023-10-07T03:09:55.179+0000] {logging_mixin.py:151} INFO - None
[2023-10-07T03:09:55.181+0000] {logging_mixin.py:151} INFO - Status Code: 200
[2023-10-07T03:09:55.182+0000] {logging_mixin.py:151} INFO - Total traveler: 9658
[2023-10-07T03:09:55.184+0000] {logging_mixin.py:151} INFO - Current page: 5 out of 966
[2023-10-07T03:09:55.186+0000] {logging_mixin.py:151} INFO - Traveler in 5
[2023-10-07T03:09:55.188+0000] {logging_mixin.py:151} INFO - ['11174', 'vaxo', 'vaxo.xachatryan5@mail.ru', 'USA', 'N/A', '2023-10-07']
[2023-10-07T03:09:55.190+0000] {logging_mixin.py:151} INFO - csv file updated
[2023-10-07T03:09:55.192+0000] {logging_mixin.py:151} INFO - Traveler in 5
[2023-10-07T03:09:55.194+0000] {logging_mixin.py:151} INFO - ['11175', 'vaxo', 'vaxo.xachatryan6@mail.ru', 'USA', 'N/A', '2023-10-07']
[2023-10-07T03:09:55.196+0000] {logging_mixin.py:151} INFO - csv file updated
[2023-10-07T03:09:55.198+0000] {logging_mixin.py:151} INFO - Traveler in 5
[2023-10-07T03:09:55.199+0000] {logging_mixin.py:151} INFO - ['11177', 'vaxo', 'vaxo.xachatryan0@mail.ru', 'USA', 'N/A', '2023-10-07']
[2023-10-07T03:09:55.202+0000] {logging_mixin.py:151} INFO - csv file updated
[2023-10-07T03:09:55.205+0000] {logging_mixin.py:151} INFO - Traveler in 5
[2023-10-07T03:09:55.207+0000] {logging_mixin.py:151} INFO - ['11178', 'vaxo', 'vaxo.xachatryan.@mail.ru', 'USA', 'N/A', '2023-10-07']
[2023-10-07T03:09:55.210+0000] {logging_mixin.py:151} INFO - csv file updated
[2023-10-07T03:09:55.212+0000] {logging_mixin.py:151} INFO - Traveler in 5
[2023-10-07T03:09:55.213+0000] {logging_mixin.py:151} INFO - ['11179', 'vaxo', 'vaxo.xachatryan..@mail.ru', 'USA', 'N/A', '2023-10-07']
[2023-10-07T03:09:55.215+0000] {logging_mixin.py:151} INFO - csv file updated
[2023-10-07T03:09:55.217+0000] {logging_mixin.py:151} INFO - Traveler in 5
[2023-10-07T03:09:55.220+0000] {logging_mixin.py:151} INFO - ['11180', 'vaxo', 'vaxo.xachatryan11@mail.ru', 'USA', 'N/A', '2023-10-07']
[2023-10-07T03:09:55.223+0000] {logging_mixin.py:151} INFO - csv file updated
[2023-10-07T03:09:55.226+0000] {logging_mixin.py:151} INFO - Traveler in 5
[2023-10-07T03:09:55.228+0000] {logging_mixin.py:151} INFO - ['11181', 'vaxo', 'vaxo.xachatryan111@mail.ru', 'USA', 'N/A', '2023-10-07']
[2023-10-07T03:09:55.230+0000] {logging_mixin.py:151} INFO - csv file updated
[2023-10-07T03:09:55.232+0000] {logging_mixin.py:151} INFO - Traveler in 5
[2023-10-07T03:09:55.233+0000] {logging_mixin.py:151} INFO - ['11182', 'vaxo', 'vaxo.xachatryan12@mail.ru', 'USA', 'N/A', '2023-10-07']
[2023-10-07T03:09:55.235+0000] {logging_mixin.py:151} INFO - csv file updated
[2023-10-07T03:09:55.237+0000] {logging_mixin.py:151} INFO - Traveler in 5
[2023-10-07T03:09:55.239+0000] {logging_mixin.py:151} INFO - ['11185', 'vaxo', 'vaxo.xachatryan1111@mail.ru', 'USA', 'N/A', '2023-10-07']
[2023-10-07T03:09:55.241+0000] {logging_mixin.py:151} INFO - csv file updated
[2023-10-07T03:09:55.242+0000] {logging_mixin.py:151} INFO - Traveler in 5
[2023-10-07T03:09:55.243+0000] {logging_mixin.py:151} INFO - ['11186', 'vaxo', 'vaxo1.xachatryan@mail.ru', 'USA', 'N/A', '2023-10-07']
[2023-10-07T03:09:55.245+0000] {logging_mixin.py:151} INFO - csv file updated
[2023-10-07T03:09:55.640+0000] {logging_mixin.py:151} INFO - None
[2023-10-07T03:09:55.641+0000] {logging_mixin.py:151} INFO - Status Code: 200
[2023-10-07T03:09:55.642+0000] {logging_mixin.py:151} INFO - Total traveler: 9658
[2023-10-07T03:09:55.643+0000] {logging_mixin.py:151} INFO - Current page: 6 out of 966
[2023-10-07T03:09:55.644+0000] {logging_mixin.py:151} INFO - Traveler in 6
[2023-10-07T03:09:55.646+0000] {logging_mixin.py:151} INFO - ['11187', 'asdasd', 'kar111en@mail.ru', 'USA', 'N/A', '2023-10-07']
[2023-10-07T03:09:55.647+0000] {logging_mixin.py:151} INFO - csv file updated
[2023-10-07T03:09:55.648+0000] {logging_mixin.py:151} INFO - Traveler in 6
[2023-10-07T03:09:55.649+0000] {logging_mixin.py:151} INFO - ['11188', 'Tigran Muradyan', 'tigran.inbox@gmail.com', 'USA', 'N/A', '2023-10-07']
[2023-10-07T03:09:55.650+0000] {logging_mixin.py:151} INFO - csv file updated
[2023-10-07T03:09:55.651+0000] {logging_mixin.py:151} INFO - Traveler in 6
[2023-10-07T03:09:55.652+0000] {logging_mixin.py:151} INFO - ['11189', 'Developer', 'nag334r53453@gmail.com', 'USA', 'N/A', '2023-10-07']
[2023-10-07T03:09:55.653+0000] {logging_mixin.py:151} INFO - csv file updated
[2023-10-07T03:09:55.654+0000] {logging_mixin.py:151} INFO - Traveler in 6
[2023-10-07T03:09:55.655+0000] {logging_mixin.py:151} INFO - ['11190', 'sai', 'saiguntur@gmail.com', 'USA', 'N/A', '2023-10-07']
[2023-10-07T03:09:55.656+0000] {logging_mixin.py:151} INFO - csv file updated
[2023-10-07T03:09:55.657+0000] {logging_mixin.py:151} INFO - Traveler in 6
[2023-10-07T03:09:55.658+0000] {logging_mixin.py:151} INFO - ['11191', 'sai', 'saiguntur1@gmail.com', 'USA', 'N/A', '2023-10-07']
[2023-10-07T03:09:55.659+0000] {logging_mixin.py:151} INFO - csv file updated
[2023-10-07T03:09:55.660+0000] {logging_mixin.py:151} INFO - Traveler in 6
[2023-10-07T03:09:55.661+0000] {logging_mixin.py:151} INFO - ['11192', 'sai', 'saiguntdddur1@gmail.com', 'USA', 'N/A', '2023-10-07']
[2023-10-07T03:09:55.662+0000] {logging_mixin.py:151} INFO - csv file updated
[2023-10-07T03:09:55.663+0000] {logging_mixin.py:151} INFO - Traveler in 6
[2023-10-07T03:09:55.664+0000] {logging_mixin.py:151} INFO - ['11193', 'sai', 'saiguntddddddur1@gmail.com', 'USA', 'N/A', '2023-10-07']
[2023-10-07T03:09:55.665+0000] {logging_mixin.py:151} INFO - csv file updated
[2023-10-07T03:09:55.666+0000] {logging_mixin.py:151} INFO - Traveler in 6
[2023-10-07T03:09:55.667+0000] {logging_mixin.py:151} INFO - ['11194', 'ssfdsfdsfdsfsdfsdfdsfsdfdsfdsddddddddddddddddddddddddddddddddddddddddddddddddddddddddfdfdfdfai', 'saiguntdddddddur1@gmail.com', 'USA', 'N/A', '2023-10-07']
[2023-10-07T03:09:55.669+0000] {logging_mixin.py:151} INFO - csv file updated
[2023-10-07T03:09:55.670+0000] {logging_mixin.py:151} INFO - Traveler in 6
[2023-10-07T03:09:55.671+0000] {logging_mixin.py:151} INFO - ['11195', 'ssfdsfdsfdsfsdfsdfdsfsdfdsfdsddddddddddddddddddddddddddddddddddddddddddddddddddddddddfdfdfdfai', 's@gmail.com', 'USA', 'N/A', '2023-10-07']
[2023-10-07T03:09:55.672+0000] {logging_mixin.py:151} INFO - csv file updated
[2023-10-07T03:09:55.672+0000] {logging_mixin.py:151} INFO - Traveler in 6
[2023-10-07T03:09:55.673+0000] {logging_mixin.py:151} INFO - ['11196', 'ssfdsfdsfdsfsdfsdfdsfsdfdsfdsddddddddddddddddddddddddddddddddddddddddddddddddddddddddfdfdfdfai', 'sdsfdsfds@a.c', 'USA', 'N/A', '2023-10-07']
[2023-10-07T03:09:55.675+0000] {logging_mixin.py:151} INFO - csv file updated
[2023-10-07T03:09:55.984+0000] {logging_mixin.py:151} INFO - None
[2023-10-07T03:09:55.986+0000] {logging_mixin.py:151} INFO - Status Code: 200
[2023-10-07T03:09:55.987+0000] {logging_mixin.py:151} INFO - Total traveler: 9658
[2023-10-07T03:09:55.988+0000] {logging_mixin.py:151} INFO - Current page: 7 out of 966
[2023-10-07T03:09:55.989+0000] {logging_mixin.py:151} INFO - Traveler in 7
[2023-10-07T03:09:55.990+0000] {logging_mixin.py:151} INFO - ['11197', 'Tigran Muradyan', 'tikstudio@mail.ru', 'USA', 'N/A', '2023-10-07']
[2023-10-07T03:09:55.991+0000] {logging_mixin.py:151} INFO - csv file updated
[2023-10-07T03:09:55.992+0000] {logging_mixin.py:151} INFO - Traveler in 7
[2023-10-07T03:09:55.993+0000] {logging_mixin.py:151} INFO - ['11198', 'John Doe', 'john@gmail.com', 'USA', 'N/A', '2023-10-07']
[2023-10-07T03:09:55.994+0000] {logging_mixin.py:151} INFO - csv file updated
[2023-10-07T03:09:55.995+0000] {logging_mixin.py:151} INFO - Traveler in 7
[2023-10-07T03:09:55.997+0000] {logging_mixin.py:151} INFO - ['11199', 'asdasdas', 'Develasoper5@gmail.com', 'USA', 'N/A', '2023-10-07']
[2023-10-07T03:09:55.997+0000] {logging_mixin.py:151} INFO - csv file updated
[2023-10-07T03:09:55.999+0000] {logging_mixin.py:151} INFO - Traveler in 7
[2023-10-07T03:09:56.000+0000] {logging_mixin.py:151} INFO - ['11200', 'Preet', 'preeti@gmail.com', 'USA', 'N/A', '2023-10-07']
[2023-10-07T03:09:56.001+0000] {logging_mixin.py:151} INFO - csv file updated
[2023-10-07T03:09:56.002+0000] {logging_mixin.py:151} INFO - Traveler in 7
[2023-10-07T03:09:56.003+0000] {logging_mixin.py:151} INFO - ['11201', 'Janet Doe', 'janet@gmail.com', 'USA', 'N/A', '2023-10-07']
[2023-10-07T03:09:56.004+0000] {logging_mixin.py:151} INFO - csv file updated
[2023-10-07T03:09:56.005+0000] {logging_mixin.py:151} INFO - Traveler in 7
[2023-10-07T03:09:56.005+0000] {logging_mixin.py:151} INFO - ['11202', 'Jack', 'lack@email.com', 'USA', 'N/A', '2023-10-07']
[2023-10-07T03:09:56.006+0000] {logging_mixin.py:151} INFO - csv file updated
[2023-10-07T03:09:56.007+0000] {logging_mixin.py:151} INFO - Traveler in 7
[2023-10-07T03:09:56.008+0000] {logging_mixin.py:151} INFO - ['11203', 'Samuel Jones', 'sam@gmail.com', 'USA', 'N/A', '2023-10-07']
[2023-10-07T03:09:56.010+0000] {logging_mixin.py:151} INFO - csv file updated
[2023-10-07T03:09:56.011+0000] {logging_mixin.py:151} INFO - Traveler in 7
[2023-10-07T03:09:56.012+0000] {logging_mixin.py:151} INFO - ['11204', 'Preet', 'preety@gmail.com', 'USA', 'N/A', '2023-10-07']
[2023-10-07T03:09:56.013+0000] {logging_mixin.py:151} INFO - csv file updated
[2023-10-07T03:09:56.014+0000] {logging_mixin.py:151} INFO - Traveler in 7
[2023-10-07T03:09:56.015+0000] {logging_mixin.py:151} INFO - ['11205', 'Ken', 'ken@email.com', 'USA', 'N/A', '2023-10-07']
[2023-10-07T03:09:56.016+0000] {logging_mixin.py:151} INFO - csv file updated
[2023-10-07T03:09:56.017+0000] {logging_mixin.py:151} INFO - Traveler in 7
[2023-10-07T03:09:56.018+0000] {logging_mixin.py:151} INFO - ['11206', 'm', 'm@email.com', 'USA', 'N/A', '2023-10-07']
[2023-10-07T03:09:56.019+0000] {logging_mixin.py:151} INFO - csv file updated
[2023-10-07T03:09:56.356+0000] {logging_mixin.py:151} INFO - None
[2023-10-07T03:09:56.358+0000] {logging_mixin.py:151} INFO - Status Code: 200
[2023-10-07T03:09:56.359+0000] {logging_mixin.py:151} INFO - Total traveler: 9658
[2023-10-07T03:09:56.360+0000] {logging_mixin.py:151} INFO - Current page: 8 out of 966
[2023-10-07T03:09:56.361+0000] {logging_mixin.py:151} INFO - Traveler in 8
[2023-10-07T03:09:56.363+0000] {logging_mixin.py:151} INFO - ['11207', 's', 's@email.com', 'USA', 'N/A', '2023-10-07']
[2023-10-07T03:09:56.364+0000] {logging_mixin.py:151} INFO - csv file updated
[2023-10-07T03:09:56.366+0000] {logging_mixin.py:151} INFO - Traveler in 8
[2023-10-07T03:09:56.367+0000] {logging_mixin.py:151} INFO - ['11208', 'b', 'b@EMAIL.COM', 'USA', 'N/A', '2023-10-07']
[2023-10-07T03:09:56.369+0000] {logging_mixin.py:151} INFO - csv file updated
[2023-10-07T03:09:56.370+0000] {logging_mixin.py:151} INFO - Traveler in 8
[2023-10-07T03:09:56.371+0000] {logging_mixin.py:151} INFO - ['11209', 't', 't@email.com', 'USA', 'N/A', '2023-10-07']
[2023-10-07T03:09:56.372+0000] {logging_mixin.py:151} INFO - csv file updated
[2023-10-07T03:09:56.374+0000] {logging_mixin.py:151} INFO - Traveler in 8
[2023-10-07T03:09:56.375+0000] {logging_mixin.py:151} INFO - ['11210', 'e', 'a@email.com', 'USA', 'N/A', '2023-10-07']
[2023-10-07T03:09:56.376+0000] {logging_mixin.py:151} INFO - csv file updated
[2023-10-07T03:09:56.378+0000] {logging_mixin.py:151} INFO - Traveler in 8
[2023-10-07T03:09:56.379+0000] {logging_mixin.py:151} INFO - ['11211', 'q', 'q@email.com', 'USA', 'N/A', '2023-10-07']
[2023-10-07T03:09:56.380+0000] {logging_mixin.py:151} INFO - csv file updated
[2023-10-07T03:09:56.381+0000] {logging_mixin.py:151} INFO - Traveler in 8
[2023-10-07T03:09:56.383+0000] {logging_mixin.py:151} INFO - ['11212', 'Lasisi  Kehinde', 'kehinde@email.com', 'USA', 'N/A', '2023-10-07']
[2023-10-07T03:09:56.384+0000] {logging_mixin.py:151} INFO - csv file updated
[2023-10-07T03:09:56.385+0000] {logging_mixin.py:151} INFO - Traveler in 8
[2023-10-07T03:09:56.386+0000] {logging_mixin.py:151} INFO - ['11213', 'abcd', 'abs@gmail.com', 'USA', 'N/A', '2023-10-07']
[2023-10-07T03:09:56.387+0000] {logging_mixin.py:151} INFO - csv file updated
[2023-10-07T03:09:56.389+0000] {logging_mixin.py:151} INFO - Traveler in 8
[2023-10-07T03:09:56.390+0000] {logging_mixin.py:151} INFO - ['11214', 'abcz', 'abc@gmal.com', 'USA', 'N/A', '2023-10-07']
[2023-10-07T03:09:56.391+0000] {logging_mixin.py:151} INFO - csv file updated
[2023-10-07T03:09:56.392+0000] {logging_mixin.py:151} INFO - Traveler in 8
[2023-10-07T03:09:56.393+0000] {logging_mixin.py:151} INFO - ['11228', 'AzatTest12021Nov22104005', 'azattest12021Nov22104005@gmail.com', 'USA', '2021-11-22', '2023-10-07']
[2023-10-07T03:09:56.395+0000] {logging_mixin.py:151} INFO - csv file updated
[2023-10-07T03:09:56.396+0000] {logging_mixin.py:151} INFO - Traveler in 8
[2023-10-07T03:09:56.397+0000] {logging_mixin.py:151} INFO - ['11232', 'AzatTest52021Nov22104009', 'azattest52021Nov22104009@gmail.com', 'USA', '2021-11-22', '2023-10-07']
[2023-10-07T03:09:56.398+0000] {logging_mixin.py:151} INFO - csv file updated
[2023-10-07T03:09:56.768+0000] {logging_mixin.py:151} INFO - None
[2023-10-07T03:09:56.770+0000] {logging_mixin.py:151} INFO - Status Code: 200
[2023-10-07T03:09:56.772+0000] {logging_mixin.py:151} INFO - Total traveler: 9658
[2023-10-07T03:09:56.774+0000] {logging_mixin.py:151} INFO - Current page: 9 out of 966
[2023-10-07T03:09:56.776+0000] {logging_mixin.py:151} INFO - Traveler in 9
[2023-10-07T03:09:56.778+0000] {logging_mixin.py:151} INFO - ['12149', 'abcd', 'abc@gmail.com', 'USA', 'N/A', '2023-10-07']
[2023-10-07T03:09:56.780+0000] {logging_mixin.py:151} INFO - csv file updated
[2023-10-07T03:09:56.782+0000] {logging_mixin.py:151} INFO - Traveler in 9
[2023-10-07T03:09:56.783+0000] {logging_mixin.py:151} INFO - ['12150', 'Harsh Prajapati', 'prajapatihs2004@gmail.com', 'USA', 'N/A', '2023-10-07']
[2023-10-07T03:09:56.785+0000] {logging_mixin.py:151} INFO - csv file updated
[2023-10-07T03:09:56.787+0000] {logging_mixin.py:151} INFO - Traveler in 9
[2023-10-07T03:09:56.788+0000] {logging_mixin.py:151} INFO - ['12151', 'abc', 'abcdefg@gmail.com', 'India', '2021-11-22', '2023-10-07']
[2023-10-07T03:09:56.790+0000] {logging_mixin.py:151} INFO - csv file updated
[2023-10-07T03:09:56.792+0000] {logging_mixin.py:151} INFO - Traveler in 9
[2023-10-07T03:09:56.794+0000] {logging_mixin.py:151} INFO - ['12152', 'Harsh Prajapati', 'abcd123@gmail.com', 'India', '2021-11-22', '2023-10-07']
[2023-10-07T03:09:56.795+0000] {logging_mixin.py:151} INFO - csv file updated
[2023-10-07T03:09:56.797+0000] {logging_mixin.py:151} INFO - Traveler in 9
[2023-10-07T03:09:56.799+0000] {logging_mixin.py:151} INFO - ['12153', 'hsrah', 'acd@gmail.com', 'India', '2021-11-22', '2023-10-07']
[2023-10-07T03:09:56.801+0000] {logging_mixin.py:151} INFO - csv file updated
[2023-10-07T03:09:56.802+0000] {logging_mixin.py:151} INFO - Traveler in 9
[2023-10-07T03:09:56.804+0000] {logging_mixin.py:151} INFO - ['12154', 'LightL', 'll@gmail.com', 'Japan', '2021-11-22', '2023-10-07']
[2023-10-07T03:09:56.806+0000] {logging_mixin.py:151} INFO - csv file updated
[2023-10-07T03:09:56.808+0000] {logging_mixin.py:151} INFO - Traveler in 9
[2023-10-07T03:09:56.810+0000] {logging_mixin.py:151} INFO - ['12155', 'darshan', '123@gmail.com', 'delhi', '2021-11-22', '2023-10-07']
[2023-10-07T03:09:56.811+0000] {logging_mixin.py:151} INFO - csv file updated
[2023-10-07T03:09:56.813+0000] {logging_mixin.py:151} INFO - Traveler in 9
[2023-10-07T03:09:56.815+0000] {logging_mixin.py:151} INFO - ['12156', '12312', 'test@test2.com', 'USA', 'N/A', '2023-10-07']
[2023-10-07T03:09:56.817+0000] {logging_mixin.py:151} INFO - csv file updated
[2023-10-07T03:09:56.818+0000] {logging_mixin.py:151} INFO - Traveler in 9
[2023-10-07T03:09:56.820+0000] {logging_mixin.py:151} INFO - ['12157', 'tastdsa', 'test@test.com', 'USA', 'N/A', '2023-10-07']
[2023-10-07T03:09:56.822+0000] {logging_mixin.py:151} INFO - csv file updated
[2023-10-07T03:09:56.824+0000] {logging_mixin.py:151} INFO - Traveler in 9
[2023-10-07T03:09:56.825+0000] {logging_mixin.py:151} INFO - ['12158', 'Harsh Prajapati', 'abcd1234@gmail.com', 'India', '2021-11-22', '2023-10-07']
[2023-10-07T03:09:56.827+0000] {logging_mixin.py:151} INFO - csv file updated
[2023-10-07T03:09:57.151+0000] {logging_mixin.py:151} INFO - None
[2023-10-07T03:09:57.153+0000] {logging_mixin.py:151} INFO - Status Code: 200
[2023-10-07T03:09:57.155+0000] {logging_mixin.py:151} INFO - Total traveler: 9658
[2023-10-07T03:09:57.157+0000] {logging_mixin.py:151} INFO - Current page: 10 out of 966
[2023-10-07T03:09:57.158+0000] {logging_mixin.py:151} INFO - Traveler in 10
[2023-10-07T03:09:57.160+0000] {logging_mixin.py:151} INFO - ['12159', 'tasad', 'asdasd@dasdsa.asdasd', 'USA', 'N/A', '2023-10-07']
[2023-10-07T03:09:57.162+0000] {logging_mixin.py:151} INFO - csv file updated
[2023-10-07T03:09:57.164+0000] {logging_mixin.py:151} INFO - Traveler in 10
[2023-10-07T03:09:57.166+0000] {logging_mixin.py:151} INFO - ['12160', 'eqwqweqq', 'weqwe@ewdasda.asdasdasd', 'USA', 'N/A', '2023-10-07']
[2023-10-07T03:09:57.167+0000] {logging_mixin.py:151} INFO - csv file updated
[2023-10-07T03:09:57.169+0000] {logging_mixin.py:151} INFO - Traveler in 10
[2023-10-07T03:09:57.171+0000] {logging_mixin.py:151} INFO - ['12162', 'test@tesatd', 'tes22t@test.com', 'USA', 'N/A', '2023-10-07']
[2023-10-07T03:09:57.172+0000] {logging_mixin.py:151} INFO - csv file updated
[2023-10-07T03:09:57.174+0000] {logging_mixin.py:151} INFO - Traveler in 10
[2023-10-07T03:09:57.176+0000] {logging_mixin.py:151} INFO - ['12164', 'Preet', 'g@gmail.com', 'USA', 'N/A', '2023-10-07']
[2023-10-07T03:09:57.178+0000] {logging_mixin.py:151} INFO - csv file updated
[2023-10-07T03:09:57.180+0000] {logging_mixin.py:151} INFO - Traveler in 10
[2023-10-07T03:09:57.181+0000] {logging_mixin.py:151} INFO - ['12167', 'sdsfdsa', 'sdfasd@aa.com', 'USA', 'N/A', '2023-10-07']
[2023-10-07T03:09:57.183+0000] {logging_mixin.py:151} INFO - csv file updated
[2023-10-07T03:09:57.185+0000] {logging_mixin.py:151} INFO - Traveler in 10
[2023-10-07T03:09:57.186+0000] {logging_mixin.py:151} INFO - ['12168', 'Developer', 'dijyo@gmail.com', 'USA', 'N/A', '2023-10-07']
[2023-10-07T03:09:57.188+0000] {logging_mixin.py:151} INFO - csv file updated
[2023-10-07T03:09:57.189+0000] {logging_mixin.py:151} INFO - Traveler in 10
[2023-10-07T03:09:57.191+0000] {logging_mixin.py:151} INFO - ['12169', 'moderator', 'jpatil@gmail.com', 'USA', 'N/A', '2023-10-07']
[2023-10-07T03:09:57.193+0000] {logging_mixin.py:151} INFO - csv file updated
[2023-10-07T03:09:57.194+0000] {logging_mixin.py:151} INFO - Traveler in 10
[2023-10-07T03:09:57.196+0000] {logging_mixin.py:151} INFO - ['12170', 'AzatTest', 'azattest20211124@gmail.com', 'USA', 'N/A', '2023-10-07']
[2023-10-07T03:09:57.197+0000] {logging_mixin.py:151} INFO - csv file updated
[2023-10-07T03:09:57.199+0000] {logging_mixin.py:151} INFO - Traveler in 10
[2023-10-07T03:09:57.201+0000] {logging_mixin.py:151} INFO - ['12172', 'AzatTest12021Nov24121317', 'azattest12021Nov24121317@gmail.com', 'USA', '2021-11-24', '2023-10-07']
[2023-10-07T03:09:57.202+0000] {logging_mixin.py:151} INFO - csv file updated
[2023-10-07T03:09:57.204+0000] {logging_mixin.py:151} INFO - Traveler in 10
[2023-10-07T03:09:57.206+0000] {logging_mixin.py:151} INFO - ['12173', 'AzatTest22021Nov24121318', 'azattest22021Nov24121318@gmail.com', 'USA', '2021-11-24', '2023-10-07']
[2023-10-07T03:09:57.207+0000] {logging_mixin.py:151} INFO - csv file updated
[2023-10-07T03:09:57.542+0000] {logging_mixin.py:151} INFO - None
[2023-10-07T03:09:57.543+0000] {logging_mixin.py:151} INFO - Status Code: 200
[2023-10-07T03:09:57.545+0000] {logging_mixin.py:151} INFO - Total traveler: 9658
[2023-10-07T03:09:57.546+0000] {logging_mixin.py:151} INFO - Current page: 11 out of 966
[2023-10-07T03:09:57.547+0000] {logging_mixin.py:151} INFO - Traveler in 11
[2023-10-07T03:09:57.548+0000] {logging_mixin.py:151} INFO - ['12175', 'AzatTest42021Nov24121320', 'azattest42021Nov24121320@gmail.com', 'USA', '2021-11-24', '2023-10-07']
[2023-10-07T03:09:57.549+0000] {logging_mixin.py:151} INFO - csv file updated
[2023-10-07T03:09:57.550+0000] {logging_mixin.py:151} INFO - Traveler in 11
[2023-10-07T03:09:57.552+0000] {logging_mixin.py:151} INFO - ['12176', 'AzatTest52021Nov24121321', 'azattest52021Nov24121321@gmail.com', 'USA', '2021-11-24', '2023-10-07']
[2023-10-07T03:09:57.553+0000] {logging_mixin.py:151} INFO - csv file updated
[2023-10-07T03:09:57.554+0000] {logging_mixin.py:151} INFO - Traveler in 11
[2023-10-07T03:09:57.555+0000] {logging_mixin.py:151} INFO - ['12177', 'Qasim', 'qasimm@gmail.com', 'Pakistan', '2021-11-24', '2023-10-07']
[2023-10-07T03:09:57.556+0000] {logging_mixin.py:151} INFO - csv file updated
[2023-10-07T03:09:57.557+0000] {logging_mixin.py:151} INFO - Traveler in 11
[2023-10-07T03:09:57.558+0000] {logging_mixin.py:151} INFO - ['12179', 'Developer', 'Developer11aa50@gmail.com', 'USA', 'N/A', '2023-10-07']
[2023-10-07T03:09:57.559+0000] {logging_mixin.py:151} INFO - csv file updated
[2023-10-07T03:09:57.559+0000] {logging_mixin.py:151} INFO - Traveler in 11
[2023-10-07T03:09:57.560+0000] {logging_mixin.py:151} INFO - ['12180', 'Developer', 'Developer1920@gmail.com', 'USA', 'N/A', '2023-10-07']
[2023-10-07T03:09:57.561+0000] {logging_mixin.py:151} INFO - csv file updated
[2023-10-07T03:09:57.562+0000] {logging_mixin.py:151} INFO - Traveler in 11
[2023-10-07T03:09:57.563+0000] {logging_mixin.py:151} INFO - ['12181', 'Iram Chauhan ', 'iram@gmail.com', 'USA', 'N/A', '2023-10-07']
[2023-10-07T03:09:57.564+0000] {logging_mixin.py:151} INFO - csv file updated
[2023-10-07T03:09:57.566+0000] {logging_mixin.py:151} INFO - Traveler in 11
[2023-10-07T03:09:57.567+0000] {logging_mixin.py:151} INFO - ['12182', 'Hdgskak', 'Hxgdj@majl.ri', 'USA', 'N/A', '2023-10-07']
[2023-10-07T03:09:57.568+0000] {logging_mixin.py:151} INFO - csv file updated
[2023-10-07T03:09:57.569+0000] {logging_mixin.py:151} INFO - Traveler in 11
[2023-10-07T03:09:57.570+0000] {logging_mixin.py:151} INFO - ['12184', 'DeveloperJuanenerererreff', 'Developer5rerererersfsfs@gmail.com', 'USA', 'N/A', '2023-10-07']
[2023-10-07T03:09:57.571+0000] {logging_mixin.py:151} INFO - csv file updated
[2023-10-07T03:09:57.572+0000] {logging_mixin.py:151} INFO - Traveler in 11
[2023-10-07T03:09:57.573+0000] {logging_mixin.py:151} INFO - ['12187', 'ankush', 'Developer1537@gmail.com', 'USA', 'N/A', '2023-10-07']
[2023-10-07T03:09:57.575+0000] {logging_mixin.py:151} INFO - csv file updated
[2023-10-07T03:09:57.576+0000] {logging_mixin.py:151} INFO - Traveler in 11
[2023-10-07T03:09:57.577+0000] {logging_mixin.py:151} INFO - ['12188', 'Developer', 'Developer1179@gmail.com', 'USA', 'N/A', '2023-10-07']
[2023-10-07T03:09:57.578+0000] {logging_mixin.py:151} INFO - csv file updated
[2023-10-07T03:09:57.896+0000] {logging_mixin.py:151} INFO - None
[2023-10-07T03:09:57.898+0000] {logging_mixin.py:151} INFO - Status Code: 200
[2023-10-07T03:09:57.900+0000] {logging_mixin.py:151} INFO - Total traveler: 9658
[2023-10-07T03:09:57.902+0000] {logging_mixin.py:151} INFO - Current page: 12 out of 966
[2023-10-07T03:09:57.903+0000] {logging_mixin.py:151} INFO - Traveler in 12
[2023-10-07T03:09:57.905+0000] {logging_mixin.py:151} INFO - ['12189', 'Developer', 'Developer1016@gmail.com', 'USA', 'N/A', '2023-10-07']
[2023-10-07T03:09:57.907+0000] {logging_mixin.py:151} INFO - csv file updated
[2023-10-07T03:09:57.909+0000] {logging_mixin.py:151} INFO - Traveler in 12
[2023-10-07T03:09:57.911+0000] {logging_mixin.py:151} INFO - ['12190', 'Developer', 'Developer1430@gmail.com', 'USA', 'N/A', '2023-10-07']
[2023-10-07T03:09:57.912+0000] {logging_mixin.py:151} INFO - csv file updated
[2023-10-07T03:09:57.914+0000] {logging_mixin.py:151} INFO - Traveler in 12
[2023-10-07T03:09:57.916+0000] {logging_mixin.py:151} INFO - ['12191', 'Developer', 'Developer1100@gmail.com', 'USA', 'N/A', '2023-10-07']
[2023-10-07T03:09:57.918+0000] {logging_mixin.py:151} INFO - csv file updated
[2023-10-07T03:09:57.919+0000] {logging_mixin.py:151} INFO - Traveler in 12
[2023-10-07T03:09:57.921+0000] {logging_mixin.py:151} INFO - ['12193', 'Developer', 'Developer1114@gmail.com', 'USA', 'N/A', '2023-10-07']
[2023-10-07T03:09:57.923+0000] {logging_mixin.py:151} INFO - csv file updated
[2023-10-07T03:09:57.925+0000] {logging_mixin.py:151} INFO - Traveler in 12
[2023-10-07T03:09:57.926+0000] {logging_mixin.py:151} INFO - ['12194', 'Developer', 'Developer1390@gmail.com', 'USA', 'N/A', '2023-10-07']
[2023-10-07T03:09:57.928+0000] {logging_mixin.py:151} INFO - csv file updated
[2023-10-07T03:09:57.930+0000] {logging_mixin.py:151} INFO - Traveler in 12
[2023-10-07T03:09:57.932+0000] {logging_mixin.py:151} INFO - ['12195', 'Developer', 'Developer1210@gmail.com', 'USA', 'N/A', '2023-10-07']
[2023-10-07T03:09:57.934+0000] {logging_mixin.py:151} INFO - csv file updated
[2023-10-07T03:09:57.935+0000] {logging_mixin.py:151} INFO - Traveler in 12
[2023-10-07T03:09:57.937+0000] {logging_mixin.py:151} INFO - ['12197', 'Developer', 'Developer1735@gmail.com', 'USA', 'N/A', '2023-10-07']
[2023-10-07T03:09:57.939+0000] {logging_mixin.py:151} INFO - csv file updated
[2023-10-07T03:09:57.941+0000] {logging_mixin.py:151} INFO - Traveler in 12
[2023-10-07T03:09:57.942+0000] {logging_mixin.py:151} INFO - ['12198', 'Developer', 'Developer1811@gmail.com', 'USA', 'N/A', '2023-10-07']
[2023-10-07T03:09:57.944+0000] {logging_mixin.py:151} INFO - csv file updated
[2023-10-07T03:09:57.946+0000] {logging_mixin.py:151} INFO - Traveler in 12
[2023-10-07T03:09:57.947+0000] {logging_mixin.py:151} INFO - ['12199', 'Developer', 'Developer1776@gmail.com', 'USA', 'N/A', '2023-10-07']
[2023-10-07T03:09:57.949+0000] {logging_mixin.py:151} INFO - csv file updated
[2023-10-07T03:09:57.951+0000] {logging_mixin.py:151} INFO - Traveler in 12
[2023-10-07T03:09:57.952+0000] {logging_mixin.py:151} INFO - ['12200', 'Developer', 'Developer1779@gmail.com', 'USA', 'N/A', '2023-10-07']
[2023-10-07T03:09:57.954+0000] {logging_mixin.py:151} INFO - csv file updated
[2023-10-07T03:09:58.276+0000] {logging_mixin.py:151} INFO - None
[2023-10-07T03:09:58.278+0000] {logging_mixin.py:151} INFO - Status Code: 200
[2023-10-07T03:09:58.280+0000] {logging_mixin.py:151} INFO - Total traveler: 9658
[2023-10-07T03:09:58.282+0000] {logging_mixin.py:151} INFO - Current page: 13 out of 966
[2023-10-07T03:09:58.284+0000] {logging_mixin.py:151} INFO - Traveler in 13
[2023-10-07T03:09:58.285+0000] {logging_mixin.py:151} INFO - ['12201', 'Developer', 'Developer1730@gmail.com', 'USA', 'N/A', '2023-10-07']
[2023-10-07T03:09:58.287+0000] {logging_mixin.py:151} INFO - csv file updated
[2023-10-07T03:09:58.289+0000] {logging_mixin.py:151} INFO - Traveler in 13
[2023-10-07T03:09:58.290+0000] {logging_mixin.py:151} INFO - ['12202', 'Developer', 'Developer1125@gmail.com', 'USA', 'N/A', '2023-10-07']
[2023-10-07T03:09:58.292+0000] {logging_mixin.py:151} INFO - csv file updated
[2023-10-07T03:09:58.293+0000] {logging_mixin.py:151} INFO - Traveler in 13
[2023-10-07T03:09:58.295+0000] {logging_mixin.py:151} INFO - ['12203', 'Developer', 'Developer1990@gmail.com', 'USA', 'N/A', '2023-10-07']
[2023-10-07T03:09:58.297+0000] {logging_mixin.py:151} INFO - csv file updated
[2023-10-07T03:09:58.298+0000] {logging_mixin.py:151} INFO - Traveler in 13
[2023-10-07T03:09:58.300+0000] {logging_mixin.py:151} INFO - ['12204', 'Developer', 'Developer1250@gmail.com', 'USA', 'N/A', '2023-10-07']
[2023-10-07T03:09:58.302+0000] {logging_mixin.py:151} INFO - csv file updated
[2023-10-07T03:09:58.303+0000] {logging_mixin.py:151} INFO - Traveler in 13
[2023-10-07T03:09:58.305+0000] {logging_mixin.py:151} INFO - ['12205', 'Developer', 'Developer1438@gmail.com', 'USA', 'N/A', '2023-10-07']
[2023-10-07T03:09:58.306+0000] {logging_mixin.py:151} INFO - csv file updated
[2023-10-07T03:09:58.308+0000] {logging_mixin.py:151} INFO - Traveler in 13
[2023-10-07T03:09:58.309+0000] {logging_mixin.py:151} INFO - ['12206', 'Developer', 'Developer1559@gmail.com', 'USA', 'N/A', '2023-10-07']
[2023-10-07T03:09:58.310+0000] {logging_mixin.py:151} INFO - csv file updated
[2023-10-07T03:09:58.312+0000] {logging_mixin.py:151} INFO - Traveler in 13
[2023-10-07T03:09:58.313+0000] {logging_mixin.py:151} INFO - ['12207', 'Developer', 'Developer1871@gmail.com', 'USA', 'N/A', '2023-10-07']
[2023-10-07T03:09:58.315+0000] {logging_mixin.py:151} INFO - csv file updated
[2023-10-07T03:09:58.316+0000] {logging_mixin.py:151} INFO - Traveler in 13
[2023-10-07T03:09:58.317+0000] {logging_mixin.py:151} INFO - ['12209', 'Developer', 'Developer1983@gmail.com', 'USA', 'N/A', '2023-10-07']
[2023-10-07T03:09:58.318+0000] {logging_mixin.py:151} INFO - csv file updated
[2023-10-07T03:09:58.319+0000] {logging_mixin.py:151} INFO - Traveler in 13
[2023-10-07T03:09:58.320+0000] {logging_mixin.py:151} INFO - ['12210', 'Developer', 'Developer1357@gmail.com', 'USA', 'N/A', '2023-10-07']
[2023-10-07T03:09:58.322+0000] {logging_mixin.py:151} INFO - csv file updated
[2023-10-07T03:09:58.323+0000] {logging_mixin.py:151} INFO - Traveler in 13
[2023-10-07T03:09:58.324+0000] {logging_mixin.py:151} INFO - ['12211', 'Developer', 'Developer1692@gmail.com', 'USA', 'N/A', '2023-10-07']
[2023-10-07T03:09:58.325+0000] {logging_mixin.py:151} INFO - csv file updated
[2023-10-07T03:09:58.632+0000] {logging_mixin.py:151} INFO - None
[2023-10-07T03:09:58.633+0000] {logging_mixin.py:151} INFO - Status Code: 200
[2023-10-07T03:09:58.635+0000] {logging_mixin.py:151} INFO - Total traveler: 9658
[2023-10-07T03:09:58.636+0000] {logging_mixin.py:151} INFO - Current page: 14 out of 966
[2023-10-07T03:09:58.637+0000] {logging_mixin.py:151} INFO - Traveler in 14
[2023-10-07T03:09:58.638+0000] {logging_mixin.py:151} INFO - ['12212', 'Developer', 'Developer1564@gmail.com', 'USA', 'N/A', '2023-10-07']
[2023-10-07T03:09:58.640+0000] {logging_mixin.py:151} INFO - csv file updated
[2023-10-07T03:09:58.641+0000] {logging_mixin.py:151} INFO - Traveler in 14
[2023-10-07T03:09:58.642+0000] {logging_mixin.py:151} INFO - ['12213', 'Developer', 'Developer1485@gmail.com', 'USA', 'N/A', '2023-10-07']
[2023-10-07T03:09:58.643+0000] {logging_mixin.py:151} INFO - csv file updated
[2023-10-07T03:09:58.644+0000] {logging_mixin.py:151} INFO - Traveler in 14
[2023-10-07T03:09:58.646+0000] {logging_mixin.py:151} INFO - ['12214', 'Developer', 'Developer1444@gmail.com', 'USA', 'N/A', '2023-10-07']
[2023-10-07T03:09:58.647+0000] {logging_mixin.py:151} INFO - csv file updated
[2023-10-07T03:09:58.649+0000] {logging_mixin.py:151} INFO - Traveler in 14
[2023-10-07T03:09:58.650+0000] {logging_mixin.py:151} INFO - ['12215', 'Developer', 'Developer1660@gmail.com', 'USA', 'N/A', '2023-10-07']
[2023-10-07T03:09:58.651+0000] {logging_mixin.py:151} INFO - csv file updated
[2023-10-07T03:09:58.653+0000] {logging_mixin.py:151} INFO - Traveler in 14
[2023-10-07T03:09:58.654+0000] {logging_mixin.py:151} INFO - ['12216', 'Developer', 'Developer5987@gmail.com', 'USA', 'N/A', '2023-10-07']
[2023-10-07T03:09:58.655+0000] {logging_mixin.py:151} INFO - csv file updated
[2023-10-07T03:09:58.656+0000] {logging_mixin.py:151} INFO - Traveler in 14
[2023-10-07T03:09:58.657+0000] {logging_mixin.py:151} INFO - ['12217', 'Developer', 'Developer1944@gmail.com', 'USA', 'N/A', '2023-10-07']
[2023-10-07T03:09:58.658+0000] {logging_mixin.py:151} INFO - csv file updated
[2023-10-07T03:09:58.660+0000] {logging_mixin.py:151} INFO - Traveler in 14
[2023-10-07T03:09:58.661+0000] {logging_mixin.py:151} INFO - ['12218', 'Developer', 'Developer1317@gmail.com', 'USA', 'N/A', '2023-10-07']
[2023-10-07T03:09:58.662+0000] {logging_mixin.py:151} INFO - csv file updated
[2023-10-07T03:09:58.663+0000] {logging_mixin.py:151} INFO - Traveler in 14
[2023-10-07T03:09:58.665+0000] {logging_mixin.py:151} INFO - ['12220', 'Developer', 'Developer1327@gmail.com', 'USA', 'N/A', '2023-10-07']
[2023-10-07T03:09:58.666+0000] {logging_mixin.py:151} INFO - csv file updated
[2023-10-07T03:09:58.667+0000] {logging_mixin.py:151} INFO - Traveler in 14
[2023-10-07T03:09:58.669+0000] {logging_mixin.py:151} INFO - ['12221', 'Developer', 'Developer1648@gmail.com', 'USA', 'N/A', '2023-10-07']
[2023-10-07T03:09:58.670+0000] {logging_mixin.py:151} INFO - csv file updated
[2023-10-07T03:09:58.671+0000] {logging_mixin.py:151} INFO - Traveler in 14
[2023-10-07T03:09:58.673+0000] {logging_mixin.py:151} INFO - ['12223', 'Developer', 'Developer1536@gmail.com', 'USA', 'N/A', '2023-10-07']
[2023-10-07T03:09:58.674+0000] {logging_mixin.py:151} INFO - csv file updated
[2023-10-07T03:09:59.018+0000] {logging_mixin.py:151} INFO - None
[2023-10-07T03:09:59.020+0000] {logging_mixin.py:151} INFO - Status Code: 200
[2023-10-07T03:09:59.022+0000] {logging_mixin.py:151} INFO - Total traveler: 9658
[2023-10-07T03:09:59.023+0000] {logging_mixin.py:151} INFO - Current page: 15 out of 966
[2023-10-07T03:09:59.025+0000] {logging_mixin.py:151} INFO - Traveler in 15
[2023-10-07T03:09:59.026+0000] {logging_mixin.py:151} INFO - ['12224', 'Developer', 'Developer1602@gmail.com', 'USA', 'N/A', '2023-10-07']
[2023-10-07T03:09:59.027+0000] {logging_mixin.py:151} INFO - csv file updated
[2023-10-07T03:09:59.028+0000] {logging_mixin.py:151} INFO - Traveler in 15
[2023-10-07T03:09:59.030+0000] {logging_mixin.py:151} INFO - ['12225', 'Developer', 'Developer1591@gmail.com', 'USA', 'N/A', '2023-10-07']
[2023-10-07T03:09:59.031+0000] {logging_mixin.py:151} INFO - csv file updated
[2023-10-07T03:09:59.033+0000] {logging_mixin.py:151} INFO - Traveler in 15
[2023-10-07T03:09:59.034+0000] {logging_mixin.py:151} INFO - ['12226', 'Developer', 'Developer1461@gmail.com', 'USA', 'N/A', '2023-10-07']
[2023-10-07T03:09:59.035+0000] {logging_mixin.py:151} INFO - csv file updated
[2023-10-07T03:09:59.037+0000] {logging_mixin.py:151} INFO - Traveler in 15
[2023-10-07T03:09:59.038+0000] {logging_mixin.py:151} INFO - ['12227', 'Developer', 'Developer1103@gmail.com', 'USA', 'N/A', '2023-10-07']
[2023-10-07T03:09:59.039+0000] {logging_mixin.py:151} INFO - csv file updated
[2023-10-07T03:09:59.040+0000] {logging_mixin.py:151} INFO - Traveler in 15
[2023-10-07T03:09:59.041+0000] {logging_mixin.py:151} INFO - ['12229', 'Developer', 'Developer1409@gmail.com', 'USA', 'N/A', '2023-10-07']
[2023-10-07T03:09:59.042+0000] {logging_mixin.py:151} INFO - csv file updated
[2023-10-07T03:09:59.043+0000] {logging_mixin.py:151} INFO - Traveler in 15
[2023-10-07T03:09:59.044+0000] {logging_mixin.py:151} INFO - ['12230', 'Developer', 'Developer1447@gmail.com', 'USA', 'N/A', '2023-10-07']
[2023-10-07T03:09:59.045+0000] {logging_mixin.py:151} INFO - csv file updated
[2023-10-07T03:09:59.046+0000] {logging_mixin.py:151} INFO - Traveler in 15
[2023-10-07T03:09:59.047+0000] {logging_mixin.py:151} INFO - ['12231', 'Developer', 'Developer1879@gmail.com', 'USA', 'N/A', '2023-10-07']
[2023-10-07T03:09:59.048+0000] {logging_mixin.py:151} INFO - csv file updated
[2023-10-07T03:09:59.049+0000] {logging_mixin.py:151} INFO - Traveler in 15
[2023-10-07T03:09:59.050+0000] {logging_mixin.py:151} INFO - ['12232', 'Developer', 'Developer1224@gmail.com', 'USA', 'N/A', '2023-10-07']
[2023-10-07T03:09:59.052+0000] {logging_mixin.py:151} INFO - csv file updated
[2023-10-07T03:09:59.053+0000] {logging_mixin.py:151} INFO - Traveler in 15
[2023-10-07T03:09:59.054+0000] {logging_mixin.py:151} INFO - ['12233', 'Chandan', 'asd@gmail.com', 'USA', 'N/A', '2023-10-07']
[2023-10-07T03:09:59.056+0000] {logging_mixin.py:151} INFO - csv file updated
[2023-10-07T03:09:59.057+0000] {logging_mixin.py:151} INFO - Traveler in 15
[2023-10-07T03:09:59.058+0000] {logging_mixin.py:151} INFO - ['12234', 'Developer', 'Developer1957@gmail.com', 'USA', 'N/A', '2023-10-07']
[2023-10-07T03:09:59.060+0000] {logging_mixin.py:151} INFO - csv file updated
[2023-10-07T03:09:59.363+0000] {logging_mixin.py:151} INFO - None
[2023-10-07T03:09:59.364+0000] {logging_mixin.py:151} INFO - Status Code: 200
[2023-10-07T03:09:59.366+0000] {logging_mixin.py:151} INFO - Total traveler: 9658
[2023-10-07T03:09:59.367+0000] {logging_mixin.py:151} INFO - Current page: 16 out of 966
[2023-10-07T03:09:59.368+0000] {logging_mixin.py:151} INFO - Traveler in 16
[2023-10-07T03:09:59.369+0000] {logging_mixin.py:151} INFO - ['12235', 'Developer', 'Developer1866@gmail.com', 'USA', 'N/A', '2023-10-07']
[2023-10-07T03:09:59.370+0000] {logging_mixin.py:151} INFO - csv file updated
[2023-10-07T03:09:59.371+0000] {logging_mixin.py:151} INFO - Traveler in 16
[2023-10-07T03:09:59.372+0000] {logging_mixin.py:151} INFO - ['12236', 'testuser', 'test@gmail.com', 'USA', 'N/A', '2023-10-07']
[2023-10-07T03:09:59.373+0000] {logging_mixin.py:151} INFO - csv file updated
[2023-10-07T03:09:59.375+0000] {logging_mixin.py:151} INFO - Traveler in 16
[2023-10-07T03:09:59.375+0000] {logging_mixin.py:151} INFO - ['12237', 'Tester', 'Tester@gmail.com', 'USA', 'N/A', '2023-10-07']
[2023-10-07T03:09:59.376+0000] {logging_mixin.py:151} INFO - csv file updated
[2023-10-07T03:09:59.378+0000] {logging_mixin.py:151} INFO - Traveler in 16
[2023-10-07T03:09:59.379+0000] {logging_mixin.py:151} INFO - ['12238', 'QAChange Test', 'QAtest@gmail.com', 'USA', 'N/A', '2023-10-07']
[2023-10-07T03:09:59.380+0000] {logging_mixin.py:151} INFO - csv file updated
[2023-10-07T03:09:59.381+0000] {logging_mixin.py:151} INFO - Traveler in 16
[2023-10-07T03:09:59.382+0000] {logging_mixin.py:151} INFO - ['12239', 'cg', 'cg@gmail.com', 'USA', 'N/A', '2023-10-07']
[2023-10-07T03:09:59.383+0000] {logging_mixin.py:151} INFO - csv file updated
[2023-10-07T03:09:59.384+0000] {logging_mixin.py:151} INFO - Traveler in 16
[2023-10-07T03:09:59.385+0000] {logging_mixin.py:151} INFO - ['12240', 'Suraj Kumar', 'suraj.kumar@gmail.com', 'USA', '2021-11-26', '2023-10-07']
[2023-10-07T03:09:59.387+0000] {logging_mixin.py:151} INFO - csv file updated
[2023-10-07T03:09:59.388+0000] {logging_mixin.py:151} INFO - Traveler in 16
[2023-10-07T03:09:59.389+0000] {logging_mixin.py:151} INFO - ['12241', 'Pankhuri', 'pan@abc.com', 'USA', 'N/A', '2023-10-07']
[2023-10-07T03:09:59.390+0000] {logging_mixin.py:151} INFO - csv file updated
[2023-10-07T03:09:59.392+0000] {logging_mixin.py:151} INFO - Traveler in 16
[2023-10-07T03:09:59.392+0000] {logging_mixin.py:151} INFO - ['12242', 'Developer', 'Developer89@gmail.com', 'USA', 'N/A', '2023-10-07']
[2023-10-07T03:09:59.394+0000] {logging_mixin.py:151} INFO - csv file updated
[2023-10-07T03:09:59.395+0000] {logging_mixin.py:151} INFO - Traveler in 16
[2023-10-07T03:09:59.396+0000] {logging_mixin.py:151} INFO - ['12243', 'Teacher', 'teacher@school.ch', 'USA', 'N/A', '2023-10-07']
[2023-10-07T03:09:59.397+0000] {logging_mixin.py:151} INFO - csv file updated
[2023-10-07T03:09:59.398+0000] {logging_mixin.py:151} INFO - Traveler in 16
[2023-10-07T03:09:59.400+0000] {logging_mixin.py:151} INFO - ['12244', 'Jacon', 'Jacob@mail.ru', 'USA', 'N/A', '2023-10-07']
[2023-10-07T03:09:59.401+0000] {logging_mixin.py:151} INFO - csv file updated
[2023-10-07T03:09:59.705+0000] {logging_mixin.py:151} INFO - None
[2023-10-07T03:09:59.707+0000] {logging_mixin.py:151} INFO - Status Code: 200
[2023-10-07T03:09:59.709+0000] {logging_mixin.py:151} INFO - Total traveler: 9658
[2023-10-07T03:09:59.710+0000] {logging_mixin.py:151} INFO - Current page: 17 out of 966
[2023-10-07T03:09:59.712+0000] {logging_mixin.py:151} INFO - Traveler in 17
[2023-10-07T03:09:59.713+0000] {logging_mixin.py:151} INFO - ['12245', 'test', 'test@yopmail.com', 'USA', 'N/A', '2023-10-07']
[2023-10-07T03:09:59.715+0000] {logging_mixin.py:151} INFO - csv file updated
[2023-10-07T03:09:59.717+0000] {logging_mixin.py:151} INFO - Traveler in 17
[2023-10-07T03:09:59.718+0000] {logging_mixin.py:151} INFO - ['12246', 'Abhi', 'Abhi@gmail.com', 'USA', 'N/A', '2023-10-07']
[2023-10-07T03:09:59.720+0000] {logging_mixin.py:151} INFO - csv file updated
[2023-10-07T03:09:59.722+0000] {logging_mixin.py:151} INFO - Traveler in 17
[2023-10-07T03:09:59.723+0000] {logging_mixin.py:151} INFO - ['12247', 'Lenard', 'jlozande@gmail.com', 'USA', 'N/A', '2023-10-07']
[2023-10-07T03:09:59.725+0000] {logging_mixin.py:151} INFO - csv file updated
[2023-10-07T03:09:59.726+0000] {logging_mixin.py:151} INFO - Traveler in 17
[2023-10-07T03:09:59.728+0000] {logging_mixin.py:151} INFO - ['12248', 'Powder', 'powder@gmail.com', 'Zaun', '2021-11-29', '2023-10-07']
[2023-10-07T03:09:59.729+0000] {logging_mixin.py:151} INFO - csv file updated
[2023-10-07T03:09:59.730+0000] {logging_mixin.py:151} INFO - Traveler in 17
[2023-10-07T03:09:59.732+0000] {logging_mixin.py:151} INFO - ['12249', 'Developer', 'Developer7777@gmail.com', 'USA', 'N/A', '2023-10-07']
[2023-10-07T03:09:59.733+0000] {logging_mixin.py:151} INFO - csv file updated
[2023-10-07T03:09:59.735+0000] {logging_mixin.py:151} INFO - Traveler in 17
[2023-10-07T03:09:59.736+0000] {logging_mixin.py:151} INFO - ['12250', 'Developer', 'Developer7177@gmail.com', 'USA', 'N/A', '2023-10-07']
[2023-10-07T03:09:59.737+0000] {logging_mixin.py:151} INFO - csv file updated
[2023-10-07T03:09:59.739+0000] {logging_mixin.py:151} INFO - Traveler in 17
[2023-10-07T03:09:59.740+0000] {logging_mixin.py:151} INFO - ['12251', 'Developer', 'Developer7907@gmail.com', 'USA', 'N/A', '2023-10-07']
[2023-10-07T03:09:59.741+0000] {logging_mixin.py:151} INFO - csv file updated
[2023-10-07T03:09:59.742+0000] {logging_mixin.py:151} INFO - Traveler in 17
[2023-10-07T03:09:59.743+0000] {logging_mixin.py:151} INFO - ['12252', 'Developer', 'Developer8717@gmail.com', 'USA', 'N/A', '2023-10-07']
[2023-10-07T03:09:59.745+0000] {logging_mixin.py:151} INFO - csv file updated
[2023-10-07T03:09:59.746+0000] {logging_mixin.py:151} INFO - Traveler in 17
[2023-10-07T03:09:59.747+0000] {logging_mixin.py:151} INFO - ['12253', 'Developer', 'Developer8197@gmail.com', 'USA', 'N/A', '2023-10-07']
[2023-10-07T03:09:59.748+0000] {logging_mixin.py:151} INFO - csv file updated
[2023-10-07T03:09:59.750+0000] {logging_mixin.py:151} INFO - Traveler in 17
[2023-10-07T03:09:59.751+0000] {logging_mixin.py:151} INFO - ['12254', 'Developer', 'ra293574@gmail.com', 'USA', 'N/A', '2023-10-07']
[2023-10-07T03:09:59.752+0000] {logging_mixin.py:151} INFO - csv file updated
[2023-10-07T03:10:00.065+0000] {logging_mixin.py:151} INFO - None
[2023-10-07T03:10:00.067+0000] {logging_mixin.py:151} INFO - Status Code: 200
[2023-10-07T03:10:00.069+0000] {logging_mixin.py:151} INFO - Total traveler: 9658
[2023-10-07T03:10:00.071+0000] {logging_mixin.py:151} INFO - Current page: 18 out of 966
[2023-10-07T03:10:00.072+0000] {logging_mixin.py:151} INFO - Traveler in 18
[2023-10-07T03:10:00.073+0000] {logging_mixin.py:151} INFO - ['12255', 'Demo', 'Developer1478@gmail.com', 'USAa', 'N/A', '2023-10-07']
[2023-10-07T03:10:00.074+0000] {logging_mixin.py:151} INFO - csv file updated
[2023-10-07T03:10:00.075+0000] {logging_mixin.py:151} INFO - Traveler in 18
[2023-10-07T03:10:00.076+0000] {logging_mixin.py:151} INFO - ['12256', 'Dev', 'Developer1476@gmail.com', 'USA', 'N/A', '2023-10-07']
[2023-10-07T03:10:00.077+0000] {logging_mixin.py:151} INFO - csv file updated
[2023-10-07T03:10:00.078+0000] {logging_mixin.py:151} INFO - Traveler in 18
[2023-10-07T03:10:00.080+0000] {logging_mixin.py:151} INFO - ['12257', 'traveler change name', 'traveler1476@gmail.com', 'USA', '2021-11-29', '2023-10-07']
[2023-10-07T03:10:00.081+0000] {logging_mixin.py:151} INFO - csv file updated
[2023-10-07T03:10:00.082+0000] {logging_mixin.py:151} INFO - Traveler in 18
[2023-10-07T03:10:00.083+0000] {logging_mixin.py:151} INFO - ['12258', 'traveler change name', 'traveler1478@gmail.com', 'USA', '2021-11-29', '2023-10-07']
[2023-10-07T03:10:00.084+0000] {logging_mixin.py:151} INFO - csv file updated
[2023-10-07T03:10:00.086+0000] {logging_mixin.py:151} INFO - Traveler in 18
[2023-10-07T03:10:00.087+0000] {logging_mixin.py:151} INFO - ['12259', 'Developer', 'Developer1479@gmail.com', 'USA', 'N/A', '2023-10-07']
[2023-10-07T03:10:00.089+0000] {logging_mixin.py:151} INFO - csv file updated
[2023-10-07T03:10:00.090+0000] {logging_mixin.py:151} INFO - Traveler in 18
[2023-10-07T03:10:00.091+0000] {logging_mixin.py:151} INFO - ['12260', 'traveler change name', 'traveler1479@gmail.com', 'USA', '2021-11-29', '2023-10-07']
[2023-10-07T03:10:00.093+0000] {logging_mixin.py:151} INFO - csv file updated
[2023-10-07T03:10:00.094+0000] {logging_mixin.py:151} INFO - Traveler in 18
[2023-10-07T03:10:00.096+0000] {logging_mixin.py:151} INFO - ['12261', 'Qasim', 'qasiim@gmail.com', 'USA', 'N/A', '2023-10-07']
[2023-10-07T03:10:00.097+0000] {logging_mixin.py:151} INFO - csv file updated
[2023-10-07T03:10:00.098+0000] {logging_mixin.py:151} INFO - Traveler in 18
[2023-10-07T03:10:00.100+0000] {logging_mixin.py:151} INFO - ['12262', 'Analysts', 'Analyst996@gmail.com', 'USA', 'N/A', '2023-10-07']
[2023-10-07T03:10:00.101+0000] {logging_mixin.py:151} INFO - csv file updated
[2023-10-07T03:10:00.102+0000] {logging_mixin.py:151} INFO - Traveler in 18
[2023-10-07T03:10:00.103+0000] {logging_mixin.py:151} INFO - ['12263', 'Rajendra Kumar Nayak', 'Rajnayak99@csharp.com', 'INDIA', '2021-11-29', '2023-10-07']
[2023-10-07T03:10:00.105+0000] {logging_mixin.py:151} INFO - csv file updated
[2023-10-07T03:10:00.106+0000] {logging_mixin.py:151} INFO - Traveler in 18
[2023-10-07T03:10:00.107+0000] {logging_mixin.py:151} INFO - ['12264', 'Koel Mallick', 'KLmallick99@csharp.com', 'KOLKATTA', '2021-11-29', '2023-10-07']
[2023-10-07T03:10:00.108+0000] {logging_mixin.py:151} INFO - csv file updated
[2023-10-07T03:10:00.402+0000] {logging_mixin.py:151} INFO - None
[2023-10-07T03:10:00.404+0000] {logging_mixin.py:151} INFO - Status Code: 200
[2023-10-07T03:10:00.406+0000] {logging_mixin.py:151} INFO - Total traveler: 9658
[2023-10-07T03:10:00.407+0000] {logging_mixin.py:151} INFO - Current page: 19 out of 966
[2023-10-07T03:10:00.408+0000] {logging_mixin.py:151} INFO - Traveler in 19
[2023-10-07T03:10:00.409+0000] {logging_mixin.py:151} INFO - ['12265', 'Mrinal Thakur', 'Mrinthakur99@csharp.com', 'DELHI', '2021-11-29', '2023-10-07']
[2023-10-07T03:10:00.410+0000] {logging_mixin.py:151} INFO - csv file updated
[2023-10-07T03:10:00.411+0000] {logging_mixin.py:151} INFO - Traveler in 19
[2023-10-07T03:10:00.412+0000] {logging_mixin.py:151} INFO - ['12266', 'RajKumar Sanyal', 'Sanyal96@csharp.com', 'Kolkatta', '2021-11-29', '2023-10-07']
[2023-10-07T03:10:00.413+0000] {logging_mixin.py:151} INFO - csv file updated
[2023-10-07T03:10:00.414+0000] {logging_mixin.py:151} INFO - Traveler in 19
[2023-10-07T03:10:00.415+0000] {logging_mixin.py:151} INFO - ['12267', 'Developer', 'Developer${Rand}@gmail.com', 'USA', 'N/A', '2023-10-07']
[2023-10-07T03:10:00.417+0000] {logging_mixin.py:151} INFO - csv file updated
[2023-10-07T03:10:00.418+0000] {logging_mixin.py:151} INFO - Traveler in 19
[2023-10-07T03:10:00.419+0000] {logging_mixin.py:151} INFO - ['12268', 'Developer', 'Developer1617@gmail.com', 'USA', 'N/A', '2023-10-07']
[2023-10-07T03:10:00.421+0000] {logging_mixin.py:151} INFO - csv file updated
[2023-10-07T03:10:00.421+0000] {logging_mixin.py:151} INFO - Traveler in 19
[2023-10-07T03:10:00.422+0000] {logging_mixin.py:151} INFO - ['12269', 'Developer', 'Developer1963@gmail.com', 'USA', 'N/A', '2023-10-07']
[2023-10-07T03:10:00.423+0000] {logging_mixin.py:151} INFO - csv file updated
[2023-10-07T03:10:00.425+0000] {logging_mixin.py:151} INFO - Traveler in 19
[2023-10-07T03:10:00.426+0000] {logging_mixin.py:151} INFO - ['12270', 'Release Management', 'RM98@gmail.com', 'USA', 'N/A', '2023-10-07']
[2023-10-07T03:10:00.427+0000] {logging_mixin.py:151} INFO - csv file updated
[2023-10-07T03:10:00.428+0000] {logging_mixin.py:151} INFO - Traveler in 19
[2023-10-07T03:10:00.429+0000] {logging_mixin.py:151} INFO - ['12271', '"Developer",', '"Developer5@gmail.com",', 'USA', 'N/A', '2023-10-07']
[2023-10-07T03:10:00.431+0000] {logging_mixin.py:151} INFO - csv file updated
[2023-10-07T03:10:00.432+0000] {logging_mixin.py:151} INFO - Traveler in 19
[2023-10-07T03:10:00.434+0000] {logging_mixin.py:151} INFO - ['12272', '"Adnan Haider"', 'adnan.haider@gmail.com', 'USA', 'N/A', '2023-10-07']
[2023-10-07T03:10:00.435+0000] {logging_mixin.py:151} INFO - csv file updated
[2023-10-07T03:10:00.436+0000] {logging_mixin.py:151} INFO - Traveler in 19
[2023-10-07T03:10:00.437+0000] {logging_mixin.py:151} INFO - ['12273', ' "adnan"', ' "ch.usama@gmail.com"', 'wapda town lahore', '2021-11-29', '2023-10-07']
[2023-10-07T03:10:00.439+0000] {logging_mixin.py:151} INFO - csv file updated
[2023-10-07T03:10:00.439+0000] {logging_mixin.py:151} INFO - Traveler in 19
[2023-10-07T03:10:00.441+0000] {logging_mixin.py:151} INFO - ['12274', 'Developer', 'saravanakumar51296@gmail.com', 'USA', 'N/A', '2023-10-07']
[2023-10-07T03:10:00.442+0000] {logging_mixin.py:151} INFO - csv file updated
[2023-10-07T03:10:00.747+0000] {logging_mixin.py:151} INFO - None
[2023-10-07T03:10:00.749+0000] {logging_mixin.py:151} INFO - Status Code: 200
[2023-10-07T03:10:00.750+0000] {logging_mixin.py:151} INFO - Total traveler: 9658
[2023-10-07T03:10:00.752+0000] {logging_mixin.py:151} INFO - Current page: 20 out of 966
[2023-10-07T03:10:00.753+0000] {logging_mixin.py:151} INFO - Traveler in 20
[2023-10-07T03:10:00.754+0000] {logging_mixin.py:151} INFO - ['12275', 'Chandan', 'adb@gmial.com', 'USA', 'N/A', '2023-10-07']
[2023-10-07T03:10:00.755+0000] {logging_mixin.py:151} INFO - csv file updated
[2023-10-07T03:10:00.756+0000] {logging_mixin.py:151} INFO - Traveler in 20
[2023-10-07T03:10:00.758+0000] {logging_mixin.py:151} INFO - ['12276', 'Anandhi', 'anandhi@gmail.com', 'USA', 'N/A', '2023-10-07']
[2023-10-07T03:10:00.759+0000] {logging_mixin.py:151} INFO - csv file updated
[2023-10-07T03:10:00.760+0000] {logging_mixin.py:151} INFO - Traveler in 20
[2023-10-07T03:10:00.761+0000] {logging_mixin.py:151} INFO - ['12277', 'Developer', 'raushan@gmail.com', 'USA', 'N/A', '2023-10-07']
[2023-10-07T03:10:00.763+0000] {logging_mixin.py:151} INFO - csv file updated
[2023-10-07T03:10:00.764+0000] {logging_mixin.py:151} INFO - Traveler in 20
[2023-10-07T03:10:00.765+0000] {logging_mixin.py:151} INFO - ['12278', 'Developer', 'mohan@gmail.com', 'USA', 'N/A', '2023-10-07']
[2023-10-07T03:10:00.766+0000] {logging_mixin.py:151} INFO - csv file updated
[2023-10-07T03:10:00.767+0000] {logging_mixin.py:151} INFO - Traveler in 20
[2023-10-07T03:10:00.768+0000] {logging_mixin.py:151} INFO - ['12279', 'Developer', 'test1@gmail.com', 'USA', 'N/A', '2023-10-07']
[2023-10-07T03:10:00.770+0000] {logging_mixin.py:151} INFO - csv file updated
[2023-10-07T03:10:00.771+0000] {logging_mixin.py:151} INFO - Traveler in 20
[2023-10-07T03:10:00.772+0000] {logging_mixin.py:151} INFO - ['12280', 'Name', 'artesdi.fhm@gmail.com', 'USA', 'N/A', '2023-10-07']
[2023-10-07T03:10:00.773+0000] {logging_mixin.py:151} INFO - csv file updated
[2023-10-07T03:10:00.774+0000] {logging_mixin.py:151} INFO - Traveler in 20
[2023-10-07T03:10:00.775+0000] {logging_mixin.py:151} INFO - ['12281', 'Name', 'artem.asijdo@gmail.com', 'USA', 'N/A', '2023-10-07']
[2023-10-07T03:10:00.776+0000] {logging_mixin.py:151} INFO - csv file updated
[2023-10-07T03:10:00.777+0000] {logging_mixin.py:151} INFO - Traveler in 20
[2023-10-07T03:10:00.778+0000] {logging_mixin.py:151} INFO - ['12282', 'ae', 'ae@gmail.com', 'USA', 'N/A', '2023-10-07']
[2023-10-07T03:10:00.779+0000] {logging_mixin.py:151} INFO - csv file updated
[2023-10-07T03:10:00.780+0000] {logging_mixin.py:151} INFO - Traveler in 20
[2023-10-07T03:10:00.781+0000] {logging_mixin.py:151} INFO - ['12283', 'Name', 'njnnjjnnjnj@gmail.com', 'USA', 'N/A', '2023-10-07']
[2023-10-07T03:10:00.782+0000] {logging_mixin.py:151} INFO - csv file updated
[2023-10-07T03:10:00.783+0000] {logging_mixin.py:151} INFO - Traveler in 20
[2023-10-07T03:10:00.784+0000] {logging_mixin.py:151} INFO - ['12284', 'alex', 'alex@gmail.com', 'USA', 'N/A', '2023-10-07']
[2023-10-07T03:10:00.785+0000] {logging_mixin.py:151} INFO - csv file updated
[2023-10-07T03:10:01.102+0000] {logging_mixin.py:151} INFO - None
[2023-10-07T03:10:01.104+0000] {logging_mixin.py:151} INFO - Status Code: 200
[2023-10-07T03:10:01.105+0000] {logging_mixin.py:151} INFO - Total traveler: 9658
[2023-10-07T03:10:01.107+0000] {logging_mixin.py:151} INFO - Current page: 21 out of 966
[2023-10-07T03:10:01.108+0000] {logging_mixin.py:151} INFO - Traveler in 21
[2023-10-07T03:10:01.110+0000] {logging_mixin.py:151} INFO - ['12285', 'murugan', 'murugan1@gmail.com', 'USA', 'N/A', '2023-10-07']
[2023-10-07T03:10:01.112+0000] {logging_mixin.py:151} INFO - csv file updated
[2023-10-07T03:10:01.113+0000] {logging_mixin.py:151} INFO - Traveler in 21
[2023-10-07T03:10:01.115+0000] {logging_mixin.py:151} INFO - ['12286', 'test', 'alex1@gmail.com', 'USA', 'N/A', '2023-10-07']
[2023-10-07T03:10:01.116+0000] {logging_mixin.py:151} INFO - csv file updated
[2023-10-07T03:10:01.117+0000] {logging_mixin.py:151} INFO - Traveler in 21
[2023-10-07T03:10:01.119+0000] {logging_mixin.py:151} INFO - ['12287', 'test', 'test2@gmail.com', 'USA', 'N/A', '2023-10-07']
[2023-10-07T03:10:01.120+0000] {logging_mixin.py:151} INFO - csv file updated
[2023-10-07T03:10:01.121+0000] {logging_mixin.py:151} INFO - Traveler in 21
[2023-10-07T03:10:01.122+0000] {logging_mixin.py:151} INFO - ['12288', 'test', 'test3@gmail.com', 'USA', 'N/A', '2023-10-07']
[2023-10-07T03:10:01.123+0000] {logging_mixin.py:151} INFO - csv file updated
[2023-10-07T03:10:01.124+0000] {logging_mixin.py:151} INFO - Traveler in 21
[2023-10-07T03:10:01.124+0000] {logging_mixin.py:151} INFO - ['12289', 'Developer', 'testnew311121@illuminator.com', 'USA', 'N/A', '2023-10-07']
[2023-10-07T03:10:01.125+0000] {logging_mixin.py:151} INFO - csv file updated
[2023-10-07T03:10:01.127+0000] {logging_mixin.py:151} INFO - Traveler in 21
[2023-10-07T03:10:01.128+0000] {logging_mixin.py:151} INFO - ['12290', 'Tester', 'testnew311121_1@illuminator.com', 'USA', 'N/A', '2023-10-07']
[2023-10-07T03:10:01.129+0000] {logging_mixin.py:151} INFO - csv file updated
[2023-10-07T03:10:01.130+0000] {logging_mixin.py:151} INFO - Traveler in 21
[2023-10-07T03:10:01.132+0000] {logging_mixin.py:151} INFO - ['12291', 'Kayengxiong TONGSUATONG', 'kayengxiong@gmail.com', 'USA', 'N/A', '2023-10-07']
[2023-10-07T03:10:01.133+0000] {logging_mixin.py:151} INFO - csv file updated
[2023-10-07T03:10:01.134+0000] {logging_mixin.py:151} INFO - Traveler in 21
[2023-10-07T03:10:01.135+0000] {logging_mixin.py:151} INFO - ['12292', 'Developer', 'DeveloperOh@gmail.com', 'USA', 'N/A', '2023-10-07']
[2023-10-07T03:10:01.136+0000] {logging_mixin.py:151} INFO - csv file updated
[2023-10-07T03:10:01.137+0000] {logging_mixin.py:151} INFO - Traveler in 21
[2023-10-07T03:10:01.139+0000] {logging_mixin.py:151} INFO - ['12293', 'balaji', 'balaji@gmail.com', 'USA', 'N/A', '2023-10-07']
[2023-10-07T03:10:01.140+0000] {logging_mixin.py:151} INFO - csv file updated
[2023-10-07T03:10:01.141+0000] {logging_mixin.py:151} INFO - Traveler in 21
[2023-10-07T03:10:01.142+0000] {logging_mixin.py:151} INFO - ['12294', 'balaji', 'balaji@gmail.com', 'USA', 'N/A', '2023-10-07']
[2023-10-07T03:10:01.143+0000] {logging_mixin.py:151} INFO - csv file updated
[2023-10-07T03:10:01.450+0000] {logging_mixin.py:151} INFO - None
[2023-10-07T03:10:01.452+0000] {logging_mixin.py:151} INFO - Status Code: 200
[2023-10-07T03:10:01.454+0000] {logging_mixin.py:151} INFO - Total traveler: 9658
[2023-10-07T03:10:01.456+0000] {logging_mixin.py:151} INFO - Current page: 22 out of 966
[2023-10-07T03:10:01.458+0000] {logging_mixin.py:151} INFO - Traveler in 22
[2023-10-07T03:10:01.460+0000] {logging_mixin.py:151} INFO - ['12295', 'balaji', 'balaji@gmail.com', 'USA', 'N/A', '2023-10-07']
[2023-10-07T03:10:01.462+0000] {logging_mixin.py:151} INFO - csv file updated
[2023-10-07T03:10:01.463+0000] {logging_mixin.py:151} INFO - Traveler in 22
[2023-10-07T03:10:01.465+0000] {logging_mixin.py:151} INFO - ['12296', 'Developer123', 'Developer123@gmail.com', 'USA', 'N/A', '2023-10-07']
[2023-10-07T03:10:01.466+0000] {logging_mixin.py:151} INFO - csv file updated
[2023-10-07T03:10:01.468+0000] {logging_mixin.py:151} INFO - Traveler in 22
[2023-10-07T03:10:01.469+0000] {logging_mixin.py:151} INFO - ['12297', 'asdf', 'sdf@sdf.com', 'USA', 'N/A', '2023-10-07']
[2023-10-07T03:10:01.470+0000] {logging_mixin.py:151} INFO - csv file updated
[2023-10-07T03:10:01.471+0000] {logging_mixin.py:151} INFO - Traveler in 22
[2023-10-07T03:10:01.473+0000] {logging_mixin.py:151} INFO - ['12298', 'saro', 'saro@test.com', 'USA', 'N/A', '2023-10-07']
[2023-10-07T03:10:01.474+0000] {logging_mixin.py:151} INFO - csv file updated
[2023-10-07T03:10:01.476+0000] {logging_mixin.py:151} INFO - Traveler in 22
[2023-10-07T03:10:01.477+0000] {logging_mixin.py:151} INFO - ['12299', 'saravanan', 'saro1@test.com', 'USA', 'N/A', '2023-10-07']
[2023-10-07T03:10:01.478+0000] {logging_mixin.py:151} INFO - csv file updated
[2023-10-07T03:10:01.479+0000] {logging_mixin.py:151} INFO - Traveler in 22
[2023-10-07T03:10:01.480+0000] {logging_mixin.py:151} INFO - ['12300', 'vijay', 'vijay@test.com', 'USA', 'N/A', '2023-10-07']
[2023-10-07T03:10:01.481+0000] {logging_mixin.py:151} INFO - csv file updated
[2023-10-07T03:10:01.483+0000] {logging_mixin.py:151} INFO - Traveler in 22
[2023-10-07T03:10:01.484+0000] {logging_mixin.py:151} INFO - ['12301', 'Developer', 'test6@gmail.com', 'USA', 'N/A', '2023-10-07']
[2023-10-07T03:10:01.485+0000] {logging_mixin.py:151} INFO - csv file updated
[2023-10-07T03:10:01.486+0000] {logging_mixin.py:151} INFO - Traveler in 22
[2023-10-07T03:10:01.488+0000] {logging_mixin.py:151} INFO - ['12302', 'praveen', 'praveen@123.com', 'USA', 'N/A', '2023-10-07']
[2023-10-07T03:10:01.489+0000] {logging_mixin.py:151} INFO - csv file updated
[2023-10-07T03:10:01.490+0000] {logging_mixin.py:151} INFO - Traveler in 22
[2023-10-07T03:10:01.491+0000] {logging_mixin.py:151} INFO - ['12303', 'Praveen', 'Praveen@gmail.com', 'USA', 'N/A', '2023-10-07']
[2023-10-07T03:10:01.493+0000] {logging_mixin.py:151} INFO - csv file updated
[2023-10-07T03:10:01.494+0000] {logging_mixin.py:151} INFO - Traveler in 22
[2023-10-07T03:10:01.496+0000] {logging_mixin.py:151} INFO - ['12304', 'pravee', 'praveen@email.com', 'USA', 'N/A', '2023-10-07']
[2023-10-07T03:10:01.497+0000] {logging_mixin.py:151} INFO - csv file updated
[2023-10-07T03:10:01.899+0000] {logging_mixin.py:151} INFO - None
[2023-10-07T03:10:01.900+0000] {logging_mixin.py:151} INFO - Status Code: 200
[2023-10-07T03:10:01.901+0000] {logging_mixin.py:151} INFO - Total traveler: 9658
[2023-10-07T03:10:01.902+0000] {logging_mixin.py:151} INFO - Current page: 23 out of 966
[2023-10-07T03:10:01.903+0000] {logging_mixin.py:151} INFO - Traveler in 23
[2023-10-07T03:10:01.904+0000] {logging_mixin.py:151} INFO - ['12305', 'sjsjkss', 'wuwiei@gmail.com', 'USA', 'N/A', '2023-10-07']
[2023-10-07T03:10:01.906+0000] {logging_mixin.py:151} INFO - csv file updated
[2023-10-07T03:10:01.907+0000] {logging_mixin.py:151} INFO - Traveler in 23
[2023-10-07T03:10:01.908+0000] {logging_mixin.py:151} INFO - ['12306', 'praveen12', 'praveen@mail.com', 'USA', 'N/A', '2023-10-07']
[2023-10-07T03:10:01.909+0000] {logging_mixin.py:151} INFO - csv file updated
[2023-10-07T03:10:01.910+0000] {logging_mixin.py:151} INFO - Traveler in 23
[2023-10-07T03:10:01.912+0000] {logging_mixin.py:151} INFO - ['12307', 'praveen12345', 'praveen@12mail.com', 'USA', 'N/A', '2023-10-07']
[2023-10-07T03:10:01.913+0000] {logging_mixin.py:151} INFO - csv file updated
[2023-10-07T03:10:01.915+0000] {logging_mixin.py:151} INFO - Traveler in 23
[2023-10-07T03:10:01.916+0000] {logging_mixin.py:151} INFO - ['12308', 'Developer', 'Developerr@gmail.com', 'USA', 'N/A', '2023-10-07']
[2023-10-07T03:10:01.918+0000] {logging_mixin.py:151} INFO - csv file updated
[2023-10-07T03:10:01.919+0000] {logging_mixin.py:151} INFO - Traveler in 23
[2023-10-07T03:10:01.920+0000] {logging_mixin.py:151} INFO - ['12309', 'Developer', 'Developerr@gmail.c', 'USA', 'N/A', '2023-10-07']
[2023-10-07T03:10:01.921+0000] {logging_mixin.py:151} INFO - csv file updated
[2023-10-07T03:10:01.922+0000] {logging_mixin.py:151} INFO - Traveler in 23
[2023-10-07T03:10:01.924+0000] {logging_mixin.py:151} INFO - ['12310', 'Developer', 'Developerrr@gmail.com', 'USA', 'N/A', '2023-10-07']
[2023-10-07T03:10:01.925+0000] {logging_mixin.py:151} INFO - csv file updated
[2023-10-07T03:10:01.926+0000] {logging_mixin.py:151} INFO - Traveler in 23
[2023-10-07T03:10:01.927+0000] {logging_mixin.py:151} INFO - ['12311', 'abc', 'abbbsdfdfd@gmail.com', 'USA', 'N/A', '2023-10-07']
[2023-10-07T03:10:01.928+0000] {logging_mixin.py:151} INFO - csv file updated
[2023-10-07T03:10:01.929+0000] {logging_mixin.py:151} INFO - Traveler in 23
[2023-10-07T03:10:01.931+0000] {logging_mixin.py:151} INFO - ['12312', 'abc', 'acx@gmail.com', 'USA', 'N/A', '2023-10-07']
[2023-10-07T03:10:01.932+0000] {logging_mixin.py:151} INFO - csv file updated
[2023-10-07T03:10:01.933+0000] {logging_mixin.py:151} INFO - Traveler in 23
[2023-10-07T03:10:01.935+0000] {logging_mixin.py:151} INFO - ['12313', 'abc', 'ab@ggmail.com', 'USA', 'N/A', '2023-10-07']
[2023-10-07T03:10:01.936+0000] {logging_mixin.py:151} INFO - csv file updated
[2023-10-07T03:10:01.937+0000] {logging_mixin.py:151} INFO - Traveler in 23
[2023-10-07T03:10:01.939+0000] {logging_mixin.py:151} INFO - ['12314', 'abc', 'ab@gmail.com', 'USA', 'N/A', '2023-10-07']
[2023-10-07T03:10:01.940+0000] {logging_mixin.py:151} INFO - csv file updated
[2023-10-07T03:10:02.300+0000] {logging_mixin.py:151} INFO - None
[2023-10-07T03:10:02.303+0000] {logging_mixin.py:151} INFO - Status Code: 200
[2023-10-07T03:10:02.305+0000] {logging_mixin.py:151} INFO - Total traveler: 9658
[2023-10-07T03:10:02.307+0000] {logging_mixin.py:151} INFO - Current page: 24 out of 966
[2023-10-07T03:10:02.309+0000] {logging_mixin.py:151} INFO - Traveler in 24
[2023-10-07T03:10:02.310+0000] {logging_mixin.py:151} INFO - ['12315', 'abc', 'aad6f76dsfndnfhfshaf673427423@gmail.com', 'USA', 'N/A', '2023-10-07']
[2023-10-07T03:10:02.312+0000] {logging_mixin.py:151} INFO - csv file updated
[2023-10-07T03:10:02.314+0000] {logging_mixin.py:151} INFO - Traveler in 24
[2023-10-07T03:10:02.316+0000] {logging_mixin.py:151} INFO - ['12316', 'ah', 'a7@gmail.com', 'USA', 'N/A', '2023-10-07']
[2023-10-07T03:10:02.318+0000] {logging_mixin.py:151} INFO - csv file updated
[2023-10-07T03:10:02.319+0000] {logging_mixin.py:151} INFO - Traveler in 24
[2023-10-07T03:10:02.321+0000] {logging_mixin.py:151} INFO - ['12317', 'Developer', 'abbbsdfdfd*@gmail.com', 'USA', 'N/A', '2023-10-07']
[2023-10-07T03:10:02.323+0000] {logging_mixin.py:151} INFO - csv file updated
[2023-10-07T03:10:02.325+0000] {logging_mixin.py:151} INFO - Traveler in 24
[2023-10-07T03:10:02.326+0000] {logging_mixin.py:151} INFO - ['12318', 'hey', 'abc71_@gmail.com', 'USA', 'N/A', '2023-10-07']
[2023-10-07T03:10:02.328+0000] {logging_mixin.py:151} INFO - csv file updated
[2023-10-07T03:10:02.330+0000] {logging_mixin.py:151} INFO - Traveler in 24
[2023-10-07T03:10:02.332+0000] {logging_mixin.py:151} INFO - ['12319', 'hi', 'abc02321343@gmail.com', 'USA', 'N/A', '2023-10-07']
[2023-10-07T03:10:02.334+0000] {logging_mixin.py:151} INFO - csv file updated
[2023-10-07T03:10:02.335+0000] {logging_mixin.py:151} INFO - Traveler in 24
[2023-10-07T03:10:02.337+0000] {logging_mixin.py:151} INFO - ['12320', 'AbdulJaffer', 'jaffer@gmail.com', 'USA', 'N/A', '2023-10-07']
[2023-10-07T03:10:02.338+0000] {logging_mixin.py:151} INFO - csv file updated
[2023-10-07T03:10:02.340+0000] {logging_mixin.py:151} INFO - Traveler in 24
[2023-10-07T03:10:02.342+0000] {logging_mixin.py:151} INFO - ['12321', 'AbdulJaffer', 'jaffer12@gmail.com', 'USA', 'N/A', '2023-10-07']
[2023-10-07T03:10:02.344+0000] {logging_mixin.py:151} INFO - csv file updated
[2023-10-07T03:10:02.345+0000] {logging_mixin.py:151} INFO - Traveler in 24
[2023-10-07T03:10:02.347+0000] {logging_mixin.py:151} INFO - ['12322', 'AzatTest0012021Dec02014802', 'azattest0012021Dec02014802@gmail.com', 'USA', '2021-12-02', '2023-10-07']
[2023-10-07T03:10:02.349+0000] {logging_mixin.py:151} INFO - csv file updated
[2023-10-07T03:10:02.350+0000] {logging_mixin.py:151} INFO - Traveler in 24
[2023-10-07T03:10:02.352+0000] {logging_mixin.py:151} INFO - ['12323', 'AzatTest0022021Dec02014803', 'azattest0022021Dec02014803@gmail.com', 'USA', '2021-12-02', '2023-10-07']
[2023-10-07T03:10:02.353+0000] {logging_mixin.py:151} INFO - csv file updated
[2023-10-07T03:10:02.355+0000] {logging_mixin.py:151} INFO - Traveler in 24
[2023-10-07T03:10:02.357+0000] {logging_mixin.py:151} INFO - ['12324', 'AzatTest0032021Dec02014804', 'azattest0032021Dec02014804@gmail.com', 'USA', '2021-12-02', '2023-10-07']
[2023-10-07T03:10:02.358+0000] {logging_mixin.py:151} INFO - csv file updated
[2023-10-07T03:10:02.682+0000] {logging_mixin.py:151} INFO - None
[2023-10-07T03:10:02.683+0000] {logging_mixin.py:151} INFO - Status Code: 200
[2023-10-07T03:10:02.685+0000] {logging_mixin.py:151} INFO - Total traveler: 9658
[2023-10-07T03:10:02.687+0000] {logging_mixin.py:151} INFO - Current page: 25 out of 966
[2023-10-07T03:10:02.688+0000] {logging_mixin.py:151} INFO - Traveler in 25
[2023-10-07T03:10:02.690+0000] {logging_mixin.py:151} INFO - ['12325', 'AzatTest0042021Dec02014805', 'azattest0042021Dec02014805@gmail.com', 'USA', '2021-12-02', '2023-10-07']
[2023-10-07T03:10:02.691+0000] {logging_mixin.py:151} INFO - csv file updated
[2023-10-07T03:10:02.692+0000] {logging_mixin.py:151} INFO - Traveler in 25
[2023-10-07T03:10:02.694+0000] {logging_mixin.py:151} INFO - ['12326', 'AzatTest0052021Dec02014806', 'azattest0052021Dec02014806@gmail.com', 'USA', '2021-12-02', '2023-10-07']
[2023-10-07T03:10:02.695+0000] {logging_mixin.py:151} INFO - csv file updated
[2023-10-07T03:10:02.696+0000] {logging_mixin.py:151} INFO - Traveler in 25
[2023-10-07T03:10:02.697+0000] {logging_mixin.py:151} INFO - ['12327', 'Kris the traveller5', 'jkhaumann3@gmail.com', 'DK', '2021-12-02', '2023-10-07']
[2023-10-07T03:10:02.699+0000] {logging_mixin.py:151} INFO - csv file updated
[2023-10-07T03:10:02.700+0000] {logging_mixin.py:151} INFO - Traveler in 25
[2023-10-07T03:10:02.701+0000] {logging_mixin.py:151} INFO - ['12328', 'tdaeda123', 'bg12328@gmail.com', 'UUU', '2021-12-02', '2023-10-07']
[2023-10-07T03:10:02.702+0000] {logging_mixin.py:151} INFO - csv file updated
[2023-10-07T03:10:02.703+0000] {logging_mixin.py:151} INFO - Traveler in 25
[2023-10-07T03:10:02.704+0000] {logging_mixin.py:151} INFO - ['12329', 'sundar kumar', 'sundar@gmail.com', 'USA', 'N/A', '2023-10-07']
[2023-10-07T03:10:02.705+0000] {logging_mixin.py:151} INFO - csv file updated
[2023-10-07T03:10:02.706+0000] {logging_mixin.py:151} INFO - Traveler in 25
[2023-10-07T03:10:02.707+0000] {logging_mixin.py:151} INFO - ['12330', 'sundarkumar', 'sundar123@gmail.com', 'USA', 'N/A', '2023-10-07']
[2023-10-07T03:10:02.709+0000] {logging_mixin.py:151} INFO - csv file updated
[2023-10-07T03:10:02.710+0000] {logging_mixin.py:151} INFO - Traveler in 25
[2023-10-07T03:10:02.712+0000] {logging_mixin.py:151} INFO - ['12331', 'Abdul Jaffer', 'jaffer2@gmail.com', 'USA', 'N/A', '2023-10-07']
[2023-10-07T03:10:02.713+0000] {logging_mixin.py:151} INFO - csv file updated
[2023-10-07T03:10:02.714+0000] {logging_mixin.py:151} INFO - Traveler in 25
[2023-10-07T03:10:02.715+0000] {logging_mixin.py:151} INFO - ['12332', 'Shan', 'shan@gmail.com', 'USA', 'N/A', '2023-10-07']
[2023-10-07T03:10:02.717+0000] {logging_mixin.py:151} INFO - csv file updated
[2023-10-07T03:10:02.718+0000] {logging_mixin.py:151} INFO - Traveler in 25
[2023-10-07T03:10:02.719+0000] {logging_mixin.py:151} INFO - ['12333', 'Santhosh', 'santhosh@gmail.com', 'USA', 'N/A', '2023-10-07']
[2023-10-07T03:10:02.720+0000] {logging_mixin.py:151} INFO - csv file updated
[2023-10-07T03:10:02.722+0000] {logging_mixin.py:151} INFO - Traveler in 25
[2023-10-07T03:10:02.723+0000] {logging_mixin.py:151} INFO - ['12334', 'Muthu', 'muthu@gmail.com', 'USA', 'N/A', '2023-10-07']
[2023-10-07T03:10:02.724+0000] {logging_mixin.py:151} INFO - csv file updated
[2023-10-07T03:10:03.026+0000] {logging_mixin.py:151} INFO - None
[2023-10-07T03:10:03.027+0000] {logging_mixin.py:151} INFO - Status Code: 200
[2023-10-07T03:10:03.029+0000] {logging_mixin.py:151} INFO - Total traveler: 9658
[2023-10-07T03:10:03.031+0000] {logging_mixin.py:151} INFO - Current page: 26 out of 966
[2023-10-07T03:10:03.032+0000] {logging_mixin.py:151} INFO - Traveler in 26
[2023-10-07T03:10:03.033+0000] {logging_mixin.py:151} INFO - ['12335', 'gibra', 'gibra@gmail.com', 'USA', 'N/A', '2023-10-07']
[2023-10-07T03:10:03.035+0000] {logging_mixin.py:151} INFO - csv file updated
[2023-10-07T03:10:03.037+0000] {logging_mixin.py:151} INFO - Traveler in 26
[2023-10-07T03:10:03.038+0000] {logging_mixin.py:151} INFO - ['12336', 'hips', 'jips@gmail.com', 'USA', 'N/A', '2023-10-07']
[2023-10-07T03:10:03.039+0000] {logging_mixin.py:151} INFO - csv file updated
[2023-10-07T03:10:03.041+0000] {logging_mixin.py:151} INFO - Traveler in 26
[2023-10-07T03:10:03.042+0000] {logging_mixin.py:151} INFO - ['12337', 'Anandakumar', 'aks@yopmail.com', 'USA', 'N/A', '2023-10-07']
[2023-10-07T03:10:03.044+0000] {logging_mixin.py:151} INFO - csv file updated
[2023-10-07T03:10:03.045+0000] {logging_mixin.py:151} INFO - Traveler in 26
[2023-10-07T03:10:03.046+0000] {logging_mixin.py:151} INFO - ['12338', 'sakthi', 'sakthi@gmail.com', 'USA', 'N/A', '2023-10-07']
[2023-10-07T03:10:03.048+0000] {logging_mixin.py:151} INFO - csv file updated
[2023-10-07T03:10:03.049+0000] {logging_mixin.py:151} INFO - Traveler in 26
[2023-10-07T03:10:03.051+0000] {logging_mixin.py:151} INFO - ['12339', 'Al', 'ak@gmail.com', 'USA', 'N/A', '2023-10-07']
[2023-10-07T03:10:03.053+0000] {logging_mixin.py:151} INFO - csv file updated
[2023-10-07T03:10:03.054+0000] {logging_mixin.py:151} INFO - Traveler in 26
[2023-10-07T03:10:03.056+0000] {logging_mixin.py:151} INFO - ['12340', 'Akmuthu', 'akmuthu@gmail.com', 'USA', 'N/A', '2023-10-07']
[2023-10-07T03:10:03.057+0000] {logging_mixin.py:151} INFO - csv file updated
[2023-10-07T03:10:03.059+0000] {logging_mixin.py:151} INFO - Traveler in 26
[2023-10-07T03:10:03.061+0000] {logging_mixin.py:151} INFO - ['12341', 'Kha Leo', 'khaleo@gmail.com', 'USA', 'N/A', '2023-10-07']
[2023-10-07T03:10:03.063+0000] {logging_mixin.py:151} INFO - csv file updated
[2023-10-07T03:10:03.064+0000] {logging_mixin.py:151} INFO - Traveler in 26
[2023-10-07T03:10:03.066+0000] {logging_mixin.py:151} INFO - ['12342', 'dsjkjdspakj', 'djhjlajn@gmail.com', 'USA', 'N/A', '2023-10-07']
[2023-10-07T03:10:03.067+0000] {logging_mixin.py:151} INFO - csv file updated
[2023-10-07T03:10:03.068+0000] {logging_mixin.py:151} INFO - Traveler in 26
[2023-10-07T03:10:03.070+0000] {logging_mixin.py:151} INFO - ['12343', 'Jlozande', 'jlozande02@gmail.com', 'USA', 'N/A', '2023-10-07']
[2023-10-07T03:10:03.071+0000] {logging_mixin.py:151} INFO - csv file updated
[2023-10-07T03:10:03.073+0000] {logging_mixin.py:151} INFO - Traveler in 26
[2023-10-07T03:10:03.074+0000] {logging_mixin.py:151} INFO - ['12344', 'abdulJaffer', 'jaffer123@gmail.com', 'USA', 'N/A', '2023-10-07']
[2023-10-07T03:10:03.076+0000] {logging_mixin.py:151} INFO - csv file updated
[2023-10-07T03:10:03.115+0000] {local_task_job_runner.py:294} WARNING - State of this instance has been externally set to failed. Terminating instance.
[2023-10-07T03:10:03.121+0000] {process_utils.py:131} INFO - Sending 15 to group 689. PIDs of all processes in the group: [689]
[2023-10-07T03:10:03.123+0000] {process_utils.py:86} INFO - Sending the signal 15 to group 689
[2023-10-07T03:10:03.125+0000] {taskinstance.py:1630} ERROR - Received SIGTERM. Terminating subprocesses.
[2023-10-07T03:10:03.137+0000] {xcom.py:661} ERROR - Object of type AirflowException is not JSON serializable. If you are using pickle instead of JSON for XCom, then you need to enable pickle support for XCom in your *** config or make sure to decorate your object with attr.
[2023-10-07T03:10:03.140+0000] {taskinstance.py:1935} ERROR - Task failed with exception
Traceback (most recent call last):
  File "/opt/airflow/dags/etl_sql_dag.py", line 80, in extract_to_csv
    result = request_session.get(url=api+f"?Page={page}",verify=False)
  File "/home/airflow/.local/lib/python3.8/site-packages/requests/sessions.py", line 602, in get
    return self.request("GET", url, **kwargs)
  File "/home/airflow/.local/lib/python3.8/site-packages/requests/sessions.py", line 589, in request
    resp = self.send(prep, **send_kwargs)
  File "/home/airflow/.local/lib/python3.8/site-packages/requests/sessions.py", line 703, in send
    r = adapter.send(request, **kwargs)
  File "/home/airflow/.local/lib/python3.8/site-packages/requests/adapters.py", line 486, in send
    resp = conn.urlopen(
  File "/home/airflow/.local/lib/python3.8/site-packages/urllib3/connectionpool.py", line 714, in urlopen
    httplib_response = self._make_request(
  File "/home/airflow/.local/lib/python3.8/site-packages/urllib3/connectionpool.py", line 466, in _make_request
    six.raise_from(e, None)
  File "<string>", line 3, in raise_from
  File "/home/airflow/.local/lib/python3.8/site-packages/urllib3/connectionpool.py", line 461, in _make_request
    httplib_response = conn.getresponse()
  File "/usr/local/lib/python3.8/http/client.py", line 1348, in getresponse
    response.begin()
  File "/usr/local/lib/python3.8/http/client.py", line 316, in begin
    version, status, reason = self._read_status()
  File "/usr/local/lib/python3.8/http/client.py", line 277, in _read_status
    line = str(self.fp.readline(_MAXLINE + 1), "iso-8859-1")
  File "/usr/local/lib/python3.8/socket.py", line 669, in readinto
    return self._sock.recv_into(b)
  File "/home/airflow/.local/lib/python3.8/site-packages/airflow/models/taskinstance.py", line 1632, in signal_handler
    raise AirflowException("Task received SIGTERM signal")
airflow.exceptions.AirflowException: Task received SIGTERM signal

During handling of the above exception, another exception occurred:

Traceback (most recent call last):
  File "/home/airflow/.local/lib/python3.8/site-packages/airflow/utils/json.py", line 91, in default
    return serialize(o)
  File "/home/airflow/.local/lib/python3.8/site-packages/airflow/serialization/serde.py", line 178, in serialize
    raise TypeError(f"cannot serialize object of type {cls}")
TypeError: cannot serialize object of type <class '***.exceptions.AirflowException'>

During handling of the above exception, another exception occurred:

Traceback (most recent call last):
  File "/home/airflow/.local/lib/python3.8/site-packages/airflow/operators/python.py", line 192, in execute
    return_value = self.execute_callable()
  File "/home/airflow/.local/lib/python3.8/site-packages/airflow/operators/python.py", line 209, in execute_callable
    return self.python_callable(*self.op_args, **self.op_kwargs)
  File "/opt/airflow/dags/etl_sql_dag.py", line 84, in extract_to_csv
    kwargs['ti'].xcom_push(key='extract_to_csv', value=e)
  File "/home/airflow/.local/lib/python3.8/site-packages/airflow/utils/session.py", line 77, in wrapper
    return func(*args, session=session, **kwargs)
  File "/home/airflow/.local/lib/python3.8/site-packages/airflow/models/taskinstance.py", line 2477, in xcom_push
    XCom.set(
  File "/home/airflow/.local/lib/python3.8/site-packages/airflow/utils/session.py", line 74, in wrapper
    return func(*args, **kwargs)
  File "/home/airflow/.local/lib/python3.8/site-packages/airflow/models/xcom.py", line 244, in set
    value = cls.serialize_value(
  File "/home/airflow/.local/lib/python3.8/site-packages/airflow/models/xcom.py", line 659, in serialize_value
    return json.dumps(value, cls=XComEncoder).encode("UTF-8")
  File "/usr/local/lib/python3.8/json/__init__.py", line 234, in dumps
    return cls(
  File "/home/airflow/.local/lib/python3.8/site-packages/airflow/utils/json.py", line 104, in encode
    return super().encode(o)
  File "/usr/local/lib/python3.8/json/encoder.py", line 199, in encode
    chunks = self.iterencode(o, _one_shot=True)
  File "/usr/local/lib/python3.8/json/encoder.py", line 257, in iterencode
    return _iterencode(o, 0)
  File "/home/airflow/.local/lib/python3.8/site-packages/airflow/utils/json.py", line 93, in default
    return super().default(o)
  File "/usr/local/lib/python3.8/json/encoder.py", line 179, in default
    raise TypeError(f'Object of type {o.__class__.__name__} '
TypeError: Object of type AirflowException is not JSON serializable
[2023-10-07T03:10:03.182+0000] {taskinstance.py:1398} INFO - Marking task as FAILED. dag_id=etl_sql_dag, task_id=extract_to_csv, execution_date=20231007T030945, start_date=20231007T030952, end_date=20231007T031003
[2023-10-07T03:10:03.204+0000] {standard_task_runner.py:104} ERROR - Failed to execute job 952 for task extract_to_csv (Object of type AirflowException is not JSON serializable; 689)
[2023-10-07T03:10:03.218+0000] {process_utils.py:79} INFO - Process psutil.Process(pid=689, status='terminated', exitcode=1, started='03:09:52') (689) terminated with exit code 1
