[2023-10-11T03:54:28.471+0000] {taskinstance.py:1157} INFO - Dependencies all met for dep_context=non-requeueable deps ti=<TaskInstance: etl_sql_dag.load_to_db manual__2023-10-11T03:43:01.107966+00:00 [queued]>
[2023-10-11T03:54:28.483+0000] {taskinstance.py:1157} INFO - Dependencies all met for dep_context=requeueable deps ti=<TaskInstance: etl_sql_dag.load_to_db manual__2023-10-11T03:43:01.107966+00:00 [queued]>
[2023-10-11T03:54:28.484+0000] {taskinstance.py:1359} INFO - Starting attempt 1 of 2
[2023-10-11T03:54:28.500+0000] {taskinstance.py:1380} INFO - Executing <Task(PythonOperator): load_to_db> on 2023-10-11 03:43:01.107966+00:00
[2023-10-11T03:54:28.508+0000] {standard_task_runner.py:57} INFO - Started process 305 to run task
[2023-10-11T03:54:28.512+0000] {standard_task_runner.py:84} INFO - Running: ['***', 'tasks', 'run', 'etl_sql_dag', 'load_to_db', 'manual__2023-10-11T03:43:01.107966+00:00', '--job-id', '995', '--raw', '--subdir', 'DAGS_FOLDER/etl_sql_dag.py', '--cfg-path', '/tmp/tmpbxmmc8i5']
[2023-10-11T03:54:28.517+0000] {standard_task_runner.py:85} INFO - Job 995: Subtask load_to_db
[2023-10-11T03:54:28.566+0000] {task_command.py:415} INFO - Running <TaskInstance: etl_sql_dag.load_to_db manual__2023-10-11T03:43:01.107966+00:00 [running]> on host 86d6a4594349
[2023-10-11T03:54:28.643+0000] {taskinstance.py:1660} INFO - Exporting env vars: AIRFLOW_CTX_DAG_OWNER='***' AIRFLOW_CTX_DAG_ID='etl_sql_dag' AIRFLOW_CTX_TASK_ID='load_to_db' AIRFLOW_CTX_EXECUTION_DATE='2023-10-11T03:43:01.107966+00:00' AIRFLOW_CTX_TRY_NUMBER='1' AIRFLOW_CTX_DAG_RUN_ID='manual__2023-10-11T03:43:01.107966+00:00'
[2023-10-11T03:54:28.744+0000] {logging_mixin.py:151} INFO - 19.3.0.0.0
[2023-10-11T03:54:28.797+0000] {logging_mixin.py:151} INFO - ID             int64
name          object
email         object
address       object
createdate    object
loaddate      object
dtype: object
[2023-10-11T03:54:28.819+0000] {logging_mixin.py:151} INFO -       ID          name  ... createdate    loaddate
0  11133     Developer  ...        nan  2023-10-11
1  11134            AS  ...        nan  2023-10-11
2  11135          vano  ...        nan  2023-10-11
3  11136  Developer123  ...        nan  2023-10-11
4  11137         Ashor  ...        nan  2023-10-11

[5 rows x 6 columns]
[2023-10-11T03:54:28.945+0000] {logging_mixin.py:151} INFO - loaded to database successful
[2023-10-11T03:54:28.966+0000] {python.py:194} INFO - Done. Returned value was: True
[2023-10-11T03:54:28.986+0000] {taskinstance.py:1398} INFO - Marking task as SUCCESS. dag_id=etl_sql_dag, task_id=load_to_db, execution_date=20231011T034301, start_date=20231011T035428, end_date=20231011T035428
[2023-10-11T03:54:29.007+0000] {local_task_job_runner.py:228} INFO - Task exited with return code 0
[2023-10-11T03:54:29.034+0000] {taskinstance.py:2776} INFO - 1 downstream tasks scheduled from follow-on schedule check
